[2024-03-14T10:55:53.853+0000] {processor.py:161} INFO - Started process (PID=35) to work on /home/airflow/.local/lib/python3.8/site-packages/airflow/example_dags/example_sensor_decorator.py
[2024-03-14T10:55:53.854+0000] {processor.py:830} INFO - Processing file /home/airflow/.local/lib/python3.8/site-packages/airflow/example_dags/example_sensor_decorator.py for tasks to queue
[2024-03-14T10:55:53.857+0000] {logging_mixin.py:188} INFO - [2024-03-14T10:55:53.856+0000] {dagbag.py:540} INFO - Filling up the DagBag from /home/airflow/.local/lib/python3.8/site-packages/airflow/example_dags/example_sensor_decorator.py
[2024-03-14T10:55:53.867+0000] {processor.py:840} INFO - DAG(s) 'example_sensor_decorator' retrieved from /home/airflow/.local/lib/python3.8/site-packages/airflow/example_dags/example_sensor_decorator.py
[2024-03-14T10:55:53.882+0000] {logging_mixin.py:188} INFO - [2024-03-14T10:55:53.882+0000] {dag.py:3047} INFO - Sync 1 DAGs
[2024-03-14T10:55:53.892+0000] {logging_mixin.py:188} INFO - [2024-03-14T10:55:53.892+0000] {dag.py:3834} INFO - Setting next_dagrun for example_sensor_decorator to None, run_after=None
[2024-03-14T10:55:53.901+0000] {processor.py:183} INFO - Processing /home/airflow/.local/lib/python3.8/site-packages/airflow/example_dags/example_sensor_decorator.py took 0.051 seconds
[2024-03-14T10:56:23.952+0000] {processor.py:161} INFO - Started process (PID=89) to work on /home/airflow/.local/lib/python3.8/site-packages/airflow/example_dags/example_sensor_decorator.py
[2024-03-14T10:56:23.953+0000] {processor.py:830} INFO - Processing file /home/airflow/.local/lib/python3.8/site-packages/airflow/example_dags/example_sensor_decorator.py for tasks to queue
[2024-03-14T10:56:23.955+0000] {logging_mixin.py:188} INFO - [2024-03-14T10:56:23.954+0000] {dagbag.py:540} INFO - Filling up the DagBag from /home/airflow/.local/lib/python3.8/site-packages/airflow/example_dags/example_sensor_decorator.py
[2024-03-14T10:56:23.959+0000] {processor.py:840} INFO - DAG(s) 'example_sensor_decorator' retrieved from /home/airflow/.local/lib/python3.8/site-packages/airflow/example_dags/example_sensor_decorator.py
[2024-03-14T10:56:24.039+0000] {logging_mixin.py:188} INFO - [2024-03-14T10:56:24.039+0000] {dag.py:3047} INFO - Sync 1 DAGs
[2024-03-14T10:56:24.043+0000] {logging_mixin.py:188} INFO - [2024-03-14T10:56:24.043+0000] {dag.py:3834} INFO - Setting next_dagrun for example_sensor_decorator to None, run_after=None
[2024-03-14T10:56:24.051+0000] {processor.py:183} INFO - Processing /home/airflow/.local/lib/python3.8/site-packages/airflow/example_dags/example_sensor_decorator.py took 0.102 seconds
[2024-03-14T10:56:54.087+0000] {processor.py:161} INFO - Started process (PID=144) to work on /home/airflow/.local/lib/python3.8/site-packages/airflow/example_dags/example_sensor_decorator.py
[2024-03-14T10:56:54.088+0000] {processor.py:830} INFO - Processing file /home/airflow/.local/lib/python3.8/site-packages/airflow/example_dags/example_sensor_decorator.py for tasks to queue
[2024-03-14T10:56:54.089+0000] {logging_mixin.py:188} INFO - [2024-03-14T10:56:54.089+0000] {dagbag.py:540} INFO - Filling up the DagBag from /home/airflow/.local/lib/python3.8/site-packages/airflow/example_dags/example_sensor_decorator.py
[2024-03-14T10:56:54.094+0000] {processor.py:840} INFO - DAG(s) 'example_sensor_decorator' retrieved from /home/airflow/.local/lib/python3.8/site-packages/airflow/example_dags/example_sensor_decorator.py
[2024-03-14T10:56:54.116+0000] {logging_mixin.py:188} INFO - [2024-03-14T10:56:54.115+0000] {dag.py:3047} INFO - Sync 1 DAGs
[2024-03-14T10:56:54.128+0000] {logging_mixin.py:188} INFO - [2024-03-14T10:56:54.128+0000] {dag.py:3834} INFO - Setting next_dagrun for example_sensor_decorator to None, run_after=None
[2024-03-14T10:56:54.146+0000] {processor.py:183} INFO - Processing /home/airflow/.local/lib/python3.8/site-packages/airflow/example_dags/example_sensor_decorator.py took 0.061 seconds
[2024-03-14T10:57:24.983+0000] {processor.py:161} INFO - Started process (PID=199) to work on /home/airflow/.local/lib/python3.8/site-packages/airflow/example_dags/example_sensor_decorator.py
[2024-03-14T10:57:24.984+0000] {processor.py:830} INFO - Processing file /home/airflow/.local/lib/python3.8/site-packages/airflow/example_dags/example_sensor_decorator.py for tasks to queue
[2024-03-14T10:57:24.987+0000] {logging_mixin.py:188} INFO - [2024-03-14T10:57:24.986+0000] {dagbag.py:540} INFO - Filling up the DagBag from /home/airflow/.local/lib/python3.8/site-packages/airflow/example_dags/example_sensor_decorator.py
[2024-03-14T10:57:24.993+0000] {processor.py:840} INFO - DAG(s) 'example_sensor_decorator' retrieved from /home/airflow/.local/lib/python3.8/site-packages/airflow/example_dags/example_sensor_decorator.py
[2024-03-14T10:57:25.005+0000] {logging_mixin.py:188} INFO - [2024-03-14T10:57:25.004+0000] {dag.py:3047} INFO - Sync 1 DAGs
[2024-03-14T10:57:25.011+0000] {logging_mixin.py:188} INFO - [2024-03-14T10:57:25.011+0000] {dag.py:3834} INFO - Setting next_dagrun for example_sensor_decorator to None, run_after=None
[2024-03-14T10:57:25.020+0000] {processor.py:183} INFO - Processing /home/airflow/.local/lib/python3.8/site-packages/airflow/example_dags/example_sensor_decorator.py took 0.039 seconds
[2024-03-14T10:57:55.403+0000] {processor.py:161} INFO - Started process (PID=254) to work on /home/airflow/.local/lib/python3.8/site-packages/airflow/example_dags/example_sensor_decorator.py
[2024-03-14T10:57:55.404+0000] {processor.py:830} INFO - Processing file /home/airflow/.local/lib/python3.8/site-packages/airflow/example_dags/example_sensor_decorator.py for tasks to queue
[2024-03-14T10:57:55.406+0000] {logging_mixin.py:188} INFO - [2024-03-14T10:57:55.406+0000] {dagbag.py:540} INFO - Filling up the DagBag from /home/airflow/.local/lib/python3.8/site-packages/airflow/example_dags/example_sensor_decorator.py
[2024-03-14T10:57:55.414+0000] {processor.py:840} INFO - DAG(s) 'example_sensor_decorator' retrieved from /home/airflow/.local/lib/python3.8/site-packages/airflow/example_dags/example_sensor_decorator.py
[2024-03-14T10:57:55.430+0000] {logging_mixin.py:188} INFO - [2024-03-14T10:57:55.430+0000] {dag.py:3047} INFO - Sync 1 DAGs
[2024-03-14T10:57:55.438+0000] {logging_mixin.py:188} INFO - [2024-03-14T10:57:55.438+0000] {dag.py:3834} INFO - Setting next_dagrun for example_sensor_decorator to None, run_after=None
[2024-03-14T10:57:55.447+0000] {processor.py:183} INFO - Processing /home/airflow/.local/lib/python3.8/site-packages/airflow/example_dags/example_sensor_decorator.py took 0.049 seconds
[2024-03-14T10:58:25.761+0000] {processor.py:161} INFO - Started process (PID=309) to work on /home/airflow/.local/lib/python3.8/site-packages/airflow/example_dags/example_sensor_decorator.py
[2024-03-14T10:58:25.762+0000] {processor.py:830} INFO - Processing file /home/airflow/.local/lib/python3.8/site-packages/airflow/example_dags/example_sensor_decorator.py for tasks to queue
[2024-03-14T10:58:25.763+0000] {logging_mixin.py:188} INFO - [2024-03-14T10:58:25.763+0000] {dagbag.py:540} INFO - Filling up the DagBag from /home/airflow/.local/lib/python3.8/site-packages/airflow/example_dags/example_sensor_decorator.py
[2024-03-14T10:58:25.768+0000] {processor.py:840} INFO - DAG(s) 'example_sensor_decorator' retrieved from /home/airflow/.local/lib/python3.8/site-packages/airflow/example_dags/example_sensor_decorator.py
[2024-03-14T10:58:25.780+0000] {logging_mixin.py:188} INFO - [2024-03-14T10:58:25.780+0000] {dag.py:3047} INFO - Sync 1 DAGs
[2024-03-14T10:58:25.787+0000] {logging_mixin.py:188} INFO - [2024-03-14T10:58:25.787+0000] {dag.py:3834} INFO - Setting next_dagrun for example_sensor_decorator to None, run_after=None
[2024-03-14T10:58:25.796+0000] {processor.py:183} INFO - Processing /home/airflow/.local/lib/python3.8/site-packages/airflow/example_dags/example_sensor_decorator.py took 0.039 seconds
[2024-03-14T10:58:56.073+0000] {processor.py:161} INFO - Started process (PID=364) to work on /home/airflow/.local/lib/python3.8/site-packages/airflow/example_dags/example_sensor_decorator.py
[2024-03-14T10:58:56.074+0000] {processor.py:830} INFO - Processing file /home/airflow/.local/lib/python3.8/site-packages/airflow/example_dags/example_sensor_decorator.py for tasks to queue
[2024-03-14T10:58:56.076+0000] {logging_mixin.py:188} INFO - [2024-03-14T10:58:56.075+0000] {dagbag.py:540} INFO - Filling up the DagBag from /home/airflow/.local/lib/python3.8/site-packages/airflow/example_dags/example_sensor_decorator.py
[2024-03-14T10:58:56.081+0000] {processor.py:840} INFO - DAG(s) 'example_sensor_decorator' retrieved from /home/airflow/.local/lib/python3.8/site-packages/airflow/example_dags/example_sensor_decorator.py
[2024-03-14T10:58:56.096+0000] {logging_mixin.py:188} INFO - [2024-03-14T10:58:56.096+0000] {dag.py:3047} INFO - Sync 1 DAGs
[2024-03-14T10:58:56.104+0000] {logging_mixin.py:188} INFO - [2024-03-14T10:58:56.103+0000] {dag.py:3834} INFO - Setting next_dagrun for example_sensor_decorator to None, run_after=None
[2024-03-14T10:58:56.113+0000] {processor.py:183} INFO - Processing /home/airflow/.local/lib/python3.8/site-packages/airflow/example_dags/example_sensor_decorator.py took 0.044 seconds
[2024-03-14T10:59:26.483+0000] {processor.py:161} INFO - Started process (PID=419) to work on /home/airflow/.local/lib/python3.8/site-packages/airflow/example_dags/example_sensor_decorator.py
[2024-03-14T10:59:26.484+0000] {processor.py:830} INFO - Processing file /home/airflow/.local/lib/python3.8/site-packages/airflow/example_dags/example_sensor_decorator.py for tasks to queue
[2024-03-14T10:59:26.486+0000] {logging_mixin.py:188} INFO - [2024-03-14T10:59:26.485+0000] {dagbag.py:540} INFO - Filling up the DagBag from /home/airflow/.local/lib/python3.8/site-packages/airflow/example_dags/example_sensor_decorator.py
[2024-03-14T10:59:26.492+0000] {processor.py:840} INFO - DAG(s) 'example_sensor_decorator' retrieved from /home/airflow/.local/lib/python3.8/site-packages/airflow/example_dags/example_sensor_decorator.py
[2024-03-14T10:59:26.504+0000] {logging_mixin.py:188} INFO - [2024-03-14T10:59:26.504+0000] {dag.py:3047} INFO - Sync 1 DAGs
[2024-03-14T10:59:26.511+0000] {logging_mixin.py:188} INFO - [2024-03-14T10:59:26.511+0000] {dag.py:3834} INFO - Setting next_dagrun for example_sensor_decorator to None, run_after=None
[2024-03-14T10:59:26.521+0000] {processor.py:183} INFO - Processing /home/airflow/.local/lib/python3.8/site-packages/airflow/example_dags/example_sensor_decorator.py took 0.041 seconds
[2024-03-14T10:59:56.848+0000] {processor.py:161} INFO - Started process (PID=474) to work on /home/airflow/.local/lib/python3.8/site-packages/airflow/example_dags/example_sensor_decorator.py
[2024-03-14T10:59:56.849+0000] {processor.py:830} INFO - Processing file /home/airflow/.local/lib/python3.8/site-packages/airflow/example_dags/example_sensor_decorator.py for tasks to queue
[2024-03-14T10:59:56.851+0000] {logging_mixin.py:188} INFO - [2024-03-14T10:59:56.851+0000] {dagbag.py:540} INFO - Filling up the DagBag from /home/airflow/.local/lib/python3.8/site-packages/airflow/example_dags/example_sensor_decorator.py
[2024-03-14T10:59:56.856+0000] {processor.py:840} INFO - DAG(s) 'example_sensor_decorator' retrieved from /home/airflow/.local/lib/python3.8/site-packages/airflow/example_dags/example_sensor_decorator.py
[2024-03-14T10:59:56.869+0000] {logging_mixin.py:188} INFO - [2024-03-14T10:59:56.869+0000] {dag.py:3047} INFO - Sync 1 DAGs
[2024-03-14T10:59:56.876+0000] {logging_mixin.py:188} INFO - [2024-03-14T10:59:56.876+0000] {dag.py:3834} INFO - Setting next_dagrun for example_sensor_decorator to None, run_after=None
[2024-03-14T10:59:56.887+0000] {processor.py:183} INFO - Processing /home/airflow/.local/lib/python3.8/site-packages/airflow/example_dags/example_sensor_decorator.py took 0.042 seconds
[2024-03-14T11:00:27.277+0000] {processor.py:161} INFO - Started process (PID=528) to work on /home/airflow/.local/lib/python3.8/site-packages/airflow/example_dags/example_sensor_decorator.py
[2024-03-14T11:00:27.278+0000] {processor.py:830} INFO - Processing file /home/airflow/.local/lib/python3.8/site-packages/airflow/example_dags/example_sensor_decorator.py for tasks to queue
[2024-03-14T11:00:27.280+0000] {logging_mixin.py:188} INFO - [2024-03-14T11:00:27.280+0000] {dagbag.py:540} INFO - Filling up the DagBag from /home/airflow/.local/lib/python3.8/site-packages/airflow/example_dags/example_sensor_decorator.py
[2024-03-14T11:00:27.286+0000] {processor.py:840} INFO - DAG(s) 'example_sensor_decorator' retrieved from /home/airflow/.local/lib/python3.8/site-packages/airflow/example_dags/example_sensor_decorator.py
[2024-03-14T11:00:27.300+0000] {logging_mixin.py:188} INFO - [2024-03-14T11:00:27.300+0000] {dag.py:3047} INFO - Sync 1 DAGs
[2024-03-14T11:00:27.308+0000] {logging_mixin.py:188} INFO - [2024-03-14T11:00:27.308+0000] {dag.py:3834} INFO - Setting next_dagrun for example_sensor_decorator to None, run_after=None
[2024-03-14T11:00:27.317+0000] {processor.py:183} INFO - Processing /home/airflow/.local/lib/python3.8/site-packages/airflow/example_dags/example_sensor_decorator.py took 0.044 seconds
[2024-03-14T11:00:57.701+0000] {processor.py:161} INFO - Started process (PID=583) to work on /home/airflow/.local/lib/python3.8/site-packages/airflow/example_dags/example_sensor_decorator.py
[2024-03-14T11:00:57.702+0000] {processor.py:830} INFO - Processing file /home/airflow/.local/lib/python3.8/site-packages/airflow/example_dags/example_sensor_decorator.py for tasks to queue
[2024-03-14T11:00:57.703+0000] {logging_mixin.py:188} INFO - [2024-03-14T11:00:57.703+0000] {dagbag.py:540} INFO - Filling up the DagBag from /home/airflow/.local/lib/python3.8/site-packages/airflow/example_dags/example_sensor_decorator.py
[2024-03-14T11:00:57.708+0000] {processor.py:840} INFO - DAG(s) 'example_sensor_decorator' retrieved from /home/airflow/.local/lib/python3.8/site-packages/airflow/example_dags/example_sensor_decorator.py
[2024-03-14T11:00:57.721+0000] {logging_mixin.py:188} INFO - [2024-03-14T11:00:57.721+0000] {dag.py:3047} INFO - Sync 1 DAGs
[2024-03-14T11:00:57.729+0000] {logging_mixin.py:188} INFO - [2024-03-14T11:00:57.729+0000] {dag.py:3834} INFO - Setting next_dagrun for example_sensor_decorator to None, run_after=None
[2024-03-14T11:00:57.738+0000] {processor.py:183} INFO - Processing /home/airflow/.local/lib/python3.8/site-packages/airflow/example_dags/example_sensor_decorator.py took 0.041 seconds
[2024-03-14T11:01:28.127+0000] {processor.py:161} INFO - Started process (PID=637) to work on /home/airflow/.local/lib/python3.8/site-packages/airflow/example_dags/example_sensor_decorator.py
[2024-03-14T11:01:28.128+0000] {processor.py:830} INFO - Processing file /home/airflow/.local/lib/python3.8/site-packages/airflow/example_dags/example_sensor_decorator.py for tasks to queue
[2024-03-14T11:01:28.129+0000] {logging_mixin.py:188} INFO - [2024-03-14T11:01:28.129+0000] {dagbag.py:540} INFO - Filling up the DagBag from /home/airflow/.local/lib/python3.8/site-packages/airflow/example_dags/example_sensor_decorator.py
[2024-03-14T11:01:28.132+0000] {processor.py:840} INFO - DAG(s) 'example_sensor_decorator' retrieved from /home/airflow/.local/lib/python3.8/site-packages/airflow/example_dags/example_sensor_decorator.py
[2024-03-14T11:01:28.143+0000] {logging_mixin.py:188} INFO - [2024-03-14T11:01:28.143+0000] {dag.py:3047} INFO - Sync 1 DAGs
[2024-03-14T11:01:28.149+0000] {logging_mixin.py:188} INFO - [2024-03-14T11:01:28.149+0000] {dag.py:3834} INFO - Setting next_dagrun for example_sensor_decorator to None, run_after=None
[2024-03-14T11:01:28.159+0000] {processor.py:183} INFO - Processing /home/airflow/.local/lib/python3.8/site-packages/airflow/example_dags/example_sensor_decorator.py took 0.033 seconds
[2024-03-14T11:01:58.663+0000] {processor.py:161} INFO - Started process (PID=692) to work on /home/airflow/.local/lib/python3.8/site-packages/airflow/example_dags/example_sensor_decorator.py
[2024-03-14T11:01:58.664+0000] {processor.py:830} INFO - Processing file /home/airflow/.local/lib/python3.8/site-packages/airflow/example_dags/example_sensor_decorator.py for tasks to queue
[2024-03-14T11:01:58.666+0000] {logging_mixin.py:188} INFO - [2024-03-14T11:01:58.665+0000] {dagbag.py:540} INFO - Filling up the DagBag from /home/airflow/.local/lib/python3.8/site-packages/airflow/example_dags/example_sensor_decorator.py
[2024-03-14T11:01:58.670+0000] {processor.py:840} INFO - DAG(s) 'example_sensor_decorator' retrieved from /home/airflow/.local/lib/python3.8/site-packages/airflow/example_dags/example_sensor_decorator.py
[2024-03-14T11:01:58.681+0000] {logging_mixin.py:188} INFO - [2024-03-14T11:01:58.681+0000] {dag.py:3047} INFO - Sync 1 DAGs
[2024-03-14T11:01:58.690+0000] {logging_mixin.py:188} INFO - [2024-03-14T11:01:58.690+0000] {dag.py:3834} INFO - Setting next_dagrun for example_sensor_decorator to None, run_after=None
[2024-03-14T11:01:58.704+0000] {processor.py:183} INFO - Processing /home/airflow/.local/lib/python3.8/site-packages/airflow/example_dags/example_sensor_decorator.py took 0.043 seconds
[2024-03-14T11:02:29.160+0000] {processor.py:161} INFO - Started process (PID=748) to work on /home/airflow/.local/lib/python3.8/site-packages/airflow/example_dags/example_sensor_decorator.py
[2024-03-14T11:02:29.161+0000] {processor.py:830} INFO - Processing file /home/airflow/.local/lib/python3.8/site-packages/airflow/example_dags/example_sensor_decorator.py for tasks to queue
[2024-03-14T11:02:29.163+0000] {logging_mixin.py:188} INFO - [2024-03-14T11:02:29.163+0000] {dagbag.py:540} INFO - Filling up the DagBag from /home/airflow/.local/lib/python3.8/site-packages/airflow/example_dags/example_sensor_decorator.py
[2024-03-14T11:02:29.168+0000] {processor.py:840} INFO - DAG(s) 'example_sensor_decorator' retrieved from /home/airflow/.local/lib/python3.8/site-packages/airflow/example_dags/example_sensor_decorator.py
[2024-03-14T11:02:29.183+0000] {logging_mixin.py:188} INFO - [2024-03-14T11:02:29.182+0000] {dag.py:3047} INFO - Sync 1 DAGs
[2024-03-14T11:02:29.190+0000] {logging_mixin.py:188} INFO - [2024-03-14T11:02:29.190+0000] {dag.py:3834} INFO - Setting next_dagrun for example_sensor_decorator to None, run_after=None
[2024-03-14T11:02:29.199+0000] {processor.py:183} INFO - Processing /home/airflow/.local/lib/python3.8/site-packages/airflow/example_dags/example_sensor_decorator.py took 0.042 seconds
[2024-03-14T11:02:59.767+0000] {processor.py:161} INFO - Started process (PID=803) to work on /home/airflow/.local/lib/python3.8/site-packages/airflow/example_dags/example_sensor_decorator.py
[2024-03-14T11:02:59.768+0000] {processor.py:830} INFO - Processing file /home/airflow/.local/lib/python3.8/site-packages/airflow/example_dags/example_sensor_decorator.py for tasks to queue
[2024-03-14T11:02:59.770+0000] {logging_mixin.py:188} INFO - [2024-03-14T11:02:59.770+0000] {dagbag.py:540} INFO - Filling up the DagBag from /home/airflow/.local/lib/python3.8/site-packages/airflow/example_dags/example_sensor_decorator.py
[2024-03-14T11:02:59.776+0000] {processor.py:840} INFO - DAG(s) 'example_sensor_decorator' retrieved from /home/airflow/.local/lib/python3.8/site-packages/airflow/example_dags/example_sensor_decorator.py
[2024-03-14T11:02:59.790+0000] {logging_mixin.py:188} INFO - [2024-03-14T11:02:59.790+0000] {dag.py:3047} INFO - Sync 1 DAGs
[2024-03-14T11:02:59.798+0000] {logging_mixin.py:188} INFO - [2024-03-14T11:02:59.798+0000] {dag.py:3834} INFO - Setting next_dagrun for example_sensor_decorator to None, run_after=None
[2024-03-14T11:02:59.809+0000] {processor.py:183} INFO - Processing /home/airflow/.local/lib/python3.8/site-packages/airflow/example_dags/example_sensor_decorator.py took 0.047 seconds
[2024-03-14T11:03:30.223+0000] {processor.py:161} INFO - Started process (PID=858) to work on /home/airflow/.local/lib/python3.8/site-packages/airflow/example_dags/example_sensor_decorator.py
[2024-03-14T11:03:30.225+0000] {processor.py:830} INFO - Processing file /home/airflow/.local/lib/python3.8/site-packages/airflow/example_dags/example_sensor_decorator.py for tasks to queue
[2024-03-14T11:03:30.227+0000] {logging_mixin.py:188} INFO - [2024-03-14T11:03:30.226+0000] {dagbag.py:540} INFO - Filling up the DagBag from /home/airflow/.local/lib/python3.8/site-packages/airflow/example_dags/example_sensor_decorator.py
[2024-03-14T11:03:30.233+0000] {processor.py:840} INFO - DAG(s) 'example_sensor_decorator' retrieved from /home/airflow/.local/lib/python3.8/site-packages/airflow/example_dags/example_sensor_decorator.py
[2024-03-14T11:03:30.246+0000] {logging_mixin.py:188} INFO - [2024-03-14T11:03:30.246+0000] {dag.py:3047} INFO - Sync 1 DAGs
[2024-03-14T11:03:30.253+0000] {logging_mixin.py:188} INFO - [2024-03-14T11:03:30.253+0000] {dag.py:3834} INFO - Setting next_dagrun for example_sensor_decorator to None, run_after=None
[2024-03-14T11:03:30.263+0000] {processor.py:183} INFO - Processing /home/airflow/.local/lib/python3.8/site-packages/airflow/example_dags/example_sensor_decorator.py took 0.044 seconds
[2024-03-14T11:04:00.608+0000] {processor.py:161} INFO - Started process (PID=913) to work on /home/airflow/.local/lib/python3.8/site-packages/airflow/example_dags/example_sensor_decorator.py
[2024-03-14T11:04:00.613+0000] {processor.py:830} INFO - Processing file /home/airflow/.local/lib/python3.8/site-packages/airflow/example_dags/example_sensor_decorator.py for tasks to queue
[2024-03-14T11:04:00.616+0000] {logging_mixin.py:188} INFO - [2024-03-14T11:04:00.615+0000] {dagbag.py:540} INFO - Filling up the DagBag from /home/airflow/.local/lib/python3.8/site-packages/airflow/example_dags/example_sensor_decorator.py
[2024-03-14T11:04:00.620+0000] {processor.py:840} INFO - DAG(s) 'example_sensor_decorator' retrieved from /home/airflow/.local/lib/python3.8/site-packages/airflow/example_dags/example_sensor_decorator.py
[2024-03-14T11:04:00.633+0000] {logging_mixin.py:188} INFO - [2024-03-14T11:04:00.633+0000] {dag.py:3047} INFO - Sync 1 DAGs
[2024-03-14T11:04:00.640+0000] {logging_mixin.py:188} INFO - [2024-03-14T11:04:00.640+0000] {dag.py:3834} INFO - Setting next_dagrun for example_sensor_decorator to None, run_after=None
[2024-03-14T11:04:00.652+0000] {processor.py:183} INFO - Processing /home/airflow/.local/lib/python3.8/site-packages/airflow/example_dags/example_sensor_decorator.py took 0.047 seconds
[2024-03-14T11:04:31.019+0000] {processor.py:161} INFO - Started process (PID=968) to work on /home/airflow/.local/lib/python3.8/site-packages/airflow/example_dags/example_sensor_decorator.py
[2024-03-14T11:04:31.021+0000] {processor.py:830} INFO - Processing file /home/airflow/.local/lib/python3.8/site-packages/airflow/example_dags/example_sensor_decorator.py for tasks to queue
[2024-03-14T11:04:31.023+0000] {logging_mixin.py:188} INFO - [2024-03-14T11:04:31.022+0000] {dagbag.py:540} INFO - Filling up the DagBag from /home/airflow/.local/lib/python3.8/site-packages/airflow/example_dags/example_sensor_decorator.py
[2024-03-14T11:04:31.029+0000] {processor.py:840} INFO - DAG(s) 'example_sensor_decorator' retrieved from /home/airflow/.local/lib/python3.8/site-packages/airflow/example_dags/example_sensor_decorator.py
[2024-03-14T11:04:31.042+0000] {logging_mixin.py:188} INFO - [2024-03-14T11:04:31.042+0000] {dag.py:3047} INFO - Sync 1 DAGs
[2024-03-14T11:04:31.049+0000] {logging_mixin.py:188} INFO - [2024-03-14T11:04:31.049+0000] {dag.py:3834} INFO - Setting next_dagrun for example_sensor_decorator to None, run_after=None
[2024-03-14T11:04:31.058+0000] {processor.py:183} INFO - Processing /home/airflow/.local/lib/python3.8/site-packages/airflow/example_dags/example_sensor_decorator.py took 0.043 seconds
[2024-03-14T11:05:01.449+0000] {processor.py:161} INFO - Started process (PID=1023) to work on /home/airflow/.local/lib/python3.8/site-packages/airflow/example_dags/example_sensor_decorator.py
[2024-03-14T11:05:01.450+0000] {processor.py:830} INFO - Processing file /home/airflow/.local/lib/python3.8/site-packages/airflow/example_dags/example_sensor_decorator.py for tasks to queue
[2024-03-14T11:05:01.452+0000] {logging_mixin.py:188} INFO - [2024-03-14T11:05:01.452+0000] {dagbag.py:540} INFO - Filling up the DagBag from /home/airflow/.local/lib/python3.8/site-packages/airflow/example_dags/example_sensor_decorator.py
[2024-03-14T11:05:01.458+0000] {processor.py:840} INFO - DAG(s) 'example_sensor_decorator' retrieved from /home/airflow/.local/lib/python3.8/site-packages/airflow/example_dags/example_sensor_decorator.py
[2024-03-14T11:05:01.471+0000] {logging_mixin.py:188} INFO - [2024-03-14T11:05:01.471+0000] {dag.py:3047} INFO - Sync 1 DAGs
[2024-03-14T11:05:01.478+0000] {logging_mixin.py:188} INFO - [2024-03-14T11:05:01.478+0000] {dag.py:3834} INFO - Setting next_dagrun for example_sensor_decorator to None, run_after=None
[2024-03-14T11:05:01.488+0000] {processor.py:183} INFO - Processing /home/airflow/.local/lib/python3.8/site-packages/airflow/example_dags/example_sensor_decorator.py took 0.043 seconds
[2024-03-14T11:05:31.909+0000] {processor.py:161} INFO - Started process (PID=1078) to work on /home/airflow/.local/lib/python3.8/site-packages/airflow/example_dags/example_sensor_decorator.py
[2024-03-14T11:05:31.910+0000] {processor.py:830} INFO - Processing file /home/airflow/.local/lib/python3.8/site-packages/airflow/example_dags/example_sensor_decorator.py for tasks to queue
[2024-03-14T11:05:31.912+0000] {logging_mixin.py:188} INFO - [2024-03-14T11:05:31.912+0000] {dagbag.py:540} INFO - Filling up the DagBag from /home/airflow/.local/lib/python3.8/site-packages/airflow/example_dags/example_sensor_decorator.py
[2024-03-14T11:05:31.918+0000] {processor.py:840} INFO - DAG(s) 'example_sensor_decorator' retrieved from /home/airflow/.local/lib/python3.8/site-packages/airflow/example_dags/example_sensor_decorator.py
[2024-03-14T11:05:31.934+0000] {logging_mixin.py:188} INFO - [2024-03-14T11:05:31.933+0000] {dag.py:3047} INFO - Sync 1 DAGs
[2024-03-14T11:05:31.941+0000] {logging_mixin.py:188} INFO - [2024-03-14T11:05:31.941+0000] {dag.py:3834} INFO - Setting next_dagrun for example_sensor_decorator to None, run_after=None
[2024-03-14T11:05:31.949+0000] {processor.py:183} INFO - Processing /home/airflow/.local/lib/python3.8/site-packages/airflow/example_dags/example_sensor_decorator.py took 0.044 seconds
[2024-03-14T11:06:02.370+0000] {processor.py:161} INFO - Started process (PID=1133) to work on /home/airflow/.local/lib/python3.8/site-packages/airflow/example_dags/example_sensor_decorator.py
[2024-03-14T11:06:02.371+0000] {processor.py:830} INFO - Processing file /home/airflow/.local/lib/python3.8/site-packages/airflow/example_dags/example_sensor_decorator.py for tasks to queue
[2024-03-14T11:06:02.374+0000] {logging_mixin.py:188} INFO - [2024-03-14T11:06:02.374+0000] {dagbag.py:540} INFO - Filling up the DagBag from /home/airflow/.local/lib/python3.8/site-packages/airflow/example_dags/example_sensor_decorator.py
[2024-03-14T11:06:02.379+0000] {processor.py:840} INFO - DAG(s) 'example_sensor_decorator' retrieved from /home/airflow/.local/lib/python3.8/site-packages/airflow/example_dags/example_sensor_decorator.py
[2024-03-14T11:06:02.393+0000] {logging_mixin.py:188} INFO - [2024-03-14T11:06:02.393+0000] {dag.py:3047} INFO - Sync 1 DAGs
[2024-03-14T11:06:02.400+0000] {logging_mixin.py:188} INFO - [2024-03-14T11:06:02.400+0000] {dag.py:3834} INFO - Setting next_dagrun for example_sensor_decorator to None, run_after=None
[2024-03-14T11:06:02.410+0000] {processor.py:183} INFO - Processing /home/airflow/.local/lib/python3.8/site-packages/airflow/example_dags/example_sensor_decorator.py took 0.044 seconds
[2024-03-14T11:06:32.800+0000] {processor.py:161} INFO - Started process (PID=1188) to work on /home/airflow/.local/lib/python3.8/site-packages/airflow/example_dags/example_sensor_decorator.py
[2024-03-14T11:06:32.803+0000] {processor.py:830} INFO - Processing file /home/airflow/.local/lib/python3.8/site-packages/airflow/example_dags/example_sensor_decorator.py for tasks to queue
[2024-03-14T11:06:32.804+0000] {logging_mixin.py:188} INFO - [2024-03-14T11:06:32.804+0000] {dagbag.py:540} INFO - Filling up the DagBag from /home/airflow/.local/lib/python3.8/site-packages/airflow/example_dags/example_sensor_decorator.py
[2024-03-14T11:06:32.809+0000] {processor.py:840} INFO - DAG(s) 'example_sensor_decorator' retrieved from /home/airflow/.local/lib/python3.8/site-packages/airflow/example_dags/example_sensor_decorator.py
[2024-03-14T11:06:32.822+0000] {logging_mixin.py:188} INFO - [2024-03-14T11:06:32.821+0000] {dag.py:3047} INFO - Sync 1 DAGs
[2024-03-14T11:06:32.831+0000] {logging_mixin.py:188} INFO - [2024-03-14T11:06:32.831+0000] {dag.py:3834} INFO - Setting next_dagrun for example_sensor_decorator to None, run_after=None
[2024-03-14T11:06:32.840+0000] {processor.py:183} INFO - Processing /home/airflow/.local/lib/python3.8/site-packages/airflow/example_dags/example_sensor_decorator.py took 0.044 seconds
[2024-03-14T11:07:03.208+0000] {processor.py:161} INFO - Started process (PID=1242) to work on /home/airflow/.local/lib/python3.8/site-packages/airflow/example_dags/example_sensor_decorator.py
[2024-03-14T11:07:03.209+0000] {processor.py:830} INFO - Processing file /home/airflow/.local/lib/python3.8/site-packages/airflow/example_dags/example_sensor_decorator.py for tasks to queue
[2024-03-14T11:07:03.211+0000] {logging_mixin.py:188} INFO - [2024-03-14T11:07:03.211+0000] {dagbag.py:540} INFO - Filling up the DagBag from /home/airflow/.local/lib/python3.8/site-packages/airflow/example_dags/example_sensor_decorator.py
[2024-03-14T11:07:03.217+0000] {processor.py:840} INFO - DAG(s) 'example_sensor_decorator' retrieved from /home/airflow/.local/lib/python3.8/site-packages/airflow/example_dags/example_sensor_decorator.py
[2024-03-14T11:07:03.231+0000] {logging_mixin.py:188} INFO - [2024-03-14T11:07:03.231+0000] {dag.py:3047} INFO - Sync 1 DAGs
[2024-03-14T11:07:03.239+0000] {logging_mixin.py:188} INFO - [2024-03-14T11:07:03.238+0000] {dag.py:3834} INFO - Setting next_dagrun for example_sensor_decorator to None, run_after=None
[2024-03-14T11:07:03.248+0000] {processor.py:183} INFO - Processing /home/airflow/.local/lib/python3.8/site-packages/airflow/example_dags/example_sensor_decorator.py took 0.044 seconds
[2024-03-14T11:07:33.650+0000] {processor.py:161} INFO - Started process (PID=1297) to work on /home/airflow/.local/lib/python3.8/site-packages/airflow/example_dags/example_sensor_decorator.py
[2024-03-14T11:07:33.654+0000] {processor.py:830} INFO - Processing file /home/airflow/.local/lib/python3.8/site-packages/airflow/example_dags/example_sensor_decorator.py for tasks to queue
[2024-03-14T11:07:33.656+0000] {logging_mixin.py:188} INFO - [2024-03-14T11:07:33.655+0000] {dagbag.py:540} INFO - Filling up the DagBag from /home/airflow/.local/lib/python3.8/site-packages/airflow/example_dags/example_sensor_decorator.py
[2024-03-14T11:07:33.660+0000] {processor.py:840} INFO - DAG(s) 'example_sensor_decorator' retrieved from /home/airflow/.local/lib/python3.8/site-packages/airflow/example_dags/example_sensor_decorator.py
[2024-03-14T11:07:33.673+0000] {logging_mixin.py:188} INFO - [2024-03-14T11:07:33.673+0000] {dag.py:3047} INFO - Sync 1 DAGs
[2024-03-14T11:07:33.682+0000] {logging_mixin.py:188} INFO - [2024-03-14T11:07:33.682+0000] {dag.py:3834} INFO - Setting next_dagrun for example_sensor_decorator to None, run_after=None
[2024-03-14T11:07:33.691+0000] {processor.py:183} INFO - Processing /home/airflow/.local/lib/python3.8/site-packages/airflow/example_dags/example_sensor_decorator.py took 0.045 seconds
[2024-03-14T11:08:04.039+0000] {processor.py:161} INFO - Started process (PID=1352) to work on /home/airflow/.local/lib/python3.8/site-packages/airflow/example_dags/example_sensor_decorator.py
[2024-03-14T11:08:04.040+0000] {processor.py:830} INFO - Processing file /home/airflow/.local/lib/python3.8/site-packages/airflow/example_dags/example_sensor_decorator.py for tasks to queue
[2024-03-14T11:08:04.041+0000] {logging_mixin.py:188} INFO - [2024-03-14T11:08:04.041+0000] {dagbag.py:540} INFO - Filling up the DagBag from /home/airflow/.local/lib/python3.8/site-packages/airflow/example_dags/example_sensor_decorator.py
[2024-03-14T11:08:04.045+0000] {processor.py:840} INFO - DAG(s) 'example_sensor_decorator' retrieved from /home/airflow/.local/lib/python3.8/site-packages/airflow/example_dags/example_sensor_decorator.py
[2024-03-14T11:08:04.056+0000] {logging_mixin.py:188} INFO - [2024-03-14T11:08:04.055+0000] {dag.py:3047} INFO - Sync 1 DAGs
[2024-03-14T11:08:04.061+0000] {logging_mixin.py:188} INFO - [2024-03-14T11:08:04.061+0000] {dag.py:3834} INFO - Setting next_dagrun for example_sensor_decorator to None, run_after=None
[2024-03-14T11:08:04.068+0000] {processor.py:183} INFO - Processing /home/airflow/.local/lib/python3.8/site-packages/airflow/example_dags/example_sensor_decorator.py took 0.032 seconds
[2024-03-14T11:08:34.323+0000] {processor.py:161} INFO - Started process (PID=1407) to work on /home/airflow/.local/lib/python3.8/site-packages/airflow/example_dags/example_sensor_decorator.py
[2024-03-14T11:08:34.324+0000] {processor.py:830} INFO - Processing file /home/airflow/.local/lib/python3.8/site-packages/airflow/example_dags/example_sensor_decorator.py for tasks to queue
[2024-03-14T11:08:34.325+0000] {logging_mixin.py:188} INFO - [2024-03-14T11:08:34.325+0000] {dagbag.py:540} INFO - Filling up the DagBag from /home/airflow/.local/lib/python3.8/site-packages/airflow/example_dags/example_sensor_decorator.py
[2024-03-14T11:08:34.329+0000] {processor.py:840} INFO - DAG(s) 'example_sensor_decorator' retrieved from /home/airflow/.local/lib/python3.8/site-packages/airflow/example_dags/example_sensor_decorator.py
[2024-03-14T11:08:34.342+0000] {logging_mixin.py:188} INFO - [2024-03-14T11:08:34.341+0000] {dag.py:3047} INFO - Sync 1 DAGs
[2024-03-14T11:08:34.348+0000] {logging_mixin.py:188} INFO - [2024-03-14T11:08:34.348+0000] {dag.py:3834} INFO - Setting next_dagrun for example_sensor_decorator to None, run_after=None
[2024-03-14T11:08:34.356+0000] {processor.py:183} INFO - Processing /home/airflow/.local/lib/python3.8/site-packages/airflow/example_dags/example_sensor_decorator.py took 0.036 seconds
[2024-03-14T11:09:04.659+0000] {processor.py:161} INFO - Started process (PID=1462) to work on /home/airflow/.local/lib/python3.8/site-packages/airflow/example_dags/example_sensor_decorator.py
[2024-03-14T11:09:04.660+0000] {processor.py:830} INFO - Processing file /home/airflow/.local/lib/python3.8/site-packages/airflow/example_dags/example_sensor_decorator.py for tasks to queue
[2024-03-14T11:09:04.662+0000] {logging_mixin.py:188} INFO - [2024-03-14T11:09:04.662+0000] {dagbag.py:540} INFO - Filling up the DagBag from /home/airflow/.local/lib/python3.8/site-packages/airflow/example_dags/example_sensor_decorator.py
[2024-03-14T11:09:04.668+0000] {processor.py:840} INFO - DAG(s) 'example_sensor_decorator' retrieved from /home/airflow/.local/lib/python3.8/site-packages/airflow/example_dags/example_sensor_decorator.py
[2024-03-14T11:09:04.682+0000] {logging_mixin.py:188} INFO - [2024-03-14T11:09:04.682+0000] {dag.py:3047} INFO - Sync 1 DAGs
[2024-03-14T11:09:04.689+0000] {logging_mixin.py:188} INFO - [2024-03-14T11:09:04.689+0000] {dag.py:3834} INFO - Setting next_dagrun for example_sensor_decorator to None, run_after=None
[2024-03-14T11:09:04.699+0000] {processor.py:183} INFO - Processing /home/airflow/.local/lib/python3.8/site-packages/airflow/example_dags/example_sensor_decorator.py took 0.045 seconds
[2024-03-14T11:09:35.055+0000] {processor.py:161} INFO - Started process (PID=1517) to work on /home/airflow/.local/lib/python3.8/site-packages/airflow/example_dags/example_sensor_decorator.py
[2024-03-14T11:09:35.056+0000] {processor.py:830} INFO - Processing file /home/airflow/.local/lib/python3.8/site-packages/airflow/example_dags/example_sensor_decorator.py for tasks to queue
[2024-03-14T11:09:35.058+0000] {logging_mixin.py:188} INFO - [2024-03-14T11:09:35.057+0000] {dagbag.py:540} INFO - Filling up the DagBag from /home/airflow/.local/lib/python3.8/site-packages/airflow/example_dags/example_sensor_decorator.py
[2024-03-14T11:09:35.063+0000] {processor.py:840} INFO - DAG(s) 'example_sensor_decorator' retrieved from /home/airflow/.local/lib/python3.8/site-packages/airflow/example_dags/example_sensor_decorator.py
[2024-03-14T11:09:35.078+0000] {logging_mixin.py:188} INFO - [2024-03-14T11:09:35.077+0000] {dag.py:3047} INFO - Sync 1 DAGs
[2024-03-14T11:09:35.085+0000] {logging_mixin.py:188} INFO - [2024-03-14T11:09:35.085+0000] {dag.py:3834} INFO - Setting next_dagrun for example_sensor_decorator to None, run_after=None
[2024-03-14T11:09:35.094+0000] {processor.py:183} INFO - Processing /home/airflow/.local/lib/python3.8/site-packages/airflow/example_dags/example_sensor_decorator.py took 0.043 seconds
[2024-03-14T11:10:05.379+0000] {processor.py:161} INFO - Started process (PID=1571) to work on /home/airflow/.local/lib/python3.8/site-packages/airflow/example_dags/example_sensor_decorator.py
[2024-03-14T11:10:05.380+0000] {processor.py:830} INFO - Processing file /home/airflow/.local/lib/python3.8/site-packages/airflow/example_dags/example_sensor_decorator.py for tasks to queue
[2024-03-14T11:10:05.382+0000] {logging_mixin.py:188} INFO - [2024-03-14T11:10:05.382+0000] {dagbag.py:540} INFO - Filling up the DagBag from /home/airflow/.local/lib/python3.8/site-packages/airflow/example_dags/example_sensor_decorator.py
[2024-03-14T11:10:05.387+0000] {processor.py:840} INFO - DAG(s) 'example_sensor_decorator' retrieved from /home/airflow/.local/lib/python3.8/site-packages/airflow/example_dags/example_sensor_decorator.py
[2024-03-14T11:10:05.402+0000] {logging_mixin.py:188} INFO - [2024-03-14T11:10:05.402+0000] {dag.py:3047} INFO - Sync 1 DAGs
[2024-03-14T11:10:05.410+0000] {logging_mixin.py:188} INFO - [2024-03-14T11:10:05.409+0000] {dag.py:3834} INFO - Setting next_dagrun for example_sensor_decorator to None, run_after=None
[2024-03-14T11:10:05.420+0000] {processor.py:183} INFO - Processing /home/airflow/.local/lib/python3.8/site-packages/airflow/example_dags/example_sensor_decorator.py took 0.045 seconds
[2024-03-14T11:10:35.798+0000] {processor.py:161} INFO - Started process (PID=1626) to work on /home/airflow/.local/lib/python3.8/site-packages/airflow/example_dags/example_sensor_decorator.py
[2024-03-14T11:10:35.801+0000] {processor.py:830} INFO - Processing file /home/airflow/.local/lib/python3.8/site-packages/airflow/example_dags/example_sensor_decorator.py for tasks to queue
[2024-03-14T11:10:35.803+0000] {logging_mixin.py:188} INFO - [2024-03-14T11:10:35.803+0000] {dagbag.py:540} INFO - Filling up the DagBag from /home/airflow/.local/lib/python3.8/site-packages/airflow/example_dags/example_sensor_decorator.py
[2024-03-14T11:10:35.811+0000] {processor.py:840} INFO - DAG(s) 'example_sensor_decorator' retrieved from /home/airflow/.local/lib/python3.8/site-packages/airflow/example_dags/example_sensor_decorator.py
[2024-03-14T11:10:35.824+0000] {logging_mixin.py:188} INFO - [2024-03-14T11:10:35.824+0000] {dag.py:3047} INFO - Sync 1 DAGs
[2024-03-14T11:10:35.831+0000] {logging_mixin.py:188} INFO - [2024-03-14T11:10:35.831+0000] {dag.py:3834} INFO - Setting next_dagrun for example_sensor_decorator to None, run_after=None
[2024-03-14T11:10:35.842+0000] {processor.py:183} INFO - Processing /home/airflow/.local/lib/python3.8/site-packages/airflow/example_dags/example_sensor_decorator.py took 0.048 seconds
[2024-03-14T11:11:06.227+0000] {processor.py:161} INFO - Started process (PID=1681) to work on /home/airflow/.local/lib/python3.8/site-packages/airflow/example_dags/example_sensor_decorator.py
[2024-03-14T11:11:06.228+0000] {processor.py:830} INFO - Processing file /home/airflow/.local/lib/python3.8/site-packages/airflow/example_dags/example_sensor_decorator.py for tasks to queue
[2024-03-14T11:11:06.230+0000] {logging_mixin.py:188} INFO - [2024-03-14T11:11:06.230+0000] {dagbag.py:540} INFO - Filling up the DagBag from /home/airflow/.local/lib/python3.8/site-packages/airflow/example_dags/example_sensor_decorator.py
[2024-03-14T11:11:06.235+0000] {processor.py:840} INFO - DAG(s) 'example_sensor_decorator' retrieved from /home/airflow/.local/lib/python3.8/site-packages/airflow/example_dags/example_sensor_decorator.py
[2024-03-14T11:11:06.249+0000] {logging_mixin.py:188} INFO - [2024-03-14T11:11:06.249+0000] {dag.py:3047} INFO - Sync 1 DAGs
[2024-03-14T11:11:06.257+0000] {logging_mixin.py:188} INFO - [2024-03-14T11:11:06.256+0000] {dag.py:3834} INFO - Setting next_dagrun for example_sensor_decorator to None, run_after=None
[2024-03-14T11:11:06.266+0000] {processor.py:183} INFO - Processing /home/airflow/.local/lib/python3.8/site-packages/airflow/example_dags/example_sensor_decorator.py took 0.043 seconds
[2024-03-14T11:11:36.641+0000] {processor.py:161} INFO - Started process (PID=1735) to work on /home/airflow/.local/lib/python3.8/site-packages/airflow/example_dags/example_sensor_decorator.py
[2024-03-14T11:11:36.643+0000] {processor.py:830} INFO - Processing file /home/airflow/.local/lib/python3.8/site-packages/airflow/example_dags/example_sensor_decorator.py for tasks to queue
[2024-03-14T11:11:36.644+0000] {logging_mixin.py:188} INFO - [2024-03-14T11:11:36.644+0000] {dagbag.py:540} INFO - Filling up the DagBag from /home/airflow/.local/lib/python3.8/site-packages/airflow/example_dags/example_sensor_decorator.py
[2024-03-14T11:11:36.651+0000] {processor.py:840} INFO - DAG(s) 'example_sensor_decorator' retrieved from /home/airflow/.local/lib/python3.8/site-packages/airflow/example_dags/example_sensor_decorator.py
[2024-03-14T11:11:36.667+0000] {logging_mixin.py:188} INFO - [2024-03-14T11:11:36.667+0000] {dag.py:3047} INFO - Sync 1 DAGs
[2024-03-14T11:11:36.676+0000] {logging_mixin.py:188} INFO - [2024-03-14T11:11:36.675+0000] {dag.py:3834} INFO - Setting next_dagrun for example_sensor_decorator to None, run_after=None
[2024-03-14T11:11:36.685+0000] {processor.py:183} INFO - Processing /home/airflow/.local/lib/python3.8/site-packages/airflow/example_dags/example_sensor_decorator.py took 0.048 seconds
[2024-03-14T11:12:07.086+0000] {processor.py:161} INFO - Started process (PID=1790) to work on /home/airflow/.local/lib/python3.8/site-packages/airflow/example_dags/example_sensor_decorator.py
[2024-03-14T11:12:07.088+0000] {processor.py:830} INFO - Processing file /home/airflow/.local/lib/python3.8/site-packages/airflow/example_dags/example_sensor_decorator.py for tasks to queue
[2024-03-14T11:12:07.089+0000] {logging_mixin.py:188} INFO - [2024-03-14T11:12:07.089+0000] {dagbag.py:540} INFO - Filling up the DagBag from /home/airflow/.local/lib/python3.8/site-packages/airflow/example_dags/example_sensor_decorator.py
[2024-03-14T11:12:07.095+0000] {processor.py:840} INFO - DAG(s) 'example_sensor_decorator' retrieved from /home/airflow/.local/lib/python3.8/site-packages/airflow/example_dags/example_sensor_decorator.py
[2024-03-14T11:12:07.109+0000] {logging_mixin.py:188} INFO - [2024-03-14T11:12:07.109+0000] {dag.py:3047} INFO - Sync 1 DAGs
[2024-03-14T11:12:07.116+0000] {logging_mixin.py:188} INFO - [2024-03-14T11:12:07.116+0000] {dag.py:3834} INFO - Setting next_dagrun for example_sensor_decorator to None, run_after=None
[2024-03-14T11:12:07.126+0000] {processor.py:183} INFO - Processing /home/airflow/.local/lib/python3.8/site-packages/airflow/example_dags/example_sensor_decorator.py took 0.043 seconds
[2024-03-14T11:12:37.560+0000] {processor.py:161} INFO - Started process (PID=1845) to work on /home/airflow/.local/lib/python3.8/site-packages/airflow/example_dags/example_sensor_decorator.py
[2024-03-14T11:12:37.561+0000] {processor.py:830} INFO - Processing file /home/airflow/.local/lib/python3.8/site-packages/airflow/example_dags/example_sensor_decorator.py for tasks to queue
[2024-03-14T11:12:37.563+0000] {logging_mixin.py:188} INFO - [2024-03-14T11:12:37.563+0000] {dagbag.py:540} INFO - Filling up the DagBag from /home/airflow/.local/lib/python3.8/site-packages/airflow/example_dags/example_sensor_decorator.py
[2024-03-14T11:12:37.569+0000] {processor.py:840} INFO - DAG(s) 'example_sensor_decorator' retrieved from /home/airflow/.local/lib/python3.8/site-packages/airflow/example_dags/example_sensor_decorator.py
[2024-03-14T11:12:37.583+0000] {logging_mixin.py:188} INFO - [2024-03-14T11:12:37.583+0000] {dag.py:3047} INFO - Sync 1 DAGs
[2024-03-14T11:12:37.590+0000] {logging_mixin.py:188} INFO - [2024-03-14T11:12:37.590+0000] {dag.py:3834} INFO - Setting next_dagrun for example_sensor_decorator to None, run_after=None
[2024-03-14T11:12:37.600+0000] {processor.py:183} INFO - Processing /home/airflow/.local/lib/python3.8/site-packages/airflow/example_dags/example_sensor_decorator.py took 0.044 seconds
[2024-03-14T11:13:07.924+0000] {processor.py:161} INFO - Started process (PID=1899) to work on /home/airflow/.local/lib/python3.8/site-packages/airflow/example_dags/example_sensor_decorator.py
[2024-03-14T11:13:07.926+0000] {processor.py:830} INFO - Processing file /home/airflow/.local/lib/python3.8/site-packages/airflow/example_dags/example_sensor_decorator.py for tasks to queue
[2024-03-14T11:13:07.927+0000] {logging_mixin.py:188} INFO - [2024-03-14T11:13:07.927+0000] {dagbag.py:540} INFO - Filling up the DagBag from /home/airflow/.local/lib/python3.8/site-packages/airflow/example_dags/example_sensor_decorator.py
[2024-03-14T11:13:07.932+0000] {processor.py:840} INFO - DAG(s) 'example_sensor_decorator' retrieved from /home/airflow/.local/lib/python3.8/site-packages/airflow/example_dags/example_sensor_decorator.py
[2024-03-14T11:13:07.945+0000] {logging_mixin.py:188} INFO - [2024-03-14T11:13:07.945+0000] {dag.py:3047} INFO - Sync 1 DAGs
[2024-03-14T11:13:07.952+0000] {logging_mixin.py:188} INFO - [2024-03-14T11:13:07.952+0000] {dag.py:3834} INFO - Setting next_dagrun for example_sensor_decorator to None, run_after=None
[2024-03-14T11:13:07.961+0000] {processor.py:183} INFO - Processing /home/airflow/.local/lib/python3.8/site-packages/airflow/example_dags/example_sensor_decorator.py took 0.040 seconds
[2024-03-14T11:13:38.258+0000] {processor.py:161} INFO - Started process (PID=1954) to work on /home/airflow/.local/lib/python3.8/site-packages/airflow/example_dags/example_sensor_decorator.py
[2024-03-14T11:13:38.259+0000] {processor.py:830} INFO - Processing file /home/airflow/.local/lib/python3.8/site-packages/airflow/example_dags/example_sensor_decorator.py for tasks to queue
[2024-03-14T11:13:38.261+0000] {logging_mixin.py:188} INFO - [2024-03-14T11:13:38.260+0000] {dagbag.py:540} INFO - Filling up the DagBag from /home/airflow/.local/lib/python3.8/site-packages/airflow/example_dags/example_sensor_decorator.py
[2024-03-14T11:13:38.265+0000] {processor.py:840} INFO - DAG(s) 'example_sensor_decorator' retrieved from /home/airflow/.local/lib/python3.8/site-packages/airflow/example_dags/example_sensor_decorator.py
[2024-03-14T11:13:38.278+0000] {logging_mixin.py:188} INFO - [2024-03-14T11:13:38.278+0000] {dag.py:3047} INFO - Sync 1 DAGs
[2024-03-14T11:13:38.285+0000] {logging_mixin.py:188} INFO - [2024-03-14T11:13:38.285+0000] {dag.py:3834} INFO - Setting next_dagrun for example_sensor_decorator to None, run_after=None
[2024-03-14T11:13:38.294+0000] {processor.py:183} INFO - Processing /home/airflow/.local/lib/python3.8/site-packages/airflow/example_dags/example_sensor_decorator.py took 0.039 seconds
[2024-03-14T11:14:08.646+0000] {processor.py:161} INFO - Started process (PID=2009) to work on /home/airflow/.local/lib/python3.8/site-packages/airflow/example_dags/example_sensor_decorator.py
[2024-03-14T11:14:08.648+0000] {processor.py:830} INFO - Processing file /home/airflow/.local/lib/python3.8/site-packages/airflow/example_dags/example_sensor_decorator.py for tasks to queue
[2024-03-14T11:14:08.650+0000] {logging_mixin.py:188} INFO - [2024-03-14T11:14:08.649+0000] {dagbag.py:540} INFO - Filling up the DagBag from /home/airflow/.local/lib/python3.8/site-packages/airflow/example_dags/example_sensor_decorator.py
[2024-03-14T11:14:08.655+0000] {processor.py:840} INFO - DAG(s) 'example_sensor_decorator' retrieved from /home/airflow/.local/lib/python3.8/site-packages/airflow/example_dags/example_sensor_decorator.py
[2024-03-14T11:14:08.669+0000] {logging_mixin.py:188} INFO - [2024-03-14T11:14:08.669+0000] {dag.py:3047} INFO - Sync 1 DAGs
[2024-03-14T11:14:08.677+0000] {logging_mixin.py:188} INFO - [2024-03-14T11:14:08.677+0000] {dag.py:3834} INFO - Setting next_dagrun for example_sensor_decorator to None, run_after=None
[2024-03-14T11:14:08.686+0000] {processor.py:183} INFO - Processing /home/airflow/.local/lib/python3.8/site-packages/airflow/example_dags/example_sensor_decorator.py took 0.044 seconds
[2024-03-14T11:14:38.976+0000] {processor.py:161} INFO - Started process (PID=2064) to work on /home/airflow/.local/lib/python3.8/site-packages/airflow/example_dags/example_sensor_decorator.py
[2024-03-14T11:14:38.977+0000] {processor.py:830} INFO - Processing file /home/airflow/.local/lib/python3.8/site-packages/airflow/example_dags/example_sensor_decorator.py for tasks to queue
[2024-03-14T11:14:38.979+0000] {logging_mixin.py:188} INFO - [2024-03-14T11:14:38.979+0000] {dagbag.py:540} INFO - Filling up the DagBag from /home/airflow/.local/lib/python3.8/site-packages/airflow/example_dags/example_sensor_decorator.py
[2024-03-14T11:14:38.984+0000] {processor.py:840} INFO - DAG(s) 'example_sensor_decorator' retrieved from /home/airflow/.local/lib/python3.8/site-packages/airflow/example_dags/example_sensor_decorator.py
[2024-03-14T11:14:38.998+0000] {logging_mixin.py:188} INFO - [2024-03-14T11:14:38.997+0000] {dag.py:3047} INFO - Sync 1 DAGs
[2024-03-14T11:14:39.005+0000] {logging_mixin.py:188} INFO - [2024-03-14T11:14:39.005+0000] {dag.py:3834} INFO - Setting next_dagrun for example_sensor_decorator to None, run_after=None
[2024-03-14T11:14:39.014+0000] {processor.py:183} INFO - Processing /home/airflow/.local/lib/python3.8/site-packages/airflow/example_dags/example_sensor_decorator.py took 0.042 seconds
[2024-03-14T11:15:09.402+0000] {processor.py:161} INFO - Started process (PID=2119) to work on /home/airflow/.local/lib/python3.8/site-packages/airflow/example_dags/example_sensor_decorator.py
[2024-03-14T11:15:09.403+0000] {processor.py:830} INFO - Processing file /home/airflow/.local/lib/python3.8/site-packages/airflow/example_dags/example_sensor_decorator.py for tasks to queue
[2024-03-14T11:15:09.405+0000] {logging_mixin.py:188} INFO - [2024-03-14T11:15:09.405+0000] {dagbag.py:540} INFO - Filling up the DagBag from /home/airflow/.local/lib/python3.8/site-packages/airflow/example_dags/example_sensor_decorator.py
[2024-03-14T11:15:09.410+0000] {processor.py:840} INFO - DAG(s) 'example_sensor_decorator' retrieved from /home/airflow/.local/lib/python3.8/site-packages/airflow/example_dags/example_sensor_decorator.py
[2024-03-14T11:15:09.425+0000] {logging_mixin.py:188} INFO - [2024-03-14T11:15:09.425+0000] {dag.py:3047} INFO - Sync 1 DAGs
[2024-03-14T11:15:09.433+0000] {logging_mixin.py:188} INFO - [2024-03-14T11:15:09.433+0000] {dag.py:3834} INFO - Setting next_dagrun for example_sensor_decorator to None, run_after=None
[2024-03-14T11:15:09.442+0000] {processor.py:183} INFO - Processing /home/airflow/.local/lib/python3.8/site-packages/airflow/example_dags/example_sensor_decorator.py took 0.045 seconds
[2024-03-14T11:15:39.745+0000] {processor.py:161} INFO - Started process (PID=2174) to work on /home/airflow/.local/lib/python3.8/site-packages/airflow/example_dags/example_sensor_decorator.py
[2024-03-14T11:15:39.747+0000] {processor.py:830} INFO - Processing file /home/airflow/.local/lib/python3.8/site-packages/airflow/example_dags/example_sensor_decorator.py for tasks to queue
[2024-03-14T11:15:39.749+0000] {logging_mixin.py:188} INFO - [2024-03-14T11:15:39.748+0000] {dagbag.py:540} INFO - Filling up the DagBag from /home/airflow/.local/lib/python3.8/site-packages/airflow/example_dags/example_sensor_decorator.py
[2024-03-14T11:15:39.754+0000] {processor.py:840} INFO - DAG(s) 'example_sensor_decorator' retrieved from /home/airflow/.local/lib/python3.8/site-packages/airflow/example_dags/example_sensor_decorator.py
[2024-03-14T11:15:39.767+0000] {logging_mixin.py:188} INFO - [2024-03-14T11:15:39.767+0000] {dag.py:3047} INFO - Sync 1 DAGs
[2024-03-14T11:15:39.774+0000] {logging_mixin.py:188} INFO - [2024-03-14T11:15:39.774+0000] {dag.py:3834} INFO - Setting next_dagrun for example_sensor_decorator to None, run_after=None
[2024-03-14T11:15:39.783+0000] {processor.py:183} INFO - Processing /home/airflow/.local/lib/python3.8/site-packages/airflow/example_dags/example_sensor_decorator.py took 0.041 seconds
[2024-03-14T11:16:10.226+0000] {processor.py:161} INFO - Started process (PID=2228) to work on /home/airflow/.local/lib/python3.8/site-packages/airflow/example_dags/example_sensor_decorator.py
[2024-03-14T11:16:10.227+0000] {processor.py:830} INFO - Processing file /home/airflow/.local/lib/python3.8/site-packages/airflow/example_dags/example_sensor_decorator.py for tasks to queue
[2024-03-14T11:16:10.229+0000] {logging_mixin.py:188} INFO - [2024-03-14T11:16:10.229+0000] {dagbag.py:540} INFO - Filling up the DagBag from /home/airflow/.local/lib/python3.8/site-packages/airflow/example_dags/example_sensor_decorator.py
[2024-03-14T11:16:10.235+0000] {processor.py:840} INFO - DAG(s) 'example_sensor_decorator' retrieved from /home/airflow/.local/lib/python3.8/site-packages/airflow/example_dags/example_sensor_decorator.py
[2024-03-14T11:16:10.250+0000] {logging_mixin.py:188} INFO - [2024-03-14T11:16:10.250+0000] {dag.py:3047} INFO - Sync 1 DAGs
[2024-03-14T11:16:10.257+0000] {logging_mixin.py:188} INFO - [2024-03-14T11:16:10.257+0000] {dag.py:3834} INFO - Setting next_dagrun for example_sensor_decorator to None, run_after=None
[2024-03-14T11:16:10.267+0000] {processor.py:183} INFO - Processing /home/airflow/.local/lib/python3.8/site-packages/airflow/example_dags/example_sensor_decorator.py took 0.044 seconds
[2024-03-14T11:16:40.619+0000] {processor.py:161} INFO - Started process (PID=2283) to work on /home/airflow/.local/lib/python3.8/site-packages/airflow/example_dags/example_sensor_decorator.py
[2024-03-14T11:16:40.620+0000] {processor.py:830} INFO - Processing file /home/airflow/.local/lib/python3.8/site-packages/airflow/example_dags/example_sensor_decorator.py for tasks to queue
[2024-03-14T11:16:40.622+0000] {logging_mixin.py:188} INFO - [2024-03-14T11:16:40.622+0000] {dagbag.py:540} INFO - Filling up the DagBag from /home/airflow/.local/lib/python3.8/site-packages/airflow/example_dags/example_sensor_decorator.py
[2024-03-14T11:16:40.628+0000] {processor.py:840} INFO - DAG(s) 'example_sensor_decorator' retrieved from /home/airflow/.local/lib/python3.8/site-packages/airflow/example_dags/example_sensor_decorator.py
[2024-03-14T11:16:40.643+0000] {logging_mixin.py:188} INFO - [2024-03-14T11:16:40.643+0000] {dag.py:3047} INFO - Sync 1 DAGs
[2024-03-14T11:16:40.650+0000] {logging_mixin.py:188} INFO - [2024-03-14T11:16:40.650+0000] {dag.py:3834} INFO - Setting next_dagrun for example_sensor_decorator to None, run_after=None
[2024-03-14T11:16:40.659+0000] {processor.py:183} INFO - Processing /home/airflow/.local/lib/python3.8/site-packages/airflow/example_dags/example_sensor_decorator.py took 0.045 seconds
[2024-03-14T11:17:11.036+0000] {processor.py:161} INFO - Started process (PID=2338) to work on /home/airflow/.local/lib/python3.8/site-packages/airflow/example_dags/example_sensor_decorator.py
[2024-03-14T11:17:11.039+0000] {processor.py:830} INFO - Processing file /home/airflow/.local/lib/python3.8/site-packages/airflow/example_dags/example_sensor_decorator.py for tasks to queue
[2024-03-14T11:17:11.045+0000] {logging_mixin.py:188} INFO - [2024-03-14T11:17:11.045+0000] {dagbag.py:540} INFO - Filling up the DagBag from /home/airflow/.local/lib/python3.8/site-packages/airflow/example_dags/example_sensor_decorator.py
[2024-03-14T11:17:11.056+0000] {processor.py:840} INFO - DAG(s) 'example_sensor_decorator' retrieved from /home/airflow/.local/lib/python3.8/site-packages/airflow/example_dags/example_sensor_decorator.py
[2024-03-14T11:17:11.071+0000] {logging_mixin.py:188} INFO - [2024-03-14T11:17:11.071+0000] {dag.py:3047} INFO - Sync 1 DAGs
[2024-03-14T11:17:11.078+0000] {logging_mixin.py:188} INFO - [2024-03-14T11:17:11.078+0000] {dag.py:3834} INFO - Setting next_dagrun for example_sensor_decorator to None, run_after=None
[2024-03-14T11:17:11.086+0000] {processor.py:183} INFO - Processing /home/airflow/.local/lib/python3.8/site-packages/airflow/example_dags/example_sensor_decorator.py took 0.057 seconds
[2024-03-14T11:17:41.589+0000] {processor.py:161} INFO - Started process (PID=2393) to work on /home/airflow/.local/lib/python3.8/site-packages/airflow/example_dags/example_sensor_decorator.py
[2024-03-14T11:17:41.590+0000] {processor.py:830} INFO - Processing file /home/airflow/.local/lib/python3.8/site-packages/airflow/example_dags/example_sensor_decorator.py for tasks to queue
[2024-03-14T11:17:41.592+0000] {logging_mixin.py:188} INFO - [2024-03-14T11:17:41.592+0000] {dagbag.py:540} INFO - Filling up the DagBag from /home/airflow/.local/lib/python3.8/site-packages/airflow/example_dags/example_sensor_decorator.py
[2024-03-14T11:17:41.596+0000] {processor.py:840} INFO - DAG(s) 'example_sensor_decorator' retrieved from /home/airflow/.local/lib/python3.8/site-packages/airflow/example_dags/example_sensor_decorator.py
[2024-03-14T11:17:41.610+0000] {logging_mixin.py:188} INFO - [2024-03-14T11:17:41.610+0000] {dag.py:3047} INFO - Sync 1 DAGs
[2024-03-14T11:17:41.617+0000] {logging_mixin.py:188} INFO - [2024-03-14T11:17:41.617+0000] {dag.py:3834} INFO - Setting next_dagrun for example_sensor_decorator to None, run_after=None
[2024-03-14T11:17:41.625+0000] {processor.py:183} INFO - Processing /home/airflow/.local/lib/python3.8/site-packages/airflow/example_dags/example_sensor_decorator.py took 0.039 seconds
[2024-03-14T11:18:12.040+0000] {processor.py:161} INFO - Started process (PID=2447) to work on /home/airflow/.local/lib/python3.8/site-packages/airflow/example_dags/example_sensor_decorator.py
[2024-03-14T11:18:12.042+0000] {processor.py:830} INFO - Processing file /home/airflow/.local/lib/python3.8/site-packages/airflow/example_dags/example_sensor_decorator.py for tasks to queue
[2024-03-14T11:18:12.043+0000] {logging_mixin.py:188} INFO - [2024-03-14T11:18:12.043+0000] {dagbag.py:540} INFO - Filling up the DagBag from /home/airflow/.local/lib/python3.8/site-packages/airflow/example_dags/example_sensor_decorator.py
[2024-03-14T11:18:12.049+0000] {processor.py:840} INFO - DAG(s) 'example_sensor_decorator' retrieved from /home/airflow/.local/lib/python3.8/site-packages/airflow/example_dags/example_sensor_decorator.py
[2024-03-14T11:18:12.062+0000] {logging_mixin.py:188} INFO - [2024-03-14T11:18:12.062+0000] {dag.py:3047} INFO - Sync 1 DAGs
[2024-03-14T11:18:12.069+0000] {logging_mixin.py:188} INFO - [2024-03-14T11:18:12.069+0000] {dag.py:3834} INFO - Setting next_dagrun for example_sensor_decorator to None, run_after=None
[2024-03-14T11:18:12.081+0000] {processor.py:183} INFO - Processing /home/airflow/.local/lib/python3.8/site-packages/airflow/example_dags/example_sensor_decorator.py took 0.045 seconds
[2024-03-14T11:18:42.449+0000] {processor.py:161} INFO - Started process (PID=2502) to work on /home/airflow/.local/lib/python3.8/site-packages/airflow/example_dags/example_sensor_decorator.py
[2024-03-14T11:18:42.451+0000] {processor.py:830} INFO - Processing file /home/airflow/.local/lib/python3.8/site-packages/airflow/example_dags/example_sensor_decorator.py for tasks to queue
[2024-03-14T11:18:42.453+0000] {logging_mixin.py:188} INFO - [2024-03-14T11:18:42.453+0000] {dagbag.py:540} INFO - Filling up the DagBag from /home/airflow/.local/lib/python3.8/site-packages/airflow/example_dags/example_sensor_decorator.py
[2024-03-14T11:18:42.457+0000] {processor.py:840} INFO - DAG(s) 'example_sensor_decorator' retrieved from /home/airflow/.local/lib/python3.8/site-packages/airflow/example_dags/example_sensor_decorator.py
[2024-03-14T11:18:42.470+0000] {logging_mixin.py:188} INFO - [2024-03-14T11:18:42.470+0000] {dag.py:3047} INFO - Sync 1 DAGs
[2024-03-14T11:18:42.477+0000] {logging_mixin.py:188} INFO - [2024-03-14T11:18:42.477+0000] {dag.py:3834} INFO - Setting next_dagrun for example_sensor_decorator to None, run_after=None
[2024-03-14T11:18:42.486+0000] {processor.py:183} INFO - Processing /home/airflow/.local/lib/python3.8/site-packages/airflow/example_dags/example_sensor_decorator.py took 0.040 seconds
[2024-03-14T11:19:12.918+0000] {processor.py:161} INFO - Started process (PID=2557) to work on /home/airflow/.local/lib/python3.8/site-packages/airflow/example_dags/example_sensor_decorator.py
[2024-03-14T11:19:12.920+0000] {processor.py:830} INFO - Processing file /home/airflow/.local/lib/python3.8/site-packages/airflow/example_dags/example_sensor_decorator.py for tasks to queue
[2024-03-14T11:19:12.921+0000] {logging_mixin.py:188} INFO - [2024-03-14T11:19:12.921+0000] {dagbag.py:540} INFO - Filling up the DagBag from /home/airflow/.local/lib/python3.8/site-packages/airflow/example_dags/example_sensor_decorator.py
[2024-03-14T11:19:12.927+0000] {processor.py:840} INFO - DAG(s) 'example_sensor_decorator' retrieved from /home/airflow/.local/lib/python3.8/site-packages/airflow/example_dags/example_sensor_decorator.py
[2024-03-14T11:19:12.940+0000] {logging_mixin.py:188} INFO - [2024-03-14T11:19:12.940+0000] {dag.py:3047} INFO - Sync 1 DAGs
[2024-03-14T11:19:12.948+0000] {logging_mixin.py:188} INFO - [2024-03-14T11:19:12.948+0000] {dag.py:3834} INFO - Setting next_dagrun for example_sensor_decorator to None, run_after=None
[2024-03-14T11:19:12.957+0000] {processor.py:183} INFO - Processing /home/airflow/.local/lib/python3.8/site-packages/airflow/example_dags/example_sensor_decorator.py took 0.042 seconds
[2024-03-14T11:19:43.325+0000] {processor.py:161} INFO - Started process (PID=2612) to work on /home/airflow/.local/lib/python3.8/site-packages/airflow/example_dags/example_sensor_decorator.py
[2024-03-14T11:19:43.326+0000] {processor.py:830} INFO - Processing file /home/airflow/.local/lib/python3.8/site-packages/airflow/example_dags/example_sensor_decorator.py for tasks to queue
[2024-03-14T11:19:43.328+0000] {logging_mixin.py:188} INFO - [2024-03-14T11:19:43.328+0000] {dagbag.py:540} INFO - Filling up the DagBag from /home/airflow/.local/lib/python3.8/site-packages/airflow/example_dags/example_sensor_decorator.py
[2024-03-14T11:19:43.333+0000] {processor.py:840} INFO - DAG(s) 'example_sensor_decorator' retrieved from /home/airflow/.local/lib/python3.8/site-packages/airflow/example_dags/example_sensor_decorator.py
[2024-03-14T11:19:43.347+0000] {logging_mixin.py:188} INFO - [2024-03-14T11:19:43.347+0000] {dag.py:3047} INFO - Sync 1 DAGs
[2024-03-14T11:19:43.354+0000] {logging_mixin.py:188} INFO - [2024-03-14T11:19:43.354+0000] {dag.py:3834} INFO - Setting next_dagrun for example_sensor_decorator to None, run_after=None
[2024-03-14T11:19:43.363+0000] {processor.py:183} INFO - Processing /home/airflow/.local/lib/python3.8/site-packages/airflow/example_dags/example_sensor_decorator.py took 0.042 seconds
[2024-03-14T11:20:13.697+0000] {processor.py:161} INFO - Started process (PID=2667) to work on /home/airflow/.local/lib/python3.8/site-packages/airflow/example_dags/example_sensor_decorator.py
[2024-03-14T11:20:13.698+0000] {processor.py:830} INFO - Processing file /home/airflow/.local/lib/python3.8/site-packages/airflow/example_dags/example_sensor_decorator.py for tasks to queue
[2024-03-14T11:20:13.700+0000] {logging_mixin.py:188} INFO - [2024-03-14T11:20:13.699+0000] {dagbag.py:540} INFO - Filling up the DagBag from /home/airflow/.local/lib/python3.8/site-packages/airflow/example_dags/example_sensor_decorator.py
[2024-03-14T11:20:13.705+0000] {processor.py:840} INFO - DAG(s) 'example_sensor_decorator' retrieved from /home/airflow/.local/lib/python3.8/site-packages/airflow/example_dags/example_sensor_decorator.py
[2024-03-14T11:20:13.720+0000] {logging_mixin.py:188} INFO - [2024-03-14T11:20:13.719+0000] {dag.py:3047} INFO - Sync 1 DAGs
[2024-03-14T11:20:13.727+0000] {logging_mixin.py:188} INFO - [2024-03-14T11:20:13.727+0000] {dag.py:3834} INFO - Setting next_dagrun for example_sensor_decorator to None, run_after=None
[2024-03-14T11:20:13.736+0000] {processor.py:183} INFO - Processing /home/airflow/.local/lib/python3.8/site-packages/airflow/example_dags/example_sensor_decorator.py took 0.043 seconds
[2024-03-14T11:20:44.129+0000] {processor.py:161} INFO - Started process (PID=2722) to work on /home/airflow/.local/lib/python3.8/site-packages/airflow/example_dags/example_sensor_decorator.py
[2024-03-14T11:20:44.131+0000] {processor.py:830} INFO - Processing file /home/airflow/.local/lib/python3.8/site-packages/airflow/example_dags/example_sensor_decorator.py for tasks to queue
[2024-03-14T11:20:44.133+0000] {logging_mixin.py:188} INFO - [2024-03-14T11:20:44.132+0000] {dagbag.py:540} INFO - Filling up the DagBag from /home/airflow/.local/lib/python3.8/site-packages/airflow/example_dags/example_sensor_decorator.py
[2024-03-14T11:20:44.138+0000] {processor.py:840} INFO - DAG(s) 'example_sensor_decorator' retrieved from /home/airflow/.local/lib/python3.8/site-packages/airflow/example_dags/example_sensor_decorator.py
[2024-03-14T11:20:44.151+0000] {logging_mixin.py:188} INFO - [2024-03-14T11:20:44.151+0000] {dag.py:3047} INFO - Sync 1 DAGs
[2024-03-14T11:20:44.158+0000] {logging_mixin.py:188} INFO - [2024-03-14T11:20:44.158+0000] {dag.py:3834} INFO - Setting next_dagrun for example_sensor_decorator to None, run_after=None
[2024-03-14T11:20:44.167+0000] {processor.py:183} INFO - Processing /home/airflow/.local/lib/python3.8/site-packages/airflow/example_dags/example_sensor_decorator.py took 0.042 seconds
[2024-03-14T11:21:14.612+0000] {processor.py:161} INFO - Started process (PID=2777) to work on /home/airflow/.local/lib/python3.8/site-packages/airflow/example_dags/example_sensor_decorator.py
[2024-03-14T11:21:14.615+0000] {processor.py:830} INFO - Processing file /home/airflow/.local/lib/python3.8/site-packages/airflow/example_dags/example_sensor_decorator.py for tasks to queue
[2024-03-14T11:21:14.618+0000] {logging_mixin.py:188} INFO - [2024-03-14T11:21:14.618+0000] {dagbag.py:540} INFO - Filling up the DagBag from /home/airflow/.local/lib/python3.8/site-packages/airflow/example_dags/example_sensor_decorator.py
[2024-03-14T11:21:14.624+0000] {processor.py:840} INFO - DAG(s) 'example_sensor_decorator' retrieved from /home/airflow/.local/lib/python3.8/site-packages/airflow/example_dags/example_sensor_decorator.py
[2024-03-14T11:21:14.636+0000] {logging_mixin.py:188} INFO - [2024-03-14T11:21:14.636+0000] {dag.py:3047} INFO - Sync 1 DAGs
[2024-03-14T11:21:14.642+0000] {logging_mixin.py:188} INFO - [2024-03-14T11:21:14.642+0000] {dag.py:3834} INFO - Setting next_dagrun for example_sensor_decorator to None, run_after=None
[2024-03-14T11:21:14.651+0000] {processor.py:183} INFO - Processing /home/airflow/.local/lib/python3.8/site-packages/airflow/example_dags/example_sensor_decorator.py took 0.042 seconds
[2024-03-14T11:21:45.089+0000] {processor.py:161} INFO - Started process (PID=2832) to work on /home/airflow/.local/lib/python3.8/site-packages/airflow/example_dags/example_sensor_decorator.py
[2024-03-14T11:21:45.090+0000] {processor.py:830} INFO - Processing file /home/airflow/.local/lib/python3.8/site-packages/airflow/example_dags/example_sensor_decorator.py for tasks to queue
[2024-03-14T11:21:45.092+0000] {logging_mixin.py:188} INFO - [2024-03-14T11:21:45.092+0000] {dagbag.py:540} INFO - Filling up the DagBag from /home/airflow/.local/lib/python3.8/site-packages/airflow/example_dags/example_sensor_decorator.py
[2024-03-14T11:21:45.098+0000] {processor.py:840} INFO - DAG(s) 'example_sensor_decorator' retrieved from /home/airflow/.local/lib/python3.8/site-packages/airflow/example_dags/example_sensor_decorator.py
[2024-03-14T11:21:45.111+0000] {logging_mixin.py:188} INFO - [2024-03-14T11:21:45.110+0000] {dag.py:3047} INFO - Sync 1 DAGs
[2024-03-14T11:21:45.118+0000] {logging_mixin.py:188} INFO - [2024-03-14T11:21:45.118+0000] {dag.py:3834} INFO - Setting next_dagrun for example_sensor_decorator to None, run_after=None
[2024-03-14T11:21:45.127+0000] {processor.py:183} INFO - Processing /home/airflow/.local/lib/python3.8/site-packages/airflow/example_dags/example_sensor_decorator.py took 0.043 seconds
[2024-03-14T11:22:15.565+0000] {processor.py:161} INFO - Started process (PID=2887) to work on /home/airflow/.local/lib/python3.8/site-packages/airflow/example_dags/example_sensor_decorator.py
[2024-03-14T11:22:15.568+0000] {processor.py:830} INFO - Processing file /home/airflow/.local/lib/python3.8/site-packages/airflow/example_dags/example_sensor_decorator.py for tasks to queue
[2024-03-14T11:22:15.569+0000] {logging_mixin.py:188} INFO - [2024-03-14T11:22:15.569+0000] {dagbag.py:540} INFO - Filling up the DagBag from /home/airflow/.local/lib/python3.8/site-packages/airflow/example_dags/example_sensor_decorator.py
[2024-03-14T11:22:15.575+0000] {processor.py:840} INFO - DAG(s) 'example_sensor_decorator' retrieved from /home/airflow/.local/lib/python3.8/site-packages/airflow/example_dags/example_sensor_decorator.py
[2024-03-14T11:22:15.589+0000] {logging_mixin.py:188} INFO - [2024-03-14T11:22:15.589+0000] {dag.py:3047} INFO - Sync 1 DAGs
[2024-03-14T11:22:15.596+0000] {logging_mixin.py:188} INFO - [2024-03-14T11:22:15.596+0000] {dag.py:3834} INFO - Setting next_dagrun for example_sensor_decorator to None, run_after=None
[2024-03-14T11:22:15.605+0000] {processor.py:183} INFO - Processing /home/airflow/.local/lib/python3.8/site-packages/airflow/example_dags/example_sensor_decorator.py took 0.044 seconds
[2024-03-14T11:22:46.100+0000] {processor.py:161} INFO - Started process (PID=2942) to work on /home/airflow/.local/lib/python3.8/site-packages/airflow/example_dags/example_sensor_decorator.py
[2024-03-14T11:22:46.103+0000] {processor.py:830} INFO - Processing file /home/airflow/.local/lib/python3.8/site-packages/airflow/example_dags/example_sensor_decorator.py for tasks to queue
[2024-03-14T11:22:46.104+0000] {logging_mixin.py:188} INFO - [2024-03-14T11:22:46.104+0000] {dagbag.py:540} INFO - Filling up the DagBag from /home/airflow/.local/lib/python3.8/site-packages/airflow/example_dags/example_sensor_decorator.py
[2024-03-14T11:22:46.109+0000] {processor.py:840} INFO - DAG(s) 'example_sensor_decorator' retrieved from /home/airflow/.local/lib/python3.8/site-packages/airflow/example_dags/example_sensor_decorator.py
[2024-03-14T11:22:46.122+0000] {logging_mixin.py:188} INFO - [2024-03-14T11:22:46.121+0000] {dag.py:3047} INFO - Sync 1 DAGs
[2024-03-14T11:22:46.130+0000] {logging_mixin.py:188} INFO - [2024-03-14T11:22:46.129+0000] {dag.py:3834} INFO - Setting next_dagrun for example_sensor_decorator to None, run_after=None
[2024-03-14T11:22:46.138+0000] {processor.py:183} INFO - Processing /home/airflow/.local/lib/python3.8/site-packages/airflow/example_dags/example_sensor_decorator.py took 0.043 seconds
[2024-03-14T11:23:16.496+0000] {processor.py:161} INFO - Started process (PID=2997) to work on /home/airflow/.local/lib/python3.8/site-packages/airflow/example_dags/example_sensor_decorator.py
[2024-03-14T11:23:16.498+0000] {processor.py:830} INFO - Processing file /home/airflow/.local/lib/python3.8/site-packages/airflow/example_dags/example_sensor_decorator.py for tasks to queue
[2024-03-14T11:23:16.500+0000] {logging_mixin.py:188} INFO - [2024-03-14T11:23:16.499+0000] {dagbag.py:540} INFO - Filling up the DagBag from /home/airflow/.local/lib/python3.8/site-packages/airflow/example_dags/example_sensor_decorator.py
[2024-03-14T11:23:16.505+0000] {processor.py:840} INFO - DAG(s) 'example_sensor_decorator' retrieved from /home/airflow/.local/lib/python3.8/site-packages/airflow/example_dags/example_sensor_decorator.py
[2024-03-14T11:23:16.518+0000] {logging_mixin.py:188} INFO - [2024-03-14T11:23:16.518+0000] {dag.py:3047} INFO - Sync 1 DAGs
[2024-03-14T11:23:16.526+0000] {logging_mixin.py:188} INFO - [2024-03-14T11:23:16.526+0000] {dag.py:3834} INFO - Setting next_dagrun for example_sensor_decorator to None, run_after=None
[2024-03-14T11:23:16.535+0000] {processor.py:183} INFO - Processing /home/airflow/.local/lib/python3.8/site-packages/airflow/example_dags/example_sensor_decorator.py took 0.043 seconds
[2024-03-14T11:23:46.968+0000] {processor.py:161} INFO - Started process (PID=3052) to work on /home/airflow/.local/lib/python3.8/site-packages/airflow/example_dags/example_sensor_decorator.py
[2024-03-14T11:23:46.969+0000] {processor.py:830} INFO - Processing file /home/airflow/.local/lib/python3.8/site-packages/airflow/example_dags/example_sensor_decorator.py for tasks to queue
[2024-03-14T11:23:46.971+0000] {logging_mixin.py:188} INFO - [2024-03-14T11:23:46.971+0000] {dagbag.py:540} INFO - Filling up the DagBag from /home/airflow/.local/lib/python3.8/site-packages/airflow/example_dags/example_sensor_decorator.py
[2024-03-14T11:23:46.977+0000] {processor.py:840} INFO - DAG(s) 'example_sensor_decorator' retrieved from /home/airflow/.local/lib/python3.8/site-packages/airflow/example_dags/example_sensor_decorator.py
[2024-03-14T11:23:46.990+0000] {logging_mixin.py:188} INFO - [2024-03-14T11:23:46.990+0000] {dag.py:3047} INFO - Sync 1 DAGs
[2024-03-14T11:23:46.997+0000] {logging_mixin.py:188} INFO - [2024-03-14T11:23:46.997+0000] {dag.py:3834} INFO - Setting next_dagrun for example_sensor_decorator to None, run_after=None
[2024-03-14T11:23:47.007+0000] {processor.py:183} INFO - Processing /home/airflow/.local/lib/python3.8/site-packages/airflow/example_dags/example_sensor_decorator.py took 0.043 seconds
[2024-03-14T11:24:17.343+0000] {processor.py:161} INFO - Started process (PID=3107) to work on /home/airflow/.local/lib/python3.8/site-packages/airflow/example_dags/example_sensor_decorator.py
[2024-03-14T11:24:17.344+0000] {processor.py:830} INFO - Processing file /home/airflow/.local/lib/python3.8/site-packages/airflow/example_dags/example_sensor_decorator.py for tasks to queue
[2024-03-14T11:24:17.346+0000] {logging_mixin.py:188} INFO - [2024-03-14T11:24:17.346+0000] {dagbag.py:540} INFO - Filling up the DagBag from /home/airflow/.local/lib/python3.8/site-packages/airflow/example_dags/example_sensor_decorator.py
[2024-03-14T11:24:17.351+0000] {processor.py:840} INFO - DAG(s) 'example_sensor_decorator' retrieved from /home/airflow/.local/lib/python3.8/site-packages/airflow/example_dags/example_sensor_decorator.py
[2024-03-14T11:24:17.365+0000] {logging_mixin.py:188} INFO - [2024-03-14T11:24:17.365+0000] {dag.py:3047} INFO - Sync 1 DAGs
[2024-03-14T11:24:17.373+0000] {logging_mixin.py:188} INFO - [2024-03-14T11:24:17.373+0000] {dag.py:3834} INFO - Setting next_dagrun for example_sensor_decorator to None, run_after=None
[2024-03-14T11:24:17.382+0000] {processor.py:183} INFO - Processing /home/airflow/.local/lib/python3.8/site-packages/airflow/example_dags/example_sensor_decorator.py took 0.043 seconds
[2024-03-14T11:24:47.691+0000] {processor.py:161} INFO - Started process (PID=3162) to work on /home/airflow/.local/lib/python3.8/site-packages/airflow/example_dags/example_sensor_decorator.py
[2024-03-14T11:24:47.692+0000] {processor.py:830} INFO - Processing file /home/airflow/.local/lib/python3.8/site-packages/airflow/example_dags/example_sensor_decorator.py for tasks to queue
[2024-03-14T11:24:47.694+0000] {logging_mixin.py:188} INFO - [2024-03-14T11:24:47.694+0000] {dagbag.py:540} INFO - Filling up the DagBag from /home/airflow/.local/lib/python3.8/site-packages/airflow/example_dags/example_sensor_decorator.py
[2024-03-14T11:24:47.698+0000] {processor.py:840} INFO - DAG(s) 'example_sensor_decorator' retrieved from /home/airflow/.local/lib/python3.8/site-packages/airflow/example_dags/example_sensor_decorator.py
[2024-03-14T11:24:47.711+0000] {logging_mixin.py:188} INFO - [2024-03-14T11:24:47.711+0000] {dag.py:3047} INFO - Sync 1 DAGs
[2024-03-14T11:24:47.717+0000] {logging_mixin.py:188} INFO - [2024-03-14T11:24:47.717+0000] {dag.py:3834} INFO - Setting next_dagrun for example_sensor_decorator to None, run_after=None
[2024-03-14T11:24:47.726+0000] {processor.py:183} INFO - Processing /home/airflow/.local/lib/python3.8/site-packages/airflow/example_dags/example_sensor_decorator.py took 0.037 seconds
[2024-03-14T11:25:18.128+0000] {processor.py:161} INFO - Started process (PID=3217) to work on /home/airflow/.local/lib/python3.8/site-packages/airflow/example_dags/example_sensor_decorator.py
[2024-03-14T11:25:18.129+0000] {processor.py:830} INFO - Processing file /home/airflow/.local/lib/python3.8/site-packages/airflow/example_dags/example_sensor_decorator.py for tasks to queue
[2024-03-14T11:25:18.131+0000] {logging_mixin.py:188} INFO - [2024-03-14T11:25:18.131+0000] {dagbag.py:540} INFO - Filling up the DagBag from /home/airflow/.local/lib/python3.8/site-packages/airflow/example_dags/example_sensor_decorator.py
[2024-03-14T11:25:18.136+0000] {processor.py:840} INFO - DAG(s) 'example_sensor_decorator' retrieved from /home/airflow/.local/lib/python3.8/site-packages/airflow/example_dags/example_sensor_decorator.py
[2024-03-14T11:25:18.149+0000] {logging_mixin.py:188} INFO - [2024-03-14T11:25:18.149+0000] {dag.py:3047} INFO - Sync 1 DAGs
[2024-03-14T11:25:18.156+0000] {logging_mixin.py:188} INFO - [2024-03-14T11:25:18.156+0000] {dag.py:3834} INFO - Setting next_dagrun for example_sensor_decorator to None, run_after=None
[2024-03-14T11:25:18.166+0000] {processor.py:183} INFO - Processing /home/airflow/.local/lib/python3.8/site-packages/airflow/example_dags/example_sensor_decorator.py took 0.042 seconds
[2024-03-14T11:25:48.562+0000] {processor.py:161} INFO - Started process (PID=3272) to work on /home/airflow/.local/lib/python3.8/site-packages/airflow/example_dags/example_sensor_decorator.py
[2024-03-14T11:25:48.564+0000] {processor.py:830} INFO - Processing file /home/airflow/.local/lib/python3.8/site-packages/airflow/example_dags/example_sensor_decorator.py for tasks to queue
[2024-03-14T11:25:48.566+0000] {logging_mixin.py:188} INFO - [2024-03-14T11:25:48.565+0000] {dagbag.py:540} INFO - Filling up the DagBag from /home/airflow/.local/lib/python3.8/site-packages/airflow/example_dags/example_sensor_decorator.py
[2024-03-14T11:25:48.572+0000] {processor.py:840} INFO - DAG(s) 'example_sensor_decorator' retrieved from /home/airflow/.local/lib/python3.8/site-packages/airflow/example_dags/example_sensor_decorator.py
[2024-03-14T11:25:48.586+0000] {logging_mixin.py:188} INFO - [2024-03-14T11:25:48.586+0000] {dag.py:3047} INFO - Sync 1 DAGs
[2024-03-14T11:25:48.594+0000] {logging_mixin.py:188} INFO - [2024-03-14T11:25:48.593+0000] {dag.py:3834} INFO - Setting next_dagrun for example_sensor_decorator to None, run_after=None
[2024-03-14T11:25:48.604+0000] {processor.py:183} INFO - Processing /home/airflow/.local/lib/python3.8/site-packages/airflow/example_dags/example_sensor_decorator.py took 0.046 seconds
[2024-03-14T11:26:19.101+0000] {processor.py:161} INFO - Started process (PID=3327) to work on /home/airflow/.local/lib/python3.8/site-packages/airflow/example_dags/example_sensor_decorator.py
[2024-03-14T11:26:19.102+0000] {processor.py:830} INFO - Processing file /home/airflow/.local/lib/python3.8/site-packages/airflow/example_dags/example_sensor_decorator.py for tasks to queue
[2024-03-14T11:26:19.104+0000] {logging_mixin.py:188} INFO - [2024-03-14T11:26:19.104+0000] {dagbag.py:540} INFO - Filling up the DagBag from /home/airflow/.local/lib/python3.8/site-packages/airflow/example_dags/example_sensor_decorator.py
[2024-03-14T11:26:19.109+0000] {processor.py:840} INFO - DAG(s) 'example_sensor_decorator' retrieved from /home/airflow/.local/lib/python3.8/site-packages/airflow/example_dags/example_sensor_decorator.py
[2024-03-14T11:26:19.122+0000] {logging_mixin.py:188} INFO - [2024-03-14T11:26:19.122+0000] {dag.py:3047} INFO - Sync 1 DAGs
[2024-03-14T11:26:19.129+0000] {logging_mixin.py:188} INFO - [2024-03-14T11:26:19.129+0000] {dag.py:3834} INFO - Setting next_dagrun for example_sensor_decorator to None, run_after=None
[2024-03-14T11:26:19.139+0000] {processor.py:183} INFO - Processing /home/airflow/.local/lib/python3.8/site-packages/airflow/example_dags/example_sensor_decorator.py took 0.042 seconds
[2024-03-14T11:26:49.520+0000] {processor.py:161} INFO - Started process (PID=3382) to work on /home/airflow/.local/lib/python3.8/site-packages/airflow/example_dags/example_sensor_decorator.py
[2024-03-14T11:26:49.522+0000] {processor.py:830} INFO - Processing file /home/airflow/.local/lib/python3.8/site-packages/airflow/example_dags/example_sensor_decorator.py for tasks to queue
[2024-03-14T11:26:49.524+0000] {logging_mixin.py:188} INFO - [2024-03-14T11:26:49.523+0000] {dagbag.py:540} INFO - Filling up the DagBag from /home/airflow/.local/lib/python3.8/site-packages/airflow/example_dags/example_sensor_decorator.py
[2024-03-14T11:26:49.529+0000] {processor.py:840} INFO - DAG(s) 'example_sensor_decorator' retrieved from /home/airflow/.local/lib/python3.8/site-packages/airflow/example_dags/example_sensor_decorator.py
[2024-03-14T11:26:49.544+0000] {logging_mixin.py:188} INFO - [2024-03-14T11:26:49.544+0000] {dag.py:3047} INFO - Sync 1 DAGs
[2024-03-14T11:26:49.552+0000] {logging_mixin.py:188} INFO - [2024-03-14T11:26:49.552+0000] {dag.py:3834} INFO - Setting next_dagrun for example_sensor_decorator to None, run_after=None
[2024-03-14T11:26:49.562+0000] {processor.py:183} INFO - Processing /home/airflow/.local/lib/python3.8/site-packages/airflow/example_dags/example_sensor_decorator.py took 0.045 seconds
[2024-03-14T11:27:19.996+0000] {processor.py:161} INFO - Started process (PID=3437) to work on /home/airflow/.local/lib/python3.8/site-packages/airflow/example_dags/example_sensor_decorator.py
[2024-03-14T11:27:20.001+0000] {processor.py:830} INFO - Processing file /home/airflow/.local/lib/python3.8/site-packages/airflow/example_dags/example_sensor_decorator.py for tasks to queue
[2024-03-14T11:27:20.002+0000] {logging_mixin.py:188} INFO - [2024-03-14T11:27:20.002+0000] {dagbag.py:540} INFO - Filling up the DagBag from /home/airflow/.local/lib/python3.8/site-packages/airflow/example_dags/example_sensor_decorator.py
[2024-03-14T11:27:20.008+0000] {processor.py:840} INFO - DAG(s) 'example_sensor_decorator' retrieved from /home/airflow/.local/lib/python3.8/site-packages/airflow/example_dags/example_sensor_decorator.py
[2024-03-14T11:27:20.020+0000] {logging_mixin.py:188} INFO - [2024-03-14T11:27:20.020+0000] {dag.py:3047} INFO - Sync 1 DAGs
[2024-03-14T11:27:20.027+0000] {logging_mixin.py:188} INFO - [2024-03-14T11:27:20.027+0000] {dag.py:3834} INFO - Setting next_dagrun for example_sensor_decorator to None, run_after=None
[2024-03-14T11:27:20.037+0000] {processor.py:183} INFO - Processing /home/airflow/.local/lib/python3.8/site-packages/airflow/example_dags/example_sensor_decorator.py took 0.044 seconds
[2024-03-14T11:27:50.439+0000] {processor.py:161} INFO - Started process (PID=3497) to work on /home/airflow/.local/lib/python3.8/site-packages/airflow/example_dags/example_sensor_decorator.py
[2024-03-14T11:27:50.441+0000] {processor.py:830} INFO - Processing file /home/airflow/.local/lib/python3.8/site-packages/airflow/example_dags/example_sensor_decorator.py for tasks to queue
[2024-03-14T11:27:50.442+0000] {logging_mixin.py:188} INFO - [2024-03-14T11:27:50.442+0000] {dagbag.py:540} INFO - Filling up the DagBag from /home/airflow/.local/lib/python3.8/site-packages/airflow/example_dags/example_sensor_decorator.py
[2024-03-14T11:27:50.446+0000] {processor.py:840} INFO - DAG(s) 'example_sensor_decorator' retrieved from /home/airflow/.local/lib/python3.8/site-packages/airflow/example_dags/example_sensor_decorator.py
[2024-03-14T11:27:50.455+0000] {logging_mixin.py:188} INFO - [2024-03-14T11:27:50.455+0000] {dag.py:3047} INFO - Sync 1 DAGs
[2024-03-14T11:27:50.460+0000] {logging_mixin.py:188} INFO - [2024-03-14T11:27:50.460+0000] {dag.py:3834} INFO - Setting next_dagrun for example_sensor_decorator to None, run_after=None
[2024-03-14T11:27:50.467+0000] {processor.py:183} INFO - Processing /home/airflow/.local/lib/python3.8/site-packages/airflow/example_dags/example_sensor_decorator.py took 0.031 seconds
[2024-03-14T11:28:21.164+0000] {processor.py:161} INFO - Started process (PID=3552) to work on /home/airflow/.local/lib/python3.8/site-packages/airflow/example_dags/example_sensor_decorator.py
[2024-03-14T11:28:21.165+0000] {processor.py:830} INFO - Processing file /home/airflow/.local/lib/python3.8/site-packages/airflow/example_dags/example_sensor_decorator.py for tasks to queue
[2024-03-14T11:28:21.166+0000] {logging_mixin.py:188} INFO - [2024-03-14T11:28:21.166+0000] {dagbag.py:540} INFO - Filling up the DagBag from /home/airflow/.local/lib/python3.8/site-packages/airflow/example_dags/example_sensor_decorator.py
[2024-03-14T11:28:21.169+0000] {processor.py:840} INFO - DAG(s) 'example_sensor_decorator' retrieved from /home/airflow/.local/lib/python3.8/site-packages/airflow/example_dags/example_sensor_decorator.py
[2024-03-14T11:28:21.181+0000] {logging_mixin.py:188} INFO - [2024-03-14T11:28:21.181+0000] {dag.py:3047} INFO - Sync 1 DAGs
[2024-03-14T11:28:21.192+0000] {logging_mixin.py:188} INFO - [2024-03-14T11:28:21.191+0000] {dag.py:3834} INFO - Setting next_dagrun for example_sensor_decorator to None, run_after=None
[2024-03-14T11:28:21.204+0000] {processor.py:183} INFO - Processing /home/airflow/.local/lib/python3.8/site-packages/airflow/example_dags/example_sensor_decorator.py took 0.042 seconds
[2024-03-14T11:28:51.605+0000] {processor.py:161} INFO - Started process (PID=3607) to work on /home/airflow/.local/lib/python3.8/site-packages/airflow/example_dags/example_sensor_decorator.py
[2024-03-14T11:28:51.606+0000] {processor.py:830} INFO - Processing file /home/airflow/.local/lib/python3.8/site-packages/airflow/example_dags/example_sensor_decorator.py for tasks to queue
[2024-03-14T11:28:51.606+0000] {logging_mixin.py:188} INFO - [2024-03-14T11:28:51.606+0000] {dagbag.py:540} INFO - Filling up the DagBag from /home/airflow/.local/lib/python3.8/site-packages/airflow/example_dags/example_sensor_decorator.py
[2024-03-14T11:28:51.609+0000] {processor.py:840} INFO - DAG(s) 'example_sensor_decorator' retrieved from /home/airflow/.local/lib/python3.8/site-packages/airflow/example_dags/example_sensor_decorator.py
[2024-03-14T11:28:51.620+0000] {logging_mixin.py:188} INFO - [2024-03-14T11:28:51.619+0000] {dag.py:3047} INFO - Sync 1 DAGs
[2024-03-14T11:28:51.625+0000] {logging_mixin.py:188} INFO - [2024-03-14T11:28:51.625+0000] {dag.py:3834} INFO - Setting next_dagrun for example_sensor_decorator to None, run_after=None
[2024-03-14T11:28:51.633+0000] {processor.py:183} INFO - Processing /home/airflow/.local/lib/python3.8/site-packages/airflow/example_dags/example_sensor_decorator.py took 0.030 seconds
