[2024-03-14T10:55:55.002+0000] {processor.py:161} INFO - Started process (PID=61) to work on /home/airflow/.local/lib/python3.8/site-packages/airflow/example_dags/example_task_group.py
[2024-03-14T10:55:55.003+0000] {processor.py:830} INFO - Processing file /home/airflow/.local/lib/python3.8/site-packages/airflow/example_dags/example_task_group.py for tasks to queue
[2024-03-14T10:55:55.004+0000] {logging_mixin.py:188} INFO - [2024-03-14T10:55:55.004+0000] {dagbag.py:540} INFO - Filling up the DagBag from /home/airflow/.local/lib/python3.8/site-packages/airflow/example_dags/example_task_group.py
[2024-03-14T10:55:55.010+0000] {processor.py:840} INFO - DAG(s) 'example_task_group' retrieved from /home/airflow/.local/lib/python3.8/site-packages/airflow/example_dags/example_task_group.py
[2024-03-14T10:55:55.018+0000] {logging_mixin.py:188} INFO - [2024-03-14T10:55:55.018+0000] {dag.py:3047} INFO - Sync 1 DAGs
[2024-03-14T10:55:55.032+0000] {logging_mixin.py:188} INFO - [2024-03-14T10:55:55.032+0000] {dag.py:3834} INFO - Setting next_dagrun for example_task_group to 2024-03-13 00:00:00+00:00, run_after=2024-03-14 00:00:00+00:00
[2024-03-14T10:55:55.045+0000] {processor.py:183} INFO - Processing /home/airflow/.local/lib/python3.8/site-packages/airflow/example_dags/example_task_group.py took 0.045 seconds
[2024-03-14T10:56:25.080+0000] {processor.py:161} INFO - Started process (PID=116) to work on /home/airflow/.local/lib/python3.8/site-packages/airflow/example_dags/example_task_group.py
[2024-03-14T10:56:25.081+0000] {processor.py:830} INFO - Processing file /home/airflow/.local/lib/python3.8/site-packages/airflow/example_dags/example_task_group.py for tasks to queue
[2024-03-14T10:56:25.082+0000] {logging_mixin.py:188} INFO - [2024-03-14T10:56:25.082+0000] {dagbag.py:540} INFO - Filling up the DagBag from /home/airflow/.local/lib/python3.8/site-packages/airflow/example_dags/example_task_group.py
[2024-03-14T10:56:25.085+0000] {processor.py:840} INFO - DAG(s) 'example_task_group' retrieved from /home/airflow/.local/lib/python3.8/site-packages/airflow/example_dags/example_task_group.py
[2024-03-14T10:56:25.127+0000] {logging_mixin.py:188} INFO - [2024-03-14T10:56:25.127+0000] {dag.py:3047} INFO - Sync 1 DAGs
[2024-03-14T10:56:25.135+0000] {logging_mixin.py:188} INFO - [2024-03-14T10:56:25.135+0000] {dag.py:3834} INFO - Setting next_dagrun for example_task_group to 2024-03-13 00:00:00+00:00, run_after=2024-03-14 00:00:00+00:00
[2024-03-14T10:56:25.142+0000] {processor.py:183} INFO - Processing /home/airflow/.local/lib/python3.8/site-packages/airflow/example_dags/example_task_group.py took 0.063 seconds
[2024-03-14T10:56:55.184+0000] {processor.py:161} INFO - Started process (PID=171) to work on /home/airflow/.local/lib/python3.8/site-packages/airflow/example_dags/example_task_group.py
[2024-03-14T10:56:55.185+0000] {processor.py:830} INFO - Processing file /home/airflow/.local/lib/python3.8/site-packages/airflow/example_dags/example_task_group.py for tasks to queue
[2024-03-14T10:56:55.186+0000] {logging_mixin.py:188} INFO - [2024-03-14T10:56:55.185+0000] {dagbag.py:540} INFO - Filling up the DagBag from /home/airflow/.local/lib/python3.8/site-packages/airflow/example_dags/example_task_group.py
[2024-03-14T10:56:55.189+0000] {processor.py:840} INFO - DAG(s) 'example_task_group' retrieved from /home/airflow/.local/lib/python3.8/site-packages/airflow/example_dags/example_task_group.py
[2024-03-14T10:56:55.202+0000] {logging_mixin.py:188} INFO - [2024-03-14T10:56:55.202+0000] {dag.py:3047} INFO - Sync 1 DAGs
[2024-03-14T10:56:55.213+0000] {logging_mixin.py:188} INFO - [2024-03-14T10:56:55.213+0000] {dag.py:3834} INFO - Setting next_dagrun for example_task_group to 2024-03-13 00:00:00+00:00, run_after=2024-03-14 00:00:00+00:00
[2024-03-14T10:56:55.223+0000] {processor.py:183} INFO - Processing /home/airflow/.local/lib/python3.8/site-packages/airflow/example_dags/example_task_group.py took 0.040 seconds
[2024-03-14T10:57:25.595+0000] {processor.py:161} INFO - Started process (PID=225) to work on /home/airflow/.local/lib/python3.8/site-packages/airflow/example_dags/example_task_group.py
[2024-03-14T10:57:25.596+0000] {processor.py:830} INFO - Processing file /home/airflow/.local/lib/python3.8/site-packages/airflow/example_dags/example_task_group.py for tasks to queue
[2024-03-14T10:57:25.597+0000] {logging_mixin.py:188} INFO - [2024-03-14T10:57:25.597+0000] {dagbag.py:540} INFO - Filling up the DagBag from /home/airflow/.local/lib/python3.8/site-packages/airflow/example_dags/example_task_group.py
[2024-03-14T10:57:25.600+0000] {processor.py:840} INFO - DAG(s) 'example_task_group' retrieved from /home/airflow/.local/lib/python3.8/site-packages/airflow/example_dags/example_task_group.py
[2024-03-14T10:57:25.609+0000] {logging_mixin.py:188} INFO - [2024-03-14T10:57:25.609+0000] {dag.py:3047} INFO - Sync 1 DAGs
[2024-03-14T10:57:25.618+0000] {logging_mixin.py:188} INFO - [2024-03-14T10:57:25.618+0000] {dag.py:3834} INFO - Setting next_dagrun for example_task_group to 2024-03-13 00:00:00+00:00, run_after=2024-03-14 00:00:00+00:00
[2024-03-14T10:57:25.625+0000] {processor.py:183} INFO - Processing /home/airflow/.local/lib/python3.8/site-packages/airflow/example_dags/example_task_group.py took 0.031 seconds
[2024-03-14T10:57:56.041+0000] {processor.py:161} INFO - Started process (PID=280) to work on /home/airflow/.local/lib/python3.8/site-packages/airflow/example_dags/example_task_group.py
[2024-03-14T10:57:56.044+0000] {processor.py:830} INFO - Processing file /home/airflow/.local/lib/python3.8/site-packages/airflow/example_dags/example_task_group.py for tasks to queue
[2024-03-14T10:57:56.045+0000] {logging_mixin.py:188} INFO - [2024-03-14T10:57:56.045+0000] {dagbag.py:540} INFO - Filling up the DagBag from /home/airflow/.local/lib/python3.8/site-packages/airflow/example_dags/example_task_group.py
[2024-03-14T10:57:56.048+0000] {processor.py:840} INFO - DAG(s) 'example_task_group' retrieved from /home/airflow/.local/lib/python3.8/site-packages/airflow/example_dags/example_task_group.py
[2024-03-14T10:57:56.058+0000] {logging_mixin.py:188} INFO - [2024-03-14T10:57:56.057+0000] {dag.py:3047} INFO - Sync 1 DAGs
[2024-03-14T10:57:56.067+0000] {logging_mixin.py:188} INFO - [2024-03-14T10:57:56.066+0000] {dag.py:3834} INFO - Setting next_dagrun for example_task_group to 2024-03-13 00:00:00+00:00, run_after=2024-03-14 00:00:00+00:00
[2024-03-14T10:57:56.073+0000] {processor.py:183} INFO - Processing /home/airflow/.local/lib/python3.8/site-packages/airflow/example_dags/example_task_group.py took 0.034 seconds
[2024-03-14T10:58:26.322+0000] {processor.py:161} INFO - Started process (PID=335) to work on /home/airflow/.local/lib/python3.8/site-packages/airflow/example_dags/example_task_group.py
[2024-03-14T10:58:26.322+0000] {processor.py:830} INFO - Processing file /home/airflow/.local/lib/python3.8/site-packages/airflow/example_dags/example_task_group.py for tasks to queue
[2024-03-14T10:58:26.323+0000] {logging_mixin.py:188} INFO - [2024-03-14T10:58:26.323+0000] {dagbag.py:540} INFO - Filling up the DagBag from /home/airflow/.local/lib/python3.8/site-packages/airflow/example_dags/example_task_group.py
[2024-03-14T10:58:26.326+0000] {processor.py:840} INFO - DAG(s) 'example_task_group' retrieved from /home/airflow/.local/lib/python3.8/site-packages/airflow/example_dags/example_task_group.py
[2024-03-14T10:58:26.336+0000] {logging_mixin.py:188} INFO - [2024-03-14T10:58:26.336+0000] {dag.py:3047} INFO - Sync 1 DAGs
[2024-03-14T10:58:26.345+0000] {logging_mixin.py:188} INFO - [2024-03-14T10:58:26.345+0000] {dag.py:3834} INFO - Setting next_dagrun for example_task_group to 2024-03-13 00:00:00+00:00, run_after=2024-03-14 00:00:00+00:00
[2024-03-14T10:58:26.353+0000] {processor.py:183} INFO - Processing /home/airflow/.local/lib/python3.8/site-packages/airflow/example_dags/example_task_group.py took 0.032 seconds
[2024-03-14T10:58:56.740+0000] {processor.py:161} INFO - Started process (PID=390) to work on /home/airflow/.local/lib/python3.8/site-packages/airflow/example_dags/example_task_group.py
[2024-03-14T10:58:56.741+0000] {processor.py:830} INFO - Processing file /home/airflow/.local/lib/python3.8/site-packages/airflow/example_dags/example_task_group.py for tasks to queue
[2024-03-14T10:58:56.741+0000] {logging_mixin.py:188} INFO - [2024-03-14T10:58:56.741+0000] {dagbag.py:540} INFO - Filling up the DagBag from /home/airflow/.local/lib/python3.8/site-packages/airflow/example_dags/example_task_group.py
[2024-03-14T10:58:56.744+0000] {processor.py:840} INFO - DAG(s) 'example_task_group' retrieved from /home/airflow/.local/lib/python3.8/site-packages/airflow/example_dags/example_task_group.py
[2024-03-14T10:58:56.753+0000] {logging_mixin.py:188} INFO - [2024-03-14T10:58:56.753+0000] {dag.py:3047} INFO - Sync 1 DAGs
[2024-03-14T10:58:56.762+0000] {logging_mixin.py:188} INFO - [2024-03-14T10:58:56.761+0000] {dag.py:3834} INFO - Setting next_dagrun for example_task_group to 2024-03-13 00:00:00+00:00, run_after=2024-03-14 00:00:00+00:00
[2024-03-14T10:58:56.768+0000] {processor.py:183} INFO - Processing /home/airflow/.local/lib/python3.8/site-packages/airflow/example_dags/example_task_group.py took 0.029 seconds
[2024-03-14T10:59:27.134+0000] {processor.py:161} INFO - Started process (PID=445) to work on /home/airflow/.local/lib/python3.8/site-packages/airflow/example_dags/example_task_group.py
[2024-03-14T10:59:27.135+0000] {processor.py:830} INFO - Processing file /home/airflow/.local/lib/python3.8/site-packages/airflow/example_dags/example_task_group.py for tasks to queue
[2024-03-14T10:59:27.135+0000] {logging_mixin.py:188} INFO - [2024-03-14T10:59:27.135+0000] {dagbag.py:540} INFO - Filling up the DagBag from /home/airflow/.local/lib/python3.8/site-packages/airflow/example_dags/example_task_group.py
[2024-03-14T10:59:27.139+0000] {processor.py:840} INFO - DAG(s) 'example_task_group' retrieved from /home/airflow/.local/lib/python3.8/site-packages/airflow/example_dags/example_task_group.py
[2024-03-14T10:59:27.149+0000] {logging_mixin.py:188} INFO - [2024-03-14T10:59:27.149+0000] {dag.py:3047} INFO - Sync 1 DAGs
[2024-03-14T10:59:27.159+0000] {logging_mixin.py:188} INFO - [2024-03-14T10:59:27.158+0000] {dag.py:3834} INFO - Setting next_dagrun for example_task_group to 2024-03-13 00:00:00+00:00, run_after=2024-03-14 00:00:00+00:00
[2024-03-14T10:59:27.166+0000] {processor.py:183} INFO - Processing /home/airflow/.local/lib/python3.8/site-packages/airflow/example_dags/example_task_group.py took 0.034 seconds
[2024-03-14T10:59:57.510+0000] {processor.py:161} INFO - Started process (PID=500) to work on /home/airflow/.local/lib/python3.8/site-packages/airflow/example_dags/example_task_group.py
[2024-03-14T10:59:57.511+0000] {processor.py:830} INFO - Processing file /home/airflow/.local/lib/python3.8/site-packages/airflow/example_dags/example_task_group.py for tasks to queue
[2024-03-14T10:59:57.512+0000] {logging_mixin.py:188} INFO - [2024-03-14T10:59:57.512+0000] {dagbag.py:540} INFO - Filling up the DagBag from /home/airflow/.local/lib/python3.8/site-packages/airflow/example_dags/example_task_group.py
[2024-03-14T10:59:57.516+0000] {processor.py:840} INFO - DAG(s) 'example_task_group' retrieved from /home/airflow/.local/lib/python3.8/site-packages/airflow/example_dags/example_task_group.py
[2024-03-14T10:59:57.526+0000] {logging_mixin.py:188} INFO - [2024-03-14T10:59:57.526+0000] {dag.py:3047} INFO - Sync 1 DAGs
[2024-03-14T10:59:57.535+0000] {logging_mixin.py:188} INFO - [2024-03-14T10:59:57.535+0000] {dag.py:3834} INFO - Setting next_dagrun for example_task_group to 2024-03-13 00:00:00+00:00, run_after=2024-03-14 00:00:00+00:00
[2024-03-14T10:59:57.543+0000] {processor.py:183} INFO - Processing /home/airflow/.local/lib/python3.8/site-packages/airflow/example_dags/example_task_group.py took 0.034 seconds
[2024-03-14T11:00:27.919+0000] {processor.py:161} INFO - Started process (PID=554) to work on /home/airflow/.local/lib/python3.8/site-packages/airflow/example_dags/example_task_group.py
[2024-03-14T11:00:27.919+0000] {processor.py:830} INFO - Processing file /home/airflow/.local/lib/python3.8/site-packages/airflow/example_dags/example_task_group.py for tasks to queue
[2024-03-14T11:00:27.920+0000] {logging_mixin.py:188} INFO - [2024-03-14T11:00:27.920+0000] {dagbag.py:540} INFO - Filling up the DagBag from /home/airflow/.local/lib/python3.8/site-packages/airflow/example_dags/example_task_group.py
[2024-03-14T11:00:27.923+0000] {processor.py:840} INFO - DAG(s) 'example_task_group' retrieved from /home/airflow/.local/lib/python3.8/site-packages/airflow/example_dags/example_task_group.py
[2024-03-14T11:00:27.934+0000] {logging_mixin.py:188} INFO - [2024-03-14T11:00:27.933+0000] {dag.py:3047} INFO - Sync 1 DAGs
[2024-03-14T11:00:27.942+0000] {logging_mixin.py:188} INFO - [2024-03-14T11:00:27.942+0000] {dag.py:3834} INFO - Setting next_dagrun for example_task_group to 2024-03-13 00:00:00+00:00, run_after=2024-03-14 00:00:00+00:00
[2024-03-14T11:00:27.950+0000] {processor.py:183} INFO - Processing /home/airflow/.local/lib/python3.8/site-packages/airflow/example_dags/example_task_group.py took 0.033 seconds
[2024-03-14T11:00:58.345+0000] {processor.py:161} INFO - Started process (PID=609) to work on /home/airflow/.local/lib/python3.8/site-packages/airflow/example_dags/example_task_group.py
[2024-03-14T11:00:58.346+0000] {processor.py:830} INFO - Processing file /home/airflow/.local/lib/python3.8/site-packages/airflow/example_dags/example_task_group.py for tasks to queue
[2024-03-14T11:00:58.347+0000] {logging_mixin.py:188} INFO - [2024-03-14T11:00:58.347+0000] {dagbag.py:540} INFO - Filling up the DagBag from /home/airflow/.local/lib/python3.8/site-packages/airflow/example_dags/example_task_group.py
[2024-03-14T11:00:58.350+0000] {processor.py:840} INFO - DAG(s) 'example_task_group' retrieved from /home/airflow/.local/lib/python3.8/site-packages/airflow/example_dags/example_task_group.py
[2024-03-14T11:00:58.359+0000] {logging_mixin.py:188} INFO - [2024-03-14T11:00:58.359+0000] {dag.py:3047} INFO - Sync 1 DAGs
[2024-03-14T11:00:58.367+0000] {logging_mixin.py:188} INFO - [2024-03-14T11:00:58.367+0000] {dag.py:3834} INFO - Setting next_dagrun for example_task_group to 2024-03-13 00:00:00+00:00, run_after=2024-03-14 00:00:00+00:00
[2024-03-14T11:00:58.374+0000] {processor.py:183} INFO - Processing /home/airflow/.local/lib/python3.8/site-packages/airflow/example_dags/example_task_group.py took 0.030 seconds
[2024-03-14T11:01:28.914+0000] {processor.py:161} INFO - Started process (PID=663) to work on /home/airflow/.local/lib/python3.8/site-packages/airflow/example_dags/example_task_group.py
[2024-03-14T11:01:28.914+0000] {processor.py:830} INFO - Processing file /home/airflow/.local/lib/python3.8/site-packages/airflow/example_dags/example_task_group.py for tasks to queue
[2024-03-14T11:01:28.915+0000] {logging_mixin.py:188} INFO - [2024-03-14T11:01:28.915+0000] {dagbag.py:540} INFO - Filling up the DagBag from /home/airflow/.local/lib/python3.8/site-packages/airflow/example_dags/example_task_group.py
[2024-03-14T11:01:28.918+0000] {processor.py:840} INFO - DAG(s) 'example_task_group' retrieved from /home/airflow/.local/lib/python3.8/site-packages/airflow/example_dags/example_task_group.py
[2024-03-14T11:01:28.928+0000] {logging_mixin.py:188} INFO - [2024-03-14T11:01:28.928+0000] {dag.py:3047} INFO - Sync 1 DAGs
[2024-03-14T11:01:28.938+0000] {logging_mixin.py:188} INFO - [2024-03-14T11:01:28.938+0000] {dag.py:3834} INFO - Setting next_dagrun for example_task_group to 2024-03-13 00:00:00+00:00, run_after=2024-03-14 00:00:00+00:00
[2024-03-14T11:01:28.945+0000] {processor.py:183} INFO - Processing /home/airflow/.local/lib/python3.8/site-packages/airflow/example_dags/example_task_group.py took 0.033 seconds
[2024-03-14T11:01:59.373+0000] {processor.py:161} INFO - Started process (PID=718) to work on /home/airflow/.local/lib/python3.8/site-packages/airflow/example_dags/example_task_group.py
[2024-03-14T11:01:59.374+0000] {processor.py:830} INFO - Processing file /home/airflow/.local/lib/python3.8/site-packages/airflow/example_dags/example_task_group.py for tasks to queue
[2024-03-14T11:01:59.376+0000] {logging_mixin.py:188} INFO - [2024-03-14T11:01:59.376+0000] {dagbag.py:540} INFO - Filling up the DagBag from /home/airflow/.local/lib/python3.8/site-packages/airflow/example_dags/example_task_group.py
[2024-03-14T11:01:59.381+0000] {processor.py:840} INFO - DAG(s) 'example_task_group' retrieved from /home/airflow/.local/lib/python3.8/site-packages/airflow/example_dags/example_task_group.py
[2024-03-14T11:01:59.396+0000] {logging_mixin.py:188} INFO - [2024-03-14T11:01:59.396+0000] {dag.py:3047} INFO - Sync 1 DAGs
[2024-03-14T11:01:59.408+0000] {logging_mixin.py:188} INFO - [2024-03-14T11:01:59.408+0000] {dag.py:3834} INFO - Setting next_dagrun for example_task_group to 2024-03-13 00:00:00+00:00, run_after=2024-03-14 00:00:00+00:00
[2024-03-14T11:01:59.417+0000] {processor.py:183} INFO - Processing /home/airflow/.local/lib/python3.8/site-packages/airflow/example_dags/example_task_group.py took 0.046 seconds
[2024-03-14T11:02:29.901+0000] {processor.py:161} INFO - Started process (PID=774) to work on /home/airflow/.local/lib/python3.8/site-packages/airflow/example_dags/example_task_group.py
[2024-03-14T11:02:29.901+0000] {processor.py:830} INFO - Processing file /home/airflow/.local/lib/python3.8/site-packages/airflow/example_dags/example_task_group.py for tasks to queue
[2024-03-14T11:02:29.903+0000] {logging_mixin.py:188} INFO - [2024-03-14T11:02:29.903+0000] {dagbag.py:540} INFO - Filling up the DagBag from /home/airflow/.local/lib/python3.8/site-packages/airflow/example_dags/example_task_group.py
[2024-03-14T11:02:29.906+0000] {processor.py:840} INFO - DAG(s) 'example_task_group' retrieved from /home/airflow/.local/lib/python3.8/site-packages/airflow/example_dags/example_task_group.py
[2024-03-14T11:02:29.918+0000] {logging_mixin.py:188} INFO - [2024-03-14T11:02:29.917+0000] {dag.py:3047} INFO - Sync 1 DAGs
[2024-03-14T11:02:29.927+0000] {logging_mixin.py:188} INFO - [2024-03-14T11:02:29.927+0000] {dag.py:3834} INFO - Setting next_dagrun for example_task_group to 2024-03-13 00:00:00+00:00, run_after=2024-03-14 00:00:00+00:00
[2024-03-14T11:02:29.937+0000] {processor.py:183} INFO - Processing /home/airflow/.local/lib/python3.8/site-packages/airflow/example_dags/example_task_group.py took 0.038 seconds
[2024-03-14T11:03:00.384+0000] {processor.py:161} INFO - Started process (PID=829) to work on /home/airflow/.local/lib/python3.8/site-packages/airflow/example_dags/example_task_group.py
[2024-03-14T11:03:00.385+0000] {processor.py:830} INFO - Processing file /home/airflow/.local/lib/python3.8/site-packages/airflow/example_dags/example_task_group.py for tasks to queue
[2024-03-14T11:03:00.386+0000] {logging_mixin.py:188} INFO - [2024-03-14T11:03:00.385+0000] {dagbag.py:540} INFO - Filling up the DagBag from /home/airflow/.local/lib/python3.8/site-packages/airflow/example_dags/example_task_group.py
[2024-03-14T11:03:00.389+0000] {processor.py:840} INFO - DAG(s) 'example_task_group' retrieved from /home/airflow/.local/lib/python3.8/site-packages/airflow/example_dags/example_task_group.py
[2024-03-14T11:03:00.400+0000] {logging_mixin.py:188} INFO - [2024-03-14T11:03:00.399+0000] {dag.py:3047} INFO - Sync 1 DAGs
[2024-03-14T11:03:00.409+0000] {logging_mixin.py:188} INFO - [2024-03-14T11:03:00.409+0000] {dag.py:3834} INFO - Setting next_dagrun for example_task_group to 2024-03-13 00:00:00+00:00, run_after=2024-03-14 00:00:00+00:00
[2024-03-14T11:03:00.416+0000] {processor.py:183} INFO - Processing /home/airflow/.local/lib/python3.8/site-packages/airflow/example_dags/example_task_group.py took 0.033 seconds
[2024-03-14T11:03:30.815+0000] {processor.py:161} INFO - Started process (PID=884) to work on /home/airflow/.local/lib/python3.8/site-packages/airflow/example_dags/example_task_group.py
[2024-03-14T11:03:30.816+0000] {processor.py:830} INFO - Processing file /home/airflow/.local/lib/python3.8/site-packages/airflow/example_dags/example_task_group.py for tasks to queue
[2024-03-14T11:03:30.817+0000] {logging_mixin.py:188} INFO - [2024-03-14T11:03:30.817+0000] {dagbag.py:540} INFO - Filling up the DagBag from /home/airflow/.local/lib/python3.8/site-packages/airflow/example_dags/example_task_group.py
[2024-03-14T11:03:30.820+0000] {processor.py:840} INFO - DAG(s) 'example_task_group' retrieved from /home/airflow/.local/lib/python3.8/site-packages/airflow/example_dags/example_task_group.py
[2024-03-14T11:03:30.831+0000] {logging_mixin.py:188} INFO - [2024-03-14T11:03:30.831+0000] {dag.py:3047} INFO - Sync 1 DAGs
[2024-03-14T11:03:30.841+0000] {logging_mixin.py:188} INFO - [2024-03-14T11:03:30.840+0000] {dag.py:3834} INFO - Setting next_dagrun for example_task_group to 2024-03-13 00:00:00+00:00, run_after=2024-03-14 00:00:00+00:00
[2024-03-14T11:03:30.848+0000] {processor.py:183} INFO - Processing /home/airflow/.local/lib/python3.8/site-packages/airflow/example_dags/example_task_group.py took 0.034 seconds
[2024-03-14T11:04:01.268+0000] {processor.py:161} INFO - Started process (PID=939) to work on /home/airflow/.local/lib/python3.8/site-packages/airflow/example_dags/example_task_group.py
[2024-03-14T11:04:01.268+0000] {processor.py:830} INFO - Processing file /home/airflow/.local/lib/python3.8/site-packages/airflow/example_dags/example_task_group.py for tasks to queue
[2024-03-14T11:04:01.269+0000] {logging_mixin.py:188} INFO - [2024-03-14T11:04:01.269+0000] {dagbag.py:540} INFO - Filling up the DagBag from /home/airflow/.local/lib/python3.8/site-packages/airflow/example_dags/example_task_group.py
[2024-03-14T11:04:01.273+0000] {processor.py:840} INFO - DAG(s) 'example_task_group' retrieved from /home/airflow/.local/lib/python3.8/site-packages/airflow/example_dags/example_task_group.py
[2024-03-14T11:04:01.283+0000] {logging_mixin.py:188} INFO - [2024-03-14T11:04:01.283+0000] {dag.py:3047} INFO - Sync 1 DAGs
[2024-03-14T11:04:01.293+0000] {logging_mixin.py:188} INFO - [2024-03-14T11:04:01.293+0000] {dag.py:3834} INFO - Setting next_dagrun for example_task_group to 2024-03-13 00:00:00+00:00, run_after=2024-03-14 00:00:00+00:00
[2024-03-14T11:04:01.301+0000] {processor.py:183} INFO - Processing /home/airflow/.local/lib/python3.8/site-packages/airflow/example_dags/example_task_group.py took 0.034 seconds
[2024-03-14T11:04:31.722+0000] {processor.py:161} INFO - Started process (PID=994) to work on /home/airflow/.local/lib/python3.8/site-packages/airflow/example_dags/example_task_group.py
[2024-03-14T11:04:31.722+0000] {processor.py:830} INFO - Processing file /home/airflow/.local/lib/python3.8/site-packages/airflow/example_dags/example_task_group.py for tasks to queue
[2024-03-14T11:04:31.723+0000] {logging_mixin.py:188} INFO - [2024-03-14T11:04:31.723+0000] {dagbag.py:540} INFO - Filling up the DagBag from /home/airflow/.local/lib/python3.8/site-packages/airflow/example_dags/example_task_group.py
[2024-03-14T11:04:31.726+0000] {processor.py:840} INFO - DAG(s) 'example_task_group' retrieved from /home/airflow/.local/lib/python3.8/site-packages/airflow/example_dags/example_task_group.py
[2024-03-14T11:04:31.737+0000] {logging_mixin.py:188} INFO - [2024-03-14T11:04:31.736+0000] {dag.py:3047} INFO - Sync 1 DAGs
[2024-03-14T11:04:31.745+0000] {logging_mixin.py:188} INFO - [2024-03-14T11:04:31.745+0000] {dag.py:3834} INFO - Setting next_dagrun for example_task_group to 2024-03-13 00:00:00+00:00, run_after=2024-03-14 00:00:00+00:00
[2024-03-14T11:04:31.753+0000] {processor.py:183} INFO - Processing /home/airflow/.local/lib/python3.8/site-packages/airflow/example_dags/example_task_group.py took 0.032 seconds
[2024-03-14T11:05:02.111+0000] {processor.py:161} INFO - Started process (PID=1049) to work on /home/airflow/.local/lib/python3.8/site-packages/airflow/example_dags/example_task_group.py
[2024-03-14T11:05:02.111+0000] {processor.py:830} INFO - Processing file /home/airflow/.local/lib/python3.8/site-packages/airflow/example_dags/example_task_group.py for tasks to queue
[2024-03-14T11:05:02.112+0000] {logging_mixin.py:188} INFO - [2024-03-14T11:05:02.112+0000] {dagbag.py:540} INFO - Filling up the DagBag from /home/airflow/.local/lib/python3.8/site-packages/airflow/example_dags/example_task_group.py
[2024-03-14T11:05:02.115+0000] {processor.py:840} INFO - DAG(s) 'example_task_group' retrieved from /home/airflow/.local/lib/python3.8/site-packages/airflow/example_dags/example_task_group.py
[2024-03-14T11:05:02.125+0000] {logging_mixin.py:188} INFO - [2024-03-14T11:05:02.125+0000] {dag.py:3047} INFO - Sync 1 DAGs
[2024-03-14T11:05:02.134+0000] {logging_mixin.py:188} INFO - [2024-03-14T11:05:02.134+0000] {dag.py:3834} INFO - Setting next_dagrun for example_task_group to 2024-03-13 00:00:00+00:00, run_after=2024-03-14 00:00:00+00:00
[2024-03-14T11:05:02.141+0000] {processor.py:183} INFO - Processing /home/airflow/.local/lib/python3.8/site-packages/airflow/example_dags/example_task_group.py took 0.032 seconds
[2024-03-14T11:05:32.558+0000] {processor.py:161} INFO - Started process (PID=1104) to work on /home/airflow/.local/lib/python3.8/site-packages/airflow/example_dags/example_task_group.py
[2024-03-14T11:05:32.561+0000] {processor.py:830} INFO - Processing file /home/airflow/.local/lib/python3.8/site-packages/airflow/example_dags/example_task_group.py for tasks to queue
[2024-03-14T11:05:32.562+0000] {logging_mixin.py:188} INFO - [2024-03-14T11:05:32.562+0000] {dagbag.py:540} INFO - Filling up the DagBag from /home/airflow/.local/lib/python3.8/site-packages/airflow/example_dags/example_task_group.py
[2024-03-14T11:05:32.567+0000] {processor.py:840} INFO - DAG(s) 'example_task_group' retrieved from /home/airflow/.local/lib/python3.8/site-packages/airflow/example_dags/example_task_group.py
[2024-03-14T11:05:32.576+0000] {logging_mixin.py:188} INFO - [2024-03-14T11:05:32.575+0000] {dag.py:3047} INFO - Sync 1 DAGs
[2024-03-14T11:05:32.584+0000] {logging_mixin.py:188} INFO - [2024-03-14T11:05:32.584+0000] {dag.py:3834} INFO - Setting next_dagrun for example_task_group to 2024-03-13 00:00:00+00:00, run_after=2024-03-14 00:00:00+00:00
[2024-03-14T11:05:32.594+0000] {processor.py:183} INFO - Processing /home/airflow/.local/lib/python3.8/site-packages/airflow/example_dags/example_task_group.py took 0.037 seconds
[2024-03-14T11:06:03.040+0000] {processor.py:161} INFO - Started process (PID=1159) to work on /home/airflow/.local/lib/python3.8/site-packages/airflow/example_dags/example_task_group.py
[2024-03-14T11:06:03.041+0000] {processor.py:830} INFO - Processing file /home/airflow/.local/lib/python3.8/site-packages/airflow/example_dags/example_task_group.py for tasks to queue
[2024-03-14T11:06:03.042+0000] {logging_mixin.py:188} INFO - [2024-03-14T11:06:03.042+0000] {dagbag.py:540} INFO - Filling up the DagBag from /home/airflow/.local/lib/python3.8/site-packages/airflow/example_dags/example_task_group.py
[2024-03-14T11:06:03.045+0000] {processor.py:840} INFO - DAG(s) 'example_task_group' retrieved from /home/airflow/.local/lib/python3.8/site-packages/airflow/example_dags/example_task_group.py
[2024-03-14T11:06:03.054+0000] {logging_mixin.py:188} INFO - [2024-03-14T11:06:03.054+0000] {dag.py:3047} INFO - Sync 1 DAGs
[2024-03-14T11:06:03.062+0000] {logging_mixin.py:188} INFO - [2024-03-14T11:06:03.062+0000] {dag.py:3834} INFO - Setting next_dagrun for example_task_group to 2024-03-13 00:00:00+00:00, run_after=2024-03-14 00:00:00+00:00
[2024-03-14T11:06:03.068+0000] {processor.py:183} INFO - Processing /home/airflow/.local/lib/python3.8/site-packages/airflow/example_dags/example_task_group.py took 0.030 seconds
[2024-03-14T11:06:33.441+0000] {processor.py:161} INFO - Started process (PID=1214) to work on /home/airflow/.local/lib/python3.8/site-packages/airflow/example_dags/example_task_group.py
[2024-03-14T11:06:33.442+0000] {processor.py:830} INFO - Processing file /home/airflow/.local/lib/python3.8/site-packages/airflow/example_dags/example_task_group.py for tasks to queue
[2024-03-14T11:06:33.443+0000] {logging_mixin.py:188} INFO - [2024-03-14T11:06:33.443+0000] {dagbag.py:540} INFO - Filling up the DagBag from /home/airflow/.local/lib/python3.8/site-packages/airflow/example_dags/example_task_group.py
[2024-03-14T11:06:33.446+0000] {processor.py:840} INFO - DAG(s) 'example_task_group' retrieved from /home/airflow/.local/lib/python3.8/site-packages/airflow/example_dags/example_task_group.py
[2024-03-14T11:06:33.457+0000] {logging_mixin.py:188} INFO - [2024-03-14T11:06:33.457+0000] {dag.py:3047} INFO - Sync 1 DAGs
[2024-03-14T11:06:33.468+0000] {logging_mixin.py:188} INFO - [2024-03-14T11:06:33.468+0000] {dag.py:3834} INFO - Setting next_dagrun for example_task_group to 2024-03-13 00:00:00+00:00, run_after=2024-03-14 00:00:00+00:00
[2024-03-14T11:06:33.476+0000] {processor.py:183} INFO - Processing /home/airflow/.local/lib/python3.8/site-packages/airflow/example_dags/example_task_group.py took 0.036 seconds
[2024-03-14T11:07:03.848+0000] {processor.py:161} INFO - Started process (PID=1268) to work on /home/airflow/.local/lib/python3.8/site-packages/airflow/example_dags/example_task_group.py
[2024-03-14T11:07:03.848+0000] {processor.py:830} INFO - Processing file /home/airflow/.local/lib/python3.8/site-packages/airflow/example_dags/example_task_group.py for tasks to queue
[2024-03-14T11:07:03.849+0000] {logging_mixin.py:188} INFO - [2024-03-14T11:07:03.849+0000] {dagbag.py:540} INFO - Filling up the DagBag from /home/airflow/.local/lib/python3.8/site-packages/airflow/example_dags/example_task_group.py
[2024-03-14T11:07:03.853+0000] {processor.py:840} INFO - DAG(s) 'example_task_group' retrieved from /home/airflow/.local/lib/python3.8/site-packages/airflow/example_dags/example_task_group.py
[2024-03-14T11:07:03.863+0000] {logging_mixin.py:188} INFO - [2024-03-14T11:07:03.863+0000] {dag.py:3047} INFO - Sync 1 DAGs
[2024-03-14T11:07:03.873+0000] {logging_mixin.py:188} INFO - [2024-03-14T11:07:03.872+0000] {dag.py:3834} INFO - Setting next_dagrun for example_task_group to 2024-03-13 00:00:00+00:00, run_after=2024-03-14 00:00:00+00:00
[2024-03-14T11:07:03.879+0000] {processor.py:183} INFO - Processing /home/airflow/.local/lib/python3.8/site-packages/airflow/example_dags/example_task_group.py took 0.034 seconds
[2024-03-14T11:07:34.272+0000] {processor.py:161} INFO - Started process (PID=1323) to work on /home/airflow/.local/lib/python3.8/site-packages/airflow/example_dags/example_task_group.py
[2024-03-14T11:07:34.273+0000] {processor.py:830} INFO - Processing file /home/airflow/.local/lib/python3.8/site-packages/airflow/example_dags/example_task_group.py for tasks to queue
[2024-03-14T11:07:34.274+0000] {logging_mixin.py:188} INFO - [2024-03-14T11:07:34.274+0000] {dagbag.py:540} INFO - Filling up the DagBag from /home/airflow/.local/lib/python3.8/site-packages/airflow/example_dags/example_task_group.py
[2024-03-14T11:07:34.278+0000] {processor.py:840} INFO - DAG(s) 'example_task_group' retrieved from /home/airflow/.local/lib/python3.8/site-packages/airflow/example_dags/example_task_group.py
[2024-03-14T11:07:34.288+0000] {logging_mixin.py:188} INFO - [2024-03-14T11:07:34.288+0000] {dag.py:3047} INFO - Sync 1 DAGs
[2024-03-14T11:07:34.297+0000] {logging_mixin.py:188} INFO - [2024-03-14T11:07:34.297+0000] {dag.py:3834} INFO - Setting next_dagrun for example_task_group to 2024-03-13 00:00:00+00:00, run_after=2024-03-14 00:00:00+00:00
[2024-03-14T11:07:34.304+0000] {processor.py:183} INFO - Processing /home/airflow/.local/lib/python3.8/site-packages/airflow/example_dags/example_task_group.py took 0.034 seconds
[2024-03-14T11:08:04.645+0000] {processor.py:161} INFO - Started process (PID=1378) to work on /home/airflow/.local/lib/python3.8/site-packages/airflow/example_dags/example_task_group.py
[2024-03-14T11:08:04.645+0000] {processor.py:830} INFO - Processing file /home/airflow/.local/lib/python3.8/site-packages/airflow/example_dags/example_task_group.py for tasks to queue
[2024-03-14T11:08:04.646+0000] {logging_mixin.py:188} INFO - [2024-03-14T11:08:04.646+0000] {dagbag.py:540} INFO - Filling up the DagBag from /home/airflow/.local/lib/python3.8/site-packages/airflow/example_dags/example_task_group.py
[2024-03-14T11:08:04.650+0000] {processor.py:840} INFO - DAG(s) 'example_task_group' retrieved from /home/airflow/.local/lib/python3.8/site-packages/airflow/example_dags/example_task_group.py
[2024-03-14T11:08:04.661+0000] {logging_mixin.py:188} INFO - [2024-03-14T11:08:04.661+0000] {dag.py:3047} INFO - Sync 1 DAGs
[2024-03-14T11:08:04.670+0000] {logging_mixin.py:188} INFO - [2024-03-14T11:08:04.670+0000] {dag.py:3834} INFO - Setting next_dagrun for example_task_group to 2024-03-13 00:00:00+00:00, run_after=2024-03-14 00:00:00+00:00
[2024-03-14T11:08:04.677+0000] {processor.py:183} INFO - Processing /home/airflow/.local/lib/python3.8/site-packages/airflow/example_dags/example_task_group.py took 0.035 seconds
[2024-03-14T11:08:34.924+0000] {processor.py:161} INFO - Started process (PID=1433) to work on /home/airflow/.local/lib/python3.8/site-packages/airflow/example_dags/example_task_group.py
[2024-03-14T11:08:34.925+0000] {processor.py:830} INFO - Processing file /home/airflow/.local/lib/python3.8/site-packages/airflow/example_dags/example_task_group.py for tasks to queue
[2024-03-14T11:08:34.926+0000] {logging_mixin.py:188} INFO - [2024-03-14T11:08:34.926+0000] {dagbag.py:540} INFO - Filling up the DagBag from /home/airflow/.local/lib/python3.8/site-packages/airflow/example_dags/example_task_group.py
[2024-03-14T11:08:34.930+0000] {processor.py:840} INFO - DAG(s) 'example_task_group' retrieved from /home/airflow/.local/lib/python3.8/site-packages/airflow/example_dags/example_task_group.py
[2024-03-14T11:08:34.940+0000] {logging_mixin.py:188} INFO - [2024-03-14T11:08:34.939+0000] {dag.py:3047} INFO - Sync 1 DAGs
[2024-03-14T11:08:34.949+0000] {logging_mixin.py:188} INFO - [2024-03-14T11:08:34.949+0000] {dag.py:3834} INFO - Setting next_dagrun for example_task_group to 2024-03-13 00:00:00+00:00, run_after=2024-03-14 00:00:00+00:00
[2024-03-14T11:08:34.956+0000] {processor.py:183} INFO - Processing /home/airflow/.local/lib/python3.8/site-packages/airflow/example_dags/example_task_group.py took 0.034 seconds
[2024-03-14T11:09:05.288+0000] {processor.py:161} INFO - Started process (PID=1488) to work on /home/airflow/.local/lib/python3.8/site-packages/airflow/example_dags/example_task_group.py
[2024-03-14T11:09:05.288+0000] {processor.py:830} INFO - Processing file /home/airflow/.local/lib/python3.8/site-packages/airflow/example_dags/example_task_group.py for tasks to queue
[2024-03-14T11:09:05.289+0000] {logging_mixin.py:188} INFO - [2024-03-14T11:09:05.289+0000] {dagbag.py:540} INFO - Filling up the DagBag from /home/airflow/.local/lib/python3.8/site-packages/airflow/example_dags/example_task_group.py
[2024-03-14T11:09:05.292+0000] {processor.py:840} INFO - DAG(s) 'example_task_group' retrieved from /home/airflow/.local/lib/python3.8/site-packages/airflow/example_dags/example_task_group.py
[2024-03-14T11:09:05.303+0000] {logging_mixin.py:188} INFO - [2024-03-14T11:09:05.302+0000] {dag.py:3047} INFO - Sync 1 DAGs
[2024-03-14T11:09:05.312+0000] {logging_mixin.py:188} INFO - [2024-03-14T11:09:05.312+0000] {dag.py:3834} INFO - Setting next_dagrun for example_task_group to 2024-03-13 00:00:00+00:00, run_after=2024-03-14 00:00:00+00:00
[2024-03-14T11:09:05.320+0000] {processor.py:183} INFO - Processing /home/airflow/.local/lib/python3.8/site-packages/airflow/example_dags/example_task_group.py took 0.033 seconds
[2024-03-14T11:09:35.661+0000] {processor.py:161} INFO - Started process (PID=1543) to work on /home/airflow/.local/lib/python3.8/site-packages/airflow/example_dags/example_task_group.py
[2024-03-14T11:09:35.662+0000] {processor.py:830} INFO - Processing file /home/airflow/.local/lib/python3.8/site-packages/airflow/example_dags/example_task_group.py for tasks to queue
[2024-03-14T11:09:35.663+0000] {logging_mixin.py:188} INFO - [2024-03-14T11:09:35.663+0000] {dagbag.py:540} INFO - Filling up the DagBag from /home/airflow/.local/lib/python3.8/site-packages/airflow/example_dags/example_task_group.py
[2024-03-14T11:09:35.666+0000] {processor.py:840} INFO - DAG(s) 'example_task_group' retrieved from /home/airflow/.local/lib/python3.8/site-packages/airflow/example_dags/example_task_group.py
[2024-03-14T11:09:35.677+0000] {logging_mixin.py:188} INFO - [2024-03-14T11:09:35.677+0000] {dag.py:3047} INFO - Sync 1 DAGs
[2024-03-14T11:09:35.687+0000] {logging_mixin.py:188} INFO - [2024-03-14T11:09:35.686+0000] {dag.py:3834} INFO - Setting next_dagrun for example_task_group to 2024-03-13 00:00:00+00:00, run_after=2024-03-14 00:00:00+00:00
[2024-03-14T11:09:35.695+0000] {processor.py:183} INFO - Processing /home/airflow/.local/lib/python3.8/site-packages/airflow/example_dags/example_task_group.py took 0.035 seconds
[2024-03-14T11:10:06.088+0000] {processor.py:161} INFO - Started process (PID=1597) to work on /home/airflow/.local/lib/python3.8/site-packages/airflow/example_dags/example_task_group.py
[2024-03-14T11:10:06.089+0000] {processor.py:830} INFO - Processing file /home/airflow/.local/lib/python3.8/site-packages/airflow/example_dags/example_task_group.py for tasks to queue
[2024-03-14T11:10:06.090+0000] {logging_mixin.py:188} INFO - [2024-03-14T11:10:06.089+0000] {dagbag.py:540} INFO - Filling up the DagBag from /home/airflow/.local/lib/python3.8/site-packages/airflow/example_dags/example_task_group.py
[2024-03-14T11:10:06.093+0000] {processor.py:840} INFO - DAG(s) 'example_task_group' retrieved from /home/airflow/.local/lib/python3.8/site-packages/airflow/example_dags/example_task_group.py
[2024-03-14T11:10:06.103+0000] {logging_mixin.py:188} INFO - [2024-03-14T11:10:06.103+0000] {dag.py:3047} INFO - Sync 1 DAGs
[2024-03-14T11:10:06.112+0000] {logging_mixin.py:188} INFO - [2024-03-14T11:10:06.112+0000] {dag.py:3834} INFO - Setting next_dagrun for example_task_group to 2024-03-13 00:00:00+00:00, run_after=2024-03-14 00:00:00+00:00
[2024-03-14T11:10:06.120+0000] {processor.py:183} INFO - Processing /home/airflow/.local/lib/python3.8/site-packages/airflow/example_dags/example_task_group.py took 0.033 seconds
[2024-03-14T11:10:36.475+0000] {processor.py:161} INFO - Started process (PID=1652) to work on /home/airflow/.local/lib/python3.8/site-packages/airflow/example_dags/example_task_group.py
[2024-03-14T11:10:36.475+0000] {processor.py:830} INFO - Processing file /home/airflow/.local/lib/python3.8/site-packages/airflow/example_dags/example_task_group.py for tasks to queue
[2024-03-14T11:10:36.476+0000] {logging_mixin.py:188} INFO - [2024-03-14T11:10:36.476+0000] {dagbag.py:540} INFO - Filling up the DagBag from /home/airflow/.local/lib/python3.8/site-packages/airflow/example_dags/example_task_group.py
[2024-03-14T11:10:36.479+0000] {processor.py:840} INFO - DAG(s) 'example_task_group' retrieved from /home/airflow/.local/lib/python3.8/site-packages/airflow/example_dags/example_task_group.py
[2024-03-14T11:10:36.488+0000] {logging_mixin.py:188} INFO - [2024-03-14T11:10:36.488+0000] {dag.py:3047} INFO - Sync 1 DAGs
[2024-03-14T11:10:36.496+0000] {logging_mixin.py:188} INFO - [2024-03-14T11:10:36.496+0000] {dag.py:3834} INFO - Setting next_dagrun for example_task_group to 2024-03-13 00:00:00+00:00, run_after=2024-03-14 00:00:00+00:00
[2024-03-14T11:10:36.503+0000] {processor.py:183} INFO - Processing /home/airflow/.local/lib/python3.8/site-packages/airflow/example_dags/example_task_group.py took 0.029 seconds
[2024-03-14T11:11:06.843+0000] {processor.py:161} INFO - Started process (PID=1707) to work on /home/airflow/.local/lib/python3.8/site-packages/airflow/example_dags/example_task_group.py
[2024-03-14T11:11:06.844+0000] {processor.py:830} INFO - Processing file /home/airflow/.local/lib/python3.8/site-packages/airflow/example_dags/example_task_group.py for tasks to queue
[2024-03-14T11:11:06.845+0000] {logging_mixin.py:188} INFO - [2024-03-14T11:11:06.845+0000] {dagbag.py:540} INFO - Filling up the DagBag from /home/airflow/.local/lib/python3.8/site-packages/airflow/example_dags/example_task_group.py
[2024-03-14T11:11:06.849+0000] {processor.py:840} INFO - DAG(s) 'example_task_group' retrieved from /home/airflow/.local/lib/python3.8/site-packages/airflow/example_dags/example_task_group.py
[2024-03-14T11:11:06.861+0000] {logging_mixin.py:188} INFO - [2024-03-14T11:11:06.861+0000] {dag.py:3047} INFO - Sync 1 DAGs
[2024-03-14T11:11:06.875+0000] {logging_mixin.py:188} INFO - [2024-03-14T11:11:06.874+0000] {dag.py:3834} INFO - Setting next_dagrun for example_task_group to 2024-03-13 00:00:00+00:00, run_after=2024-03-14 00:00:00+00:00
[2024-03-14T11:11:06.889+0000] {processor.py:183} INFO - Processing /home/airflow/.local/lib/python3.8/site-packages/airflow/example_dags/example_task_group.py took 0.048 seconds
[2024-03-14T11:11:37.265+0000] {processor.py:161} INFO - Started process (PID=1761) to work on /home/airflow/.local/lib/python3.8/site-packages/airflow/example_dags/example_task_group.py
[2024-03-14T11:11:37.265+0000] {processor.py:830} INFO - Processing file /home/airflow/.local/lib/python3.8/site-packages/airflow/example_dags/example_task_group.py for tasks to queue
[2024-03-14T11:11:37.266+0000] {logging_mixin.py:188} INFO - [2024-03-14T11:11:37.266+0000] {dagbag.py:540} INFO - Filling up the DagBag from /home/airflow/.local/lib/python3.8/site-packages/airflow/example_dags/example_task_group.py
[2024-03-14T11:11:37.270+0000] {processor.py:840} INFO - DAG(s) 'example_task_group' retrieved from /home/airflow/.local/lib/python3.8/site-packages/airflow/example_dags/example_task_group.py
[2024-03-14T11:11:37.280+0000] {logging_mixin.py:188} INFO - [2024-03-14T11:11:37.280+0000] {dag.py:3047} INFO - Sync 1 DAGs
[2024-03-14T11:11:37.290+0000] {logging_mixin.py:188} INFO - [2024-03-14T11:11:37.289+0000] {dag.py:3834} INFO - Setting next_dagrun for example_task_group to 2024-03-13 00:00:00+00:00, run_after=2024-03-14 00:00:00+00:00
[2024-03-14T11:11:37.297+0000] {processor.py:183} INFO - Processing /home/airflow/.local/lib/python3.8/site-packages/airflow/example_dags/example_task_group.py took 0.033 seconds
[2024-03-14T11:12:07.763+0000] {processor.py:161} INFO - Started process (PID=1816) to work on /home/airflow/.local/lib/python3.8/site-packages/airflow/example_dags/example_task_group.py
[2024-03-14T11:12:07.763+0000] {processor.py:830} INFO - Processing file /home/airflow/.local/lib/python3.8/site-packages/airflow/example_dags/example_task_group.py for tasks to queue
[2024-03-14T11:12:07.764+0000] {logging_mixin.py:188} INFO - [2024-03-14T11:12:07.764+0000] {dagbag.py:540} INFO - Filling up the DagBag from /home/airflow/.local/lib/python3.8/site-packages/airflow/example_dags/example_task_group.py
[2024-03-14T11:12:07.767+0000] {processor.py:840} INFO - DAG(s) 'example_task_group' retrieved from /home/airflow/.local/lib/python3.8/site-packages/airflow/example_dags/example_task_group.py
[2024-03-14T11:12:07.776+0000] {logging_mixin.py:188} INFO - [2024-03-14T11:12:07.776+0000] {dag.py:3047} INFO - Sync 1 DAGs
[2024-03-14T11:12:07.784+0000] {logging_mixin.py:188} INFO - [2024-03-14T11:12:07.784+0000] {dag.py:3834} INFO - Setting next_dagrun for example_task_group to 2024-03-13 00:00:00+00:00, run_after=2024-03-14 00:00:00+00:00
[2024-03-14T11:12:07.791+0000] {processor.py:183} INFO - Processing /home/airflow/.local/lib/python3.8/site-packages/airflow/example_dags/example_task_group.py took 0.030 seconds
[2024-03-14T11:12:38.211+0000] {processor.py:161} INFO - Started process (PID=1871) to work on /home/airflow/.local/lib/python3.8/site-packages/airflow/example_dags/example_task_group.py
[2024-03-14T11:12:38.211+0000] {processor.py:830} INFO - Processing file /home/airflow/.local/lib/python3.8/site-packages/airflow/example_dags/example_task_group.py for tasks to queue
[2024-03-14T11:12:38.212+0000] {logging_mixin.py:188} INFO - [2024-03-14T11:12:38.212+0000] {dagbag.py:540} INFO - Filling up the DagBag from /home/airflow/.local/lib/python3.8/site-packages/airflow/example_dags/example_task_group.py
[2024-03-14T11:12:38.215+0000] {processor.py:840} INFO - DAG(s) 'example_task_group' retrieved from /home/airflow/.local/lib/python3.8/site-packages/airflow/example_dags/example_task_group.py
[2024-03-14T11:12:38.225+0000] {logging_mixin.py:188} INFO - [2024-03-14T11:12:38.225+0000] {dag.py:3047} INFO - Sync 1 DAGs
[2024-03-14T11:12:38.234+0000] {logging_mixin.py:188} INFO - [2024-03-14T11:12:38.234+0000] {dag.py:3834} INFO - Setting next_dagrun for example_task_group to 2024-03-13 00:00:00+00:00, run_after=2024-03-14 00:00:00+00:00
[2024-03-14T11:12:38.242+0000] {processor.py:183} INFO - Processing /home/airflow/.local/lib/python3.8/site-packages/airflow/example_dags/example_task_group.py took 0.033 seconds
[2024-03-14T11:13:08.544+0000] {processor.py:161} INFO - Started process (PID=1925) to work on /home/airflow/.local/lib/python3.8/site-packages/airflow/example_dags/example_task_group.py
[2024-03-14T11:13:08.545+0000] {processor.py:830} INFO - Processing file /home/airflow/.local/lib/python3.8/site-packages/airflow/example_dags/example_task_group.py for tasks to queue
[2024-03-14T11:13:08.546+0000] {logging_mixin.py:188} INFO - [2024-03-14T11:13:08.546+0000] {dagbag.py:540} INFO - Filling up the DagBag from /home/airflow/.local/lib/python3.8/site-packages/airflow/example_dags/example_task_group.py
[2024-03-14T11:13:08.549+0000] {processor.py:840} INFO - DAG(s) 'example_task_group' retrieved from /home/airflow/.local/lib/python3.8/site-packages/airflow/example_dags/example_task_group.py
[2024-03-14T11:13:08.560+0000] {logging_mixin.py:188} INFO - [2024-03-14T11:13:08.560+0000] {dag.py:3047} INFO - Sync 1 DAGs
[2024-03-14T11:13:08.569+0000] {logging_mixin.py:188} INFO - [2024-03-14T11:13:08.569+0000] {dag.py:3834} INFO - Setting next_dagrun for example_task_group to 2024-03-13 00:00:00+00:00, run_after=2024-03-14 00:00:00+00:00
[2024-03-14T11:13:08.577+0000] {processor.py:183} INFO - Processing /home/airflow/.local/lib/python3.8/site-packages/airflow/example_dags/example_task_group.py took 0.034 seconds
[2024-03-14T11:13:38.882+0000] {processor.py:161} INFO - Started process (PID=1980) to work on /home/airflow/.local/lib/python3.8/site-packages/airflow/example_dags/example_task_group.py
[2024-03-14T11:13:38.883+0000] {processor.py:830} INFO - Processing file /home/airflow/.local/lib/python3.8/site-packages/airflow/example_dags/example_task_group.py for tasks to queue
[2024-03-14T11:13:38.884+0000] {logging_mixin.py:188} INFO - [2024-03-14T11:13:38.884+0000] {dagbag.py:540} INFO - Filling up the DagBag from /home/airflow/.local/lib/python3.8/site-packages/airflow/example_dags/example_task_group.py
[2024-03-14T11:13:38.887+0000] {processor.py:840} INFO - DAG(s) 'example_task_group' retrieved from /home/airflow/.local/lib/python3.8/site-packages/airflow/example_dags/example_task_group.py
[2024-03-14T11:13:38.898+0000] {logging_mixin.py:188} INFO - [2024-03-14T11:13:38.898+0000] {dag.py:3047} INFO - Sync 1 DAGs
[2024-03-14T11:13:38.907+0000] {logging_mixin.py:188} INFO - [2024-03-14T11:13:38.907+0000] {dag.py:3834} INFO - Setting next_dagrun for example_task_group to 2024-03-13 00:00:00+00:00, run_after=2024-03-14 00:00:00+00:00
[2024-03-14T11:13:38.914+0000] {processor.py:183} INFO - Processing /home/airflow/.local/lib/python3.8/site-packages/airflow/example_dags/example_task_group.py took 0.034 seconds
[2024-03-14T11:14:09.277+0000] {processor.py:161} INFO - Started process (PID=2035) to work on /home/airflow/.local/lib/python3.8/site-packages/airflow/example_dags/example_task_group.py
[2024-03-14T11:14:09.278+0000] {processor.py:830} INFO - Processing file /home/airflow/.local/lib/python3.8/site-packages/airflow/example_dags/example_task_group.py for tasks to queue
[2024-03-14T11:14:09.279+0000] {logging_mixin.py:188} INFO - [2024-03-14T11:14:09.279+0000] {dagbag.py:540} INFO - Filling up the DagBag from /home/airflow/.local/lib/python3.8/site-packages/airflow/example_dags/example_task_group.py
[2024-03-14T11:14:09.283+0000] {processor.py:840} INFO - DAG(s) 'example_task_group' retrieved from /home/airflow/.local/lib/python3.8/site-packages/airflow/example_dags/example_task_group.py
[2024-03-14T11:14:09.292+0000] {logging_mixin.py:188} INFO - [2024-03-14T11:14:09.292+0000] {dag.py:3047} INFO - Sync 1 DAGs
[2024-03-14T11:14:09.302+0000] {logging_mixin.py:188} INFO - [2024-03-14T11:14:09.302+0000] {dag.py:3834} INFO - Setting next_dagrun for example_task_group to 2024-03-13 00:00:00+00:00, run_after=2024-03-14 00:00:00+00:00
[2024-03-14T11:14:09.309+0000] {processor.py:183} INFO - Processing /home/airflow/.local/lib/python3.8/site-packages/airflow/example_dags/example_task_group.py took 0.033 seconds
[2024-03-14T11:14:39.646+0000] {processor.py:161} INFO - Started process (PID=2090) to work on /home/airflow/.local/lib/python3.8/site-packages/airflow/example_dags/example_task_group.py
[2024-03-14T11:14:39.649+0000] {processor.py:830} INFO - Processing file /home/airflow/.local/lib/python3.8/site-packages/airflow/example_dags/example_task_group.py for tasks to queue
[2024-03-14T11:14:39.650+0000] {logging_mixin.py:188} INFO - [2024-03-14T11:14:39.650+0000] {dagbag.py:540} INFO - Filling up the DagBag from /home/airflow/.local/lib/python3.8/site-packages/airflow/example_dags/example_task_group.py
[2024-03-14T11:14:39.655+0000] {processor.py:840} INFO - DAG(s) 'example_task_group' retrieved from /home/airflow/.local/lib/python3.8/site-packages/airflow/example_dags/example_task_group.py
[2024-03-14T11:14:39.665+0000] {logging_mixin.py:188} INFO - [2024-03-14T11:14:39.665+0000] {dag.py:3047} INFO - Sync 1 DAGs
[2024-03-14T11:14:39.674+0000] {logging_mixin.py:188} INFO - [2024-03-14T11:14:39.674+0000] {dag.py:3834} INFO - Setting next_dagrun for example_task_group to 2024-03-13 00:00:00+00:00, run_after=2024-03-14 00:00:00+00:00
[2024-03-14T11:14:39.682+0000] {processor.py:183} INFO - Processing /home/airflow/.local/lib/python3.8/site-packages/airflow/example_dags/example_task_group.py took 0.037 seconds
[2024-03-14T11:15:09.997+0000] {processor.py:161} INFO - Started process (PID=2145) to work on /home/airflow/.local/lib/python3.8/site-packages/airflow/example_dags/example_task_group.py
[2024-03-14T11:15:09.998+0000] {processor.py:830} INFO - Processing file /home/airflow/.local/lib/python3.8/site-packages/airflow/example_dags/example_task_group.py for tasks to queue
[2024-03-14T11:15:09.999+0000] {logging_mixin.py:188} INFO - [2024-03-14T11:15:09.999+0000] {dagbag.py:540} INFO - Filling up the DagBag from /home/airflow/.local/lib/python3.8/site-packages/airflow/example_dags/example_task_group.py
[2024-03-14T11:15:10.002+0000] {processor.py:840} INFO - DAG(s) 'example_task_group' retrieved from /home/airflow/.local/lib/python3.8/site-packages/airflow/example_dags/example_task_group.py
[2024-03-14T11:15:10.011+0000] {logging_mixin.py:188} INFO - [2024-03-14T11:15:10.010+0000] {dag.py:3047} INFO - Sync 1 DAGs
[2024-03-14T11:15:10.020+0000] {logging_mixin.py:188} INFO - [2024-03-14T11:15:10.020+0000] {dag.py:3834} INFO - Setting next_dagrun for example_task_group to 2024-03-13 00:00:00+00:00, run_after=2024-03-14 00:00:00+00:00
[2024-03-14T11:15:10.027+0000] {processor.py:183} INFO - Processing /home/airflow/.local/lib/python3.8/site-packages/airflow/example_dags/example_task_group.py took 0.031 seconds
[2024-03-14T11:15:40.407+0000] {processor.py:161} INFO - Started process (PID=2200) to work on /home/airflow/.local/lib/python3.8/site-packages/airflow/example_dags/example_task_group.py
[2024-03-14T11:15:40.407+0000] {processor.py:830} INFO - Processing file /home/airflow/.local/lib/python3.8/site-packages/airflow/example_dags/example_task_group.py for tasks to queue
[2024-03-14T11:15:40.408+0000] {logging_mixin.py:188} INFO - [2024-03-14T11:15:40.408+0000] {dagbag.py:540} INFO - Filling up the DagBag from /home/airflow/.local/lib/python3.8/site-packages/airflow/example_dags/example_task_group.py
[2024-03-14T11:15:40.411+0000] {processor.py:840} INFO - DAG(s) 'example_task_group' retrieved from /home/airflow/.local/lib/python3.8/site-packages/airflow/example_dags/example_task_group.py
[2024-03-14T11:15:40.420+0000] {logging_mixin.py:188} INFO - [2024-03-14T11:15:40.420+0000] {dag.py:3047} INFO - Sync 1 DAGs
[2024-03-14T11:15:40.428+0000] {logging_mixin.py:188} INFO - [2024-03-14T11:15:40.428+0000] {dag.py:3834} INFO - Setting next_dagrun for example_task_group to 2024-03-13 00:00:00+00:00, run_after=2024-03-14 00:00:00+00:00
[2024-03-14T11:15:40.435+0000] {processor.py:183} INFO - Processing /home/airflow/.local/lib/python3.8/site-packages/airflow/example_dags/example_task_group.py took 0.029 seconds
[2024-03-14T11:16:10.867+0000] {processor.py:161} INFO - Started process (PID=2254) to work on /home/airflow/.local/lib/python3.8/site-packages/airflow/example_dags/example_task_group.py
[2024-03-14T11:16:10.867+0000] {processor.py:830} INFO - Processing file /home/airflow/.local/lib/python3.8/site-packages/airflow/example_dags/example_task_group.py for tasks to queue
[2024-03-14T11:16:10.868+0000] {logging_mixin.py:188} INFO - [2024-03-14T11:16:10.868+0000] {dagbag.py:540} INFO - Filling up the DagBag from /home/airflow/.local/lib/python3.8/site-packages/airflow/example_dags/example_task_group.py
[2024-03-14T11:16:10.872+0000] {processor.py:840} INFO - DAG(s) 'example_task_group' retrieved from /home/airflow/.local/lib/python3.8/site-packages/airflow/example_dags/example_task_group.py
[2024-03-14T11:16:10.882+0000] {logging_mixin.py:188} INFO - [2024-03-14T11:16:10.882+0000] {dag.py:3047} INFO - Sync 1 DAGs
[2024-03-14T11:16:10.892+0000] {logging_mixin.py:188} INFO - [2024-03-14T11:16:10.891+0000] {dag.py:3834} INFO - Setting next_dagrun for example_task_group to 2024-03-13 00:00:00+00:00, run_after=2024-03-14 00:00:00+00:00
[2024-03-14T11:16:10.899+0000] {processor.py:183} INFO - Processing /home/airflow/.local/lib/python3.8/site-packages/airflow/example_dags/example_task_group.py took 0.034 seconds
[2024-03-14T11:16:41.272+0000] {processor.py:161} INFO - Started process (PID=2309) to work on /home/airflow/.local/lib/python3.8/site-packages/airflow/example_dags/example_task_group.py
[2024-03-14T11:16:41.273+0000] {processor.py:830} INFO - Processing file /home/airflow/.local/lib/python3.8/site-packages/airflow/example_dags/example_task_group.py for tasks to queue
[2024-03-14T11:16:41.273+0000] {logging_mixin.py:188} INFO - [2024-03-14T11:16:41.273+0000] {dagbag.py:540} INFO - Filling up the DagBag from /home/airflow/.local/lib/python3.8/site-packages/airflow/example_dags/example_task_group.py
[2024-03-14T11:16:41.277+0000] {processor.py:840} INFO - DAG(s) 'example_task_group' retrieved from /home/airflow/.local/lib/python3.8/site-packages/airflow/example_dags/example_task_group.py
[2024-03-14T11:16:41.287+0000] {logging_mixin.py:188} INFO - [2024-03-14T11:16:41.287+0000] {dag.py:3047} INFO - Sync 1 DAGs
[2024-03-14T11:16:41.296+0000] {logging_mixin.py:188} INFO - [2024-03-14T11:16:41.296+0000] {dag.py:3834} INFO - Setting next_dagrun for example_task_group to 2024-03-13 00:00:00+00:00, run_after=2024-03-14 00:00:00+00:00
[2024-03-14T11:16:41.307+0000] {processor.py:183} INFO - Processing /home/airflow/.local/lib/python3.8/site-packages/airflow/example_dags/example_task_group.py took 0.037 seconds
[2024-03-14T11:17:11.762+0000] {processor.py:161} INFO - Started process (PID=2364) to work on /home/airflow/.local/lib/python3.8/site-packages/airflow/example_dags/example_task_group.py
[2024-03-14T11:17:11.763+0000] {processor.py:830} INFO - Processing file /home/airflow/.local/lib/python3.8/site-packages/airflow/example_dags/example_task_group.py for tasks to queue
[2024-03-14T11:17:11.764+0000] {logging_mixin.py:188} INFO - [2024-03-14T11:17:11.764+0000] {dagbag.py:540} INFO - Filling up the DagBag from /home/airflow/.local/lib/python3.8/site-packages/airflow/example_dags/example_task_group.py
[2024-03-14T11:17:11.768+0000] {processor.py:840} INFO - DAG(s) 'example_task_group' retrieved from /home/airflow/.local/lib/python3.8/site-packages/airflow/example_dags/example_task_group.py
[2024-03-14T11:17:11.778+0000] {logging_mixin.py:188} INFO - [2024-03-14T11:17:11.778+0000] {dag.py:3047} INFO - Sync 1 DAGs
[2024-03-14T11:17:11.788+0000] {logging_mixin.py:188} INFO - [2024-03-14T11:17:11.787+0000] {dag.py:3834} INFO - Setting next_dagrun for example_task_group to 2024-03-13 00:00:00+00:00, run_after=2024-03-14 00:00:00+00:00
[2024-03-14T11:17:11.795+0000] {processor.py:183} INFO - Processing /home/airflow/.local/lib/python3.8/site-packages/airflow/example_dags/example_task_group.py took 0.034 seconds
[2024-03-14T11:17:42.216+0000] {processor.py:161} INFO - Started process (PID=2419) to work on /home/airflow/.local/lib/python3.8/site-packages/airflow/example_dags/example_task_group.py
[2024-03-14T11:17:42.217+0000] {processor.py:830} INFO - Processing file /home/airflow/.local/lib/python3.8/site-packages/airflow/example_dags/example_task_group.py for tasks to queue
[2024-03-14T11:17:42.218+0000] {logging_mixin.py:188} INFO - [2024-03-14T11:17:42.217+0000] {dagbag.py:540} INFO - Filling up the DagBag from /home/airflow/.local/lib/python3.8/site-packages/airflow/example_dags/example_task_group.py
[2024-03-14T11:17:42.221+0000] {processor.py:840} INFO - DAG(s) 'example_task_group' retrieved from /home/airflow/.local/lib/python3.8/site-packages/airflow/example_dags/example_task_group.py
[2024-03-14T11:17:42.231+0000] {logging_mixin.py:188} INFO - [2024-03-14T11:17:42.231+0000] {dag.py:3047} INFO - Sync 1 DAGs
[2024-03-14T11:17:42.241+0000] {logging_mixin.py:188} INFO - [2024-03-14T11:17:42.241+0000] {dag.py:3834} INFO - Setting next_dagrun for example_task_group to 2024-03-13 00:00:00+00:00, run_after=2024-03-14 00:00:00+00:00
[2024-03-14T11:17:42.249+0000] {processor.py:183} INFO - Processing /home/airflow/.local/lib/python3.8/site-packages/airflow/example_dags/example_task_group.py took 0.035 seconds
[2024-03-14T11:18:12.741+0000] {processor.py:161} INFO - Started process (PID=2473) to work on /home/airflow/.local/lib/python3.8/site-packages/airflow/example_dags/example_task_group.py
[2024-03-14T11:18:12.742+0000] {processor.py:830} INFO - Processing file /home/airflow/.local/lib/python3.8/site-packages/airflow/example_dags/example_task_group.py for tasks to queue
[2024-03-14T11:18:12.742+0000] {logging_mixin.py:188} INFO - [2024-03-14T11:18:12.742+0000] {dagbag.py:540} INFO - Filling up the DagBag from /home/airflow/.local/lib/python3.8/site-packages/airflow/example_dags/example_task_group.py
[2024-03-14T11:18:12.746+0000] {processor.py:840} INFO - DAG(s) 'example_task_group' retrieved from /home/airflow/.local/lib/python3.8/site-packages/airflow/example_dags/example_task_group.py
[2024-03-14T11:18:12.755+0000] {logging_mixin.py:188} INFO - [2024-03-14T11:18:12.755+0000] {dag.py:3047} INFO - Sync 1 DAGs
[2024-03-14T11:18:12.764+0000] {logging_mixin.py:188} INFO - [2024-03-14T11:18:12.764+0000] {dag.py:3834} INFO - Setting next_dagrun for example_task_group to 2024-03-13 00:00:00+00:00, run_after=2024-03-14 00:00:00+00:00
[2024-03-14T11:18:12.771+0000] {processor.py:183} INFO - Processing /home/airflow/.local/lib/python3.8/site-packages/airflow/example_dags/example_task_group.py took 0.032 seconds
[2024-03-14T11:18:43.115+0000] {processor.py:161} INFO - Started process (PID=2528) to work on /home/airflow/.local/lib/python3.8/site-packages/airflow/example_dags/example_task_group.py
[2024-03-14T11:18:43.115+0000] {processor.py:830} INFO - Processing file /home/airflow/.local/lib/python3.8/site-packages/airflow/example_dags/example_task_group.py for tasks to queue
[2024-03-14T11:18:43.116+0000] {logging_mixin.py:188} INFO - [2024-03-14T11:18:43.116+0000] {dagbag.py:540} INFO - Filling up the DagBag from /home/airflow/.local/lib/python3.8/site-packages/airflow/example_dags/example_task_group.py
[2024-03-14T11:18:43.119+0000] {processor.py:840} INFO - DAG(s) 'example_task_group' retrieved from /home/airflow/.local/lib/python3.8/site-packages/airflow/example_dags/example_task_group.py
[2024-03-14T11:18:43.128+0000] {logging_mixin.py:188} INFO - [2024-03-14T11:18:43.128+0000] {dag.py:3047} INFO - Sync 1 DAGs
[2024-03-14T11:18:43.136+0000] {logging_mixin.py:188} INFO - [2024-03-14T11:18:43.136+0000] {dag.py:3834} INFO - Setting next_dagrun for example_task_group to 2024-03-13 00:00:00+00:00, run_after=2024-03-14 00:00:00+00:00
[2024-03-14T11:18:43.143+0000] {processor.py:183} INFO - Processing /home/airflow/.local/lib/python3.8/site-packages/airflow/example_dags/example_task_group.py took 0.030 seconds
[2024-03-14T11:19:13.483+0000] {processor.py:161} INFO - Started process (PID=2583) to work on /home/airflow/.local/lib/python3.8/site-packages/airflow/example_dags/example_task_group.py
[2024-03-14T11:19:13.484+0000] {processor.py:830} INFO - Processing file /home/airflow/.local/lib/python3.8/site-packages/airflow/example_dags/example_task_group.py for tasks to queue
[2024-03-14T11:19:13.484+0000] {logging_mixin.py:188} INFO - [2024-03-14T11:19:13.484+0000] {dagbag.py:540} INFO - Filling up the DagBag from /home/airflow/.local/lib/python3.8/site-packages/airflow/example_dags/example_task_group.py
[2024-03-14T11:19:13.488+0000] {processor.py:840} INFO - DAG(s) 'example_task_group' retrieved from /home/airflow/.local/lib/python3.8/site-packages/airflow/example_dags/example_task_group.py
[2024-03-14T11:19:13.497+0000] {logging_mixin.py:188} INFO - [2024-03-14T11:19:13.496+0000] {dag.py:3047} INFO - Sync 1 DAGs
[2024-03-14T11:19:13.505+0000] {logging_mixin.py:188} INFO - [2024-03-14T11:19:13.505+0000] {dag.py:3834} INFO - Setting next_dagrun for example_task_group to 2024-03-13 00:00:00+00:00, run_after=2024-03-14 00:00:00+00:00
[2024-03-14T11:19:13.512+0000] {processor.py:183} INFO - Processing /home/airflow/.local/lib/python3.8/site-packages/airflow/example_dags/example_task_group.py took 0.031 seconds
[2024-03-14T11:19:43.915+0000] {processor.py:161} INFO - Started process (PID=2638) to work on /home/airflow/.local/lib/python3.8/site-packages/airflow/example_dags/example_task_group.py
[2024-03-14T11:19:43.916+0000] {processor.py:830} INFO - Processing file /home/airflow/.local/lib/python3.8/site-packages/airflow/example_dags/example_task_group.py for tasks to queue
[2024-03-14T11:19:43.916+0000] {logging_mixin.py:188} INFO - [2024-03-14T11:19:43.916+0000] {dagbag.py:540} INFO - Filling up the DagBag from /home/airflow/.local/lib/python3.8/site-packages/airflow/example_dags/example_task_group.py
[2024-03-14T11:19:43.920+0000] {processor.py:840} INFO - DAG(s) 'example_task_group' retrieved from /home/airflow/.local/lib/python3.8/site-packages/airflow/example_dags/example_task_group.py
[2024-03-14T11:19:43.929+0000] {logging_mixin.py:188} INFO - [2024-03-14T11:19:43.929+0000] {dag.py:3047} INFO - Sync 1 DAGs
[2024-03-14T11:19:43.938+0000] {logging_mixin.py:188} INFO - [2024-03-14T11:19:43.938+0000] {dag.py:3834} INFO - Setting next_dagrun for example_task_group to 2024-03-13 00:00:00+00:00, run_after=2024-03-14 00:00:00+00:00
[2024-03-14T11:19:43.945+0000] {processor.py:183} INFO - Processing /home/airflow/.local/lib/python3.8/site-packages/airflow/example_dags/example_task_group.py took 0.032 seconds
[2024-03-14T11:20:14.334+0000] {processor.py:161} INFO - Started process (PID=2693) to work on /home/airflow/.local/lib/python3.8/site-packages/airflow/example_dags/example_task_group.py
[2024-03-14T11:20:14.334+0000] {processor.py:830} INFO - Processing file /home/airflow/.local/lib/python3.8/site-packages/airflow/example_dags/example_task_group.py for tasks to queue
[2024-03-14T11:20:14.335+0000] {logging_mixin.py:188} INFO - [2024-03-14T11:20:14.335+0000] {dagbag.py:540} INFO - Filling up the DagBag from /home/airflow/.local/lib/python3.8/site-packages/airflow/example_dags/example_task_group.py
[2024-03-14T11:20:14.338+0000] {processor.py:840} INFO - DAG(s) 'example_task_group' retrieved from /home/airflow/.local/lib/python3.8/site-packages/airflow/example_dags/example_task_group.py
[2024-03-14T11:20:14.348+0000] {logging_mixin.py:188} INFO - [2024-03-14T11:20:14.347+0000] {dag.py:3047} INFO - Sync 1 DAGs
[2024-03-14T11:20:14.357+0000] {logging_mixin.py:188} INFO - [2024-03-14T11:20:14.357+0000] {dag.py:3834} INFO - Setting next_dagrun for example_task_group to 2024-03-13 00:00:00+00:00, run_after=2024-03-14 00:00:00+00:00
[2024-03-14T11:20:14.364+0000] {processor.py:183} INFO - Processing /home/airflow/.local/lib/python3.8/site-packages/airflow/example_dags/example_task_group.py took 0.032 seconds
[2024-03-14T11:20:44.777+0000] {processor.py:161} INFO - Started process (PID=2748) to work on /home/airflow/.local/lib/python3.8/site-packages/airflow/example_dags/example_task_group.py
[2024-03-14T11:20:44.778+0000] {processor.py:830} INFO - Processing file /home/airflow/.local/lib/python3.8/site-packages/airflow/example_dags/example_task_group.py for tasks to queue
[2024-03-14T11:20:44.779+0000] {logging_mixin.py:188} INFO - [2024-03-14T11:20:44.779+0000] {dagbag.py:540} INFO - Filling up the DagBag from /home/airflow/.local/lib/python3.8/site-packages/airflow/example_dags/example_task_group.py
[2024-03-14T11:20:44.783+0000] {processor.py:840} INFO - DAG(s) 'example_task_group' retrieved from /home/airflow/.local/lib/python3.8/site-packages/airflow/example_dags/example_task_group.py
[2024-03-14T11:20:44.792+0000] {logging_mixin.py:188} INFO - [2024-03-14T11:20:44.792+0000] {dag.py:3047} INFO - Sync 1 DAGs
[2024-03-14T11:20:44.802+0000] {logging_mixin.py:188} INFO - [2024-03-14T11:20:44.802+0000] {dag.py:3834} INFO - Setting next_dagrun for example_task_group to 2024-03-13 00:00:00+00:00, run_after=2024-03-14 00:00:00+00:00
[2024-03-14T11:20:44.809+0000] {processor.py:183} INFO - Processing /home/airflow/.local/lib/python3.8/site-packages/airflow/example_dags/example_task_group.py took 0.033 seconds
[2024-03-14T11:21:15.364+0000] {processor.py:161} INFO - Started process (PID=2803) to work on /home/airflow/.local/lib/python3.8/site-packages/airflow/example_dags/example_task_group.py
[2024-03-14T11:21:15.365+0000] {processor.py:830} INFO - Processing file /home/airflow/.local/lib/python3.8/site-packages/airflow/example_dags/example_task_group.py for tasks to queue
[2024-03-14T11:21:15.365+0000] {logging_mixin.py:188} INFO - [2024-03-14T11:21:15.365+0000] {dagbag.py:540} INFO - Filling up the DagBag from /home/airflow/.local/lib/python3.8/site-packages/airflow/example_dags/example_task_group.py
[2024-03-14T11:21:15.368+0000] {processor.py:840} INFO - DAG(s) 'example_task_group' retrieved from /home/airflow/.local/lib/python3.8/site-packages/airflow/example_dags/example_task_group.py
[2024-03-14T11:21:15.377+0000] {logging_mixin.py:188} INFO - [2024-03-14T11:21:15.377+0000] {dag.py:3047} INFO - Sync 1 DAGs
[2024-03-14T11:21:15.386+0000] {logging_mixin.py:188} INFO - [2024-03-14T11:21:15.386+0000] {dag.py:3834} INFO - Setting next_dagrun for example_task_group to 2024-03-13 00:00:00+00:00, run_after=2024-03-14 00:00:00+00:00
[2024-03-14T11:21:15.392+0000] {processor.py:183} INFO - Processing /home/airflow/.local/lib/python3.8/site-packages/airflow/example_dags/example_task_group.py took 0.030 seconds
[2024-03-14T11:21:45.805+0000] {processor.py:161} INFO - Started process (PID=2858) to work on /home/airflow/.local/lib/python3.8/site-packages/airflow/example_dags/example_task_group.py
[2024-03-14T11:21:45.806+0000] {processor.py:830} INFO - Processing file /home/airflow/.local/lib/python3.8/site-packages/airflow/example_dags/example_task_group.py for tasks to queue
[2024-03-14T11:21:45.806+0000] {logging_mixin.py:188} INFO - [2024-03-14T11:21:45.806+0000] {dagbag.py:540} INFO - Filling up the DagBag from /home/airflow/.local/lib/python3.8/site-packages/airflow/example_dags/example_task_group.py
[2024-03-14T11:21:45.810+0000] {processor.py:840} INFO - DAG(s) 'example_task_group' retrieved from /home/airflow/.local/lib/python3.8/site-packages/airflow/example_dags/example_task_group.py
[2024-03-14T11:21:45.819+0000] {logging_mixin.py:188} INFO - [2024-03-14T11:21:45.818+0000] {dag.py:3047} INFO - Sync 1 DAGs
[2024-03-14T11:21:45.827+0000] {logging_mixin.py:188} INFO - [2024-03-14T11:21:45.827+0000] {dag.py:3834} INFO - Setting next_dagrun for example_task_group to 2024-03-13 00:00:00+00:00, run_after=2024-03-14 00:00:00+00:00
[2024-03-14T11:21:45.833+0000] {processor.py:183} INFO - Processing /home/airflow/.local/lib/python3.8/site-packages/airflow/example_dags/example_task_group.py took 0.030 seconds
[2024-03-14T11:22:16.260+0000] {processor.py:161} INFO - Started process (PID=2913) to work on /home/airflow/.local/lib/python3.8/site-packages/airflow/example_dags/example_task_group.py
[2024-03-14T11:22:16.261+0000] {processor.py:830} INFO - Processing file /home/airflow/.local/lib/python3.8/site-packages/airflow/example_dags/example_task_group.py for tasks to queue
[2024-03-14T11:22:16.262+0000] {logging_mixin.py:188} INFO - [2024-03-14T11:22:16.262+0000] {dagbag.py:540} INFO - Filling up the DagBag from /home/airflow/.local/lib/python3.8/site-packages/airflow/example_dags/example_task_group.py
[2024-03-14T11:22:16.265+0000] {processor.py:840} INFO - DAG(s) 'example_task_group' retrieved from /home/airflow/.local/lib/python3.8/site-packages/airflow/example_dags/example_task_group.py
[2024-03-14T11:22:16.274+0000] {logging_mixin.py:188} INFO - [2024-03-14T11:22:16.274+0000] {dag.py:3047} INFO - Sync 1 DAGs
[2024-03-14T11:22:16.285+0000] {logging_mixin.py:188} INFO - [2024-03-14T11:22:16.285+0000] {dag.py:3834} INFO - Setting next_dagrun for example_task_group to 2024-03-13 00:00:00+00:00, run_after=2024-03-14 00:00:00+00:00
[2024-03-14T11:22:16.292+0000] {processor.py:183} INFO - Processing /home/airflow/.local/lib/python3.8/site-packages/airflow/example_dags/example_task_group.py took 0.033 seconds
[2024-03-14T11:22:46.756+0000] {processor.py:161} INFO - Started process (PID=2968) to work on /home/airflow/.local/lib/python3.8/site-packages/airflow/example_dags/example_task_group.py
[2024-03-14T11:22:46.757+0000] {processor.py:830} INFO - Processing file /home/airflow/.local/lib/python3.8/site-packages/airflow/example_dags/example_task_group.py for tasks to queue
[2024-03-14T11:22:46.758+0000] {logging_mixin.py:188} INFO - [2024-03-14T11:22:46.758+0000] {dagbag.py:540} INFO - Filling up the DagBag from /home/airflow/.local/lib/python3.8/site-packages/airflow/example_dags/example_task_group.py
[2024-03-14T11:22:46.761+0000] {processor.py:840} INFO - DAG(s) 'example_task_group' retrieved from /home/airflow/.local/lib/python3.8/site-packages/airflow/example_dags/example_task_group.py
[2024-03-14T11:22:46.771+0000] {logging_mixin.py:188} INFO - [2024-03-14T11:22:46.771+0000] {dag.py:3047} INFO - Sync 1 DAGs
[2024-03-14T11:22:46.780+0000] {logging_mixin.py:188} INFO - [2024-03-14T11:22:46.780+0000] {dag.py:3834} INFO - Setting next_dagrun for example_task_group to 2024-03-13 00:00:00+00:00, run_after=2024-03-14 00:00:00+00:00
[2024-03-14T11:22:46.787+0000] {processor.py:183} INFO - Processing /home/airflow/.local/lib/python3.8/site-packages/airflow/example_dags/example_task_group.py took 0.032 seconds
[2024-03-14T11:23:17.162+0000] {processor.py:161} INFO - Started process (PID=3023) to work on /home/airflow/.local/lib/python3.8/site-packages/airflow/example_dags/example_task_group.py
[2024-03-14T11:23:17.163+0000] {processor.py:830} INFO - Processing file /home/airflow/.local/lib/python3.8/site-packages/airflow/example_dags/example_task_group.py for tasks to queue
[2024-03-14T11:23:17.163+0000] {logging_mixin.py:188} INFO - [2024-03-14T11:23:17.163+0000] {dagbag.py:540} INFO - Filling up the DagBag from /home/airflow/.local/lib/python3.8/site-packages/airflow/example_dags/example_task_group.py
[2024-03-14T11:23:17.167+0000] {processor.py:840} INFO - DAG(s) 'example_task_group' retrieved from /home/airflow/.local/lib/python3.8/site-packages/airflow/example_dags/example_task_group.py
[2024-03-14T11:23:17.176+0000] {logging_mixin.py:188} INFO - [2024-03-14T11:23:17.176+0000] {dag.py:3047} INFO - Sync 1 DAGs
[2024-03-14T11:23:17.185+0000] {logging_mixin.py:188} INFO - [2024-03-14T11:23:17.185+0000] {dag.py:3834} INFO - Setting next_dagrun for example_task_group to 2024-03-13 00:00:00+00:00, run_after=2024-03-14 00:00:00+00:00
[2024-03-14T11:23:17.193+0000] {processor.py:183} INFO - Processing /home/airflow/.local/lib/python3.8/site-packages/airflow/example_dags/example_task_group.py took 0.032 seconds
[2024-03-14T11:23:47.597+0000] {processor.py:161} INFO - Started process (PID=3078) to work on /home/airflow/.local/lib/python3.8/site-packages/airflow/example_dags/example_task_group.py
[2024-03-14T11:23:47.598+0000] {processor.py:830} INFO - Processing file /home/airflow/.local/lib/python3.8/site-packages/airflow/example_dags/example_task_group.py for tasks to queue
[2024-03-14T11:23:47.599+0000] {logging_mixin.py:188} INFO - [2024-03-14T11:23:47.599+0000] {dagbag.py:540} INFO - Filling up the DagBag from /home/airflow/.local/lib/python3.8/site-packages/airflow/example_dags/example_task_group.py
[2024-03-14T11:23:47.602+0000] {processor.py:840} INFO - DAG(s) 'example_task_group' retrieved from /home/airflow/.local/lib/python3.8/site-packages/airflow/example_dags/example_task_group.py
[2024-03-14T11:23:47.611+0000] {logging_mixin.py:188} INFO - [2024-03-14T11:23:47.611+0000] {dag.py:3047} INFO - Sync 1 DAGs
[2024-03-14T11:23:47.620+0000] {logging_mixin.py:188} INFO - [2024-03-14T11:23:47.620+0000] {dag.py:3834} INFO - Setting next_dagrun for example_task_group to 2024-03-13 00:00:00+00:00, run_after=2024-03-14 00:00:00+00:00
[2024-03-14T11:23:47.628+0000] {processor.py:183} INFO - Processing /home/airflow/.local/lib/python3.8/site-packages/airflow/example_dags/example_task_group.py took 0.032 seconds
[2024-03-14T11:24:17.968+0000] {processor.py:161} INFO - Started process (PID=3133) to work on /home/airflow/.local/lib/python3.8/site-packages/airflow/example_dags/example_task_group.py
[2024-03-14T11:24:17.969+0000] {processor.py:830} INFO - Processing file /home/airflow/.local/lib/python3.8/site-packages/airflow/example_dags/example_task_group.py for tasks to queue
[2024-03-14T11:24:17.970+0000] {logging_mixin.py:188} INFO - [2024-03-14T11:24:17.969+0000] {dagbag.py:540} INFO - Filling up the DagBag from /home/airflow/.local/lib/python3.8/site-packages/airflow/example_dags/example_task_group.py
[2024-03-14T11:24:17.973+0000] {processor.py:840} INFO - DAG(s) 'example_task_group' retrieved from /home/airflow/.local/lib/python3.8/site-packages/airflow/example_dags/example_task_group.py
[2024-03-14T11:24:17.982+0000] {logging_mixin.py:188} INFO - [2024-03-14T11:24:17.982+0000] {dag.py:3047} INFO - Sync 1 DAGs
[2024-03-14T11:24:17.991+0000] {logging_mixin.py:188} INFO - [2024-03-14T11:24:17.991+0000] {dag.py:3834} INFO - Setting next_dagrun for example_task_group to 2024-03-13 00:00:00+00:00, run_after=2024-03-14 00:00:00+00:00
[2024-03-14T11:24:17.998+0000] {processor.py:183} INFO - Processing /home/airflow/.local/lib/python3.8/site-packages/airflow/example_dags/example_task_group.py took 0.031 seconds
[2024-03-14T11:24:48.322+0000] {processor.py:161} INFO - Started process (PID=3188) to work on /home/airflow/.local/lib/python3.8/site-packages/airflow/example_dags/example_task_group.py
[2024-03-14T11:24:48.323+0000] {processor.py:830} INFO - Processing file /home/airflow/.local/lib/python3.8/site-packages/airflow/example_dags/example_task_group.py for tasks to queue
[2024-03-14T11:24:48.324+0000] {logging_mixin.py:188} INFO - [2024-03-14T11:24:48.323+0000] {dagbag.py:540} INFO - Filling up the DagBag from /home/airflow/.local/lib/python3.8/site-packages/airflow/example_dags/example_task_group.py
[2024-03-14T11:24:48.327+0000] {processor.py:840} INFO - DAG(s) 'example_task_group' retrieved from /home/airflow/.local/lib/python3.8/site-packages/airflow/example_dags/example_task_group.py
[2024-03-14T11:24:48.337+0000] {logging_mixin.py:188} INFO - [2024-03-14T11:24:48.337+0000] {dag.py:3047} INFO - Sync 1 DAGs
[2024-03-14T11:24:48.346+0000] {logging_mixin.py:188} INFO - [2024-03-14T11:24:48.346+0000] {dag.py:3834} INFO - Setting next_dagrun for example_task_group to 2024-03-13 00:00:00+00:00, run_after=2024-03-14 00:00:00+00:00
[2024-03-14T11:24:48.353+0000] {processor.py:183} INFO - Processing /home/airflow/.local/lib/python3.8/site-packages/airflow/example_dags/example_task_group.py took 0.032 seconds
[2024-03-14T11:25:18.754+0000] {processor.py:161} INFO - Started process (PID=3243) to work on /home/airflow/.local/lib/python3.8/site-packages/airflow/example_dags/example_task_group.py
[2024-03-14T11:25:18.755+0000] {processor.py:830} INFO - Processing file /home/airflow/.local/lib/python3.8/site-packages/airflow/example_dags/example_task_group.py for tasks to queue
[2024-03-14T11:25:18.755+0000] {logging_mixin.py:188} INFO - [2024-03-14T11:25:18.755+0000] {dagbag.py:540} INFO - Filling up the DagBag from /home/airflow/.local/lib/python3.8/site-packages/airflow/example_dags/example_task_group.py
[2024-03-14T11:25:18.759+0000] {processor.py:840} INFO - DAG(s) 'example_task_group' retrieved from /home/airflow/.local/lib/python3.8/site-packages/airflow/example_dags/example_task_group.py
[2024-03-14T11:25:18.768+0000] {logging_mixin.py:188} INFO - [2024-03-14T11:25:18.768+0000] {dag.py:3047} INFO - Sync 1 DAGs
[2024-03-14T11:25:18.778+0000] {logging_mixin.py:188} INFO - [2024-03-14T11:25:18.778+0000] {dag.py:3834} INFO - Setting next_dagrun for example_task_group to 2024-03-13 00:00:00+00:00, run_after=2024-03-14 00:00:00+00:00
[2024-03-14T11:25:18.785+0000] {processor.py:183} INFO - Processing /home/airflow/.local/lib/python3.8/site-packages/airflow/example_dags/example_task_group.py took 0.033 seconds
[2024-03-14T11:25:49.248+0000] {processor.py:161} INFO - Started process (PID=3298) to work on /home/airflow/.local/lib/python3.8/site-packages/airflow/example_dags/example_task_group.py
[2024-03-14T11:25:49.248+0000] {processor.py:830} INFO - Processing file /home/airflow/.local/lib/python3.8/site-packages/airflow/example_dags/example_task_group.py for tasks to queue
[2024-03-14T11:25:49.249+0000] {logging_mixin.py:188} INFO - [2024-03-14T11:25:49.249+0000] {dagbag.py:540} INFO - Filling up the DagBag from /home/airflow/.local/lib/python3.8/site-packages/airflow/example_dags/example_task_group.py
[2024-03-14T11:25:49.252+0000] {processor.py:840} INFO - DAG(s) 'example_task_group' retrieved from /home/airflow/.local/lib/python3.8/site-packages/airflow/example_dags/example_task_group.py
[2024-03-14T11:25:49.262+0000] {logging_mixin.py:188} INFO - [2024-03-14T11:25:49.262+0000] {dag.py:3047} INFO - Sync 1 DAGs
[2024-03-14T11:25:49.271+0000] {logging_mixin.py:188} INFO - [2024-03-14T11:25:49.271+0000] {dag.py:3834} INFO - Setting next_dagrun for example_task_group to 2024-03-13 00:00:00+00:00, run_after=2024-03-14 00:00:00+00:00
[2024-03-14T11:25:49.278+0000] {processor.py:183} INFO - Processing /home/airflow/.local/lib/python3.8/site-packages/airflow/example_dags/example_task_group.py took 0.032 seconds
[2024-03-14T11:26:19.714+0000] {processor.py:161} INFO - Started process (PID=3353) to work on /home/airflow/.local/lib/python3.8/site-packages/airflow/example_dags/example_task_group.py
[2024-03-14T11:26:19.715+0000] {processor.py:830} INFO - Processing file /home/airflow/.local/lib/python3.8/site-packages/airflow/example_dags/example_task_group.py for tasks to queue
[2024-03-14T11:26:19.716+0000] {logging_mixin.py:188} INFO - [2024-03-14T11:26:19.716+0000] {dagbag.py:540} INFO - Filling up the DagBag from /home/airflow/.local/lib/python3.8/site-packages/airflow/example_dags/example_task_group.py
[2024-03-14T11:26:19.720+0000] {processor.py:840} INFO - DAG(s) 'example_task_group' retrieved from /home/airflow/.local/lib/python3.8/site-packages/airflow/example_dags/example_task_group.py
[2024-03-14T11:26:19.730+0000] {logging_mixin.py:188} INFO - [2024-03-14T11:26:19.730+0000] {dag.py:3047} INFO - Sync 1 DAGs
[2024-03-14T11:26:19.739+0000] {logging_mixin.py:188} INFO - [2024-03-14T11:26:19.739+0000] {dag.py:3834} INFO - Setting next_dagrun for example_task_group to 2024-03-13 00:00:00+00:00, run_after=2024-03-14 00:00:00+00:00
[2024-03-14T11:26:19.746+0000] {processor.py:183} INFO - Processing /home/airflow/.local/lib/python3.8/site-packages/airflow/example_dags/example_task_group.py took 0.033 seconds
[2024-03-14T11:26:50.197+0000] {processor.py:161} INFO - Started process (PID=3408) to work on /home/airflow/.local/lib/python3.8/site-packages/airflow/example_dags/example_task_group.py
[2024-03-14T11:26:50.199+0000] {processor.py:830} INFO - Processing file /home/airflow/.local/lib/python3.8/site-packages/airflow/example_dags/example_task_group.py for tasks to queue
[2024-03-14T11:26:50.200+0000] {logging_mixin.py:188} INFO - [2024-03-14T11:26:50.200+0000] {dagbag.py:540} INFO - Filling up the DagBag from /home/airflow/.local/lib/python3.8/site-packages/airflow/example_dags/example_task_group.py
[2024-03-14T11:26:50.204+0000] {processor.py:840} INFO - DAG(s) 'example_task_group' retrieved from /home/airflow/.local/lib/python3.8/site-packages/airflow/example_dags/example_task_group.py
[2024-03-14T11:26:50.215+0000] {logging_mixin.py:188} INFO - [2024-03-14T11:26:50.214+0000] {dag.py:3047} INFO - Sync 1 DAGs
[2024-03-14T11:26:50.228+0000] {logging_mixin.py:188} INFO - [2024-03-14T11:26:50.228+0000] {dag.py:3834} INFO - Setting next_dagrun for example_task_group to 2024-03-13 00:00:00+00:00, run_after=2024-03-14 00:00:00+00:00
[2024-03-14T11:26:50.235+0000] {processor.py:183} INFO - Processing /home/airflow/.local/lib/python3.8/site-packages/airflow/example_dags/example_task_group.py took 0.040 seconds
[2024-03-14T11:27:20.717+0000] {processor.py:161} INFO - Started process (PID=3468) to work on /home/airflow/.local/lib/python3.8/site-packages/airflow/example_dags/example_task_group.py
[2024-03-14T11:27:20.718+0000] {processor.py:830} INFO - Processing file /home/airflow/.local/lib/python3.8/site-packages/airflow/example_dags/example_task_group.py for tasks to queue
[2024-03-14T11:27:20.721+0000] {logging_mixin.py:188} INFO - [2024-03-14T11:27:20.721+0000] {dagbag.py:540} INFO - Filling up the DagBag from /home/airflow/.local/lib/python3.8/site-packages/airflow/example_dags/example_task_group.py
[2024-03-14T11:27:20.725+0000] {processor.py:840} INFO - DAG(s) 'example_task_group' retrieved from /home/airflow/.local/lib/python3.8/site-packages/airflow/example_dags/example_task_group.py
[2024-03-14T11:27:20.734+0000] {logging_mixin.py:188} INFO - [2024-03-14T11:27:20.734+0000] {dag.py:3047} INFO - Sync 1 DAGs
[2024-03-14T11:27:20.743+0000] {logging_mixin.py:188} INFO - [2024-03-14T11:27:20.743+0000] {dag.py:3834} INFO - Setting next_dagrun for example_task_group to 2024-03-13 00:00:00+00:00, run_after=2024-03-14 00:00:00+00:00
[2024-03-14T11:27:20.750+0000] {processor.py:183} INFO - Processing /home/airflow/.local/lib/python3.8/site-packages/airflow/example_dags/example_task_group.py took 0.035 seconds
[2024-03-14T11:27:51.378+0000] {processor.py:161} INFO - Started process (PID=3523) to work on /home/airflow/.local/lib/python3.8/site-packages/airflow/example_dags/example_task_group.py
[2024-03-14T11:27:51.378+0000] {processor.py:830} INFO - Processing file /home/airflow/.local/lib/python3.8/site-packages/airflow/example_dags/example_task_group.py for tasks to queue
[2024-03-14T11:27:51.379+0000] {logging_mixin.py:188} INFO - [2024-03-14T11:27:51.379+0000] {dagbag.py:540} INFO - Filling up the DagBag from /home/airflow/.local/lib/python3.8/site-packages/airflow/example_dags/example_task_group.py
[2024-03-14T11:27:51.382+0000] {processor.py:840} INFO - DAG(s) 'example_task_group' retrieved from /home/airflow/.local/lib/python3.8/site-packages/airflow/example_dags/example_task_group.py
[2024-03-14T11:27:51.391+0000] {logging_mixin.py:188} INFO - [2024-03-14T11:27:51.391+0000] {dag.py:3047} INFO - Sync 1 DAGs
[2024-03-14T11:27:51.399+0000] {logging_mixin.py:188} INFO - [2024-03-14T11:27:51.399+0000] {dag.py:3834} INFO - Setting next_dagrun for example_task_group to 2024-03-13 00:00:00+00:00, run_after=2024-03-14 00:00:00+00:00
[2024-03-14T11:27:51.406+0000] {processor.py:183} INFO - Processing /home/airflow/.local/lib/python3.8/site-packages/airflow/example_dags/example_task_group.py took 0.030 seconds
[2024-03-14T11:28:22.617+0000] {processor.py:161} INFO - Started process (PID=3578) to work on /home/airflow/.local/lib/python3.8/site-packages/airflow/example_dags/example_task_group.py
[2024-03-14T11:28:22.618+0000] {processor.py:830} INFO - Processing file /home/airflow/.local/lib/python3.8/site-packages/airflow/example_dags/example_task_group.py for tasks to queue
[2024-03-14T11:28:22.619+0000] {logging_mixin.py:188} INFO - [2024-03-14T11:28:22.619+0000] {dagbag.py:540} INFO - Filling up the DagBag from /home/airflow/.local/lib/python3.8/site-packages/airflow/example_dags/example_task_group.py
[2024-03-14T11:28:22.623+0000] {processor.py:840} INFO - DAG(s) 'example_task_group' retrieved from /home/airflow/.local/lib/python3.8/site-packages/airflow/example_dags/example_task_group.py
[2024-03-14T11:28:22.645+0000] {logging_mixin.py:188} INFO - [2024-03-14T11:28:22.644+0000] {dag.py:3047} INFO - Sync 1 DAGs
[2024-03-14T11:28:22.732+0000] {logging_mixin.py:188} INFO - [2024-03-14T11:28:22.732+0000] {dag.py:3834} INFO - Setting next_dagrun for example_task_group to 2024-03-13 00:00:00+00:00, run_after=2024-03-14 00:00:00+00:00
[2024-03-14T11:28:22.739+0000] {processor.py:183} INFO - Processing /home/airflow/.local/lib/python3.8/site-packages/airflow/example_dags/example_task_group.py took 0.124 seconds
