[2024-03-14T10:55:54.861+0000] {processor.py:161} INFO - Started process (PID=57) to work on /home/airflow/.local/lib/python3.8/site-packages/airflow/example_dags/example_branch_operator.py
[2024-03-14T10:55:54.862+0000] {processor.py:830} INFO - Processing file /home/airflow/.local/lib/python3.8/site-packages/airflow/example_dags/example_branch_operator.py for tasks to queue
[2024-03-14T10:55:54.864+0000] {logging_mixin.py:188} INFO - [2024-03-14T10:55:54.864+0000] {dagbag.py:540} INFO - Filling up the DagBag from /home/airflow/.local/lib/python3.8/site-packages/airflow/example_dags/example_branch_operator.py
[2024-03-14T10:55:54.881+0000] {processor.py:840} INFO - DAG(s) 'example_branch_operator' retrieved from /home/airflow/.local/lib/python3.8/site-packages/airflow/example_dags/example_branch_operator.py
[2024-03-14T10:55:54.891+0000] {logging_mixin.py:188} INFO - [2024-03-14T10:55:54.891+0000] {dag.py:3047} INFO - Sync 1 DAGs
[2024-03-14T10:55:54.908+0000] {logging_mixin.py:188} INFO - [2024-03-14T10:55:54.908+0000] {dag.py:3834} INFO - Setting next_dagrun for example_branch_operator to 2024-03-13 00:00:00+00:00, run_after=2024-03-14 00:00:00+00:00
[2024-03-14T10:55:54.917+0000] {processor.py:183} INFO - Processing /home/airflow/.local/lib/python3.8/site-packages/airflow/example_dags/example_branch_operator.py took 0.059 seconds
[2024-03-14T10:56:24.931+0000] {processor.py:161} INFO - Started process (PID=112) to work on /home/airflow/.local/lib/python3.8/site-packages/airflow/example_dags/example_branch_operator.py
[2024-03-14T10:56:24.931+0000] {processor.py:830} INFO - Processing file /home/airflow/.local/lib/python3.8/site-packages/airflow/example_dags/example_branch_operator.py for tasks to queue
[2024-03-14T10:56:24.932+0000] {logging_mixin.py:188} INFO - [2024-03-14T10:56:24.932+0000] {dagbag.py:540} INFO - Filling up the DagBag from /home/airflow/.local/lib/python3.8/site-packages/airflow/example_dags/example_branch_operator.py
[2024-03-14T10:56:24.940+0000] {processor.py:840} INFO - DAG(s) 'example_branch_operator' retrieved from /home/airflow/.local/lib/python3.8/site-packages/airflow/example_dags/example_branch_operator.py
[2024-03-14T10:56:24.983+0000] {logging_mixin.py:188} INFO - [2024-03-14T10:56:24.983+0000] {dag.py:3047} INFO - Sync 1 DAGs
[2024-03-14T10:56:24.992+0000] {logging_mixin.py:188} INFO - [2024-03-14T10:56:24.992+0000] {dag.py:3834} INFO - Setting next_dagrun for example_branch_operator to 2024-03-13 00:00:00+00:00, run_after=2024-03-14 00:00:00+00:00
[2024-03-14T10:56:24.999+0000] {processor.py:183} INFO - Processing /home/airflow/.local/lib/python3.8/site-packages/airflow/example_dags/example_branch_operator.py took 0.070 seconds
[2024-03-14T10:56:55.037+0000] {processor.py:161} INFO - Started process (PID=167) to work on /home/airflow/.local/lib/python3.8/site-packages/airflow/example_dags/example_branch_operator.py
[2024-03-14T10:56:55.037+0000] {processor.py:830} INFO - Processing file /home/airflow/.local/lib/python3.8/site-packages/airflow/example_dags/example_branch_operator.py for tasks to queue
[2024-03-14T10:56:55.038+0000] {logging_mixin.py:188} INFO - [2024-03-14T10:56:55.038+0000] {dagbag.py:540} INFO - Filling up the DagBag from /home/airflow/.local/lib/python3.8/site-packages/airflow/example_dags/example_branch_operator.py
[2024-03-14T10:56:55.047+0000] {processor.py:840} INFO - DAG(s) 'example_branch_operator' retrieved from /home/airflow/.local/lib/python3.8/site-packages/airflow/example_dags/example_branch_operator.py
[2024-03-14T10:56:55.067+0000] {logging_mixin.py:188} INFO - [2024-03-14T10:56:55.067+0000] {dag.py:3047} INFO - Sync 1 DAGs
[2024-03-14T10:56:55.078+0000] {logging_mixin.py:188} INFO - [2024-03-14T10:56:55.078+0000] {dag.py:3834} INFO - Setting next_dagrun for example_branch_operator to 2024-03-13 00:00:00+00:00, run_after=2024-03-14 00:00:00+00:00
[2024-03-14T10:56:55.087+0000] {processor.py:183} INFO - Processing /home/airflow/.local/lib/python3.8/site-packages/airflow/example_dags/example_branch_operator.py took 0.053 seconds
[2024-03-14T10:57:25.506+0000] {processor.py:161} INFO - Started process (PID=221) to work on /home/airflow/.local/lib/python3.8/site-packages/airflow/example_dags/example_branch_operator.py
[2024-03-14T10:57:25.507+0000] {processor.py:830} INFO - Processing file /home/airflow/.local/lib/python3.8/site-packages/airflow/example_dags/example_branch_operator.py for tasks to queue
[2024-03-14T10:57:25.508+0000] {logging_mixin.py:188} INFO - [2024-03-14T10:57:25.508+0000] {dagbag.py:540} INFO - Filling up the DagBag from /home/airflow/.local/lib/python3.8/site-packages/airflow/example_dags/example_branch_operator.py
[2024-03-14T10:57:25.516+0000] {processor.py:840} INFO - DAG(s) 'example_branch_operator' retrieved from /home/airflow/.local/lib/python3.8/site-packages/airflow/example_dags/example_branch_operator.py
[2024-03-14T10:57:25.528+0000] {logging_mixin.py:188} INFO - [2024-03-14T10:57:25.527+0000] {dag.py:3047} INFO - Sync 1 DAGs
[2024-03-14T10:57:25.537+0000] {logging_mixin.py:188} INFO - [2024-03-14T10:57:25.537+0000] {dag.py:3834} INFO - Setting next_dagrun for example_branch_operator to 2024-03-13 00:00:00+00:00, run_after=2024-03-14 00:00:00+00:00
[2024-03-14T10:57:25.544+0000] {processor.py:183} INFO - Processing /home/airflow/.local/lib/python3.8/site-packages/airflow/example_dags/example_branch_operator.py took 0.040 seconds
[2024-03-14T10:57:55.953+0000] {processor.py:161} INFO - Started process (PID=276) to work on /home/airflow/.local/lib/python3.8/site-packages/airflow/example_dags/example_branch_operator.py
[2024-03-14T10:57:55.954+0000] {processor.py:830} INFO - Processing file /home/airflow/.local/lib/python3.8/site-packages/airflow/example_dags/example_branch_operator.py for tasks to queue
[2024-03-14T10:57:55.955+0000] {logging_mixin.py:188} INFO - [2024-03-14T10:57:55.954+0000] {dagbag.py:540} INFO - Filling up the DagBag from /home/airflow/.local/lib/python3.8/site-packages/airflow/example_dags/example_branch_operator.py
[2024-03-14T10:57:55.962+0000] {processor.py:840} INFO - DAG(s) 'example_branch_operator' retrieved from /home/airflow/.local/lib/python3.8/site-packages/airflow/example_dags/example_branch_operator.py
[2024-03-14T10:57:55.973+0000] {logging_mixin.py:188} INFO - [2024-03-14T10:57:55.973+0000] {dag.py:3047} INFO - Sync 1 DAGs
[2024-03-14T10:57:55.983+0000] {logging_mixin.py:188} INFO - [2024-03-14T10:57:55.982+0000] {dag.py:3834} INFO - Setting next_dagrun for example_branch_operator to 2024-03-13 00:00:00+00:00, run_after=2024-03-14 00:00:00+00:00
[2024-03-14T10:57:55.990+0000] {processor.py:183} INFO - Processing /home/airflow/.local/lib/python3.8/site-packages/airflow/example_dags/example_branch_operator.py took 0.038 seconds
[2024-03-14T10:58:26.237+0000] {processor.py:161} INFO - Started process (PID=331) to work on /home/airflow/.local/lib/python3.8/site-packages/airflow/example_dags/example_branch_operator.py
[2024-03-14T10:58:26.237+0000] {processor.py:830} INFO - Processing file /home/airflow/.local/lib/python3.8/site-packages/airflow/example_dags/example_branch_operator.py for tasks to queue
[2024-03-14T10:58:26.238+0000] {logging_mixin.py:188} INFO - [2024-03-14T10:58:26.238+0000] {dagbag.py:540} INFO - Filling up the DagBag from /home/airflow/.local/lib/python3.8/site-packages/airflow/example_dags/example_branch_operator.py
[2024-03-14T10:58:26.245+0000] {processor.py:840} INFO - DAG(s) 'example_branch_operator' retrieved from /home/airflow/.local/lib/python3.8/site-packages/airflow/example_dags/example_branch_operator.py
[2024-03-14T10:58:26.257+0000] {logging_mixin.py:188} INFO - [2024-03-14T10:58:26.257+0000] {dag.py:3047} INFO - Sync 1 DAGs
[2024-03-14T10:58:26.266+0000] {logging_mixin.py:188} INFO - [2024-03-14T10:58:26.265+0000] {dag.py:3834} INFO - Setting next_dagrun for example_branch_operator to 2024-03-13 00:00:00+00:00, run_after=2024-03-14 00:00:00+00:00
[2024-03-14T10:58:26.273+0000] {processor.py:183} INFO - Processing /home/airflow/.local/lib/python3.8/site-packages/airflow/example_dags/example_branch_operator.py took 0.038 seconds
[2024-03-14T10:58:56.616+0000] {processor.py:161} INFO - Started process (PID=386) to work on /home/airflow/.local/lib/python3.8/site-packages/airflow/example_dags/example_branch_operator.py
[2024-03-14T10:58:56.617+0000] {processor.py:830} INFO - Processing file /home/airflow/.local/lib/python3.8/site-packages/airflow/example_dags/example_branch_operator.py for tasks to queue
[2024-03-14T10:58:56.618+0000] {logging_mixin.py:188} INFO - [2024-03-14T10:58:56.618+0000] {dagbag.py:540} INFO - Filling up the DagBag from /home/airflow/.local/lib/python3.8/site-packages/airflow/example_dags/example_branch_operator.py
[2024-03-14T10:58:56.625+0000] {processor.py:840} INFO - DAG(s) 'example_branch_operator' retrieved from /home/airflow/.local/lib/python3.8/site-packages/airflow/example_dags/example_branch_operator.py
[2024-03-14T10:58:56.636+0000] {logging_mixin.py:188} INFO - [2024-03-14T10:58:56.636+0000] {dag.py:3047} INFO - Sync 1 DAGs
[2024-03-14T10:58:56.645+0000] {logging_mixin.py:188} INFO - [2024-03-14T10:58:56.645+0000] {dag.py:3834} INFO - Setting next_dagrun for example_branch_operator to 2024-03-13 00:00:00+00:00, run_after=2024-03-14 00:00:00+00:00
[2024-03-14T10:58:56.653+0000] {processor.py:183} INFO - Processing /home/airflow/.local/lib/python3.8/site-packages/airflow/example_dags/example_branch_operator.py took 0.038 seconds
[2024-03-14T10:59:27.005+0000] {processor.py:161} INFO - Started process (PID=441) to work on /home/airflow/.local/lib/python3.8/site-packages/airflow/example_dags/example_branch_operator.py
[2024-03-14T10:59:27.005+0000] {processor.py:830} INFO - Processing file /home/airflow/.local/lib/python3.8/site-packages/airflow/example_dags/example_branch_operator.py for tasks to queue
[2024-03-14T10:59:27.006+0000] {logging_mixin.py:188} INFO - [2024-03-14T10:59:27.006+0000] {dagbag.py:540} INFO - Filling up the DagBag from /home/airflow/.local/lib/python3.8/site-packages/airflow/example_dags/example_branch_operator.py
[2024-03-14T10:59:27.014+0000] {processor.py:840} INFO - DAG(s) 'example_branch_operator' retrieved from /home/airflow/.local/lib/python3.8/site-packages/airflow/example_dags/example_branch_operator.py
[2024-03-14T10:59:27.029+0000] {logging_mixin.py:188} INFO - [2024-03-14T10:59:27.029+0000] {dag.py:3047} INFO - Sync 1 DAGs
[2024-03-14T10:59:27.039+0000] {logging_mixin.py:188} INFO - [2024-03-14T10:59:27.039+0000] {dag.py:3834} INFO - Setting next_dagrun for example_branch_operator to 2024-03-13 00:00:00+00:00, run_after=2024-03-14 00:00:00+00:00
[2024-03-14T10:59:27.046+0000] {processor.py:183} INFO - Processing /home/airflow/.local/lib/python3.8/site-packages/airflow/example_dags/example_branch_operator.py took 0.043 seconds
[2024-03-14T10:59:57.409+0000] {processor.py:161} INFO - Started process (PID=496) to work on /home/airflow/.local/lib/python3.8/site-packages/airflow/example_dags/example_branch_operator.py
[2024-03-14T10:59:57.410+0000] {processor.py:830} INFO - Processing file /home/airflow/.local/lib/python3.8/site-packages/airflow/example_dags/example_branch_operator.py for tasks to queue
[2024-03-14T10:59:57.411+0000] {logging_mixin.py:188} INFO - [2024-03-14T10:59:57.411+0000] {dagbag.py:540} INFO - Filling up the DagBag from /home/airflow/.local/lib/python3.8/site-packages/airflow/example_dags/example_branch_operator.py
[2024-03-14T10:59:57.419+0000] {processor.py:840} INFO - DAG(s) 'example_branch_operator' retrieved from /home/airflow/.local/lib/python3.8/site-packages/airflow/example_dags/example_branch_operator.py
[2024-03-14T10:59:57.432+0000] {logging_mixin.py:188} INFO - [2024-03-14T10:59:57.432+0000] {dag.py:3047} INFO - Sync 1 DAGs
[2024-03-14T10:59:57.443+0000] {logging_mixin.py:188} INFO - [2024-03-14T10:59:57.443+0000] {dag.py:3834} INFO - Setting next_dagrun for example_branch_operator to 2024-03-13 00:00:00+00:00, run_after=2024-03-14 00:00:00+00:00
[2024-03-14T10:59:57.451+0000] {processor.py:183} INFO - Processing /home/airflow/.local/lib/python3.8/site-packages/airflow/example_dags/example_branch_operator.py took 0.043 seconds
[2024-03-14T11:00:27.792+0000] {processor.py:161} INFO - Started process (PID=550) to work on /home/airflow/.local/lib/python3.8/site-packages/airflow/example_dags/example_branch_operator.py
[2024-03-14T11:00:27.792+0000] {processor.py:830} INFO - Processing file /home/airflow/.local/lib/python3.8/site-packages/airflow/example_dags/example_branch_operator.py for tasks to queue
[2024-03-14T11:00:27.793+0000] {logging_mixin.py:188} INFO - [2024-03-14T11:00:27.793+0000] {dagbag.py:540} INFO - Filling up the DagBag from /home/airflow/.local/lib/python3.8/site-packages/airflow/example_dags/example_branch_operator.py
[2024-03-14T11:00:27.800+0000] {processor.py:840} INFO - DAG(s) 'example_branch_operator' retrieved from /home/airflow/.local/lib/python3.8/site-packages/airflow/example_dags/example_branch_operator.py
[2024-03-14T11:00:27.811+0000] {logging_mixin.py:188} INFO - [2024-03-14T11:00:27.811+0000] {dag.py:3047} INFO - Sync 1 DAGs
[2024-03-14T11:00:27.820+0000] {logging_mixin.py:188} INFO - [2024-03-14T11:00:27.820+0000] {dag.py:3834} INFO - Setting next_dagrun for example_branch_operator to 2024-03-13 00:00:00+00:00, run_after=2024-03-14 00:00:00+00:00
[2024-03-14T11:00:27.828+0000] {processor.py:183} INFO - Processing /home/airflow/.local/lib/python3.8/site-packages/airflow/example_dags/example_branch_operator.py took 0.037 seconds
[2024-03-14T11:00:58.260+0000] {processor.py:161} INFO - Started process (PID=605) to work on /home/airflow/.local/lib/python3.8/site-packages/airflow/example_dags/example_branch_operator.py
[2024-03-14T11:00:58.261+0000] {processor.py:830} INFO - Processing file /home/airflow/.local/lib/python3.8/site-packages/airflow/example_dags/example_branch_operator.py for tasks to queue
[2024-03-14T11:00:58.262+0000] {logging_mixin.py:188} INFO - [2024-03-14T11:00:58.262+0000] {dagbag.py:540} INFO - Filling up the DagBag from /home/airflow/.local/lib/python3.8/site-packages/airflow/example_dags/example_branch_operator.py
[2024-03-14T11:00:58.270+0000] {processor.py:840} INFO - DAG(s) 'example_branch_operator' retrieved from /home/airflow/.local/lib/python3.8/site-packages/airflow/example_dags/example_branch_operator.py
[2024-03-14T11:00:58.281+0000] {logging_mixin.py:188} INFO - [2024-03-14T11:00:58.281+0000] {dag.py:3047} INFO - Sync 1 DAGs
[2024-03-14T11:00:58.291+0000] {logging_mixin.py:188} INFO - [2024-03-14T11:00:58.291+0000] {dag.py:3834} INFO - Setting next_dagrun for example_branch_operator to 2024-03-13 00:00:00+00:00, run_after=2024-03-14 00:00:00+00:00
[2024-03-14T11:00:58.298+0000] {processor.py:183} INFO - Processing /home/airflow/.local/lib/python3.8/site-packages/airflow/example_dags/example_branch_operator.py took 0.039 seconds
[2024-03-14T11:01:28.824+0000] {processor.py:161} INFO - Started process (PID=659) to work on /home/airflow/.local/lib/python3.8/site-packages/airflow/example_dags/example_branch_operator.py
[2024-03-14T11:01:28.825+0000] {processor.py:830} INFO - Processing file /home/airflow/.local/lib/python3.8/site-packages/airflow/example_dags/example_branch_operator.py for tasks to queue
[2024-03-14T11:01:28.826+0000] {logging_mixin.py:188} INFO - [2024-03-14T11:01:28.825+0000] {dagbag.py:540} INFO - Filling up the DagBag from /home/airflow/.local/lib/python3.8/site-packages/airflow/example_dags/example_branch_operator.py
[2024-03-14T11:01:28.833+0000] {processor.py:840} INFO - DAG(s) 'example_branch_operator' retrieved from /home/airflow/.local/lib/python3.8/site-packages/airflow/example_dags/example_branch_operator.py
[2024-03-14T11:01:28.845+0000] {logging_mixin.py:188} INFO - [2024-03-14T11:01:28.845+0000] {dag.py:3047} INFO - Sync 1 DAGs
[2024-03-14T11:01:28.855+0000] {logging_mixin.py:188} INFO - [2024-03-14T11:01:28.855+0000] {dag.py:3834} INFO - Setting next_dagrun for example_branch_operator to 2024-03-13 00:00:00+00:00, run_after=2024-03-14 00:00:00+00:00
[2024-03-14T11:01:28.862+0000] {processor.py:183} INFO - Processing /home/airflow/.local/lib/python3.8/site-packages/airflow/example_dags/example_branch_operator.py took 0.039 seconds
[2024-03-14T11:01:59.258+0000] {processor.py:161} INFO - Started process (PID=714) to work on /home/airflow/.local/lib/python3.8/site-packages/airflow/example_dags/example_branch_operator.py
[2024-03-14T11:01:59.259+0000] {processor.py:830} INFO - Processing file /home/airflow/.local/lib/python3.8/site-packages/airflow/example_dags/example_branch_operator.py for tasks to queue
[2024-03-14T11:01:59.260+0000] {logging_mixin.py:188} INFO - [2024-03-14T11:01:59.260+0000] {dagbag.py:540} INFO - Filling up the DagBag from /home/airflow/.local/lib/python3.8/site-packages/airflow/example_dags/example_branch_operator.py
[2024-03-14T11:01:59.270+0000] {processor.py:840} INFO - DAG(s) 'example_branch_operator' retrieved from /home/airflow/.local/lib/python3.8/site-packages/airflow/example_dags/example_branch_operator.py
[2024-03-14T11:01:59.287+0000] {logging_mixin.py:188} INFO - [2024-03-14T11:01:59.287+0000] {dag.py:3047} INFO - Sync 1 DAGs
[2024-03-14T11:01:59.300+0000] {logging_mixin.py:188} INFO - [2024-03-14T11:01:59.300+0000] {dag.py:3834} INFO - Setting next_dagrun for example_branch_operator to 2024-03-13 00:00:00+00:00, run_after=2024-03-14 00:00:00+00:00
[2024-03-14T11:01:59.309+0000] {processor.py:183} INFO - Processing /home/airflow/.local/lib/python3.8/site-packages/airflow/example_dags/example_branch_operator.py took 0.053 seconds
[2024-03-14T11:02:29.792+0000] {processor.py:161} INFO - Started process (PID=770) to work on /home/airflow/.local/lib/python3.8/site-packages/airflow/example_dags/example_branch_operator.py
[2024-03-14T11:02:29.793+0000] {processor.py:830} INFO - Processing file /home/airflow/.local/lib/python3.8/site-packages/airflow/example_dags/example_branch_operator.py for tasks to queue
[2024-03-14T11:02:29.794+0000] {logging_mixin.py:188} INFO - [2024-03-14T11:02:29.794+0000] {dagbag.py:540} INFO - Filling up the DagBag from /home/airflow/.local/lib/python3.8/site-packages/airflow/example_dags/example_branch_operator.py
[2024-03-14T11:02:29.803+0000] {processor.py:840} INFO - DAG(s) 'example_branch_operator' retrieved from /home/airflow/.local/lib/python3.8/site-packages/airflow/example_dags/example_branch_operator.py
[2024-03-14T11:02:29.816+0000] {logging_mixin.py:188} INFO - [2024-03-14T11:02:29.816+0000] {dag.py:3047} INFO - Sync 1 DAGs
[2024-03-14T11:02:29.829+0000] {logging_mixin.py:188} INFO - [2024-03-14T11:02:29.829+0000] {dag.py:3834} INFO - Setting next_dagrun for example_branch_operator to 2024-03-13 00:00:00+00:00, run_after=2024-03-14 00:00:00+00:00
[2024-03-14T11:02:29.842+0000] {processor.py:183} INFO - Processing /home/airflow/.local/lib/python3.8/site-packages/airflow/example_dags/example_branch_operator.py took 0.053 seconds
[2024-03-14T11:03:00.292+0000] {processor.py:161} INFO - Started process (PID=825) to work on /home/airflow/.local/lib/python3.8/site-packages/airflow/example_dags/example_branch_operator.py
[2024-03-14T11:03:00.292+0000] {processor.py:830} INFO - Processing file /home/airflow/.local/lib/python3.8/site-packages/airflow/example_dags/example_branch_operator.py for tasks to queue
[2024-03-14T11:03:00.293+0000] {logging_mixin.py:188} INFO - [2024-03-14T11:03:00.293+0000] {dagbag.py:540} INFO - Filling up the DagBag from /home/airflow/.local/lib/python3.8/site-packages/airflow/example_dags/example_branch_operator.py
[2024-03-14T11:03:00.301+0000] {processor.py:840} INFO - DAG(s) 'example_branch_operator' retrieved from /home/airflow/.local/lib/python3.8/site-packages/airflow/example_dags/example_branch_operator.py
[2024-03-14T11:03:00.312+0000] {logging_mixin.py:188} INFO - [2024-03-14T11:03:00.312+0000] {dag.py:3047} INFO - Sync 1 DAGs
[2024-03-14T11:03:00.322+0000] {logging_mixin.py:188} INFO - [2024-03-14T11:03:00.322+0000] {dag.py:3834} INFO - Setting next_dagrun for example_branch_operator to 2024-03-13 00:00:00+00:00, run_after=2024-03-14 00:00:00+00:00
[2024-03-14T11:03:00.329+0000] {processor.py:183} INFO - Processing /home/airflow/.local/lib/python3.8/site-packages/airflow/example_dags/example_branch_operator.py took 0.039 seconds
[2024-03-14T11:03:30.726+0000] {processor.py:161} INFO - Started process (PID=880) to work on /home/airflow/.local/lib/python3.8/site-packages/airflow/example_dags/example_branch_operator.py
[2024-03-14T11:03:30.726+0000] {processor.py:830} INFO - Processing file /home/airflow/.local/lib/python3.8/site-packages/airflow/example_dags/example_branch_operator.py for tasks to queue
[2024-03-14T11:03:30.727+0000] {logging_mixin.py:188} INFO - [2024-03-14T11:03:30.727+0000] {dagbag.py:540} INFO - Filling up the DagBag from /home/airflow/.local/lib/python3.8/site-packages/airflow/example_dags/example_branch_operator.py
[2024-03-14T11:03:30.734+0000] {processor.py:840} INFO - DAG(s) 'example_branch_operator' retrieved from /home/airflow/.local/lib/python3.8/site-packages/airflow/example_dags/example_branch_operator.py
[2024-03-14T11:03:30.747+0000] {logging_mixin.py:188} INFO - [2024-03-14T11:03:30.747+0000] {dag.py:3047} INFO - Sync 1 DAGs
[2024-03-14T11:03:30.756+0000] {logging_mixin.py:188} INFO - [2024-03-14T11:03:30.756+0000] {dag.py:3834} INFO - Setting next_dagrun for example_branch_operator to 2024-03-13 00:00:00+00:00, run_after=2024-03-14 00:00:00+00:00
[2024-03-14T11:03:30.763+0000] {processor.py:183} INFO - Processing /home/airflow/.local/lib/python3.8/site-packages/airflow/example_dags/example_branch_operator.py took 0.039 seconds
[2024-03-14T11:04:01.169+0000] {processor.py:161} INFO - Started process (PID=935) to work on /home/airflow/.local/lib/python3.8/site-packages/airflow/example_dags/example_branch_operator.py
[2024-03-14T11:04:01.170+0000] {processor.py:830} INFO - Processing file /home/airflow/.local/lib/python3.8/site-packages/airflow/example_dags/example_branch_operator.py for tasks to queue
[2024-03-14T11:04:01.171+0000] {logging_mixin.py:188} INFO - [2024-03-14T11:04:01.171+0000] {dagbag.py:540} INFO - Filling up the DagBag from /home/airflow/.local/lib/python3.8/site-packages/airflow/example_dags/example_branch_operator.py
[2024-03-14T11:04:01.180+0000] {processor.py:840} INFO - DAG(s) 'example_branch_operator' retrieved from /home/airflow/.local/lib/python3.8/site-packages/airflow/example_dags/example_branch_operator.py
[2024-03-14T11:04:01.193+0000] {logging_mixin.py:188} INFO - [2024-03-14T11:04:01.193+0000] {dag.py:3047} INFO - Sync 1 DAGs
[2024-03-14T11:04:01.205+0000] {logging_mixin.py:188} INFO - [2024-03-14T11:04:01.205+0000] {dag.py:3834} INFO - Setting next_dagrun for example_branch_operator to 2024-03-13 00:00:00+00:00, run_after=2024-03-14 00:00:00+00:00
[2024-03-14T11:04:01.213+0000] {processor.py:183} INFO - Processing /home/airflow/.local/lib/python3.8/site-packages/airflow/example_dags/example_branch_operator.py took 0.045 seconds
[2024-03-14T11:04:31.582+0000] {processor.py:161} INFO - Started process (PID=990) to work on /home/airflow/.local/lib/python3.8/site-packages/airflow/example_dags/example_branch_operator.py
[2024-03-14T11:04:31.585+0000] {processor.py:830} INFO - Processing file /home/airflow/.local/lib/python3.8/site-packages/airflow/example_dags/example_branch_operator.py for tasks to queue
[2024-03-14T11:04:31.586+0000] {logging_mixin.py:188} INFO - [2024-03-14T11:04:31.586+0000] {dagbag.py:540} INFO - Filling up the DagBag from /home/airflow/.local/lib/python3.8/site-packages/airflow/example_dags/example_branch_operator.py
[2024-03-14T11:04:31.595+0000] {processor.py:840} INFO - DAG(s) 'example_branch_operator' retrieved from /home/airflow/.local/lib/python3.8/site-packages/airflow/example_dags/example_branch_operator.py
[2024-03-14T11:04:31.607+0000] {logging_mixin.py:188} INFO - [2024-03-14T11:04:31.607+0000] {dag.py:3047} INFO - Sync 1 DAGs
[2024-03-14T11:04:31.617+0000] {logging_mixin.py:188} INFO - [2024-03-14T11:04:31.617+0000] {dag.py:3834} INFO - Setting next_dagrun for example_branch_operator to 2024-03-13 00:00:00+00:00, run_after=2024-03-14 00:00:00+00:00
[2024-03-14T11:04:31.624+0000] {processor.py:183} INFO - Processing /home/airflow/.local/lib/python3.8/site-packages/airflow/example_dags/example_branch_operator.py took 0.043 seconds
[2024-03-14T11:05:02.003+0000] {processor.py:161} INFO - Started process (PID=1045) to work on /home/airflow/.local/lib/python3.8/site-packages/airflow/example_dags/example_branch_operator.py
[2024-03-14T11:05:02.004+0000] {processor.py:830} INFO - Processing file /home/airflow/.local/lib/python3.8/site-packages/airflow/example_dags/example_branch_operator.py for tasks to queue
[2024-03-14T11:05:02.004+0000] {logging_mixin.py:188} INFO - [2024-03-14T11:05:02.004+0000] {dagbag.py:540} INFO - Filling up the DagBag from /home/airflow/.local/lib/python3.8/site-packages/airflow/example_dags/example_branch_operator.py
[2024-03-14T11:05:02.012+0000] {processor.py:840} INFO - DAG(s) 'example_branch_operator' retrieved from /home/airflow/.local/lib/python3.8/site-packages/airflow/example_dags/example_branch_operator.py
[2024-03-14T11:05:02.025+0000] {logging_mixin.py:188} INFO - [2024-03-14T11:05:02.025+0000] {dag.py:3047} INFO - Sync 1 DAGs
[2024-03-14T11:05:02.039+0000] {logging_mixin.py:188} INFO - [2024-03-14T11:05:02.039+0000] {dag.py:3834} INFO - Setting next_dagrun for example_branch_operator to 2024-03-13 00:00:00+00:00, run_after=2024-03-14 00:00:00+00:00
[2024-03-14T11:05:02.048+0000] {processor.py:183} INFO - Processing /home/airflow/.local/lib/python3.8/site-packages/airflow/example_dags/example_branch_operator.py took 0.047 seconds
[2024-03-14T11:05:32.471+0000] {processor.py:161} INFO - Started process (PID=1100) to work on /home/airflow/.local/lib/python3.8/site-packages/airflow/example_dags/example_branch_operator.py
[2024-03-14T11:05:32.472+0000] {processor.py:830} INFO - Processing file /home/airflow/.local/lib/python3.8/site-packages/airflow/example_dags/example_branch_operator.py for tasks to queue
[2024-03-14T11:05:32.473+0000] {logging_mixin.py:188} INFO - [2024-03-14T11:05:32.472+0000] {dagbag.py:540} INFO - Filling up the DagBag from /home/airflow/.local/lib/python3.8/site-packages/airflow/example_dags/example_branch_operator.py
[2024-03-14T11:05:32.480+0000] {processor.py:840} INFO - DAG(s) 'example_branch_operator' retrieved from /home/airflow/.local/lib/python3.8/site-packages/airflow/example_dags/example_branch_operator.py
[2024-03-14T11:05:32.491+0000] {logging_mixin.py:188} INFO - [2024-03-14T11:05:32.491+0000] {dag.py:3047} INFO - Sync 1 DAGs
[2024-03-14T11:05:32.501+0000] {logging_mixin.py:188} INFO - [2024-03-14T11:05:32.500+0000] {dag.py:3834} INFO - Setting next_dagrun for example_branch_operator to 2024-03-13 00:00:00+00:00, run_after=2024-03-14 00:00:00+00:00
[2024-03-14T11:05:32.508+0000] {processor.py:183} INFO - Processing /home/airflow/.local/lib/python3.8/site-packages/airflow/example_dags/example_branch_operator.py took 0.038 seconds
[2024-03-14T11:06:02.951+0000] {processor.py:161} INFO - Started process (PID=1155) to work on /home/airflow/.local/lib/python3.8/site-packages/airflow/example_dags/example_branch_operator.py
[2024-03-14T11:06:02.952+0000] {processor.py:830} INFO - Processing file /home/airflow/.local/lib/python3.8/site-packages/airflow/example_dags/example_branch_operator.py for tasks to queue
[2024-03-14T11:06:02.953+0000] {logging_mixin.py:188} INFO - [2024-03-14T11:06:02.953+0000] {dagbag.py:540} INFO - Filling up the DagBag from /home/airflow/.local/lib/python3.8/site-packages/airflow/example_dags/example_branch_operator.py
[2024-03-14T11:06:02.961+0000] {processor.py:840} INFO - DAG(s) 'example_branch_operator' retrieved from /home/airflow/.local/lib/python3.8/site-packages/airflow/example_dags/example_branch_operator.py
[2024-03-14T11:06:02.973+0000] {logging_mixin.py:188} INFO - [2024-03-14T11:06:02.973+0000] {dag.py:3047} INFO - Sync 1 DAGs
[2024-03-14T11:06:02.983+0000] {logging_mixin.py:188} INFO - [2024-03-14T11:06:02.983+0000] {dag.py:3834} INFO - Setting next_dagrun for example_branch_operator to 2024-03-13 00:00:00+00:00, run_after=2024-03-14 00:00:00+00:00
[2024-03-14T11:06:02.991+0000] {processor.py:183} INFO - Processing /home/airflow/.local/lib/python3.8/site-packages/airflow/example_dags/example_branch_operator.py took 0.041 seconds
[2024-03-14T11:06:33.337+0000] {processor.py:161} INFO - Started process (PID=1210) to work on /home/airflow/.local/lib/python3.8/site-packages/airflow/example_dags/example_branch_operator.py
[2024-03-14T11:06:33.340+0000] {processor.py:830} INFO - Processing file /home/airflow/.local/lib/python3.8/site-packages/airflow/example_dags/example_branch_operator.py for tasks to queue
[2024-03-14T11:06:33.343+0000] {logging_mixin.py:188} INFO - [2024-03-14T11:06:33.343+0000] {dagbag.py:540} INFO - Filling up the DagBag from /home/airflow/.local/lib/python3.8/site-packages/airflow/example_dags/example_branch_operator.py
[2024-03-14T11:06:33.352+0000] {processor.py:840} INFO - DAG(s) 'example_branch_operator' retrieved from /home/airflow/.local/lib/python3.8/site-packages/airflow/example_dags/example_branch_operator.py
[2024-03-14T11:06:33.365+0000] {logging_mixin.py:188} INFO - [2024-03-14T11:06:33.365+0000] {dag.py:3047} INFO - Sync 1 DAGs
[2024-03-14T11:06:33.375+0000] {logging_mixin.py:188} INFO - [2024-03-14T11:06:33.375+0000] {dag.py:3834} INFO - Setting next_dagrun for example_branch_operator to 2024-03-13 00:00:00+00:00, run_after=2024-03-14 00:00:00+00:00
[2024-03-14T11:06:33.383+0000] {processor.py:183} INFO - Processing /home/airflow/.local/lib/python3.8/site-packages/airflow/example_dags/example_branch_operator.py took 0.048 seconds
[2024-03-14T11:07:03.753+0000] {processor.py:161} INFO - Started process (PID=1264) to work on /home/airflow/.local/lib/python3.8/site-packages/airflow/example_dags/example_branch_operator.py
[2024-03-14T11:07:03.753+0000] {processor.py:830} INFO - Processing file /home/airflow/.local/lib/python3.8/site-packages/airflow/example_dags/example_branch_operator.py for tasks to queue
[2024-03-14T11:07:03.754+0000] {logging_mixin.py:188} INFO - [2024-03-14T11:07:03.754+0000] {dagbag.py:540} INFO - Filling up the DagBag from /home/airflow/.local/lib/python3.8/site-packages/airflow/example_dags/example_branch_operator.py
[2024-03-14T11:07:03.762+0000] {processor.py:840} INFO - DAG(s) 'example_branch_operator' retrieved from /home/airflow/.local/lib/python3.8/site-packages/airflow/example_dags/example_branch_operator.py
[2024-03-14T11:07:03.774+0000] {logging_mixin.py:188} INFO - [2024-03-14T11:07:03.774+0000] {dag.py:3047} INFO - Sync 1 DAGs
[2024-03-14T11:07:03.785+0000] {logging_mixin.py:188} INFO - [2024-03-14T11:07:03.785+0000] {dag.py:3834} INFO - Setting next_dagrun for example_branch_operator to 2024-03-13 00:00:00+00:00, run_after=2024-03-14 00:00:00+00:00
[2024-03-14T11:07:03.792+0000] {processor.py:183} INFO - Processing /home/airflow/.local/lib/python3.8/site-packages/airflow/example_dags/example_branch_operator.py took 0.041 seconds
[2024-03-14T11:07:34.179+0000] {processor.py:161} INFO - Started process (PID=1319) to work on /home/airflow/.local/lib/python3.8/site-packages/airflow/example_dags/example_branch_operator.py
[2024-03-14T11:07:34.179+0000] {processor.py:830} INFO - Processing file /home/airflow/.local/lib/python3.8/site-packages/airflow/example_dags/example_branch_operator.py for tasks to queue
[2024-03-14T11:07:34.180+0000] {logging_mixin.py:188} INFO - [2024-03-14T11:07:34.180+0000] {dagbag.py:540} INFO - Filling up the DagBag from /home/airflow/.local/lib/python3.8/site-packages/airflow/example_dags/example_branch_operator.py
[2024-03-14T11:07:34.188+0000] {processor.py:840} INFO - DAG(s) 'example_branch_operator' retrieved from /home/airflow/.local/lib/python3.8/site-packages/airflow/example_dags/example_branch_operator.py
[2024-03-14T11:07:34.199+0000] {logging_mixin.py:188} INFO - [2024-03-14T11:07:34.199+0000] {dag.py:3047} INFO - Sync 1 DAGs
[2024-03-14T11:07:34.209+0000] {logging_mixin.py:188} INFO - [2024-03-14T11:07:34.209+0000] {dag.py:3834} INFO - Setting next_dagrun for example_branch_operator to 2024-03-13 00:00:00+00:00, run_after=2024-03-14 00:00:00+00:00
[2024-03-14T11:07:34.216+0000] {processor.py:183} INFO - Processing /home/airflow/.local/lib/python3.8/site-packages/airflow/example_dags/example_branch_operator.py took 0.039 seconds
[2024-03-14T11:08:04.525+0000] {processor.py:161} INFO - Started process (PID=1374) to work on /home/airflow/.local/lib/python3.8/site-packages/airflow/example_dags/example_branch_operator.py
[2024-03-14T11:08:04.525+0000] {processor.py:830} INFO - Processing file /home/airflow/.local/lib/python3.8/site-packages/airflow/example_dags/example_branch_operator.py for tasks to queue
[2024-03-14T11:08:04.526+0000] {logging_mixin.py:188} INFO - [2024-03-14T11:08:04.526+0000] {dagbag.py:540} INFO - Filling up the DagBag from /home/airflow/.local/lib/python3.8/site-packages/airflow/example_dags/example_branch_operator.py
[2024-03-14T11:08:04.534+0000] {processor.py:840} INFO - DAG(s) 'example_branch_operator' retrieved from /home/airflow/.local/lib/python3.8/site-packages/airflow/example_dags/example_branch_operator.py
[2024-03-14T11:08:04.545+0000] {logging_mixin.py:188} INFO - [2024-03-14T11:08:04.545+0000] {dag.py:3047} INFO - Sync 1 DAGs
[2024-03-14T11:08:04.554+0000] {logging_mixin.py:188} INFO - [2024-03-14T11:08:04.554+0000] {dag.py:3834} INFO - Setting next_dagrun for example_branch_operator to 2024-03-13 00:00:00+00:00, run_after=2024-03-14 00:00:00+00:00
[2024-03-14T11:08:04.561+0000] {processor.py:183} INFO - Processing /home/airflow/.local/lib/python3.8/site-packages/airflow/example_dags/example_branch_operator.py took 0.038 seconds
[2024-03-14T11:08:34.835+0000] {processor.py:161} INFO - Started process (PID=1429) to work on /home/airflow/.local/lib/python3.8/site-packages/airflow/example_dags/example_branch_operator.py
[2024-03-14T11:08:34.835+0000] {processor.py:830} INFO - Processing file /home/airflow/.local/lib/python3.8/site-packages/airflow/example_dags/example_branch_operator.py for tasks to queue
[2024-03-14T11:08:34.836+0000] {logging_mixin.py:188} INFO - [2024-03-14T11:08:34.836+0000] {dagbag.py:540} INFO - Filling up the DagBag from /home/airflow/.local/lib/python3.8/site-packages/airflow/example_dags/example_branch_operator.py
[2024-03-14T11:08:34.844+0000] {processor.py:840} INFO - DAG(s) 'example_branch_operator' retrieved from /home/airflow/.local/lib/python3.8/site-packages/airflow/example_dags/example_branch_operator.py
[2024-03-14T11:08:34.856+0000] {logging_mixin.py:188} INFO - [2024-03-14T11:08:34.856+0000] {dag.py:3047} INFO - Sync 1 DAGs
[2024-03-14T11:08:34.865+0000] {logging_mixin.py:188} INFO - [2024-03-14T11:08:34.865+0000] {dag.py:3834} INFO - Setting next_dagrun for example_branch_operator to 2024-03-13 00:00:00+00:00, run_after=2024-03-14 00:00:00+00:00
[2024-03-14T11:08:34.872+0000] {processor.py:183} INFO - Processing /home/airflow/.local/lib/python3.8/site-packages/airflow/example_dags/example_branch_operator.py took 0.039 seconds
[2024-03-14T11:09:05.198+0000] {processor.py:161} INFO - Started process (PID=1484) to work on /home/airflow/.local/lib/python3.8/site-packages/airflow/example_dags/example_branch_operator.py
[2024-03-14T11:09:05.199+0000] {processor.py:830} INFO - Processing file /home/airflow/.local/lib/python3.8/site-packages/airflow/example_dags/example_branch_operator.py for tasks to queue
[2024-03-14T11:09:05.200+0000] {logging_mixin.py:188} INFO - [2024-03-14T11:09:05.200+0000] {dagbag.py:540} INFO - Filling up the DagBag from /home/airflow/.local/lib/python3.8/site-packages/airflow/example_dags/example_branch_operator.py
[2024-03-14T11:09:05.208+0000] {processor.py:840} INFO - DAG(s) 'example_branch_operator' retrieved from /home/airflow/.local/lib/python3.8/site-packages/airflow/example_dags/example_branch_operator.py
[2024-03-14T11:09:05.219+0000] {logging_mixin.py:188} INFO - [2024-03-14T11:09:05.219+0000] {dag.py:3047} INFO - Sync 1 DAGs
[2024-03-14T11:09:05.227+0000] {logging_mixin.py:188} INFO - [2024-03-14T11:09:05.227+0000] {dag.py:3834} INFO - Setting next_dagrun for example_branch_operator to 2024-03-13 00:00:00+00:00, run_after=2024-03-14 00:00:00+00:00
[2024-03-14T11:09:05.234+0000] {processor.py:183} INFO - Processing /home/airflow/.local/lib/python3.8/site-packages/airflow/example_dags/example_branch_operator.py took 0.037 seconds
[2024-03-14T11:09:35.542+0000] {processor.py:161} INFO - Started process (PID=1539) to work on /home/airflow/.local/lib/python3.8/site-packages/airflow/example_dags/example_branch_operator.py
[2024-03-14T11:09:35.542+0000] {processor.py:830} INFO - Processing file /home/airflow/.local/lib/python3.8/site-packages/airflow/example_dags/example_branch_operator.py for tasks to queue
[2024-03-14T11:09:35.543+0000] {logging_mixin.py:188} INFO - [2024-03-14T11:09:35.543+0000] {dagbag.py:540} INFO - Filling up the DagBag from /home/airflow/.local/lib/python3.8/site-packages/airflow/example_dags/example_branch_operator.py
[2024-03-14T11:09:35.551+0000] {processor.py:840} INFO - DAG(s) 'example_branch_operator' retrieved from /home/airflow/.local/lib/python3.8/site-packages/airflow/example_dags/example_branch_operator.py
[2024-03-14T11:09:35.562+0000] {logging_mixin.py:188} INFO - [2024-03-14T11:09:35.562+0000] {dag.py:3047} INFO - Sync 1 DAGs
[2024-03-14T11:09:35.572+0000] {logging_mixin.py:188} INFO - [2024-03-14T11:09:35.572+0000] {dag.py:3834} INFO - Setting next_dagrun for example_branch_operator to 2024-03-13 00:00:00+00:00, run_after=2024-03-14 00:00:00+00:00
[2024-03-14T11:09:35.579+0000] {processor.py:183} INFO - Processing /home/airflow/.local/lib/python3.8/site-packages/airflow/example_dags/example_branch_operator.py took 0.039 seconds
[2024-03-14T11:10:05.968+0000] {processor.py:161} INFO - Started process (PID=1593) to work on /home/airflow/.local/lib/python3.8/site-packages/airflow/example_dags/example_branch_operator.py
[2024-03-14T11:10:05.969+0000] {processor.py:830} INFO - Processing file /home/airflow/.local/lib/python3.8/site-packages/airflow/example_dags/example_branch_operator.py for tasks to queue
[2024-03-14T11:10:05.969+0000] {logging_mixin.py:188} INFO - [2024-03-14T11:10:05.969+0000] {dagbag.py:540} INFO - Filling up the DagBag from /home/airflow/.local/lib/python3.8/site-packages/airflow/example_dags/example_branch_operator.py
[2024-03-14T11:10:05.978+0000] {processor.py:840} INFO - DAG(s) 'example_branch_operator' retrieved from /home/airflow/.local/lib/python3.8/site-packages/airflow/example_dags/example_branch_operator.py
[2024-03-14T11:10:05.989+0000] {logging_mixin.py:188} INFO - [2024-03-14T11:10:05.989+0000] {dag.py:3047} INFO - Sync 1 DAGs
[2024-03-14T11:10:05.999+0000] {logging_mixin.py:188} INFO - [2024-03-14T11:10:05.999+0000] {dag.py:3834} INFO - Setting next_dagrun for example_branch_operator to 2024-03-13 00:00:00+00:00, run_after=2024-03-14 00:00:00+00:00
[2024-03-14T11:10:06.006+0000] {processor.py:183} INFO - Processing /home/airflow/.local/lib/python3.8/site-packages/airflow/example_dags/example_branch_operator.py took 0.040 seconds
[2024-03-14T11:10:36.391+0000] {processor.py:161} INFO - Started process (PID=1648) to work on /home/airflow/.local/lib/python3.8/site-packages/airflow/example_dags/example_branch_operator.py
[2024-03-14T11:10:36.392+0000] {processor.py:830} INFO - Processing file /home/airflow/.local/lib/python3.8/site-packages/airflow/example_dags/example_branch_operator.py for tasks to queue
[2024-03-14T11:10:36.393+0000] {logging_mixin.py:188} INFO - [2024-03-14T11:10:36.393+0000] {dagbag.py:540} INFO - Filling up the DagBag from /home/airflow/.local/lib/python3.8/site-packages/airflow/example_dags/example_branch_operator.py
[2024-03-14T11:10:36.401+0000] {processor.py:840} INFO - DAG(s) 'example_branch_operator' retrieved from /home/airflow/.local/lib/python3.8/site-packages/airflow/example_dags/example_branch_operator.py
[2024-03-14T11:10:36.413+0000] {logging_mixin.py:188} INFO - [2024-03-14T11:10:36.412+0000] {dag.py:3047} INFO - Sync 1 DAGs
[2024-03-14T11:10:36.422+0000] {logging_mixin.py:188} INFO - [2024-03-14T11:10:36.422+0000] {dag.py:3834} INFO - Setting next_dagrun for example_branch_operator to 2024-03-13 00:00:00+00:00, run_after=2024-03-14 00:00:00+00:00
[2024-03-14T11:10:36.429+0000] {processor.py:183} INFO - Processing /home/airflow/.local/lib/python3.8/site-packages/airflow/example_dags/example_branch_operator.py took 0.040 seconds
[2024-03-14T11:11:06.742+0000] {processor.py:161} INFO - Started process (PID=1703) to work on /home/airflow/.local/lib/python3.8/site-packages/airflow/example_dags/example_branch_operator.py
[2024-03-14T11:11:06.743+0000] {processor.py:830} INFO - Processing file /home/airflow/.local/lib/python3.8/site-packages/airflow/example_dags/example_branch_operator.py for tasks to queue
[2024-03-14T11:11:06.744+0000] {logging_mixin.py:188} INFO - [2024-03-14T11:11:06.743+0000] {dagbag.py:540} INFO - Filling up the DagBag from /home/airflow/.local/lib/python3.8/site-packages/airflow/example_dags/example_branch_operator.py
[2024-03-14T11:11:06.751+0000] {processor.py:840} INFO - DAG(s) 'example_branch_operator' retrieved from /home/airflow/.local/lib/python3.8/site-packages/airflow/example_dags/example_branch_operator.py
[2024-03-14T11:11:06.764+0000] {logging_mixin.py:188} INFO - [2024-03-14T11:11:06.764+0000] {dag.py:3047} INFO - Sync 1 DAGs
[2024-03-14T11:11:06.774+0000] {logging_mixin.py:188} INFO - [2024-03-14T11:11:06.774+0000] {dag.py:3834} INFO - Setting next_dagrun for example_branch_operator to 2024-03-13 00:00:00+00:00, run_after=2024-03-14 00:00:00+00:00
[2024-03-14T11:11:06.781+0000] {processor.py:183} INFO - Processing /home/airflow/.local/lib/python3.8/site-packages/airflow/example_dags/example_branch_operator.py took 0.040 seconds
[2024-03-14T11:11:37.173+0000] {processor.py:161} INFO - Started process (PID=1757) to work on /home/airflow/.local/lib/python3.8/site-packages/airflow/example_dags/example_branch_operator.py
[2024-03-14T11:11:37.174+0000] {processor.py:830} INFO - Processing file /home/airflow/.local/lib/python3.8/site-packages/airflow/example_dags/example_branch_operator.py for tasks to queue
[2024-03-14T11:11:37.175+0000] {logging_mixin.py:188} INFO - [2024-03-14T11:11:37.175+0000] {dagbag.py:540} INFO - Filling up the DagBag from /home/airflow/.local/lib/python3.8/site-packages/airflow/example_dags/example_branch_operator.py
[2024-03-14T11:11:37.184+0000] {processor.py:840} INFO - DAG(s) 'example_branch_operator' retrieved from /home/airflow/.local/lib/python3.8/site-packages/airflow/example_dags/example_branch_operator.py
[2024-03-14T11:11:37.196+0000] {logging_mixin.py:188} INFO - [2024-03-14T11:11:37.196+0000] {dag.py:3047} INFO - Sync 1 DAGs
[2024-03-14T11:11:37.206+0000] {logging_mixin.py:188} INFO - [2024-03-14T11:11:37.206+0000] {dag.py:3834} INFO - Setting next_dagrun for example_branch_operator to 2024-03-13 00:00:00+00:00, run_after=2024-03-14 00:00:00+00:00
[2024-03-14T11:11:37.213+0000] {processor.py:183} INFO - Processing /home/airflow/.local/lib/python3.8/site-packages/airflow/example_dags/example_branch_operator.py took 0.042 seconds
[2024-03-14T11:12:07.634+0000] {processor.py:161} INFO - Started process (PID=1812) to work on /home/airflow/.local/lib/python3.8/site-packages/airflow/example_dags/example_branch_operator.py
[2024-03-14T11:12:07.634+0000] {processor.py:830} INFO - Processing file /home/airflow/.local/lib/python3.8/site-packages/airflow/example_dags/example_branch_operator.py for tasks to queue
[2024-03-14T11:12:07.635+0000] {logging_mixin.py:188} INFO - [2024-03-14T11:12:07.635+0000] {dagbag.py:540} INFO - Filling up the DagBag from /home/airflow/.local/lib/python3.8/site-packages/airflow/example_dags/example_branch_operator.py
[2024-03-14T11:12:07.642+0000] {processor.py:840} INFO - DAG(s) 'example_branch_operator' retrieved from /home/airflow/.local/lib/python3.8/site-packages/airflow/example_dags/example_branch_operator.py
[2024-03-14T11:12:07.654+0000] {logging_mixin.py:188} INFO - [2024-03-14T11:12:07.654+0000] {dag.py:3047} INFO - Sync 1 DAGs
[2024-03-14T11:12:07.663+0000] {logging_mixin.py:188} INFO - [2024-03-14T11:12:07.663+0000] {dag.py:3834} INFO - Setting next_dagrun for example_branch_operator to 2024-03-13 00:00:00+00:00, run_after=2024-03-14 00:00:00+00:00
[2024-03-14T11:12:07.670+0000] {processor.py:183} INFO - Processing /home/airflow/.local/lib/python3.8/site-packages/airflow/example_dags/example_branch_operator.py took 0.038 seconds
[2024-03-14T11:12:38.086+0000] {processor.py:161} INFO - Started process (PID=1867) to work on /home/airflow/.local/lib/python3.8/site-packages/airflow/example_dags/example_branch_operator.py
[2024-03-14T11:12:38.087+0000] {processor.py:830} INFO - Processing file /home/airflow/.local/lib/python3.8/site-packages/airflow/example_dags/example_branch_operator.py for tasks to queue
[2024-03-14T11:12:38.088+0000] {logging_mixin.py:188} INFO - [2024-03-14T11:12:38.088+0000] {dagbag.py:540} INFO - Filling up the DagBag from /home/airflow/.local/lib/python3.8/site-packages/airflow/example_dags/example_branch_operator.py
[2024-03-14T11:12:38.095+0000] {processor.py:840} INFO - DAG(s) 'example_branch_operator' retrieved from /home/airflow/.local/lib/python3.8/site-packages/airflow/example_dags/example_branch_operator.py
[2024-03-14T11:12:38.106+0000] {logging_mixin.py:188} INFO - [2024-03-14T11:12:38.106+0000] {dag.py:3047} INFO - Sync 1 DAGs
[2024-03-14T11:12:38.116+0000] {logging_mixin.py:188} INFO - [2024-03-14T11:12:38.116+0000] {dag.py:3834} INFO - Setting next_dagrun for example_branch_operator to 2024-03-13 00:00:00+00:00, run_after=2024-03-14 00:00:00+00:00
[2024-03-14T11:12:38.123+0000] {processor.py:183} INFO - Processing /home/airflow/.local/lib/python3.8/site-packages/airflow/example_dags/example_branch_operator.py took 0.038 seconds
[2024-03-14T11:13:08.422+0000] {processor.py:161} INFO - Started process (PID=1921) to work on /home/airflow/.local/lib/python3.8/site-packages/airflow/example_dags/example_branch_operator.py
[2024-03-14T11:13:08.423+0000] {processor.py:830} INFO - Processing file /home/airflow/.local/lib/python3.8/site-packages/airflow/example_dags/example_branch_operator.py for tasks to queue
[2024-03-14T11:13:08.424+0000] {logging_mixin.py:188} INFO - [2024-03-14T11:13:08.424+0000] {dagbag.py:540} INFO - Filling up the DagBag from /home/airflow/.local/lib/python3.8/site-packages/airflow/example_dags/example_branch_operator.py
[2024-03-14T11:13:08.431+0000] {processor.py:840} INFO - DAG(s) 'example_branch_operator' retrieved from /home/airflow/.local/lib/python3.8/site-packages/airflow/example_dags/example_branch_operator.py
[2024-03-14T11:13:08.443+0000] {logging_mixin.py:188} INFO - [2024-03-14T11:13:08.442+0000] {dag.py:3047} INFO - Sync 1 DAGs
[2024-03-14T11:13:08.452+0000] {logging_mixin.py:188} INFO - [2024-03-14T11:13:08.451+0000] {dag.py:3834} INFO - Setting next_dagrun for example_branch_operator to 2024-03-13 00:00:00+00:00, run_after=2024-03-14 00:00:00+00:00
[2024-03-14T11:13:08.459+0000] {processor.py:183} INFO - Processing /home/airflow/.local/lib/python3.8/site-packages/airflow/example_dags/example_branch_operator.py took 0.038 seconds
[2024-03-14T11:13:38.761+0000] {processor.py:161} INFO - Started process (PID=1976) to work on /home/airflow/.local/lib/python3.8/site-packages/airflow/example_dags/example_branch_operator.py
[2024-03-14T11:13:38.762+0000] {processor.py:830} INFO - Processing file /home/airflow/.local/lib/python3.8/site-packages/airflow/example_dags/example_branch_operator.py for tasks to queue
[2024-03-14T11:13:38.763+0000] {logging_mixin.py:188} INFO - [2024-03-14T11:13:38.763+0000] {dagbag.py:540} INFO - Filling up the DagBag from /home/airflow/.local/lib/python3.8/site-packages/airflow/example_dags/example_branch_operator.py
[2024-03-14T11:13:38.770+0000] {processor.py:840} INFO - DAG(s) 'example_branch_operator' retrieved from /home/airflow/.local/lib/python3.8/site-packages/airflow/example_dags/example_branch_operator.py
[2024-03-14T11:13:38.782+0000] {logging_mixin.py:188} INFO - [2024-03-14T11:13:38.782+0000] {dag.py:3047} INFO - Sync 1 DAGs
[2024-03-14T11:13:38.791+0000] {logging_mixin.py:188} INFO - [2024-03-14T11:13:38.791+0000] {dag.py:3834} INFO - Setting next_dagrun for example_branch_operator to 2024-03-13 00:00:00+00:00, run_after=2024-03-14 00:00:00+00:00
[2024-03-14T11:13:38.798+0000] {processor.py:183} INFO - Processing /home/airflow/.local/lib/python3.8/site-packages/airflow/example_dags/example_branch_operator.py took 0.038 seconds
[2024-03-14T11:14:09.182+0000] {processor.py:161} INFO - Started process (PID=2031) to work on /home/airflow/.local/lib/python3.8/site-packages/airflow/example_dags/example_branch_operator.py
[2024-03-14T11:14:09.183+0000] {processor.py:830} INFO - Processing file /home/airflow/.local/lib/python3.8/site-packages/airflow/example_dags/example_branch_operator.py for tasks to queue
[2024-03-14T11:14:09.185+0000] {logging_mixin.py:188} INFO - [2024-03-14T11:14:09.185+0000] {dagbag.py:540} INFO - Filling up the DagBag from /home/airflow/.local/lib/python3.8/site-packages/airflow/example_dags/example_branch_operator.py
[2024-03-14T11:14:09.194+0000] {processor.py:840} INFO - DAG(s) 'example_branch_operator' retrieved from /home/airflow/.local/lib/python3.8/site-packages/airflow/example_dags/example_branch_operator.py
[2024-03-14T11:14:09.207+0000] {logging_mixin.py:188} INFO - [2024-03-14T11:14:09.207+0000] {dag.py:3047} INFO - Sync 1 DAGs
[2024-03-14T11:14:09.217+0000] {logging_mixin.py:188} INFO - [2024-03-14T11:14:09.216+0000] {dag.py:3834} INFO - Setting next_dagrun for example_branch_operator to 2024-03-13 00:00:00+00:00, run_after=2024-03-14 00:00:00+00:00
[2024-03-14T11:14:09.224+0000] {processor.py:183} INFO - Processing /home/airflow/.local/lib/python3.8/site-packages/airflow/example_dags/example_branch_operator.py took 0.043 seconds
[2024-03-14T11:14:39.509+0000] {processor.py:161} INFO - Started process (PID=2086) to work on /home/airflow/.local/lib/python3.8/site-packages/airflow/example_dags/example_branch_operator.py
[2024-03-14T11:14:39.509+0000] {processor.py:830} INFO - Processing file /home/airflow/.local/lib/python3.8/site-packages/airflow/example_dags/example_branch_operator.py for tasks to queue
[2024-03-14T11:14:39.510+0000] {logging_mixin.py:188} INFO - [2024-03-14T11:14:39.510+0000] {dagbag.py:540} INFO - Filling up the DagBag from /home/airflow/.local/lib/python3.8/site-packages/airflow/example_dags/example_branch_operator.py
[2024-03-14T11:14:39.518+0000] {processor.py:840} INFO - DAG(s) 'example_branch_operator' retrieved from /home/airflow/.local/lib/python3.8/site-packages/airflow/example_dags/example_branch_operator.py
[2024-03-14T11:14:39.530+0000] {logging_mixin.py:188} INFO - [2024-03-14T11:14:39.529+0000] {dag.py:3047} INFO - Sync 1 DAGs
[2024-03-14T11:14:39.538+0000] {logging_mixin.py:188} INFO - [2024-03-14T11:14:39.538+0000] {dag.py:3834} INFO - Setting next_dagrun for example_branch_operator to 2024-03-13 00:00:00+00:00, run_after=2024-03-14 00:00:00+00:00
[2024-03-14T11:14:39.545+0000] {processor.py:183} INFO - Processing /home/airflow/.local/lib/python3.8/site-packages/airflow/example_dags/example_branch_operator.py took 0.038 seconds
[2024-03-14T11:15:09.906+0000] {processor.py:161} INFO - Started process (PID=2141) to work on /home/airflow/.local/lib/python3.8/site-packages/airflow/example_dags/example_branch_operator.py
[2024-03-14T11:15:09.907+0000] {processor.py:830} INFO - Processing file /home/airflow/.local/lib/python3.8/site-packages/airflow/example_dags/example_branch_operator.py for tasks to queue
[2024-03-14T11:15:09.908+0000] {logging_mixin.py:188} INFO - [2024-03-14T11:15:09.908+0000] {dagbag.py:540} INFO - Filling up the DagBag from /home/airflow/.local/lib/python3.8/site-packages/airflow/example_dags/example_branch_operator.py
[2024-03-14T11:15:09.916+0000] {processor.py:840} INFO - DAG(s) 'example_branch_operator' retrieved from /home/airflow/.local/lib/python3.8/site-packages/airflow/example_dags/example_branch_operator.py
[2024-03-14T11:15:09.928+0000] {logging_mixin.py:188} INFO - [2024-03-14T11:15:09.928+0000] {dag.py:3047} INFO - Sync 1 DAGs
[2024-03-14T11:15:09.939+0000] {logging_mixin.py:188} INFO - [2024-03-14T11:15:09.938+0000] {dag.py:3834} INFO - Setting next_dagrun for example_branch_operator to 2024-03-13 00:00:00+00:00, run_after=2024-03-14 00:00:00+00:00
[2024-03-14T11:15:09.946+0000] {processor.py:183} INFO - Processing /home/airflow/.local/lib/python3.8/site-packages/airflow/example_dags/example_branch_operator.py took 0.041 seconds
[2024-03-14T11:15:40.278+0000] {processor.py:161} INFO - Started process (PID=2196) to work on /home/airflow/.local/lib/python3.8/site-packages/airflow/example_dags/example_branch_operator.py
[2024-03-14T11:15:40.279+0000] {processor.py:830} INFO - Processing file /home/airflow/.local/lib/python3.8/site-packages/airflow/example_dags/example_branch_operator.py for tasks to queue
[2024-03-14T11:15:40.279+0000] {logging_mixin.py:188} INFO - [2024-03-14T11:15:40.279+0000] {dagbag.py:540} INFO - Filling up the DagBag from /home/airflow/.local/lib/python3.8/site-packages/airflow/example_dags/example_branch_operator.py
[2024-03-14T11:15:40.287+0000] {processor.py:840} INFO - DAG(s) 'example_branch_operator' retrieved from /home/airflow/.local/lib/python3.8/site-packages/airflow/example_dags/example_branch_operator.py
[2024-03-14T11:15:40.298+0000] {logging_mixin.py:188} INFO - [2024-03-14T11:15:40.298+0000] {dag.py:3047} INFO - Sync 1 DAGs
[2024-03-14T11:15:40.307+0000] {logging_mixin.py:188} INFO - [2024-03-14T11:15:40.307+0000] {dag.py:3834} INFO - Setting next_dagrun for example_branch_operator to 2024-03-13 00:00:00+00:00, run_after=2024-03-14 00:00:00+00:00
[2024-03-14T11:15:40.315+0000] {processor.py:183} INFO - Processing /home/airflow/.local/lib/python3.8/site-packages/airflow/example_dags/example_branch_operator.py took 0.038 seconds
[2024-03-14T11:16:10.735+0000] {processor.py:161} INFO - Started process (PID=2250) to work on /home/airflow/.local/lib/python3.8/site-packages/airflow/example_dags/example_branch_operator.py
[2024-03-14T11:16:10.736+0000] {processor.py:830} INFO - Processing file /home/airflow/.local/lib/python3.8/site-packages/airflow/example_dags/example_branch_operator.py for tasks to queue
[2024-03-14T11:16:10.737+0000] {logging_mixin.py:188} INFO - [2024-03-14T11:16:10.737+0000] {dagbag.py:540} INFO - Filling up the DagBag from /home/airflow/.local/lib/python3.8/site-packages/airflow/example_dags/example_branch_operator.py
[2024-03-14T11:16:10.744+0000] {processor.py:840} INFO - DAG(s) 'example_branch_operator' retrieved from /home/airflow/.local/lib/python3.8/site-packages/airflow/example_dags/example_branch_operator.py
[2024-03-14T11:16:10.755+0000] {logging_mixin.py:188} INFO - [2024-03-14T11:16:10.755+0000] {dag.py:3047} INFO - Sync 1 DAGs
[2024-03-14T11:16:10.764+0000] {logging_mixin.py:188} INFO - [2024-03-14T11:16:10.764+0000] {dag.py:3834} INFO - Setting next_dagrun for example_branch_operator to 2024-03-13 00:00:00+00:00, run_after=2024-03-14 00:00:00+00:00
[2024-03-14T11:16:10.772+0000] {processor.py:183} INFO - Processing /home/airflow/.local/lib/python3.8/site-packages/airflow/example_dags/example_branch_operator.py took 0.038 seconds
[2024-03-14T11:16:41.182+0000] {processor.py:161} INFO - Started process (PID=2305) to work on /home/airflow/.local/lib/python3.8/site-packages/airflow/example_dags/example_branch_operator.py
[2024-03-14T11:16:41.183+0000] {processor.py:830} INFO - Processing file /home/airflow/.local/lib/python3.8/site-packages/airflow/example_dags/example_branch_operator.py for tasks to queue
[2024-03-14T11:16:41.183+0000] {logging_mixin.py:188} INFO - [2024-03-14T11:16:41.183+0000] {dagbag.py:540} INFO - Filling up the DagBag from /home/airflow/.local/lib/python3.8/site-packages/airflow/example_dags/example_branch_operator.py
[2024-03-14T11:16:41.192+0000] {processor.py:840} INFO - DAG(s) 'example_branch_operator' retrieved from /home/airflow/.local/lib/python3.8/site-packages/airflow/example_dags/example_branch_operator.py
[2024-03-14T11:16:41.204+0000] {logging_mixin.py:188} INFO - [2024-03-14T11:16:41.204+0000] {dag.py:3047} INFO - Sync 1 DAGs
[2024-03-14T11:16:41.214+0000] {logging_mixin.py:188} INFO - [2024-03-14T11:16:41.214+0000] {dag.py:3834} INFO - Setting next_dagrun for example_branch_operator to 2024-03-13 00:00:00+00:00, run_after=2024-03-14 00:00:00+00:00
[2024-03-14T11:16:41.221+0000] {processor.py:183} INFO - Processing /home/airflow/.local/lib/python3.8/site-packages/airflow/example_dags/example_branch_operator.py took 0.041 seconds
[2024-03-14T11:17:11.672+0000] {processor.py:161} INFO - Started process (PID=2360) to work on /home/airflow/.local/lib/python3.8/site-packages/airflow/example_dags/example_branch_operator.py
[2024-03-14T11:17:11.673+0000] {processor.py:830} INFO - Processing file /home/airflow/.local/lib/python3.8/site-packages/airflow/example_dags/example_branch_operator.py for tasks to queue
[2024-03-14T11:17:11.674+0000] {logging_mixin.py:188} INFO - [2024-03-14T11:17:11.674+0000] {dagbag.py:540} INFO - Filling up the DagBag from /home/airflow/.local/lib/python3.8/site-packages/airflow/example_dags/example_branch_operator.py
[2024-03-14T11:17:11.682+0000] {processor.py:840} INFO - DAG(s) 'example_branch_operator' retrieved from /home/airflow/.local/lib/python3.8/site-packages/airflow/example_dags/example_branch_operator.py
[2024-03-14T11:17:11.695+0000] {logging_mixin.py:188} INFO - [2024-03-14T11:17:11.695+0000] {dag.py:3047} INFO - Sync 1 DAGs
[2024-03-14T11:17:11.704+0000] {logging_mixin.py:188} INFO - [2024-03-14T11:17:11.704+0000] {dag.py:3834} INFO - Setting next_dagrun for example_branch_operator to 2024-03-13 00:00:00+00:00, run_after=2024-03-14 00:00:00+00:00
[2024-03-14T11:17:11.712+0000] {processor.py:183} INFO - Processing /home/airflow/.local/lib/python3.8/site-packages/airflow/example_dags/example_branch_operator.py took 0.041 seconds
[2024-03-14T11:17:42.095+0000] {processor.py:161} INFO - Started process (PID=2415) to work on /home/airflow/.local/lib/python3.8/site-packages/airflow/example_dags/example_branch_operator.py
[2024-03-14T11:17:42.095+0000] {processor.py:830} INFO - Processing file /home/airflow/.local/lib/python3.8/site-packages/airflow/example_dags/example_branch_operator.py for tasks to queue
[2024-03-14T11:17:42.096+0000] {logging_mixin.py:188} INFO - [2024-03-14T11:17:42.096+0000] {dagbag.py:540} INFO - Filling up the DagBag from /home/airflow/.local/lib/python3.8/site-packages/airflow/example_dags/example_branch_operator.py
[2024-03-14T11:17:42.104+0000] {processor.py:840} INFO - DAG(s) 'example_branch_operator' retrieved from /home/airflow/.local/lib/python3.8/site-packages/airflow/example_dags/example_branch_operator.py
[2024-03-14T11:17:42.115+0000] {logging_mixin.py:188} INFO - [2024-03-14T11:17:42.115+0000] {dag.py:3047} INFO - Sync 1 DAGs
[2024-03-14T11:17:42.125+0000] {logging_mixin.py:188} INFO - [2024-03-14T11:17:42.125+0000] {dag.py:3834} INFO - Setting next_dagrun for example_branch_operator to 2024-03-13 00:00:00+00:00, run_after=2024-03-14 00:00:00+00:00
[2024-03-14T11:17:42.132+0000] {processor.py:183} INFO - Processing /home/airflow/.local/lib/python3.8/site-packages/airflow/example_dags/example_branch_operator.py took 0.039 seconds
[2024-03-14T11:18:12.619+0000] {processor.py:161} INFO - Started process (PID=2469) to work on /home/airflow/.local/lib/python3.8/site-packages/airflow/example_dags/example_branch_operator.py
[2024-03-14T11:18:12.620+0000] {processor.py:830} INFO - Processing file /home/airflow/.local/lib/python3.8/site-packages/airflow/example_dags/example_branch_operator.py for tasks to queue
[2024-03-14T11:18:12.621+0000] {logging_mixin.py:188} INFO - [2024-03-14T11:18:12.621+0000] {dagbag.py:540} INFO - Filling up the DagBag from /home/airflow/.local/lib/python3.8/site-packages/airflow/example_dags/example_branch_operator.py
[2024-03-14T11:18:12.629+0000] {processor.py:840} INFO - DAG(s) 'example_branch_operator' retrieved from /home/airflow/.local/lib/python3.8/site-packages/airflow/example_dags/example_branch_operator.py
[2024-03-14T11:18:12.641+0000] {logging_mixin.py:188} INFO - [2024-03-14T11:18:12.641+0000] {dag.py:3047} INFO - Sync 1 DAGs
[2024-03-14T11:18:12.651+0000] {logging_mixin.py:188} INFO - [2024-03-14T11:18:12.651+0000] {dag.py:3834} INFO - Setting next_dagrun for example_branch_operator to 2024-03-13 00:00:00+00:00, run_after=2024-03-14 00:00:00+00:00
[2024-03-14T11:18:12.658+0000] {processor.py:183} INFO - Processing /home/airflow/.local/lib/python3.8/site-packages/airflow/example_dags/example_branch_operator.py took 0.040 seconds
[2024-03-14T11:18:42.992+0000] {processor.py:161} INFO - Started process (PID=2524) to work on /home/airflow/.local/lib/python3.8/site-packages/airflow/example_dags/example_branch_operator.py
[2024-03-14T11:18:42.993+0000] {processor.py:830} INFO - Processing file /home/airflow/.local/lib/python3.8/site-packages/airflow/example_dags/example_branch_operator.py for tasks to queue
[2024-03-14T11:18:42.994+0000] {logging_mixin.py:188} INFO - [2024-03-14T11:18:42.994+0000] {dagbag.py:540} INFO - Filling up the DagBag from /home/airflow/.local/lib/python3.8/site-packages/airflow/example_dags/example_branch_operator.py
[2024-03-14T11:18:43.001+0000] {processor.py:840} INFO - DAG(s) 'example_branch_operator' retrieved from /home/airflow/.local/lib/python3.8/site-packages/airflow/example_dags/example_branch_operator.py
[2024-03-14T11:18:43.014+0000] {logging_mixin.py:188} INFO - [2024-03-14T11:18:43.014+0000] {dag.py:3047} INFO - Sync 1 DAGs
[2024-03-14T11:18:43.024+0000] {logging_mixin.py:188} INFO - [2024-03-14T11:18:43.023+0000] {dag.py:3834} INFO - Setting next_dagrun for example_branch_operator to 2024-03-13 00:00:00+00:00, run_after=2024-03-14 00:00:00+00:00
[2024-03-14T11:18:43.030+0000] {processor.py:183} INFO - Processing /home/airflow/.local/lib/python3.8/site-packages/airflow/example_dags/example_branch_operator.py took 0.040 seconds
[2024-03-14T11:19:13.396+0000] {processor.py:161} INFO - Started process (PID=2579) to work on /home/airflow/.local/lib/python3.8/site-packages/airflow/example_dags/example_branch_operator.py
[2024-03-14T11:19:13.397+0000] {processor.py:830} INFO - Processing file /home/airflow/.local/lib/python3.8/site-packages/airflow/example_dags/example_branch_operator.py for tasks to queue
[2024-03-14T11:19:13.397+0000] {logging_mixin.py:188} INFO - [2024-03-14T11:19:13.397+0000] {dagbag.py:540} INFO - Filling up the DagBag from /home/airflow/.local/lib/python3.8/site-packages/airflow/example_dags/example_branch_operator.py
[2024-03-14T11:19:13.405+0000] {processor.py:840} INFO - DAG(s) 'example_branch_operator' retrieved from /home/airflow/.local/lib/python3.8/site-packages/airflow/example_dags/example_branch_operator.py
[2024-03-14T11:19:13.417+0000] {logging_mixin.py:188} INFO - [2024-03-14T11:19:13.417+0000] {dag.py:3047} INFO - Sync 1 DAGs
[2024-03-14T11:19:13.426+0000] {logging_mixin.py:188} INFO - [2024-03-14T11:19:13.426+0000] {dag.py:3834} INFO - Setting next_dagrun for example_branch_operator to 2024-03-13 00:00:00+00:00, run_after=2024-03-14 00:00:00+00:00
[2024-03-14T11:19:13.433+0000] {processor.py:183} INFO - Processing /home/airflow/.local/lib/python3.8/site-packages/airflow/example_dags/example_branch_operator.py took 0.039 seconds
[2024-03-14T11:19:43.827+0000] {processor.py:161} INFO - Started process (PID=2634) to work on /home/airflow/.local/lib/python3.8/site-packages/airflow/example_dags/example_branch_operator.py
[2024-03-14T11:19:43.828+0000] {processor.py:830} INFO - Processing file /home/airflow/.local/lib/python3.8/site-packages/airflow/example_dags/example_branch_operator.py for tasks to queue
[2024-03-14T11:19:43.829+0000] {logging_mixin.py:188} INFO - [2024-03-14T11:19:43.829+0000] {dagbag.py:540} INFO - Filling up the DagBag from /home/airflow/.local/lib/python3.8/site-packages/airflow/example_dags/example_branch_operator.py
[2024-03-14T11:19:43.836+0000] {processor.py:840} INFO - DAG(s) 'example_branch_operator' retrieved from /home/airflow/.local/lib/python3.8/site-packages/airflow/example_dags/example_branch_operator.py
[2024-03-14T11:19:43.848+0000] {logging_mixin.py:188} INFO - [2024-03-14T11:19:43.848+0000] {dag.py:3047} INFO - Sync 1 DAGs
[2024-03-14T11:19:43.858+0000] {logging_mixin.py:188} INFO - [2024-03-14T11:19:43.858+0000] {dag.py:3834} INFO - Setting next_dagrun for example_branch_operator to 2024-03-13 00:00:00+00:00, run_after=2024-03-14 00:00:00+00:00
[2024-03-14T11:19:43.865+0000] {processor.py:183} INFO - Processing /home/airflow/.local/lib/python3.8/site-packages/airflow/example_dags/example_branch_operator.py took 0.040 seconds
[2024-03-14T11:20:14.241+0000] {processor.py:161} INFO - Started process (PID=2689) to work on /home/airflow/.local/lib/python3.8/site-packages/airflow/example_dags/example_branch_operator.py
[2024-03-14T11:20:14.242+0000] {processor.py:830} INFO - Processing file /home/airflow/.local/lib/python3.8/site-packages/airflow/example_dags/example_branch_operator.py for tasks to queue
[2024-03-14T11:20:14.243+0000] {logging_mixin.py:188} INFO - [2024-03-14T11:20:14.242+0000] {dagbag.py:540} INFO - Filling up the DagBag from /home/airflow/.local/lib/python3.8/site-packages/airflow/example_dags/example_branch_operator.py
[2024-03-14T11:20:14.250+0000] {processor.py:840} INFO - DAG(s) 'example_branch_operator' retrieved from /home/airflow/.local/lib/python3.8/site-packages/airflow/example_dags/example_branch_operator.py
[2024-03-14T11:20:14.263+0000] {logging_mixin.py:188} INFO - [2024-03-14T11:20:14.262+0000] {dag.py:3047} INFO - Sync 1 DAGs
[2024-03-14T11:20:14.273+0000] {logging_mixin.py:188} INFO - [2024-03-14T11:20:14.273+0000] {dag.py:3834} INFO - Setting next_dagrun for example_branch_operator to 2024-03-13 00:00:00+00:00, run_after=2024-03-14 00:00:00+00:00
[2024-03-14T11:20:14.280+0000] {processor.py:183} INFO - Processing /home/airflow/.local/lib/python3.8/site-packages/airflow/example_dags/example_branch_operator.py took 0.040 seconds
[2024-03-14T11:20:44.678+0000] {processor.py:161} INFO - Started process (PID=2744) to work on /home/airflow/.local/lib/python3.8/site-packages/airflow/example_dags/example_branch_operator.py
[2024-03-14T11:20:44.678+0000] {processor.py:830} INFO - Processing file /home/airflow/.local/lib/python3.8/site-packages/airflow/example_dags/example_branch_operator.py for tasks to queue
[2024-03-14T11:20:44.679+0000] {logging_mixin.py:188} INFO - [2024-03-14T11:20:44.679+0000] {dagbag.py:540} INFO - Filling up the DagBag from /home/airflow/.local/lib/python3.8/site-packages/airflow/example_dags/example_branch_operator.py
[2024-03-14T11:20:44.687+0000] {processor.py:840} INFO - DAG(s) 'example_branch_operator' retrieved from /home/airflow/.local/lib/python3.8/site-packages/airflow/example_dags/example_branch_operator.py
[2024-03-14T11:20:44.700+0000] {logging_mixin.py:188} INFO - [2024-03-14T11:20:44.699+0000] {dag.py:3047} INFO - Sync 1 DAGs
[2024-03-14T11:20:44.716+0000] {logging_mixin.py:188} INFO - [2024-03-14T11:20:44.716+0000] {dag.py:3834} INFO - Setting next_dagrun for example_branch_operator to 2024-03-13 00:00:00+00:00, run_after=2024-03-14 00:00:00+00:00
[2024-03-14T11:20:44.724+0000] {processor.py:183} INFO - Processing /home/airflow/.local/lib/python3.8/site-packages/airflow/example_dags/example_branch_operator.py took 0.048 seconds
[2024-03-14T11:21:15.238+0000] {processor.py:161} INFO - Started process (PID=2799) to work on /home/airflow/.local/lib/python3.8/site-packages/airflow/example_dags/example_branch_operator.py
[2024-03-14T11:21:15.238+0000] {processor.py:830} INFO - Processing file /home/airflow/.local/lib/python3.8/site-packages/airflow/example_dags/example_branch_operator.py for tasks to queue
[2024-03-14T11:21:15.239+0000] {logging_mixin.py:188} INFO - [2024-03-14T11:21:15.239+0000] {dagbag.py:540} INFO - Filling up the DagBag from /home/airflow/.local/lib/python3.8/site-packages/airflow/example_dags/example_branch_operator.py
[2024-03-14T11:21:15.247+0000] {processor.py:840} INFO - DAG(s) 'example_branch_operator' retrieved from /home/airflow/.local/lib/python3.8/site-packages/airflow/example_dags/example_branch_operator.py
[2024-03-14T11:21:15.259+0000] {logging_mixin.py:188} INFO - [2024-03-14T11:21:15.258+0000] {dag.py:3047} INFO - Sync 1 DAGs
[2024-03-14T11:21:15.268+0000] {logging_mixin.py:188} INFO - [2024-03-14T11:21:15.268+0000] {dag.py:3834} INFO - Setting next_dagrun for example_branch_operator to 2024-03-13 00:00:00+00:00, run_after=2024-03-14 00:00:00+00:00
[2024-03-14T11:21:15.275+0000] {processor.py:183} INFO - Processing /home/airflow/.local/lib/python3.8/site-packages/airflow/example_dags/example_branch_operator.py took 0.039 seconds
[2024-03-14T11:21:45.721+0000] {processor.py:161} INFO - Started process (PID=2854) to work on /home/airflow/.local/lib/python3.8/site-packages/airflow/example_dags/example_branch_operator.py
[2024-03-14T11:21:45.721+0000] {processor.py:830} INFO - Processing file /home/airflow/.local/lib/python3.8/site-packages/airflow/example_dags/example_branch_operator.py for tasks to queue
[2024-03-14T11:21:45.722+0000] {logging_mixin.py:188} INFO - [2024-03-14T11:21:45.722+0000] {dagbag.py:540} INFO - Filling up the DagBag from /home/airflow/.local/lib/python3.8/site-packages/airflow/example_dags/example_branch_operator.py
[2024-03-14T11:21:45.730+0000] {processor.py:840} INFO - DAG(s) 'example_branch_operator' retrieved from /home/airflow/.local/lib/python3.8/site-packages/airflow/example_dags/example_branch_operator.py
[2024-03-14T11:21:45.741+0000] {logging_mixin.py:188} INFO - [2024-03-14T11:21:45.741+0000] {dag.py:3047} INFO - Sync 1 DAGs
[2024-03-14T11:21:45.750+0000] {logging_mixin.py:188} INFO - [2024-03-14T11:21:45.750+0000] {dag.py:3834} INFO - Setting next_dagrun for example_branch_operator to 2024-03-13 00:00:00+00:00, run_after=2024-03-14 00:00:00+00:00
[2024-03-14T11:21:45.758+0000] {processor.py:183} INFO - Processing /home/airflow/.local/lib/python3.8/site-packages/airflow/example_dags/example_branch_operator.py took 0.039 seconds
[2024-03-14T11:22:16.132+0000] {processor.py:161} INFO - Started process (PID=2909) to work on /home/airflow/.local/lib/python3.8/site-packages/airflow/example_dags/example_branch_operator.py
[2024-03-14T11:22:16.133+0000] {processor.py:830} INFO - Processing file /home/airflow/.local/lib/python3.8/site-packages/airflow/example_dags/example_branch_operator.py for tasks to queue
[2024-03-14T11:22:16.134+0000] {logging_mixin.py:188} INFO - [2024-03-14T11:22:16.134+0000] {dagbag.py:540} INFO - Filling up the DagBag from /home/airflow/.local/lib/python3.8/site-packages/airflow/example_dags/example_branch_operator.py
[2024-03-14T11:22:16.142+0000] {processor.py:840} INFO - DAG(s) 'example_branch_operator' retrieved from /home/airflow/.local/lib/python3.8/site-packages/airflow/example_dags/example_branch_operator.py
[2024-03-14T11:22:16.154+0000] {logging_mixin.py:188} INFO - [2024-03-14T11:22:16.154+0000] {dag.py:3047} INFO - Sync 1 DAGs
[2024-03-14T11:22:16.163+0000] {logging_mixin.py:188} INFO - [2024-03-14T11:22:16.163+0000] {dag.py:3834} INFO - Setting next_dagrun for example_branch_operator to 2024-03-13 00:00:00+00:00, run_after=2024-03-14 00:00:00+00:00
[2024-03-14T11:22:16.171+0000] {processor.py:183} INFO - Processing /home/airflow/.local/lib/python3.8/site-packages/airflow/example_dags/example_branch_operator.py took 0.040 seconds
[2024-03-14T11:22:46.660+0000] {processor.py:161} INFO - Started process (PID=2964) to work on /home/airflow/.local/lib/python3.8/site-packages/airflow/example_dags/example_branch_operator.py
[2024-03-14T11:22:46.661+0000] {processor.py:830} INFO - Processing file /home/airflow/.local/lib/python3.8/site-packages/airflow/example_dags/example_branch_operator.py for tasks to queue
[2024-03-14T11:22:46.662+0000] {logging_mixin.py:188} INFO - [2024-03-14T11:22:46.661+0000] {dagbag.py:540} INFO - Filling up the DagBag from /home/airflow/.local/lib/python3.8/site-packages/airflow/example_dags/example_branch_operator.py
[2024-03-14T11:22:46.670+0000] {processor.py:840} INFO - DAG(s) 'example_branch_operator' retrieved from /home/airflow/.local/lib/python3.8/site-packages/airflow/example_dags/example_branch_operator.py
[2024-03-14T11:22:46.683+0000] {logging_mixin.py:188} INFO - [2024-03-14T11:22:46.683+0000] {dag.py:3047} INFO - Sync 1 DAGs
[2024-03-14T11:22:46.694+0000] {logging_mixin.py:188} INFO - [2024-03-14T11:22:46.694+0000] {dag.py:3834} INFO - Setting next_dagrun for example_branch_operator to 2024-03-13 00:00:00+00:00, run_after=2024-03-14 00:00:00+00:00
[2024-03-14T11:22:46.701+0000] {processor.py:183} INFO - Processing /home/airflow/.local/lib/python3.8/site-packages/airflow/example_dags/example_branch_operator.py took 0.043 seconds
[2024-03-14T11:23:17.066+0000] {processor.py:161} INFO - Started process (PID=3019) to work on /home/airflow/.local/lib/python3.8/site-packages/airflow/example_dags/example_branch_operator.py
[2024-03-14T11:23:17.067+0000] {processor.py:830} INFO - Processing file /home/airflow/.local/lib/python3.8/site-packages/airflow/example_dags/example_branch_operator.py for tasks to queue
[2024-03-14T11:23:17.068+0000] {logging_mixin.py:188} INFO - [2024-03-14T11:23:17.068+0000] {dagbag.py:540} INFO - Filling up the DagBag from /home/airflow/.local/lib/python3.8/site-packages/airflow/example_dags/example_branch_operator.py
[2024-03-14T11:23:17.077+0000] {processor.py:840} INFO - DAG(s) 'example_branch_operator' retrieved from /home/airflow/.local/lib/python3.8/site-packages/airflow/example_dags/example_branch_operator.py
[2024-03-14T11:23:17.089+0000] {logging_mixin.py:188} INFO - [2024-03-14T11:23:17.089+0000] {dag.py:3047} INFO - Sync 1 DAGs
[2024-03-14T11:23:17.099+0000] {logging_mixin.py:188} INFO - [2024-03-14T11:23:17.099+0000] {dag.py:3834} INFO - Setting next_dagrun for example_branch_operator to 2024-03-13 00:00:00+00:00, run_after=2024-03-14 00:00:00+00:00
[2024-03-14T11:23:17.107+0000] {processor.py:183} INFO - Processing /home/airflow/.local/lib/python3.8/site-packages/airflow/example_dags/example_branch_operator.py took 0.042 seconds
[2024-03-14T11:23:47.506+0000] {processor.py:161} INFO - Started process (PID=3074) to work on /home/airflow/.local/lib/python3.8/site-packages/airflow/example_dags/example_branch_operator.py
[2024-03-14T11:23:47.506+0000] {processor.py:830} INFO - Processing file /home/airflow/.local/lib/python3.8/site-packages/airflow/example_dags/example_branch_operator.py for tasks to queue
[2024-03-14T11:23:47.507+0000] {logging_mixin.py:188} INFO - [2024-03-14T11:23:47.507+0000] {dagbag.py:540} INFO - Filling up the DagBag from /home/airflow/.local/lib/python3.8/site-packages/airflow/example_dags/example_branch_operator.py
[2024-03-14T11:23:47.515+0000] {processor.py:840} INFO - DAG(s) 'example_branch_operator' retrieved from /home/airflow/.local/lib/python3.8/site-packages/airflow/example_dags/example_branch_operator.py
[2024-03-14T11:23:47.528+0000] {logging_mixin.py:188} INFO - [2024-03-14T11:23:47.528+0000] {dag.py:3047} INFO - Sync 1 DAGs
[2024-03-14T11:23:47.538+0000] {logging_mixin.py:188} INFO - [2024-03-14T11:23:47.537+0000] {dag.py:3834} INFO - Setting next_dagrun for example_branch_operator to 2024-03-13 00:00:00+00:00, run_after=2024-03-14 00:00:00+00:00
[2024-03-14T11:23:47.545+0000] {processor.py:183} INFO - Processing /home/airflow/.local/lib/python3.8/site-packages/airflow/example_dags/example_branch_operator.py took 0.041 seconds
[2024-03-14T11:24:17.879+0000] {processor.py:161} INFO - Started process (PID=3129) to work on /home/airflow/.local/lib/python3.8/site-packages/airflow/example_dags/example_branch_operator.py
[2024-03-14T11:24:17.879+0000] {processor.py:830} INFO - Processing file /home/airflow/.local/lib/python3.8/site-packages/airflow/example_dags/example_branch_operator.py for tasks to queue
[2024-03-14T11:24:17.880+0000] {logging_mixin.py:188} INFO - [2024-03-14T11:24:17.880+0000] {dagbag.py:540} INFO - Filling up the DagBag from /home/airflow/.local/lib/python3.8/site-packages/airflow/example_dags/example_branch_operator.py
[2024-03-14T11:24:17.887+0000] {processor.py:840} INFO - DAG(s) 'example_branch_operator' retrieved from /home/airflow/.local/lib/python3.8/site-packages/airflow/example_dags/example_branch_operator.py
[2024-03-14T11:24:17.899+0000] {logging_mixin.py:188} INFO - [2024-03-14T11:24:17.899+0000] {dag.py:3047} INFO - Sync 1 DAGs
[2024-03-14T11:24:17.908+0000] {logging_mixin.py:188} INFO - [2024-03-14T11:24:17.908+0000] {dag.py:3834} INFO - Setting next_dagrun for example_branch_operator to 2024-03-13 00:00:00+00:00, run_after=2024-03-14 00:00:00+00:00
[2024-03-14T11:24:17.915+0000] {processor.py:183} INFO - Processing /home/airflow/.local/lib/python3.8/site-packages/airflow/example_dags/example_branch_operator.py took 0.038 seconds
[2024-03-14T11:24:48.231+0000] {processor.py:161} INFO - Started process (PID=3184) to work on /home/airflow/.local/lib/python3.8/site-packages/airflow/example_dags/example_branch_operator.py
[2024-03-14T11:24:48.232+0000] {processor.py:830} INFO - Processing file /home/airflow/.local/lib/python3.8/site-packages/airflow/example_dags/example_branch_operator.py for tasks to queue
[2024-03-14T11:24:48.233+0000] {logging_mixin.py:188} INFO - [2024-03-14T11:24:48.233+0000] {dagbag.py:540} INFO - Filling up the DagBag from /home/airflow/.local/lib/python3.8/site-packages/airflow/example_dags/example_branch_operator.py
[2024-03-14T11:24:48.240+0000] {processor.py:840} INFO - DAG(s) 'example_branch_operator' retrieved from /home/airflow/.local/lib/python3.8/site-packages/airflow/example_dags/example_branch_operator.py
[2024-03-14T11:24:48.252+0000] {logging_mixin.py:188} INFO - [2024-03-14T11:24:48.252+0000] {dag.py:3047} INFO - Sync 1 DAGs
[2024-03-14T11:24:48.262+0000] {logging_mixin.py:188} INFO - [2024-03-14T11:24:48.262+0000] {dag.py:3834} INFO - Setting next_dagrun for example_branch_operator to 2024-03-13 00:00:00+00:00, run_after=2024-03-14 00:00:00+00:00
[2024-03-14T11:24:48.269+0000] {processor.py:183} INFO - Processing /home/airflow/.local/lib/python3.8/site-packages/airflow/example_dags/example_branch_operator.py took 0.039 seconds
[2024-03-14T11:25:18.661+0000] {processor.py:161} INFO - Started process (PID=3239) to work on /home/airflow/.local/lib/python3.8/site-packages/airflow/example_dags/example_branch_operator.py
[2024-03-14T11:25:18.662+0000] {processor.py:830} INFO - Processing file /home/airflow/.local/lib/python3.8/site-packages/airflow/example_dags/example_branch_operator.py for tasks to queue
[2024-03-14T11:25:18.663+0000] {logging_mixin.py:188} INFO - [2024-03-14T11:25:18.662+0000] {dagbag.py:540} INFO - Filling up the DagBag from /home/airflow/.local/lib/python3.8/site-packages/airflow/example_dags/example_branch_operator.py
[2024-03-14T11:25:18.670+0000] {processor.py:840} INFO - DAG(s) 'example_branch_operator' retrieved from /home/airflow/.local/lib/python3.8/site-packages/airflow/example_dags/example_branch_operator.py
[2024-03-14T11:25:18.682+0000] {logging_mixin.py:188} INFO - [2024-03-14T11:25:18.682+0000] {dag.py:3047} INFO - Sync 1 DAGs
[2024-03-14T11:25:18.691+0000] {logging_mixin.py:188} INFO - [2024-03-14T11:25:18.691+0000] {dag.py:3834} INFO - Setting next_dagrun for example_branch_operator to 2024-03-13 00:00:00+00:00, run_after=2024-03-14 00:00:00+00:00
[2024-03-14T11:25:18.700+0000] {processor.py:183} INFO - Processing /home/airflow/.local/lib/python3.8/site-packages/airflow/example_dags/example_branch_operator.py took 0.040 seconds
[2024-03-14T11:25:49.117+0000] {processor.py:161} INFO - Started process (PID=3294) to work on /home/airflow/.local/lib/python3.8/site-packages/airflow/example_dags/example_branch_operator.py
[2024-03-14T11:25:49.117+0000] {processor.py:830} INFO - Processing file /home/airflow/.local/lib/python3.8/site-packages/airflow/example_dags/example_branch_operator.py for tasks to queue
[2024-03-14T11:25:49.118+0000] {logging_mixin.py:188} INFO - [2024-03-14T11:25:49.118+0000] {dagbag.py:540} INFO - Filling up the DagBag from /home/airflow/.local/lib/python3.8/site-packages/airflow/example_dags/example_branch_operator.py
[2024-03-14T11:25:49.126+0000] {processor.py:840} INFO - DAG(s) 'example_branch_operator' retrieved from /home/airflow/.local/lib/python3.8/site-packages/airflow/example_dags/example_branch_operator.py
[2024-03-14T11:25:49.138+0000] {logging_mixin.py:188} INFO - [2024-03-14T11:25:49.138+0000] {dag.py:3047} INFO - Sync 1 DAGs
[2024-03-14T11:25:49.149+0000] {logging_mixin.py:188} INFO - [2024-03-14T11:25:49.149+0000] {dag.py:3834} INFO - Setting next_dagrun for example_branch_operator to 2024-03-13 00:00:00+00:00, run_after=2024-03-14 00:00:00+00:00
[2024-03-14T11:25:49.233+0000] {processor.py:183} INFO - Processing /home/airflow/.local/lib/python3.8/site-packages/airflow/example_dags/example_branch_operator.py took 0.118 seconds
[2024-03-14T11:26:19.622+0000] {processor.py:161} INFO - Started process (PID=3349) to work on /home/airflow/.local/lib/python3.8/site-packages/airflow/example_dags/example_branch_operator.py
[2024-03-14T11:26:19.623+0000] {processor.py:830} INFO - Processing file /home/airflow/.local/lib/python3.8/site-packages/airflow/example_dags/example_branch_operator.py for tasks to queue
[2024-03-14T11:26:19.624+0000] {logging_mixin.py:188} INFO - [2024-03-14T11:26:19.624+0000] {dagbag.py:540} INFO - Filling up the DagBag from /home/airflow/.local/lib/python3.8/site-packages/airflow/example_dags/example_branch_operator.py
[2024-03-14T11:26:19.631+0000] {processor.py:840} INFO - DAG(s) 'example_branch_operator' retrieved from /home/airflow/.local/lib/python3.8/site-packages/airflow/example_dags/example_branch_operator.py
[2024-03-14T11:26:19.643+0000] {logging_mixin.py:188} INFO - [2024-03-14T11:26:19.643+0000] {dag.py:3047} INFO - Sync 1 DAGs
[2024-03-14T11:26:19.652+0000] {logging_mixin.py:188} INFO - [2024-03-14T11:26:19.652+0000] {dag.py:3834} INFO - Setting next_dagrun for example_branch_operator to 2024-03-13 00:00:00+00:00, run_after=2024-03-14 00:00:00+00:00
[2024-03-14T11:26:19.659+0000] {processor.py:183} INFO - Processing /home/airflow/.local/lib/python3.8/site-packages/airflow/example_dags/example_branch_operator.py took 0.038 seconds
[2024-03-14T11:26:50.107+0000] {processor.py:161} INFO - Started process (PID=3404) to work on /home/airflow/.local/lib/python3.8/site-packages/airflow/example_dags/example_branch_operator.py
[2024-03-14T11:26:50.108+0000] {processor.py:830} INFO - Processing file /home/airflow/.local/lib/python3.8/site-packages/airflow/example_dags/example_branch_operator.py for tasks to queue
[2024-03-14T11:26:50.109+0000] {logging_mixin.py:188} INFO - [2024-03-14T11:26:50.109+0000] {dagbag.py:540} INFO - Filling up the DagBag from /home/airflow/.local/lib/python3.8/site-packages/airflow/example_dags/example_branch_operator.py
[2024-03-14T11:26:50.117+0000] {processor.py:840} INFO - DAG(s) 'example_branch_operator' retrieved from /home/airflow/.local/lib/python3.8/site-packages/airflow/example_dags/example_branch_operator.py
[2024-03-14T11:26:50.128+0000] {logging_mixin.py:188} INFO - [2024-03-14T11:26:50.128+0000] {dag.py:3047} INFO - Sync 1 DAGs
[2024-03-14T11:26:50.137+0000] {logging_mixin.py:188} INFO - [2024-03-14T11:26:50.137+0000] {dag.py:3834} INFO - Setting next_dagrun for example_branch_operator to 2024-03-13 00:00:00+00:00, run_after=2024-03-14 00:00:00+00:00
[2024-03-14T11:26:50.145+0000] {processor.py:183} INFO - Processing /home/airflow/.local/lib/python3.8/site-packages/airflow/example_dags/example_branch_operator.py took 0.040 seconds
[2024-03-14T11:27:20.633+0000] {processor.py:161} INFO - Started process (PID=3464) to work on /home/airflow/.local/lib/python3.8/site-packages/airflow/example_dags/example_branch_operator.py
[2024-03-14T11:27:20.634+0000] {processor.py:830} INFO - Processing file /home/airflow/.local/lib/python3.8/site-packages/airflow/example_dags/example_branch_operator.py for tasks to queue
[2024-03-14T11:27:20.635+0000] {logging_mixin.py:188} INFO - [2024-03-14T11:27:20.635+0000] {dagbag.py:540} INFO - Filling up the DagBag from /home/airflow/.local/lib/python3.8/site-packages/airflow/example_dags/example_branch_operator.py
[2024-03-14T11:27:20.643+0000] {processor.py:840} INFO - DAG(s) 'example_branch_operator' retrieved from /home/airflow/.local/lib/python3.8/site-packages/airflow/example_dags/example_branch_operator.py
[2024-03-14T11:27:20.654+0000] {logging_mixin.py:188} INFO - [2024-03-14T11:27:20.654+0000] {dag.py:3047} INFO - Sync 1 DAGs
[2024-03-14T11:27:20.662+0000] {logging_mixin.py:188} INFO - [2024-03-14T11:27:20.662+0000] {dag.py:3834} INFO - Setting next_dagrun for example_branch_operator to 2024-03-13 00:00:00+00:00, run_after=2024-03-14 00:00:00+00:00
[2024-03-14T11:27:20.669+0000] {processor.py:183} INFO - Processing /home/airflow/.local/lib/python3.8/site-packages/airflow/example_dags/example_branch_operator.py took 0.038 seconds
[2024-03-14T11:27:51.289+0000] {processor.py:161} INFO - Started process (PID=3519) to work on /home/airflow/.local/lib/python3.8/site-packages/airflow/example_dags/example_branch_operator.py
[2024-03-14T11:27:51.290+0000] {processor.py:830} INFO - Processing file /home/airflow/.local/lib/python3.8/site-packages/airflow/example_dags/example_branch_operator.py for tasks to queue
[2024-03-14T11:27:51.291+0000] {logging_mixin.py:188} INFO - [2024-03-14T11:27:51.291+0000] {dagbag.py:540} INFO - Filling up the DagBag from /home/airflow/.local/lib/python3.8/site-packages/airflow/example_dags/example_branch_operator.py
[2024-03-14T11:27:51.299+0000] {processor.py:840} INFO - DAG(s) 'example_branch_operator' retrieved from /home/airflow/.local/lib/python3.8/site-packages/airflow/example_dags/example_branch_operator.py
[2024-03-14T11:27:51.311+0000] {logging_mixin.py:188} INFO - [2024-03-14T11:27:51.310+0000] {dag.py:3047} INFO - Sync 1 DAGs
[2024-03-14T11:27:51.320+0000] {logging_mixin.py:188} INFO - [2024-03-14T11:27:51.320+0000] {dag.py:3834} INFO - Setting next_dagrun for example_branch_operator to 2024-03-13 00:00:00+00:00, run_after=2024-03-14 00:00:00+00:00
[2024-03-14T11:27:51.327+0000] {processor.py:183} INFO - Processing /home/airflow/.local/lib/python3.8/site-packages/airflow/example_dags/example_branch_operator.py took 0.039 seconds
[2024-03-14T11:28:22.303+0000] {processor.py:161} INFO - Started process (PID=3574) to work on /home/airflow/.local/lib/python3.8/site-packages/airflow/example_dags/example_branch_operator.py
[2024-03-14T11:28:22.304+0000] {processor.py:830} INFO - Processing file /home/airflow/.local/lib/python3.8/site-packages/airflow/example_dags/example_branch_operator.py for tasks to queue
[2024-03-14T11:28:22.305+0000] {logging_mixin.py:188} INFO - [2024-03-14T11:28:22.305+0000] {dagbag.py:540} INFO - Filling up the DagBag from /home/airflow/.local/lib/python3.8/site-packages/airflow/example_dags/example_branch_operator.py
[2024-03-14T11:28:22.313+0000] {processor.py:840} INFO - DAG(s) 'example_branch_operator' retrieved from /home/airflow/.local/lib/python3.8/site-packages/airflow/example_dags/example_branch_operator.py
[2024-03-14T11:28:22.326+0000] {logging_mixin.py:188} INFO - [2024-03-14T11:28:22.326+0000] {dag.py:3047} INFO - Sync 1 DAGs
[2024-03-14T11:28:22.425+0000] {logging_mixin.py:188} INFO - [2024-03-14T11:28:22.425+0000] {dag.py:3834} INFO - Setting next_dagrun for example_branch_operator to 2024-03-13 00:00:00+00:00, run_after=2024-03-14 00:00:00+00:00
[2024-03-14T11:28:22.433+0000] {processor.py:183} INFO - Processing /home/airflow/.local/lib/python3.8/site-packages/airflow/example_dags/example_branch_operator.py took 0.131 seconds
