[2024-03-14T10:55:55.545+0000] {processor.py:161} INFO - Started process (PID=75) to work on /home/airflow/.local/lib/python3.8/site-packages/airflow/example_dags/example_xcomargs.py
[2024-03-14T10:55:55.545+0000] {processor.py:830} INFO - Processing file /home/airflow/.local/lib/python3.8/site-packages/airflow/example_dags/example_xcomargs.py for tasks to queue
[2024-03-14T10:55:55.547+0000] {logging_mixin.py:188} INFO - [2024-03-14T10:55:55.546+0000] {dagbag.py:540} INFO - Filling up the DagBag from /home/airflow/.local/lib/python3.8/site-packages/airflow/example_dags/example_xcomargs.py
[2024-03-14T10:55:55.552+0000] {processor.py:840} INFO - DAG(s) 'example_xcom_args', 'example_xcom_args_with_operators' retrieved from /home/airflow/.local/lib/python3.8/site-packages/airflow/example_dags/example_xcomargs.py
[2024-03-14T10:55:55.560+0000] {logging_mixin.py:188} INFO - [2024-03-14T10:55:55.559+0000] {dag.py:3047} INFO - Sync 2 DAGs
[2024-03-14T10:55:55.567+0000] {logging_mixin.py:188} INFO - [2024-03-14T10:55:55.567+0000] {dag.py:3834} INFO - Setting next_dagrun for example_xcom_args to None, run_after=None
[2024-03-14T10:55:55.570+0000] {logging_mixin.py:188} INFO - [2024-03-14T10:55:55.569+0000] {dag.py:3834} INFO - Setting next_dagrun for example_xcom_args_with_operators to None, run_after=None
[2024-03-14T10:55:55.578+0000] {processor.py:183} INFO - Processing /home/airflow/.local/lib/python3.8/site-packages/airflow/example_dags/example_xcomargs.py took 0.035 seconds
[2024-03-14T10:56:25.658+0000] {processor.py:161} INFO - Started process (PID=130) to work on /home/airflow/.local/lib/python3.8/site-packages/airflow/example_dags/example_xcomargs.py
[2024-03-14T10:56:25.659+0000] {processor.py:830} INFO - Processing file /home/airflow/.local/lib/python3.8/site-packages/airflow/example_dags/example_xcomargs.py for tasks to queue
[2024-03-14T10:56:25.660+0000] {logging_mixin.py:188} INFO - [2024-03-14T10:56:25.659+0000] {dagbag.py:540} INFO - Filling up the DagBag from /home/airflow/.local/lib/python3.8/site-packages/airflow/example_dags/example_xcomargs.py
[2024-03-14T10:56:25.663+0000] {processor.py:840} INFO - DAG(s) 'example_xcom_args', 'example_xcom_args_with_operators' retrieved from /home/airflow/.local/lib/python3.8/site-packages/airflow/example_dags/example_xcomargs.py
[2024-03-14T10:56:25.708+0000] {logging_mixin.py:188} INFO - [2024-03-14T10:56:25.708+0000] {dag.py:3047} INFO - Sync 2 DAGs
[2024-03-14T10:56:25.713+0000] {logging_mixin.py:188} INFO - [2024-03-14T10:56:25.713+0000] {dag.py:3834} INFO - Setting next_dagrun for example_xcom_args to None, run_after=None
[2024-03-14T10:56:25.714+0000] {logging_mixin.py:188} INFO - [2024-03-14T10:56:25.714+0000] {dag.py:3834} INFO - Setting next_dagrun for example_xcom_args_with_operators to None, run_after=None
[2024-03-14T10:56:25.721+0000] {processor.py:183} INFO - Processing /home/airflow/.local/lib/python3.8/site-packages/airflow/example_dags/example_xcomargs.py took 0.064 seconds
[2024-03-14T10:56:56.582+0000] {processor.py:161} INFO - Started process (PID=185) to work on /home/airflow/.local/lib/python3.8/site-packages/airflow/example_dags/example_xcomargs.py
[2024-03-14T10:56:56.583+0000] {processor.py:830} INFO - Processing file /home/airflow/.local/lib/python3.8/site-packages/airflow/example_dags/example_xcomargs.py for tasks to queue
[2024-03-14T10:56:56.584+0000] {logging_mixin.py:188} INFO - [2024-03-14T10:56:56.584+0000] {dagbag.py:540} INFO - Filling up the DagBag from /home/airflow/.local/lib/python3.8/site-packages/airflow/example_dags/example_xcomargs.py
[2024-03-14T10:56:56.587+0000] {processor.py:840} INFO - DAG(s) 'example_xcom_args_with_operators', 'example_xcom_args' retrieved from /home/airflow/.local/lib/python3.8/site-packages/airflow/example_dags/example_xcomargs.py
[2024-03-14T10:56:56.597+0000] {logging_mixin.py:188} INFO - [2024-03-14T10:56:56.597+0000] {dag.py:3047} INFO - Sync 2 DAGs
[2024-03-14T10:56:56.602+0000] {logging_mixin.py:188} INFO - [2024-03-14T10:56:56.602+0000] {dag.py:3834} INFO - Setting next_dagrun for example_xcom_args to None, run_after=None
[2024-03-14T10:56:56.604+0000] {logging_mixin.py:188} INFO - [2024-03-14T10:56:56.604+0000] {dag.py:3834} INFO - Setting next_dagrun for example_xcom_args_with_operators to None, run_after=None
[2024-03-14T10:56:56.610+0000] {processor.py:183} INFO - Processing /home/airflow/.local/lib/python3.8/site-packages/airflow/example_dags/example_xcomargs.py took 0.029 seconds
[2024-03-14T10:57:27.003+0000] {processor.py:161} INFO - Started process (PID=239) to work on /home/airflow/.local/lib/python3.8/site-packages/airflow/example_dags/example_xcomargs.py
[2024-03-14T10:57:27.003+0000] {processor.py:830} INFO - Processing file /home/airflow/.local/lib/python3.8/site-packages/airflow/example_dags/example_xcomargs.py for tasks to queue
[2024-03-14T10:57:27.004+0000] {logging_mixin.py:188} INFO - [2024-03-14T10:57:27.004+0000] {dagbag.py:540} INFO - Filling up the DagBag from /home/airflow/.local/lib/python3.8/site-packages/airflow/example_dags/example_xcomargs.py
[2024-03-14T10:57:27.008+0000] {processor.py:840} INFO - DAG(s) 'example_xcom_args_with_operators', 'example_xcom_args' retrieved from /home/airflow/.local/lib/python3.8/site-packages/airflow/example_dags/example_xcomargs.py
[2024-03-14T10:57:27.019+0000] {logging_mixin.py:188} INFO - [2024-03-14T10:57:27.019+0000] {dag.py:3047} INFO - Sync 2 DAGs
[2024-03-14T10:57:27.024+0000] {logging_mixin.py:188} INFO - [2024-03-14T10:57:27.024+0000] {dag.py:3834} INFO - Setting next_dagrun for example_xcom_args to None, run_after=None
[2024-03-14T10:57:27.026+0000] {logging_mixin.py:188} INFO - [2024-03-14T10:57:27.026+0000] {dag.py:3834} INFO - Setting next_dagrun for example_xcom_args_with_operators to None, run_after=None
[2024-03-14T10:57:27.032+0000] {processor.py:183} INFO - Processing /home/airflow/.local/lib/python3.8/site-packages/airflow/example_dags/example_xcomargs.py took 0.031 seconds
[2024-03-14T10:57:57.348+0000] {processor.py:161} INFO - Started process (PID=294) to work on /home/airflow/.local/lib/python3.8/site-packages/airflow/example_dags/example_xcomargs.py
[2024-03-14T10:57:57.349+0000] {processor.py:830} INFO - Processing file /home/airflow/.local/lib/python3.8/site-packages/airflow/example_dags/example_xcomargs.py for tasks to queue
[2024-03-14T10:57:57.349+0000] {logging_mixin.py:188} INFO - [2024-03-14T10:57:57.349+0000] {dagbag.py:540} INFO - Filling up the DagBag from /home/airflow/.local/lib/python3.8/site-packages/airflow/example_dags/example_xcomargs.py
[2024-03-14T10:57:57.353+0000] {processor.py:840} INFO - DAG(s) 'example_xcom_args', 'example_xcom_args_with_operators' retrieved from /home/airflow/.local/lib/python3.8/site-packages/airflow/example_dags/example_xcomargs.py
[2024-03-14T10:57:57.363+0000] {logging_mixin.py:188} INFO - [2024-03-14T10:57:57.363+0000] {dag.py:3047} INFO - Sync 2 DAGs
[2024-03-14T10:57:57.368+0000] {logging_mixin.py:188} INFO - [2024-03-14T10:57:57.368+0000] {dag.py:3834} INFO - Setting next_dagrun for example_xcom_args to None, run_after=None
[2024-03-14T10:57:57.370+0000] {logging_mixin.py:188} INFO - [2024-03-14T10:57:57.370+0000] {dag.py:3834} INFO - Setting next_dagrun for example_xcom_args_with_operators to None, run_after=None
[2024-03-14T10:57:57.376+0000] {processor.py:183} INFO - Processing /home/airflow/.local/lib/python3.8/site-packages/airflow/example_dags/example_xcomargs.py took 0.030 seconds
[2024-03-14T10:58:27.664+0000] {processor.py:161} INFO - Started process (PID=349) to work on /home/airflow/.local/lib/python3.8/site-packages/airflow/example_dags/example_xcomargs.py
[2024-03-14T10:58:27.665+0000] {processor.py:830} INFO - Processing file /home/airflow/.local/lib/python3.8/site-packages/airflow/example_dags/example_xcomargs.py for tasks to queue
[2024-03-14T10:58:27.666+0000] {logging_mixin.py:188} INFO - [2024-03-14T10:58:27.666+0000] {dagbag.py:540} INFO - Filling up the DagBag from /home/airflow/.local/lib/python3.8/site-packages/airflow/example_dags/example_xcomargs.py
[2024-03-14T10:58:27.669+0000] {processor.py:840} INFO - DAG(s) 'example_xcom_args', 'example_xcom_args_with_operators' retrieved from /home/airflow/.local/lib/python3.8/site-packages/airflow/example_dags/example_xcomargs.py
[2024-03-14T10:58:27.680+0000] {logging_mixin.py:188} INFO - [2024-03-14T10:58:27.680+0000] {dag.py:3047} INFO - Sync 2 DAGs
[2024-03-14T10:58:27.685+0000] {logging_mixin.py:188} INFO - [2024-03-14T10:58:27.685+0000] {dag.py:3834} INFO - Setting next_dagrun for example_xcom_args to None, run_after=None
[2024-03-14T10:58:27.687+0000] {logging_mixin.py:188} INFO - [2024-03-14T10:58:27.687+0000] {dag.py:3834} INFO - Setting next_dagrun for example_xcom_args_with_operators to None, run_after=None
[2024-03-14T10:58:27.694+0000] {processor.py:183} INFO - Processing /home/airflow/.local/lib/python3.8/site-packages/airflow/example_dags/example_xcomargs.py took 0.031 seconds
[2024-03-14T10:58:58.070+0000] {processor.py:161} INFO - Started process (PID=404) to work on /home/airflow/.local/lib/python3.8/site-packages/airflow/example_dags/example_xcomargs.py
[2024-03-14T10:58:58.071+0000] {processor.py:830} INFO - Processing file /home/airflow/.local/lib/python3.8/site-packages/airflow/example_dags/example_xcomargs.py for tasks to queue
[2024-03-14T10:58:58.072+0000] {logging_mixin.py:188} INFO - [2024-03-14T10:58:58.071+0000] {dagbag.py:540} INFO - Filling up the DagBag from /home/airflow/.local/lib/python3.8/site-packages/airflow/example_dags/example_xcomargs.py
[2024-03-14T10:58:58.075+0000] {processor.py:840} INFO - DAG(s) 'example_xcom_args', 'example_xcom_args_with_operators' retrieved from /home/airflow/.local/lib/python3.8/site-packages/airflow/example_dags/example_xcomargs.py
[2024-03-14T10:58:58.085+0000] {logging_mixin.py:188} INFO - [2024-03-14T10:58:58.085+0000] {dag.py:3047} INFO - Sync 2 DAGs
[2024-03-14T10:58:58.091+0000] {logging_mixin.py:188} INFO - [2024-03-14T10:58:58.090+0000] {dag.py:3834} INFO - Setting next_dagrun for example_xcom_args to None, run_after=None
[2024-03-14T10:58:58.092+0000] {logging_mixin.py:188} INFO - [2024-03-14T10:58:58.092+0000] {dag.py:3834} INFO - Setting next_dagrun for example_xcom_args_with_operators to None, run_after=None
[2024-03-14T10:58:58.098+0000] {processor.py:183} INFO - Processing /home/airflow/.local/lib/python3.8/site-packages/airflow/example_dags/example_xcomargs.py took 0.030 seconds
[2024-03-14T10:59:28.448+0000] {processor.py:161} INFO - Started process (PID=459) to work on /home/airflow/.local/lib/python3.8/site-packages/airflow/example_dags/example_xcomargs.py
[2024-03-14T10:59:28.448+0000] {processor.py:830} INFO - Processing file /home/airflow/.local/lib/python3.8/site-packages/airflow/example_dags/example_xcomargs.py for tasks to queue
[2024-03-14T10:59:28.449+0000] {logging_mixin.py:188} INFO - [2024-03-14T10:59:28.449+0000] {dagbag.py:540} INFO - Filling up the DagBag from /home/airflow/.local/lib/python3.8/site-packages/airflow/example_dags/example_xcomargs.py
[2024-03-14T10:59:28.453+0000] {processor.py:840} INFO - DAG(s) 'example_xcom_args_with_operators', 'example_xcom_args' retrieved from /home/airflow/.local/lib/python3.8/site-packages/airflow/example_dags/example_xcomargs.py
[2024-03-14T10:59:28.463+0000] {logging_mixin.py:188} INFO - [2024-03-14T10:59:28.463+0000] {dag.py:3047} INFO - Sync 2 DAGs
[2024-03-14T10:59:28.469+0000] {logging_mixin.py:188} INFO - [2024-03-14T10:59:28.468+0000] {dag.py:3834} INFO - Setting next_dagrun for example_xcom_args to None, run_after=None
[2024-03-14T10:59:28.470+0000] {logging_mixin.py:188} INFO - [2024-03-14T10:59:28.470+0000] {dag.py:3834} INFO - Setting next_dagrun for example_xcom_args_with_operators to None, run_after=None
[2024-03-14T10:59:28.476+0000] {processor.py:183} INFO - Processing /home/airflow/.local/lib/python3.8/site-packages/airflow/example_dags/example_xcomargs.py took 0.030 seconds
[2024-03-14T10:59:58.871+0000] {processor.py:161} INFO - Started process (PID=514) to work on /home/airflow/.local/lib/python3.8/site-packages/airflow/example_dags/example_xcomargs.py
[2024-03-14T10:59:58.872+0000] {processor.py:830} INFO - Processing file /home/airflow/.local/lib/python3.8/site-packages/airflow/example_dags/example_xcomargs.py for tasks to queue
[2024-03-14T10:59:58.873+0000] {logging_mixin.py:188} INFO - [2024-03-14T10:59:58.873+0000] {dagbag.py:540} INFO - Filling up the DagBag from /home/airflow/.local/lib/python3.8/site-packages/airflow/example_dags/example_xcomargs.py
[2024-03-14T10:59:58.876+0000] {processor.py:840} INFO - DAG(s) 'example_xcom_args', 'example_xcom_args_with_operators' retrieved from /home/airflow/.local/lib/python3.8/site-packages/airflow/example_dags/example_xcomargs.py
[2024-03-14T10:59:58.886+0000] {logging_mixin.py:188} INFO - [2024-03-14T10:59:58.886+0000] {dag.py:3047} INFO - Sync 2 DAGs
[2024-03-14T10:59:58.892+0000] {logging_mixin.py:188} INFO - [2024-03-14T10:59:58.892+0000] {dag.py:3834} INFO - Setting next_dagrun for example_xcom_args to None, run_after=None
[2024-03-14T10:59:58.893+0000] {logging_mixin.py:188} INFO - [2024-03-14T10:59:58.893+0000] {dag.py:3834} INFO - Setting next_dagrun for example_xcom_args_with_operators to None, run_after=None
[2024-03-14T10:59:58.899+0000] {processor.py:183} INFO - Processing /home/airflow/.local/lib/python3.8/site-packages/airflow/example_dags/example_xcomargs.py took 0.030 seconds
[2024-03-14T11:00:29.254+0000] {processor.py:161} INFO - Started process (PID=568) to work on /home/airflow/.local/lib/python3.8/site-packages/airflow/example_dags/example_xcomargs.py
[2024-03-14T11:00:29.255+0000] {processor.py:830} INFO - Processing file /home/airflow/.local/lib/python3.8/site-packages/airflow/example_dags/example_xcomargs.py for tasks to queue
[2024-03-14T11:00:29.256+0000] {logging_mixin.py:188} INFO - [2024-03-14T11:00:29.256+0000] {dagbag.py:540} INFO - Filling up the DagBag from /home/airflow/.local/lib/python3.8/site-packages/airflow/example_dags/example_xcomargs.py
[2024-03-14T11:00:29.259+0000] {processor.py:840} INFO - DAG(s) 'example_xcom_args_with_operators', 'example_xcom_args' retrieved from /home/airflow/.local/lib/python3.8/site-packages/airflow/example_dags/example_xcomargs.py
[2024-03-14T11:00:29.269+0000] {logging_mixin.py:188} INFO - [2024-03-14T11:00:29.269+0000] {dag.py:3047} INFO - Sync 2 DAGs
[2024-03-14T11:00:29.274+0000] {logging_mixin.py:188} INFO - [2024-03-14T11:00:29.274+0000] {dag.py:3834} INFO - Setting next_dagrun for example_xcom_args to None, run_after=None
[2024-03-14T11:00:29.275+0000] {logging_mixin.py:188} INFO - [2024-03-14T11:00:29.275+0000] {dag.py:3834} INFO - Setting next_dagrun for example_xcom_args_with_operators to None, run_after=None
[2024-03-14T11:00:29.282+0000] {processor.py:183} INFO - Processing /home/airflow/.local/lib/python3.8/site-packages/airflow/example_dags/example_xcomargs.py took 0.029 seconds
[2024-03-14T11:00:59.724+0000] {processor.py:161} INFO - Started process (PID=623) to work on /home/airflow/.local/lib/python3.8/site-packages/airflow/example_dags/example_xcomargs.py
[2024-03-14T11:00:59.725+0000] {processor.py:830} INFO - Processing file /home/airflow/.local/lib/python3.8/site-packages/airflow/example_dags/example_xcomargs.py for tasks to queue
[2024-03-14T11:00:59.726+0000] {logging_mixin.py:188} INFO - [2024-03-14T11:00:59.726+0000] {dagbag.py:540} INFO - Filling up the DagBag from /home/airflow/.local/lib/python3.8/site-packages/airflow/example_dags/example_xcomargs.py
[2024-03-14T11:00:59.730+0000] {processor.py:840} INFO - DAG(s) 'example_xcom_args', 'example_xcom_args_with_operators' retrieved from /home/airflow/.local/lib/python3.8/site-packages/airflow/example_dags/example_xcomargs.py
[2024-03-14T11:00:59.741+0000] {logging_mixin.py:188} INFO - [2024-03-14T11:00:59.741+0000] {dag.py:3047} INFO - Sync 2 DAGs
[2024-03-14T11:00:59.747+0000] {logging_mixin.py:188} INFO - [2024-03-14T11:00:59.747+0000] {dag.py:3834} INFO - Setting next_dagrun for example_xcom_args to None, run_after=None
[2024-03-14T11:00:59.748+0000] {logging_mixin.py:188} INFO - [2024-03-14T11:00:59.748+0000] {dag.py:3834} INFO - Setting next_dagrun for example_xcom_args_with_operators to None, run_after=None
[2024-03-14T11:00:59.755+0000] {processor.py:183} INFO - Processing /home/airflow/.local/lib/python3.8/site-packages/airflow/example_dags/example_xcomargs.py took 0.032 seconds
[2024-03-14T11:01:30.246+0000] {processor.py:161} INFO - Started process (PID=677) to work on /home/airflow/.local/lib/python3.8/site-packages/airflow/example_dags/example_xcomargs.py
[2024-03-14T11:01:30.246+0000] {processor.py:830} INFO - Processing file /home/airflow/.local/lib/python3.8/site-packages/airflow/example_dags/example_xcomargs.py for tasks to queue
[2024-03-14T11:01:30.247+0000] {logging_mixin.py:188} INFO - [2024-03-14T11:01:30.247+0000] {dagbag.py:540} INFO - Filling up the DagBag from /home/airflow/.local/lib/python3.8/site-packages/airflow/example_dags/example_xcomargs.py
[2024-03-14T11:01:30.250+0000] {processor.py:840} INFO - DAG(s) 'example_xcom_args_with_operators', 'example_xcom_args' retrieved from /home/airflow/.local/lib/python3.8/site-packages/airflow/example_dags/example_xcomargs.py
[2024-03-14T11:01:30.262+0000] {logging_mixin.py:188} INFO - [2024-03-14T11:01:30.262+0000] {dag.py:3047} INFO - Sync 2 DAGs
[2024-03-14T11:01:30.267+0000] {logging_mixin.py:188} INFO - [2024-03-14T11:01:30.267+0000] {dag.py:3834} INFO - Setting next_dagrun for example_xcom_args to None, run_after=None
[2024-03-14T11:01:30.269+0000] {logging_mixin.py:188} INFO - [2024-03-14T11:01:30.269+0000] {dag.py:3834} INFO - Setting next_dagrun for example_xcom_args_with_operators to None, run_after=None
[2024-03-14T11:01:30.275+0000] {processor.py:183} INFO - Processing /home/airflow/.local/lib/python3.8/site-packages/airflow/example_dags/example_xcomargs.py took 0.031 seconds
[2024-03-14T11:02:00.798+0000] {processor.py:161} INFO - Started process (PID=732) to work on /home/airflow/.local/lib/python3.8/site-packages/airflow/example_dags/example_xcomargs.py
[2024-03-14T11:02:00.799+0000] {processor.py:830} INFO - Processing file /home/airflow/.local/lib/python3.8/site-packages/airflow/example_dags/example_xcomargs.py for tasks to queue
[2024-03-14T11:02:00.800+0000] {logging_mixin.py:188} INFO - [2024-03-14T11:02:00.799+0000] {dagbag.py:540} INFO - Filling up the DagBag from /home/airflow/.local/lib/python3.8/site-packages/airflow/example_dags/example_xcomargs.py
[2024-03-14T11:02:00.803+0000] {processor.py:840} INFO - DAG(s) 'example_xcom_args_with_operators', 'example_xcom_args' retrieved from /home/airflow/.local/lib/python3.8/site-packages/airflow/example_dags/example_xcomargs.py
[2024-03-14T11:02:00.814+0000] {logging_mixin.py:188} INFO - [2024-03-14T11:02:00.813+0000] {dag.py:3047} INFO - Sync 2 DAGs
[2024-03-14T11:02:00.819+0000] {logging_mixin.py:188} INFO - [2024-03-14T11:02:00.819+0000] {dag.py:3834} INFO - Setting next_dagrun for example_xcom_args to None, run_after=None
[2024-03-14T11:02:00.820+0000] {logging_mixin.py:188} INFO - [2024-03-14T11:02:00.820+0000] {dag.py:3834} INFO - Setting next_dagrun for example_xcom_args_with_operators to None, run_after=None
[2024-03-14T11:02:00.826+0000] {processor.py:183} INFO - Processing /home/airflow/.local/lib/python3.8/site-packages/airflow/example_dags/example_xcomargs.py took 0.030 seconds
[2024-03-14T11:02:31.347+0000] {processor.py:161} INFO - Started process (PID=788) to work on /home/airflow/.local/lib/python3.8/site-packages/airflow/example_dags/example_xcomargs.py
[2024-03-14T11:02:31.348+0000] {processor.py:830} INFO - Processing file /home/airflow/.local/lib/python3.8/site-packages/airflow/example_dags/example_xcomargs.py for tasks to queue
[2024-03-14T11:02:31.349+0000] {logging_mixin.py:188} INFO - [2024-03-14T11:02:31.349+0000] {dagbag.py:540} INFO - Filling up the DagBag from /home/airflow/.local/lib/python3.8/site-packages/airflow/example_dags/example_xcomargs.py
[2024-03-14T11:02:31.352+0000] {processor.py:840} INFO - DAG(s) 'example_xcom_args', 'example_xcom_args_with_operators' retrieved from /home/airflow/.local/lib/python3.8/site-packages/airflow/example_dags/example_xcomargs.py
[2024-03-14T11:02:31.363+0000] {logging_mixin.py:188} INFO - [2024-03-14T11:02:31.363+0000] {dag.py:3047} INFO - Sync 2 DAGs
[2024-03-14T11:02:31.368+0000] {logging_mixin.py:188} INFO - [2024-03-14T11:02:31.368+0000] {dag.py:3834} INFO - Setting next_dagrun for example_xcom_args to None, run_after=None
[2024-03-14T11:02:31.370+0000] {logging_mixin.py:188} INFO - [2024-03-14T11:02:31.370+0000] {dag.py:3834} INFO - Setting next_dagrun for example_xcom_args_with_operators to None, run_after=None
[2024-03-14T11:02:31.376+0000] {processor.py:183} INFO - Processing /home/airflow/.local/lib/python3.8/site-packages/airflow/example_dags/example_xcomargs.py took 0.031 seconds
[2024-03-14T11:03:01.719+0000] {processor.py:161} INFO - Started process (PID=843) to work on /home/airflow/.local/lib/python3.8/site-packages/airflow/example_dags/example_xcomargs.py
[2024-03-14T11:03:01.719+0000] {processor.py:830} INFO - Processing file /home/airflow/.local/lib/python3.8/site-packages/airflow/example_dags/example_xcomargs.py for tasks to queue
[2024-03-14T11:03:01.721+0000] {logging_mixin.py:188} INFO - [2024-03-14T11:03:01.721+0000] {dagbag.py:540} INFO - Filling up the DagBag from /home/airflow/.local/lib/python3.8/site-packages/airflow/example_dags/example_xcomargs.py
[2024-03-14T11:03:01.725+0000] {processor.py:840} INFO - DAG(s) 'example_xcom_args_with_operators', 'example_xcom_args' retrieved from /home/airflow/.local/lib/python3.8/site-packages/airflow/example_dags/example_xcomargs.py
[2024-03-14T11:03:01.738+0000] {logging_mixin.py:188} INFO - [2024-03-14T11:03:01.738+0000] {dag.py:3047} INFO - Sync 2 DAGs
[2024-03-14T11:03:01.745+0000] {logging_mixin.py:188} INFO - [2024-03-14T11:03:01.745+0000] {dag.py:3834} INFO - Setting next_dagrun for example_xcom_args to None, run_after=None
[2024-03-14T11:03:01.747+0000] {logging_mixin.py:188} INFO - [2024-03-14T11:03:01.747+0000] {dag.py:3834} INFO - Setting next_dagrun for example_xcom_args_with_operators to None, run_after=None
[2024-03-14T11:03:01.755+0000] {processor.py:183} INFO - Processing /home/airflow/.local/lib/python3.8/site-packages/airflow/example_dags/example_xcomargs.py took 0.039 seconds
[2024-03-14T11:03:32.188+0000] {processor.py:161} INFO - Started process (PID=898) to work on /home/airflow/.local/lib/python3.8/site-packages/airflow/example_dags/example_xcomargs.py
[2024-03-14T11:03:32.190+0000] {processor.py:830} INFO - Processing file /home/airflow/.local/lib/python3.8/site-packages/airflow/example_dags/example_xcomargs.py for tasks to queue
[2024-03-14T11:03:32.191+0000] {logging_mixin.py:188} INFO - [2024-03-14T11:03:32.190+0000] {dagbag.py:540} INFO - Filling up the DagBag from /home/airflow/.local/lib/python3.8/site-packages/airflow/example_dags/example_xcomargs.py
[2024-03-14T11:03:32.196+0000] {processor.py:840} INFO - DAG(s) 'example_xcom_args_with_operators', 'example_xcom_args' retrieved from /home/airflow/.local/lib/python3.8/site-packages/airflow/example_dags/example_xcomargs.py
[2024-03-14T11:03:32.208+0000] {logging_mixin.py:188} INFO - [2024-03-14T11:03:32.208+0000] {dag.py:3047} INFO - Sync 2 DAGs
[2024-03-14T11:03:32.214+0000] {logging_mixin.py:188} INFO - [2024-03-14T11:03:32.214+0000] {dag.py:3834} INFO - Setting next_dagrun for example_xcom_args to None, run_after=None
[2024-03-14T11:03:32.216+0000] {logging_mixin.py:188} INFO - [2024-03-14T11:03:32.215+0000] {dag.py:3834} INFO - Setting next_dagrun for example_xcom_args_with_operators to None, run_after=None
[2024-03-14T11:03:32.223+0000] {processor.py:183} INFO - Processing /home/airflow/.local/lib/python3.8/site-packages/airflow/example_dags/example_xcomargs.py took 0.036 seconds
[2024-03-14T11:04:02.573+0000] {processor.py:161} INFO - Started process (PID=953) to work on /home/airflow/.local/lib/python3.8/site-packages/airflow/example_dags/example_xcomargs.py
[2024-03-14T11:04:02.573+0000] {processor.py:830} INFO - Processing file /home/airflow/.local/lib/python3.8/site-packages/airflow/example_dags/example_xcomargs.py for tasks to queue
[2024-03-14T11:04:02.574+0000] {logging_mixin.py:188} INFO - [2024-03-14T11:04:02.574+0000] {dagbag.py:540} INFO - Filling up the DagBag from /home/airflow/.local/lib/python3.8/site-packages/airflow/example_dags/example_xcomargs.py
[2024-03-14T11:04:02.578+0000] {processor.py:840} INFO - DAG(s) 'example_xcom_args', 'example_xcom_args_with_operators' retrieved from /home/airflow/.local/lib/python3.8/site-packages/airflow/example_dags/example_xcomargs.py
[2024-03-14T11:04:02.589+0000] {logging_mixin.py:188} INFO - [2024-03-14T11:04:02.589+0000] {dag.py:3047} INFO - Sync 2 DAGs
[2024-03-14T11:04:02.593+0000] {logging_mixin.py:188} INFO - [2024-03-14T11:04:02.593+0000] {dag.py:3834} INFO - Setting next_dagrun for example_xcom_args to None, run_after=None
[2024-03-14T11:04:02.595+0000] {logging_mixin.py:188} INFO - [2024-03-14T11:04:02.595+0000] {dag.py:3834} INFO - Setting next_dagrun for example_xcom_args_with_operators to None, run_after=None
[2024-03-14T11:04:02.601+0000] {processor.py:183} INFO - Processing /home/airflow/.local/lib/python3.8/site-packages/airflow/example_dags/example_xcomargs.py took 0.030 seconds
[2024-03-14T11:04:33.063+0000] {processor.py:161} INFO - Started process (PID=1008) to work on /home/airflow/.local/lib/python3.8/site-packages/airflow/example_dags/example_xcomargs.py
[2024-03-14T11:04:33.064+0000] {processor.py:830} INFO - Processing file /home/airflow/.local/lib/python3.8/site-packages/airflow/example_dags/example_xcomargs.py for tasks to queue
[2024-03-14T11:04:33.065+0000] {logging_mixin.py:188} INFO - [2024-03-14T11:04:33.064+0000] {dagbag.py:540} INFO - Filling up the DagBag from /home/airflow/.local/lib/python3.8/site-packages/airflow/example_dags/example_xcomargs.py
[2024-03-14T11:04:33.068+0000] {processor.py:840} INFO - DAG(s) 'example_xcom_args_with_operators', 'example_xcom_args' retrieved from /home/airflow/.local/lib/python3.8/site-packages/airflow/example_dags/example_xcomargs.py
[2024-03-14T11:04:33.079+0000] {logging_mixin.py:188} INFO - [2024-03-14T11:04:33.079+0000] {dag.py:3047} INFO - Sync 2 DAGs
[2024-03-14T11:04:33.084+0000] {logging_mixin.py:188} INFO - [2024-03-14T11:04:33.084+0000] {dag.py:3834} INFO - Setting next_dagrun for example_xcom_args to None, run_after=None
[2024-03-14T11:04:33.086+0000] {logging_mixin.py:188} INFO - [2024-03-14T11:04:33.086+0000] {dag.py:3834} INFO - Setting next_dagrun for example_xcom_args_with_operators to None, run_after=None
[2024-03-14T11:04:33.092+0000] {processor.py:183} INFO - Processing /home/airflow/.local/lib/python3.8/site-packages/airflow/example_dags/example_xcomargs.py took 0.031 seconds
[2024-03-14T11:05:03.481+0000] {processor.py:161} INFO - Started process (PID=1063) to work on /home/airflow/.local/lib/python3.8/site-packages/airflow/example_dags/example_xcomargs.py
[2024-03-14T11:05:03.482+0000] {processor.py:830} INFO - Processing file /home/airflow/.local/lib/python3.8/site-packages/airflow/example_dags/example_xcomargs.py for tasks to queue
[2024-03-14T11:05:03.482+0000] {logging_mixin.py:188} INFO - [2024-03-14T11:05:03.482+0000] {dagbag.py:540} INFO - Filling up the DagBag from /home/airflow/.local/lib/python3.8/site-packages/airflow/example_dags/example_xcomargs.py
[2024-03-14T11:05:03.486+0000] {processor.py:840} INFO - DAG(s) 'example_xcom_args_with_operators', 'example_xcom_args' retrieved from /home/airflow/.local/lib/python3.8/site-packages/airflow/example_dags/example_xcomargs.py
[2024-03-14T11:05:03.496+0000] {logging_mixin.py:188} INFO - [2024-03-14T11:05:03.496+0000] {dag.py:3047} INFO - Sync 2 DAGs
[2024-03-14T11:05:03.502+0000] {logging_mixin.py:188} INFO - [2024-03-14T11:05:03.502+0000] {dag.py:3834} INFO - Setting next_dagrun for example_xcom_args to None, run_after=None
[2024-03-14T11:05:03.503+0000] {logging_mixin.py:188} INFO - [2024-03-14T11:05:03.503+0000] {dag.py:3834} INFO - Setting next_dagrun for example_xcom_args_with_operators to None, run_after=None
[2024-03-14T11:05:03.510+0000] {processor.py:183} INFO - Processing /home/airflow/.local/lib/python3.8/site-packages/airflow/example_dags/example_xcomargs.py took 0.031 seconds
[2024-03-14T11:05:33.920+0000] {processor.py:161} INFO - Started process (PID=1118) to work on /home/airflow/.local/lib/python3.8/site-packages/airflow/example_dags/example_xcomargs.py
[2024-03-14T11:05:33.920+0000] {processor.py:830} INFO - Processing file /home/airflow/.local/lib/python3.8/site-packages/airflow/example_dags/example_xcomargs.py for tasks to queue
[2024-03-14T11:05:33.921+0000] {logging_mixin.py:188} INFO - [2024-03-14T11:05:33.921+0000] {dagbag.py:540} INFO - Filling up the DagBag from /home/airflow/.local/lib/python3.8/site-packages/airflow/example_dags/example_xcomargs.py
[2024-03-14T11:05:33.925+0000] {processor.py:840} INFO - DAG(s) 'example_xcom_args', 'example_xcom_args_with_operators' retrieved from /home/airflow/.local/lib/python3.8/site-packages/airflow/example_dags/example_xcomargs.py
[2024-03-14T11:05:33.935+0000] {logging_mixin.py:188} INFO - [2024-03-14T11:05:33.935+0000] {dag.py:3047} INFO - Sync 2 DAGs
[2024-03-14T11:05:33.940+0000] {logging_mixin.py:188} INFO - [2024-03-14T11:05:33.940+0000] {dag.py:3834} INFO - Setting next_dagrun for example_xcom_args to None, run_after=None
[2024-03-14T11:05:33.941+0000] {logging_mixin.py:188} INFO - [2024-03-14T11:05:33.941+0000] {dag.py:3834} INFO - Setting next_dagrun for example_xcom_args_with_operators to None, run_after=None
[2024-03-14T11:05:33.947+0000] {processor.py:183} INFO - Processing /home/airflow/.local/lib/python3.8/site-packages/airflow/example_dags/example_xcomargs.py took 0.029 seconds
[2024-03-14T11:06:04.382+0000] {processor.py:161} INFO - Started process (PID=1173) to work on /home/airflow/.local/lib/python3.8/site-packages/airflow/example_dags/example_xcomargs.py
[2024-03-14T11:06:04.383+0000] {processor.py:830} INFO - Processing file /home/airflow/.local/lib/python3.8/site-packages/airflow/example_dags/example_xcomargs.py for tasks to queue
[2024-03-14T11:06:04.386+0000] {logging_mixin.py:188} INFO - [2024-03-14T11:06:04.386+0000] {dagbag.py:540} INFO - Filling up the DagBag from /home/airflow/.local/lib/python3.8/site-packages/airflow/example_dags/example_xcomargs.py
[2024-03-14T11:06:04.389+0000] {processor.py:840} INFO - DAG(s) 'example_xcom_args', 'example_xcom_args_with_operators' retrieved from /home/airflow/.local/lib/python3.8/site-packages/airflow/example_dags/example_xcomargs.py
[2024-03-14T11:06:04.400+0000] {logging_mixin.py:188} INFO - [2024-03-14T11:06:04.400+0000] {dag.py:3047} INFO - Sync 2 DAGs
[2024-03-14T11:06:04.405+0000] {logging_mixin.py:188} INFO - [2024-03-14T11:06:04.405+0000] {dag.py:3834} INFO - Setting next_dagrun for example_xcom_args to None, run_after=None
[2024-03-14T11:06:04.407+0000] {logging_mixin.py:188} INFO - [2024-03-14T11:06:04.407+0000] {dag.py:3834} INFO - Setting next_dagrun for example_xcom_args_with_operators to None, run_after=None
[2024-03-14T11:06:04.413+0000] {processor.py:183} INFO - Processing /home/airflow/.local/lib/python3.8/site-packages/airflow/example_dags/example_xcomargs.py took 0.033 seconds
[2024-03-14T11:06:34.763+0000] {processor.py:161} INFO - Started process (PID=1228) to work on /home/airflow/.local/lib/python3.8/site-packages/airflow/example_dags/example_xcomargs.py
[2024-03-14T11:06:34.764+0000] {processor.py:830} INFO - Processing file /home/airflow/.local/lib/python3.8/site-packages/airflow/example_dags/example_xcomargs.py for tasks to queue
[2024-03-14T11:06:34.765+0000] {logging_mixin.py:188} INFO - [2024-03-14T11:06:34.765+0000] {dagbag.py:540} INFO - Filling up the DagBag from /home/airflow/.local/lib/python3.8/site-packages/airflow/example_dags/example_xcomargs.py
[2024-03-14T11:06:34.768+0000] {processor.py:840} INFO - DAG(s) 'example_xcom_args', 'example_xcom_args_with_operators' retrieved from /home/airflow/.local/lib/python3.8/site-packages/airflow/example_dags/example_xcomargs.py
[2024-03-14T11:06:34.779+0000] {logging_mixin.py:188} INFO - [2024-03-14T11:06:34.779+0000] {dag.py:3047} INFO - Sync 2 DAGs
[2024-03-14T11:06:34.785+0000] {logging_mixin.py:188} INFO - [2024-03-14T11:06:34.784+0000] {dag.py:3834} INFO - Setting next_dagrun for example_xcom_args to None, run_after=None
[2024-03-14T11:06:34.786+0000] {logging_mixin.py:188} INFO - [2024-03-14T11:06:34.786+0000] {dag.py:3834} INFO - Setting next_dagrun for example_xcom_args_with_operators to None, run_after=None
[2024-03-14T11:06:34.793+0000] {processor.py:183} INFO - Processing /home/airflow/.local/lib/python3.8/site-packages/airflow/example_dags/example_xcomargs.py took 0.031 seconds
[2024-03-14T11:07:05.221+0000] {processor.py:161} INFO - Started process (PID=1282) to work on /home/airflow/.local/lib/python3.8/site-packages/airflow/example_dags/example_xcomargs.py
[2024-03-14T11:07:05.221+0000] {processor.py:830} INFO - Processing file /home/airflow/.local/lib/python3.8/site-packages/airflow/example_dags/example_xcomargs.py for tasks to queue
[2024-03-14T11:07:05.222+0000] {logging_mixin.py:188} INFO - [2024-03-14T11:07:05.222+0000] {dagbag.py:540} INFO - Filling up the DagBag from /home/airflow/.local/lib/python3.8/site-packages/airflow/example_dags/example_xcomargs.py
[2024-03-14T11:07:05.227+0000] {processor.py:840} INFO - DAG(s) 'example_xcom_args_with_operators', 'example_xcom_args' retrieved from /home/airflow/.local/lib/python3.8/site-packages/airflow/example_dags/example_xcomargs.py
[2024-03-14T11:07:05.237+0000] {logging_mixin.py:188} INFO - [2024-03-14T11:07:05.236+0000] {dag.py:3047} INFO - Sync 2 DAGs
[2024-03-14T11:07:05.241+0000] {logging_mixin.py:188} INFO - [2024-03-14T11:07:05.241+0000] {dag.py:3834} INFO - Setting next_dagrun for example_xcom_args to None, run_after=None
[2024-03-14T11:07:05.243+0000] {logging_mixin.py:188} INFO - [2024-03-14T11:07:05.243+0000] {dag.py:3834} INFO - Setting next_dagrun for example_xcom_args_with_operators to None, run_after=None
[2024-03-14T11:07:05.249+0000] {processor.py:183} INFO - Processing /home/airflow/.local/lib/python3.8/site-packages/airflow/example_dags/example_xcomargs.py took 0.030 seconds
[2024-03-14T11:07:35.652+0000] {processor.py:161} INFO - Started process (PID=1337) to work on /home/airflow/.local/lib/python3.8/site-packages/airflow/example_dags/example_xcomargs.py
[2024-03-14T11:07:35.652+0000] {processor.py:830} INFO - Processing file /home/airflow/.local/lib/python3.8/site-packages/airflow/example_dags/example_xcomargs.py for tasks to queue
[2024-03-14T11:07:35.653+0000] {logging_mixin.py:188} INFO - [2024-03-14T11:07:35.653+0000] {dagbag.py:540} INFO - Filling up the DagBag from /home/airflow/.local/lib/python3.8/site-packages/airflow/example_dags/example_xcomargs.py
[2024-03-14T11:07:35.657+0000] {processor.py:840} INFO - DAG(s) 'example_xcom_args_with_operators', 'example_xcom_args' retrieved from /home/airflow/.local/lib/python3.8/site-packages/airflow/example_dags/example_xcomargs.py
[2024-03-14T11:07:35.667+0000] {logging_mixin.py:188} INFO - [2024-03-14T11:07:35.667+0000] {dag.py:3047} INFO - Sync 2 DAGs
[2024-03-14T11:07:35.672+0000] {logging_mixin.py:188} INFO - [2024-03-14T11:07:35.672+0000] {dag.py:3834} INFO - Setting next_dagrun for example_xcom_args to None, run_after=None
[2024-03-14T11:07:35.674+0000] {logging_mixin.py:188} INFO - [2024-03-14T11:07:35.674+0000] {dag.py:3834} INFO - Setting next_dagrun for example_xcom_args_with_operators to None, run_after=None
[2024-03-14T11:07:35.680+0000] {processor.py:183} INFO - Processing /home/airflow/.local/lib/python3.8/site-packages/airflow/example_dags/example_xcomargs.py took 0.030 seconds
[2024-03-14T11:08:05.953+0000] {processor.py:161} INFO - Started process (PID=1392) to work on /home/airflow/.local/lib/python3.8/site-packages/airflow/example_dags/example_xcomargs.py
[2024-03-14T11:08:05.953+0000] {processor.py:830} INFO - Processing file /home/airflow/.local/lib/python3.8/site-packages/airflow/example_dags/example_xcomargs.py for tasks to queue
[2024-03-14T11:08:05.954+0000] {logging_mixin.py:188} INFO - [2024-03-14T11:08:05.954+0000] {dagbag.py:540} INFO - Filling up the DagBag from /home/airflow/.local/lib/python3.8/site-packages/airflow/example_dags/example_xcomargs.py
[2024-03-14T11:08:05.958+0000] {processor.py:840} INFO - DAG(s) 'example_xcom_args_with_operators', 'example_xcom_args' retrieved from /home/airflow/.local/lib/python3.8/site-packages/airflow/example_dags/example_xcomargs.py
[2024-03-14T11:08:05.968+0000] {logging_mixin.py:188} INFO - [2024-03-14T11:08:05.968+0000] {dag.py:3047} INFO - Sync 2 DAGs
[2024-03-14T11:08:05.973+0000] {logging_mixin.py:188} INFO - [2024-03-14T11:08:05.973+0000] {dag.py:3834} INFO - Setting next_dagrun for example_xcom_args to None, run_after=None
[2024-03-14T11:08:05.975+0000] {logging_mixin.py:188} INFO - [2024-03-14T11:08:05.975+0000] {dag.py:3834} INFO - Setting next_dagrun for example_xcom_args_with_operators to None, run_after=None
[2024-03-14T11:08:05.982+0000] {processor.py:183} INFO - Processing /home/airflow/.local/lib/python3.8/site-packages/airflow/example_dags/example_xcomargs.py took 0.030 seconds
[2024-03-14T11:08:36.221+0000] {processor.py:161} INFO - Started process (PID=1447) to work on /home/airflow/.local/lib/python3.8/site-packages/airflow/example_dags/example_xcomargs.py
[2024-03-14T11:08:36.221+0000] {processor.py:830} INFO - Processing file /home/airflow/.local/lib/python3.8/site-packages/airflow/example_dags/example_xcomargs.py for tasks to queue
[2024-03-14T11:08:36.222+0000] {logging_mixin.py:188} INFO - [2024-03-14T11:08:36.222+0000] {dagbag.py:540} INFO - Filling up the DagBag from /home/airflow/.local/lib/python3.8/site-packages/airflow/example_dags/example_xcomargs.py
[2024-03-14T11:08:36.226+0000] {processor.py:840} INFO - DAG(s) 'example_xcom_args_with_operators', 'example_xcom_args' retrieved from /home/airflow/.local/lib/python3.8/site-packages/airflow/example_dags/example_xcomargs.py
[2024-03-14T11:08:36.236+0000] {logging_mixin.py:188} INFO - [2024-03-14T11:08:36.236+0000] {dag.py:3047} INFO - Sync 2 DAGs
[2024-03-14T11:08:36.241+0000] {logging_mixin.py:188} INFO - [2024-03-14T11:08:36.241+0000] {dag.py:3834} INFO - Setting next_dagrun for example_xcom_args to None, run_after=None
[2024-03-14T11:08:36.243+0000] {logging_mixin.py:188} INFO - [2024-03-14T11:08:36.243+0000] {dag.py:3834} INFO - Setting next_dagrun for example_xcom_args_with_operators to None, run_after=None
[2024-03-14T11:08:36.249+0000] {processor.py:183} INFO - Processing /home/airflow/.local/lib/python3.8/site-packages/airflow/example_dags/example_xcomargs.py took 0.030 seconds
[2024-03-14T11:09:06.625+0000] {processor.py:161} INFO - Started process (PID=1502) to work on /home/airflow/.local/lib/python3.8/site-packages/airflow/example_dags/example_xcomargs.py
[2024-03-14T11:09:06.625+0000] {processor.py:830} INFO - Processing file /home/airflow/.local/lib/python3.8/site-packages/airflow/example_dags/example_xcomargs.py for tasks to queue
[2024-03-14T11:09:06.626+0000] {logging_mixin.py:188} INFO - [2024-03-14T11:09:06.626+0000] {dagbag.py:540} INFO - Filling up the DagBag from /home/airflow/.local/lib/python3.8/site-packages/airflow/example_dags/example_xcomargs.py
[2024-03-14T11:09:06.630+0000] {processor.py:840} INFO - DAG(s) 'example_xcom_args', 'example_xcom_args_with_operators' retrieved from /home/airflow/.local/lib/python3.8/site-packages/airflow/example_dags/example_xcomargs.py
[2024-03-14T11:09:06.641+0000] {logging_mixin.py:188} INFO - [2024-03-14T11:09:06.641+0000] {dag.py:3047} INFO - Sync 2 DAGs
[2024-03-14T11:09:06.646+0000] {logging_mixin.py:188} INFO - [2024-03-14T11:09:06.646+0000] {dag.py:3834} INFO - Setting next_dagrun for example_xcom_args to None, run_after=None
[2024-03-14T11:09:06.648+0000] {logging_mixin.py:188} INFO - [2024-03-14T11:09:06.648+0000] {dag.py:3834} INFO - Setting next_dagrun for example_xcom_args_with_operators to None, run_after=None
[2024-03-14T11:09:06.655+0000] {processor.py:183} INFO - Processing /home/airflow/.local/lib/python3.8/site-packages/airflow/example_dags/example_xcomargs.py took 0.032 seconds
[2024-03-14T11:09:36.985+0000] {processor.py:161} INFO - Started process (PID=1557) to work on /home/airflow/.local/lib/python3.8/site-packages/airflow/example_dags/example_xcomargs.py
[2024-03-14T11:09:36.986+0000] {processor.py:830} INFO - Processing file /home/airflow/.local/lib/python3.8/site-packages/airflow/example_dags/example_xcomargs.py for tasks to queue
[2024-03-14T11:09:36.987+0000] {logging_mixin.py:188} INFO - [2024-03-14T11:09:36.986+0000] {dagbag.py:540} INFO - Filling up the DagBag from /home/airflow/.local/lib/python3.8/site-packages/airflow/example_dags/example_xcomargs.py
[2024-03-14T11:09:36.990+0000] {processor.py:840} INFO - DAG(s) 'example_xcom_args', 'example_xcom_args_with_operators' retrieved from /home/airflow/.local/lib/python3.8/site-packages/airflow/example_dags/example_xcomargs.py
[2024-03-14T11:09:37.000+0000] {logging_mixin.py:188} INFO - [2024-03-14T11:09:37.000+0000] {dag.py:3047} INFO - Sync 2 DAGs
[2024-03-14T11:09:37.005+0000] {logging_mixin.py:188} INFO - [2024-03-14T11:09:37.004+0000] {dag.py:3834} INFO - Setting next_dagrun for example_xcom_args to None, run_after=None
[2024-03-14T11:09:37.006+0000] {logging_mixin.py:188} INFO - [2024-03-14T11:09:37.006+0000] {dag.py:3834} INFO - Setting next_dagrun for example_xcom_args_with_operators to None, run_after=None
[2024-03-14T11:09:37.012+0000] {processor.py:183} INFO - Processing /home/airflow/.local/lib/python3.8/site-packages/airflow/example_dags/example_xcomargs.py took 0.029 seconds
[2024-03-14T11:10:07.395+0000] {processor.py:161} INFO - Started process (PID=1611) to work on /home/airflow/.local/lib/python3.8/site-packages/airflow/example_dags/example_xcomargs.py
[2024-03-14T11:10:07.396+0000] {processor.py:830} INFO - Processing file /home/airflow/.local/lib/python3.8/site-packages/airflow/example_dags/example_xcomargs.py for tasks to queue
[2024-03-14T11:10:07.397+0000] {logging_mixin.py:188} INFO - [2024-03-14T11:10:07.397+0000] {dagbag.py:540} INFO - Filling up the DagBag from /home/airflow/.local/lib/python3.8/site-packages/airflow/example_dags/example_xcomargs.py
[2024-03-14T11:10:07.400+0000] {processor.py:840} INFO - DAG(s) 'example_xcom_args_with_operators', 'example_xcom_args' retrieved from /home/airflow/.local/lib/python3.8/site-packages/airflow/example_dags/example_xcomargs.py
[2024-03-14T11:10:07.410+0000] {logging_mixin.py:188} INFO - [2024-03-14T11:10:07.410+0000] {dag.py:3047} INFO - Sync 2 DAGs
[2024-03-14T11:10:07.416+0000] {logging_mixin.py:188} INFO - [2024-03-14T11:10:07.416+0000] {dag.py:3834} INFO - Setting next_dagrun for example_xcom_args to None, run_after=None
[2024-03-14T11:10:07.417+0000] {logging_mixin.py:188} INFO - [2024-03-14T11:10:07.417+0000] {dag.py:3834} INFO - Setting next_dagrun for example_xcom_args_with_operators to None, run_after=None
[2024-03-14T11:10:07.424+0000] {processor.py:183} INFO - Processing /home/airflow/.local/lib/python3.8/site-packages/airflow/example_dags/example_xcomargs.py took 0.030 seconds
[2024-03-14T11:10:37.810+0000] {processor.py:161} INFO - Started process (PID=1666) to work on /home/airflow/.local/lib/python3.8/site-packages/airflow/example_dags/example_xcomargs.py
[2024-03-14T11:10:37.812+0000] {processor.py:830} INFO - Processing file /home/airflow/.local/lib/python3.8/site-packages/airflow/example_dags/example_xcomargs.py for tasks to queue
[2024-03-14T11:10:37.813+0000] {logging_mixin.py:188} INFO - [2024-03-14T11:10:37.812+0000] {dagbag.py:540} INFO - Filling up the DagBag from /home/airflow/.local/lib/python3.8/site-packages/airflow/example_dags/example_xcomargs.py
[2024-03-14T11:10:37.816+0000] {processor.py:840} INFO - DAG(s) 'example_xcom_args_with_operators', 'example_xcom_args' retrieved from /home/airflow/.local/lib/python3.8/site-packages/airflow/example_dags/example_xcomargs.py
[2024-03-14T11:10:37.827+0000] {logging_mixin.py:188} INFO - [2024-03-14T11:10:37.827+0000] {dag.py:3047} INFO - Sync 2 DAGs
[2024-03-14T11:10:37.832+0000] {logging_mixin.py:188} INFO - [2024-03-14T11:10:37.832+0000] {dag.py:3834} INFO - Setting next_dagrun for example_xcom_args to None, run_after=None
[2024-03-14T11:10:37.833+0000] {logging_mixin.py:188} INFO - [2024-03-14T11:10:37.833+0000] {dag.py:3834} INFO - Setting next_dagrun for example_xcom_args_with_operators to None, run_after=None
[2024-03-14T11:10:37.840+0000] {processor.py:183} INFO - Processing /home/airflow/.local/lib/python3.8/site-packages/airflow/example_dags/example_xcomargs.py took 0.031 seconds
[2024-03-14T11:11:08.219+0000] {processor.py:161} INFO - Started process (PID=1721) to work on /home/airflow/.local/lib/python3.8/site-packages/airflow/example_dags/example_xcomargs.py
[2024-03-14T11:11:08.220+0000] {processor.py:830} INFO - Processing file /home/airflow/.local/lib/python3.8/site-packages/airflow/example_dags/example_xcomargs.py for tasks to queue
[2024-03-14T11:11:08.221+0000] {logging_mixin.py:188} INFO - [2024-03-14T11:11:08.221+0000] {dagbag.py:540} INFO - Filling up the DagBag from /home/airflow/.local/lib/python3.8/site-packages/airflow/example_dags/example_xcomargs.py
[2024-03-14T11:11:08.225+0000] {processor.py:840} INFO - DAG(s) 'example_xcom_args_with_operators', 'example_xcom_args' retrieved from /home/airflow/.local/lib/python3.8/site-packages/airflow/example_dags/example_xcomargs.py
[2024-03-14T11:11:08.235+0000] {logging_mixin.py:188} INFO - [2024-03-14T11:11:08.235+0000] {dag.py:3047} INFO - Sync 2 DAGs
[2024-03-14T11:11:08.240+0000] {logging_mixin.py:188} INFO - [2024-03-14T11:11:08.240+0000] {dag.py:3834} INFO - Setting next_dagrun for example_xcom_args to None, run_after=None
[2024-03-14T11:11:08.242+0000] {logging_mixin.py:188} INFO - [2024-03-14T11:11:08.242+0000] {dag.py:3834} INFO - Setting next_dagrun for example_xcom_args_with_operators to None, run_after=None
[2024-03-14T11:11:08.249+0000] {processor.py:183} INFO - Processing /home/airflow/.local/lib/python3.8/site-packages/airflow/example_dags/example_xcomargs.py took 0.031 seconds
[2024-03-14T11:11:38.637+0000] {processor.py:161} INFO - Started process (PID=1775) to work on /home/airflow/.local/lib/python3.8/site-packages/airflow/example_dags/example_xcomargs.py
[2024-03-14T11:11:38.638+0000] {processor.py:830} INFO - Processing file /home/airflow/.local/lib/python3.8/site-packages/airflow/example_dags/example_xcomargs.py for tasks to queue
[2024-03-14T11:11:38.638+0000] {logging_mixin.py:188} INFO - [2024-03-14T11:11:38.638+0000] {dagbag.py:540} INFO - Filling up the DagBag from /home/airflow/.local/lib/python3.8/site-packages/airflow/example_dags/example_xcomargs.py
[2024-03-14T11:11:38.642+0000] {processor.py:840} INFO - DAG(s) 'example_xcom_args', 'example_xcom_args_with_operators' retrieved from /home/airflow/.local/lib/python3.8/site-packages/airflow/example_dags/example_xcomargs.py
[2024-03-14T11:11:38.653+0000] {logging_mixin.py:188} INFO - [2024-03-14T11:11:38.653+0000] {dag.py:3047} INFO - Sync 2 DAGs
[2024-03-14T11:11:38.658+0000] {logging_mixin.py:188} INFO - [2024-03-14T11:11:38.657+0000] {dag.py:3834} INFO - Setting next_dagrun for example_xcom_args to None, run_after=None
[2024-03-14T11:11:38.659+0000] {logging_mixin.py:188} INFO - [2024-03-14T11:11:38.659+0000] {dag.py:3834} INFO - Setting next_dagrun for example_xcom_args_with_operators to None, run_after=None
[2024-03-14T11:11:38.665+0000] {processor.py:183} INFO - Processing /home/airflow/.local/lib/python3.8/site-packages/airflow/example_dags/example_xcomargs.py took 0.030 seconds
[2024-03-14T11:12:09.133+0000] {processor.py:161} INFO - Started process (PID=1830) to work on /home/airflow/.local/lib/python3.8/site-packages/airflow/example_dags/example_xcomargs.py
[2024-03-14T11:12:09.135+0000] {processor.py:830} INFO - Processing file /home/airflow/.local/lib/python3.8/site-packages/airflow/example_dags/example_xcomargs.py for tasks to queue
[2024-03-14T11:12:09.136+0000] {logging_mixin.py:188} INFO - [2024-03-14T11:12:09.136+0000] {dagbag.py:540} INFO - Filling up the DagBag from /home/airflow/.local/lib/python3.8/site-packages/airflow/example_dags/example_xcomargs.py
[2024-03-14T11:12:09.139+0000] {processor.py:840} INFO - DAG(s) 'example_xcom_args_with_operators', 'example_xcom_args' retrieved from /home/airflow/.local/lib/python3.8/site-packages/airflow/example_dags/example_xcomargs.py
[2024-03-14T11:12:09.149+0000] {logging_mixin.py:188} INFO - [2024-03-14T11:12:09.149+0000] {dag.py:3047} INFO - Sync 2 DAGs
[2024-03-14T11:12:09.154+0000] {logging_mixin.py:188} INFO - [2024-03-14T11:12:09.154+0000] {dag.py:3834} INFO - Setting next_dagrun for example_xcom_args to None, run_after=None
[2024-03-14T11:12:09.156+0000] {logging_mixin.py:188} INFO - [2024-03-14T11:12:09.156+0000] {dag.py:3834} INFO - Setting next_dagrun for example_xcom_args_with_operators to None, run_after=None
[2024-03-14T11:12:09.162+0000] {processor.py:183} INFO - Processing /home/airflow/.local/lib/python3.8/site-packages/airflow/example_dags/example_xcomargs.py took 0.030 seconds
[2024-03-14T11:12:39.519+0000] {processor.py:161} INFO - Started process (PID=1885) to work on /home/airflow/.local/lib/python3.8/site-packages/airflow/example_dags/example_xcomargs.py
[2024-03-14T11:12:39.520+0000] {processor.py:830} INFO - Processing file /home/airflow/.local/lib/python3.8/site-packages/airflow/example_dags/example_xcomargs.py for tasks to queue
[2024-03-14T11:12:39.521+0000] {logging_mixin.py:188} INFO - [2024-03-14T11:12:39.520+0000] {dagbag.py:540} INFO - Filling up the DagBag from /home/airflow/.local/lib/python3.8/site-packages/airflow/example_dags/example_xcomargs.py
[2024-03-14T11:12:39.524+0000] {processor.py:840} INFO - DAG(s) 'example_xcom_args_with_operators', 'example_xcom_args' retrieved from /home/airflow/.local/lib/python3.8/site-packages/airflow/example_dags/example_xcomargs.py
[2024-03-14T11:12:39.534+0000] {logging_mixin.py:188} INFO - [2024-03-14T11:12:39.534+0000] {dag.py:3047} INFO - Sync 2 DAGs
[2024-03-14T11:12:39.539+0000] {logging_mixin.py:188} INFO - [2024-03-14T11:12:39.539+0000] {dag.py:3834} INFO - Setting next_dagrun for example_xcom_args to None, run_after=None
[2024-03-14T11:12:39.541+0000] {logging_mixin.py:188} INFO - [2024-03-14T11:12:39.541+0000] {dag.py:3834} INFO - Setting next_dagrun for example_xcom_args_with_operators to None, run_after=None
[2024-03-14T11:12:39.547+0000] {processor.py:183} INFO - Processing /home/airflow/.local/lib/python3.8/site-packages/airflow/example_dags/example_xcomargs.py took 0.029 seconds
[2024-03-14T11:13:09.877+0000] {processor.py:161} INFO - Started process (PID=1939) to work on /home/airflow/.local/lib/python3.8/site-packages/airflow/example_dags/example_xcomargs.py
[2024-03-14T11:13:09.878+0000] {processor.py:830} INFO - Processing file /home/airflow/.local/lib/python3.8/site-packages/airflow/example_dags/example_xcomargs.py for tasks to queue
[2024-03-14T11:13:09.879+0000] {logging_mixin.py:188} INFO - [2024-03-14T11:13:09.879+0000] {dagbag.py:540} INFO - Filling up the DagBag from /home/airflow/.local/lib/python3.8/site-packages/airflow/example_dags/example_xcomargs.py
[2024-03-14T11:13:09.882+0000] {processor.py:840} INFO - DAG(s) 'example_xcom_args', 'example_xcom_args_with_operators' retrieved from /home/airflow/.local/lib/python3.8/site-packages/airflow/example_dags/example_xcomargs.py
[2024-03-14T11:13:09.893+0000] {logging_mixin.py:188} INFO - [2024-03-14T11:13:09.893+0000] {dag.py:3047} INFO - Sync 2 DAGs
[2024-03-14T11:13:09.900+0000] {logging_mixin.py:188} INFO - [2024-03-14T11:13:09.900+0000] {dag.py:3834} INFO - Setting next_dagrun for example_xcom_args to None, run_after=None
[2024-03-14T11:13:09.902+0000] {logging_mixin.py:188} INFO - [2024-03-14T11:13:09.902+0000] {dag.py:3834} INFO - Setting next_dagrun for example_xcom_args_with_operators to None, run_after=None
[2024-03-14T11:13:09.908+0000] {processor.py:183} INFO - Processing /home/airflow/.local/lib/python3.8/site-packages/airflow/example_dags/example_xcomargs.py took 0.033 seconds
[2024-03-14T11:13:40.233+0000] {processor.py:161} INFO - Started process (PID=1994) to work on /home/airflow/.local/lib/python3.8/site-packages/airflow/example_dags/example_xcomargs.py
[2024-03-14T11:13:40.234+0000] {processor.py:830} INFO - Processing file /home/airflow/.local/lib/python3.8/site-packages/airflow/example_dags/example_xcomargs.py for tasks to queue
[2024-03-14T11:13:40.235+0000] {logging_mixin.py:188} INFO - [2024-03-14T11:13:40.235+0000] {dagbag.py:540} INFO - Filling up the DagBag from /home/airflow/.local/lib/python3.8/site-packages/airflow/example_dags/example_xcomargs.py
[2024-03-14T11:13:40.238+0000] {processor.py:840} INFO - DAG(s) 'example_xcom_args_with_operators', 'example_xcom_args' retrieved from /home/airflow/.local/lib/python3.8/site-packages/airflow/example_dags/example_xcomargs.py
[2024-03-14T11:13:40.249+0000] {logging_mixin.py:188} INFO - [2024-03-14T11:13:40.249+0000] {dag.py:3047} INFO - Sync 2 DAGs
[2024-03-14T11:13:40.254+0000] {logging_mixin.py:188} INFO - [2024-03-14T11:13:40.254+0000] {dag.py:3834} INFO - Setting next_dagrun for example_xcom_args to None, run_after=None
[2024-03-14T11:13:40.255+0000] {logging_mixin.py:188} INFO - [2024-03-14T11:13:40.255+0000] {dag.py:3834} INFO - Setting next_dagrun for example_xcom_args_with_operators to None, run_after=None
[2024-03-14T11:13:40.261+0000] {processor.py:183} INFO - Processing /home/airflow/.local/lib/python3.8/site-packages/airflow/example_dags/example_xcomargs.py took 0.030 seconds
[2024-03-14T11:14:10.565+0000] {processor.py:161} INFO - Started process (PID=2049) to work on /home/airflow/.local/lib/python3.8/site-packages/airflow/example_dags/example_xcomargs.py
[2024-03-14T11:14:10.566+0000] {processor.py:830} INFO - Processing file /home/airflow/.local/lib/python3.8/site-packages/airflow/example_dags/example_xcomargs.py for tasks to queue
[2024-03-14T11:14:10.566+0000] {logging_mixin.py:188} INFO - [2024-03-14T11:14:10.566+0000] {dagbag.py:540} INFO - Filling up the DagBag from /home/airflow/.local/lib/python3.8/site-packages/airflow/example_dags/example_xcomargs.py
[2024-03-14T11:14:10.570+0000] {processor.py:840} INFO - DAG(s) 'example_xcom_args_with_operators', 'example_xcom_args' retrieved from /home/airflow/.local/lib/python3.8/site-packages/airflow/example_dags/example_xcomargs.py
[2024-03-14T11:14:10.581+0000] {logging_mixin.py:188} INFO - [2024-03-14T11:14:10.581+0000] {dag.py:3047} INFO - Sync 2 DAGs
[2024-03-14T11:14:10.586+0000] {logging_mixin.py:188} INFO - [2024-03-14T11:14:10.586+0000] {dag.py:3834} INFO - Setting next_dagrun for example_xcom_args to None, run_after=None
[2024-03-14T11:14:10.588+0000] {logging_mixin.py:188} INFO - [2024-03-14T11:14:10.588+0000] {dag.py:3834} INFO - Setting next_dagrun for example_xcom_args_with_operators to None, run_after=None
[2024-03-14T11:14:10.594+0000] {processor.py:183} INFO - Processing /home/airflow/.local/lib/python3.8/site-packages/airflow/example_dags/example_xcomargs.py took 0.031 seconds
[2024-03-14T11:14:40.981+0000] {processor.py:161} INFO - Started process (PID=2104) to work on /home/airflow/.local/lib/python3.8/site-packages/airflow/example_dags/example_xcomargs.py
[2024-03-14T11:14:40.982+0000] {processor.py:830} INFO - Processing file /home/airflow/.local/lib/python3.8/site-packages/airflow/example_dags/example_xcomargs.py for tasks to queue
[2024-03-14T11:14:40.982+0000] {logging_mixin.py:188} INFO - [2024-03-14T11:14:40.982+0000] {dagbag.py:540} INFO - Filling up the DagBag from /home/airflow/.local/lib/python3.8/site-packages/airflow/example_dags/example_xcomargs.py
[2024-03-14T11:14:40.986+0000] {processor.py:840} INFO - DAG(s) 'example_xcom_args', 'example_xcom_args_with_operators' retrieved from /home/airflow/.local/lib/python3.8/site-packages/airflow/example_dags/example_xcomargs.py
[2024-03-14T11:14:40.997+0000] {logging_mixin.py:188} INFO - [2024-03-14T11:14:40.997+0000] {dag.py:3047} INFO - Sync 2 DAGs
[2024-03-14T11:14:41.001+0000] {logging_mixin.py:188} INFO - [2024-03-14T11:14:41.001+0000] {dag.py:3834} INFO - Setting next_dagrun for example_xcom_args to None, run_after=None
[2024-03-14T11:14:41.003+0000] {logging_mixin.py:188} INFO - [2024-03-14T11:14:41.003+0000] {dag.py:3834} INFO - Setting next_dagrun for example_xcom_args_with_operators to None, run_after=None
[2024-03-14T11:14:41.009+0000] {processor.py:183} INFO - Processing /home/airflow/.local/lib/python3.8/site-packages/airflow/example_dags/example_xcomargs.py took 0.030 seconds
[2024-03-14T11:15:11.338+0000] {processor.py:161} INFO - Started process (PID=2159) to work on /home/airflow/.local/lib/python3.8/site-packages/airflow/example_dags/example_xcomargs.py
[2024-03-14T11:15:11.339+0000] {processor.py:830} INFO - Processing file /home/airflow/.local/lib/python3.8/site-packages/airflow/example_dags/example_xcomargs.py for tasks to queue
[2024-03-14T11:15:11.340+0000] {logging_mixin.py:188} INFO - [2024-03-14T11:15:11.340+0000] {dagbag.py:540} INFO - Filling up the DagBag from /home/airflow/.local/lib/python3.8/site-packages/airflow/example_dags/example_xcomargs.py
[2024-03-14T11:15:11.343+0000] {processor.py:840} INFO - DAG(s) 'example_xcom_args_with_operators', 'example_xcom_args' retrieved from /home/airflow/.local/lib/python3.8/site-packages/airflow/example_dags/example_xcomargs.py
[2024-03-14T11:15:11.353+0000] {logging_mixin.py:188} INFO - [2024-03-14T11:15:11.353+0000] {dag.py:3047} INFO - Sync 2 DAGs
[2024-03-14T11:15:11.359+0000] {logging_mixin.py:188} INFO - [2024-03-14T11:15:11.359+0000] {dag.py:3834} INFO - Setting next_dagrun for example_xcom_args to None, run_after=None
[2024-03-14T11:15:11.360+0000] {logging_mixin.py:188} INFO - [2024-03-14T11:15:11.360+0000] {dag.py:3834} INFO - Setting next_dagrun for example_xcom_args_with_operators to None, run_after=None
[2024-03-14T11:15:11.366+0000] {processor.py:183} INFO - Processing /home/airflow/.local/lib/python3.8/site-packages/airflow/example_dags/example_xcomargs.py took 0.030 seconds
[2024-03-14T11:15:41.744+0000] {processor.py:161} INFO - Started process (PID=2214) to work on /home/airflow/.local/lib/python3.8/site-packages/airflow/example_dags/example_xcomargs.py
[2024-03-14T11:15:41.744+0000] {processor.py:830} INFO - Processing file /home/airflow/.local/lib/python3.8/site-packages/airflow/example_dags/example_xcomargs.py for tasks to queue
[2024-03-14T11:15:41.745+0000] {logging_mixin.py:188} INFO - [2024-03-14T11:15:41.745+0000] {dagbag.py:540} INFO - Filling up the DagBag from /home/airflow/.local/lib/python3.8/site-packages/airflow/example_dags/example_xcomargs.py
[2024-03-14T11:15:41.749+0000] {processor.py:840} INFO - DAG(s) 'example_xcom_args', 'example_xcom_args_with_operators' retrieved from /home/airflow/.local/lib/python3.8/site-packages/airflow/example_dags/example_xcomargs.py
[2024-03-14T11:15:41.760+0000] {logging_mixin.py:188} INFO - [2024-03-14T11:15:41.760+0000] {dag.py:3047} INFO - Sync 2 DAGs
[2024-03-14T11:15:41.766+0000] {logging_mixin.py:188} INFO - [2024-03-14T11:15:41.765+0000] {dag.py:3834} INFO - Setting next_dagrun for example_xcom_args to None, run_after=None
[2024-03-14T11:15:41.768+0000] {logging_mixin.py:188} INFO - [2024-03-14T11:15:41.768+0000] {dag.py:3834} INFO - Setting next_dagrun for example_xcom_args_with_operators to None, run_after=None
[2024-03-14T11:15:41.777+0000] {processor.py:183} INFO - Processing /home/airflow/.local/lib/python3.8/site-packages/airflow/example_dags/example_xcomargs.py took 0.034 seconds
[2024-03-14T11:16:12.200+0000] {processor.py:161} INFO - Started process (PID=2268) to work on /home/airflow/.local/lib/python3.8/site-packages/airflow/example_dags/example_xcomargs.py
[2024-03-14T11:16:12.201+0000] {processor.py:830} INFO - Processing file /home/airflow/.local/lib/python3.8/site-packages/airflow/example_dags/example_xcomargs.py for tasks to queue
[2024-03-14T11:16:12.202+0000] {logging_mixin.py:188} INFO - [2024-03-14T11:16:12.202+0000] {dagbag.py:540} INFO - Filling up the DagBag from /home/airflow/.local/lib/python3.8/site-packages/airflow/example_dags/example_xcomargs.py
[2024-03-14T11:16:12.205+0000] {processor.py:840} INFO - DAG(s) 'example_xcom_args_with_operators', 'example_xcom_args' retrieved from /home/airflow/.local/lib/python3.8/site-packages/airflow/example_dags/example_xcomargs.py
[2024-03-14T11:16:12.215+0000] {logging_mixin.py:188} INFO - [2024-03-14T11:16:12.215+0000] {dag.py:3047} INFO - Sync 2 DAGs
[2024-03-14T11:16:12.220+0000] {logging_mixin.py:188} INFO - [2024-03-14T11:16:12.219+0000] {dag.py:3834} INFO - Setting next_dagrun for example_xcom_args to None, run_after=None
[2024-03-14T11:16:12.221+0000] {logging_mixin.py:188} INFO - [2024-03-14T11:16:12.221+0000] {dag.py:3834} INFO - Setting next_dagrun for example_xcom_args_with_operators to None, run_after=None
[2024-03-14T11:16:12.227+0000] {processor.py:183} INFO - Processing /home/airflow/.local/lib/python3.8/site-packages/airflow/example_dags/example_xcomargs.py took 0.029 seconds
[2024-03-14T11:16:42.600+0000] {processor.py:161} INFO - Started process (PID=2323) to work on /home/airflow/.local/lib/python3.8/site-packages/airflow/example_dags/example_xcomargs.py
[2024-03-14T11:16:42.601+0000] {processor.py:830} INFO - Processing file /home/airflow/.local/lib/python3.8/site-packages/airflow/example_dags/example_xcomargs.py for tasks to queue
[2024-03-14T11:16:42.601+0000] {logging_mixin.py:188} INFO - [2024-03-14T11:16:42.601+0000] {dagbag.py:540} INFO - Filling up the DagBag from /home/airflow/.local/lib/python3.8/site-packages/airflow/example_dags/example_xcomargs.py
[2024-03-14T11:16:42.605+0000] {processor.py:840} INFO - DAG(s) 'example_xcom_args', 'example_xcom_args_with_operators' retrieved from /home/airflow/.local/lib/python3.8/site-packages/airflow/example_dags/example_xcomargs.py
[2024-03-14T11:16:42.615+0000] {logging_mixin.py:188} INFO - [2024-03-14T11:16:42.615+0000] {dag.py:3047} INFO - Sync 2 DAGs
[2024-03-14T11:16:42.621+0000] {logging_mixin.py:188} INFO - [2024-03-14T11:16:42.620+0000] {dag.py:3834} INFO - Setting next_dagrun for example_xcom_args to None, run_after=None
[2024-03-14T11:16:42.622+0000] {logging_mixin.py:188} INFO - [2024-03-14T11:16:42.622+0000] {dag.py:3834} INFO - Setting next_dagrun for example_xcom_args_with_operators to None, run_after=None
[2024-03-14T11:16:42.628+0000] {processor.py:183} INFO - Processing /home/airflow/.local/lib/python3.8/site-packages/airflow/example_dags/example_xcomargs.py took 0.030 seconds
[2024-03-14T11:17:13.189+0000] {processor.py:161} INFO - Started process (PID=2378) to work on /home/airflow/.local/lib/python3.8/site-packages/airflow/example_dags/example_xcomargs.py
[2024-03-14T11:17:13.189+0000] {processor.py:830} INFO - Processing file /home/airflow/.local/lib/python3.8/site-packages/airflow/example_dags/example_xcomargs.py for tasks to queue
[2024-03-14T11:17:13.190+0000] {logging_mixin.py:188} INFO - [2024-03-14T11:17:13.190+0000] {dagbag.py:540} INFO - Filling up the DagBag from /home/airflow/.local/lib/python3.8/site-packages/airflow/example_dags/example_xcomargs.py
[2024-03-14T11:17:13.194+0000] {processor.py:840} INFO - DAG(s) 'example_xcom_args_with_operators', 'example_xcom_args' retrieved from /home/airflow/.local/lib/python3.8/site-packages/airflow/example_dags/example_xcomargs.py
[2024-03-14T11:17:13.205+0000] {logging_mixin.py:188} INFO - [2024-03-14T11:17:13.204+0000] {dag.py:3047} INFO - Sync 2 DAGs
[2024-03-14T11:17:13.210+0000] {logging_mixin.py:188} INFO - [2024-03-14T11:17:13.210+0000] {dag.py:3834} INFO - Setting next_dagrun for example_xcom_args to None, run_after=None
[2024-03-14T11:17:13.211+0000] {logging_mixin.py:188} INFO - [2024-03-14T11:17:13.211+0000] {dag.py:3834} INFO - Setting next_dagrun for example_xcom_args_with_operators to None, run_after=None
[2024-03-14T11:17:13.218+0000] {processor.py:183} INFO - Processing /home/airflow/.local/lib/python3.8/site-packages/airflow/example_dags/example_xcomargs.py took 0.031 seconds
[2024-03-14T11:17:43.576+0000] {processor.py:161} INFO - Started process (PID=2433) to work on /home/airflow/.local/lib/python3.8/site-packages/airflow/example_dags/example_xcomargs.py
[2024-03-14T11:17:43.577+0000] {processor.py:830} INFO - Processing file /home/airflow/.local/lib/python3.8/site-packages/airflow/example_dags/example_xcomargs.py for tasks to queue
[2024-03-14T11:17:43.578+0000] {logging_mixin.py:188} INFO - [2024-03-14T11:17:43.577+0000] {dagbag.py:540} INFO - Filling up the DagBag from /home/airflow/.local/lib/python3.8/site-packages/airflow/example_dags/example_xcomargs.py
[2024-03-14T11:17:43.581+0000] {processor.py:840} INFO - DAG(s) 'example_xcom_args_with_operators', 'example_xcom_args' retrieved from /home/airflow/.local/lib/python3.8/site-packages/airflow/example_dags/example_xcomargs.py
[2024-03-14T11:17:43.591+0000] {logging_mixin.py:188} INFO - [2024-03-14T11:17:43.591+0000] {dag.py:3047} INFO - Sync 2 DAGs
[2024-03-14T11:17:43.596+0000] {logging_mixin.py:188} INFO - [2024-03-14T11:17:43.596+0000] {dag.py:3834} INFO - Setting next_dagrun for example_xcom_args to None, run_after=None
[2024-03-14T11:17:43.598+0000] {logging_mixin.py:188} INFO - [2024-03-14T11:17:43.598+0000] {dag.py:3834} INFO - Setting next_dagrun for example_xcom_args_with_operators to None, run_after=None
[2024-03-14T11:17:43.604+0000] {processor.py:183} INFO - Processing /home/airflow/.local/lib/python3.8/site-packages/airflow/example_dags/example_xcomargs.py took 0.030 seconds
[2024-03-14T11:18:14.028+0000] {processor.py:161} INFO - Started process (PID=2487) to work on /home/airflow/.local/lib/python3.8/site-packages/airflow/example_dags/example_xcomargs.py
[2024-03-14T11:18:14.028+0000] {processor.py:830} INFO - Processing file /home/airflow/.local/lib/python3.8/site-packages/airflow/example_dags/example_xcomargs.py for tasks to queue
[2024-03-14T11:18:14.029+0000] {logging_mixin.py:188} INFO - [2024-03-14T11:18:14.029+0000] {dagbag.py:540} INFO - Filling up the DagBag from /home/airflow/.local/lib/python3.8/site-packages/airflow/example_dags/example_xcomargs.py
[2024-03-14T11:18:14.032+0000] {processor.py:840} INFO - DAG(s) 'example_xcom_args_with_operators', 'example_xcom_args' retrieved from /home/airflow/.local/lib/python3.8/site-packages/airflow/example_dags/example_xcomargs.py
[2024-03-14T11:18:14.043+0000] {logging_mixin.py:188} INFO - [2024-03-14T11:18:14.043+0000] {dag.py:3047} INFO - Sync 2 DAGs
[2024-03-14T11:18:14.048+0000] {logging_mixin.py:188} INFO - [2024-03-14T11:18:14.048+0000] {dag.py:3834} INFO - Setting next_dagrun for example_xcom_args to None, run_after=None
[2024-03-14T11:18:14.050+0000] {logging_mixin.py:188} INFO - [2024-03-14T11:18:14.050+0000] {dag.py:3834} INFO - Setting next_dagrun for example_xcom_args_with_operators to None, run_after=None
[2024-03-14T11:18:14.057+0000] {processor.py:183} INFO - Processing /home/airflow/.local/lib/python3.8/site-packages/airflow/example_dags/example_xcomargs.py took 0.030 seconds
[2024-03-14T11:18:44.448+0000] {processor.py:161} INFO - Started process (PID=2542) to work on /home/airflow/.local/lib/python3.8/site-packages/airflow/example_dags/example_xcomargs.py
[2024-03-14T11:18:44.449+0000] {processor.py:830} INFO - Processing file /home/airflow/.local/lib/python3.8/site-packages/airflow/example_dags/example_xcomargs.py for tasks to queue
[2024-03-14T11:18:44.450+0000] {logging_mixin.py:188} INFO - [2024-03-14T11:18:44.449+0000] {dagbag.py:540} INFO - Filling up the DagBag from /home/airflow/.local/lib/python3.8/site-packages/airflow/example_dags/example_xcomargs.py
[2024-03-14T11:18:44.453+0000] {processor.py:840} INFO - DAG(s) 'example_xcom_args_with_operators', 'example_xcom_args' retrieved from /home/airflow/.local/lib/python3.8/site-packages/airflow/example_dags/example_xcomargs.py
[2024-03-14T11:18:44.463+0000] {logging_mixin.py:188} INFO - [2024-03-14T11:18:44.463+0000] {dag.py:3047} INFO - Sync 2 DAGs
[2024-03-14T11:18:44.468+0000] {logging_mixin.py:188} INFO - [2024-03-14T11:18:44.468+0000] {dag.py:3834} INFO - Setting next_dagrun for example_xcom_args to None, run_after=None
[2024-03-14T11:18:44.470+0000] {logging_mixin.py:188} INFO - [2024-03-14T11:18:44.470+0000] {dag.py:3834} INFO - Setting next_dagrun for example_xcom_args_with_operators to None, run_after=None
[2024-03-14T11:18:44.476+0000] {processor.py:183} INFO - Processing /home/airflow/.local/lib/python3.8/site-packages/airflow/example_dags/example_xcomargs.py took 0.029 seconds
[2024-03-14T11:19:14.861+0000] {processor.py:161} INFO - Started process (PID=2597) to work on /home/airflow/.local/lib/python3.8/site-packages/airflow/example_dags/example_xcomargs.py
[2024-03-14T11:19:14.861+0000] {processor.py:830} INFO - Processing file /home/airflow/.local/lib/python3.8/site-packages/airflow/example_dags/example_xcomargs.py for tasks to queue
[2024-03-14T11:19:14.862+0000] {logging_mixin.py:188} INFO - [2024-03-14T11:19:14.862+0000] {dagbag.py:540} INFO - Filling up the DagBag from /home/airflow/.local/lib/python3.8/site-packages/airflow/example_dags/example_xcomargs.py
[2024-03-14T11:19:14.866+0000] {processor.py:840} INFO - DAG(s) 'example_xcom_args', 'example_xcom_args_with_operators' retrieved from /home/airflow/.local/lib/python3.8/site-packages/airflow/example_dags/example_xcomargs.py
[2024-03-14T11:19:14.876+0000] {logging_mixin.py:188} INFO - [2024-03-14T11:19:14.876+0000] {dag.py:3047} INFO - Sync 2 DAGs
[2024-03-14T11:19:14.881+0000] {logging_mixin.py:188} INFO - [2024-03-14T11:19:14.881+0000] {dag.py:3834} INFO - Setting next_dagrun for example_xcom_args to None, run_after=None
[2024-03-14T11:19:14.883+0000] {logging_mixin.py:188} INFO - [2024-03-14T11:19:14.883+0000] {dag.py:3834} INFO - Setting next_dagrun for example_xcom_args_with_operators to None, run_after=None
[2024-03-14T11:19:14.889+0000] {processor.py:183} INFO - Processing /home/airflow/.local/lib/python3.8/site-packages/airflow/example_dags/example_xcomargs.py took 0.030 seconds
[2024-03-14T11:19:45.245+0000] {processor.py:161} INFO - Started process (PID=2652) to work on /home/airflow/.local/lib/python3.8/site-packages/airflow/example_dags/example_xcomargs.py
[2024-03-14T11:19:45.246+0000] {processor.py:830} INFO - Processing file /home/airflow/.local/lib/python3.8/site-packages/airflow/example_dags/example_xcomargs.py for tasks to queue
[2024-03-14T11:19:45.247+0000] {logging_mixin.py:188} INFO - [2024-03-14T11:19:45.247+0000] {dagbag.py:540} INFO - Filling up the DagBag from /home/airflow/.local/lib/python3.8/site-packages/airflow/example_dags/example_xcomargs.py
[2024-03-14T11:19:45.250+0000] {processor.py:840} INFO - DAG(s) 'example_xcom_args_with_operators', 'example_xcom_args' retrieved from /home/airflow/.local/lib/python3.8/site-packages/airflow/example_dags/example_xcomargs.py
[2024-03-14T11:19:45.260+0000] {logging_mixin.py:188} INFO - [2024-03-14T11:19:45.260+0000] {dag.py:3047} INFO - Sync 2 DAGs
[2024-03-14T11:19:45.265+0000] {logging_mixin.py:188} INFO - [2024-03-14T11:19:45.265+0000] {dag.py:3834} INFO - Setting next_dagrun for example_xcom_args to None, run_after=None
[2024-03-14T11:19:45.267+0000] {logging_mixin.py:188} INFO - [2024-03-14T11:19:45.267+0000] {dag.py:3834} INFO - Setting next_dagrun for example_xcom_args_with_operators to None, run_after=None
[2024-03-14T11:19:45.273+0000] {processor.py:183} INFO - Processing /home/airflow/.local/lib/python3.8/site-packages/airflow/example_dags/example_xcomargs.py took 0.030 seconds
[2024-03-14T11:20:15.665+0000] {processor.py:161} INFO - Started process (PID=2707) to work on /home/airflow/.local/lib/python3.8/site-packages/airflow/example_dags/example_xcomargs.py
[2024-03-14T11:20:15.665+0000] {processor.py:830} INFO - Processing file /home/airflow/.local/lib/python3.8/site-packages/airflow/example_dags/example_xcomargs.py for tasks to queue
[2024-03-14T11:20:15.666+0000] {logging_mixin.py:188} INFO - [2024-03-14T11:20:15.666+0000] {dagbag.py:540} INFO - Filling up the DagBag from /home/airflow/.local/lib/python3.8/site-packages/airflow/example_dags/example_xcomargs.py
[2024-03-14T11:20:15.669+0000] {processor.py:840} INFO - DAG(s) 'example_xcom_args_with_operators', 'example_xcom_args' retrieved from /home/airflow/.local/lib/python3.8/site-packages/airflow/example_dags/example_xcomargs.py
[2024-03-14T11:20:15.680+0000] {logging_mixin.py:188} INFO - [2024-03-14T11:20:15.679+0000] {dag.py:3047} INFO - Sync 2 DAGs
[2024-03-14T11:20:15.685+0000] {logging_mixin.py:188} INFO - [2024-03-14T11:20:15.685+0000] {dag.py:3834} INFO - Setting next_dagrun for example_xcom_args to None, run_after=None
[2024-03-14T11:20:15.687+0000] {logging_mixin.py:188} INFO - [2024-03-14T11:20:15.687+0000] {dag.py:3834} INFO - Setting next_dagrun for example_xcom_args_with_operators to None, run_after=None
[2024-03-14T11:20:15.693+0000] {processor.py:183} INFO - Processing /home/airflow/.local/lib/python3.8/site-packages/airflow/example_dags/example_xcomargs.py took 0.030 seconds
[2024-03-14T11:20:46.140+0000] {processor.py:161} INFO - Started process (PID=2762) to work on /home/airflow/.local/lib/python3.8/site-packages/airflow/example_dags/example_xcomargs.py
[2024-03-14T11:20:46.141+0000] {processor.py:830} INFO - Processing file /home/airflow/.local/lib/python3.8/site-packages/airflow/example_dags/example_xcomargs.py for tasks to queue
[2024-03-14T11:20:46.142+0000] {logging_mixin.py:188} INFO - [2024-03-14T11:20:46.142+0000] {dagbag.py:540} INFO - Filling up the DagBag from /home/airflow/.local/lib/python3.8/site-packages/airflow/example_dags/example_xcomargs.py
[2024-03-14T11:20:46.146+0000] {processor.py:840} INFO - DAG(s) 'example_xcom_args_with_operators', 'example_xcom_args' retrieved from /home/airflow/.local/lib/python3.8/site-packages/airflow/example_dags/example_xcomargs.py
[2024-03-14T11:20:46.156+0000] {logging_mixin.py:188} INFO - [2024-03-14T11:20:46.156+0000] {dag.py:3047} INFO - Sync 2 DAGs
[2024-03-14T11:20:46.161+0000] {logging_mixin.py:188} INFO - [2024-03-14T11:20:46.161+0000] {dag.py:3834} INFO - Setting next_dagrun for example_xcom_args to None, run_after=None
[2024-03-14T11:20:46.163+0000] {logging_mixin.py:188} INFO - [2024-03-14T11:20:46.163+0000] {dag.py:3834} INFO - Setting next_dagrun for example_xcom_args_with_operators to None, run_after=None
[2024-03-14T11:20:46.169+0000] {processor.py:183} INFO - Processing /home/airflow/.local/lib/python3.8/site-packages/airflow/example_dags/example_xcomargs.py took 0.030 seconds
[2024-03-14T11:21:16.671+0000] {processor.py:161} INFO - Started process (PID=2817) to work on /home/airflow/.local/lib/python3.8/site-packages/airflow/example_dags/example_xcomargs.py
[2024-03-14T11:21:16.671+0000] {processor.py:830} INFO - Processing file /home/airflow/.local/lib/python3.8/site-packages/airflow/example_dags/example_xcomargs.py for tasks to queue
[2024-03-14T11:21:16.672+0000] {logging_mixin.py:188} INFO - [2024-03-14T11:21:16.672+0000] {dagbag.py:540} INFO - Filling up the DagBag from /home/airflow/.local/lib/python3.8/site-packages/airflow/example_dags/example_xcomargs.py
[2024-03-14T11:21:16.676+0000] {processor.py:840} INFO - DAG(s) 'example_xcom_args_with_operators', 'example_xcom_args' retrieved from /home/airflow/.local/lib/python3.8/site-packages/airflow/example_dags/example_xcomargs.py
[2024-03-14T11:21:16.686+0000] {logging_mixin.py:188} INFO - [2024-03-14T11:21:16.686+0000] {dag.py:3047} INFO - Sync 2 DAGs
[2024-03-14T11:21:16.692+0000] {logging_mixin.py:188} INFO - [2024-03-14T11:21:16.692+0000] {dag.py:3834} INFO - Setting next_dagrun for example_xcom_args to None, run_after=None
[2024-03-14T11:21:16.693+0000] {logging_mixin.py:188} INFO - [2024-03-14T11:21:16.693+0000] {dag.py:3834} INFO - Setting next_dagrun for example_xcom_args_with_operators to None, run_after=None
[2024-03-14T11:21:16.700+0000] {processor.py:183} INFO - Processing /home/airflow/.local/lib/python3.8/site-packages/airflow/example_dags/example_xcomargs.py took 0.031 seconds
[2024-03-14T11:21:47.142+0000] {processor.py:161} INFO - Started process (PID=2872) to work on /home/airflow/.local/lib/python3.8/site-packages/airflow/example_dags/example_xcomargs.py
[2024-03-14T11:21:47.142+0000] {processor.py:830} INFO - Processing file /home/airflow/.local/lib/python3.8/site-packages/airflow/example_dags/example_xcomargs.py for tasks to queue
[2024-03-14T11:21:47.143+0000] {logging_mixin.py:188} INFO - [2024-03-14T11:21:47.143+0000] {dagbag.py:540} INFO - Filling up the DagBag from /home/airflow/.local/lib/python3.8/site-packages/airflow/example_dags/example_xcomargs.py
[2024-03-14T11:21:47.147+0000] {processor.py:840} INFO - DAG(s) 'example_xcom_args_with_operators', 'example_xcom_args' retrieved from /home/airflow/.local/lib/python3.8/site-packages/airflow/example_dags/example_xcomargs.py
[2024-03-14T11:21:47.158+0000] {logging_mixin.py:188} INFO - [2024-03-14T11:21:47.158+0000] {dag.py:3047} INFO - Sync 2 DAGs
[2024-03-14T11:21:47.164+0000] {logging_mixin.py:188} INFO - [2024-03-14T11:21:47.164+0000] {dag.py:3834} INFO - Setting next_dagrun for example_xcom_args to None, run_after=None
[2024-03-14T11:21:47.165+0000] {logging_mixin.py:188} INFO - [2024-03-14T11:21:47.165+0000] {dag.py:3834} INFO - Setting next_dagrun for example_xcom_args_with_operators to None, run_after=None
[2024-03-14T11:21:47.172+0000] {processor.py:183} INFO - Processing /home/airflow/.local/lib/python3.8/site-packages/airflow/example_dags/example_xcomargs.py took 0.032 seconds
[2024-03-14T11:22:17.638+0000] {processor.py:161} INFO - Started process (PID=2927) to work on /home/airflow/.local/lib/python3.8/site-packages/airflow/example_dags/example_xcomargs.py
[2024-03-14T11:22:17.639+0000] {processor.py:830} INFO - Processing file /home/airflow/.local/lib/python3.8/site-packages/airflow/example_dags/example_xcomargs.py for tasks to queue
[2024-03-14T11:22:17.639+0000] {logging_mixin.py:188} INFO - [2024-03-14T11:22:17.639+0000] {dagbag.py:540} INFO - Filling up the DagBag from /home/airflow/.local/lib/python3.8/site-packages/airflow/example_dags/example_xcomargs.py
[2024-03-14T11:22:17.643+0000] {processor.py:840} INFO - DAG(s) 'example_xcom_args', 'example_xcom_args_with_operators' retrieved from /home/airflow/.local/lib/python3.8/site-packages/airflow/example_dags/example_xcomargs.py
[2024-03-14T11:22:17.655+0000] {logging_mixin.py:188} INFO - [2024-03-14T11:22:17.655+0000] {dag.py:3047} INFO - Sync 2 DAGs
[2024-03-14T11:22:17.660+0000] {logging_mixin.py:188} INFO - [2024-03-14T11:22:17.660+0000] {dag.py:3834} INFO - Setting next_dagrun for example_xcom_args to None, run_after=None
[2024-03-14T11:22:17.661+0000] {logging_mixin.py:188} INFO - [2024-03-14T11:22:17.661+0000] {dag.py:3834} INFO - Setting next_dagrun for example_xcom_args_with_operators to None, run_after=None
[2024-03-14T11:22:17.668+0000] {processor.py:183} INFO - Processing /home/airflow/.local/lib/python3.8/site-packages/airflow/example_dags/example_xcomargs.py took 0.031 seconds
[2024-03-14T11:22:48.049+0000] {processor.py:161} INFO - Started process (PID=2982) to work on /home/airflow/.local/lib/python3.8/site-packages/airflow/example_dags/example_xcomargs.py
[2024-03-14T11:22:48.050+0000] {processor.py:830} INFO - Processing file /home/airflow/.local/lib/python3.8/site-packages/airflow/example_dags/example_xcomargs.py for tasks to queue
[2024-03-14T11:22:48.051+0000] {logging_mixin.py:188} INFO - [2024-03-14T11:22:48.051+0000] {dagbag.py:540} INFO - Filling up the DagBag from /home/airflow/.local/lib/python3.8/site-packages/airflow/example_dags/example_xcomargs.py
[2024-03-14T11:22:48.054+0000] {processor.py:840} INFO - DAG(s) 'example_xcom_args_with_operators', 'example_xcom_args' retrieved from /home/airflow/.local/lib/python3.8/site-packages/airflow/example_dags/example_xcomargs.py
[2024-03-14T11:22:48.065+0000] {logging_mixin.py:188} INFO - [2024-03-14T11:22:48.065+0000] {dag.py:3047} INFO - Sync 2 DAGs
[2024-03-14T11:22:48.070+0000] {logging_mixin.py:188} INFO - [2024-03-14T11:22:48.070+0000] {dag.py:3834} INFO - Setting next_dagrun for example_xcom_args to None, run_after=None
[2024-03-14T11:22:48.072+0000] {logging_mixin.py:188} INFO - [2024-03-14T11:22:48.072+0000] {dag.py:3834} INFO - Setting next_dagrun for example_xcom_args_with_operators to None, run_after=None
[2024-03-14T11:22:48.078+0000] {processor.py:183} INFO - Processing /home/airflow/.local/lib/python3.8/site-packages/airflow/example_dags/example_xcomargs.py took 0.030 seconds
[2024-03-14T11:23:18.527+0000] {processor.py:161} INFO - Started process (PID=3037) to work on /home/airflow/.local/lib/python3.8/site-packages/airflow/example_dags/example_xcomargs.py
[2024-03-14T11:23:18.528+0000] {processor.py:830} INFO - Processing file /home/airflow/.local/lib/python3.8/site-packages/airflow/example_dags/example_xcomargs.py for tasks to queue
[2024-03-14T11:23:18.529+0000] {logging_mixin.py:188} INFO - [2024-03-14T11:23:18.529+0000] {dagbag.py:540} INFO - Filling up the DagBag from /home/airflow/.local/lib/python3.8/site-packages/airflow/example_dags/example_xcomargs.py
[2024-03-14T11:23:18.533+0000] {processor.py:840} INFO - DAG(s) 'example_xcom_args', 'example_xcom_args_with_operators' retrieved from /home/airflow/.local/lib/python3.8/site-packages/airflow/example_dags/example_xcomargs.py
[2024-03-14T11:23:18.543+0000] {logging_mixin.py:188} INFO - [2024-03-14T11:23:18.543+0000] {dag.py:3047} INFO - Sync 2 DAGs
[2024-03-14T11:23:18.548+0000] {logging_mixin.py:188} INFO - [2024-03-14T11:23:18.548+0000] {dag.py:3834} INFO - Setting next_dagrun for example_xcom_args to None, run_after=None
[2024-03-14T11:23:18.550+0000] {logging_mixin.py:188} INFO - [2024-03-14T11:23:18.550+0000] {dag.py:3834} INFO - Setting next_dagrun for example_xcom_args_with_operators to None, run_after=None
[2024-03-14T11:23:18.556+0000] {processor.py:183} INFO - Processing /home/airflow/.local/lib/python3.8/site-packages/airflow/example_dags/example_xcomargs.py took 0.031 seconds
[2024-03-14T11:23:48.934+0000] {processor.py:161} INFO - Started process (PID=3092) to work on /home/airflow/.local/lib/python3.8/site-packages/airflow/example_dags/example_xcomargs.py
[2024-03-14T11:23:48.935+0000] {processor.py:830} INFO - Processing file /home/airflow/.local/lib/python3.8/site-packages/airflow/example_dags/example_xcomargs.py for tasks to queue
[2024-03-14T11:23:48.936+0000] {logging_mixin.py:188} INFO - [2024-03-14T11:23:48.936+0000] {dagbag.py:540} INFO - Filling up the DagBag from /home/airflow/.local/lib/python3.8/site-packages/airflow/example_dags/example_xcomargs.py
[2024-03-14T11:23:48.939+0000] {processor.py:840} INFO - DAG(s) 'example_xcom_args', 'example_xcom_args_with_operators' retrieved from /home/airflow/.local/lib/python3.8/site-packages/airflow/example_dags/example_xcomargs.py
[2024-03-14T11:23:48.950+0000] {logging_mixin.py:188} INFO - [2024-03-14T11:23:48.950+0000] {dag.py:3047} INFO - Sync 2 DAGs
[2024-03-14T11:23:48.955+0000] {logging_mixin.py:188} INFO - [2024-03-14T11:23:48.955+0000] {dag.py:3834} INFO - Setting next_dagrun for example_xcom_args to None, run_after=None
[2024-03-14T11:23:48.957+0000] {logging_mixin.py:188} INFO - [2024-03-14T11:23:48.957+0000] {dag.py:3834} INFO - Setting next_dagrun for example_xcom_args_with_operators to None, run_after=None
[2024-03-14T11:23:48.963+0000] {processor.py:183} INFO - Processing /home/airflow/.local/lib/python3.8/site-packages/airflow/example_dags/example_xcomargs.py took 0.031 seconds
[2024-03-14T11:24:19.301+0000] {processor.py:161} INFO - Started process (PID=3147) to work on /home/airflow/.local/lib/python3.8/site-packages/airflow/example_dags/example_xcomargs.py
[2024-03-14T11:24:19.301+0000] {processor.py:830} INFO - Processing file /home/airflow/.local/lib/python3.8/site-packages/airflow/example_dags/example_xcomargs.py for tasks to queue
[2024-03-14T11:24:19.302+0000] {logging_mixin.py:188} INFO - [2024-03-14T11:24:19.302+0000] {dagbag.py:540} INFO - Filling up the DagBag from /home/airflow/.local/lib/python3.8/site-packages/airflow/example_dags/example_xcomargs.py
[2024-03-14T11:24:19.306+0000] {processor.py:840} INFO - DAG(s) 'example_xcom_args_with_operators', 'example_xcom_args' retrieved from /home/airflow/.local/lib/python3.8/site-packages/airflow/example_dags/example_xcomargs.py
[2024-03-14T11:24:19.316+0000] {logging_mixin.py:188} INFO - [2024-03-14T11:24:19.316+0000] {dag.py:3047} INFO - Sync 2 DAGs
[2024-03-14T11:24:19.321+0000] {logging_mixin.py:188} INFO - [2024-03-14T11:24:19.321+0000] {dag.py:3834} INFO - Setting next_dagrun for example_xcom_args to None, run_after=None
[2024-03-14T11:24:19.323+0000] {logging_mixin.py:188} INFO - [2024-03-14T11:24:19.323+0000] {dag.py:3834} INFO - Setting next_dagrun for example_xcom_args_with_operators to None, run_after=None
[2024-03-14T11:24:19.329+0000] {processor.py:183} INFO - Processing /home/airflow/.local/lib/python3.8/site-packages/airflow/example_dags/example_xcomargs.py took 0.030 seconds
[2024-03-14T11:24:49.674+0000] {processor.py:161} INFO - Started process (PID=3202) to work on /home/airflow/.local/lib/python3.8/site-packages/airflow/example_dags/example_xcomargs.py
[2024-03-14T11:24:49.674+0000] {processor.py:830} INFO - Processing file /home/airflow/.local/lib/python3.8/site-packages/airflow/example_dags/example_xcomargs.py for tasks to queue
[2024-03-14T11:24:49.675+0000] {logging_mixin.py:188} INFO - [2024-03-14T11:24:49.675+0000] {dagbag.py:540} INFO - Filling up the DagBag from /home/airflow/.local/lib/python3.8/site-packages/airflow/example_dags/example_xcomargs.py
[2024-03-14T11:24:49.679+0000] {processor.py:840} INFO - DAG(s) 'example_xcom_args', 'example_xcom_args_with_operators' retrieved from /home/airflow/.local/lib/python3.8/site-packages/airflow/example_dags/example_xcomargs.py
[2024-03-14T11:24:49.690+0000] {logging_mixin.py:188} INFO - [2024-03-14T11:24:49.689+0000] {dag.py:3047} INFO - Sync 2 DAGs
[2024-03-14T11:24:49.694+0000] {logging_mixin.py:188} INFO - [2024-03-14T11:24:49.694+0000] {dag.py:3834} INFO - Setting next_dagrun for example_xcom_args to None, run_after=None
[2024-03-14T11:24:49.696+0000] {logging_mixin.py:188} INFO - [2024-03-14T11:24:49.696+0000] {dag.py:3834} INFO - Setting next_dagrun for example_xcom_args_with_operators to None, run_after=None
[2024-03-14T11:24:49.702+0000] {processor.py:183} INFO - Processing /home/airflow/.local/lib/python3.8/site-packages/airflow/example_dags/example_xcomargs.py took 0.030 seconds
[2024-03-14T11:25:20.120+0000] {processor.py:161} INFO - Started process (PID=3263) to work on /home/airflow/.local/lib/python3.8/site-packages/airflow/example_dags/example_xcomargs.py
[2024-03-14T11:25:20.121+0000] {processor.py:830} INFO - Processing file /home/airflow/.local/lib/python3.8/site-packages/airflow/example_dags/example_xcomargs.py for tasks to queue
[2024-03-14T11:25:20.122+0000] {logging_mixin.py:188} INFO - [2024-03-14T11:25:20.122+0000] {dagbag.py:540} INFO - Filling up the DagBag from /home/airflow/.local/lib/python3.8/site-packages/airflow/example_dags/example_xcomargs.py
[2024-03-14T11:25:20.126+0000] {processor.py:840} INFO - DAG(s) 'example_xcom_args', 'example_xcom_args_with_operators' retrieved from /home/airflow/.local/lib/python3.8/site-packages/airflow/example_dags/example_xcomargs.py
[2024-03-14T11:25:20.136+0000] {logging_mixin.py:188} INFO - [2024-03-14T11:25:20.136+0000] {dag.py:3047} INFO - Sync 2 DAGs
[2024-03-14T11:25:20.141+0000] {logging_mixin.py:188} INFO - [2024-03-14T11:25:20.141+0000] {dag.py:3834} INFO - Setting next_dagrun for example_xcom_args to None, run_after=None
[2024-03-14T11:25:20.143+0000] {logging_mixin.py:188} INFO - [2024-03-14T11:25:20.143+0000] {dag.py:3834} INFO - Setting next_dagrun for example_xcom_args_with_operators to None, run_after=None
[2024-03-14T11:25:20.149+0000] {processor.py:183} INFO - Processing /home/airflow/.local/lib/python3.8/site-packages/airflow/example_dags/example_xcomargs.py took 0.030 seconds
[2024-03-14T11:25:50.619+0000] {processor.py:161} INFO - Started process (PID=3318) to work on /home/airflow/.local/lib/python3.8/site-packages/airflow/example_dags/example_xcomargs.py
[2024-03-14T11:25:50.620+0000] {processor.py:830} INFO - Processing file /home/airflow/.local/lib/python3.8/site-packages/airflow/example_dags/example_xcomargs.py for tasks to queue
[2024-03-14T11:25:50.620+0000] {logging_mixin.py:188} INFO - [2024-03-14T11:25:50.620+0000] {dagbag.py:540} INFO - Filling up the DagBag from /home/airflow/.local/lib/python3.8/site-packages/airflow/example_dags/example_xcomargs.py
[2024-03-14T11:25:50.624+0000] {processor.py:840} INFO - DAG(s) 'example_xcom_args_with_operators', 'example_xcom_args' retrieved from /home/airflow/.local/lib/python3.8/site-packages/airflow/example_dags/example_xcomargs.py
[2024-03-14T11:25:50.633+0000] {logging_mixin.py:188} INFO - [2024-03-14T11:25:50.633+0000] {dag.py:3047} INFO - Sync 2 DAGs
[2024-03-14T11:25:50.639+0000] {logging_mixin.py:188} INFO - [2024-03-14T11:25:50.638+0000] {dag.py:3834} INFO - Setting next_dagrun for example_xcom_args to None, run_after=None
[2024-03-14T11:25:50.640+0000] {logging_mixin.py:188} INFO - [2024-03-14T11:25:50.640+0000] {dag.py:3834} INFO - Setting next_dagrun for example_xcom_args_with_operators to None, run_after=None
[2024-03-14T11:25:50.646+0000] {processor.py:183} INFO - Processing /home/airflow/.local/lib/python3.8/site-packages/airflow/example_dags/example_xcomargs.py took 0.029 seconds
[2024-03-14T11:26:21.055+0000] {processor.py:161} INFO - Started process (PID=3373) to work on /home/airflow/.local/lib/python3.8/site-packages/airflow/example_dags/example_xcomargs.py
[2024-03-14T11:26:21.055+0000] {processor.py:830} INFO - Processing file /home/airflow/.local/lib/python3.8/site-packages/airflow/example_dags/example_xcomargs.py for tasks to queue
[2024-03-14T11:26:21.056+0000] {logging_mixin.py:188} INFO - [2024-03-14T11:26:21.056+0000] {dagbag.py:540} INFO - Filling up the DagBag from /home/airflow/.local/lib/python3.8/site-packages/airflow/example_dags/example_xcomargs.py
[2024-03-14T11:26:21.060+0000] {processor.py:840} INFO - DAG(s) 'example_xcom_args_with_operators', 'example_xcom_args' retrieved from /home/airflow/.local/lib/python3.8/site-packages/airflow/example_dags/example_xcomargs.py
[2024-03-14T11:26:21.070+0000] {logging_mixin.py:188} INFO - [2024-03-14T11:26:21.070+0000] {dag.py:3047} INFO - Sync 2 DAGs
[2024-03-14T11:26:21.077+0000] {logging_mixin.py:188} INFO - [2024-03-14T11:26:21.077+0000] {dag.py:3834} INFO - Setting next_dagrun for example_xcom_args to None, run_after=None
[2024-03-14T11:26:21.080+0000] {logging_mixin.py:188} INFO - [2024-03-14T11:26:21.080+0000] {dag.py:3834} INFO - Setting next_dagrun for example_xcom_args_with_operators to None, run_after=None
[2024-03-14T11:26:21.086+0000] {processor.py:183} INFO - Processing /home/airflow/.local/lib/python3.8/site-packages/airflow/example_dags/example_xcomargs.py took 0.033 seconds
[2024-03-14T11:26:51.520+0000] {processor.py:161} INFO - Started process (PID=3428) to work on /home/airflow/.local/lib/python3.8/site-packages/airflow/example_dags/example_xcomargs.py
[2024-03-14T11:26:51.521+0000] {processor.py:830} INFO - Processing file /home/airflow/.local/lib/python3.8/site-packages/airflow/example_dags/example_xcomargs.py for tasks to queue
[2024-03-14T11:26:51.522+0000] {logging_mixin.py:188} INFO - [2024-03-14T11:26:51.522+0000] {dagbag.py:540} INFO - Filling up the DagBag from /home/airflow/.local/lib/python3.8/site-packages/airflow/example_dags/example_xcomargs.py
[2024-03-14T11:26:51.525+0000] {processor.py:840} INFO - DAG(s) 'example_xcom_args_with_operators', 'example_xcom_args' retrieved from /home/airflow/.local/lib/python3.8/site-packages/airflow/example_dags/example_xcomargs.py
[2024-03-14T11:26:51.535+0000] {logging_mixin.py:188} INFO - [2024-03-14T11:26:51.535+0000] {dag.py:3047} INFO - Sync 2 DAGs
[2024-03-14T11:26:51.540+0000] {logging_mixin.py:188} INFO - [2024-03-14T11:26:51.540+0000] {dag.py:3834} INFO - Setting next_dagrun for example_xcom_args to None, run_after=None
[2024-03-14T11:26:51.542+0000] {logging_mixin.py:188} INFO - [2024-03-14T11:26:51.542+0000] {dag.py:3834} INFO - Setting next_dagrun for example_xcom_args_with_operators to None, run_after=None
[2024-03-14T11:26:51.548+0000] {processor.py:183} INFO - Processing /home/airflow/.local/lib/python3.8/site-packages/airflow/example_dags/example_xcomargs.py took 0.030 seconds
[2024-03-14T11:27:22.049+0000] {processor.py:161} INFO - Started process (PID=3482) to work on /home/airflow/.local/lib/python3.8/site-packages/airflow/example_dags/example_xcomargs.py
[2024-03-14T11:27:22.050+0000] {processor.py:830} INFO - Processing file /home/airflow/.local/lib/python3.8/site-packages/airflow/example_dags/example_xcomargs.py for tasks to queue
[2024-03-14T11:27:22.051+0000] {logging_mixin.py:188} INFO - [2024-03-14T11:27:22.051+0000] {dagbag.py:540} INFO - Filling up the DagBag from /home/airflow/.local/lib/python3.8/site-packages/airflow/example_dags/example_xcomargs.py
[2024-03-14T11:27:22.054+0000] {processor.py:840} INFO - DAG(s) 'example_xcom_args', 'example_xcom_args_with_operators' retrieved from /home/airflow/.local/lib/python3.8/site-packages/airflow/example_dags/example_xcomargs.py
[2024-03-14T11:27:22.064+0000] {logging_mixin.py:188} INFO - [2024-03-14T11:27:22.063+0000] {dag.py:3047} INFO - Sync 2 DAGs
[2024-03-14T11:27:22.069+0000] {logging_mixin.py:188} INFO - [2024-03-14T11:27:22.069+0000] {dag.py:3834} INFO - Setting next_dagrun for example_xcom_args to None, run_after=None
[2024-03-14T11:27:22.070+0000] {logging_mixin.py:188} INFO - [2024-03-14T11:27:22.070+0000] {dag.py:3834} INFO - Setting next_dagrun for example_xcom_args_with_operators to None, run_after=None
[2024-03-14T11:27:22.078+0000] {processor.py:183} INFO - Processing /home/airflow/.local/lib/python3.8/site-packages/airflow/example_dags/example_xcomargs.py took 0.030 seconds
[2024-03-14T11:27:52.741+0000] {processor.py:161} INFO - Started process (PID=3537) to work on /home/airflow/.local/lib/python3.8/site-packages/airflow/example_dags/example_xcomargs.py
[2024-03-14T11:27:52.742+0000] {processor.py:830} INFO - Processing file /home/airflow/.local/lib/python3.8/site-packages/airflow/example_dags/example_xcomargs.py for tasks to queue
[2024-03-14T11:27:52.743+0000] {logging_mixin.py:188} INFO - [2024-03-14T11:27:52.743+0000] {dagbag.py:540} INFO - Filling up the DagBag from /home/airflow/.local/lib/python3.8/site-packages/airflow/example_dags/example_xcomargs.py
[2024-03-14T11:27:52.746+0000] {processor.py:840} INFO - DAG(s) 'example_xcom_args', 'example_xcom_args_with_operators' retrieved from /home/airflow/.local/lib/python3.8/site-packages/airflow/example_dags/example_xcomargs.py
[2024-03-14T11:27:52.758+0000] {logging_mixin.py:188} INFO - [2024-03-14T11:27:52.758+0000] {dag.py:3047} INFO - Sync 2 DAGs
[2024-03-14T11:27:52.763+0000] {logging_mixin.py:188} INFO - [2024-03-14T11:27:52.763+0000] {dag.py:3834} INFO - Setting next_dagrun for example_xcom_args to None, run_after=None
[2024-03-14T11:27:52.765+0000] {logging_mixin.py:188} INFO - [2024-03-14T11:27:52.765+0000] {dag.py:3834} INFO - Setting next_dagrun for example_xcom_args_with_operators to None, run_after=None
[2024-03-14T11:27:52.772+0000] {processor.py:183} INFO - Processing /home/airflow/.local/lib/python3.8/site-packages/airflow/example_dags/example_xcomargs.py took 0.032 seconds
[2024-03-14T11:28:23.186+0000] {processor.py:161} INFO - Started process (PID=3592) to work on /home/airflow/.local/lib/python3.8/site-packages/airflow/example_dags/example_xcomargs.py
[2024-03-14T11:28:23.187+0000] {processor.py:830} INFO - Processing file /home/airflow/.local/lib/python3.8/site-packages/airflow/example_dags/example_xcomargs.py for tasks to queue
[2024-03-14T11:28:23.188+0000] {logging_mixin.py:188} INFO - [2024-03-14T11:28:23.188+0000] {dagbag.py:540} INFO - Filling up the DagBag from /home/airflow/.local/lib/python3.8/site-packages/airflow/example_dags/example_xcomargs.py
[2024-03-14T11:28:23.191+0000] {processor.py:840} INFO - DAG(s) 'example_xcom_args', 'example_xcom_args_with_operators' retrieved from /home/airflow/.local/lib/python3.8/site-packages/airflow/example_dags/example_xcomargs.py
[2024-03-14T11:28:23.202+0000] {logging_mixin.py:188} INFO - [2024-03-14T11:28:23.202+0000] {dag.py:3047} INFO - Sync 2 DAGs
[2024-03-14T11:28:23.209+0000] {logging_mixin.py:188} INFO - [2024-03-14T11:28:23.209+0000] {dag.py:3834} INFO - Setting next_dagrun for example_xcom_args to None, run_after=None
[2024-03-14T11:28:23.211+0000] {logging_mixin.py:188} INFO - [2024-03-14T11:28:23.211+0000] {dag.py:3834} INFO - Setting next_dagrun for example_xcom_args_with_operators to None, run_after=None
[2024-03-14T11:28:23.217+0000] {processor.py:183} INFO - Processing /home/airflow/.local/lib/python3.8/site-packages/airflow/example_dags/example_xcomargs.py took 0.032 seconds
