[2024-03-14T10:55:54.863+0000] {processor.py:161} INFO - Started process (PID=58) to work on /home/airflow/.local/lib/python3.8/site-packages/airflow/example_dags/example_bash_operator.py
[2024-03-14T10:55:54.864+0000] {processor.py:830} INFO - Processing file /home/airflow/.local/lib/python3.8/site-packages/airflow/example_dags/example_bash_operator.py for tasks to queue
[2024-03-14T10:55:54.866+0000] {logging_mixin.py:188} INFO - [2024-03-14T10:55:54.866+0000] {dagbag.py:540} INFO - Filling up the DagBag from /home/airflow/.local/lib/python3.8/site-packages/airflow/example_dags/example_bash_operator.py
[2024-03-14T10:55:54.878+0000] {processor.py:840} INFO - DAG(s) 'example_bash_operator' retrieved from /home/airflow/.local/lib/python3.8/site-packages/airflow/example_dags/example_bash_operator.py
[2024-03-14T10:55:54.888+0000] {logging_mixin.py:188} INFO - [2024-03-14T10:55:54.888+0000] {dag.py:3047} INFO - Sync 1 DAGs
[2024-03-14T10:55:54.907+0000] {logging_mixin.py:188} INFO - [2024-03-14T10:55:54.907+0000] {dag.py:3834} INFO - Setting next_dagrun for example_bash_operator to 2024-03-13 00:00:00+00:00, run_after=2024-03-14 00:00:00+00:00
[2024-03-14T10:55:54.917+0000] {processor.py:183} INFO - Processing /home/airflow/.local/lib/python3.8/site-packages/airflow/example_dags/example_bash_operator.py took 0.058 seconds
[2024-03-14T10:56:24.954+0000] {processor.py:161} INFO - Started process (PID=113) to work on /home/airflow/.local/lib/python3.8/site-packages/airflow/example_dags/example_bash_operator.py
[2024-03-14T10:56:24.955+0000] {processor.py:830} INFO - Processing file /home/airflow/.local/lib/python3.8/site-packages/airflow/example_dags/example_bash_operator.py for tasks to queue
[2024-03-14T10:56:24.955+0000] {logging_mixin.py:188} INFO - [2024-03-14T10:56:24.955+0000] {dagbag.py:540} INFO - Filling up the DagBag from /home/airflow/.local/lib/python3.8/site-packages/airflow/example_dags/example_bash_operator.py
[2024-03-14T10:56:24.960+0000] {processor.py:840} INFO - DAG(s) 'example_bash_operator' retrieved from /home/airflow/.local/lib/python3.8/site-packages/airflow/example_dags/example_bash_operator.py
[2024-03-14T10:56:25.004+0000] {logging_mixin.py:188} INFO - [2024-03-14T10:56:25.004+0000] {dag.py:3047} INFO - Sync 1 DAGs
[2024-03-14T10:56:25.014+0000] {logging_mixin.py:188} INFO - [2024-03-14T10:56:25.014+0000] {dag.py:3834} INFO - Setting next_dagrun for example_bash_operator to 2024-03-13 00:00:00+00:00, run_after=2024-03-14 00:00:00+00:00
[2024-03-14T10:56:25.021+0000] {processor.py:183} INFO - Processing /home/airflow/.local/lib/python3.8/site-packages/airflow/example_dags/example_bash_operator.py took 0.069 seconds
[2024-03-14T10:56:55.038+0000] {processor.py:161} INFO - Started process (PID=168) to work on /home/airflow/.local/lib/python3.8/site-packages/airflow/example_dags/example_bash_operator.py
[2024-03-14T10:56:55.039+0000] {processor.py:830} INFO - Processing file /home/airflow/.local/lib/python3.8/site-packages/airflow/example_dags/example_bash_operator.py for tasks to queue
[2024-03-14T10:56:55.040+0000] {logging_mixin.py:188} INFO - [2024-03-14T10:56:55.039+0000] {dagbag.py:540} INFO - Filling up the DagBag from /home/airflow/.local/lib/python3.8/site-packages/airflow/example_dags/example_bash_operator.py
[2024-03-14T10:56:55.045+0000] {processor.py:840} INFO - DAG(s) 'example_bash_operator' retrieved from /home/airflow/.local/lib/python3.8/site-packages/airflow/example_dags/example_bash_operator.py
[2024-03-14T10:56:55.066+0000] {logging_mixin.py:188} INFO - [2024-03-14T10:56:55.065+0000] {dag.py:3047} INFO - Sync 1 DAGs
[2024-03-14T10:56:55.078+0000] {logging_mixin.py:188} INFO - [2024-03-14T10:56:55.077+0000] {dag.py:3834} INFO - Setting next_dagrun for example_bash_operator to 2024-03-13 00:00:00+00:00, run_after=2024-03-14 00:00:00+00:00
[2024-03-14T10:56:55.087+0000] {processor.py:183} INFO - Processing /home/airflow/.local/lib/python3.8/site-packages/airflow/example_dags/example_bash_operator.py took 0.051 seconds
[2024-03-14T10:57:25.549+0000] {processor.py:161} INFO - Started process (PID=222) to work on /home/airflow/.local/lib/python3.8/site-packages/airflow/example_dags/example_bash_operator.py
[2024-03-14T10:57:25.549+0000] {processor.py:830} INFO - Processing file /home/airflow/.local/lib/python3.8/site-packages/airflow/example_dags/example_bash_operator.py for tasks to queue
[2024-03-14T10:57:25.550+0000] {logging_mixin.py:188} INFO - [2024-03-14T10:57:25.550+0000] {dagbag.py:540} INFO - Filling up the DagBag from /home/airflow/.local/lib/python3.8/site-packages/airflow/example_dags/example_bash_operator.py
[2024-03-14T10:57:25.555+0000] {processor.py:840} INFO - DAG(s) 'example_bash_operator' retrieved from /home/airflow/.local/lib/python3.8/site-packages/airflow/example_dags/example_bash_operator.py
[2024-03-14T10:57:25.568+0000] {logging_mixin.py:188} INFO - [2024-03-14T10:57:25.568+0000] {dag.py:3047} INFO - Sync 1 DAGs
[2024-03-14T10:57:25.577+0000] {logging_mixin.py:188} INFO - [2024-03-14T10:57:25.577+0000] {dag.py:3834} INFO - Setting next_dagrun for example_bash_operator to 2024-03-13 00:00:00+00:00, run_after=2024-03-14 00:00:00+00:00
[2024-03-14T10:57:25.584+0000] {processor.py:183} INFO - Processing /home/airflow/.local/lib/python3.8/site-packages/airflow/example_dags/example_bash_operator.py took 0.037 seconds
[2024-03-14T10:57:55.966+0000] {processor.py:161} INFO - Started process (PID=277) to work on /home/airflow/.local/lib/python3.8/site-packages/airflow/example_dags/example_bash_operator.py
[2024-03-14T10:57:55.967+0000] {processor.py:830} INFO - Processing file /home/airflow/.local/lib/python3.8/site-packages/airflow/example_dags/example_bash_operator.py for tasks to queue
[2024-03-14T10:57:55.968+0000] {logging_mixin.py:188} INFO - [2024-03-14T10:57:55.968+0000] {dagbag.py:540} INFO - Filling up the DagBag from /home/airflow/.local/lib/python3.8/site-packages/airflow/example_dags/example_bash_operator.py
[2024-03-14T10:57:55.973+0000] {processor.py:840} INFO - DAG(s) 'example_bash_operator' retrieved from /home/airflow/.local/lib/python3.8/site-packages/airflow/example_dags/example_bash_operator.py
[2024-03-14T10:57:55.984+0000] {logging_mixin.py:188} INFO - [2024-03-14T10:57:55.984+0000] {dag.py:3047} INFO - Sync 1 DAGs
[2024-03-14T10:57:55.993+0000] {logging_mixin.py:188} INFO - [2024-03-14T10:57:55.993+0000] {dag.py:3834} INFO - Setting next_dagrun for example_bash_operator to 2024-03-13 00:00:00+00:00, run_after=2024-03-14 00:00:00+00:00
[2024-03-14T10:57:56.000+0000] {processor.py:183} INFO - Processing /home/airflow/.local/lib/python3.8/site-packages/airflow/example_dags/example_bash_operator.py took 0.035 seconds
[2024-03-14T10:58:26.277+0000] {processor.py:161} INFO - Started process (PID=332) to work on /home/airflow/.local/lib/python3.8/site-packages/airflow/example_dags/example_bash_operator.py
[2024-03-14T10:58:26.277+0000] {processor.py:830} INFO - Processing file /home/airflow/.local/lib/python3.8/site-packages/airflow/example_dags/example_bash_operator.py for tasks to queue
[2024-03-14T10:58:26.278+0000] {logging_mixin.py:188} INFO - [2024-03-14T10:58:26.278+0000] {dagbag.py:540} INFO - Filling up the DagBag from /home/airflow/.local/lib/python3.8/site-packages/airflow/example_dags/example_bash_operator.py
[2024-03-14T10:58:26.283+0000] {processor.py:840} INFO - DAG(s) 'example_bash_operator' retrieved from /home/airflow/.local/lib/python3.8/site-packages/airflow/example_dags/example_bash_operator.py
[2024-03-14T10:58:26.295+0000] {logging_mixin.py:188} INFO - [2024-03-14T10:58:26.295+0000] {dag.py:3047} INFO - Sync 1 DAGs
[2024-03-14T10:58:26.305+0000] {logging_mixin.py:188} INFO - [2024-03-14T10:58:26.304+0000] {dag.py:3834} INFO - Setting next_dagrun for example_bash_operator to 2024-03-13 00:00:00+00:00, run_after=2024-03-14 00:00:00+00:00
[2024-03-14T10:58:26.312+0000] {processor.py:183} INFO - Processing /home/airflow/.local/lib/python3.8/site-packages/airflow/example_dags/example_bash_operator.py took 0.036 seconds
[2024-03-14T10:58:56.661+0000] {processor.py:161} INFO - Started process (PID=387) to work on /home/airflow/.local/lib/python3.8/site-packages/airflow/example_dags/example_bash_operator.py
[2024-03-14T10:58:56.662+0000] {processor.py:830} INFO - Processing file /home/airflow/.local/lib/python3.8/site-packages/airflow/example_dags/example_bash_operator.py for tasks to queue
[2024-03-14T10:58:56.663+0000] {logging_mixin.py:188} INFO - [2024-03-14T10:58:56.663+0000] {dagbag.py:540} INFO - Filling up the DagBag from /home/airflow/.local/lib/python3.8/site-packages/airflow/example_dags/example_bash_operator.py
[2024-03-14T10:58:56.668+0000] {processor.py:840} INFO - DAG(s) 'example_bash_operator' retrieved from /home/airflow/.local/lib/python3.8/site-packages/airflow/example_dags/example_bash_operator.py
[2024-03-14T10:58:56.680+0000] {logging_mixin.py:188} INFO - [2024-03-14T10:58:56.680+0000] {dag.py:3047} INFO - Sync 1 DAGs
[2024-03-14T10:58:56.689+0000] {logging_mixin.py:188} INFO - [2024-03-14T10:58:56.689+0000] {dag.py:3834} INFO - Setting next_dagrun for example_bash_operator to 2024-03-13 00:00:00+00:00, run_after=2024-03-14 00:00:00+00:00
[2024-03-14T10:58:56.695+0000] {processor.py:183} INFO - Processing /home/airflow/.local/lib/python3.8/site-packages/airflow/example_dags/example_bash_operator.py took 0.035 seconds
[2024-03-14T10:59:27.049+0000] {processor.py:161} INFO - Started process (PID=442) to work on /home/airflow/.local/lib/python3.8/site-packages/airflow/example_dags/example_bash_operator.py
[2024-03-14T10:59:27.050+0000] {processor.py:830} INFO - Processing file /home/airflow/.local/lib/python3.8/site-packages/airflow/example_dags/example_bash_operator.py for tasks to queue
[2024-03-14T10:59:27.051+0000] {logging_mixin.py:188} INFO - [2024-03-14T10:59:27.051+0000] {dagbag.py:540} INFO - Filling up the DagBag from /home/airflow/.local/lib/python3.8/site-packages/airflow/example_dags/example_bash_operator.py
[2024-03-14T10:59:27.056+0000] {processor.py:840} INFO - DAG(s) 'example_bash_operator' retrieved from /home/airflow/.local/lib/python3.8/site-packages/airflow/example_dags/example_bash_operator.py
[2024-03-14T10:59:27.069+0000] {logging_mixin.py:188} INFO - [2024-03-14T10:59:27.069+0000] {dag.py:3047} INFO - Sync 1 DAGs
[2024-03-14T10:59:27.079+0000] {logging_mixin.py:188} INFO - [2024-03-14T10:59:27.079+0000] {dag.py:3834} INFO - Setting next_dagrun for example_bash_operator to 2024-03-13 00:00:00+00:00, run_after=2024-03-14 00:00:00+00:00
[2024-03-14T10:59:27.087+0000] {processor.py:183} INFO - Processing /home/airflow/.local/lib/python3.8/site-packages/airflow/example_dags/example_bash_operator.py took 0.039 seconds
[2024-03-14T10:59:57.441+0000] {processor.py:161} INFO - Started process (PID=497) to work on /home/airflow/.local/lib/python3.8/site-packages/airflow/example_dags/example_bash_operator.py
[2024-03-14T10:59:57.442+0000] {processor.py:830} INFO - Processing file /home/airflow/.local/lib/python3.8/site-packages/airflow/example_dags/example_bash_operator.py for tasks to queue
[2024-03-14T10:59:57.443+0000] {logging_mixin.py:188} INFO - [2024-03-14T10:59:57.442+0000] {dagbag.py:540} INFO - Filling up the DagBag from /home/airflow/.local/lib/python3.8/site-packages/airflow/example_dags/example_bash_operator.py
[2024-03-14T10:59:57.449+0000] {processor.py:840} INFO - DAG(s) 'example_bash_operator' retrieved from /home/airflow/.local/lib/python3.8/site-packages/airflow/example_dags/example_bash_operator.py
[2024-03-14T10:59:57.463+0000] {logging_mixin.py:188} INFO - [2024-03-14T10:59:57.462+0000] {dag.py:3047} INFO - Sync 1 DAGs
[2024-03-14T10:59:57.475+0000] {logging_mixin.py:188} INFO - [2024-03-14T10:59:57.475+0000] {dag.py:3834} INFO - Setting next_dagrun for example_bash_operator to 2024-03-13 00:00:00+00:00, run_after=2024-03-14 00:00:00+00:00
[2024-03-14T10:59:57.483+0000] {processor.py:183} INFO - Processing /home/airflow/.local/lib/python3.8/site-packages/airflow/example_dags/example_bash_operator.py took 0.043 seconds
[2024-03-14T11:00:27.834+0000] {processor.py:161} INFO - Started process (PID=551) to work on /home/airflow/.local/lib/python3.8/site-packages/airflow/example_dags/example_bash_operator.py
[2024-03-14T11:00:27.835+0000] {processor.py:830} INFO - Processing file /home/airflow/.local/lib/python3.8/site-packages/airflow/example_dags/example_bash_operator.py for tasks to queue
[2024-03-14T11:00:27.836+0000] {logging_mixin.py:188} INFO - [2024-03-14T11:00:27.836+0000] {dagbag.py:540} INFO - Filling up the DagBag from /home/airflow/.local/lib/python3.8/site-packages/airflow/example_dags/example_bash_operator.py
[2024-03-14T11:00:27.841+0000] {processor.py:840} INFO - DAG(s) 'example_bash_operator' retrieved from /home/airflow/.local/lib/python3.8/site-packages/airflow/example_dags/example_bash_operator.py
[2024-03-14T11:00:27.852+0000] {logging_mixin.py:188} INFO - [2024-03-14T11:00:27.852+0000] {dag.py:3047} INFO - Sync 1 DAGs
[2024-03-14T11:00:27.861+0000] {logging_mixin.py:188} INFO - [2024-03-14T11:00:27.861+0000] {dag.py:3834} INFO - Setting next_dagrun for example_bash_operator to 2024-03-13 00:00:00+00:00, run_after=2024-03-14 00:00:00+00:00
[2024-03-14T11:00:27.868+0000] {processor.py:183} INFO - Processing /home/airflow/.local/lib/python3.8/site-packages/airflow/example_dags/example_bash_operator.py took 0.035 seconds
[2024-03-14T11:00:58.262+0000] {processor.py:161} INFO - Started process (PID=606) to work on /home/airflow/.local/lib/python3.8/site-packages/airflow/example_dags/example_bash_operator.py
[2024-03-14T11:00:58.263+0000] {processor.py:830} INFO - Processing file /home/airflow/.local/lib/python3.8/site-packages/airflow/example_dags/example_bash_operator.py for tasks to queue
[2024-03-14T11:00:58.263+0000] {logging_mixin.py:188} INFO - [2024-03-14T11:00:58.263+0000] {dagbag.py:540} INFO - Filling up the DagBag from /home/airflow/.local/lib/python3.8/site-packages/airflow/example_dags/example_bash_operator.py
[2024-03-14T11:00:58.269+0000] {processor.py:840} INFO - DAG(s) 'example_bash_operator' retrieved from /home/airflow/.local/lib/python3.8/site-packages/airflow/example_dags/example_bash_operator.py
[2024-03-14T11:00:58.281+0000] {logging_mixin.py:188} INFO - [2024-03-14T11:00:58.281+0000] {dag.py:3047} INFO - Sync 1 DAGs
[2024-03-14T11:00:58.291+0000] {logging_mixin.py:188} INFO - [2024-03-14T11:00:58.291+0000] {dag.py:3834} INFO - Setting next_dagrun for example_bash_operator to 2024-03-13 00:00:00+00:00, run_after=2024-03-14 00:00:00+00:00
[2024-03-14T11:00:58.298+0000] {processor.py:183} INFO - Processing /home/airflow/.local/lib/python3.8/site-packages/airflow/example_dags/example_bash_operator.py took 0.037 seconds
[2024-03-14T11:01:28.858+0000] {processor.py:161} INFO - Started process (PID=660) to work on /home/airflow/.local/lib/python3.8/site-packages/airflow/example_dags/example_bash_operator.py
[2024-03-14T11:01:28.859+0000] {processor.py:830} INFO - Processing file /home/airflow/.local/lib/python3.8/site-packages/airflow/example_dags/example_bash_operator.py for tasks to queue
[2024-03-14T11:01:28.860+0000] {logging_mixin.py:188} INFO - [2024-03-14T11:01:28.859+0000] {dagbag.py:540} INFO - Filling up the DagBag from /home/airflow/.local/lib/python3.8/site-packages/airflow/example_dags/example_bash_operator.py
[2024-03-14T11:01:28.865+0000] {processor.py:840} INFO - DAG(s) 'example_bash_operator' retrieved from /home/airflow/.local/lib/python3.8/site-packages/airflow/example_dags/example_bash_operator.py
[2024-03-14T11:01:28.877+0000] {logging_mixin.py:188} INFO - [2024-03-14T11:01:28.877+0000] {dag.py:3047} INFO - Sync 1 DAGs
[2024-03-14T11:01:28.887+0000] {logging_mixin.py:188} INFO - [2024-03-14T11:01:28.887+0000] {dag.py:3834} INFO - Setting next_dagrun for example_bash_operator to 2024-03-13 00:00:00+00:00, run_after=2024-03-14 00:00:00+00:00
[2024-03-14T11:01:28.894+0000] {processor.py:183} INFO - Processing /home/airflow/.local/lib/python3.8/site-packages/airflow/example_dags/example_bash_operator.py took 0.038 seconds
[2024-03-14T11:01:59.295+0000] {processor.py:161} INFO - Started process (PID=715) to work on /home/airflow/.local/lib/python3.8/site-packages/airflow/example_dags/example_bash_operator.py
[2024-03-14T11:01:59.296+0000] {processor.py:830} INFO - Processing file /home/airflow/.local/lib/python3.8/site-packages/airflow/example_dags/example_bash_operator.py for tasks to queue
[2024-03-14T11:01:59.297+0000] {logging_mixin.py:188} INFO - [2024-03-14T11:01:59.297+0000] {dagbag.py:540} INFO - Filling up the DagBag from /home/airflow/.local/lib/python3.8/site-packages/airflow/example_dags/example_bash_operator.py
[2024-03-14T11:01:59.303+0000] {processor.py:840} INFO - DAG(s) 'example_bash_operator' retrieved from /home/airflow/.local/lib/python3.8/site-packages/airflow/example_dags/example_bash_operator.py
[2024-03-14T11:01:59.319+0000] {logging_mixin.py:188} INFO - [2024-03-14T11:01:59.319+0000] {dag.py:3047} INFO - Sync 1 DAGs
[2024-03-14T11:01:59.331+0000] {logging_mixin.py:188} INFO - [2024-03-14T11:01:59.330+0000] {dag.py:3834} INFO - Setting next_dagrun for example_bash_operator to 2024-03-13 00:00:00+00:00, run_after=2024-03-14 00:00:00+00:00
[2024-03-14T11:01:59.339+0000] {processor.py:183} INFO - Processing /home/airflow/.local/lib/python3.8/site-packages/airflow/example_dags/example_bash_operator.py took 0.045 seconds
[2024-03-14T11:02:29.794+0000] {processor.py:161} INFO - Started process (PID=771) to work on /home/airflow/.local/lib/python3.8/site-packages/airflow/example_dags/example_bash_operator.py
[2024-03-14T11:02:29.795+0000] {processor.py:830} INFO - Processing file /home/airflow/.local/lib/python3.8/site-packages/airflow/example_dags/example_bash_operator.py for tasks to queue
[2024-03-14T11:02:29.796+0000] {logging_mixin.py:188} INFO - [2024-03-14T11:02:29.796+0000] {dagbag.py:540} INFO - Filling up the DagBag from /home/airflow/.local/lib/python3.8/site-packages/airflow/example_dags/example_bash_operator.py
[2024-03-14T11:02:29.802+0000] {processor.py:840} INFO - DAG(s) 'example_bash_operator' retrieved from /home/airflow/.local/lib/python3.8/site-packages/airflow/example_dags/example_bash_operator.py
[2024-03-14T11:02:29.816+0000] {logging_mixin.py:188} INFO - [2024-03-14T11:02:29.816+0000] {dag.py:3047} INFO - Sync 1 DAGs
[2024-03-14T11:02:29.828+0000] {logging_mixin.py:188} INFO - [2024-03-14T11:02:29.828+0000] {dag.py:3834} INFO - Setting next_dagrun for example_bash_operator to 2024-03-13 00:00:00+00:00, run_after=2024-03-14 00:00:00+00:00
[2024-03-14T11:02:29.842+0000] {processor.py:183} INFO - Processing /home/airflow/.local/lib/python3.8/site-packages/airflow/example_dags/example_bash_operator.py took 0.050 seconds
[2024-03-14T11:03:00.333+0000] {processor.py:161} INFO - Started process (PID=826) to work on /home/airflow/.local/lib/python3.8/site-packages/airflow/example_dags/example_bash_operator.py
[2024-03-14T11:03:00.334+0000] {processor.py:830} INFO - Processing file /home/airflow/.local/lib/python3.8/site-packages/airflow/example_dags/example_bash_operator.py for tasks to queue
[2024-03-14T11:03:00.334+0000] {logging_mixin.py:188} INFO - [2024-03-14T11:03:00.334+0000] {dagbag.py:540} INFO - Filling up the DagBag from /home/airflow/.local/lib/python3.8/site-packages/airflow/example_dags/example_bash_operator.py
[2024-03-14T11:03:00.340+0000] {processor.py:840} INFO - DAG(s) 'example_bash_operator' retrieved from /home/airflow/.local/lib/python3.8/site-packages/airflow/example_dags/example_bash_operator.py
[2024-03-14T11:03:00.355+0000] {logging_mixin.py:188} INFO - [2024-03-14T11:03:00.355+0000] {dag.py:3047} INFO - Sync 1 DAGs
[2024-03-14T11:03:00.365+0000] {logging_mixin.py:188} INFO - [2024-03-14T11:03:00.365+0000] {dag.py:3834} INFO - Setting next_dagrun for example_bash_operator to 2024-03-13 00:00:00+00:00, run_after=2024-03-14 00:00:00+00:00
[2024-03-14T11:03:00.373+0000] {processor.py:183} INFO - Processing /home/airflow/.local/lib/python3.8/site-packages/airflow/example_dags/example_bash_operator.py took 0.041 seconds
[2024-03-14T11:03:30.754+0000] {processor.py:161} INFO - Started process (PID=881) to work on /home/airflow/.local/lib/python3.8/site-packages/airflow/example_dags/example_bash_operator.py
[2024-03-14T11:03:30.755+0000] {processor.py:830} INFO - Processing file /home/airflow/.local/lib/python3.8/site-packages/airflow/example_dags/example_bash_operator.py for tasks to queue
[2024-03-14T11:03:30.755+0000] {logging_mixin.py:188} INFO - [2024-03-14T11:03:30.755+0000] {dagbag.py:540} INFO - Filling up the DagBag from /home/airflow/.local/lib/python3.8/site-packages/airflow/example_dags/example_bash_operator.py
[2024-03-14T11:03:30.761+0000] {processor.py:840} INFO - DAG(s) 'example_bash_operator' retrieved from /home/airflow/.local/lib/python3.8/site-packages/airflow/example_dags/example_bash_operator.py
[2024-03-14T11:03:30.773+0000] {logging_mixin.py:188} INFO - [2024-03-14T11:03:30.773+0000] {dag.py:3047} INFO - Sync 1 DAGs
[2024-03-14T11:03:30.783+0000] {logging_mixin.py:188} INFO - [2024-03-14T11:03:30.782+0000] {dag.py:3834} INFO - Setting next_dagrun for example_bash_operator to 2024-03-13 00:00:00+00:00, run_after=2024-03-14 00:00:00+00:00
[2024-03-14T11:03:30.790+0000] {processor.py:183} INFO - Processing /home/airflow/.local/lib/python3.8/site-packages/airflow/example_dags/example_bash_operator.py took 0.037 seconds
[2024-03-14T11:04:01.200+0000] {processor.py:161} INFO - Started process (PID=936) to work on /home/airflow/.local/lib/python3.8/site-packages/airflow/example_dags/example_bash_operator.py
[2024-03-14T11:04:01.203+0000] {processor.py:830} INFO - Processing file /home/airflow/.local/lib/python3.8/site-packages/airflow/example_dags/example_bash_operator.py for tasks to queue
[2024-03-14T11:04:01.204+0000] {logging_mixin.py:188} INFO - [2024-03-14T11:04:01.204+0000] {dagbag.py:540} INFO - Filling up the DagBag from /home/airflow/.local/lib/python3.8/site-packages/airflow/example_dags/example_bash_operator.py
[2024-03-14T11:04:01.211+0000] {processor.py:840} INFO - DAG(s) 'example_bash_operator' retrieved from /home/airflow/.local/lib/python3.8/site-packages/airflow/example_dags/example_bash_operator.py
[2024-03-14T11:04:01.225+0000] {logging_mixin.py:188} INFO - [2024-03-14T11:04:01.225+0000] {dag.py:3047} INFO - Sync 1 DAGs
[2024-03-14T11:04:01.236+0000] {logging_mixin.py:188} INFO - [2024-03-14T11:04:01.236+0000] {dag.py:3834} INFO - Setting next_dagrun for example_bash_operator to 2024-03-13 00:00:00+00:00, run_after=2024-03-14 00:00:00+00:00
[2024-03-14T11:04:01.244+0000] {processor.py:183} INFO - Processing /home/airflow/.local/lib/python3.8/site-packages/airflow/example_dags/example_bash_operator.py took 0.046 seconds
[2024-03-14T11:04:31.634+0000] {processor.py:161} INFO - Started process (PID=991) to work on /home/airflow/.local/lib/python3.8/site-packages/airflow/example_dags/example_bash_operator.py
[2024-03-14T11:04:31.635+0000] {processor.py:830} INFO - Processing file /home/airflow/.local/lib/python3.8/site-packages/airflow/example_dags/example_bash_operator.py for tasks to queue
[2024-03-14T11:04:31.636+0000] {logging_mixin.py:188} INFO - [2024-03-14T11:04:31.636+0000] {dagbag.py:540} INFO - Filling up the DagBag from /home/airflow/.local/lib/python3.8/site-packages/airflow/example_dags/example_bash_operator.py
[2024-03-14T11:04:31.642+0000] {processor.py:840} INFO - DAG(s) 'example_bash_operator' retrieved from /home/airflow/.local/lib/python3.8/site-packages/airflow/example_dags/example_bash_operator.py
[2024-03-14T11:04:31.655+0000] {logging_mixin.py:188} INFO - [2024-03-14T11:04:31.655+0000] {dag.py:3047} INFO - Sync 1 DAGs
[2024-03-14T11:04:31.666+0000] {logging_mixin.py:188} INFO - [2024-03-14T11:04:31.665+0000] {dag.py:3834} INFO - Setting next_dagrun for example_bash_operator to 2024-03-13 00:00:00+00:00, run_after=2024-03-14 00:00:00+00:00
[2024-03-14T11:04:31.673+0000] {processor.py:183} INFO - Processing /home/airflow/.local/lib/python3.8/site-packages/airflow/example_dags/example_bash_operator.py took 0.041 seconds
[2024-03-14T11:05:02.060+0000] {processor.py:161} INFO - Started process (PID=1046) to work on /home/airflow/.local/lib/python3.8/site-packages/airflow/example_dags/example_bash_operator.py
[2024-03-14T11:05:02.061+0000] {processor.py:830} INFO - Processing file /home/airflow/.local/lib/python3.8/site-packages/airflow/example_dags/example_bash_operator.py for tasks to queue
[2024-03-14T11:05:02.062+0000] {logging_mixin.py:188} INFO - [2024-03-14T11:05:02.061+0000] {dagbag.py:540} INFO - Filling up the DagBag from /home/airflow/.local/lib/python3.8/site-packages/airflow/example_dags/example_bash_operator.py
[2024-03-14T11:05:02.068+0000] {processor.py:840} INFO - DAG(s) 'example_bash_operator' retrieved from /home/airflow/.local/lib/python3.8/site-packages/airflow/example_dags/example_bash_operator.py
[2024-03-14T11:05:02.082+0000] {logging_mixin.py:188} INFO - [2024-03-14T11:05:02.082+0000] {dag.py:3047} INFO - Sync 1 DAGs
[2024-03-14T11:05:02.092+0000] {logging_mixin.py:188} INFO - [2024-03-14T11:05:02.092+0000] {dag.py:3834} INFO - Setting next_dagrun for example_bash_operator to 2024-03-13 00:00:00+00:00, run_after=2024-03-14 00:00:00+00:00
[2024-03-14T11:05:02.099+0000] {processor.py:183} INFO - Processing /home/airflow/.local/lib/python3.8/site-packages/airflow/example_dags/example_bash_operator.py took 0.041 seconds
[2024-03-14T11:05:32.473+0000] {processor.py:161} INFO - Started process (PID=1101) to work on /home/airflow/.local/lib/python3.8/site-packages/airflow/example_dags/example_bash_operator.py
[2024-03-14T11:05:32.474+0000] {processor.py:830} INFO - Processing file /home/airflow/.local/lib/python3.8/site-packages/airflow/example_dags/example_bash_operator.py for tasks to queue
[2024-03-14T11:05:32.474+0000] {logging_mixin.py:188} INFO - [2024-03-14T11:05:32.474+0000] {dagbag.py:540} INFO - Filling up the DagBag from /home/airflow/.local/lib/python3.8/site-packages/airflow/example_dags/example_bash_operator.py
[2024-03-14T11:05:32.479+0000] {processor.py:840} INFO - DAG(s) 'example_bash_operator' retrieved from /home/airflow/.local/lib/python3.8/site-packages/airflow/example_dags/example_bash_operator.py
[2024-03-14T11:05:32.492+0000] {logging_mixin.py:188} INFO - [2024-03-14T11:05:32.491+0000] {dag.py:3047} INFO - Sync 1 DAGs
[2024-03-14T11:05:32.501+0000] {logging_mixin.py:188} INFO - [2024-03-14T11:05:32.500+0000] {dag.py:3834} INFO - Setting next_dagrun for example_bash_operator to 2024-03-13 00:00:00+00:00, run_after=2024-03-14 00:00:00+00:00
[2024-03-14T11:05:32.508+0000] {processor.py:183} INFO - Processing /home/airflow/.local/lib/python3.8/site-packages/airflow/example_dags/example_bash_operator.py took 0.036 seconds
[2024-03-14T11:06:02.953+0000] {processor.py:161} INFO - Started process (PID=1156) to work on /home/airflow/.local/lib/python3.8/site-packages/airflow/example_dags/example_bash_operator.py
[2024-03-14T11:06:02.954+0000] {processor.py:830} INFO - Processing file /home/airflow/.local/lib/python3.8/site-packages/airflow/example_dags/example_bash_operator.py for tasks to queue
[2024-03-14T11:06:02.955+0000] {logging_mixin.py:188} INFO - [2024-03-14T11:06:02.955+0000] {dagbag.py:540} INFO - Filling up the DagBag from /home/airflow/.local/lib/python3.8/site-packages/airflow/example_dags/example_bash_operator.py
[2024-03-14T11:06:02.960+0000] {processor.py:840} INFO - DAG(s) 'example_bash_operator' retrieved from /home/airflow/.local/lib/python3.8/site-packages/airflow/example_dags/example_bash_operator.py
[2024-03-14T11:06:02.973+0000] {logging_mixin.py:188} INFO - [2024-03-14T11:06:02.973+0000] {dag.py:3047} INFO - Sync 1 DAGs
[2024-03-14T11:06:02.983+0000] {logging_mixin.py:188} INFO - [2024-03-14T11:06:02.983+0000] {dag.py:3834} INFO - Setting next_dagrun for example_bash_operator to 2024-03-13 00:00:00+00:00, run_after=2024-03-14 00:00:00+00:00
[2024-03-14T11:06:02.991+0000] {processor.py:183} INFO - Processing /home/airflow/.local/lib/python3.8/site-packages/airflow/example_dags/example_bash_operator.py took 0.039 seconds
[2024-03-14T11:06:33.367+0000] {processor.py:161} INFO - Started process (PID=1211) to work on /home/airflow/.local/lib/python3.8/site-packages/airflow/example_dags/example_bash_operator.py
[2024-03-14T11:06:33.367+0000] {processor.py:830} INFO - Processing file /home/airflow/.local/lib/python3.8/site-packages/airflow/example_dags/example_bash_operator.py for tasks to queue
[2024-03-14T11:06:33.368+0000] {logging_mixin.py:188} INFO - [2024-03-14T11:06:33.368+0000] {dagbag.py:540} INFO - Filling up the DagBag from /home/airflow/.local/lib/python3.8/site-packages/airflow/example_dags/example_bash_operator.py
[2024-03-14T11:06:33.374+0000] {processor.py:840} INFO - DAG(s) 'example_bash_operator' retrieved from /home/airflow/.local/lib/python3.8/site-packages/airflow/example_dags/example_bash_operator.py
[2024-03-14T11:06:33.387+0000] {logging_mixin.py:188} INFO - [2024-03-14T11:06:33.387+0000] {dag.py:3047} INFO - Sync 1 DAGs
[2024-03-14T11:06:33.397+0000] {logging_mixin.py:188} INFO - [2024-03-14T11:06:33.397+0000] {dag.py:3834} INFO - Setting next_dagrun for example_bash_operator to 2024-03-13 00:00:00+00:00, run_after=2024-03-14 00:00:00+00:00
[2024-03-14T11:06:33.405+0000] {processor.py:183} INFO - Processing /home/airflow/.local/lib/python3.8/site-packages/airflow/example_dags/example_bash_operator.py took 0.040 seconds
[2024-03-14T11:07:03.781+0000] {processor.py:161} INFO - Started process (PID=1265) to work on /home/airflow/.local/lib/python3.8/site-packages/airflow/example_dags/example_bash_operator.py
[2024-03-14T11:07:03.782+0000] {processor.py:830} INFO - Processing file /home/airflow/.local/lib/python3.8/site-packages/airflow/example_dags/example_bash_operator.py for tasks to queue
[2024-03-14T11:07:03.783+0000] {logging_mixin.py:188} INFO - [2024-03-14T11:07:03.783+0000] {dagbag.py:540} INFO - Filling up the DagBag from /home/airflow/.local/lib/python3.8/site-packages/airflow/example_dags/example_bash_operator.py
[2024-03-14T11:07:03.788+0000] {processor.py:840} INFO - DAG(s) 'example_bash_operator' retrieved from /home/airflow/.local/lib/python3.8/site-packages/airflow/example_dags/example_bash_operator.py
[2024-03-14T11:07:03.801+0000] {logging_mixin.py:188} INFO - [2024-03-14T11:07:03.801+0000] {dag.py:3047} INFO - Sync 1 DAGs
[2024-03-14T11:07:03.811+0000] {logging_mixin.py:188} INFO - [2024-03-14T11:07:03.811+0000] {dag.py:3834} INFO - Setting next_dagrun for example_bash_operator to 2024-03-13 00:00:00+00:00, run_after=2024-03-14 00:00:00+00:00
[2024-03-14T11:07:03.819+0000] {processor.py:183} INFO - Processing /home/airflow/.local/lib/python3.8/site-packages/airflow/example_dags/example_bash_operator.py took 0.039 seconds
[2024-03-14T11:07:34.211+0000] {processor.py:161} INFO - Started process (PID=1320) to work on /home/airflow/.local/lib/python3.8/site-packages/airflow/example_dags/example_bash_operator.py
[2024-03-14T11:07:34.212+0000] {processor.py:830} INFO - Processing file /home/airflow/.local/lib/python3.8/site-packages/airflow/example_dags/example_bash_operator.py for tasks to queue
[2024-03-14T11:07:34.212+0000] {logging_mixin.py:188} INFO - [2024-03-14T11:07:34.212+0000] {dagbag.py:540} INFO - Filling up the DagBag from /home/airflow/.local/lib/python3.8/site-packages/airflow/example_dags/example_bash_operator.py
[2024-03-14T11:07:34.217+0000] {processor.py:840} INFO - DAG(s) 'example_bash_operator' retrieved from /home/airflow/.local/lib/python3.8/site-packages/airflow/example_dags/example_bash_operator.py
[2024-03-14T11:07:34.231+0000] {logging_mixin.py:188} INFO - [2024-03-14T11:07:34.230+0000] {dag.py:3047} INFO - Sync 1 DAGs
[2024-03-14T11:07:34.241+0000] {logging_mixin.py:188} INFO - [2024-03-14T11:07:34.241+0000] {dag.py:3834} INFO - Setting next_dagrun for example_bash_operator to 2024-03-13 00:00:00+00:00, run_after=2024-03-14 00:00:00+00:00
[2024-03-14T11:07:34.248+0000] {processor.py:183} INFO - Processing /home/airflow/.local/lib/python3.8/site-packages/airflow/example_dags/example_bash_operator.py took 0.038 seconds
[2024-03-14T11:08:04.562+0000] {processor.py:161} INFO - Started process (PID=1375) to work on /home/airflow/.local/lib/python3.8/site-packages/airflow/example_dags/example_bash_operator.py
[2024-03-14T11:08:04.563+0000] {processor.py:830} INFO - Processing file /home/airflow/.local/lib/python3.8/site-packages/airflow/example_dags/example_bash_operator.py for tasks to queue
[2024-03-14T11:08:04.564+0000] {logging_mixin.py:188} INFO - [2024-03-14T11:08:04.564+0000] {dagbag.py:540} INFO - Filling up the DagBag from /home/airflow/.local/lib/python3.8/site-packages/airflow/example_dags/example_bash_operator.py
[2024-03-14T11:08:04.570+0000] {processor.py:840} INFO - DAG(s) 'example_bash_operator' retrieved from /home/airflow/.local/lib/python3.8/site-packages/airflow/example_dags/example_bash_operator.py
[2024-03-14T11:08:04.581+0000] {logging_mixin.py:188} INFO - [2024-03-14T11:08:04.581+0000] {dag.py:3047} INFO - Sync 1 DAGs
[2024-03-14T11:08:04.590+0000] {logging_mixin.py:188} INFO - [2024-03-14T11:08:04.590+0000] {dag.py:3834} INFO - Setting next_dagrun for example_bash_operator to 2024-03-13 00:00:00+00:00, run_after=2024-03-14 00:00:00+00:00
[2024-03-14T11:08:04.597+0000] {processor.py:183} INFO - Processing /home/airflow/.local/lib/python3.8/site-packages/airflow/example_dags/example_bash_operator.py took 0.037 seconds
[2024-03-14T11:08:34.863+0000] {processor.py:161} INFO - Started process (PID=1430) to work on /home/airflow/.local/lib/python3.8/site-packages/airflow/example_dags/example_bash_operator.py
[2024-03-14T11:08:34.864+0000] {processor.py:830} INFO - Processing file /home/airflow/.local/lib/python3.8/site-packages/airflow/example_dags/example_bash_operator.py for tasks to queue
[2024-03-14T11:08:34.865+0000] {logging_mixin.py:188} INFO - [2024-03-14T11:08:34.865+0000] {dagbag.py:540} INFO - Filling up the DagBag from /home/airflow/.local/lib/python3.8/site-packages/airflow/example_dags/example_bash_operator.py
[2024-03-14T11:08:34.870+0000] {processor.py:840} INFO - DAG(s) 'example_bash_operator' retrieved from /home/airflow/.local/lib/python3.8/site-packages/airflow/example_dags/example_bash_operator.py
[2024-03-14T11:08:34.882+0000] {logging_mixin.py:188} INFO - [2024-03-14T11:08:34.882+0000] {dag.py:3047} INFO - Sync 1 DAGs
[2024-03-14T11:08:34.892+0000] {logging_mixin.py:188} INFO - [2024-03-14T11:08:34.892+0000] {dag.py:3834} INFO - Setting next_dagrun for example_bash_operator to 2024-03-13 00:00:00+00:00, run_after=2024-03-14 00:00:00+00:00
[2024-03-14T11:08:34.901+0000] {processor.py:183} INFO - Processing /home/airflow/.local/lib/python3.8/site-packages/airflow/example_dags/example_bash_operator.py took 0.039 seconds
[2024-03-14T11:09:05.199+0000] {processor.py:161} INFO - Started process (PID=1485) to work on /home/airflow/.local/lib/python3.8/site-packages/airflow/example_dags/example_bash_operator.py
[2024-03-14T11:09:05.199+0000] {processor.py:830} INFO - Processing file /home/airflow/.local/lib/python3.8/site-packages/airflow/example_dags/example_bash_operator.py for tasks to queue
[2024-03-14T11:09:05.200+0000] {logging_mixin.py:188} INFO - [2024-03-14T11:09:05.200+0000] {dagbag.py:540} INFO - Filling up the DagBag from /home/airflow/.local/lib/python3.8/site-packages/airflow/example_dags/example_bash_operator.py
[2024-03-14T11:09:05.205+0000] {processor.py:840} INFO - DAG(s) 'example_bash_operator' retrieved from /home/airflow/.local/lib/python3.8/site-packages/airflow/example_dags/example_bash_operator.py
[2024-03-14T11:09:05.217+0000] {logging_mixin.py:188} INFO - [2024-03-14T11:09:05.217+0000] {dag.py:3047} INFO - Sync 1 DAGs
[2024-03-14T11:09:05.227+0000] {logging_mixin.py:188} INFO - [2024-03-14T11:09:05.227+0000] {dag.py:3834} INFO - Setting next_dagrun for example_bash_operator to 2024-03-13 00:00:00+00:00, run_after=2024-03-14 00:00:00+00:00
[2024-03-14T11:09:05.234+0000] {processor.py:183} INFO - Processing /home/airflow/.local/lib/python3.8/site-packages/airflow/example_dags/example_bash_operator.py took 0.036 seconds
[2024-03-14T11:09:35.581+0000] {processor.py:161} INFO - Started process (PID=1540) to work on /home/airflow/.local/lib/python3.8/site-packages/airflow/example_dags/example_bash_operator.py
[2024-03-14T11:09:35.583+0000] {processor.py:830} INFO - Processing file /home/airflow/.local/lib/python3.8/site-packages/airflow/example_dags/example_bash_operator.py for tasks to queue
[2024-03-14T11:09:35.585+0000] {logging_mixin.py:188} INFO - [2024-03-14T11:09:35.585+0000] {dagbag.py:540} INFO - Filling up the DagBag from /home/airflow/.local/lib/python3.8/site-packages/airflow/example_dags/example_bash_operator.py
[2024-03-14T11:09:35.590+0000] {processor.py:840} INFO - DAG(s) 'example_bash_operator' retrieved from /home/airflow/.local/lib/python3.8/site-packages/airflow/example_dags/example_bash_operator.py
[2024-03-14T11:09:35.602+0000] {logging_mixin.py:188} INFO - [2024-03-14T11:09:35.602+0000] {dag.py:3047} INFO - Sync 1 DAGs
[2024-03-14T11:09:35.611+0000] {logging_mixin.py:188} INFO - [2024-03-14T11:09:35.611+0000] {dag.py:3834} INFO - Setting next_dagrun for example_bash_operator to 2024-03-13 00:00:00+00:00, run_after=2024-03-14 00:00:00+00:00
[2024-03-14T11:09:35.618+0000] {processor.py:183} INFO - Processing /home/airflow/.local/lib/python3.8/site-packages/airflow/example_dags/example_bash_operator.py took 0.039 seconds
[2024-03-14T11:10:05.970+0000] {processor.py:161} INFO - Started process (PID=1594) to work on /home/airflow/.local/lib/python3.8/site-packages/airflow/example_dags/example_bash_operator.py
[2024-03-14T11:10:05.970+0000] {processor.py:830} INFO - Processing file /home/airflow/.local/lib/python3.8/site-packages/airflow/example_dags/example_bash_operator.py for tasks to queue
[2024-03-14T11:10:05.971+0000] {logging_mixin.py:188} INFO - [2024-03-14T11:10:05.971+0000] {dagbag.py:540} INFO - Filling up the DagBag from /home/airflow/.local/lib/python3.8/site-packages/airflow/example_dags/example_bash_operator.py
[2024-03-14T11:10:05.976+0000] {processor.py:840} INFO - DAG(s) 'example_bash_operator' retrieved from /home/airflow/.local/lib/python3.8/site-packages/airflow/example_dags/example_bash_operator.py
[2024-03-14T11:10:05.989+0000] {logging_mixin.py:188} INFO - [2024-03-14T11:10:05.989+0000] {dag.py:3047} INFO - Sync 1 DAGs
[2024-03-14T11:10:05.998+0000] {logging_mixin.py:188} INFO - [2024-03-14T11:10:05.998+0000] {dag.py:3834} INFO - Setting next_dagrun for example_bash_operator to 2024-03-13 00:00:00+00:00, run_after=2024-03-14 00:00:00+00:00
[2024-03-14T11:10:06.006+0000] {processor.py:183} INFO - Processing /home/airflow/.local/lib/python3.8/site-packages/airflow/example_dags/example_bash_operator.py took 0.038 seconds
[2024-03-14T11:10:36.393+0000] {processor.py:161} INFO - Started process (PID=1649) to work on /home/airflow/.local/lib/python3.8/site-packages/airflow/example_dags/example_bash_operator.py
[2024-03-14T11:10:36.394+0000] {processor.py:830} INFO - Processing file /home/airflow/.local/lib/python3.8/site-packages/airflow/example_dags/example_bash_operator.py for tasks to queue
[2024-03-14T11:10:36.394+0000] {logging_mixin.py:188} INFO - [2024-03-14T11:10:36.394+0000] {dagbag.py:540} INFO - Filling up the DagBag from /home/airflow/.local/lib/python3.8/site-packages/airflow/example_dags/example_bash_operator.py
[2024-03-14T11:10:36.400+0000] {processor.py:840} INFO - DAG(s) 'example_bash_operator' retrieved from /home/airflow/.local/lib/python3.8/site-packages/airflow/example_dags/example_bash_operator.py
[2024-03-14T11:10:36.413+0000] {logging_mixin.py:188} INFO - [2024-03-14T11:10:36.413+0000] {dag.py:3047} INFO - Sync 1 DAGs
[2024-03-14T11:10:36.422+0000] {logging_mixin.py:188} INFO - [2024-03-14T11:10:36.422+0000] {dag.py:3834} INFO - Setting next_dagrun for example_bash_operator to 2024-03-13 00:00:00+00:00, run_after=2024-03-14 00:00:00+00:00
[2024-03-14T11:10:36.429+0000] {processor.py:183} INFO - Processing /home/airflow/.local/lib/python3.8/site-packages/airflow/example_dags/example_bash_operator.py took 0.038 seconds
[2024-03-14T11:11:06.776+0000] {processor.py:161} INFO - Started process (PID=1704) to work on /home/airflow/.local/lib/python3.8/site-packages/airflow/example_dags/example_bash_operator.py
[2024-03-14T11:11:06.777+0000] {processor.py:830} INFO - Processing file /home/airflow/.local/lib/python3.8/site-packages/airflow/example_dags/example_bash_operator.py for tasks to queue
[2024-03-14T11:11:06.778+0000] {logging_mixin.py:188} INFO - [2024-03-14T11:11:06.778+0000] {dagbag.py:540} INFO - Filling up the DagBag from /home/airflow/.local/lib/python3.8/site-packages/airflow/example_dags/example_bash_operator.py
[2024-03-14T11:11:06.783+0000] {processor.py:840} INFO - DAG(s) 'example_bash_operator' retrieved from /home/airflow/.local/lib/python3.8/site-packages/airflow/example_dags/example_bash_operator.py
[2024-03-14T11:11:06.796+0000] {logging_mixin.py:188} INFO - [2024-03-14T11:11:06.796+0000] {dag.py:3047} INFO - Sync 1 DAGs
[2024-03-14T11:11:06.810+0000] {logging_mixin.py:188} INFO - [2024-03-14T11:11:06.810+0000] {dag.py:3834} INFO - Setting next_dagrun for example_bash_operator to 2024-03-13 00:00:00+00:00, run_after=2024-03-14 00:00:00+00:00
[2024-03-14T11:11:06.818+0000] {processor.py:183} INFO - Processing /home/airflow/.local/lib/python3.8/site-packages/airflow/example_dags/example_bash_operator.py took 0.044 seconds
[2024-03-14T11:11:37.218+0000] {processor.py:161} INFO - Started process (PID=1758) to work on /home/airflow/.local/lib/python3.8/site-packages/airflow/example_dags/example_bash_operator.py
[2024-03-14T11:11:37.218+0000] {processor.py:830} INFO - Processing file /home/airflow/.local/lib/python3.8/site-packages/airflow/example_dags/example_bash_operator.py for tasks to queue
[2024-03-14T11:11:37.219+0000] {logging_mixin.py:188} INFO - [2024-03-14T11:11:37.219+0000] {dagbag.py:540} INFO - Filling up the DagBag from /home/airflow/.local/lib/python3.8/site-packages/airflow/example_dags/example_bash_operator.py
[2024-03-14T11:11:37.225+0000] {processor.py:840} INFO - DAG(s) 'example_bash_operator' retrieved from /home/airflow/.local/lib/python3.8/site-packages/airflow/example_dags/example_bash_operator.py
[2024-03-14T11:11:37.237+0000] {logging_mixin.py:188} INFO - [2024-03-14T11:11:37.237+0000] {dag.py:3047} INFO - Sync 1 DAGs
[2024-03-14T11:11:37.246+0000] {logging_mixin.py:188} INFO - [2024-03-14T11:11:37.246+0000] {dag.py:3834} INFO - Setting next_dagrun for example_bash_operator to 2024-03-13 00:00:00+00:00, run_after=2024-03-14 00:00:00+00:00
[2024-03-14T11:11:37.253+0000] {processor.py:183} INFO - Processing /home/airflow/.local/lib/python3.8/site-packages/airflow/example_dags/example_bash_operator.py took 0.037 seconds
[2024-03-14T11:12:07.679+0000] {processor.py:161} INFO - Started process (PID=1813) to work on /home/airflow/.local/lib/python3.8/site-packages/airflow/example_dags/example_bash_operator.py
[2024-03-14T11:12:07.681+0000] {processor.py:830} INFO - Processing file /home/airflow/.local/lib/python3.8/site-packages/airflow/example_dags/example_bash_operator.py for tasks to queue
[2024-03-14T11:12:07.681+0000] {logging_mixin.py:188} INFO - [2024-03-14T11:12:07.681+0000] {dagbag.py:540} INFO - Filling up the DagBag from /home/airflow/.local/lib/python3.8/site-packages/airflow/example_dags/example_bash_operator.py
[2024-03-14T11:12:07.687+0000] {processor.py:840} INFO - DAG(s) 'example_bash_operator' retrieved from /home/airflow/.local/lib/python3.8/site-packages/airflow/example_dags/example_bash_operator.py
[2024-03-14T11:12:07.699+0000] {logging_mixin.py:188} INFO - [2024-03-14T11:12:07.699+0000] {dag.py:3047} INFO - Sync 1 DAGs
[2024-03-14T11:12:07.708+0000] {logging_mixin.py:188} INFO - [2024-03-14T11:12:07.708+0000] {dag.py:3834} INFO - Setting next_dagrun for example_bash_operator to 2024-03-13 00:00:00+00:00, run_after=2024-03-14 00:00:00+00:00
[2024-03-14T11:12:07.715+0000] {processor.py:183} INFO - Processing /home/airflow/.local/lib/python3.8/site-packages/airflow/example_dags/example_bash_operator.py took 0.037 seconds
[2024-03-14T11:12:38.132+0000] {processor.py:161} INFO - Started process (PID=1868) to work on /home/airflow/.local/lib/python3.8/site-packages/airflow/example_dags/example_bash_operator.py
[2024-03-14T11:12:38.132+0000] {processor.py:830} INFO - Processing file /home/airflow/.local/lib/python3.8/site-packages/airflow/example_dags/example_bash_operator.py for tasks to queue
[2024-03-14T11:12:38.133+0000] {logging_mixin.py:188} INFO - [2024-03-14T11:12:38.133+0000] {dagbag.py:540} INFO - Filling up the DagBag from /home/airflow/.local/lib/python3.8/site-packages/airflow/example_dags/example_bash_operator.py
[2024-03-14T11:12:38.139+0000] {processor.py:840} INFO - DAG(s) 'example_bash_operator' retrieved from /home/airflow/.local/lib/python3.8/site-packages/airflow/example_dags/example_bash_operator.py
[2024-03-14T11:12:38.152+0000] {logging_mixin.py:188} INFO - [2024-03-14T11:12:38.152+0000] {dag.py:3047} INFO - Sync 1 DAGs
[2024-03-14T11:12:38.162+0000] {logging_mixin.py:188} INFO - [2024-03-14T11:12:38.162+0000] {dag.py:3834} INFO - Setting next_dagrun for example_bash_operator to 2024-03-13 00:00:00+00:00, run_after=2024-03-14 00:00:00+00:00
[2024-03-14T11:12:38.169+0000] {processor.py:183} INFO - Processing /home/airflow/.local/lib/python3.8/site-packages/airflow/example_dags/example_bash_operator.py took 0.039 seconds
[2024-03-14T11:13:08.463+0000] {processor.py:161} INFO - Started process (PID=1922) to work on /home/airflow/.local/lib/python3.8/site-packages/airflow/example_dags/example_bash_operator.py
[2024-03-14T11:13:08.464+0000] {processor.py:830} INFO - Processing file /home/airflow/.local/lib/python3.8/site-packages/airflow/example_dags/example_bash_operator.py for tasks to queue
[2024-03-14T11:13:08.464+0000] {logging_mixin.py:188} INFO - [2024-03-14T11:13:08.464+0000] {dagbag.py:540} INFO - Filling up the DagBag from /home/airflow/.local/lib/python3.8/site-packages/airflow/example_dags/example_bash_operator.py
[2024-03-14T11:13:08.470+0000] {processor.py:840} INFO - DAG(s) 'example_bash_operator' retrieved from /home/airflow/.local/lib/python3.8/site-packages/airflow/example_dags/example_bash_operator.py
[2024-03-14T11:13:08.482+0000] {logging_mixin.py:188} INFO - [2024-03-14T11:13:08.481+0000] {dag.py:3047} INFO - Sync 1 DAGs
[2024-03-14T11:13:08.491+0000] {logging_mixin.py:188} INFO - [2024-03-14T11:13:08.491+0000] {dag.py:3834} INFO - Setting next_dagrun for example_bash_operator to 2024-03-13 00:00:00+00:00, run_after=2024-03-14 00:00:00+00:00
[2024-03-14T11:13:08.498+0000] {processor.py:183} INFO - Processing /home/airflow/.local/lib/python3.8/site-packages/airflow/example_dags/example_bash_operator.py took 0.036 seconds
[2024-03-14T11:13:38.800+0000] {processor.py:161} INFO - Started process (PID=1977) to work on /home/airflow/.local/lib/python3.8/site-packages/airflow/example_dags/example_bash_operator.py
[2024-03-14T11:13:38.800+0000] {processor.py:830} INFO - Processing file /home/airflow/.local/lib/python3.8/site-packages/airflow/example_dags/example_bash_operator.py for tasks to queue
[2024-03-14T11:13:38.801+0000] {logging_mixin.py:188} INFO - [2024-03-14T11:13:38.801+0000] {dagbag.py:540} INFO - Filling up the DagBag from /home/airflow/.local/lib/python3.8/site-packages/airflow/example_dags/example_bash_operator.py
[2024-03-14T11:13:38.806+0000] {processor.py:840} INFO - DAG(s) 'example_bash_operator' retrieved from /home/airflow/.local/lib/python3.8/site-packages/airflow/example_dags/example_bash_operator.py
[2024-03-14T11:13:38.818+0000] {logging_mixin.py:188} INFO - [2024-03-14T11:13:38.818+0000] {dag.py:3047} INFO - Sync 1 DAGs
[2024-03-14T11:13:38.828+0000] {logging_mixin.py:188} INFO - [2024-03-14T11:13:38.828+0000] {dag.py:3834} INFO - Setting next_dagrun for example_bash_operator to 2024-03-13 00:00:00+00:00, run_after=2024-03-14 00:00:00+00:00
[2024-03-14T11:13:38.835+0000] {processor.py:183} INFO - Processing /home/airflow/.local/lib/python3.8/site-packages/airflow/example_dags/example_bash_operator.py took 0.037 seconds
[2024-03-14T11:14:09.202+0000] {processor.py:161} INFO - Started process (PID=2032) to work on /home/airflow/.local/lib/python3.8/site-packages/airflow/example_dags/example_bash_operator.py
[2024-03-14T11:14:09.203+0000] {processor.py:830} INFO - Processing file /home/airflow/.local/lib/python3.8/site-packages/airflow/example_dags/example_bash_operator.py for tasks to queue
[2024-03-14T11:14:09.204+0000] {logging_mixin.py:188} INFO - [2024-03-14T11:14:09.204+0000] {dagbag.py:540} INFO - Filling up the DagBag from /home/airflow/.local/lib/python3.8/site-packages/airflow/example_dags/example_bash_operator.py
[2024-03-14T11:14:09.209+0000] {processor.py:840} INFO - DAG(s) 'example_bash_operator' retrieved from /home/airflow/.local/lib/python3.8/site-packages/airflow/example_dags/example_bash_operator.py
[2024-03-14T11:14:09.221+0000] {logging_mixin.py:188} INFO - [2024-03-14T11:14:09.221+0000] {dag.py:3047} INFO - Sync 1 DAGs
[2024-03-14T11:14:09.231+0000] {logging_mixin.py:188} INFO - [2024-03-14T11:14:09.231+0000] {dag.py:3834} INFO - Setting next_dagrun for example_bash_operator to 2024-03-13 00:00:00+00:00, run_after=2024-03-14 00:00:00+00:00
[2024-03-14T11:14:09.238+0000] {processor.py:183} INFO - Processing /home/airflow/.local/lib/python3.8/site-packages/airflow/example_dags/example_bash_operator.py took 0.037 seconds
[2024-03-14T11:14:39.553+0000] {processor.py:161} INFO - Started process (PID=2087) to work on /home/airflow/.local/lib/python3.8/site-packages/airflow/example_dags/example_bash_operator.py
[2024-03-14T11:14:39.554+0000] {processor.py:830} INFO - Processing file /home/airflow/.local/lib/python3.8/site-packages/airflow/example_dags/example_bash_operator.py for tasks to queue
[2024-03-14T11:14:39.555+0000] {logging_mixin.py:188} INFO - [2024-03-14T11:14:39.555+0000] {dagbag.py:540} INFO - Filling up the DagBag from /home/airflow/.local/lib/python3.8/site-packages/airflow/example_dags/example_bash_operator.py
[2024-03-14T11:14:39.560+0000] {processor.py:840} INFO - DAG(s) 'example_bash_operator' retrieved from /home/airflow/.local/lib/python3.8/site-packages/airflow/example_dags/example_bash_operator.py
[2024-03-14T11:14:39.572+0000] {logging_mixin.py:188} INFO - [2024-03-14T11:14:39.572+0000] {dag.py:3047} INFO - Sync 1 DAGs
[2024-03-14T11:14:39.582+0000] {logging_mixin.py:188} INFO - [2024-03-14T11:14:39.582+0000] {dag.py:3834} INFO - Setting next_dagrun for example_bash_operator to 2024-03-13 00:00:00+00:00, run_after=2024-03-14 00:00:00+00:00
[2024-03-14T11:14:39.588+0000] {processor.py:183} INFO - Processing /home/airflow/.local/lib/python3.8/site-packages/airflow/example_dags/example_bash_operator.py took 0.037 seconds
[2024-03-14T11:15:09.943+0000] {processor.py:161} INFO - Started process (PID=2142) to work on /home/airflow/.local/lib/python3.8/site-packages/airflow/example_dags/example_bash_operator.py
[2024-03-14T11:15:09.943+0000] {processor.py:830} INFO - Processing file /home/airflow/.local/lib/python3.8/site-packages/airflow/example_dags/example_bash_operator.py for tasks to queue
[2024-03-14T11:15:09.944+0000] {logging_mixin.py:188} INFO - [2024-03-14T11:15:09.944+0000] {dagbag.py:540} INFO - Filling up the DagBag from /home/airflow/.local/lib/python3.8/site-packages/airflow/example_dags/example_bash_operator.py
[2024-03-14T11:15:09.950+0000] {processor.py:840} INFO - DAG(s) 'example_bash_operator' retrieved from /home/airflow/.local/lib/python3.8/site-packages/airflow/example_dags/example_bash_operator.py
[2024-03-14T11:15:09.962+0000] {logging_mixin.py:188} INFO - [2024-03-14T11:15:09.962+0000] {dag.py:3047} INFO - Sync 1 DAGs
[2024-03-14T11:15:09.972+0000] {logging_mixin.py:188} INFO - [2024-03-14T11:15:09.972+0000] {dag.py:3834} INFO - Setting next_dagrun for example_bash_operator to 2024-03-13 00:00:00+00:00, run_after=2024-03-14 00:00:00+00:00
[2024-03-14T11:15:09.979+0000] {processor.py:183} INFO - Processing /home/airflow/.local/lib/python3.8/site-packages/airflow/example_dags/example_bash_operator.py took 0.038 seconds
[2024-03-14T11:15:40.325+0000] {processor.py:161} INFO - Started process (PID=2197) to work on /home/airflow/.local/lib/python3.8/site-packages/airflow/example_dags/example_bash_operator.py
[2024-03-14T11:15:40.325+0000] {processor.py:830} INFO - Processing file /home/airflow/.local/lib/python3.8/site-packages/airflow/example_dags/example_bash_operator.py for tasks to queue
[2024-03-14T11:15:40.326+0000] {logging_mixin.py:188} INFO - [2024-03-14T11:15:40.326+0000] {dagbag.py:540} INFO - Filling up the DagBag from /home/airflow/.local/lib/python3.8/site-packages/airflow/example_dags/example_bash_operator.py
[2024-03-14T11:15:40.332+0000] {processor.py:840} INFO - DAG(s) 'example_bash_operator' retrieved from /home/airflow/.local/lib/python3.8/site-packages/airflow/example_dags/example_bash_operator.py
[2024-03-14T11:15:40.345+0000] {logging_mixin.py:188} INFO - [2024-03-14T11:15:40.345+0000] {dag.py:3047} INFO - Sync 1 DAGs
[2024-03-14T11:15:40.355+0000] {logging_mixin.py:188} INFO - [2024-03-14T11:15:40.354+0000] {dag.py:3834} INFO - Setting next_dagrun for example_bash_operator to 2024-03-13 00:00:00+00:00, run_after=2024-03-14 00:00:00+00:00
[2024-03-14T11:15:40.362+0000] {processor.py:183} INFO - Processing /home/airflow/.local/lib/python3.8/site-packages/airflow/example_dags/example_bash_operator.py took 0.039 seconds
[2024-03-14T11:16:10.780+0000] {processor.py:161} INFO - Started process (PID=2251) to work on /home/airflow/.local/lib/python3.8/site-packages/airflow/example_dags/example_bash_operator.py
[2024-03-14T11:16:10.780+0000] {processor.py:830} INFO - Processing file /home/airflow/.local/lib/python3.8/site-packages/airflow/example_dags/example_bash_operator.py for tasks to queue
[2024-03-14T11:16:10.781+0000] {logging_mixin.py:188} INFO - [2024-03-14T11:16:10.781+0000] {dagbag.py:540} INFO - Filling up the DagBag from /home/airflow/.local/lib/python3.8/site-packages/airflow/example_dags/example_bash_operator.py
[2024-03-14T11:16:10.786+0000] {processor.py:840} INFO - DAG(s) 'example_bash_operator' retrieved from /home/airflow/.local/lib/python3.8/site-packages/airflow/example_dags/example_bash_operator.py
[2024-03-14T11:16:10.797+0000] {logging_mixin.py:188} INFO - [2024-03-14T11:16:10.797+0000] {dag.py:3047} INFO - Sync 1 DAGs
[2024-03-14T11:16:10.806+0000] {logging_mixin.py:188} INFO - [2024-03-14T11:16:10.806+0000] {dag.py:3834} INFO - Setting next_dagrun for example_bash_operator to 2024-03-13 00:00:00+00:00, run_after=2024-03-14 00:00:00+00:00
[2024-03-14T11:16:10.814+0000] {processor.py:183} INFO - Processing /home/airflow/.local/lib/python3.8/site-packages/airflow/example_dags/example_bash_operator.py took 0.036 seconds
[2024-03-14T11:16:41.211+0000] {processor.py:161} INFO - Started process (PID=2306) to work on /home/airflow/.local/lib/python3.8/site-packages/airflow/example_dags/example_bash_operator.py
[2024-03-14T11:16:41.212+0000] {processor.py:830} INFO - Processing file /home/airflow/.local/lib/python3.8/site-packages/airflow/example_dags/example_bash_operator.py for tasks to queue
[2024-03-14T11:16:41.213+0000] {logging_mixin.py:188} INFO - [2024-03-14T11:16:41.213+0000] {dagbag.py:540} INFO - Filling up the DagBag from /home/airflow/.local/lib/python3.8/site-packages/airflow/example_dags/example_bash_operator.py
[2024-03-14T11:16:41.218+0000] {processor.py:840} INFO - DAG(s) 'example_bash_operator' retrieved from /home/airflow/.local/lib/python3.8/site-packages/airflow/example_dags/example_bash_operator.py
[2024-03-14T11:16:41.230+0000] {logging_mixin.py:188} INFO - [2024-03-14T11:16:41.230+0000] {dag.py:3047} INFO - Sync 1 DAGs
[2024-03-14T11:16:41.240+0000] {logging_mixin.py:188} INFO - [2024-03-14T11:16:41.240+0000] {dag.py:3834} INFO - Setting next_dagrun for example_bash_operator to 2024-03-13 00:00:00+00:00, run_after=2024-03-14 00:00:00+00:00
[2024-03-14T11:16:41.247+0000] {processor.py:183} INFO - Processing /home/airflow/.local/lib/python3.8/site-packages/airflow/example_dags/example_bash_operator.py took 0.037 seconds
[2024-03-14T11:17:11.673+0000] {processor.py:161} INFO - Started process (PID=2361) to work on /home/airflow/.local/lib/python3.8/site-packages/airflow/example_dags/example_bash_operator.py
[2024-03-14T11:17:11.673+0000] {processor.py:830} INFO - Processing file /home/airflow/.local/lib/python3.8/site-packages/airflow/example_dags/example_bash_operator.py for tasks to queue
[2024-03-14T11:17:11.674+0000] {logging_mixin.py:188} INFO - [2024-03-14T11:17:11.674+0000] {dagbag.py:540} INFO - Filling up the DagBag from /home/airflow/.local/lib/python3.8/site-packages/airflow/example_dags/example_bash_operator.py
[2024-03-14T11:17:11.679+0000] {processor.py:840} INFO - DAG(s) 'example_bash_operator' retrieved from /home/airflow/.local/lib/python3.8/site-packages/airflow/example_dags/example_bash_operator.py
[2024-03-14T11:17:11.693+0000] {logging_mixin.py:188} INFO - [2024-03-14T11:17:11.693+0000] {dag.py:3047} INFO - Sync 1 DAGs
[2024-03-14T11:17:11.704+0000] {logging_mixin.py:188} INFO - [2024-03-14T11:17:11.704+0000] {dag.py:3834} INFO - Setting next_dagrun for example_bash_operator to 2024-03-13 00:00:00+00:00, run_after=2024-03-14 00:00:00+00:00
[2024-03-14T11:17:11.711+0000] {processor.py:183} INFO - Processing /home/airflow/.local/lib/python3.8/site-packages/airflow/example_dags/example_bash_operator.py took 0.040 seconds
[2024-03-14T11:17:42.140+0000] {processor.py:161} INFO - Started process (PID=2416) to work on /home/airflow/.local/lib/python3.8/site-packages/airflow/example_dags/example_bash_operator.py
[2024-03-14T11:17:42.141+0000] {processor.py:830} INFO - Processing file /home/airflow/.local/lib/python3.8/site-packages/airflow/example_dags/example_bash_operator.py for tasks to queue
[2024-03-14T11:17:42.141+0000] {logging_mixin.py:188} INFO - [2024-03-14T11:17:42.141+0000] {dagbag.py:540} INFO - Filling up the DagBag from /home/airflow/.local/lib/python3.8/site-packages/airflow/example_dags/example_bash_operator.py
[2024-03-14T11:17:42.147+0000] {processor.py:840} INFO - DAG(s) 'example_bash_operator' retrieved from /home/airflow/.local/lib/python3.8/site-packages/airflow/example_dags/example_bash_operator.py
[2024-03-14T11:17:42.159+0000] {logging_mixin.py:188} INFO - [2024-03-14T11:17:42.159+0000] {dag.py:3047} INFO - Sync 1 DAGs
[2024-03-14T11:17:42.168+0000] {logging_mixin.py:188} INFO - [2024-03-14T11:17:42.168+0000] {dag.py:3834} INFO - Setting next_dagrun for example_bash_operator to 2024-03-13 00:00:00+00:00, run_after=2024-03-14 00:00:00+00:00
[2024-03-14T11:17:42.175+0000] {processor.py:183} INFO - Processing /home/airflow/.local/lib/python3.8/site-packages/airflow/example_dags/example_bash_operator.py took 0.036 seconds
[2024-03-14T11:18:12.662+0000] {processor.py:161} INFO - Started process (PID=2470) to work on /home/airflow/.local/lib/python3.8/site-packages/airflow/example_dags/example_bash_operator.py
[2024-03-14T11:18:12.662+0000] {processor.py:830} INFO - Processing file /home/airflow/.local/lib/python3.8/site-packages/airflow/example_dags/example_bash_operator.py for tasks to queue
[2024-03-14T11:18:12.665+0000] {logging_mixin.py:188} INFO - [2024-03-14T11:18:12.665+0000] {dagbag.py:540} INFO - Filling up the DagBag from /home/airflow/.local/lib/python3.8/site-packages/airflow/example_dags/example_bash_operator.py
[2024-03-14T11:18:12.670+0000] {processor.py:840} INFO - DAG(s) 'example_bash_operator' retrieved from /home/airflow/.local/lib/python3.8/site-packages/airflow/example_dags/example_bash_operator.py
[2024-03-14T11:18:12.682+0000] {logging_mixin.py:188} INFO - [2024-03-14T11:18:12.682+0000] {dag.py:3047} INFO - Sync 1 DAGs
[2024-03-14T11:18:12.691+0000] {logging_mixin.py:188} INFO - [2024-03-14T11:18:12.691+0000] {dag.py:3834} INFO - Setting next_dagrun for example_bash_operator to 2024-03-13 00:00:00+00:00, run_after=2024-03-14 00:00:00+00:00
[2024-03-14T11:18:12.698+0000] {processor.py:183} INFO - Processing /home/airflow/.local/lib/python3.8/site-packages/airflow/example_dags/example_bash_operator.py took 0.039 seconds
[2024-03-14T11:18:43.036+0000] {processor.py:161} INFO - Started process (PID=2525) to work on /home/airflow/.local/lib/python3.8/site-packages/airflow/example_dags/example_bash_operator.py
[2024-03-14T11:18:43.036+0000] {processor.py:830} INFO - Processing file /home/airflow/.local/lib/python3.8/site-packages/airflow/example_dags/example_bash_operator.py for tasks to queue
[2024-03-14T11:18:43.037+0000] {logging_mixin.py:188} INFO - [2024-03-14T11:18:43.037+0000] {dagbag.py:540} INFO - Filling up the DagBag from /home/airflow/.local/lib/python3.8/site-packages/airflow/example_dags/example_bash_operator.py
[2024-03-14T11:18:43.043+0000] {processor.py:840} INFO - DAG(s) 'example_bash_operator' retrieved from /home/airflow/.local/lib/python3.8/site-packages/airflow/example_dags/example_bash_operator.py
[2024-03-14T11:18:43.054+0000] {logging_mixin.py:188} INFO - [2024-03-14T11:18:43.054+0000] {dag.py:3047} INFO - Sync 1 DAGs
[2024-03-14T11:18:43.063+0000] {logging_mixin.py:188} INFO - [2024-03-14T11:18:43.063+0000] {dag.py:3834} INFO - Setting next_dagrun for example_bash_operator to 2024-03-13 00:00:00+00:00, run_after=2024-03-14 00:00:00+00:00
[2024-03-14T11:18:43.069+0000] {processor.py:183} INFO - Processing /home/airflow/.local/lib/python3.8/site-packages/airflow/example_dags/example_bash_operator.py took 0.035 seconds
[2024-03-14T11:19:13.429+0000] {processor.py:161} INFO - Started process (PID=2580) to work on /home/airflow/.local/lib/python3.8/site-packages/airflow/example_dags/example_bash_operator.py
[2024-03-14T11:19:13.430+0000] {processor.py:830} INFO - Processing file /home/airflow/.local/lib/python3.8/site-packages/airflow/example_dags/example_bash_operator.py for tasks to queue
[2024-03-14T11:19:13.431+0000] {logging_mixin.py:188} INFO - [2024-03-14T11:19:13.431+0000] {dagbag.py:540} INFO - Filling up the DagBag from /home/airflow/.local/lib/python3.8/site-packages/airflow/example_dags/example_bash_operator.py
[2024-03-14T11:19:13.436+0000] {processor.py:840} INFO - DAG(s) 'example_bash_operator' retrieved from /home/airflow/.local/lib/python3.8/site-packages/airflow/example_dags/example_bash_operator.py
[2024-03-14T11:19:13.448+0000] {logging_mixin.py:188} INFO - [2024-03-14T11:19:13.448+0000] {dag.py:3047} INFO - Sync 1 DAGs
[2024-03-14T11:19:13.458+0000] {logging_mixin.py:188} INFO - [2024-03-14T11:19:13.458+0000] {dag.py:3834} INFO - Setting next_dagrun for example_bash_operator to 2024-03-13 00:00:00+00:00, run_after=2024-03-14 00:00:00+00:00
[2024-03-14T11:19:13.465+0000] {processor.py:183} INFO - Processing /home/airflow/.local/lib/python3.8/site-packages/airflow/example_dags/example_bash_operator.py took 0.037 seconds
[2024-03-14T11:19:43.856+0000] {processor.py:161} INFO - Started process (PID=2635) to work on /home/airflow/.local/lib/python3.8/site-packages/airflow/example_dags/example_bash_operator.py
[2024-03-14T11:19:43.856+0000] {processor.py:830} INFO - Processing file /home/airflow/.local/lib/python3.8/site-packages/airflow/example_dags/example_bash_operator.py for tasks to queue
[2024-03-14T11:19:43.857+0000] {logging_mixin.py:188} INFO - [2024-03-14T11:19:43.857+0000] {dagbag.py:540} INFO - Filling up the DagBag from /home/airflow/.local/lib/python3.8/site-packages/airflow/example_dags/example_bash_operator.py
[2024-03-14T11:19:43.862+0000] {processor.py:840} INFO - DAG(s) 'example_bash_operator' retrieved from /home/airflow/.local/lib/python3.8/site-packages/airflow/example_dags/example_bash_operator.py
[2024-03-14T11:19:43.874+0000] {logging_mixin.py:188} INFO - [2024-03-14T11:19:43.874+0000] {dag.py:3047} INFO - Sync 1 DAGs
[2024-03-14T11:19:43.884+0000] {logging_mixin.py:188} INFO - [2024-03-14T11:19:43.884+0000] {dag.py:3834} INFO - Setting next_dagrun for example_bash_operator to 2024-03-13 00:00:00+00:00, run_after=2024-03-14 00:00:00+00:00
[2024-03-14T11:19:43.891+0000] {processor.py:183} INFO - Processing /home/airflow/.local/lib/python3.8/site-packages/airflow/example_dags/example_bash_operator.py took 0.037 seconds
[2024-03-14T11:20:14.271+0000] {processor.py:161} INFO - Started process (PID=2690) to work on /home/airflow/.local/lib/python3.8/site-packages/airflow/example_dags/example_bash_operator.py
[2024-03-14T11:20:14.272+0000] {processor.py:830} INFO - Processing file /home/airflow/.local/lib/python3.8/site-packages/airflow/example_dags/example_bash_operator.py for tasks to queue
[2024-03-14T11:20:14.273+0000] {logging_mixin.py:188} INFO - [2024-03-14T11:20:14.273+0000] {dagbag.py:540} INFO - Filling up the DagBag from /home/airflow/.local/lib/python3.8/site-packages/airflow/example_dags/example_bash_operator.py
[2024-03-14T11:20:14.279+0000] {processor.py:840} INFO - DAG(s) 'example_bash_operator' retrieved from /home/airflow/.local/lib/python3.8/site-packages/airflow/example_dags/example_bash_operator.py
[2024-03-14T11:20:14.291+0000] {logging_mixin.py:188} INFO - [2024-03-14T11:20:14.291+0000] {dag.py:3047} INFO - Sync 1 DAGs
[2024-03-14T11:20:14.302+0000] {logging_mixin.py:188} INFO - [2024-03-14T11:20:14.302+0000] {dag.py:3834} INFO - Setting next_dagrun for example_bash_operator to 2024-03-13 00:00:00+00:00, run_after=2024-03-14 00:00:00+00:00
[2024-03-14T11:20:14.310+0000] {processor.py:183} INFO - Processing /home/airflow/.local/lib/python3.8/site-packages/airflow/example_dags/example_bash_operator.py took 0.040 seconds
[2024-03-14T11:20:44.717+0000] {processor.py:161} INFO - Started process (PID=2745) to work on /home/airflow/.local/lib/python3.8/site-packages/airflow/example_dags/example_bash_operator.py
[2024-03-14T11:20:44.718+0000] {processor.py:830} INFO - Processing file /home/airflow/.local/lib/python3.8/site-packages/airflow/example_dags/example_bash_operator.py for tasks to queue
[2024-03-14T11:20:44.719+0000] {logging_mixin.py:188} INFO - [2024-03-14T11:20:44.719+0000] {dagbag.py:540} INFO - Filling up the DagBag from /home/airflow/.local/lib/python3.8/site-packages/airflow/example_dags/example_bash_operator.py
[2024-03-14T11:20:44.725+0000] {processor.py:840} INFO - DAG(s) 'example_bash_operator' retrieved from /home/airflow/.local/lib/python3.8/site-packages/airflow/example_dags/example_bash_operator.py
[2024-03-14T11:20:44.738+0000] {logging_mixin.py:188} INFO - [2024-03-14T11:20:44.738+0000] {dag.py:3047} INFO - Sync 1 DAGs
[2024-03-14T11:20:44.748+0000] {logging_mixin.py:188} INFO - [2024-03-14T11:20:44.748+0000] {dag.py:3834} INFO - Setting next_dagrun for example_bash_operator to 2024-03-13 00:00:00+00:00, run_after=2024-03-14 00:00:00+00:00
[2024-03-14T11:20:44.756+0000] {processor.py:183} INFO - Processing /home/airflow/.local/lib/python3.8/site-packages/airflow/example_dags/example_bash_operator.py took 0.040 seconds
[2024-03-14T11:21:15.284+0000] {processor.py:161} INFO - Started process (PID=2800) to work on /home/airflow/.local/lib/python3.8/site-packages/airflow/example_dags/example_bash_operator.py
[2024-03-14T11:21:15.285+0000] {processor.py:830} INFO - Processing file /home/airflow/.local/lib/python3.8/site-packages/airflow/example_dags/example_bash_operator.py for tasks to queue
[2024-03-14T11:21:15.286+0000] {logging_mixin.py:188} INFO - [2024-03-14T11:21:15.286+0000] {dagbag.py:540} INFO - Filling up the DagBag from /home/airflow/.local/lib/python3.8/site-packages/airflow/example_dags/example_bash_operator.py
[2024-03-14T11:21:15.291+0000] {processor.py:840} INFO - DAG(s) 'example_bash_operator' retrieved from /home/airflow/.local/lib/python3.8/site-packages/airflow/example_dags/example_bash_operator.py
[2024-03-14T11:21:15.302+0000] {logging_mixin.py:188} INFO - [2024-03-14T11:21:15.302+0000] {dag.py:3047} INFO - Sync 1 DAGs
[2024-03-14T11:21:15.311+0000] {logging_mixin.py:188} INFO - [2024-03-14T11:21:15.310+0000] {dag.py:3834} INFO - Setting next_dagrun for example_bash_operator to 2024-03-13 00:00:00+00:00, run_after=2024-03-14 00:00:00+00:00
[2024-03-14T11:21:15.317+0000] {processor.py:183} INFO - Processing /home/airflow/.local/lib/python3.8/site-packages/airflow/example_dags/example_bash_operator.py took 0.035 seconds
[2024-03-14T11:21:45.722+0000] {processor.py:161} INFO - Started process (PID=2855) to work on /home/airflow/.local/lib/python3.8/site-packages/airflow/example_dags/example_bash_operator.py
[2024-03-14T11:21:45.723+0000] {processor.py:830} INFO - Processing file /home/airflow/.local/lib/python3.8/site-packages/airflow/example_dags/example_bash_operator.py for tasks to queue
[2024-03-14T11:21:45.724+0000] {logging_mixin.py:188} INFO - [2024-03-14T11:21:45.724+0000] {dagbag.py:540} INFO - Filling up the DagBag from /home/airflow/.local/lib/python3.8/site-packages/airflow/example_dags/example_bash_operator.py
[2024-03-14T11:21:45.729+0000] {processor.py:840} INFO - DAG(s) 'example_bash_operator' retrieved from /home/airflow/.local/lib/python3.8/site-packages/airflow/example_dags/example_bash_operator.py
[2024-03-14T11:21:45.741+0000] {logging_mixin.py:188} INFO - [2024-03-14T11:21:45.741+0000] {dag.py:3047} INFO - Sync 1 DAGs
[2024-03-14T11:21:45.750+0000] {logging_mixin.py:188} INFO - [2024-03-14T11:21:45.750+0000] {dag.py:3834} INFO - Setting next_dagrun for example_bash_operator to 2024-03-13 00:00:00+00:00, run_after=2024-03-14 00:00:00+00:00
[2024-03-14T11:21:45.758+0000] {processor.py:183} INFO - Processing /home/airflow/.local/lib/python3.8/site-packages/airflow/example_dags/example_bash_operator.py took 0.037 seconds
[2024-03-14T11:22:16.180+0000] {processor.py:161} INFO - Started process (PID=2910) to work on /home/airflow/.local/lib/python3.8/site-packages/airflow/example_dags/example_bash_operator.py
[2024-03-14T11:22:16.181+0000] {processor.py:830} INFO - Processing file /home/airflow/.local/lib/python3.8/site-packages/airflow/example_dags/example_bash_operator.py for tasks to queue
[2024-03-14T11:22:16.182+0000] {logging_mixin.py:188} INFO - [2024-03-14T11:22:16.181+0000] {dagbag.py:540} INFO - Filling up the DagBag from /home/airflow/.local/lib/python3.8/site-packages/airflow/example_dags/example_bash_operator.py
[2024-03-14T11:22:16.187+0000] {processor.py:840} INFO - DAG(s) 'example_bash_operator' retrieved from /home/airflow/.local/lib/python3.8/site-packages/airflow/example_dags/example_bash_operator.py
[2024-03-14T11:22:16.199+0000] {logging_mixin.py:188} INFO - [2024-03-14T11:22:16.199+0000] {dag.py:3047} INFO - Sync 1 DAGs
[2024-03-14T11:22:16.208+0000] {logging_mixin.py:188} INFO - [2024-03-14T11:22:16.208+0000] {dag.py:3834} INFO - Setting next_dagrun for example_bash_operator to 2024-03-13 00:00:00+00:00, run_after=2024-03-14 00:00:00+00:00
[2024-03-14T11:22:16.215+0000] {processor.py:183} INFO - Processing /home/airflow/.local/lib/python3.8/site-packages/airflow/example_dags/example_bash_operator.py took 0.036 seconds
[2024-03-14T11:22:46.681+0000] {processor.py:161} INFO - Started process (PID=2965) to work on /home/airflow/.local/lib/python3.8/site-packages/airflow/example_dags/example_bash_operator.py
[2024-03-14T11:22:46.682+0000] {processor.py:830} INFO - Processing file /home/airflow/.local/lib/python3.8/site-packages/airflow/example_dags/example_bash_operator.py for tasks to queue
[2024-03-14T11:22:46.683+0000] {logging_mixin.py:188} INFO - [2024-03-14T11:22:46.683+0000] {dagbag.py:540} INFO - Filling up the DagBag from /home/airflow/.local/lib/python3.8/site-packages/airflow/example_dags/example_bash_operator.py
[2024-03-14T11:22:46.688+0000] {processor.py:840} INFO - DAG(s) 'example_bash_operator' retrieved from /home/airflow/.local/lib/python3.8/site-packages/airflow/example_dags/example_bash_operator.py
[2024-03-14T11:22:46.701+0000] {logging_mixin.py:188} INFO - [2024-03-14T11:22:46.701+0000] {dag.py:3047} INFO - Sync 1 DAGs
[2024-03-14T11:22:46.712+0000] {logging_mixin.py:188} INFO - [2024-03-14T11:22:46.712+0000] {dag.py:3834} INFO - Setting next_dagrun for example_bash_operator to 2024-03-13 00:00:00+00:00, run_after=2024-03-14 00:00:00+00:00
[2024-03-14T11:22:46.719+0000] {processor.py:183} INFO - Processing /home/airflow/.local/lib/python3.8/site-packages/airflow/example_dags/example_bash_operator.py took 0.040 seconds
[2024-03-14T11:23:17.082+0000] {processor.py:161} INFO - Started process (PID=3020) to work on /home/airflow/.local/lib/python3.8/site-packages/airflow/example_dags/example_bash_operator.py
[2024-03-14T11:23:17.083+0000] {processor.py:830} INFO - Processing file /home/airflow/.local/lib/python3.8/site-packages/airflow/example_dags/example_bash_operator.py for tasks to queue
[2024-03-14T11:23:17.084+0000] {logging_mixin.py:188} INFO - [2024-03-14T11:23:17.084+0000] {dagbag.py:540} INFO - Filling up the DagBag from /home/airflow/.local/lib/python3.8/site-packages/airflow/example_dags/example_bash_operator.py
[2024-03-14T11:23:17.089+0000] {processor.py:840} INFO - DAG(s) 'example_bash_operator' retrieved from /home/airflow/.local/lib/python3.8/site-packages/airflow/example_dags/example_bash_operator.py
[2024-03-14T11:23:17.102+0000] {logging_mixin.py:188} INFO - [2024-03-14T11:23:17.102+0000] {dag.py:3047} INFO - Sync 1 DAGs
[2024-03-14T11:23:17.112+0000] {logging_mixin.py:188} INFO - [2024-03-14T11:23:17.112+0000] {dag.py:3834} INFO - Setting next_dagrun for example_bash_operator to 2024-03-13 00:00:00+00:00, run_after=2024-03-14 00:00:00+00:00
[2024-03-14T11:23:17.120+0000] {processor.py:183} INFO - Processing /home/airflow/.local/lib/python3.8/site-packages/airflow/example_dags/example_bash_operator.py took 0.039 seconds
[2024-03-14T11:23:47.544+0000] {processor.py:161} INFO - Started process (PID=3075) to work on /home/airflow/.local/lib/python3.8/site-packages/airflow/example_dags/example_bash_operator.py
[2024-03-14T11:23:47.545+0000] {processor.py:830} INFO - Processing file /home/airflow/.local/lib/python3.8/site-packages/airflow/example_dags/example_bash_operator.py for tasks to queue
[2024-03-14T11:23:47.546+0000] {logging_mixin.py:188} INFO - [2024-03-14T11:23:47.546+0000] {dagbag.py:540} INFO - Filling up the DagBag from /home/airflow/.local/lib/python3.8/site-packages/airflow/example_dags/example_bash_operator.py
[2024-03-14T11:23:47.552+0000] {processor.py:840} INFO - DAG(s) 'example_bash_operator' retrieved from /home/airflow/.local/lib/python3.8/site-packages/airflow/example_dags/example_bash_operator.py
[2024-03-14T11:23:47.565+0000] {logging_mixin.py:188} INFO - [2024-03-14T11:23:47.565+0000] {dag.py:3047} INFO - Sync 1 DAGs
[2024-03-14T11:23:47.574+0000] {logging_mixin.py:188} INFO - [2024-03-14T11:23:47.574+0000] {dag.py:3834} INFO - Setting next_dagrun for example_bash_operator to 2024-03-13 00:00:00+00:00, run_after=2024-03-14 00:00:00+00:00
[2024-03-14T11:23:47.582+0000] {processor.py:183} INFO - Processing /home/airflow/.local/lib/python3.8/site-packages/airflow/example_dags/example_bash_operator.py took 0.039 seconds
[2024-03-14T11:24:17.914+0000] {processor.py:161} INFO - Started process (PID=3130) to work on /home/airflow/.local/lib/python3.8/site-packages/airflow/example_dags/example_bash_operator.py
[2024-03-14T11:24:17.915+0000] {processor.py:830} INFO - Processing file /home/airflow/.local/lib/python3.8/site-packages/airflow/example_dags/example_bash_operator.py for tasks to queue
[2024-03-14T11:24:17.916+0000] {logging_mixin.py:188} INFO - [2024-03-14T11:24:17.916+0000] {dagbag.py:540} INFO - Filling up the DagBag from /home/airflow/.local/lib/python3.8/site-packages/airflow/example_dags/example_bash_operator.py
[2024-03-14T11:24:17.921+0000] {processor.py:840} INFO - DAG(s) 'example_bash_operator' retrieved from /home/airflow/.local/lib/python3.8/site-packages/airflow/example_dags/example_bash_operator.py
[2024-03-14T11:24:17.933+0000] {logging_mixin.py:188} INFO - [2024-03-14T11:24:17.933+0000] {dag.py:3047} INFO - Sync 1 DAGs
[2024-03-14T11:24:17.943+0000] {logging_mixin.py:188} INFO - [2024-03-14T11:24:17.943+0000] {dag.py:3834} INFO - Setting next_dagrun for example_bash_operator to 2024-03-13 00:00:00+00:00, run_after=2024-03-14 00:00:00+00:00
[2024-03-14T11:24:17.951+0000] {processor.py:183} INFO - Processing /home/airflow/.local/lib/python3.8/site-packages/airflow/example_dags/example_bash_operator.py took 0.038 seconds
[2024-03-14T11:24:48.266+0000] {processor.py:161} INFO - Started process (PID=3185) to work on /home/airflow/.local/lib/python3.8/site-packages/airflow/example_dags/example_bash_operator.py
[2024-03-14T11:24:48.267+0000] {processor.py:830} INFO - Processing file /home/airflow/.local/lib/python3.8/site-packages/airflow/example_dags/example_bash_operator.py for tasks to queue
[2024-03-14T11:24:48.268+0000] {logging_mixin.py:188} INFO - [2024-03-14T11:24:48.268+0000] {dagbag.py:540} INFO - Filling up the DagBag from /home/airflow/.local/lib/python3.8/site-packages/airflow/example_dags/example_bash_operator.py
[2024-03-14T11:24:48.273+0000] {processor.py:840} INFO - DAG(s) 'example_bash_operator' retrieved from /home/airflow/.local/lib/python3.8/site-packages/airflow/example_dags/example_bash_operator.py
[2024-03-14T11:24:48.285+0000] {logging_mixin.py:188} INFO - [2024-03-14T11:24:48.285+0000] {dag.py:3047} INFO - Sync 1 DAGs
[2024-03-14T11:24:48.295+0000] {logging_mixin.py:188} INFO - [2024-03-14T11:24:48.295+0000] {dag.py:3834} INFO - Setting next_dagrun for example_bash_operator to 2024-03-13 00:00:00+00:00, run_after=2024-03-14 00:00:00+00:00
[2024-03-14T11:24:48.303+0000] {processor.py:183} INFO - Processing /home/airflow/.local/lib/python3.8/site-packages/airflow/example_dags/example_bash_operator.py took 0.039 seconds
[2024-03-14T11:25:18.696+0000] {processor.py:161} INFO - Started process (PID=3240) to work on /home/airflow/.local/lib/python3.8/site-packages/airflow/example_dags/example_bash_operator.py
[2024-03-14T11:25:18.697+0000] {processor.py:830} INFO - Processing file /home/airflow/.local/lib/python3.8/site-packages/airflow/example_dags/example_bash_operator.py for tasks to queue
[2024-03-14T11:25:18.698+0000] {logging_mixin.py:188} INFO - [2024-03-14T11:25:18.698+0000] {dagbag.py:540} INFO - Filling up the DagBag from /home/airflow/.local/lib/python3.8/site-packages/airflow/example_dags/example_bash_operator.py
[2024-03-14T11:25:18.704+0000] {processor.py:840} INFO - DAG(s) 'example_bash_operator' retrieved from /home/airflow/.local/lib/python3.8/site-packages/airflow/example_dags/example_bash_operator.py
[2024-03-14T11:25:18.716+0000] {logging_mixin.py:188} INFO - [2024-03-14T11:25:18.716+0000] {dag.py:3047} INFO - Sync 1 DAGs
[2024-03-14T11:25:18.727+0000] {logging_mixin.py:188} INFO - [2024-03-14T11:25:18.727+0000] {dag.py:3834} INFO - Setting next_dagrun for example_bash_operator to 2024-03-13 00:00:00+00:00, run_after=2024-03-14 00:00:00+00:00
[2024-03-14T11:25:18.734+0000] {processor.py:183} INFO - Processing /home/airflow/.local/lib/python3.8/site-packages/airflow/example_dags/example_bash_operator.py took 0.040 seconds
[2024-03-14T11:25:49.149+0000] {processor.py:161} INFO - Started process (PID=3295) to work on /home/airflow/.local/lib/python3.8/site-packages/airflow/example_dags/example_bash_operator.py
[2024-03-14T11:25:49.150+0000] {processor.py:830} INFO - Processing file /home/airflow/.local/lib/python3.8/site-packages/airflow/example_dags/example_bash_operator.py for tasks to queue
[2024-03-14T11:25:49.151+0000] {logging_mixin.py:188} INFO - [2024-03-14T11:25:49.151+0000] {dagbag.py:540} INFO - Filling up the DagBag from /home/airflow/.local/lib/python3.8/site-packages/airflow/example_dags/example_bash_operator.py
[2024-03-14T11:25:49.157+0000] {processor.py:840} INFO - DAG(s) 'example_bash_operator' retrieved from /home/airflow/.local/lib/python3.8/site-packages/airflow/example_dags/example_bash_operator.py
[2024-03-14T11:25:49.171+0000] {logging_mixin.py:188} INFO - [2024-03-14T11:25:49.171+0000] {dag.py:3047} INFO - Sync 1 DAGs
[2024-03-14T11:25:49.182+0000] {logging_mixin.py:188} INFO - [2024-03-14T11:25:49.182+0000] {dag.py:3834} INFO - Setting next_dagrun for example_bash_operator to 2024-03-13 00:00:00+00:00, run_after=2024-03-14 00:00:00+00:00
[2024-03-14T11:25:49.190+0000] {processor.py:183} INFO - Processing /home/airflow/.local/lib/python3.8/site-packages/airflow/example_dags/example_bash_operator.py took 0.042 seconds
[2024-03-14T11:26:19.664+0000] {processor.py:161} INFO - Started process (PID=3350) to work on /home/airflow/.local/lib/python3.8/site-packages/airflow/example_dags/example_bash_operator.py
[2024-03-14T11:26:19.664+0000] {processor.py:830} INFO - Processing file /home/airflow/.local/lib/python3.8/site-packages/airflow/example_dags/example_bash_operator.py for tasks to queue
[2024-03-14T11:26:19.666+0000] {logging_mixin.py:188} INFO - [2024-03-14T11:26:19.666+0000] {dagbag.py:540} INFO - Filling up the DagBag from /home/airflow/.local/lib/python3.8/site-packages/airflow/example_dags/example_bash_operator.py
[2024-03-14T11:26:19.672+0000] {processor.py:840} INFO - DAG(s) 'example_bash_operator' retrieved from /home/airflow/.local/lib/python3.8/site-packages/airflow/example_dags/example_bash_operator.py
[2024-03-14T11:26:19.685+0000] {logging_mixin.py:188} INFO - [2024-03-14T11:26:19.685+0000] {dag.py:3047} INFO - Sync 1 DAGs
[2024-03-14T11:26:19.695+0000] {logging_mixin.py:188} INFO - [2024-03-14T11:26:19.695+0000] {dag.py:3834} INFO - Setting next_dagrun for example_bash_operator to 2024-03-13 00:00:00+00:00, run_after=2024-03-14 00:00:00+00:00
[2024-03-14T11:26:19.703+0000] {processor.py:183} INFO - Processing /home/airflow/.local/lib/python3.8/site-packages/airflow/example_dags/example_bash_operator.py took 0.041 seconds
[2024-03-14T11:26:50.109+0000] {processor.py:161} INFO - Started process (PID=3405) to work on /home/airflow/.local/lib/python3.8/site-packages/airflow/example_dags/example_bash_operator.py
[2024-03-14T11:26:50.109+0000] {processor.py:830} INFO - Processing file /home/airflow/.local/lib/python3.8/site-packages/airflow/example_dags/example_bash_operator.py for tasks to queue
[2024-03-14T11:26:50.110+0000] {logging_mixin.py:188} INFO - [2024-03-14T11:26:50.110+0000] {dagbag.py:540} INFO - Filling up the DagBag from /home/airflow/.local/lib/python3.8/site-packages/airflow/example_dags/example_bash_operator.py
[2024-03-14T11:26:50.115+0000] {processor.py:840} INFO - DAG(s) 'example_bash_operator' retrieved from /home/airflow/.local/lib/python3.8/site-packages/airflow/example_dags/example_bash_operator.py
[2024-03-14T11:26:50.128+0000] {logging_mixin.py:188} INFO - [2024-03-14T11:26:50.128+0000] {dag.py:3047} INFO - Sync 1 DAGs
[2024-03-14T11:26:50.137+0000] {logging_mixin.py:188} INFO - [2024-03-14T11:26:50.137+0000] {dag.py:3834} INFO - Setting next_dagrun for example_bash_operator to 2024-03-13 00:00:00+00:00, run_after=2024-03-14 00:00:00+00:00
[2024-03-14T11:26:50.145+0000] {processor.py:183} INFO - Processing /home/airflow/.local/lib/python3.8/site-packages/airflow/example_dags/example_bash_operator.py took 0.038 seconds
[2024-03-14T11:27:20.633+0000] {processor.py:161} INFO - Started process (PID=3465) to work on /home/airflow/.local/lib/python3.8/site-packages/airflow/example_dags/example_bash_operator.py
[2024-03-14T11:27:20.634+0000] {processor.py:830} INFO - Processing file /home/airflow/.local/lib/python3.8/site-packages/airflow/example_dags/example_bash_operator.py for tasks to queue
[2024-03-14T11:27:20.635+0000] {logging_mixin.py:188} INFO - [2024-03-14T11:27:20.635+0000] {dagbag.py:540} INFO - Filling up the DagBag from /home/airflow/.local/lib/python3.8/site-packages/airflow/example_dags/example_bash_operator.py
[2024-03-14T11:27:20.640+0000] {processor.py:840} INFO - DAG(s) 'example_bash_operator' retrieved from /home/airflow/.local/lib/python3.8/site-packages/airflow/example_dags/example_bash_operator.py
[2024-03-14T11:27:20.653+0000] {logging_mixin.py:188} INFO - [2024-03-14T11:27:20.653+0000] {dag.py:3047} INFO - Sync 1 DAGs
[2024-03-14T11:27:20.662+0000] {logging_mixin.py:188} INFO - [2024-03-14T11:27:20.662+0000] {dag.py:3834} INFO - Setting next_dagrun for example_bash_operator to 2024-03-13 00:00:00+00:00, run_after=2024-03-14 00:00:00+00:00
[2024-03-14T11:27:20.669+0000] {processor.py:183} INFO - Processing /home/airflow/.local/lib/python3.8/site-packages/airflow/example_dags/example_bash_operator.py took 0.037 seconds
[2024-03-14T11:27:51.299+0000] {processor.py:161} INFO - Started process (PID=3520) to work on /home/airflow/.local/lib/python3.8/site-packages/airflow/example_dags/example_bash_operator.py
[2024-03-14T11:27:51.300+0000] {processor.py:830} INFO - Processing file /home/airflow/.local/lib/python3.8/site-packages/airflow/example_dags/example_bash_operator.py for tasks to queue
[2024-03-14T11:27:51.301+0000] {logging_mixin.py:188} INFO - [2024-03-14T11:27:51.300+0000] {dagbag.py:540} INFO - Filling up the DagBag from /home/airflow/.local/lib/python3.8/site-packages/airflow/example_dags/example_bash_operator.py
[2024-03-14T11:27:51.306+0000] {processor.py:840} INFO - DAG(s) 'example_bash_operator' retrieved from /home/airflow/.local/lib/python3.8/site-packages/airflow/example_dags/example_bash_operator.py
[2024-03-14T11:27:51.317+0000] {logging_mixin.py:188} INFO - [2024-03-14T11:27:51.317+0000] {dag.py:3047} INFO - Sync 1 DAGs
[2024-03-14T11:27:51.326+0000] {logging_mixin.py:188} INFO - [2024-03-14T11:27:51.326+0000] {dag.py:3834} INFO - Setting next_dagrun for example_bash_operator to 2024-03-13 00:00:00+00:00, run_after=2024-03-14 00:00:00+00:00
[2024-03-14T11:27:51.334+0000] {processor.py:183} INFO - Processing /home/airflow/.local/lib/python3.8/site-packages/airflow/example_dags/example_bash_operator.py took 0.037 seconds
[2024-03-14T11:28:22.317+0000] {processor.py:161} INFO - Started process (PID=3575) to work on /home/airflow/.local/lib/python3.8/site-packages/airflow/example_dags/example_bash_operator.py
[2024-03-14T11:28:22.317+0000] {processor.py:830} INFO - Processing file /home/airflow/.local/lib/python3.8/site-packages/airflow/example_dags/example_bash_operator.py for tasks to queue
[2024-03-14T11:28:22.318+0000] {logging_mixin.py:188} INFO - [2024-03-14T11:28:22.318+0000] {dagbag.py:540} INFO - Filling up the DagBag from /home/airflow/.local/lib/python3.8/site-packages/airflow/example_dags/example_bash_operator.py
[2024-03-14T11:28:22.324+0000] {processor.py:840} INFO - DAG(s) 'example_bash_operator' retrieved from /home/airflow/.local/lib/python3.8/site-packages/airflow/example_dags/example_bash_operator.py
[2024-03-14T11:28:22.337+0000] {logging_mixin.py:188} INFO - [2024-03-14T11:28:22.336+0000] {dag.py:3047} INFO - Sync 1 DAGs
[2024-03-14T11:28:22.433+0000] {logging_mixin.py:188} INFO - [2024-03-14T11:28:22.433+0000] {dag.py:3834} INFO - Setting next_dagrun for example_bash_operator to 2024-03-13 00:00:00+00:00, run_after=2024-03-14 00:00:00+00:00
[2024-03-14T11:28:22.441+0000] {processor.py:183} INFO - Processing /home/airflow/.local/lib/python3.8/site-packages/airflow/example_dags/example_bash_operator.py took 0.126 seconds
