[2024-03-14T10:55:54.933+0000] {processor.py:161} INFO - Started process (PID=60) to work on /home/airflow/.local/lib/python3.8/site-packages/airflow/example_dags/example_python_operator.py
[2024-03-14T10:55:54.934+0000] {processor.py:830} INFO - Processing file /home/airflow/.local/lib/python3.8/site-packages/airflow/example_dags/example_python_operator.py for tasks to queue
[2024-03-14T10:55:54.935+0000] {logging_mixin.py:188} INFO - [2024-03-14T10:55:54.935+0000] {dagbag.py:540} INFO - Filling up the DagBag from /home/airflow/.local/lib/python3.8/site-packages/airflow/example_dags/example_python_operator.py
[2024-03-14T10:55:54.944+0000] {processor.py:840} INFO - DAG(s) 'example_python_operator' retrieved from /home/airflow/.local/lib/python3.8/site-packages/airflow/example_dags/example_python_operator.py
[2024-03-14T10:55:54.953+0000] {logging_mixin.py:188} INFO - [2024-03-14T10:55:54.953+0000] {dag.py:3047} INFO - Sync 1 DAGs
[2024-03-14T10:55:54.960+0000] {logging_mixin.py:188} INFO - [2024-03-14T10:55:54.960+0000] {dag.py:3834} INFO - Setting next_dagrun for example_python_operator to None, run_after=None
[2024-03-14T10:55:54.981+0000] {processor.py:183} INFO - Processing /home/airflow/.local/lib/python3.8/site-packages/airflow/example_dags/example_python_operator.py took 0.049 seconds
[2024-03-14T10:56:25.030+0000] {processor.py:161} INFO - Started process (PID=115) to work on /home/airflow/.local/lib/python3.8/site-packages/airflow/example_dags/example_python_operator.py
[2024-03-14T10:56:25.031+0000] {processor.py:830} INFO - Processing file /home/airflow/.local/lib/python3.8/site-packages/airflow/example_dags/example_python_operator.py for tasks to queue
[2024-03-14T10:56:25.031+0000] {logging_mixin.py:188} INFO - [2024-03-14T10:56:25.031+0000] {dagbag.py:540} INFO - Filling up the DagBag from /home/airflow/.local/lib/python3.8/site-packages/airflow/example_dags/example_python_operator.py
[2024-03-14T10:56:25.036+0000] {processor.py:840} INFO - DAG(s) 'example_python_operator' retrieved from /home/airflow/.local/lib/python3.8/site-packages/airflow/example_dags/example_python_operator.py
[2024-03-14T10:56:25.076+0000] {logging_mixin.py:188} INFO - [2024-03-14T10:56:25.076+0000] {dag.py:3047} INFO - Sync 1 DAGs
[2024-03-14T10:56:25.082+0000] {logging_mixin.py:188} INFO - [2024-03-14T10:56:25.082+0000] {dag.py:3834} INFO - Setting next_dagrun for example_python_operator to None, run_after=None
[2024-03-14T10:56:25.089+0000] {processor.py:183} INFO - Processing /home/airflow/.local/lib/python3.8/site-packages/airflow/example_dags/example_python_operator.py took 0.061 seconds
[2024-03-14T10:56:55.142+0000] {processor.py:161} INFO - Started process (PID=170) to work on /home/airflow/.local/lib/python3.8/site-packages/airflow/example_dags/example_python_operator.py
[2024-03-14T10:56:55.142+0000] {processor.py:830} INFO - Processing file /home/airflow/.local/lib/python3.8/site-packages/airflow/example_dags/example_python_operator.py for tasks to queue
[2024-03-14T10:56:55.144+0000] {logging_mixin.py:188} INFO - [2024-03-14T10:56:55.143+0000] {dagbag.py:540} INFO - Filling up the DagBag from /home/airflow/.local/lib/python3.8/site-packages/airflow/example_dags/example_python_operator.py
[2024-03-14T10:56:55.150+0000] {processor.py:840} INFO - DAG(s) 'example_python_operator' retrieved from /home/airflow/.local/lib/python3.8/site-packages/airflow/example_dags/example_python_operator.py
[2024-03-14T10:56:55.160+0000] {logging_mixin.py:188} INFO - [2024-03-14T10:56:55.159+0000] {dag.py:3047} INFO - Sync 1 DAGs
[2024-03-14T10:56:55.165+0000] {logging_mixin.py:188} INFO - [2024-03-14T10:56:55.165+0000] {dag.py:3834} INFO - Setting next_dagrun for example_python_operator to None, run_after=None
[2024-03-14T10:56:55.173+0000] {processor.py:183} INFO - Processing /home/airflow/.local/lib/python3.8/site-packages/airflow/example_dags/example_python_operator.py took 0.033 seconds
[2024-03-14T10:57:25.594+0000] {processor.py:161} INFO - Started process (PID=224) to work on /home/airflow/.local/lib/python3.8/site-packages/airflow/example_dags/example_python_operator.py
[2024-03-14T10:57:25.594+0000] {processor.py:830} INFO - Processing file /home/airflow/.local/lib/python3.8/site-packages/airflow/example_dags/example_python_operator.py for tasks to queue
[2024-03-14T10:57:25.595+0000] {logging_mixin.py:188} INFO - [2024-03-14T10:57:25.595+0000] {dagbag.py:540} INFO - Filling up the DagBag from /home/airflow/.local/lib/python3.8/site-packages/airflow/example_dags/example_python_operator.py
[2024-03-14T10:57:25.600+0000] {processor.py:840} INFO - DAG(s) 'example_python_operator' retrieved from /home/airflow/.local/lib/python3.8/site-packages/airflow/example_dags/example_python_operator.py
[2024-03-14T10:57:25.609+0000] {logging_mixin.py:188} INFO - [2024-03-14T10:57:25.609+0000] {dag.py:3047} INFO - Sync 1 DAGs
[2024-03-14T10:57:25.614+0000] {logging_mixin.py:188} INFO - [2024-03-14T10:57:25.614+0000] {dag.py:3834} INFO - Setting next_dagrun for example_python_operator to None, run_after=None
[2024-03-14T10:57:25.621+0000] {processor.py:183} INFO - Processing /home/airflow/.local/lib/python3.8/site-packages/airflow/example_dags/example_python_operator.py took 0.030 seconds
[2024-03-14T10:57:56.010+0000] {processor.py:161} INFO - Started process (PID=279) to work on /home/airflow/.local/lib/python3.8/site-packages/airflow/example_dags/example_python_operator.py
[2024-03-14T10:57:56.010+0000] {processor.py:830} INFO - Processing file /home/airflow/.local/lib/python3.8/site-packages/airflow/example_dags/example_python_operator.py for tasks to queue
[2024-03-14T10:57:56.011+0000] {logging_mixin.py:188} INFO - [2024-03-14T10:57:56.011+0000] {dagbag.py:540} INFO - Filling up the DagBag from /home/airflow/.local/lib/python3.8/site-packages/airflow/example_dags/example_python_operator.py
[2024-03-14T10:57:56.016+0000] {processor.py:840} INFO - DAG(s) 'example_python_operator' retrieved from /home/airflow/.local/lib/python3.8/site-packages/airflow/example_dags/example_python_operator.py
[2024-03-14T10:57:56.025+0000] {logging_mixin.py:188} INFO - [2024-03-14T10:57:56.025+0000] {dag.py:3047} INFO - Sync 1 DAGs
[2024-03-14T10:57:56.030+0000] {logging_mixin.py:188} INFO - [2024-03-14T10:57:56.030+0000] {dag.py:3834} INFO - Setting next_dagrun for example_python_operator to None, run_after=None
[2024-03-14T10:57:56.037+0000] {processor.py:183} INFO - Processing /home/airflow/.local/lib/python3.8/site-packages/airflow/example_dags/example_python_operator.py took 0.029 seconds
[2024-03-14T10:58:26.320+0000] {processor.py:161} INFO - Started process (PID=334) to work on /home/airflow/.local/lib/python3.8/site-packages/airflow/example_dags/example_python_operator.py
[2024-03-14T10:58:26.321+0000] {processor.py:830} INFO - Processing file /home/airflow/.local/lib/python3.8/site-packages/airflow/example_dags/example_python_operator.py for tasks to queue
[2024-03-14T10:58:26.322+0000] {logging_mixin.py:188} INFO - [2024-03-14T10:58:26.322+0000] {dagbag.py:540} INFO - Filling up the DagBag from /home/airflow/.local/lib/python3.8/site-packages/airflow/example_dags/example_python_operator.py
[2024-03-14T10:58:26.326+0000] {processor.py:840} INFO - DAG(s) 'example_python_operator' retrieved from /home/airflow/.local/lib/python3.8/site-packages/airflow/example_dags/example_python_operator.py
[2024-03-14T10:58:26.336+0000] {logging_mixin.py:188} INFO - [2024-03-14T10:58:26.336+0000] {dag.py:3047} INFO - Sync 1 DAGs
[2024-03-14T10:58:26.341+0000] {logging_mixin.py:188} INFO - [2024-03-14T10:58:26.341+0000] {dag.py:3834} INFO - Setting next_dagrun for example_python_operator to None, run_after=None
[2024-03-14T10:58:26.349+0000] {processor.py:183} INFO - Processing /home/airflow/.local/lib/python3.8/site-packages/airflow/example_dags/example_python_operator.py took 0.030 seconds
[2024-03-14T10:58:56.705+0000] {processor.py:161} INFO - Started process (PID=389) to work on /home/airflow/.local/lib/python3.8/site-packages/airflow/example_dags/example_python_operator.py
[2024-03-14T10:58:56.706+0000] {processor.py:830} INFO - Processing file /home/airflow/.local/lib/python3.8/site-packages/airflow/example_dags/example_python_operator.py for tasks to queue
[2024-03-14T10:58:56.707+0000] {logging_mixin.py:188} INFO - [2024-03-14T10:58:56.707+0000] {dagbag.py:540} INFO - Filling up the DagBag from /home/airflow/.local/lib/python3.8/site-packages/airflow/example_dags/example_python_operator.py
[2024-03-14T10:58:56.711+0000] {processor.py:840} INFO - DAG(s) 'example_python_operator' retrieved from /home/airflow/.local/lib/python3.8/site-packages/airflow/example_dags/example_python_operator.py
[2024-03-14T10:58:56.720+0000] {logging_mixin.py:188} INFO - [2024-03-14T10:58:56.720+0000] {dag.py:3047} INFO - Sync 1 DAGs
[2024-03-14T10:58:56.725+0000] {logging_mixin.py:188} INFO - [2024-03-14T10:58:56.725+0000] {dag.py:3834} INFO - Setting next_dagrun for example_python_operator to None, run_after=None
[2024-03-14T10:58:56.732+0000] {processor.py:183} INFO - Processing /home/airflow/.local/lib/python3.8/site-packages/airflow/example_dags/example_python_operator.py took 0.028 seconds
[2024-03-14T10:59:27.096+0000] {processor.py:161} INFO - Started process (PID=444) to work on /home/airflow/.local/lib/python3.8/site-packages/airflow/example_dags/example_python_operator.py
[2024-03-14T10:59:27.097+0000] {processor.py:830} INFO - Processing file /home/airflow/.local/lib/python3.8/site-packages/airflow/example_dags/example_python_operator.py for tasks to queue
[2024-03-14T10:59:27.098+0000] {logging_mixin.py:188} INFO - [2024-03-14T10:59:27.098+0000] {dagbag.py:540} INFO - Filling up the DagBag from /home/airflow/.local/lib/python3.8/site-packages/airflow/example_dags/example_python_operator.py
[2024-03-14T10:59:27.102+0000] {processor.py:840} INFO - DAG(s) 'example_python_operator' retrieved from /home/airflow/.local/lib/python3.8/site-packages/airflow/example_dags/example_python_operator.py
[2024-03-14T10:59:27.112+0000] {logging_mixin.py:188} INFO - [2024-03-14T10:59:27.112+0000] {dag.py:3047} INFO - Sync 1 DAGs
[2024-03-14T10:59:27.118+0000] {logging_mixin.py:188} INFO - [2024-03-14T10:59:27.117+0000] {dag.py:3834} INFO - Setting next_dagrun for example_python_operator to None, run_after=None
[2024-03-14T10:59:27.125+0000] {processor.py:183} INFO - Processing /home/airflow/.local/lib/python3.8/site-packages/airflow/example_dags/example_python_operator.py took 0.030 seconds
[2024-03-14T10:59:57.492+0000] {processor.py:161} INFO - Started process (PID=499) to work on /home/airflow/.local/lib/python3.8/site-packages/airflow/example_dags/example_python_operator.py
[2024-03-14T10:59:57.493+0000] {processor.py:830} INFO - Processing file /home/airflow/.local/lib/python3.8/site-packages/airflow/example_dags/example_python_operator.py for tasks to queue
[2024-03-14T10:59:57.494+0000] {logging_mixin.py:188} INFO - [2024-03-14T10:59:57.494+0000] {dagbag.py:540} INFO - Filling up the DagBag from /home/airflow/.local/lib/python3.8/site-packages/airflow/example_dags/example_python_operator.py
[2024-03-14T10:59:57.499+0000] {processor.py:840} INFO - DAG(s) 'example_python_operator' retrieved from /home/airflow/.local/lib/python3.8/site-packages/airflow/example_dags/example_python_operator.py
[2024-03-14T10:59:57.512+0000] {logging_mixin.py:188} INFO - [2024-03-14T10:59:57.511+0000] {dag.py:3047} INFO - Sync 1 DAGs
[2024-03-14T10:59:57.517+0000] {logging_mixin.py:188} INFO - [2024-03-14T10:59:57.517+0000] {dag.py:3834} INFO - Setting next_dagrun for example_python_operator to None, run_after=None
[2024-03-14T10:59:57.525+0000] {processor.py:183} INFO - Processing /home/airflow/.local/lib/python3.8/site-packages/airflow/example_dags/example_python_operator.py took 0.034 seconds
[2024-03-14T11:00:27.878+0000] {processor.py:161} INFO - Started process (PID=553) to work on /home/airflow/.local/lib/python3.8/site-packages/airflow/example_dags/example_python_operator.py
[2024-03-14T11:00:27.879+0000] {processor.py:830} INFO - Processing file /home/airflow/.local/lib/python3.8/site-packages/airflow/example_dags/example_python_operator.py for tasks to queue
[2024-03-14T11:00:27.879+0000] {logging_mixin.py:188} INFO - [2024-03-14T11:00:27.879+0000] {dagbag.py:540} INFO - Filling up the DagBag from /home/airflow/.local/lib/python3.8/site-packages/airflow/example_dags/example_python_operator.py
[2024-03-14T11:00:27.885+0000] {processor.py:840} INFO - DAG(s) 'example_python_operator' retrieved from /home/airflow/.local/lib/python3.8/site-packages/airflow/example_dags/example_python_operator.py
[2024-03-14T11:00:27.894+0000] {logging_mixin.py:188} INFO - [2024-03-14T11:00:27.894+0000] {dag.py:3047} INFO - Sync 1 DAGs
[2024-03-14T11:00:27.899+0000] {logging_mixin.py:188} INFO - [2024-03-14T11:00:27.899+0000] {dag.py:3834} INFO - Setting next_dagrun for example_python_operator to None, run_after=None
[2024-03-14T11:00:27.908+0000] {processor.py:183} INFO - Processing /home/airflow/.local/lib/python3.8/site-packages/airflow/example_dags/example_python_operator.py took 0.031 seconds
[2024-03-14T11:00:58.309+0000] {processor.py:161} INFO - Started process (PID=608) to work on /home/airflow/.local/lib/python3.8/site-packages/airflow/example_dags/example_python_operator.py
[2024-03-14T11:00:58.310+0000] {processor.py:830} INFO - Processing file /home/airflow/.local/lib/python3.8/site-packages/airflow/example_dags/example_python_operator.py for tasks to queue
[2024-03-14T11:00:58.310+0000] {logging_mixin.py:188} INFO - [2024-03-14T11:00:58.310+0000] {dagbag.py:540} INFO - Filling up the DagBag from /home/airflow/.local/lib/python3.8/site-packages/airflow/example_dags/example_python_operator.py
[2024-03-14T11:00:58.315+0000] {processor.py:840} INFO - DAG(s) 'example_python_operator' retrieved from /home/airflow/.local/lib/python3.8/site-packages/airflow/example_dags/example_python_operator.py
[2024-03-14T11:00:58.324+0000] {logging_mixin.py:188} INFO - [2024-03-14T11:00:58.324+0000] {dag.py:3047} INFO - Sync 1 DAGs
[2024-03-14T11:00:58.329+0000] {logging_mixin.py:188} INFO - [2024-03-14T11:00:58.329+0000] {dag.py:3834} INFO - Setting next_dagrun for example_python_operator to None, run_after=None
[2024-03-14T11:00:58.337+0000] {processor.py:183} INFO - Processing /home/airflow/.local/lib/python3.8/site-packages/airflow/example_dags/example_python_operator.py took 0.029 seconds
[2024-03-14T11:01:28.904+0000] {processor.py:161} INFO - Started process (PID=662) to work on /home/airflow/.local/lib/python3.8/site-packages/airflow/example_dags/example_python_operator.py
[2024-03-14T11:01:28.904+0000] {processor.py:830} INFO - Processing file /home/airflow/.local/lib/python3.8/site-packages/airflow/example_dags/example_python_operator.py for tasks to queue
[2024-03-14T11:01:28.906+0000] {logging_mixin.py:188} INFO - [2024-03-14T11:01:28.906+0000] {dagbag.py:540} INFO - Filling up the DagBag from /home/airflow/.local/lib/python3.8/site-packages/airflow/example_dags/example_python_operator.py
[2024-03-14T11:01:28.911+0000] {processor.py:840} INFO - DAG(s) 'example_python_operator' retrieved from /home/airflow/.local/lib/python3.8/site-packages/airflow/example_dags/example_python_operator.py
[2024-03-14T11:01:28.921+0000] {logging_mixin.py:188} INFO - [2024-03-14T11:01:28.921+0000] {dag.py:3047} INFO - Sync 1 DAGs
[2024-03-14T11:01:28.926+0000] {logging_mixin.py:188} INFO - [2024-03-14T11:01:28.926+0000] {dag.py:3834} INFO - Setting next_dagrun for example_python_operator to None, run_after=None
[2024-03-14T11:01:28.934+0000] {processor.py:183} INFO - Processing /home/airflow/.local/lib/python3.8/site-packages/airflow/example_dags/example_python_operator.py took 0.031 seconds
[2024-03-14T11:01:59.350+0000] {processor.py:161} INFO - Started process (PID=717) to work on /home/airflow/.local/lib/python3.8/site-packages/airflow/example_dags/example_python_operator.py
[2024-03-14T11:01:59.351+0000] {processor.py:830} INFO - Processing file /home/airflow/.local/lib/python3.8/site-packages/airflow/example_dags/example_python_operator.py for tasks to queue
[2024-03-14T11:01:59.352+0000] {logging_mixin.py:188} INFO - [2024-03-14T11:01:59.352+0000] {dagbag.py:540} INFO - Filling up the DagBag from /home/airflow/.local/lib/python3.8/site-packages/airflow/example_dags/example_python_operator.py
[2024-03-14T11:01:59.357+0000] {processor.py:840} INFO - DAG(s) 'example_python_operator' retrieved from /home/airflow/.local/lib/python3.8/site-packages/airflow/example_dags/example_python_operator.py
[2024-03-14T11:01:59.371+0000] {logging_mixin.py:188} INFO - [2024-03-14T11:01:59.371+0000] {dag.py:3047} INFO - Sync 1 DAGs
[2024-03-14T11:01:59.378+0000] {logging_mixin.py:188} INFO - [2024-03-14T11:01:59.378+0000] {dag.py:3834} INFO - Setting next_dagrun for example_python_operator to None, run_after=None
[2024-03-14T11:01:59.394+0000] {processor.py:183} INFO - Processing /home/airflow/.local/lib/python3.8/site-packages/airflow/example_dags/example_python_operator.py took 0.046 seconds
[2024-03-14T11:02:29.899+0000] {processor.py:161} INFO - Started process (PID=773) to work on /home/airflow/.local/lib/python3.8/site-packages/airflow/example_dags/example_python_operator.py
[2024-03-14T11:02:29.900+0000] {processor.py:830} INFO - Processing file /home/airflow/.local/lib/python3.8/site-packages/airflow/example_dags/example_python_operator.py for tasks to queue
[2024-03-14T11:02:29.901+0000] {logging_mixin.py:188} INFO - [2024-03-14T11:02:29.901+0000] {dagbag.py:540} INFO - Filling up the DagBag from /home/airflow/.local/lib/python3.8/site-packages/airflow/example_dags/example_python_operator.py
[2024-03-14T11:02:29.907+0000] {processor.py:840} INFO - DAG(s) 'example_python_operator' retrieved from /home/airflow/.local/lib/python3.8/site-packages/airflow/example_dags/example_python_operator.py
[2024-03-14T11:02:29.918+0000] {logging_mixin.py:188} INFO - [2024-03-14T11:02:29.917+0000] {dag.py:3047} INFO - Sync 1 DAGs
[2024-03-14T11:02:29.923+0000] {logging_mixin.py:188} INFO - [2024-03-14T11:02:29.923+0000] {dag.py:3834} INFO - Setting next_dagrun for example_python_operator to None, run_after=None
[2024-03-14T11:02:29.933+0000] {processor.py:183} INFO - Processing /home/airflow/.local/lib/python3.8/site-packages/airflow/example_dags/example_python_operator.py took 0.036 seconds
[2024-03-14T11:03:00.383+0000] {processor.py:161} INFO - Started process (PID=828) to work on /home/airflow/.local/lib/python3.8/site-packages/airflow/example_dags/example_python_operator.py
[2024-03-14T11:03:00.383+0000] {processor.py:830} INFO - Processing file /home/airflow/.local/lib/python3.8/site-packages/airflow/example_dags/example_python_operator.py for tasks to queue
[2024-03-14T11:03:00.384+0000] {logging_mixin.py:188} INFO - [2024-03-14T11:03:00.384+0000] {dagbag.py:540} INFO - Filling up the DagBag from /home/airflow/.local/lib/python3.8/site-packages/airflow/example_dags/example_python_operator.py
[2024-03-14T11:03:00.389+0000] {processor.py:840} INFO - DAG(s) 'example_python_operator' retrieved from /home/airflow/.local/lib/python3.8/site-packages/airflow/example_dags/example_python_operator.py
[2024-03-14T11:03:00.400+0000] {logging_mixin.py:188} INFO - [2024-03-14T11:03:00.399+0000] {dag.py:3047} INFO - Sync 1 DAGs
[2024-03-14T11:03:00.405+0000] {logging_mixin.py:188} INFO - [2024-03-14T11:03:00.405+0000] {dag.py:3834} INFO - Setting next_dagrun for example_python_operator to None, run_after=None
[2024-03-14T11:03:00.412+0000] {processor.py:183} INFO - Processing /home/airflow/.local/lib/python3.8/site-packages/airflow/example_dags/example_python_operator.py took 0.031 seconds
[2024-03-14T11:03:30.800+0000] {processor.py:161} INFO - Started process (PID=883) to work on /home/airflow/.local/lib/python3.8/site-packages/airflow/example_dags/example_python_operator.py
[2024-03-14T11:03:30.801+0000] {processor.py:830} INFO - Processing file /home/airflow/.local/lib/python3.8/site-packages/airflow/example_dags/example_python_operator.py for tasks to queue
[2024-03-14T11:03:30.802+0000] {logging_mixin.py:188} INFO - [2024-03-14T11:03:30.802+0000] {dagbag.py:540} INFO - Filling up the DagBag from /home/airflow/.local/lib/python3.8/site-packages/airflow/example_dags/example_python_operator.py
[2024-03-14T11:03:30.807+0000] {processor.py:840} INFO - DAG(s) 'example_python_operator' retrieved from /home/airflow/.local/lib/python3.8/site-packages/airflow/example_dags/example_python_operator.py
[2024-03-14T11:03:30.817+0000] {logging_mixin.py:188} INFO - [2024-03-14T11:03:30.817+0000] {dag.py:3047} INFO - Sync 1 DAGs
[2024-03-14T11:03:30.823+0000] {logging_mixin.py:188} INFO - [2024-03-14T11:03:30.823+0000] {dag.py:3834} INFO - Setting next_dagrun for example_python_operator to None, run_after=None
[2024-03-14T11:03:30.831+0000] {processor.py:183} INFO - Processing /home/airflow/.local/lib/python3.8/site-packages/airflow/example_dags/example_python_operator.py took 0.032 seconds
[2024-03-14T11:04:01.254+0000] {processor.py:161} INFO - Started process (PID=938) to work on /home/airflow/.local/lib/python3.8/site-packages/airflow/example_dags/example_python_operator.py
[2024-03-14T11:04:01.255+0000] {processor.py:830} INFO - Processing file /home/airflow/.local/lib/python3.8/site-packages/airflow/example_dags/example_python_operator.py for tasks to queue
[2024-03-14T11:04:01.256+0000] {logging_mixin.py:188} INFO - [2024-03-14T11:04:01.255+0000] {dagbag.py:540} INFO - Filling up the DagBag from /home/airflow/.local/lib/python3.8/site-packages/airflow/example_dags/example_python_operator.py
[2024-03-14T11:04:01.261+0000] {processor.py:840} INFO - DAG(s) 'example_python_operator' retrieved from /home/airflow/.local/lib/python3.8/site-packages/airflow/example_dags/example_python_operator.py
[2024-03-14T11:04:01.271+0000] {logging_mixin.py:188} INFO - [2024-03-14T11:04:01.271+0000] {dag.py:3047} INFO - Sync 1 DAGs
[2024-03-14T11:04:01.277+0000] {logging_mixin.py:188} INFO - [2024-03-14T11:04:01.277+0000] {dag.py:3834} INFO - Setting next_dagrun for example_python_operator to None, run_after=None
[2024-03-14T11:04:01.284+0000] {processor.py:183} INFO - Processing /home/airflow/.local/lib/python3.8/site-packages/airflow/example_dags/example_python_operator.py took 0.032 seconds
[2024-03-14T11:04:31.684+0000] {processor.py:161} INFO - Started process (PID=993) to work on /home/airflow/.local/lib/python3.8/site-packages/airflow/example_dags/example_python_operator.py
[2024-03-14T11:04:31.685+0000] {processor.py:830} INFO - Processing file /home/airflow/.local/lib/python3.8/site-packages/airflow/example_dags/example_python_operator.py for tasks to queue
[2024-03-14T11:04:31.685+0000] {logging_mixin.py:188} INFO - [2024-03-14T11:04:31.685+0000] {dagbag.py:540} INFO - Filling up the DagBag from /home/airflow/.local/lib/python3.8/site-packages/airflow/example_dags/example_python_operator.py
[2024-03-14T11:04:31.690+0000] {processor.py:840} INFO - DAG(s) 'example_python_operator' retrieved from /home/airflow/.local/lib/python3.8/site-packages/airflow/example_dags/example_python_operator.py
[2024-03-14T11:04:31.700+0000] {logging_mixin.py:188} INFO - [2024-03-14T11:04:31.699+0000] {dag.py:3047} INFO - Sync 1 DAGs
[2024-03-14T11:04:31.705+0000] {logging_mixin.py:188} INFO - [2024-03-14T11:04:31.704+0000] {dag.py:3834} INFO - Setting next_dagrun for example_python_operator to None, run_after=None
[2024-03-14T11:04:31.712+0000] {processor.py:183} INFO - Processing /home/airflow/.local/lib/python3.8/site-packages/airflow/example_dags/example_python_operator.py took 0.030 seconds
[2024-03-14T11:05:02.109+0000] {processor.py:161} INFO - Started process (PID=1048) to work on /home/airflow/.local/lib/python3.8/site-packages/airflow/example_dags/example_python_operator.py
[2024-03-14T11:05:02.110+0000] {processor.py:830} INFO - Processing file /home/airflow/.local/lib/python3.8/site-packages/airflow/example_dags/example_python_operator.py for tasks to queue
[2024-03-14T11:05:02.111+0000] {logging_mixin.py:188} INFO - [2024-03-14T11:05:02.111+0000] {dagbag.py:540} INFO - Filling up the DagBag from /home/airflow/.local/lib/python3.8/site-packages/airflow/example_dags/example_python_operator.py
[2024-03-14T11:05:02.116+0000] {processor.py:840} INFO - DAG(s) 'example_python_operator' retrieved from /home/airflow/.local/lib/python3.8/site-packages/airflow/example_dags/example_python_operator.py
[2024-03-14T11:05:02.125+0000] {logging_mixin.py:188} INFO - [2024-03-14T11:05:02.125+0000] {dag.py:3047} INFO - Sync 1 DAGs
[2024-03-14T11:05:02.130+0000] {logging_mixin.py:188} INFO - [2024-03-14T11:05:02.130+0000] {dag.py:3834} INFO - Setting next_dagrun for example_python_operator to None, run_after=None
[2024-03-14T11:05:02.138+0000] {processor.py:183} INFO - Processing /home/airflow/.local/lib/python3.8/site-packages/airflow/example_dags/example_python_operator.py took 0.031 seconds
[2024-03-14T11:05:32.555+0000] {processor.py:161} INFO - Started process (PID=1103) to work on /home/airflow/.local/lib/python3.8/site-packages/airflow/example_dags/example_python_operator.py
[2024-03-14T11:05:32.556+0000] {processor.py:830} INFO - Processing file /home/airflow/.local/lib/python3.8/site-packages/airflow/example_dags/example_python_operator.py for tasks to queue
[2024-03-14T11:05:32.557+0000] {logging_mixin.py:188} INFO - [2024-03-14T11:05:32.556+0000] {dagbag.py:540} INFO - Filling up the DagBag from /home/airflow/.local/lib/python3.8/site-packages/airflow/example_dags/example_python_operator.py
[2024-03-14T11:05:32.562+0000] {processor.py:840} INFO - DAG(s) 'example_python_operator' retrieved from /home/airflow/.local/lib/python3.8/site-packages/airflow/example_dags/example_python_operator.py
[2024-03-14T11:05:32.572+0000] {logging_mixin.py:188} INFO - [2024-03-14T11:05:32.572+0000] {dag.py:3047} INFO - Sync 1 DAGs
[2024-03-14T11:05:32.577+0000] {logging_mixin.py:188} INFO - [2024-03-14T11:05:32.577+0000] {dag.py:3834} INFO - Setting next_dagrun for example_python_operator to None, run_after=None
[2024-03-14T11:05:32.584+0000] {processor.py:183} INFO - Processing /home/airflow/.local/lib/python3.8/site-packages/airflow/example_dags/example_python_operator.py took 0.031 seconds
[2024-03-14T11:06:03.003+0000] {processor.py:161} INFO - Started process (PID=1158) to work on /home/airflow/.local/lib/python3.8/site-packages/airflow/example_dags/example_python_operator.py
[2024-03-14T11:06:03.003+0000] {processor.py:830} INFO - Processing file /home/airflow/.local/lib/python3.8/site-packages/airflow/example_dags/example_python_operator.py for tasks to queue
[2024-03-14T11:06:03.004+0000] {logging_mixin.py:188} INFO - [2024-03-14T11:06:03.004+0000] {dagbag.py:540} INFO - Filling up the DagBag from /home/airflow/.local/lib/python3.8/site-packages/airflow/example_dags/example_python_operator.py
[2024-03-14T11:06:03.009+0000] {processor.py:840} INFO - DAG(s) 'example_python_operator' retrieved from /home/airflow/.local/lib/python3.8/site-packages/airflow/example_dags/example_python_operator.py
[2024-03-14T11:06:03.019+0000] {logging_mixin.py:188} INFO - [2024-03-14T11:06:03.019+0000] {dag.py:3047} INFO - Sync 1 DAGs
[2024-03-14T11:06:03.024+0000] {logging_mixin.py:188} INFO - [2024-03-14T11:06:03.024+0000] {dag.py:3834} INFO - Setting next_dagrun for example_python_operator to None, run_after=None
[2024-03-14T11:06:03.031+0000] {processor.py:183} INFO - Processing /home/airflow/.local/lib/python3.8/site-packages/airflow/example_dags/example_python_operator.py took 0.030 seconds
[2024-03-14T11:06:33.415+0000] {processor.py:161} INFO - Started process (PID=1213) to work on /home/airflow/.local/lib/python3.8/site-packages/airflow/example_dags/example_python_operator.py
[2024-03-14T11:06:33.415+0000] {processor.py:830} INFO - Processing file /home/airflow/.local/lib/python3.8/site-packages/airflow/example_dags/example_python_operator.py for tasks to queue
[2024-03-14T11:06:33.416+0000] {logging_mixin.py:188} INFO - [2024-03-14T11:06:33.416+0000] {dagbag.py:540} INFO - Filling up the DagBag from /home/airflow/.local/lib/python3.8/site-packages/airflow/example_dags/example_python_operator.py
[2024-03-14T11:06:33.421+0000] {processor.py:840} INFO - DAG(s) 'example_python_operator' retrieved from /home/airflow/.local/lib/python3.8/site-packages/airflow/example_dags/example_python_operator.py
[2024-03-14T11:06:33.432+0000] {logging_mixin.py:188} INFO - [2024-03-14T11:06:33.432+0000] {dag.py:3047} INFO - Sync 1 DAGs
[2024-03-14T11:06:33.439+0000] {logging_mixin.py:188} INFO - [2024-03-14T11:06:33.439+0000] {dag.py:3834} INFO - Setting next_dagrun for example_python_operator to None, run_after=None
[2024-03-14T11:06:33.451+0000] {processor.py:183} INFO - Processing /home/airflow/.local/lib/python3.8/site-packages/airflow/example_dags/example_python_operator.py took 0.038 seconds
[2024-03-14T11:07:03.828+0000] {processor.py:161} INFO - Started process (PID=1267) to work on /home/airflow/.local/lib/python3.8/site-packages/airflow/example_dags/example_python_operator.py
[2024-03-14T11:07:03.829+0000] {processor.py:830} INFO - Processing file /home/airflow/.local/lib/python3.8/site-packages/airflow/example_dags/example_python_operator.py for tasks to queue
[2024-03-14T11:07:03.830+0000] {logging_mixin.py:188} INFO - [2024-03-14T11:07:03.830+0000] {dagbag.py:540} INFO - Filling up the DagBag from /home/airflow/.local/lib/python3.8/site-packages/airflow/example_dags/example_python_operator.py
[2024-03-14T11:07:03.835+0000] {processor.py:840} INFO - DAG(s) 'example_python_operator' retrieved from /home/airflow/.local/lib/python3.8/site-packages/airflow/example_dags/example_python_operator.py
[2024-03-14T11:07:03.848+0000] {logging_mixin.py:188} INFO - [2024-03-14T11:07:03.848+0000] {dag.py:3047} INFO - Sync 1 DAGs
[2024-03-14T11:07:03.854+0000] {logging_mixin.py:188} INFO - [2024-03-14T11:07:03.854+0000] {dag.py:3834} INFO - Setting next_dagrun for example_python_operator to None, run_after=None
[2024-03-14T11:07:03.862+0000] {processor.py:183} INFO - Processing /home/airflow/.local/lib/python3.8/site-packages/airflow/example_dags/example_python_operator.py took 0.035 seconds
[2024-03-14T11:07:34.258+0000] {processor.py:161} INFO - Started process (PID=1322) to work on /home/airflow/.local/lib/python3.8/site-packages/airflow/example_dags/example_python_operator.py
[2024-03-14T11:07:34.258+0000] {processor.py:830} INFO - Processing file /home/airflow/.local/lib/python3.8/site-packages/airflow/example_dags/example_python_operator.py for tasks to queue
[2024-03-14T11:07:34.259+0000] {logging_mixin.py:188} INFO - [2024-03-14T11:07:34.259+0000] {dagbag.py:540} INFO - Filling up the DagBag from /home/airflow/.local/lib/python3.8/site-packages/airflow/example_dags/example_python_operator.py
[2024-03-14T11:07:34.265+0000] {processor.py:840} INFO - DAG(s) 'example_python_operator' retrieved from /home/airflow/.local/lib/python3.8/site-packages/airflow/example_dags/example_python_operator.py
[2024-03-14T11:07:34.275+0000] {logging_mixin.py:188} INFO - [2024-03-14T11:07:34.275+0000] {dag.py:3047} INFO - Sync 1 DAGs
[2024-03-14T11:07:34.281+0000] {logging_mixin.py:188} INFO - [2024-03-14T11:07:34.281+0000] {dag.py:3834} INFO - Setting next_dagrun for example_python_operator to None, run_after=None
[2024-03-14T11:07:34.288+0000] {processor.py:183} INFO - Processing /home/airflow/.local/lib/python3.8/site-packages/airflow/example_dags/example_python_operator.py took 0.032 seconds
[2024-03-14T11:08:04.607+0000] {processor.py:161} INFO - Started process (PID=1377) to work on /home/airflow/.local/lib/python3.8/site-packages/airflow/example_dags/example_python_operator.py
[2024-03-14T11:08:04.607+0000] {processor.py:830} INFO - Processing file /home/airflow/.local/lib/python3.8/site-packages/airflow/example_dags/example_python_operator.py for tasks to queue
[2024-03-14T11:08:04.608+0000] {logging_mixin.py:188} INFO - [2024-03-14T11:08:04.608+0000] {dagbag.py:540} INFO - Filling up the DagBag from /home/airflow/.local/lib/python3.8/site-packages/airflow/example_dags/example_python_operator.py
[2024-03-14T11:08:04.613+0000] {processor.py:840} INFO - DAG(s) 'example_python_operator' retrieved from /home/airflow/.local/lib/python3.8/site-packages/airflow/example_dags/example_python_operator.py
[2024-03-14T11:08:04.623+0000] {logging_mixin.py:188} INFO - [2024-03-14T11:08:04.623+0000] {dag.py:3047} INFO - Sync 1 DAGs
[2024-03-14T11:08:04.628+0000] {logging_mixin.py:188} INFO - [2024-03-14T11:08:04.628+0000] {dag.py:3834} INFO - Setting next_dagrun for example_python_operator to None, run_after=None
[2024-03-14T11:08:04.635+0000] {processor.py:183} INFO - Processing /home/airflow/.local/lib/python3.8/site-packages/airflow/example_dags/example_python_operator.py took 0.030 seconds
[2024-03-14T11:08:34.910+0000] {processor.py:161} INFO - Started process (PID=1432) to work on /home/airflow/.local/lib/python3.8/site-packages/airflow/example_dags/example_python_operator.py
[2024-03-14T11:08:34.911+0000] {processor.py:830} INFO - Processing file /home/airflow/.local/lib/python3.8/site-packages/airflow/example_dags/example_python_operator.py for tasks to queue
[2024-03-14T11:08:34.912+0000] {logging_mixin.py:188} INFO - [2024-03-14T11:08:34.912+0000] {dagbag.py:540} INFO - Filling up the DagBag from /home/airflow/.local/lib/python3.8/site-packages/airflow/example_dags/example_python_operator.py
[2024-03-14T11:08:34.918+0000] {processor.py:840} INFO - DAG(s) 'example_python_operator' retrieved from /home/airflow/.local/lib/python3.8/site-packages/airflow/example_dags/example_python_operator.py
[2024-03-14T11:08:34.928+0000] {logging_mixin.py:188} INFO - [2024-03-14T11:08:34.928+0000] {dag.py:3047} INFO - Sync 1 DAGs
[2024-03-14T11:08:34.933+0000] {logging_mixin.py:188} INFO - [2024-03-14T11:08:34.933+0000] {dag.py:3834} INFO - Setting next_dagrun for example_python_operator to None, run_after=None
[2024-03-14T11:08:34.941+0000] {processor.py:183} INFO - Processing /home/airflow/.local/lib/python3.8/site-packages/airflow/example_dags/example_python_operator.py took 0.032 seconds
[2024-03-14T11:09:05.286+0000] {processor.py:161} INFO - Started process (PID=1487) to work on /home/airflow/.local/lib/python3.8/site-packages/airflow/example_dags/example_python_operator.py
[2024-03-14T11:09:05.286+0000] {processor.py:830} INFO - Processing file /home/airflow/.local/lib/python3.8/site-packages/airflow/example_dags/example_python_operator.py for tasks to queue
[2024-03-14T11:09:05.287+0000] {logging_mixin.py:188} INFO - [2024-03-14T11:09:05.287+0000] {dagbag.py:540} INFO - Filling up the DagBag from /home/airflow/.local/lib/python3.8/site-packages/airflow/example_dags/example_python_operator.py
[2024-03-14T11:09:05.292+0000] {processor.py:840} INFO - DAG(s) 'example_python_operator' retrieved from /home/airflow/.local/lib/python3.8/site-packages/airflow/example_dags/example_python_operator.py
[2024-03-14T11:09:05.303+0000] {logging_mixin.py:188} INFO - [2024-03-14T11:09:05.303+0000] {dag.py:3047} INFO - Sync 1 DAGs
[2024-03-14T11:09:05.308+0000] {logging_mixin.py:188} INFO - [2024-03-14T11:09:05.308+0000] {dag.py:3834} INFO - Setting next_dagrun for example_python_operator to None, run_after=None
[2024-03-14T11:09:05.316+0000] {processor.py:183} INFO - Processing /home/airflow/.local/lib/python3.8/site-packages/airflow/example_dags/example_python_operator.py took 0.032 seconds
[2024-03-14T11:09:35.627+0000] {processor.py:161} INFO - Started process (PID=1542) to work on /home/airflow/.local/lib/python3.8/site-packages/airflow/example_dags/example_python_operator.py
[2024-03-14T11:09:35.627+0000] {processor.py:830} INFO - Processing file /home/airflow/.local/lib/python3.8/site-packages/airflow/example_dags/example_python_operator.py for tasks to queue
[2024-03-14T11:09:35.628+0000] {logging_mixin.py:188} INFO - [2024-03-14T11:09:35.628+0000] {dagbag.py:540} INFO - Filling up the DagBag from /home/airflow/.local/lib/python3.8/site-packages/airflow/example_dags/example_python_operator.py
[2024-03-14T11:09:35.632+0000] {processor.py:840} INFO - DAG(s) 'example_python_operator' retrieved from /home/airflow/.local/lib/python3.8/site-packages/airflow/example_dags/example_python_operator.py
[2024-03-14T11:09:35.641+0000] {logging_mixin.py:188} INFO - [2024-03-14T11:09:35.641+0000] {dag.py:3047} INFO - Sync 1 DAGs
[2024-03-14T11:09:35.646+0000] {logging_mixin.py:188} INFO - [2024-03-14T11:09:35.646+0000] {dag.py:3834} INFO - Setting next_dagrun for example_python_operator to None, run_after=None
[2024-03-14T11:09:35.652+0000] {processor.py:183} INFO - Processing /home/airflow/.local/lib/python3.8/site-packages/airflow/example_dags/example_python_operator.py took 0.027 seconds
[2024-03-14T11:10:06.053+0000] {processor.py:161} INFO - Started process (PID=1596) to work on /home/airflow/.local/lib/python3.8/site-packages/airflow/example_dags/example_python_operator.py
[2024-03-14T11:10:06.054+0000] {processor.py:830} INFO - Processing file /home/airflow/.local/lib/python3.8/site-packages/airflow/example_dags/example_python_operator.py for tasks to queue
[2024-03-14T11:10:06.055+0000] {logging_mixin.py:188} INFO - [2024-03-14T11:10:06.055+0000] {dagbag.py:540} INFO - Filling up the DagBag from /home/airflow/.local/lib/python3.8/site-packages/airflow/example_dags/example_python_operator.py
[2024-03-14T11:10:06.059+0000] {processor.py:840} INFO - DAG(s) 'example_python_operator' retrieved from /home/airflow/.local/lib/python3.8/site-packages/airflow/example_dags/example_python_operator.py
[2024-03-14T11:10:06.068+0000] {logging_mixin.py:188} INFO - [2024-03-14T11:10:06.068+0000] {dag.py:3047} INFO - Sync 1 DAGs
[2024-03-14T11:10:06.073+0000] {logging_mixin.py:188} INFO - [2024-03-14T11:10:06.073+0000] {dag.py:3834} INFO - Setting next_dagrun for example_python_operator to None, run_after=None
[2024-03-14T11:10:06.080+0000] {processor.py:183} INFO - Processing /home/airflow/.local/lib/python3.8/site-packages/airflow/example_dags/example_python_operator.py took 0.028 seconds
[2024-03-14T11:10:36.440+0000] {processor.py:161} INFO - Started process (PID=1651) to work on /home/airflow/.local/lib/python3.8/site-packages/airflow/example_dags/example_python_operator.py
[2024-03-14T11:10:36.441+0000] {processor.py:830} INFO - Processing file /home/airflow/.local/lib/python3.8/site-packages/airflow/example_dags/example_python_operator.py for tasks to queue
[2024-03-14T11:10:36.442+0000] {logging_mixin.py:188} INFO - [2024-03-14T11:10:36.442+0000] {dagbag.py:540} INFO - Filling up the DagBag from /home/airflow/.local/lib/python3.8/site-packages/airflow/example_dags/example_python_operator.py
[2024-03-14T11:10:36.447+0000] {processor.py:840} INFO - DAG(s) 'example_python_operator' retrieved from /home/airflow/.local/lib/python3.8/site-packages/airflow/example_dags/example_python_operator.py
[2024-03-14T11:10:36.455+0000] {logging_mixin.py:188} INFO - [2024-03-14T11:10:36.455+0000] {dag.py:3047} INFO - Sync 1 DAGs
[2024-03-14T11:10:36.460+0000] {logging_mixin.py:188} INFO - [2024-03-14T11:10:36.460+0000] {dag.py:3834} INFO - Setting next_dagrun for example_python_operator to None, run_after=None
[2024-03-14T11:10:36.467+0000] {processor.py:183} INFO - Processing /home/airflow/.local/lib/python3.8/site-packages/airflow/example_dags/example_python_operator.py took 0.028 seconds
[2024-03-14T11:11:06.831+0000] {processor.py:161} INFO - Started process (PID=1706) to work on /home/airflow/.local/lib/python3.8/site-packages/airflow/example_dags/example_python_operator.py
[2024-03-14T11:11:06.832+0000] {processor.py:830} INFO - Processing file /home/airflow/.local/lib/python3.8/site-packages/airflow/example_dags/example_python_operator.py for tasks to queue
[2024-03-14T11:11:06.833+0000] {logging_mixin.py:188} INFO - [2024-03-14T11:11:06.833+0000] {dagbag.py:540} INFO - Filling up the DagBag from /home/airflow/.local/lib/python3.8/site-packages/airflow/example_dags/example_python_operator.py
[2024-03-14T11:11:06.839+0000] {processor.py:840} INFO - DAG(s) 'example_python_operator' retrieved from /home/airflow/.local/lib/python3.8/site-packages/airflow/example_dags/example_python_operator.py
[2024-03-14T11:11:06.852+0000] {logging_mixin.py:188} INFO - [2024-03-14T11:11:06.852+0000] {dag.py:3047} INFO - Sync 1 DAGs
[2024-03-14T11:11:06.858+0000] {logging_mixin.py:188} INFO - [2024-03-14T11:11:06.858+0000] {dag.py:3834} INFO - Setting next_dagrun for example_python_operator to None, run_after=None
[2024-03-14T11:11:06.868+0000] {processor.py:183} INFO - Processing /home/airflow/.local/lib/python3.8/site-packages/airflow/example_dags/example_python_operator.py took 0.039 seconds
[2024-03-14T11:11:37.264+0000] {processor.py:161} INFO - Started process (PID=1760) to work on /home/airflow/.local/lib/python3.8/site-packages/airflow/example_dags/example_python_operator.py
[2024-03-14T11:11:37.264+0000] {processor.py:830} INFO - Processing file /home/airflow/.local/lib/python3.8/site-packages/airflow/example_dags/example_python_operator.py for tasks to queue
[2024-03-14T11:11:37.265+0000] {logging_mixin.py:188} INFO - [2024-03-14T11:11:37.265+0000] {dagbag.py:540} INFO - Filling up the DagBag from /home/airflow/.local/lib/python3.8/site-packages/airflow/example_dags/example_python_operator.py
[2024-03-14T11:11:37.271+0000] {processor.py:840} INFO - DAG(s) 'example_python_operator' retrieved from /home/airflow/.local/lib/python3.8/site-packages/airflow/example_dags/example_python_operator.py
[2024-03-14T11:11:37.280+0000] {logging_mixin.py:188} INFO - [2024-03-14T11:11:37.280+0000] {dag.py:3047} INFO - Sync 1 DAGs
[2024-03-14T11:11:37.286+0000] {logging_mixin.py:188} INFO - [2024-03-14T11:11:37.285+0000] {dag.py:3834} INFO - Setting next_dagrun for example_python_operator to None, run_after=None
[2024-03-14T11:11:37.293+0000] {processor.py:183} INFO - Processing /home/airflow/.local/lib/python3.8/site-packages/airflow/example_dags/example_python_operator.py took 0.031 seconds
[2024-03-14T11:12:07.726+0000] {processor.py:161} INFO - Started process (PID=1815) to work on /home/airflow/.local/lib/python3.8/site-packages/airflow/example_dags/example_python_operator.py
[2024-03-14T11:12:07.727+0000] {processor.py:830} INFO - Processing file /home/airflow/.local/lib/python3.8/site-packages/airflow/example_dags/example_python_operator.py for tasks to queue
[2024-03-14T11:12:07.728+0000] {logging_mixin.py:188} INFO - [2024-03-14T11:12:07.727+0000] {dagbag.py:540} INFO - Filling up the DagBag from /home/airflow/.local/lib/python3.8/site-packages/airflow/example_dags/example_python_operator.py
[2024-03-14T11:12:07.733+0000] {processor.py:840} INFO - DAG(s) 'example_python_operator' retrieved from /home/airflow/.local/lib/python3.8/site-packages/airflow/example_dags/example_python_operator.py
[2024-03-14T11:12:07.742+0000] {logging_mixin.py:188} INFO - [2024-03-14T11:12:07.742+0000] {dag.py:3047} INFO - Sync 1 DAGs
[2024-03-14T11:12:07.747+0000] {logging_mixin.py:188} INFO - [2024-03-14T11:12:07.747+0000] {dag.py:3834} INFO - Setting next_dagrun for example_python_operator to None, run_after=None
[2024-03-14T11:12:07.754+0000] {processor.py:183} INFO - Processing /home/airflow/.local/lib/python3.8/site-packages/airflow/example_dags/example_python_operator.py took 0.030 seconds
[2024-03-14T11:12:38.176+0000] {processor.py:161} INFO - Started process (PID=1870) to work on /home/airflow/.local/lib/python3.8/site-packages/airflow/example_dags/example_python_operator.py
[2024-03-14T11:12:38.177+0000] {processor.py:830} INFO - Processing file /home/airflow/.local/lib/python3.8/site-packages/airflow/example_dags/example_python_operator.py for tasks to queue
[2024-03-14T11:12:38.177+0000] {logging_mixin.py:188} INFO - [2024-03-14T11:12:38.177+0000] {dagbag.py:540} INFO - Filling up the DagBag from /home/airflow/.local/lib/python3.8/site-packages/airflow/example_dags/example_python_operator.py
[2024-03-14T11:12:38.182+0000] {processor.py:840} INFO - DAG(s) 'example_python_operator' retrieved from /home/airflow/.local/lib/python3.8/site-packages/airflow/example_dags/example_python_operator.py
[2024-03-14T11:12:38.191+0000] {logging_mixin.py:188} INFO - [2024-03-14T11:12:38.191+0000] {dag.py:3047} INFO - Sync 1 DAGs
[2024-03-14T11:12:38.195+0000] {logging_mixin.py:188} INFO - [2024-03-14T11:12:38.195+0000] {dag.py:3834} INFO - Setting next_dagrun for example_python_operator to None, run_after=None
[2024-03-14T11:12:38.202+0000] {processor.py:183} INFO - Processing /home/airflow/.local/lib/python3.8/site-packages/airflow/example_dags/example_python_operator.py took 0.028 seconds
[2024-03-14T11:13:08.507+0000] {processor.py:161} INFO - Started process (PID=1924) to work on /home/airflow/.local/lib/python3.8/site-packages/airflow/example_dags/example_python_operator.py
[2024-03-14T11:13:08.508+0000] {processor.py:830} INFO - Processing file /home/airflow/.local/lib/python3.8/site-packages/airflow/example_dags/example_python_operator.py for tasks to queue
[2024-03-14T11:13:08.509+0000] {logging_mixin.py:188} INFO - [2024-03-14T11:13:08.509+0000] {dagbag.py:540} INFO - Filling up the DagBag from /home/airflow/.local/lib/python3.8/site-packages/airflow/example_dags/example_python_operator.py
[2024-03-14T11:13:08.514+0000] {processor.py:840} INFO - DAG(s) 'example_python_operator' retrieved from /home/airflow/.local/lib/python3.8/site-packages/airflow/example_dags/example_python_operator.py
[2024-03-14T11:13:08.523+0000] {logging_mixin.py:188} INFO - [2024-03-14T11:13:08.523+0000] {dag.py:3047} INFO - Sync 1 DAGs
[2024-03-14T11:13:08.528+0000] {logging_mixin.py:188} INFO - [2024-03-14T11:13:08.528+0000] {dag.py:3834} INFO - Setting next_dagrun for example_python_operator to None, run_after=None
[2024-03-14T11:13:08.535+0000] {processor.py:183} INFO - Processing /home/airflow/.local/lib/python3.8/site-packages/airflow/example_dags/example_python_operator.py took 0.029 seconds
[2024-03-14T11:13:38.845+0000] {processor.py:161} INFO - Started process (PID=1979) to work on /home/airflow/.local/lib/python3.8/site-packages/airflow/example_dags/example_python_operator.py
[2024-03-14T11:13:38.845+0000] {processor.py:830} INFO - Processing file /home/airflow/.local/lib/python3.8/site-packages/airflow/example_dags/example_python_operator.py for tasks to queue
[2024-03-14T11:13:38.846+0000] {logging_mixin.py:188} INFO - [2024-03-14T11:13:38.846+0000] {dagbag.py:540} INFO - Filling up the DagBag from /home/airflow/.local/lib/python3.8/site-packages/airflow/example_dags/example_python_operator.py
[2024-03-14T11:13:38.851+0000] {processor.py:840} INFO - DAG(s) 'example_python_operator' retrieved from /home/airflow/.local/lib/python3.8/site-packages/airflow/example_dags/example_python_operator.py
[2024-03-14T11:13:38.861+0000] {logging_mixin.py:188} INFO - [2024-03-14T11:13:38.861+0000] {dag.py:3047} INFO - Sync 1 DAGs
[2024-03-14T11:13:38.866+0000] {logging_mixin.py:188} INFO - [2024-03-14T11:13:38.866+0000] {dag.py:3834} INFO - Setting next_dagrun for example_python_operator to None, run_after=None
[2024-03-14T11:13:38.873+0000] {processor.py:183} INFO - Processing /home/airflow/.local/lib/python3.8/site-packages/airflow/example_dags/example_python_operator.py took 0.030 seconds
[2024-03-14T11:14:09.248+0000] {processor.py:161} INFO - Started process (PID=2034) to work on /home/airflow/.local/lib/python3.8/site-packages/airflow/example_dags/example_python_operator.py
[2024-03-14T11:14:09.249+0000] {processor.py:830} INFO - Processing file /home/airflow/.local/lib/python3.8/site-packages/airflow/example_dags/example_python_operator.py for tasks to queue
[2024-03-14T11:14:09.249+0000] {logging_mixin.py:188} INFO - [2024-03-14T11:14:09.249+0000] {dagbag.py:540} INFO - Filling up the DagBag from /home/airflow/.local/lib/python3.8/site-packages/airflow/example_dags/example_python_operator.py
[2024-03-14T11:14:09.255+0000] {processor.py:840} INFO - DAG(s) 'example_python_operator' retrieved from /home/airflow/.local/lib/python3.8/site-packages/airflow/example_dags/example_python_operator.py
[2024-03-14T11:14:09.265+0000] {logging_mixin.py:188} INFO - [2024-03-14T11:14:09.265+0000] {dag.py:3047} INFO - Sync 1 DAGs
[2024-03-14T11:14:09.270+0000] {logging_mixin.py:188} INFO - [2024-03-14T11:14:09.270+0000] {dag.py:3834} INFO - Setting next_dagrun for example_python_operator to None, run_after=None
[2024-03-14T11:14:09.278+0000] {processor.py:183} INFO - Processing /home/airflow/.local/lib/python3.8/site-packages/airflow/example_dags/example_python_operator.py took 0.032 seconds
[2024-03-14T11:14:39.600+0000] {processor.py:161} INFO - Started process (PID=2089) to work on /home/airflow/.local/lib/python3.8/site-packages/airflow/example_dags/example_python_operator.py
[2024-03-14T11:14:39.601+0000] {processor.py:830} INFO - Processing file /home/airflow/.local/lib/python3.8/site-packages/airflow/example_dags/example_python_operator.py for tasks to queue
[2024-03-14T11:14:39.603+0000] {logging_mixin.py:188} INFO - [2024-03-14T11:14:39.603+0000] {dagbag.py:540} INFO - Filling up the DagBag from /home/airflow/.local/lib/python3.8/site-packages/airflow/example_dags/example_python_operator.py
[2024-03-14T11:14:39.609+0000] {processor.py:840} INFO - DAG(s) 'example_python_operator' retrieved from /home/airflow/.local/lib/python3.8/site-packages/airflow/example_dags/example_python_operator.py
[2024-03-14T11:14:39.619+0000] {logging_mixin.py:188} INFO - [2024-03-14T11:14:39.619+0000] {dag.py:3047} INFO - Sync 1 DAGs
[2024-03-14T11:14:39.624+0000] {logging_mixin.py:188} INFO - [2024-03-14T11:14:39.624+0000] {dag.py:3834} INFO - Setting next_dagrun for example_python_operator to None, run_after=None
[2024-03-14T11:14:39.634+0000] {processor.py:183} INFO - Processing /home/airflow/.local/lib/python3.8/site-packages/airflow/example_dags/example_python_operator.py took 0.035 seconds
[2024-03-14T11:15:09.989+0000] {processor.py:161} INFO - Started process (PID=2144) to work on /home/airflow/.local/lib/python3.8/site-packages/airflow/example_dags/example_python_operator.py
[2024-03-14T11:15:09.990+0000] {processor.py:830} INFO - Processing file /home/airflow/.local/lib/python3.8/site-packages/airflow/example_dags/example_python_operator.py for tasks to queue
[2024-03-14T11:15:09.990+0000] {logging_mixin.py:188} INFO - [2024-03-14T11:15:09.990+0000] {dagbag.py:540} INFO - Filling up the DagBag from /home/airflow/.local/lib/python3.8/site-packages/airflow/example_dags/example_python_operator.py
[2024-03-14T11:15:09.995+0000] {processor.py:840} INFO - DAG(s) 'example_python_operator' retrieved from /home/airflow/.local/lib/python3.8/site-packages/airflow/example_dags/example_python_operator.py
[2024-03-14T11:15:10.005+0000] {logging_mixin.py:188} INFO - [2024-03-14T11:15:10.005+0000] {dag.py:3047} INFO - Sync 1 DAGs
[2024-03-14T11:15:10.010+0000] {logging_mixin.py:188} INFO - [2024-03-14T11:15:10.010+0000] {dag.py:3834} INFO - Setting next_dagrun for example_python_operator to None, run_after=None
[2024-03-14T11:15:10.017+0000] {processor.py:183} INFO - Processing /home/airflow/.local/lib/python3.8/site-packages/airflow/example_dags/example_python_operator.py took 0.030 seconds
[2024-03-14T11:15:40.369+0000] {processor.py:161} INFO - Started process (PID=2199) to work on /home/airflow/.local/lib/python3.8/site-packages/airflow/example_dags/example_python_operator.py
[2024-03-14T11:15:40.370+0000] {processor.py:830} INFO - Processing file /home/airflow/.local/lib/python3.8/site-packages/airflow/example_dags/example_python_operator.py for tasks to queue
[2024-03-14T11:15:40.371+0000] {logging_mixin.py:188} INFO - [2024-03-14T11:15:40.371+0000] {dagbag.py:540} INFO - Filling up the DagBag from /home/airflow/.local/lib/python3.8/site-packages/airflow/example_dags/example_python_operator.py
[2024-03-14T11:15:40.376+0000] {processor.py:840} INFO - DAG(s) 'example_python_operator' retrieved from /home/airflow/.local/lib/python3.8/site-packages/airflow/example_dags/example_python_operator.py
[2024-03-14T11:15:40.386+0000] {logging_mixin.py:188} INFO - [2024-03-14T11:15:40.386+0000] {dag.py:3047} INFO - Sync 1 DAGs
[2024-03-14T11:15:40.391+0000] {logging_mixin.py:188} INFO - [2024-03-14T11:15:40.391+0000] {dag.py:3834} INFO - Setting next_dagrun for example_python_operator to None, run_after=None
[2024-03-14T11:15:40.398+0000] {processor.py:183} INFO - Processing /home/airflow/.local/lib/python3.8/site-packages/airflow/example_dags/example_python_operator.py took 0.031 seconds
[2024-03-14T11:16:10.827+0000] {processor.py:161} INFO - Started process (PID=2253) to work on /home/airflow/.local/lib/python3.8/site-packages/airflow/example_dags/example_python_operator.py
[2024-03-14T11:16:10.827+0000] {processor.py:830} INFO - Processing file /home/airflow/.local/lib/python3.8/site-packages/airflow/example_dags/example_python_operator.py for tasks to queue
[2024-03-14T11:16:10.828+0000] {logging_mixin.py:188} INFO - [2024-03-14T11:16:10.828+0000] {dagbag.py:540} INFO - Filling up the DagBag from /home/airflow/.local/lib/python3.8/site-packages/airflow/example_dags/example_python_operator.py
[2024-03-14T11:16:10.834+0000] {processor.py:840} INFO - DAG(s) 'example_python_operator' retrieved from /home/airflow/.local/lib/python3.8/site-packages/airflow/example_dags/example_python_operator.py
[2024-03-14T11:16:10.843+0000] {logging_mixin.py:188} INFO - [2024-03-14T11:16:10.843+0000] {dag.py:3047} INFO - Sync 1 DAGs
[2024-03-14T11:16:10.849+0000] {logging_mixin.py:188} INFO - [2024-03-14T11:16:10.849+0000] {dag.py:3834} INFO - Setting next_dagrun for example_python_operator to None, run_after=None
[2024-03-14T11:16:10.856+0000] {processor.py:183} INFO - Processing /home/airflow/.local/lib/python3.8/site-packages/airflow/example_dags/example_python_operator.py took 0.032 seconds
[2024-03-14T11:16:41.256+0000] {processor.py:161} INFO - Started process (PID=2308) to work on /home/airflow/.local/lib/python3.8/site-packages/airflow/example_dags/example_python_operator.py
[2024-03-14T11:16:41.257+0000] {processor.py:830} INFO - Processing file /home/airflow/.local/lib/python3.8/site-packages/airflow/example_dags/example_python_operator.py for tasks to queue
[2024-03-14T11:16:41.258+0000] {logging_mixin.py:188} INFO - [2024-03-14T11:16:41.258+0000] {dagbag.py:540} INFO - Filling up the DagBag from /home/airflow/.local/lib/python3.8/site-packages/airflow/example_dags/example_python_operator.py
[2024-03-14T11:16:41.263+0000] {processor.py:840} INFO - DAG(s) 'example_python_operator' retrieved from /home/airflow/.local/lib/python3.8/site-packages/airflow/example_dags/example_python_operator.py
[2024-03-14T11:16:41.272+0000] {logging_mixin.py:188} INFO - [2024-03-14T11:16:41.272+0000] {dag.py:3047} INFO - Sync 1 DAGs
[2024-03-14T11:16:41.277+0000] {logging_mixin.py:188} INFO - [2024-03-14T11:16:41.277+0000] {dag.py:3834} INFO - Setting next_dagrun for example_python_operator to None, run_after=None
[2024-03-14T11:16:41.285+0000] {processor.py:183} INFO - Processing /home/airflow/.local/lib/python3.8/site-packages/airflow/example_dags/example_python_operator.py took 0.030 seconds
[2024-03-14T11:17:11.761+0000] {processor.py:161} INFO - Started process (PID=2363) to work on /home/airflow/.local/lib/python3.8/site-packages/airflow/example_dags/example_python_operator.py
[2024-03-14T11:17:11.761+0000] {processor.py:830} INFO - Processing file /home/airflow/.local/lib/python3.8/site-packages/airflow/example_dags/example_python_operator.py for tasks to queue
[2024-03-14T11:17:11.762+0000] {logging_mixin.py:188} INFO - [2024-03-14T11:17:11.762+0000] {dagbag.py:540} INFO - Filling up the DagBag from /home/airflow/.local/lib/python3.8/site-packages/airflow/example_dags/example_python_operator.py
[2024-03-14T11:17:11.769+0000] {processor.py:840} INFO - DAG(s) 'example_python_operator' retrieved from /home/airflow/.local/lib/python3.8/site-packages/airflow/example_dags/example_python_operator.py
[2024-03-14T11:17:11.779+0000] {logging_mixin.py:188} INFO - [2024-03-14T11:17:11.779+0000] {dag.py:3047} INFO - Sync 1 DAGs
[2024-03-14T11:17:11.784+0000] {logging_mixin.py:188} INFO - [2024-03-14T11:17:11.784+0000] {dag.py:3834} INFO - Setting next_dagrun for example_python_operator to None, run_after=None
[2024-03-14T11:17:11.791+0000] {processor.py:183} INFO - Processing /home/airflow/.local/lib/python3.8/site-packages/airflow/example_dags/example_python_operator.py took 0.032 seconds
[2024-03-14T11:17:42.181+0000] {processor.py:161} INFO - Started process (PID=2418) to work on /home/airflow/.local/lib/python3.8/site-packages/airflow/example_dags/example_python_operator.py
[2024-03-14T11:17:42.182+0000] {processor.py:830} INFO - Processing file /home/airflow/.local/lib/python3.8/site-packages/airflow/example_dags/example_python_operator.py for tasks to queue
[2024-03-14T11:17:42.183+0000] {logging_mixin.py:188} INFO - [2024-03-14T11:17:42.183+0000] {dagbag.py:540} INFO - Filling up the DagBag from /home/airflow/.local/lib/python3.8/site-packages/airflow/example_dags/example_python_operator.py
[2024-03-14T11:17:42.187+0000] {processor.py:840} INFO - DAG(s) 'example_python_operator' retrieved from /home/airflow/.local/lib/python3.8/site-packages/airflow/example_dags/example_python_operator.py
[2024-03-14T11:17:42.196+0000] {logging_mixin.py:188} INFO - [2024-03-14T11:17:42.196+0000] {dag.py:3047} INFO - Sync 1 DAGs
[2024-03-14T11:17:42.201+0000] {logging_mixin.py:188} INFO - [2024-03-14T11:17:42.201+0000] {dag.py:3834} INFO - Setting next_dagrun for example_python_operator to None, run_after=None
[2024-03-14T11:17:42.208+0000] {processor.py:183} INFO - Processing /home/airflow/.local/lib/python3.8/site-packages/airflow/example_dags/example_python_operator.py took 0.028 seconds
[2024-03-14T11:18:12.707+0000] {processor.py:161} INFO - Started process (PID=2472) to work on /home/airflow/.local/lib/python3.8/site-packages/airflow/example_dags/example_python_operator.py
[2024-03-14T11:18:12.707+0000] {processor.py:830} INFO - Processing file /home/airflow/.local/lib/python3.8/site-packages/airflow/example_dags/example_python_operator.py for tasks to queue
[2024-03-14T11:18:12.708+0000] {logging_mixin.py:188} INFO - [2024-03-14T11:18:12.708+0000] {dagbag.py:540} INFO - Filling up the DagBag from /home/airflow/.local/lib/python3.8/site-packages/airflow/example_dags/example_python_operator.py
[2024-03-14T11:18:12.712+0000] {processor.py:840} INFO - DAG(s) 'example_python_operator' retrieved from /home/airflow/.local/lib/python3.8/site-packages/airflow/example_dags/example_python_operator.py
[2024-03-14T11:18:12.722+0000] {logging_mixin.py:188} INFO - [2024-03-14T11:18:12.722+0000] {dag.py:3047} INFO - Sync 1 DAGs
[2024-03-14T11:18:12.726+0000] {logging_mixin.py:188} INFO - [2024-03-14T11:18:12.726+0000] {dag.py:3834} INFO - Setting next_dagrun for example_python_operator to None, run_after=None
[2024-03-14T11:18:12.733+0000] {processor.py:183} INFO - Processing /home/airflow/.local/lib/python3.8/site-packages/airflow/example_dags/example_python_operator.py took 0.027 seconds
[2024-03-14T11:18:43.080+0000] {processor.py:161} INFO - Started process (PID=2527) to work on /home/airflow/.local/lib/python3.8/site-packages/airflow/example_dags/example_python_operator.py
[2024-03-14T11:18:43.080+0000] {processor.py:830} INFO - Processing file /home/airflow/.local/lib/python3.8/site-packages/airflow/example_dags/example_python_operator.py for tasks to queue
[2024-03-14T11:18:43.081+0000] {logging_mixin.py:188} INFO - [2024-03-14T11:18:43.081+0000] {dagbag.py:540} INFO - Filling up the DagBag from /home/airflow/.local/lib/python3.8/site-packages/airflow/example_dags/example_python_operator.py
[2024-03-14T11:18:43.086+0000] {processor.py:840} INFO - DAG(s) 'example_python_operator' retrieved from /home/airflow/.local/lib/python3.8/site-packages/airflow/example_dags/example_python_operator.py
[2024-03-14T11:18:43.095+0000] {logging_mixin.py:188} INFO - [2024-03-14T11:18:43.095+0000] {dag.py:3047} INFO - Sync 1 DAGs
[2024-03-14T11:18:43.099+0000] {logging_mixin.py:188} INFO - [2024-03-14T11:18:43.099+0000] {dag.py:3834} INFO - Setting next_dagrun for example_python_operator to None, run_after=None
[2024-03-14T11:18:43.106+0000] {processor.py:183} INFO - Processing /home/airflow/.local/lib/python3.8/site-packages/airflow/example_dags/example_python_operator.py took 0.028 seconds
[2024-03-14T11:19:13.474+0000] {processor.py:161} INFO - Started process (PID=2582) to work on /home/airflow/.local/lib/python3.8/site-packages/airflow/example_dags/example_python_operator.py
[2024-03-14T11:19:13.475+0000] {processor.py:830} INFO - Processing file /home/airflow/.local/lib/python3.8/site-packages/airflow/example_dags/example_python_operator.py for tasks to queue
[2024-03-14T11:19:13.476+0000] {logging_mixin.py:188} INFO - [2024-03-14T11:19:13.475+0000] {dagbag.py:540} INFO - Filling up the DagBag from /home/airflow/.local/lib/python3.8/site-packages/airflow/example_dags/example_python_operator.py
[2024-03-14T11:19:13.481+0000] {processor.py:840} INFO - DAG(s) 'example_python_operator' retrieved from /home/airflow/.local/lib/python3.8/site-packages/airflow/example_dags/example_python_operator.py
[2024-03-14T11:19:13.490+0000] {logging_mixin.py:188} INFO - [2024-03-14T11:19:13.490+0000] {dag.py:3047} INFO - Sync 1 DAGs
[2024-03-14T11:19:13.495+0000] {logging_mixin.py:188} INFO - [2024-03-14T11:19:13.495+0000] {dag.py:3834} INFO - Setting next_dagrun for example_python_operator to None, run_after=None
[2024-03-14T11:19:13.502+0000] {processor.py:183} INFO - Processing /home/airflow/.local/lib/python3.8/site-packages/airflow/example_dags/example_python_operator.py took 0.030 seconds
[2024-03-14T11:19:43.900+0000] {processor.py:161} INFO - Started process (PID=2637) to work on /home/airflow/.local/lib/python3.8/site-packages/airflow/example_dags/example_python_operator.py
[2024-03-14T11:19:43.901+0000] {processor.py:830} INFO - Processing file /home/airflow/.local/lib/python3.8/site-packages/airflow/example_dags/example_python_operator.py for tasks to queue
[2024-03-14T11:19:43.901+0000] {logging_mixin.py:188} INFO - [2024-03-14T11:19:43.901+0000] {dagbag.py:540} INFO - Filling up the DagBag from /home/airflow/.local/lib/python3.8/site-packages/airflow/example_dags/example_python_operator.py
[2024-03-14T11:19:43.906+0000] {processor.py:840} INFO - DAG(s) 'example_python_operator' retrieved from /home/airflow/.local/lib/python3.8/site-packages/airflow/example_dags/example_python_operator.py
[2024-03-14T11:19:43.916+0000] {logging_mixin.py:188} INFO - [2024-03-14T11:19:43.916+0000] {dag.py:3047} INFO - Sync 1 DAGs
[2024-03-14T11:19:43.921+0000] {logging_mixin.py:188} INFO - [2024-03-14T11:19:43.921+0000] {dag.py:3834} INFO - Setting next_dagrun for example_python_operator to None, run_after=None
[2024-03-14T11:19:43.928+0000] {processor.py:183} INFO - Processing /home/airflow/.local/lib/python3.8/site-packages/airflow/example_dags/example_python_operator.py took 0.030 seconds
[2024-03-14T11:20:14.319+0000] {processor.py:161} INFO - Started process (PID=2692) to work on /home/airflow/.local/lib/python3.8/site-packages/airflow/example_dags/example_python_operator.py
[2024-03-14T11:20:14.320+0000] {processor.py:830} INFO - Processing file /home/airflow/.local/lib/python3.8/site-packages/airflow/example_dags/example_python_operator.py for tasks to queue
[2024-03-14T11:20:14.321+0000] {logging_mixin.py:188} INFO - [2024-03-14T11:20:14.320+0000] {dagbag.py:540} INFO - Filling up the DagBag from /home/airflow/.local/lib/python3.8/site-packages/airflow/example_dags/example_python_operator.py
[2024-03-14T11:20:14.326+0000] {processor.py:840} INFO - DAG(s) 'example_python_operator' retrieved from /home/airflow/.local/lib/python3.8/site-packages/airflow/example_dags/example_python_operator.py
[2024-03-14T11:20:14.335+0000] {logging_mixin.py:188} INFO - [2024-03-14T11:20:14.335+0000] {dag.py:3047} INFO - Sync 1 DAGs
[2024-03-14T11:20:14.340+0000] {logging_mixin.py:188} INFO - [2024-03-14T11:20:14.340+0000] {dag.py:3834} INFO - Setting next_dagrun for example_python_operator to None, run_after=None
[2024-03-14T11:20:14.348+0000] {processor.py:183} INFO - Processing /home/airflow/.local/lib/python3.8/site-packages/airflow/example_dags/example_python_operator.py took 0.031 seconds
[2024-03-14T11:20:44.766+0000] {processor.py:161} INFO - Started process (PID=2747) to work on /home/airflow/.local/lib/python3.8/site-packages/airflow/example_dags/example_python_operator.py
[2024-03-14T11:20:44.766+0000] {processor.py:830} INFO - Processing file /home/airflow/.local/lib/python3.8/site-packages/airflow/example_dags/example_python_operator.py for tasks to queue
[2024-03-14T11:20:44.767+0000] {logging_mixin.py:188} INFO - [2024-03-14T11:20:44.767+0000] {dagbag.py:540} INFO - Filling up the DagBag from /home/airflow/.local/lib/python3.8/site-packages/airflow/example_dags/example_python_operator.py
[2024-03-14T11:20:44.773+0000] {processor.py:840} INFO - DAG(s) 'example_python_operator' retrieved from /home/airflow/.local/lib/python3.8/site-packages/airflow/example_dags/example_python_operator.py
[2024-03-14T11:20:44.783+0000] {logging_mixin.py:188} INFO - [2024-03-14T11:20:44.783+0000] {dag.py:3047} INFO - Sync 1 DAGs
[2024-03-14T11:20:44.788+0000] {logging_mixin.py:188} INFO - [2024-03-14T11:20:44.788+0000] {dag.py:3834} INFO - Setting next_dagrun for example_python_operator to None, run_after=None
[2024-03-14T11:20:44.796+0000] {processor.py:183} INFO - Processing /home/airflow/.local/lib/python3.8/site-packages/airflow/example_dags/example_python_operator.py took 0.032 seconds
[2024-03-14T11:21:15.328+0000] {processor.py:161} INFO - Started process (PID=2802) to work on /home/airflow/.local/lib/python3.8/site-packages/airflow/example_dags/example_python_operator.py
[2024-03-14T11:21:15.328+0000] {processor.py:830} INFO - Processing file /home/airflow/.local/lib/python3.8/site-packages/airflow/example_dags/example_python_operator.py for tasks to queue
[2024-03-14T11:21:15.329+0000] {logging_mixin.py:188} INFO - [2024-03-14T11:21:15.329+0000] {dagbag.py:540} INFO - Filling up the DagBag from /home/airflow/.local/lib/python3.8/site-packages/airflow/example_dags/example_python_operator.py
[2024-03-14T11:21:15.334+0000] {processor.py:840} INFO - DAG(s) 'example_python_operator' retrieved from /home/airflow/.local/lib/python3.8/site-packages/airflow/example_dags/example_python_operator.py
[2024-03-14T11:21:15.343+0000] {logging_mixin.py:188} INFO - [2024-03-14T11:21:15.343+0000] {dag.py:3047} INFO - Sync 1 DAGs
[2024-03-14T11:21:15.348+0000] {logging_mixin.py:188} INFO - [2024-03-14T11:21:15.348+0000] {dag.py:3834} INFO - Setting next_dagrun for example_python_operator to None, run_after=None
[2024-03-14T11:21:15.355+0000] {processor.py:183} INFO - Processing /home/airflow/.local/lib/python3.8/site-packages/airflow/example_dags/example_python_operator.py took 0.029 seconds
[2024-03-14T11:21:45.769+0000] {processor.py:161} INFO - Started process (PID=2857) to work on /home/airflow/.local/lib/python3.8/site-packages/airflow/example_dags/example_python_operator.py
[2024-03-14T11:21:45.770+0000] {processor.py:830} INFO - Processing file /home/airflow/.local/lib/python3.8/site-packages/airflow/example_dags/example_python_operator.py for tasks to queue
[2024-03-14T11:21:45.771+0000] {logging_mixin.py:188} INFO - [2024-03-14T11:21:45.770+0000] {dagbag.py:540} INFO - Filling up the DagBag from /home/airflow/.local/lib/python3.8/site-packages/airflow/example_dags/example_python_operator.py
[2024-03-14T11:21:45.775+0000] {processor.py:840} INFO - DAG(s) 'example_python_operator' retrieved from /home/airflow/.local/lib/python3.8/site-packages/airflow/example_dags/example_python_operator.py
[2024-03-14T11:21:45.784+0000] {logging_mixin.py:188} INFO - [2024-03-14T11:21:45.784+0000] {dag.py:3047} INFO - Sync 1 DAGs
[2024-03-14T11:21:45.789+0000] {logging_mixin.py:188} INFO - [2024-03-14T11:21:45.789+0000] {dag.py:3834} INFO - Setting next_dagrun for example_python_operator to None, run_after=None
[2024-03-14T11:21:45.796+0000] {processor.py:183} INFO - Processing /home/airflow/.local/lib/python3.8/site-packages/airflow/example_dags/example_python_operator.py took 0.028 seconds
[2024-03-14T11:22:16.225+0000] {processor.py:161} INFO - Started process (PID=2912) to work on /home/airflow/.local/lib/python3.8/site-packages/airflow/example_dags/example_python_operator.py
[2024-03-14T11:22:16.226+0000] {processor.py:830} INFO - Processing file /home/airflow/.local/lib/python3.8/site-packages/airflow/example_dags/example_python_operator.py for tasks to queue
[2024-03-14T11:22:16.227+0000] {logging_mixin.py:188} INFO - [2024-03-14T11:22:16.226+0000] {dagbag.py:540} INFO - Filling up the DagBag from /home/airflow/.local/lib/python3.8/site-packages/airflow/example_dags/example_python_operator.py
[2024-03-14T11:22:16.231+0000] {processor.py:840} INFO - DAG(s) 'example_python_operator' retrieved from /home/airflow/.local/lib/python3.8/site-packages/airflow/example_dags/example_python_operator.py
[2024-03-14T11:22:16.240+0000] {logging_mixin.py:188} INFO - [2024-03-14T11:22:16.240+0000] {dag.py:3047} INFO - Sync 1 DAGs
[2024-03-14T11:22:16.245+0000] {logging_mixin.py:188} INFO - [2024-03-14T11:22:16.245+0000] {dag.py:3834} INFO - Setting next_dagrun for example_python_operator to None, run_after=None
[2024-03-14T11:22:16.252+0000] {processor.py:183} INFO - Processing /home/airflow/.local/lib/python3.8/site-packages/airflow/example_dags/example_python_operator.py took 0.028 seconds
[2024-03-14T11:22:46.729+0000] {processor.py:161} INFO - Started process (PID=2967) to work on /home/airflow/.local/lib/python3.8/site-packages/airflow/example_dags/example_python_operator.py
[2024-03-14T11:22:46.730+0000] {processor.py:830} INFO - Processing file /home/airflow/.local/lib/python3.8/site-packages/airflow/example_dags/example_python_operator.py for tasks to queue
[2024-03-14T11:22:46.731+0000] {logging_mixin.py:188} INFO - [2024-03-14T11:22:46.731+0000] {dagbag.py:540} INFO - Filling up the DagBag from /home/airflow/.local/lib/python3.8/site-packages/airflow/example_dags/example_python_operator.py
[2024-03-14T11:22:46.736+0000] {processor.py:840} INFO - DAG(s) 'example_python_operator' retrieved from /home/airflow/.local/lib/python3.8/site-packages/airflow/example_dags/example_python_operator.py
[2024-03-14T11:22:46.746+0000] {logging_mixin.py:188} INFO - [2024-03-14T11:22:46.746+0000] {dag.py:3047} INFO - Sync 1 DAGs
[2024-03-14T11:22:46.751+0000] {logging_mixin.py:188} INFO - [2024-03-14T11:22:46.751+0000] {dag.py:3834} INFO - Setting next_dagrun for example_python_operator to None, run_after=None
[2024-03-14T11:22:46.759+0000] {processor.py:183} INFO - Processing /home/airflow/.local/lib/python3.8/site-packages/airflow/example_dags/example_python_operator.py took 0.031 seconds
[2024-03-14T11:23:17.130+0000] {processor.py:161} INFO - Started process (PID=3022) to work on /home/airflow/.local/lib/python3.8/site-packages/airflow/example_dags/example_python_operator.py
[2024-03-14T11:23:17.131+0000] {processor.py:830} INFO - Processing file /home/airflow/.local/lib/python3.8/site-packages/airflow/example_dags/example_python_operator.py for tasks to queue
[2024-03-14T11:23:17.132+0000] {logging_mixin.py:188} INFO - [2024-03-14T11:23:17.132+0000] {dagbag.py:540} INFO - Filling up the DagBag from /home/airflow/.local/lib/python3.8/site-packages/airflow/example_dags/example_python_operator.py
[2024-03-14T11:23:17.137+0000] {processor.py:840} INFO - DAG(s) 'example_python_operator' retrieved from /home/airflow/.local/lib/python3.8/site-packages/airflow/example_dags/example_python_operator.py
[2024-03-14T11:23:17.147+0000] {logging_mixin.py:188} INFO - [2024-03-14T11:23:17.147+0000] {dag.py:3047} INFO - Sync 1 DAGs
[2024-03-14T11:23:17.152+0000] {logging_mixin.py:188} INFO - [2024-03-14T11:23:17.152+0000] {dag.py:3834} INFO - Setting next_dagrun for example_python_operator to None, run_after=None
[2024-03-14T11:23:17.159+0000] {processor.py:183} INFO - Processing /home/airflow/.local/lib/python3.8/site-packages/airflow/example_dags/example_python_operator.py took 0.030 seconds
[2024-03-14T11:23:47.591+0000] {processor.py:161} INFO - Started process (PID=3077) to work on /home/airflow/.local/lib/python3.8/site-packages/airflow/example_dags/example_python_operator.py
[2024-03-14T11:23:47.592+0000] {processor.py:830} INFO - Processing file /home/airflow/.local/lib/python3.8/site-packages/airflow/example_dags/example_python_operator.py for tasks to queue
[2024-03-14T11:23:47.593+0000] {logging_mixin.py:188} INFO - [2024-03-14T11:23:47.593+0000] {dagbag.py:540} INFO - Filling up the DagBag from /home/airflow/.local/lib/python3.8/site-packages/airflow/example_dags/example_python_operator.py
[2024-03-14T11:23:47.598+0000] {processor.py:840} INFO - DAG(s) 'example_python_operator' retrieved from /home/airflow/.local/lib/python3.8/site-packages/airflow/example_dags/example_python_operator.py
[2024-03-14T11:23:47.607+0000] {logging_mixin.py:188} INFO - [2024-03-14T11:23:47.607+0000] {dag.py:3047} INFO - Sync 1 DAGs
[2024-03-14T11:23:47.613+0000] {logging_mixin.py:188} INFO - [2024-03-14T11:23:47.613+0000] {dag.py:3834} INFO - Setting next_dagrun for example_python_operator to None, run_after=None
[2024-03-14T11:23:47.620+0000] {processor.py:183} INFO - Processing /home/airflow/.local/lib/python3.8/site-packages/airflow/example_dags/example_python_operator.py took 0.031 seconds
[2024-03-14T11:24:17.961+0000] {processor.py:161} INFO - Started process (PID=3132) to work on /home/airflow/.local/lib/python3.8/site-packages/airflow/example_dags/example_python_operator.py
[2024-03-14T11:24:17.961+0000] {processor.py:830} INFO - Processing file /home/airflow/.local/lib/python3.8/site-packages/airflow/example_dags/example_python_operator.py for tasks to queue
[2024-03-14T11:24:17.962+0000] {logging_mixin.py:188} INFO - [2024-03-14T11:24:17.962+0000] {dagbag.py:540} INFO - Filling up the DagBag from /home/airflow/.local/lib/python3.8/site-packages/airflow/example_dags/example_python_operator.py
[2024-03-14T11:24:17.968+0000] {processor.py:840} INFO - DAG(s) 'example_python_operator' retrieved from /home/airflow/.local/lib/python3.8/site-packages/airflow/example_dags/example_python_operator.py
[2024-03-14T11:24:17.978+0000] {logging_mixin.py:188} INFO - [2024-03-14T11:24:17.978+0000] {dag.py:3047} INFO - Sync 1 DAGs
[2024-03-14T11:24:17.983+0000] {logging_mixin.py:188} INFO - [2024-03-14T11:24:17.983+0000] {dag.py:3834} INFO - Setting next_dagrun for example_python_operator to None, run_after=None
[2024-03-14T11:24:17.990+0000] {processor.py:183} INFO - Processing /home/airflow/.local/lib/python3.8/site-packages/airflow/example_dags/example_python_operator.py took 0.031 seconds
[2024-03-14T11:24:48.313+0000] {processor.py:161} INFO - Started process (PID=3187) to work on /home/airflow/.local/lib/python3.8/site-packages/airflow/example_dags/example_python_operator.py
[2024-03-14T11:24:48.314+0000] {processor.py:830} INFO - Processing file /home/airflow/.local/lib/python3.8/site-packages/airflow/example_dags/example_python_operator.py for tasks to queue
[2024-03-14T11:24:48.315+0000] {logging_mixin.py:188} INFO - [2024-03-14T11:24:48.315+0000] {dagbag.py:540} INFO - Filling up the DagBag from /home/airflow/.local/lib/python3.8/site-packages/airflow/example_dags/example_python_operator.py
[2024-03-14T11:24:48.321+0000] {processor.py:840} INFO - DAG(s) 'example_python_operator' retrieved from /home/airflow/.local/lib/python3.8/site-packages/airflow/example_dags/example_python_operator.py
[2024-03-14T11:24:48.331+0000] {logging_mixin.py:188} INFO - [2024-03-14T11:24:48.331+0000] {dag.py:3047} INFO - Sync 1 DAGs
[2024-03-14T11:24:48.336+0000] {logging_mixin.py:188} INFO - [2024-03-14T11:24:48.336+0000] {dag.py:3834} INFO - Setting next_dagrun for example_python_operator to None, run_after=None
[2024-03-14T11:24:48.343+0000] {processor.py:183} INFO - Processing /home/airflow/.local/lib/python3.8/site-packages/airflow/example_dags/example_python_operator.py took 0.032 seconds
[2024-03-14T11:25:18.744+0000] {processor.py:161} INFO - Started process (PID=3242) to work on /home/airflow/.local/lib/python3.8/site-packages/airflow/example_dags/example_python_operator.py
[2024-03-14T11:25:18.745+0000] {processor.py:830} INFO - Processing file /home/airflow/.local/lib/python3.8/site-packages/airflow/example_dags/example_python_operator.py for tasks to queue
[2024-03-14T11:25:18.746+0000] {logging_mixin.py:188} INFO - [2024-03-14T11:25:18.746+0000] {dagbag.py:540} INFO - Filling up the DagBag from /home/airflow/.local/lib/python3.8/site-packages/airflow/example_dags/example_python_operator.py
[2024-03-14T11:25:18.752+0000] {processor.py:840} INFO - DAG(s) 'example_python_operator' retrieved from /home/airflow/.local/lib/python3.8/site-packages/airflow/example_dags/example_python_operator.py
[2024-03-14T11:25:18.762+0000] {logging_mixin.py:188} INFO - [2024-03-14T11:25:18.761+0000] {dag.py:3047} INFO - Sync 1 DAGs
[2024-03-14T11:25:18.767+0000] {logging_mixin.py:188} INFO - [2024-03-14T11:25:18.767+0000] {dag.py:3834} INFO - Setting next_dagrun for example_python_operator to None, run_after=None
[2024-03-14T11:25:18.775+0000] {processor.py:183} INFO - Processing /home/airflow/.local/lib/python3.8/site-packages/airflow/example_dags/example_python_operator.py took 0.032 seconds
[2024-03-14T11:25:49.246+0000] {processor.py:161} INFO - Started process (PID=3297) to work on /home/airflow/.local/lib/python3.8/site-packages/airflow/example_dags/example_python_operator.py
[2024-03-14T11:25:49.247+0000] {processor.py:830} INFO - Processing file /home/airflow/.local/lib/python3.8/site-packages/airflow/example_dags/example_python_operator.py for tasks to queue
[2024-03-14T11:25:49.248+0000] {logging_mixin.py:188} INFO - [2024-03-14T11:25:49.248+0000] {dagbag.py:540} INFO - Filling up the DagBag from /home/airflow/.local/lib/python3.8/site-packages/airflow/example_dags/example_python_operator.py
[2024-03-14T11:25:49.253+0000] {processor.py:840} INFO - DAG(s) 'example_python_operator' retrieved from /home/airflow/.local/lib/python3.8/site-packages/airflow/example_dags/example_python_operator.py
[2024-03-14T11:25:49.262+0000] {logging_mixin.py:188} INFO - [2024-03-14T11:25:49.262+0000] {dag.py:3047} INFO - Sync 1 DAGs
[2024-03-14T11:25:49.267+0000] {logging_mixin.py:188} INFO - [2024-03-14T11:25:49.267+0000] {dag.py:3834} INFO - Setting next_dagrun for example_python_operator to None, run_after=None
[2024-03-14T11:25:49.274+0000] {processor.py:183} INFO - Processing /home/airflow/.local/lib/python3.8/site-packages/airflow/example_dags/example_python_operator.py took 0.029 seconds
[2024-03-14T11:26:19.713+0000] {processor.py:161} INFO - Started process (PID=3352) to work on /home/airflow/.local/lib/python3.8/site-packages/airflow/example_dags/example_python_operator.py
[2024-03-14T11:26:19.713+0000] {processor.py:830} INFO - Processing file /home/airflow/.local/lib/python3.8/site-packages/airflow/example_dags/example_python_operator.py for tasks to queue
[2024-03-14T11:26:19.714+0000] {logging_mixin.py:188} INFO - [2024-03-14T11:26:19.714+0000] {dagbag.py:540} INFO - Filling up the DagBag from /home/airflow/.local/lib/python3.8/site-packages/airflow/example_dags/example_python_operator.py
[2024-03-14T11:26:19.719+0000] {processor.py:840} INFO - DAG(s) 'example_python_operator' retrieved from /home/airflow/.local/lib/python3.8/site-packages/airflow/example_dags/example_python_operator.py
[2024-03-14T11:26:19.730+0000] {logging_mixin.py:188} INFO - [2024-03-14T11:26:19.730+0000] {dag.py:3047} INFO - Sync 1 DAGs
[2024-03-14T11:26:19.735+0000] {logging_mixin.py:188} INFO - [2024-03-14T11:26:19.735+0000] {dag.py:3834} INFO - Setting next_dagrun for example_python_operator to None, run_after=None
[2024-03-14T11:26:19.742+0000] {processor.py:183} INFO - Processing /home/airflow/.local/lib/python3.8/site-packages/airflow/example_dags/example_python_operator.py took 0.031 seconds
[2024-03-14T11:26:50.156+0000] {processor.py:161} INFO - Started process (PID=3407) to work on /home/airflow/.local/lib/python3.8/site-packages/airflow/example_dags/example_python_operator.py
[2024-03-14T11:26:50.156+0000] {processor.py:830} INFO - Processing file /home/airflow/.local/lib/python3.8/site-packages/airflow/example_dags/example_python_operator.py for tasks to queue
[2024-03-14T11:26:50.157+0000] {logging_mixin.py:188} INFO - [2024-03-14T11:26:50.157+0000] {dagbag.py:540} INFO - Filling up the DagBag from /home/airflow/.local/lib/python3.8/site-packages/airflow/example_dags/example_python_operator.py
[2024-03-14T11:26:50.162+0000] {processor.py:840} INFO - DAG(s) 'example_python_operator' retrieved from /home/airflow/.local/lib/python3.8/site-packages/airflow/example_dags/example_python_operator.py
[2024-03-14T11:26:50.171+0000] {logging_mixin.py:188} INFO - [2024-03-14T11:26:50.171+0000] {dag.py:3047} INFO - Sync 1 DAGs
[2024-03-14T11:26:50.175+0000] {logging_mixin.py:188} INFO - [2024-03-14T11:26:50.175+0000] {dag.py:3834} INFO - Setting next_dagrun for example_python_operator to None, run_after=None
[2024-03-14T11:26:50.182+0000] {processor.py:183} INFO - Processing /home/airflow/.local/lib/python3.8/site-packages/airflow/example_dags/example_python_operator.py took 0.028 seconds
[2024-03-14T11:27:20.680+0000] {processor.py:161} INFO - Started process (PID=3467) to work on /home/airflow/.local/lib/python3.8/site-packages/airflow/example_dags/example_python_operator.py
[2024-03-14T11:27:20.681+0000] {processor.py:830} INFO - Processing file /home/airflow/.local/lib/python3.8/site-packages/airflow/example_dags/example_python_operator.py for tasks to queue
[2024-03-14T11:27:20.682+0000] {logging_mixin.py:188} INFO - [2024-03-14T11:27:20.681+0000] {dagbag.py:540} INFO - Filling up the DagBag from /home/airflow/.local/lib/python3.8/site-packages/airflow/example_dags/example_python_operator.py
[2024-03-14T11:27:20.686+0000] {processor.py:840} INFO - DAG(s) 'example_python_operator' retrieved from /home/airflow/.local/lib/python3.8/site-packages/airflow/example_dags/example_python_operator.py
[2024-03-14T11:27:20.695+0000] {logging_mixin.py:188} INFO - [2024-03-14T11:27:20.695+0000] {dag.py:3047} INFO - Sync 1 DAGs
[2024-03-14T11:27:20.700+0000] {logging_mixin.py:188} INFO - [2024-03-14T11:27:20.700+0000] {dag.py:3834} INFO - Setting next_dagrun for example_python_operator to None, run_after=None
[2024-03-14T11:27:20.708+0000] {processor.py:183} INFO - Processing /home/airflow/.local/lib/python3.8/site-packages/airflow/example_dags/example_python_operator.py took 0.029 seconds
[2024-03-14T11:27:51.344+0000] {processor.py:161} INFO - Started process (PID=3522) to work on /home/airflow/.local/lib/python3.8/site-packages/airflow/example_dags/example_python_operator.py
[2024-03-14T11:27:51.344+0000] {processor.py:830} INFO - Processing file /home/airflow/.local/lib/python3.8/site-packages/airflow/example_dags/example_python_operator.py for tasks to queue
[2024-03-14T11:27:51.345+0000] {logging_mixin.py:188} INFO - [2024-03-14T11:27:51.345+0000] {dagbag.py:540} INFO - Filling up the DagBag from /home/airflow/.local/lib/python3.8/site-packages/airflow/example_dags/example_python_operator.py
[2024-03-14T11:27:51.350+0000] {processor.py:840} INFO - DAG(s) 'example_python_operator' retrieved from /home/airflow/.local/lib/python3.8/site-packages/airflow/example_dags/example_python_operator.py
[2024-03-14T11:27:51.360+0000] {logging_mixin.py:188} INFO - [2024-03-14T11:27:51.360+0000] {dag.py:3047} INFO - Sync 1 DAGs
[2024-03-14T11:27:51.365+0000] {logging_mixin.py:188} INFO - [2024-03-14T11:27:51.364+0000] {dag.py:3834} INFO - Setting next_dagrun for example_python_operator to None, run_after=None
[2024-03-14T11:27:51.371+0000] {processor.py:183} INFO - Processing /home/airflow/.local/lib/python3.8/site-packages/airflow/example_dags/example_python_operator.py took 0.030 seconds
[2024-03-14T11:28:22.451+0000] {processor.py:161} INFO - Started process (PID=3577) to work on /home/airflow/.local/lib/python3.8/site-packages/airflow/example_dags/example_python_operator.py
[2024-03-14T11:28:22.452+0000] {processor.py:830} INFO - Processing file /home/airflow/.local/lib/python3.8/site-packages/airflow/example_dags/example_python_operator.py for tasks to queue
[2024-03-14T11:28:22.453+0000] {logging_mixin.py:188} INFO - [2024-03-14T11:28:22.453+0000] {dagbag.py:540} INFO - Filling up the DagBag from /home/airflow/.local/lib/python3.8/site-packages/airflow/example_dags/example_python_operator.py
[2024-03-14T11:28:22.458+0000] {processor.py:840} INFO - DAG(s) 'example_python_operator' retrieved from /home/airflow/.local/lib/python3.8/site-packages/airflow/example_dags/example_python_operator.py
[2024-03-14T11:28:22.467+0000] {logging_mixin.py:188} INFO - [2024-03-14T11:28:22.467+0000] {dag.py:3047} INFO - Sync 1 DAGs
[2024-03-14T11:28:22.573+0000] {logging_mixin.py:188} INFO - [2024-03-14T11:28:22.573+0000] {dag.py:3834} INFO - Setting next_dagrun for example_python_operator to None, run_after=None
[2024-03-14T11:28:22.601+0000] {processor.py:183} INFO - Processing /home/airflow/.local/lib/python3.8/site-packages/airflow/example_dags/example_python_operator.py took 0.151 seconds
