[2024-03-14T10:55:54.729+0000] {processor.py:161} INFO - Started process (PID=54) to work on /home/airflow/.local/lib/python3.8/site-packages/airflow/example_dags/example_setup_teardown.py
[2024-03-14T10:55:54.731+0000] {processor.py:830} INFO - Processing file /home/airflow/.local/lib/python3.8/site-packages/airflow/example_dags/example_setup_teardown.py for tasks to queue
[2024-03-14T10:55:54.733+0000] {logging_mixin.py:188} INFO - [2024-03-14T10:55:54.733+0000] {dagbag.py:540} INFO - Filling up the DagBag from /home/airflow/.local/lib/python3.8/site-packages/airflow/example_dags/example_setup_teardown.py
[2024-03-14T10:55:54.742+0000] {processor.py:840} INFO - DAG(s) 'example_setup_teardown' retrieved from /home/airflow/.local/lib/python3.8/site-packages/airflow/example_dags/example_setup_teardown.py
[2024-03-14T10:55:54.757+0000] {logging_mixin.py:188} INFO - [2024-03-14T10:55:54.757+0000] {dag.py:3047} INFO - Sync 1 DAGs
[2024-03-14T10:55:54.773+0000] {logging_mixin.py:188} INFO - [2024-03-14T10:55:54.773+0000] {dag.py:3834} INFO - Setting next_dagrun for example_setup_teardown to 2024-03-13 00:00:00+00:00, run_after=2024-03-14 00:00:00+00:00
[2024-03-14T10:55:54.786+0000] {processor.py:183} INFO - Processing /home/airflow/.local/lib/python3.8/site-packages/airflow/example_dags/example_setup_teardown.py took 0.062 seconds
[2024-03-14T10:56:24.806+0000] {processor.py:161} INFO - Started process (PID=109) to work on /home/airflow/.local/lib/python3.8/site-packages/airflow/example_dags/example_setup_teardown.py
[2024-03-14T10:56:24.807+0000] {processor.py:830} INFO - Processing file /home/airflow/.local/lib/python3.8/site-packages/airflow/example_dags/example_setup_teardown.py for tasks to queue
[2024-03-14T10:56:24.807+0000] {logging_mixin.py:188} INFO - [2024-03-14T10:56:24.807+0000] {dagbag.py:540} INFO - Filling up the DagBag from /home/airflow/.local/lib/python3.8/site-packages/airflow/example_dags/example_setup_teardown.py
[2024-03-14T10:56:24.810+0000] {processor.py:840} INFO - DAG(s) 'example_setup_teardown' retrieved from /home/airflow/.local/lib/python3.8/site-packages/airflow/example_dags/example_setup_teardown.py
[2024-03-14T10:56:24.850+0000] {logging_mixin.py:188} INFO - [2024-03-14T10:56:24.850+0000] {dag.py:3047} INFO - Sync 1 DAGs
[2024-03-14T10:56:24.858+0000] {logging_mixin.py:188} INFO - [2024-03-14T10:56:24.858+0000] {dag.py:3834} INFO - Setting next_dagrun for example_setup_teardown to 2024-03-13 00:00:00+00:00, run_after=2024-03-14 00:00:00+00:00
[2024-03-14T10:56:24.865+0000] {processor.py:183} INFO - Processing /home/airflow/.local/lib/python3.8/site-packages/airflow/example_dags/example_setup_teardown.py took 0.061 seconds
[2024-03-14T10:56:54.895+0000] {processor.py:161} INFO - Started process (PID=164) to work on /home/airflow/.local/lib/python3.8/site-packages/airflow/example_dags/example_setup_teardown.py
[2024-03-14T10:56:54.896+0000] {processor.py:830} INFO - Processing file /home/airflow/.local/lib/python3.8/site-packages/airflow/example_dags/example_setup_teardown.py for tasks to queue
[2024-03-14T10:56:54.897+0000] {logging_mixin.py:188} INFO - [2024-03-14T10:56:54.897+0000] {dagbag.py:540} INFO - Filling up the DagBag from /home/airflow/.local/lib/python3.8/site-packages/airflow/example_dags/example_setup_teardown.py
[2024-03-14T10:56:54.900+0000] {processor.py:840} INFO - DAG(s) 'example_setup_teardown' retrieved from /home/airflow/.local/lib/python3.8/site-packages/airflow/example_dags/example_setup_teardown.py
[2024-03-14T10:56:54.909+0000] {logging_mixin.py:188} INFO - [2024-03-14T10:56:54.909+0000] {dag.py:3047} INFO - Sync 1 DAGs
[2024-03-14T10:56:54.920+0000] {logging_mixin.py:188} INFO - [2024-03-14T10:56:54.920+0000] {dag.py:3834} INFO - Setting next_dagrun for example_setup_teardown to 2024-03-13 00:00:00+00:00, run_after=2024-03-14 00:00:00+00:00
[2024-03-14T10:56:54.930+0000] {processor.py:183} INFO - Processing /home/airflow/.local/lib/python3.8/site-packages/airflow/example_dags/example_setup_teardown.py took 0.037 seconds
[2024-03-14T10:57:25.457+0000] {processor.py:161} INFO - Started process (PID=218) to work on /home/airflow/.local/lib/python3.8/site-packages/airflow/example_dags/example_setup_teardown.py
[2024-03-14T10:57:25.458+0000] {processor.py:830} INFO - Processing file /home/airflow/.local/lib/python3.8/site-packages/airflow/example_dags/example_setup_teardown.py for tasks to queue
[2024-03-14T10:57:25.459+0000] {logging_mixin.py:188} INFO - [2024-03-14T10:57:25.459+0000] {dagbag.py:540} INFO - Filling up the DagBag from /home/airflow/.local/lib/python3.8/site-packages/airflow/example_dags/example_setup_teardown.py
[2024-03-14T10:57:25.463+0000] {processor.py:840} INFO - DAG(s) 'example_setup_teardown' retrieved from /home/airflow/.local/lib/python3.8/site-packages/airflow/example_dags/example_setup_teardown.py
[2024-03-14T10:57:25.472+0000] {logging_mixin.py:188} INFO - [2024-03-14T10:57:25.472+0000] {dag.py:3047} INFO - Sync 1 DAGs
[2024-03-14T10:57:25.482+0000] {logging_mixin.py:188} INFO - [2024-03-14T10:57:25.482+0000] {dag.py:3834} INFO - Setting next_dagrun for example_setup_teardown to 2024-03-13 00:00:00+00:00, run_after=2024-03-14 00:00:00+00:00
[2024-03-14T10:57:25.490+0000] {processor.py:183} INFO - Processing /home/airflow/.local/lib/python3.8/site-packages/airflow/example_dags/example_setup_teardown.py took 0.035 seconds
[2024-03-14T10:57:55.885+0000] {processor.py:161} INFO - Started process (PID=273) to work on /home/airflow/.local/lib/python3.8/site-packages/airflow/example_dags/example_setup_teardown.py
[2024-03-14T10:57:55.885+0000] {processor.py:830} INFO - Processing file /home/airflow/.local/lib/python3.8/site-packages/airflow/example_dags/example_setup_teardown.py for tasks to queue
[2024-03-14T10:57:55.886+0000] {logging_mixin.py:188} INFO - [2024-03-14T10:57:55.886+0000] {dagbag.py:540} INFO - Filling up the DagBag from /home/airflow/.local/lib/python3.8/site-packages/airflow/example_dags/example_setup_teardown.py
[2024-03-14T10:57:55.889+0000] {processor.py:840} INFO - DAG(s) 'example_setup_teardown' retrieved from /home/airflow/.local/lib/python3.8/site-packages/airflow/example_dags/example_setup_teardown.py
[2024-03-14T10:57:55.898+0000] {logging_mixin.py:188} INFO - [2024-03-14T10:57:55.897+0000] {dag.py:3047} INFO - Sync 1 DAGs
[2024-03-14T10:57:55.906+0000] {logging_mixin.py:188} INFO - [2024-03-14T10:57:55.906+0000] {dag.py:3834} INFO - Setting next_dagrun for example_setup_teardown to 2024-03-13 00:00:00+00:00, run_after=2024-03-14 00:00:00+00:00
[2024-03-14T10:57:55.913+0000] {processor.py:183} INFO - Processing /home/airflow/.local/lib/python3.8/site-packages/airflow/example_dags/example_setup_teardown.py took 0.030 seconds
[2024-03-14T10:58:26.192+0000] {processor.py:161} INFO - Started process (PID=328) to work on /home/airflow/.local/lib/python3.8/site-packages/airflow/example_dags/example_setup_teardown.py
[2024-03-14T10:58:26.192+0000] {processor.py:830} INFO - Processing file /home/airflow/.local/lib/python3.8/site-packages/airflow/example_dags/example_setup_teardown.py for tasks to queue
[2024-03-14T10:58:26.193+0000] {logging_mixin.py:188} INFO - [2024-03-14T10:58:26.193+0000] {dagbag.py:540} INFO - Filling up the DagBag from /home/airflow/.local/lib/python3.8/site-packages/airflow/example_dags/example_setup_teardown.py
[2024-03-14T10:58:26.197+0000] {processor.py:840} INFO - DAG(s) 'example_setup_teardown' retrieved from /home/airflow/.local/lib/python3.8/site-packages/airflow/example_dags/example_setup_teardown.py
[2024-03-14T10:58:26.205+0000] {logging_mixin.py:188} INFO - [2024-03-14T10:58:26.205+0000] {dag.py:3047} INFO - Sync 1 DAGs
[2024-03-14T10:58:26.214+0000] {logging_mixin.py:188} INFO - [2024-03-14T10:58:26.214+0000] {dag.py:3834} INFO - Setting next_dagrun for example_setup_teardown to 2024-03-13 00:00:00+00:00, run_after=2024-03-14 00:00:00+00:00
[2024-03-14T10:58:26.221+0000] {processor.py:183} INFO - Processing /home/airflow/.local/lib/python3.8/site-packages/airflow/example_dags/example_setup_teardown.py took 0.031 seconds
[2024-03-14T10:58:56.545+0000] {processor.py:161} INFO - Started process (PID=383) to work on /home/airflow/.local/lib/python3.8/site-packages/airflow/example_dags/example_setup_teardown.py
[2024-03-14T10:58:56.545+0000] {processor.py:830} INFO - Processing file /home/airflow/.local/lib/python3.8/site-packages/airflow/example_dags/example_setup_teardown.py for tasks to queue
[2024-03-14T10:58:56.546+0000] {logging_mixin.py:188} INFO - [2024-03-14T10:58:56.546+0000] {dagbag.py:540} INFO - Filling up the DagBag from /home/airflow/.local/lib/python3.8/site-packages/airflow/example_dags/example_setup_teardown.py
[2024-03-14T10:58:56.549+0000] {processor.py:840} INFO - DAG(s) 'example_setup_teardown' retrieved from /home/airflow/.local/lib/python3.8/site-packages/airflow/example_dags/example_setup_teardown.py
[2024-03-14T10:58:56.557+0000] {logging_mixin.py:188} INFO - [2024-03-14T10:58:56.557+0000] {dag.py:3047} INFO - Sync 1 DAGs
[2024-03-14T10:58:56.565+0000] {logging_mixin.py:188} INFO - [2024-03-14T10:58:56.565+0000] {dag.py:3834} INFO - Setting next_dagrun for example_setup_teardown to 2024-03-13 00:00:00+00:00, run_after=2024-03-14 00:00:00+00:00
[2024-03-14T10:58:56.572+0000] {processor.py:183} INFO - Processing /home/airflow/.local/lib/python3.8/site-packages/airflow/example_dags/example_setup_teardown.py took 0.029 seconds
[2024-03-14T10:59:26.959+0000] {processor.py:161} INFO - Started process (PID=438) to work on /home/airflow/.local/lib/python3.8/site-packages/airflow/example_dags/example_setup_teardown.py
[2024-03-14T10:59:26.960+0000] {processor.py:830} INFO - Processing file /home/airflow/.local/lib/python3.8/site-packages/airflow/example_dags/example_setup_teardown.py for tasks to queue
[2024-03-14T10:59:26.961+0000] {logging_mixin.py:188} INFO - [2024-03-14T10:59:26.961+0000] {dagbag.py:540} INFO - Filling up the DagBag from /home/airflow/.local/lib/python3.8/site-packages/airflow/example_dags/example_setup_teardown.py
[2024-03-14T10:59:26.965+0000] {processor.py:840} INFO - DAG(s) 'example_setup_teardown' retrieved from /home/airflow/.local/lib/python3.8/site-packages/airflow/example_dags/example_setup_teardown.py
[2024-03-14T10:59:26.974+0000] {logging_mixin.py:188} INFO - [2024-03-14T10:59:26.974+0000] {dag.py:3047} INFO - Sync 1 DAGs
[2024-03-14T10:59:26.984+0000] {logging_mixin.py:188} INFO - [2024-03-14T10:59:26.983+0000] {dag.py:3834} INFO - Setting next_dagrun for example_setup_teardown to 2024-03-13 00:00:00+00:00, run_after=2024-03-14 00:00:00+00:00
[2024-03-14T10:59:26.991+0000] {processor.py:183} INFO - Processing /home/airflow/.local/lib/python3.8/site-packages/airflow/example_dags/example_setup_teardown.py took 0.033 seconds
[2024-03-14T10:59:57.349+0000] {processor.py:161} INFO - Started process (PID=493) to work on /home/airflow/.local/lib/python3.8/site-packages/airflow/example_dags/example_setup_teardown.py
[2024-03-14T10:59:57.349+0000] {processor.py:830} INFO - Processing file /home/airflow/.local/lib/python3.8/site-packages/airflow/example_dags/example_setup_teardown.py for tasks to queue
[2024-03-14T10:59:57.350+0000] {logging_mixin.py:188} INFO - [2024-03-14T10:59:57.350+0000] {dagbag.py:540} INFO - Filling up the DagBag from /home/airflow/.local/lib/python3.8/site-packages/airflow/example_dags/example_setup_teardown.py
[2024-03-14T10:59:57.353+0000] {processor.py:840} INFO - DAG(s) 'example_setup_teardown' retrieved from /home/airflow/.local/lib/python3.8/site-packages/airflow/example_dags/example_setup_teardown.py
[2024-03-14T10:59:57.362+0000] {logging_mixin.py:188} INFO - [2024-03-14T10:59:57.362+0000] {dag.py:3047} INFO - Sync 1 DAGs
[2024-03-14T10:59:57.372+0000] {logging_mixin.py:188} INFO - [2024-03-14T10:59:57.372+0000] {dag.py:3834} INFO - Setting next_dagrun for example_setup_teardown to 2024-03-13 00:00:00+00:00, run_after=2024-03-14 00:00:00+00:00
[2024-03-14T10:59:57.380+0000] {processor.py:183} INFO - Processing /home/airflow/.local/lib/python3.8/site-packages/airflow/example_dags/example_setup_teardown.py took 0.032 seconds
[2024-03-14T11:00:27.747+0000] {processor.py:161} INFO - Started process (PID=547) to work on /home/airflow/.local/lib/python3.8/site-packages/airflow/example_dags/example_setup_teardown.py
[2024-03-14T11:00:27.747+0000] {processor.py:830} INFO - Processing file /home/airflow/.local/lib/python3.8/site-packages/airflow/example_dags/example_setup_teardown.py for tasks to queue
[2024-03-14T11:00:27.749+0000] {logging_mixin.py:188} INFO - [2024-03-14T11:00:27.749+0000] {dagbag.py:540} INFO - Filling up the DagBag from /home/airflow/.local/lib/python3.8/site-packages/airflow/example_dags/example_setup_teardown.py
[2024-03-14T11:00:27.752+0000] {processor.py:840} INFO - DAG(s) 'example_setup_teardown' retrieved from /home/airflow/.local/lib/python3.8/site-packages/airflow/example_dags/example_setup_teardown.py
[2024-03-14T11:00:27.761+0000] {logging_mixin.py:188} INFO - [2024-03-14T11:00:27.761+0000] {dag.py:3047} INFO - Sync 1 DAGs
[2024-03-14T11:00:27.770+0000] {logging_mixin.py:188} INFO - [2024-03-14T11:00:27.770+0000] {dag.py:3834} INFO - Setting next_dagrun for example_setup_teardown to 2024-03-13 00:00:00+00:00, run_after=2024-03-14 00:00:00+00:00
[2024-03-14T11:00:27.777+0000] {processor.py:183} INFO - Processing /home/airflow/.local/lib/python3.8/site-packages/airflow/example_dags/example_setup_teardown.py took 0.032 seconds
[2024-03-14T11:00:58.171+0000] {processor.py:161} INFO - Started process (PID=602) to work on /home/airflow/.local/lib/python3.8/site-packages/airflow/example_dags/example_setup_teardown.py
[2024-03-14T11:00:58.171+0000] {processor.py:830} INFO - Processing file /home/airflow/.local/lib/python3.8/site-packages/airflow/example_dags/example_setup_teardown.py for tasks to queue
[2024-03-14T11:00:58.172+0000] {logging_mixin.py:188} INFO - [2024-03-14T11:00:58.172+0000] {dagbag.py:540} INFO - Filling up the DagBag from /home/airflow/.local/lib/python3.8/site-packages/airflow/example_dags/example_setup_teardown.py
[2024-03-14T11:00:58.176+0000] {processor.py:840} INFO - DAG(s) 'example_setup_teardown' retrieved from /home/airflow/.local/lib/python3.8/site-packages/airflow/example_dags/example_setup_teardown.py
[2024-03-14T11:00:58.187+0000] {logging_mixin.py:188} INFO - [2024-03-14T11:00:58.186+0000] {dag.py:3047} INFO - Sync 1 DAGs
[2024-03-14T11:00:58.196+0000] {logging_mixin.py:188} INFO - [2024-03-14T11:00:58.196+0000] {dag.py:3834} INFO - Setting next_dagrun for example_setup_teardown to 2024-03-13 00:00:00+00:00, run_after=2024-03-14 00:00:00+00:00
[2024-03-14T11:00:58.205+0000] {processor.py:183} INFO - Processing /home/airflow/.local/lib/python3.8/site-packages/airflow/example_dags/example_setup_teardown.py took 0.036 seconds
[2024-03-14T11:01:28.767+0000] {processor.py:161} INFO - Started process (PID=656) to work on /home/airflow/.local/lib/python3.8/site-packages/airflow/example_dags/example_setup_teardown.py
[2024-03-14T11:01:28.767+0000] {processor.py:830} INFO - Processing file /home/airflow/.local/lib/python3.8/site-packages/airflow/example_dags/example_setup_teardown.py for tasks to queue
[2024-03-14T11:01:28.768+0000] {logging_mixin.py:188} INFO - [2024-03-14T11:01:28.768+0000] {dagbag.py:540} INFO - Filling up the DagBag from /home/airflow/.local/lib/python3.8/site-packages/airflow/example_dags/example_setup_teardown.py
[2024-03-14T11:01:28.771+0000] {processor.py:840} INFO - DAG(s) 'example_setup_teardown' retrieved from /home/airflow/.local/lib/python3.8/site-packages/airflow/example_dags/example_setup_teardown.py
[2024-03-14T11:01:28.780+0000] {logging_mixin.py:188} INFO - [2024-03-14T11:01:28.780+0000] {dag.py:3047} INFO - Sync 1 DAGs
[2024-03-14T11:01:28.791+0000] {logging_mixin.py:188} INFO - [2024-03-14T11:01:28.791+0000] {dag.py:3834} INFO - Setting next_dagrun for example_setup_teardown to 2024-03-13 00:00:00+00:00, run_after=2024-03-14 00:00:00+00:00
[2024-03-14T11:01:28.799+0000] {processor.py:183} INFO - Processing /home/airflow/.local/lib/python3.8/site-packages/airflow/example_dags/example_setup_teardown.py took 0.034 seconds
[2024-03-14T11:01:59.180+0000] {processor.py:161} INFO - Started process (PID=711) to work on /home/airflow/.local/lib/python3.8/site-packages/airflow/example_dags/example_setup_teardown.py
[2024-03-14T11:01:59.180+0000] {processor.py:830} INFO - Processing file /home/airflow/.local/lib/python3.8/site-packages/airflow/example_dags/example_setup_teardown.py for tasks to queue
[2024-03-14T11:01:59.181+0000] {logging_mixin.py:188} INFO - [2024-03-14T11:01:59.181+0000] {dagbag.py:540} INFO - Filling up the DagBag from /home/airflow/.local/lib/python3.8/site-packages/airflow/example_dags/example_setup_teardown.py
[2024-03-14T11:01:59.185+0000] {processor.py:840} INFO - DAG(s) 'example_setup_teardown' retrieved from /home/airflow/.local/lib/python3.8/site-packages/airflow/example_dags/example_setup_teardown.py
[2024-03-14T11:01:59.195+0000] {logging_mixin.py:188} INFO - [2024-03-14T11:01:59.195+0000] {dag.py:3047} INFO - Sync 1 DAGs
[2024-03-14T11:01:59.205+0000] {logging_mixin.py:188} INFO - [2024-03-14T11:01:59.205+0000] {dag.py:3834} INFO - Setting next_dagrun for example_setup_teardown to 2024-03-13 00:00:00+00:00, run_after=2024-03-14 00:00:00+00:00
[2024-03-14T11:01:59.215+0000] {processor.py:183} INFO - Processing /home/airflow/.local/lib/python3.8/site-packages/airflow/example_dags/example_setup_teardown.py took 0.037 seconds
[2024-03-14T11:02:29.682+0000] {processor.py:161} INFO - Started process (PID=767) to work on /home/airflow/.local/lib/python3.8/site-packages/airflow/example_dags/example_setup_teardown.py
[2024-03-14T11:02:29.683+0000] {processor.py:830} INFO - Processing file /home/airflow/.local/lib/python3.8/site-packages/airflow/example_dags/example_setup_teardown.py for tasks to queue
[2024-03-14T11:02:29.684+0000] {logging_mixin.py:188} INFO - [2024-03-14T11:02:29.683+0000] {dagbag.py:540} INFO - Filling up the DagBag from /home/airflow/.local/lib/python3.8/site-packages/airflow/example_dags/example_setup_teardown.py
[2024-03-14T11:02:29.687+0000] {processor.py:840} INFO - DAG(s) 'example_setup_teardown' retrieved from /home/airflow/.local/lib/python3.8/site-packages/airflow/example_dags/example_setup_teardown.py
[2024-03-14T11:02:29.697+0000] {logging_mixin.py:188} INFO - [2024-03-14T11:02:29.697+0000] {dag.py:3047} INFO - Sync 1 DAGs
[2024-03-14T11:02:29.706+0000] {logging_mixin.py:188} INFO - [2024-03-14T11:02:29.706+0000] {dag.py:3834} INFO - Setting next_dagrun for example_setup_teardown to 2024-03-13 00:00:00+00:00, run_after=2024-03-14 00:00:00+00:00
[2024-03-14T11:02:29.713+0000] {processor.py:183} INFO - Processing /home/airflow/.local/lib/python3.8/site-packages/airflow/example_dags/example_setup_teardown.py took 0.033 seconds
[2024-03-14T11:03:00.245+0000] {processor.py:161} INFO - Started process (PID=822) to work on /home/airflow/.local/lib/python3.8/site-packages/airflow/example_dags/example_setup_teardown.py
[2024-03-14T11:03:00.245+0000] {processor.py:830} INFO - Processing file /home/airflow/.local/lib/python3.8/site-packages/airflow/example_dags/example_setup_teardown.py for tasks to queue
[2024-03-14T11:03:00.246+0000] {logging_mixin.py:188} INFO - [2024-03-14T11:03:00.246+0000] {dagbag.py:540} INFO - Filling up the DagBag from /home/airflow/.local/lib/python3.8/site-packages/airflow/example_dags/example_setup_teardown.py
[2024-03-14T11:03:00.249+0000] {processor.py:840} INFO - DAG(s) 'example_setup_teardown' retrieved from /home/airflow/.local/lib/python3.8/site-packages/airflow/example_dags/example_setup_teardown.py
[2024-03-14T11:03:00.259+0000] {logging_mixin.py:188} INFO - [2024-03-14T11:03:00.258+0000] {dag.py:3047} INFO - Sync 1 DAGs
[2024-03-14T11:03:00.268+0000] {logging_mixin.py:188} INFO - [2024-03-14T11:03:00.267+0000] {dag.py:3834} INFO - Setting next_dagrun for example_setup_teardown to 2024-03-13 00:00:00+00:00, run_after=2024-03-14 00:00:00+00:00
[2024-03-14T11:03:00.275+0000] {processor.py:183} INFO - Processing /home/airflow/.local/lib/python3.8/site-packages/airflow/example_dags/example_setup_teardown.py took 0.032 seconds
[2024-03-14T11:03:30.666+0000] {processor.py:161} INFO - Started process (PID=877) to work on /home/airflow/.local/lib/python3.8/site-packages/airflow/example_dags/example_setup_teardown.py
[2024-03-14T11:03:30.667+0000] {processor.py:830} INFO - Processing file /home/airflow/.local/lib/python3.8/site-packages/airflow/example_dags/example_setup_teardown.py for tasks to queue
[2024-03-14T11:03:30.668+0000] {logging_mixin.py:188} INFO - [2024-03-14T11:03:30.667+0000] {dagbag.py:540} INFO - Filling up the DagBag from /home/airflow/.local/lib/python3.8/site-packages/airflow/example_dags/example_setup_teardown.py
[2024-03-14T11:03:30.671+0000] {processor.py:840} INFO - DAG(s) 'example_setup_teardown' retrieved from /home/airflow/.local/lib/python3.8/site-packages/airflow/example_dags/example_setup_teardown.py
[2024-03-14T11:03:30.680+0000] {logging_mixin.py:188} INFO - [2024-03-14T11:03:30.679+0000] {dag.py:3047} INFO - Sync 1 DAGs
[2024-03-14T11:03:30.689+0000] {logging_mixin.py:188} INFO - [2024-03-14T11:03:30.689+0000] {dag.py:3834} INFO - Setting next_dagrun for example_setup_teardown to 2024-03-13 00:00:00+00:00, run_after=2024-03-14 00:00:00+00:00
[2024-03-14T11:03:30.696+0000] {processor.py:183} INFO - Processing /home/airflow/.local/lib/python3.8/site-packages/airflow/example_dags/example_setup_teardown.py took 0.032 seconds
[2024-03-14T11:04:01.102+0000] {processor.py:161} INFO - Started process (PID=932) to work on /home/airflow/.local/lib/python3.8/site-packages/airflow/example_dags/example_setup_teardown.py
[2024-03-14T11:04:01.102+0000] {processor.py:830} INFO - Processing file /home/airflow/.local/lib/python3.8/site-packages/airflow/example_dags/example_setup_teardown.py for tasks to queue
[2024-03-14T11:04:01.103+0000] {logging_mixin.py:188} INFO - [2024-03-14T11:04:01.103+0000] {dagbag.py:540} INFO - Filling up the DagBag from /home/airflow/.local/lib/python3.8/site-packages/airflow/example_dags/example_setup_teardown.py
[2024-03-14T11:04:01.106+0000] {processor.py:840} INFO - DAG(s) 'example_setup_teardown' retrieved from /home/airflow/.local/lib/python3.8/site-packages/airflow/example_dags/example_setup_teardown.py
[2024-03-14T11:04:01.115+0000] {logging_mixin.py:188} INFO - [2024-03-14T11:04:01.115+0000] {dag.py:3047} INFO - Sync 1 DAGs
[2024-03-14T11:04:01.125+0000] {logging_mixin.py:188} INFO - [2024-03-14T11:04:01.125+0000] {dag.py:3834} INFO - Setting next_dagrun for example_setup_teardown to 2024-03-13 00:00:00+00:00, run_after=2024-03-14 00:00:00+00:00
[2024-03-14T11:04:01.132+0000] {processor.py:183} INFO - Processing /home/airflow/.local/lib/python3.8/site-packages/airflow/example_dags/example_setup_teardown.py took 0.031 seconds
[2024-03-14T11:04:31.542+0000] {processor.py:161} INFO - Started process (PID=987) to work on /home/airflow/.local/lib/python3.8/site-packages/airflow/example_dags/example_setup_teardown.py
[2024-03-14T11:04:31.543+0000] {processor.py:830} INFO - Processing file /home/airflow/.local/lib/python3.8/site-packages/airflow/example_dags/example_setup_teardown.py for tasks to queue
[2024-03-14T11:04:31.544+0000] {logging_mixin.py:188} INFO - [2024-03-14T11:04:31.544+0000] {dagbag.py:540} INFO - Filling up the DagBag from /home/airflow/.local/lib/python3.8/site-packages/airflow/example_dags/example_setup_teardown.py
[2024-03-14T11:04:31.547+0000] {processor.py:840} INFO - DAG(s) 'example_setup_teardown' retrieved from /home/airflow/.local/lib/python3.8/site-packages/airflow/example_dags/example_setup_teardown.py
[2024-03-14T11:04:31.556+0000] {logging_mixin.py:188} INFO - [2024-03-14T11:04:31.556+0000] {dag.py:3047} INFO - Sync 1 DAGs
[2024-03-14T11:04:31.564+0000] {logging_mixin.py:188} INFO - [2024-03-14T11:04:31.564+0000] {dag.py:3834} INFO - Setting next_dagrun for example_setup_teardown to 2024-03-13 00:00:00+00:00, run_after=2024-03-14 00:00:00+00:00
[2024-03-14T11:04:31.571+0000] {processor.py:183} INFO - Processing /home/airflow/.local/lib/python3.8/site-packages/airflow/example_dags/example_setup_teardown.py took 0.031 seconds
[2024-03-14T11:05:01.962+0000] {processor.py:161} INFO - Started process (PID=1042) to work on /home/airflow/.local/lib/python3.8/site-packages/airflow/example_dags/example_setup_teardown.py
[2024-03-14T11:05:01.963+0000] {processor.py:830} INFO - Processing file /home/airflow/.local/lib/python3.8/site-packages/airflow/example_dags/example_setup_teardown.py for tasks to queue
[2024-03-14T11:05:01.963+0000] {logging_mixin.py:188} INFO - [2024-03-14T11:05:01.963+0000] {dagbag.py:540} INFO - Filling up the DagBag from /home/airflow/.local/lib/python3.8/site-packages/airflow/example_dags/example_setup_teardown.py
[2024-03-14T11:05:01.966+0000] {processor.py:840} INFO - DAG(s) 'example_setup_teardown' retrieved from /home/airflow/.local/lib/python3.8/site-packages/airflow/example_dags/example_setup_teardown.py
[2024-03-14T11:05:01.976+0000] {logging_mixin.py:188} INFO - [2024-03-14T11:05:01.976+0000] {dag.py:3047} INFO - Sync 1 DAGs
[2024-03-14T11:05:01.984+0000] {logging_mixin.py:188} INFO - [2024-03-14T11:05:01.984+0000] {dag.py:3834} INFO - Setting next_dagrun for example_setup_teardown to 2024-03-13 00:00:00+00:00, run_after=2024-03-14 00:00:00+00:00
[2024-03-14T11:05:01.991+0000] {processor.py:183} INFO - Processing /home/airflow/.local/lib/python3.8/site-packages/airflow/example_dags/example_setup_teardown.py took 0.031 seconds
[2024-03-14T11:05:32.380+0000] {processor.py:161} INFO - Started process (PID=1097) to work on /home/airflow/.local/lib/python3.8/site-packages/airflow/example_dags/example_setup_teardown.py
[2024-03-14T11:05:32.381+0000] {processor.py:830} INFO - Processing file /home/airflow/.local/lib/python3.8/site-packages/airflow/example_dags/example_setup_teardown.py for tasks to queue
[2024-03-14T11:05:32.382+0000] {logging_mixin.py:188} INFO - [2024-03-14T11:05:32.382+0000] {dagbag.py:540} INFO - Filling up the DagBag from /home/airflow/.local/lib/python3.8/site-packages/airflow/example_dags/example_setup_teardown.py
[2024-03-14T11:05:32.386+0000] {processor.py:840} INFO - DAG(s) 'example_setup_teardown' retrieved from /home/airflow/.local/lib/python3.8/site-packages/airflow/example_dags/example_setup_teardown.py
[2024-03-14T11:05:32.397+0000] {logging_mixin.py:188} INFO - [2024-03-14T11:05:32.397+0000] {dag.py:3047} INFO - Sync 1 DAGs
[2024-03-14T11:05:32.407+0000] {logging_mixin.py:188} INFO - [2024-03-14T11:05:32.407+0000] {dag.py:3834} INFO - Setting next_dagrun for example_setup_teardown to 2024-03-13 00:00:00+00:00, run_after=2024-03-14 00:00:00+00:00
[2024-03-14T11:05:32.414+0000] {processor.py:183} INFO - Processing /home/airflow/.local/lib/python3.8/site-packages/airflow/example_dags/example_setup_teardown.py took 0.036 seconds
[2024-03-14T11:06:02.867+0000] {processor.py:161} INFO - Started process (PID=1152) to work on /home/airflow/.local/lib/python3.8/site-packages/airflow/example_dags/example_setup_teardown.py
[2024-03-14T11:06:02.867+0000] {processor.py:830} INFO - Processing file /home/airflow/.local/lib/python3.8/site-packages/airflow/example_dags/example_setup_teardown.py for tasks to queue
[2024-03-14T11:06:02.868+0000] {logging_mixin.py:188} INFO - [2024-03-14T11:06:02.868+0000] {dagbag.py:540} INFO - Filling up the DagBag from /home/airflow/.local/lib/python3.8/site-packages/airflow/example_dags/example_setup_teardown.py
[2024-03-14T11:06:02.871+0000] {processor.py:840} INFO - DAG(s) 'example_setup_teardown' retrieved from /home/airflow/.local/lib/python3.8/site-packages/airflow/example_dags/example_setup_teardown.py
[2024-03-14T11:06:02.880+0000] {logging_mixin.py:188} INFO - [2024-03-14T11:06:02.880+0000] {dag.py:3047} INFO - Sync 1 DAGs
[2024-03-14T11:06:02.889+0000] {logging_mixin.py:188} INFO - [2024-03-14T11:06:02.889+0000] {dag.py:3834} INFO - Setting next_dagrun for example_setup_teardown to 2024-03-13 00:00:00+00:00, run_after=2024-03-14 00:00:00+00:00
[2024-03-14T11:06:02.896+0000] {processor.py:183} INFO - Processing /home/airflow/.local/lib/python3.8/site-packages/airflow/example_dags/example_setup_teardown.py took 0.031 seconds
[2024-03-14T11:06:33.279+0000] {processor.py:161} INFO - Started process (PID=1207) to work on /home/airflow/.local/lib/python3.8/site-packages/airflow/example_dags/example_setup_teardown.py
[2024-03-14T11:06:33.280+0000] {processor.py:830} INFO - Processing file /home/airflow/.local/lib/python3.8/site-packages/airflow/example_dags/example_setup_teardown.py for tasks to queue
[2024-03-14T11:06:33.281+0000] {logging_mixin.py:188} INFO - [2024-03-14T11:06:33.281+0000] {dagbag.py:540} INFO - Filling up the DagBag from /home/airflow/.local/lib/python3.8/site-packages/airflow/example_dags/example_setup_teardown.py
[2024-03-14T11:06:33.284+0000] {processor.py:840} INFO - DAG(s) 'example_setup_teardown' retrieved from /home/airflow/.local/lib/python3.8/site-packages/airflow/example_dags/example_setup_teardown.py
[2024-03-14T11:06:33.293+0000] {logging_mixin.py:188} INFO - [2024-03-14T11:06:33.293+0000] {dag.py:3047} INFO - Sync 1 DAGs
[2024-03-14T11:06:33.302+0000] {logging_mixin.py:188} INFO - [2024-03-14T11:06:33.302+0000] {dag.py:3834} INFO - Setting next_dagrun for example_setup_teardown to 2024-03-13 00:00:00+00:00, run_after=2024-03-14 00:00:00+00:00
[2024-03-14T11:06:33.309+0000] {processor.py:183} INFO - Processing /home/airflow/.local/lib/python3.8/site-packages/airflow/example_dags/example_setup_teardown.py took 0.031 seconds
[2024-03-14T11:07:03.690+0000] {processor.py:161} INFO - Started process (PID=1261) to work on /home/airflow/.local/lib/python3.8/site-packages/airflow/example_dags/example_setup_teardown.py
[2024-03-14T11:07:03.690+0000] {processor.py:830} INFO - Processing file /home/airflow/.local/lib/python3.8/site-packages/airflow/example_dags/example_setup_teardown.py for tasks to queue
[2024-03-14T11:07:03.691+0000] {logging_mixin.py:188} INFO - [2024-03-14T11:07:03.691+0000] {dagbag.py:540} INFO - Filling up the DagBag from /home/airflow/.local/lib/python3.8/site-packages/airflow/example_dags/example_setup_teardown.py
[2024-03-14T11:07:03.694+0000] {processor.py:840} INFO - DAG(s) 'example_setup_teardown' retrieved from /home/airflow/.local/lib/python3.8/site-packages/airflow/example_dags/example_setup_teardown.py
[2024-03-14T11:07:03.703+0000] {logging_mixin.py:188} INFO - [2024-03-14T11:07:03.703+0000] {dag.py:3047} INFO - Sync 1 DAGs
[2024-03-14T11:07:03.712+0000] {logging_mixin.py:188} INFO - [2024-03-14T11:07:03.712+0000] {dag.py:3834} INFO - Setting next_dagrun for example_setup_teardown to 2024-03-13 00:00:00+00:00, run_after=2024-03-14 00:00:00+00:00
[2024-03-14T11:07:03.720+0000] {processor.py:183} INFO - Processing /home/airflow/.local/lib/python3.8/site-packages/airflow/example_dags/example_setup_teardown.py took 0.032 seconds
[2024-03-14T11:07:34.125+0000] {processor.py:161} INFO - Started process (PID=1316) to work on /home/airflow/.local/lib/python3.8/site-packages/airflow/example_dags/example_setup_teardown.py
[2024-03-14T11:07:34.126+0000] {processor.py:830} INFO - Processing file /home/airflow/.local/lib/python3.8/site-packages/airflow/example_dags/example_setup_teardown.py for tasks to queue
[2024-03-14T11:07:34.126+0000] {logging_mixin.py:188} INFO - [2024-03-14T11:07:34.126+0000] {dagbag.py:540} INFO - Filling up the DagBag from /home/airflow/.local/lib/python3.8/site-packages/airflow/example_dags/example_setup_teardown.py
[2024-03-14T11:07:34.129+0000] {processor.py:840} INFO - DAG(s) 'example_setup_teardown' retrieved from /home/airflow/.local/lib/python3.8/site-packages/airflow/example_dags/example_setup_teardown.py
[2024-03-14T11:07:34.138+0000] {logging_mixin.py:188} INFO - [2024-03-14T11:07:34.138+0000] {dag.py:3047} INFO - Sync 1 DAGs
[2024-03-14T11:07:34.148+0000] {logging_mixin.py:188} INFO - [2024-03-14T11:07:34.147+0000] {dag.py:3834} INFO - Setting next_dagrun for example_setup_teardown to 2024-03-13 00:00:00+00:00, run_after=2024-03-14 00:00:00+00:00
[2024-03-14T11:07:34.154+0000] {processor.py:183} INFO - Processing /home/airflow/.local/lib/python3.8/site-packages/airflow/example_dags/example_setup_teardown.py took 0.031 seconds
[2024-03-14T11:08:04.466+0000] {processor.py:161} INFO - Started process (PID=1371) to work on /home/airflow/.local/lib/python3.8/site-packages/airflow/example_dags/example_setup_teardown.py
[2024-03-14T11:08:04.466+0000] {processor.py:830} INFO - Processing file /home/airflow/.local/lib/python3.8/site-packages/airflow/example_dags/example_setup_teardown.py for tasks to queue
[2024-03-14T11:08:04.467+0000] {logging_mixin.py:188} INFO - [2024-03-14T11:08:04.467+0000] {dagbag.py:540} INFO - Filling up the DagBag from /home/airflow/.local/lib/python3.8/site-packages/airflow/example_dags/example_setup_teardown.py
[2024-03-14T11:08:04.470+0000] {processor.py:840} INFO - DAG(s) 'example_setup_teardown' retrieved from /home/airflow/.local/lib/python3.8/site-packages/airflow/example_dags/example_setup_teardown.py
[2024-03-14T11:08:04.479+0000] {logging_mixin.py:188} INFO - [2024-03-14T11:08:04.479+0000] {dag.py:3047} INFO - Sync 1 DAGs
[2024-03-14T11:08:04.488+0000] {logging_mixin.py:188} INFO - [2024-03-14T11:08:04.488+0000] {dag.py:3834} INFO - Setting next_dagrun for example_setup_teardown to 2024-03-13 00:00:00+00:00, run_after=2024-03-14 00:00:00+00:00
[2024-03-14T11:08:04.495+0000] {processor.py:183} INFO - Processing /home/airflow/.local/lib/python3.8/site-packages/airflow/example_dags/example_setup_teardown.py took 0.031 seconds
[2024-03-14T11:08:34.775+0000] {processor.py:161} INFO - Started process (PID=1426) to work on /home/airflow/.local/lib/python3.8/site-packages/airflow/example_dags/example_setup_teardown.py
[2024-03-14T11:08:34.776+0000] {processor.py:830} INFO - Processing file /home/airflow/.local/lib/python3.8/site-packages/airflow/example_dags/example_setup_teardown.py for tasks to queue
[2024-03-14T11:08:34.777+0000] {logging_mixin.py:188} INFO - [2024-03-14T11:08:34.777+0000] {dagbag.py:540} INFO - Filling up the DagBag from /home/airflow/.local/lib/python3.8/site-packages/airflow/example_dags/example_setup_teardown.py
[2024-03-14T11:08:34.780+0000] {processor.py:840} INFO - DAG(s) 'example_setup_teardown' retrieved from /home/airflow/.local/lib/python3.8/site-packages/airflow/example_dags/example_setup_teardown.py
[2024-03-14T11:08:34.789+0000] {logging_mixin.py:188} INFO - [2024-03-14T11:08:34.789+0000] {dag.py:3047} INFO - Sync 1 DAGs
[2024-03-14T11:08:34.799+0000] {logging_mixin.py:188} INFO - [2024-03-14T11:08:34.798+0000] {dag.py:3834} INFO - Setting next_dagrun for example_setup_teardown to 2024-03-13 00:00:00+00:00, run_after=2024-03-14 00:00:00+00:00
[2024-03-14T11:08:34.806+0000] {processor.py:183} INFO - Processing /home/airflow/.local/lib/python3.8/site-packages/airflow/example_dags/example_setup_teardown.py took 0.032 seconds
[2024-03-14T11:09:05.115+0000] {processor.py:161} INFO - Started process (PID=1481) to work on /home/airflow/.local/lib/python3.8/site-packages/airflow/example_dags/example_setup_teardown.py
[2024-03-14T11:09:05.115+0000] {processor.py:830} INFO - Processing file /home/airflow/.local/lib/python3.8/site-packages/airflow/example_dags/example_setup_teardown.py for tasks to queue
[2024-03-14T11:09:05.116+0000] {logging_mixin.py:188} INFO - [2024-03-14T11:09:05.116+0000] {dagbag.py:540} INFO - Filling up the DagBag from /home/airflow/.local/lib/python3.8/site-packages/airflow/example_dags/example_setup_teardown.py
[2024-03-14T11:09:05.119+0000] {processor.py:840} INFO - DAG(s) 'example_setup_teardown' retrieved from /home/airflow/.local/lib/python3.8/site-packages/airflow/example_dags/example_setup_teardown.py
[2024-03-14T11:09:05.128+0000] {logging_mixin.py:188} INFO - [2024-03-14T11:09:05.128+0000] {dag.py:3047} INFO - Sync 1 DAGs
[2024-03-14T11:09:05.137+0000] {logging_mixin.py:188} INFO - [2024-03-14T11:09:05.137+0000] {dag.py:3834} INFO - Setting next_dagrun for example_setup_teardown to 2024-03-13 00:00:00+00:00, run_after=2024-03-14 00:00:00+00:00
[2024-03-14T11:09:05.144+0000] {processor.py:183} INFO - Processing /home/airflow/.local/lib/python3.8/site-packages/airflow/example_dags/example_setup_teardown.py took 0.031 seconds
[2024-03-14T11:09:35.493+0000] {processor.py:161} INFO - Started process (PID=1536) to work on /home/airflow/.local/lib/python3.8/site-packages/airflow/example_dags/example_setup_teardown.py
[2024-03-14T11:09:35.493+0000] {processor.py:830} INFO - Processing file /home/airflow/.local/lib/python3.8/site-packages/airflow/example_dags/example_setup_teardown.py for tasks to queue
[2024-03-14T11:09:35.494+0000] {logging_mixin.py:188} INFO - [2024-03-14T11:09:35.494+0000] {dagbag.py:540} INFO - Filling up the DagBag from /home/airflow/.local/lib/python3.8/site-packages/airflow/example_dags/example_setup_teardown.py
[2024-03-14T11:09:35.498+0000] {processor.py:840} INFO - DAG(s) 'example_setup_teardown' retrieved from /home/airflow/.local/lib/python3.8/site-packages/airflow/example_dags/example_setup_teardown.py
[2024-03-14T11:09:35.507+0000] {logging_mixin.py:188} INFO - [2024-03-14T11:09:35.507+0000] {dag.py:3047} INFO - Sync 1 DAGs
[2024-03-14T11:09:35.516+0000] {logging_mixin.py:188} INFO - [2024-03-14T11:09:35.516+0000] {dag.py:3834} INFO - Setting next_dagrun for example_setup_teardown to 2024-03-13 00:00:00+00:00, run_after=2024-03-14 00:00:00+00:00
[2024-03-14T11:09:35.524+0000] {processor.py:183} INFO - Processing /home/airflow/.local/lib/python3.8/site-packages/airflow/example_dags/example_setup_teardown.py took 0.032 seconds
[2024-03-14T11:10:05.883+0000] {processor.py:161} INFO - Started process (PID=1590) to work on /home/airflow/.local/lib/python3.8/site-packages/airflow/example_dags/example_setup_teardown.py
[2024-03-14T11:10:05.883+0000] {processor.py:830} INFO - Processing file /home/airflow/.local/lib/python3.8/site-packages/airflow/example_dags/example_setup_teardown.py for tasks to queue
[2024-03-14T11:10:05.884+0000] {logging_mixin.py:188} INFO - [2024-03-14T11:10:05.884+0000] {dagbag.py:540} INFO - Filling up the DagBag from /home/airflow/.local/lib/python3.8/site-packages/airflow/example_dags/example_setup_teardown.py
[2024-03-14T11:10:05.887+0000] {processor.py:840} INFO - DAG(s) 'example_setup_teardown' retrieved from /home/airflow/.local/lib/python3.8/site-packages/airflow/example_dags/example_setup_teardown.py
[2024-03-14T11:10:05.897+0000] {logging_mixin.py:188} INFO - [2024-03-14T11:10:05.897+0000] {dag.py:3047} INFO - Sync 1 DAGs
[2024-03-14T11:10:05.905+0000] {logging_mixin.py:188} INFO - [2024-03-14T11:10:05.905+0000] {dag.py:3834} INFO - Setting next_dagrun for example_setup_teardown to 2024-03-13 00:00:00+00:00, run_after=2024-03-14 00:00:00+00:00
[2024-03-14T11:10:05.912+0000] {processor.py:183} INFO - Processing /home/airflow/.local/lib/python3.8/site-packages/airflow/example_dags/example_setup_teardown.py took 0.031 seconds
[2024-03-14T11:10:36.308+0000] {processor.py:161} INFO - Started process (PID=1645) to work on /home/airflow/.local/lib/python3.8/site-packages/airflow/example_dags/example_setup_teardown.py
[2024-03-14T11:10:36.309+0000] {processor.py:830} INFO - Processing file /home/airflow/.local/lib/python3.8/site-packages/airflow/example_dags/example_setup_teardown.py for tasks to queue
[2024-03-14T11:10:36.310+0000] {logging_mixin.py:188} INFO - [2024-03-14T11:10:36.309+0000] {dagbag.py:540} INFO - Filling up the DagBag from /home/airflow/.local/lib/python3.8/site-packages/airflow/example_dags/example_setup_teardown.py
[2024-03-14T11:10:36.313+0000] {processor.py:840} INFO - DAG(s) 'example_setup_teardown' retrieved from /home/airflow/.local/lib/python3.8/site-packages/airflow/example_dags/example_setup_teardown.py
[2024-03-14T11:10:36.322+0000] {logging_mixin.py:188} INFO - [2024-03-14T11:10:36.322+0000] {dag.py:3047} INFO - Sync 1 DAGs
[2024-03-14T11:10:36.330+0000] {logging_mixin.py:188} INFO - [2024-03-14T11:10:36.330+0000] {dag.py:3834} INFO - Setting next_dagrun for example_setup_teardown to 2024-03-13 00:00:00+00:00, run_after=2024-03-14 00:00:00+00:00
[2024-03-14T11:10:36.337+0000] {processor.py:183} INFO - Processing /home/airflow/.local/lib/python3.8/site-packages/airflow/example_dags/example_setup_teardown.py took 0.031 seconds
[2024-03-14T11:11:06.680+0000] {processor.py:161} INFO - Started process (PID=1700) to work on /home/airflow/.local/lib/python3.8/site-packages/airflow/example_dags/example_setup_teardown.py
[2024-03-14T11:11:06.681+0000] {processor.py:830} INFO - Processing file /home/airflow/.local/lib/python3.8/site-packages/airflow/example_dags/example_setup_teardown.py for tasks to queue
[2024-03-14T11:11:06.682+0000] {logging_mixin.py:188} INFO - [2024-03-14T11:11:06.682+0000] {dagbag.py:540} INFO - Filling up the DagBag from /home/airflow/.local/lib/python3.8/site-packages/airflow/example_dags/example_setup_teardown.py
[2024-03-14T11:11:06.686+0000] {processor.py:840} INFO - DAG(s) 'example_setup_teardown' retrieved from /home/airflow/.local/lib/python3.8/site-packages/airflow/example_dags/example_setup_teardown.py
[2024-03-14T11:11:06.696+0000] {logging_mixin.py:188} INFO - [2024-03-14T11:11:06.696+0000] {dag.py:3047} INFO - Sync 1 DAGs
[2024-03-14T11:11:06.707+0000] {logging_mixin.py:188} INFO - [2024-03-14T11:11:06.707+0000] {dag.py:3834} INFO - Setting next_dagrun for example_setup_teardown to 2024-03-13 00:00:00+00:00, run_after=2024-03-14 00:00:00+00:00
[2024-03-14T11:11:06.715+0000] {processor.py:183} INFO - Processing /home/airflow/.local/lib/python3.8/site-packages/airflow/example_dags/example_setup_teardown.py took 0.037 seconds
[2024-03-14T11:11:37.122+0000] {processor.py:161} INFO - Started process (PID=1754) to work on /home/airflow/.local/lib/python3.8/site-packages/airflow/example_dags/example_setup_teardown.py
[2024-03-14T11:11:37.123+0000] {processor.py:830} INFO - Processing file /home/airflow/.local/lib/python3.8/site-packages/airflow/example_dags/example_setup_teardown.py for tasks to queue
[2024-03-14T11:11:37.124+0000] {logging_mixin.py:188} INFO - [2024-03-14T11:11:37.123+0000] {dagbag.py:540} INFO - Filling up the DagBag from /home/airflow/.local/lib/python3.8/site-packages/airflow/example_dags/example_setup_teardown.py
[2024-03-14T11:11:37.127+0000] {processor.py:840} INFO - DAG(s) 'example_setup_teardown' retrieved from /home/airflow/.local/lib/python3.8/site-packages/airflow/example_dags/example_setup_teardown.py
[2024-03-14T11:11:37.137+0000] {logging_mixin.py:188} INFO - [2024-03-14T11:11:37.137+0000] {dag.py:3047} INFO - Sync 1 DAGs
[2024-03-14T11:11:37.146+0000] {logging_mixin.py:188} INFO - [2024-03-14T11:11:37.146+0000] {dag.py:3834} INFO - Setting next_dagrun for example_setup_teardown to 2024-03-13 00:00:00+00:00, run_after=2024-03-14 00:00:00+00:00
[2024-03-14T11:11:37.155+0000] {processor.py:183} INFO - Processing /home/airflow/.local/lib/python3.8/site-packages/airflow/example_dags/example_setup_teardown.py took 0.035 seconds
[2024-03-14T11:12:07.593+0000] {processor.py:161} INFO - Started process (PID=1809) to work on /home/airflow/.local/lib/python3.8/site-packages/airflow/example_dags/example_setup_teardown.py
[2024-03-14T11:12:07.594+0000] {processor.py:830} INFO - Processing file /home/airflow/.local/lib/python3.8/site-packages/airflow/example_dags/example_setup_teardown.py for tasks to queue
[2024-03-14T11:12:07.595+0000] {logging_mixin.py:188} INFO - [2024-03-14T11:12:07.595+0000] {dagbag.py:540} INFO - Filling up the DagBag from /home/airflow/.local/lib/python3.8/site-packages/airflow/example_dags/example_setup_teardown.py
[2024-03-14T11:12:07.598+0000] {processor.py:840} INFO - DAG(s) 'example_setup_teardown' retrieved from /home/airflow/.local/lib/python3.8/site-packages/airflow/example_dags/example_setup_teardown.py
[2024-03-14T11:12:07.607+0000] {logging_mixin.py:188} INFO - [2024-03-14T11:12:07.607+0000] {dag.py:3047} INFO - Sync 1 DAGs
[2024-03-14T11:12:07.616+0000] {logging_mixin.py:188} INFO - [2024-03-14T11:12:07.616+0000] {dag.py:3834} INFO - Setting next_dagrun for example_setup_teardown to 2024-03-13 00:00:00+00:00, run_after=2024-03-14 00:00:00+00:00
[2024-03-14T11:12:07.623+0000] {processor.py:183} INFO - Processing /home/airflow/.local/lib/python3.8/site-packages/airflow/example_dags/example_setup_teardown.py took 0.031 seconds
[2024-03-14T11:12:38.015+0000] {processor.py:161} INFO - Started process (PID=1864) to work on /home/airflow/.local/lib/python3.8/site-packages/airflow/example_dags/example_setup_teardown.py
[2024-03-14T11:12:38.016+0000] {processor.py:830} INFO - Processing file /home/airflow/.local/lib/python3.8/site-packages/airflow/example_dags/example_setup_teardown.py for tasks to queue
[2024-03-14T11:12:38.017+0000] {logging_mixin.py:188} INFO - [2024-03-14T11:12:38.016+0000] {dagbag.py:540} INFO - Filling up the DagBag from /home/airflow/.local/lib/python3.8/site-packages/airflow/example_dags/example_setup_teardown.py
[2024-03-14T11:12:38.020+0000] {processor.py:840} INFO - DAG(s) 'example_setup_teardown' retrieved from /home/airflow/.local/lib/python3.8/site-packages/airflow/example_dags/example_setup_teardown.py
[2024-03-14T11:12:38.028+0000] {logging_mixin.py:188} INFO - [2024-03-14T11:12:38.028+0000] {dag.py:3047} INFO - Sync 1 DAGs
[2024-03-14T11:12:38.036+0000] {logging_mixin.py:188} INFO - [2024-03-14T11:12:38.036+0000] {dag.py:3834} INFO - Setting next_dagrun for example_setup_teardown to 2024-03-13 00:00:00+00:00, run_after=2024-03-14 00:00:00+00:00
[2024-03-14T11:12:38.044+0000] {processor.py:183} INFO - Processing /home/airflow/.local/lib/python3.8/site-packages/airflow/example_dags/example_setup_teardown.py took 0.030 seconds
[2024-03-14T11:13:08.378+0000] {processor.py:161} INFO - Started process (PID=1918) to work on /home/airflow/.local/lib/python3.8/site-packages/airflow/example_dags/example_setup_teardown.py
[2024-03-14T11:13:08.379+0000] {processor.py:830} INFO - Processing file /home/airflow/.local/lib/python3.8/site-packages/airflow/example_dags/example_setup_teardown.py for tasks to queue
[2024-03-14T11:13:08.380+0000] {logging_mixin.py:188} INFO - [2024-03-14T11:13:08.379+0000] {dagbag.py:540} INFO - Filling up the DagBag from /home/airflow/.local/lib/python3.8/site-packages/airflow/example_dags/example_setup_teardown.py
[2024-03-14T11:13:08.383+0000] {processor.py:840} INFO - DAG(s) 'example_setup_teardown' retrieved from /home/airflow/.local/lib/python3.8/site-packages/airflow/example_dags/example_setup_teardown.py
[2024-03-14T11:13:08.392+0000] {logging_mixin.py:188} INFO - [2024-03-14T11:13:08.391+0000] {dag.py:3047} INFO - Sync 1 DAGs
[2024-03-14T11:13:08.400+0000] {logging_mixin.py:188} INFO - [2024-03-14T11:13:08.400+0000] {dag.py:3834} INFO - Setting next_dagrun for example_setup_teardown to 2024-03-13 00:00:00+00:00, run_after=2024-03-14 00:00:00+00:00
[2024-03-14T11:13:08.407+0000] {processor.py:183} INFO - Processing /home/airflow/.local/lib/python3.8/site-packages/airflow/example_dags/example_setup_teardown.py took 0.031 seconds
[2024-03-14T11:13:38.714+0000] {processor.py:161} INFO - Started process (PID=1973) to work on /home/airflow/.local/lib/python3.8/site-packages/airflow/example_dags/example_setup_teardown.py
[2024-03-14T11:13:38.714+0000] {processor.py:830} INFO - Processing file /home/airflow/.local/lib/python3.8/site-packages/airflow/example_dags/example_setup_teardown.py for tasks to queue
[2024-03-14T11:13:38.715+0000] {logging_mixin.py:188} INFO - [2024-03-14T11:13:38.715+0000] {dagbag.py:540} INFO - Filling up the DagBag from /home/airflow/.local/lib/python3.8/site-packages/airflow/example_dags/example_setup_teardown.py
[2024-03-14T11:13:38.719+0000] {processor.py:840} INFO - DAG(s) 'example_setup_teardown' retrieved from /home/airflow/.local/lib/python3.8/site-packages/airflow/example_dags/example_setup_teardown.py
[2024-03-14T11:13:38.728+0000] {logging_mixin.py:188} INFO - [2024-03-14T11:13:38.727+0000] {dag.py:3047} INFO - Sync 1 DAGs
[2024-03-14T11:13:38.736+0000] {logging_mixin.py:188} INFO - [2024-03-14T11:13:38.736+0000] {dag.py:3834} INFO - Setting next_dagrun for example_setup_teardown to 2024-03-13 00:00:00+00:00, run_after=2024-03-14 00:00:00+00:00
[2024-03-14T11:13:38.743+0000] {processor.py:183} INFO - Processing /home/airflow/.local/lib/python3.8/site-packages/airflow/example_dags/example_setup_teardown.py took 0.031 seconds
[2024-03-14T11:14:09.116+0000] {processor.py:161} INFO - Started process (PID=2028) to work on /home/airflow/.local/lib/python3.8/site-packages/airflow/example_dags/example_setup_teardown.py
[2024-03-14T11:14:09.117+0000] {processor.py:830} INFO - Processing file /home/airflow/.local/lib/python3.8/site-packages/airflow/example_dags/example_setup_teardown.py for tasks to queue
[2024-03-14T11:14:09.118+0000] {logging_mixin.py:188} INFO - [2024-03-14T11:14:09.117+0000] {dagbag.py:540} INFO - Filling up the DagBag from /home/airflow/.local/lib/python3.8/site-packages/airflow/example_dags/example_setup_teardown.py
[2024-03-14T11:14:09.121+0000] {processor.py:840} INFO - DAG(s) 'example_setup_teardown' retrieved from /home/airflow/.local/lib/python3.8/site-packages/airflow/example_dags/example_setup_teardown.py
[2024-03-14T11:14:09.130+0000] {logging_mixin.py:188} INFO - [2024-03-14T11:14:09.130+0000] {dag.py:3047} INFO - Sync 1 DAGs
[2024-03-14T11:14:09.139+0000] {logging_mixin.py:188} INFO - [2024-03-14T11:14:09.139+0000] {dag.py:3834} INFO - Setting next_dagrun for example_setup_teardown to 2024-03-13 00:00:00+00:00, run_after=2024-03-14 00:00:00+00:00
[2024-03-14T11:14:09.146+0000] {processor.py:183} INFO - Processing /home/airflow/.local/lib/python3.8/site-packages/airflow/example_dags/example_setup_teardown.py took 0.031 seconds
[2024-03-14T11:14:39.462+0000] {processor.py:161} INFO - Started process (PID=2083) to work on /home/airflow/.local/lib/python3.8/site-packages/airflow/example_dags/example_setup_teardown.py
[2024-03-14T11:14:39.463+0000] {processor.py:830} INFO - Processing file /home/airflow/.local/lib/python3.8/site-packages/airflow/example_dags/example_setup_teardown.py for tasks to queue
[2024-03-14T11:14:39.466+0000] {logging_mixin.py:188} INFO - [2024-03-14T11:14:39.466+0000] {dagbag.py:540} INFO - Filling up the DagBag from /home/airflow/.local/lib/python3.8/site-packages/airflow/example_dags/example_setup_teardown.py
[2024-03-14T11:14:39.470+0000] {processor.py:840} INFO - DAG(s) 'example_setup_teardown' retrieved from /home/airflow/.local/lib/python3.8/site-packages/airflow/example_dags/example_setup_teardown.py
[2024-03-14T11:14:39.479+0000] {logging_mixin.py:188} INFO - [2024-03-14T11:14:39.478+0000] {dag.py:3047} INFO - Sync 1 DAGs
[2024-03-14T11:14:39.488+0000] {logging_mixin.py:188} INFO - [2024-03-14T11:14:39.488+0000] {dag.py:3834} INFO - Setting next_dagrun for example_setup_teardown to 2024-03-13 00:00:00+00:00, run_after=2024-03-14 00:00:00+00:00
[2024-03-14T11:14:39.495+0000] {processor.py:183} INFO - Processing /home/airflow/.local/lib/python3.8/site-packages/airflow/example_dags/example_setup_teardown.py took 0.034 seconds
[2024-03-14T11:15:09.846+0000] {processor.py:161} INFO - Started process (PID=2138) to work on /home/airflow/.local/lib/python3.8/site-packages/airflow/example_dags/example_setup_teardown.py
[2024-03-14T11:15:09.846+0000] {processor.py:830} INFO - Processing file /home/airflow/.local/lib/python3.8/site-packages/airflow/example_dags/example_setup_teardown.py for tasks to queue
[2024-03-14T11:15:09.847+0000] {logging_mixin.py:188} INFO - [2024-03-14T11:15:09.847+0000] {dagbag.py:540} INFO - Filling up the DagBag from /home/airflow/.local/lib/python3.8/site-packages/airflow/example_dags/example_setup_teardown.py
[2024-03-14T11:15:09.850+0000] {processor.py:840} INFO - DAG(s) 'example_setup_teardown' retrieved from /home/airflow/.local/lib/python3.8/site-packages/airflow/example_dags/example_setup_teardown.py
[2024-03-14T11:15:09.859+0000] {logging_mixin.py:188} INFO - [2024-03-14T11:15:09.859+0000] {dag.py:3047} INFO - Sync 1 DAGs
[2024-03-14T11:15:09.869+0000] {logging_mixin.py:188} INFO - [2024-03-14T11:15:09.868+0000] {dag.py:3834} INFO - Setting next_dagrun for example_setup_teardown to 2024-03-13 00:00:00+00:00, run_after=2024-03-14 00:00:00+00:00
[2024-03-14T11:15:09.876+0000] {processor.py:183} INFO - Processing /home/airflow/.local/lib/python3.8/site-packages/airflow/example_dags/example_setup_teardown.py took 0.032 seconds
[2024-03-14T11:15:40.239+0000] {processor.py:161} INFO - Started process (PID=2193) to work on /home/airflow/.local/lib/python3.8/site-packages/airflow/example_dags/example_setup_teardown.py
[2024-03-14T11:15:40.240+0000] {processor.py:830} INFO - Processing file /home/airflow/.local/lib/python3.8/site-packages/airflow/example_dags/example_setup_teardown.py for tasks to queue
[2024-03-14T11:15:40.240+0000] {logging_mixin.py:188} INFO - [2024-03-14T11:15:40.240+0000] {dagbag.py:540} INFO - Filling up the DagBag from /home/airflow/.local/lib/python3.8/site-packages/airflow/example_dags/example_setup_teardown.py
[2024-03-14T11:15:40.243+0000] {processor.py:840} INFO - DAG(s) 'example_setup_teardown' retrieved from /home/airflow/.local/lib/python3.8/site-packages/airflow/example_dags/example_setup_teardown.py
[2024-03-14T11:15:40.252+0000] {logging_mixin.py:188} INFO - [2024-03-14T11:15:40.252+0000] {dag.py:3047} INFO - Sync 1 DAGs
[2024-03-14T11:15:40.260+0000] {logging_mixin.py:188} INFO - [2024-03-14T11:15:40.260+0000] {dag.py:3834} INFO - Setting next_dagrun for example_setup_teardown to 2024-03-13 00:00:00+00:00, run_after=2024-03-14 00:00:00+00:00
[2024-03-14T11:15:40.267+0000] {processor.py:183} INFO - Processing /home/airflow/.local/lib/python3.8/site-packages/airflow/example_dags/example_setup_teardown.py took 0.030 seconds
[2024-03-14T11:16:10.690+0000] {processor.py:161} INFO - Started process (PID=2247) to work on /home/airflow/.local/lib/python3.8/site-packages/airflow/example_dags/example_setup_teardown.py
[2024-03-14T11:16:10.690+0000] {processor.py:830} INFO - Processing file /home/airflow/.local/lib/python3.8/site-packages/airflow/example_dags/example_setup_teardown.py for tasks to queue
[2024-03-14T11:16:10.691+0000] {logging_mixin.py:188} INFO - [2024-03-14T11:16:10.691+0000] {dagbag.py:540} INFO - Filling up the DagBag from /home/airflow/.local/lib/python3.8/site-packages/airflow/example_dags/example_setup_teardown.py
[2024-03-14T11:16:10.694+0000] {processor.py:840} INFO - DAG(s) 'example_setup_teardown' retrieved from /home/airflow/.local/lib/python3.8/site-packages/airflow/example_dags/example_setup_teardown.py
[2024-03-14T11:16:10.704+0000] {logging_mixin.py:188} INFO - [2024-03-14T11:16:10.703+0000] {dag.py:3047} INFO - Sync 1 DAGs
[2024-03-14T11:16:10.713+0000] {logging_mixin.py:188} INFO - [2024-03-14T11:16:10.712+0000] {dag.py:3834} INFO - Setting next_dagrun for example_setup_teardown to 2024-03-13 00:00:00+00:00, run_after=2024-03-14 00:00:00+00:00
[2024-03-14T11:16:10.720+0000] {processor.py:183} INFO - Processing /home/airflow/.local/lib/python3.8/site-packages/airflow/example_dags/example_setup_teardown.py took 0.031 seconds
[2024-03-14T11:16:41.121+0000] {processor.py:161} INFO - Started process (PID=2302) to work on /home/airflow/.local/lib/python3.8/site-packages/airflow/example_dags/example_setup_teardown.py
[2024-03-14T11:16:41.122+0000] {processor.py:830} INFO - Processing file /home/airflow/.local/lib/python3.8/site-packages/airflow/example_dags/example_setup_teardown.py for tasks to queue
[2024-03-14T11:16:41.123+0000] {logging_mixin.py:188} INFO - [2024-03-14T11:16:41.123+0000] {dagbag.py:540} INFO - Filling up the DagBag from /home/airflow/.local/lib/python3.8/site-packages/airflow/example_dags/example_setup_teardown.py
[2024-03-14T11:16:41.126+0000] {processor.py:840} INFO - DAG(s) 'example_setup_teardown' retrieved from /home/airflow/.local/lib/python3.8/site-packages/airflow/example_dags/example_setup_teardown.py
[2024-03-14T11:16:41.135+0000] {logging_mixin.py:188} INFO - [2024-03-14T11:16:41.135+0000] {dag.py:3047} INFO - Sync 1 DAGs
[2024-03-14T11:16:41.144+0000] {logging_mixin.py:188} INFO - [2024-03-14T11:16:41.144+0000] {dag.py:3834} INFO - Setting next_dagrun for example_setup_teardown to 2024-03-13 00:00:00+00:00, run_after=2024-03-14 00:00:00+00:00
[2024-03-14T11:16:41.151+0000] {processor.py:183} INFO - Processing /home/airflow/.local/lib/python3.8/site-packages/airflow/example_dags/example_setup_teardown.py took 0.032 seconds
[2024-03-14T11:17:11.583+0000] {processor.py:161} INFO - Started process (PID=2357) to work on /home/airflow/.local/lib/python3.8/site-packages/airflow/example_dags/example_setup_teardown.py
[2024-03-14T11:17:11.584+0000] {processor.py:830} INFO - Processing file /home/airflow/.local/lib/python3.8/site-packages/airflow/example_dags/example_setup_teardown.py for tasks to queue
[2024-03-14T11:17:11.586+0000] {logging_mixin.py:188} INFO - [2024-03-14T11:17:11.586+0000] {dagbag.py:540} INFO - Filling up the DagBag from /home/airflow/.local/lib/python3.8/site-packages/airflow/example_dags/example_setup_teardown.py
[2024-03-14T11:17:11.590+0000] {processor.py:840} INFO - DAG(s) 'example_setup_teardown' retrieved from /home/airflow/.local/lib/python3.8/site-packages/airflow/example_dags/example_setup_teardown.py
[2024-03-14T11:17:11.599+0000] {logging_mixin.py:188} INFO - [2024-03-14T11:17:11.599+0000] {dag.py:3047} INFO - Sync 1 DAGs
[2024-03-14T11:17:11.609+0000] {logging_mixin.py:188} INFO - [2024-03-14T11:17:11.609+0000] {dag.py:3834} INFO - Setting next_dagrun for example_setup_teardown to 2024-03-13 00:00:00+00:00, run_after=2024-03-14 00:00:00+00:00
[2024-03-14T11:17:11.616+0000] {processor.py:183} INFO - Processing /home/airflow/.local/lib/python3.8/site-packages/airflow/example_dags/example_setup_teardown.py took 0.034 seconds
[2024-03-14T11:17:42.050+0000] {processor.py:161} INFO - Started process (PID=2412) to work on /home/airflow/.local/lib/python3.8/site-packages/airflow/example_dags/example_setup_teardown.py
[2024-03-14T11:17:42.050+0000] {processor.py:830} INFO - Processing file /home/airflow/.local/lib/python3.8/site-packages/airflow/example_dags/example_setup_teardown.py for tasks to queue
[2024-03-14T11:17:42.051+0000] {logging_mixin.py:188} INFO - [2024-03-14T11:17:42.051+0000] {dagbag.py:540} INFO - Filling up the DagBag from /home/airflow/.local/lib/python3.8/site-packages/airflow/example_dags/example_setup_teardown.py
[2024-03-14T11:17:42.055+0000] {processor.py:840} INFO - DAG(s) 'example_setup_teardown' retrieved from /home/airflow/.local/lib/python3.8/site-packages/airflow/example_dags/example_setup_teardown.py
[2024-03-14T11:17:42.064+0000] {logging_mixin.py:188} INFO - [2024-03-14T11:17:42.064+0000] {dag.py:3047} INFO - Sync 1 DAGs
[2024-03-14T11:17:42.073+0000] {logging_mixin.py:188} INFO - [2024-03-14T11:17:42.073+0000] {dag.py:3834} INFO - Setting next_dagrun for example_setup_teardown to 2024-03-13 00:00:00+00:00, run_after=2024-03-14 00:00:00+00:00
[2024-03-14T11:17:42.081+0000] {processor.py:183} INFO - Processing /home/airflow/.local/lib/python3.8/site-packages/airflow/example_dags/example_setup_teardown.py took 0.033 seconds
[2024-03-14T11:18:12.563+0000] {processor.py:161} INFO - Started process (PID=2466) to work on /home/airflow/.local/lib/python3.8/site-packages/airflow/example_dags/example_setup_teardown.py
[2024-03-14T11:18:12.564+0000] {processor.py:830} INFO - Processing file /home/airflow/.local/lib/python3.8/site-packages/airflow/example_dags/example_setup_teardown.py for tasks to queue
[2024-03-14T11:18:12.565+0000] {logging_mixin.py:188} INFO - [2024-03-14T11:18:12.565+0000] {dagbag.py:540} INFO - Filling up the DagBag from /home/airflow/.local/lib/python3.8/site-packages/airflow/example_dags/example_setup_teardown.py
[2024-03-14T11:18:12.568+0000] {processor.py:840} INFO - DAG(s) 'example_setup_teardown' retrieved from /home/airflow/.local/lib/python3.8/site-packages/airflow/example_dags/example_setup_teardown.py
[2024-03-14T11:18:12.578+0000] {logging_mixin.py:188} INFO - [2024-03-14T11:18:12.578+0000] {dag.py:3047} INFO - Sync 1 DAGs
[2024-03-14T11:18:12.588+0000] {logging_mixin.py:188} INFO - [2024-03-14T11:18:12.588+0000] {dag.py:3834} INFO - Setting next_dagrun for example_setup_teardown to 2024-03-13 00:00:00+00:00, run_after=2024-03-14 00:00:00+00:00
[2024-03-14T11:18:12.595+0000] {processor.py:183} INFO - Processing /home/airflow/.local/lib/python3.8/site-packages/airflow/example_dags/example_setup_teardown.py took 0.034 seconds
[2024-03-14T11:18:42.944+0000] {processor.py:161} INFO - Started process (PID=2521) to work on /home/airflow/.local/lib/python3.8/site-packages/airflow/example_dags/example_setup_teardown.py
[2024-03-14T11:18:42.944+0000] {processor.py:830} INFO - Processing file /home/airflow/.local/lib/python3.8/site-packages/airflow/example_dags/example_setup_teardown.py for tasks to queue
[2024-03-14T11:18:42.945+0000] {logging_mixin.py:188} INFO - [2024-03-14T11:18:42.945+0000] {dagbag.py:540} INFO - Filling up the DagBag from /home/airflow/.local/lib/python3.8/site-packages/airflow/example_dags/example_setup_teardown.py
[2024-03-14T11:18:42.948+0000] {processor.py:840} INFO - DAG(s) 'example_setup_teardown' retrieved from /home/airflow/.local/lib/python3.8/site-packages/airflow/example_dags/example_setup_teardown.py
[2024-03-14T11:18:42.957+0000] {logging_mixin.py:188} INFO - [2024-03-14T11:18:42.957+0000] {dag.py:3047} INFO - Sync 1 DAGs
[2024-03-14T11:18:42.966+0000] {logging_mixin.py:188} INFO - [2024-03-14T11:18:42.966+0000] {dag.py:3834} INFO - Setting next_dagrun for example_setup_teardown to 2024-03-13 00:00:00+00:00, run_after=2024-03-14 00:00:00+00:00
[2024-03-14T11:18:42.973+0000] {processor.py:183} INFO - Processing /home/airflow/.local/lib/python3.8/site-packages/airflow/example_dags/example_setup_teardown.py took 0.031 seconds
[2024-03-14T11:19:13.342+0000] {processor.py:161} INFO - Started process (PID=2576) to work on /home/airflow/.local/lib/python3.8/site-packages/airflow/example_dags/example_setup_teardown.py
[2024-03-14T11:19:13.342+0000] {processor.py:830} INFO - Processing file /home/airflow/.local/lib/python3.8/site-packages/airflow/example_dags/example_setup_teardown.py for tasks to queue
[2024-03-14T11:19:13.343+0000] {logging_mixin.py:188} INFO - [2024-03-14T11:19:13.343+0000] {dagbag.py:540} INFO - Filling up the DagBag from /home/airflow/.local/lib/python3.8/site-packages/airflow/example_dags/example_setup_teardown.py
[2024-03-14T11:19:13.346+0000] {processor.py:840} INFO - DAG(s) 'example_setup_teardown' retrieved from /home/airflow/.local/lib/python3.8/site-packages/airflow/example_dags/example_setup_teardown.py
[2024-03-14T11:19:13.356+0000] {logging_mixin.py:188} INFO - [2024-03-14T11:19:13.356+0000] {dag.py:3047} INFO - Sync 1 DAGs
[2024-03-14T11:19:13.365+0000] {logging_mixin.py:188} INFO - [2024-03-14T11:19:13.365+0000] {dag.py:3834} INFO - Setting next_dagrun for example_setup_teardown to 2024-03-13 00:00:00+00:00, run_after=2024-03-14 00:00:00+00:00
[2024-03-14T11:19:13.372+0000] {processor.py:183} INFO - Processing /home/airflow/.local/lib/python3.8/site-packages/airflow/example_dags/example_setup_teardown.py took 0.032 seconds
[2024-03-14T11:19:43.766+0000] {processor.py:161} INFO - Started process (PID=2631) to work on /home/airflow/.local/lib/python3.8/site-packages/airflow/example_dags/example_setup_teardown.py
[2024-03-14T11:19:43.766+0000] {processor.py:830} INFO - Processing file /home/airflow/.local/lib/python3.8/site-packages/airflow/example_dags/example_setup_teardown.py for tasks to queue
[2024-03-14T11:19:43.767+0000] {logging_mixin.py:188} INFO - [2024-03-14T11:19:43.767+0000] {dagbag.py:540} INFO - Filling up the DagBag from /home/airflow/.local/lib/python3.8/site-packages/airflow/example_dags/example_setup_teardown.py
[2024-03-14T11:19:43.770+0000] {processor.py:840} INFO - DAG(s) 'example_setup_teardown' retrieved from /home/airflow/.local/lib/python3.8/site-packages/airflow/example_dags/example_setup_teardown.py
[2024-03-14T11:19:43.779+0000] {logging_mixin.py:188} INFO - [2024-03-14T11:19:43.779+0000] {dag.py:3047} INFO - Sync 1 DAGs
[2024-03-14T11:19:43.789+0000] {logging_mixin.py:188} INFO - [2024-03-14T11:19:43.788+0000] {dag.py:3834} INFO - Setting next_dagrun for example_setup_teardown to 2024-03-13 00:00:00+00:00, run_after=2024-03-14 00:00:00+00:00
[2024-03-14T11:19:43.795+0000] {processor.py:183} INFO - Processing /home/airflow/.local/lib/python3.8/site-packages/airflow/example_dags/example_setup_teardown.py took 0.031 seconds
[2024-03-14T11:20:14.182+0000] {processor.py:161} INFO - Started process (PID=2686) to work on /home/airflow/.local/lib/python3.8/site-packages/airflow/example_dags/example_setup_teardown.py
[2024-03-14T11:20:14.183+0000] {processor.py:830} INFO - Processing file /home/airflow/.local/lib/python3.8/site-packages/airflow/example_dags/example_setup_teardown.py for tasks to queue
[2024-03-14T11:20:14.184+0000] {logging_mixin.py:188} INFO - [2024-03-14T11:20:14.184+0000] {dagbag.py:540} INFO - Filling up the DagBag from /home/airflow/.local/lib/python3.8/site-packages/airflow/example_dags/example_setup_teardown.py
[2024-03-14T11:20:14.187+0000] {processor.py:840} INFO - DAG(s) 'example_setup_teardown' retrieved from /home/airflow/.local/lib/python3.8/site-packages/airflow/example_dags/example_setup_teardown.py
[2024-03-14T11:20:14.196+0000] {logging_mixin.py:188} INFO - [2024-03-14T11:20:14.196+0000] {dag.py:3047} INFO - Sync 1 DAGs
[2024-03-14T11:20:14.205+0000] {logging_mixin.py:188} INFO - [2024-03-14T11:20:14.204+0000] {dag.py:3834} INFO - Setting next_dagrun for example_setup_teardown to 2024-03-13 00:00:00+00:00, run_after=2024-03-14 00:00:00+00:00
[2024-03-14T11:20:14.212+0000] {processor.py:183} INFO - Processing /home/airflow/.local/lib/python3.8/site-packages/airflow/example_dags/example_setup_teardown.py took 0.031 seconds
[2024-03-14T11:20:44.619+0000] {processor.py:161} INFO - Started process (PID=2741) to work on /home/airflow/.local/lib/python3.8/site-packages/airflow/example_dags/example_setup_teardown.py
[2024-03-14T11:20:44.620+0000] {processor.py:830} INFO - Processing file /home/airflow/.local/lib/python3.8/site-packages/airflow/example_dags/example_setup_teardown.py for tasks to queue
[2024-03-14T11:20:44.621+0000] {logging_mixin.py:188} INFO - [2024-03-14T11:20:44.620+0000] {dagbag.py:540} INFO - Filling up the DagBag from /home/airflow/.local/lib/python3.8/site-packages/airflow/example_dags/example_setup_teardown.py
[2024-03-14T11:20:44.624+0000] {processor.py:840} INFO - DAG(s) 'example_setup_teardown' retrieved from /home/airflow/.local/lib/python3.8/site-packages/airflow/example_dags/example_setup_teardown.py
[2024-03-14T11:20:44.633+0000] {logging_mixin.py:188} INFO - [2024-03-14T11:20:44.633+0000] {dag.py:3047} INFO - Sync 1 DAGs
[2024-03-14T11:20:44.642+0000] {logging_mixin.py:188} INFO - [2024-03-14T11:20:44.642+0000] {dag.py:3834} INFO - Setting next_dagrun for example_setup_teardown to 2024-03-13 00:00:00+00:00, run_after=2024-03-14 00:00:00+00:00
[2024-03-14T11:20:44.649+0000] {processor.py:183} INFO - Processing /home/airflow/.local/lib/python3.8/site-packages/airflow/example_dags/example_setup_teardown.py took 0.032 seconds
[2024-03-14T11:21:15.162+0000] {processor.py:161} INFO - Started process (PID=2796) to work on /home/airflow/.local/lib/python3.8/site-packages/airflow/example_dags/example_setup_teardown.py
[2024-03-14T11:21:15.163+0000] {processor.py:830} INFO - Processing file /home/airflow/.local/lib/python3.8/site-packages/airflow/example_dags/example_setup_teardown.py for tasks to queue
[2024-03-14T11:21:15.163+0000] {logging_mixin.py:188} INFO - [2024-03-14T11:21:15.163+0000] {dagbag.py:540} INFO - Filling up the DagBag from /home/airflow/.local/lib/python3.8/site-packages/airflow/example_dags/example_setup_teardown.py
[2024-03-14T11:21:15.167+0000] {processor.py:840} INFO - DAG(s) 'example_setup_teardown' retrieved from /home/airflow/.local/lib/python3.8/site-packages/airflow/example_dags/example_setup_teardown.py
[2024-03-14T11:21:15.175+0000] {logging_mixin.py:188} INFO - [2024-03-14T11:21:15.175+0000] {dag.py:3047} INFO - Sync 1 DAGs
[2024-03-14T11:21:15.183+0000] {logging_mixin.py:188} INFO - [2024-03-14T11:21:15.183+0000] {dag.py:3834} INFO - Setting next_dagrun for example_setup_teardown to 2024-03-13 00:00:00+00:00, run_after=2024-03-14 00:00:00+00:00
[2024-03-14T11:21:15.191+0000] {processor.py:183} INFO - Processing /home/airflow/.local/lib/python3.8/site-packages/airflow/example_dags/example_setup_teardown.py took 0.030 seconds
[2024-03-14T11:21:45.632+0000] {processor.py:161} INFO - Started process (PID=2851) to work on /home/airflow/.local/lib/python3.8/site-packages/airflow/example_dags/example_setup_teardown.py
[2024-03-14T11:21:45.633+0000] {processor.py:830} INFO - Processing file /home/airflow/.local/lib/python3.8/site-packages/airflow/example_dags/example_setup_teardown.py for tasks to queue
[2024-03-14T11:21:45.635+0000] {logging_mixin.py:188} INFO - [2024-03-14T11:21:45.635+0000] {dagbag.py:540} INFO - Filling up the DagBag from /home/airflow/.local/lib/python3.8/site-packages/airflow/example_dags/example_setup_teardown.py
[2024-03-14T11:21:45.638+0000] {processor.py:840} INFO - DAG(s) 'example_setup_teardown' retrieved from /home/airflow/.local/lib/python3.8/site-packages/airflow/example_dags/example_setup_teardown.py
[2024-03-14T11:21:45.647+0000] {logging_mixin.py:188} INFO - [2024-03-14T11:21:45.647+0000] {dag.py:3047} INFO - Sync 1 DAGs
[2024-03-14T11:21:45.656+0000] {logging_mixin.py:188} INFO - [2024-03-14T11:21:45.656+0000] {dag.py:3834} INFO - Setting next_dagrun for example_setup_teardown to 2024-03-13 00:00:00+00:00, run_after=2024-03-14 00:00:00+00:00
[2024-03-14T11:21:45.664+0000] {processor.py:183} INFO - Processing /home/airflow/.local/lib/python3.8/site-packages/airflow/example_dags/example_setup_teardown.py took 0.033 seconds
[2024-03-14T11:22:16.091+0000] {processor.py:161} INFO - Started process (PID=2906) to work on /home/airflow/.local/lib/python3.8/site-packages/airflow/example_dags/example_setup_teardown.py
[2024-03-14T11:22:16.092+0000] {processor.py:830} INFO - Processing file /home/airflow/.local/lib/python3.8/site-packages/airflow/example_dags/example_setup_teardown.py for tasks to queue
[2024-03-14T11:22:16.093+0000] {logging_mixin.py:188} INFO - [2024-03-14T11:22:16.093+0000] {dagbag.py:540} INFO - Filling up the DagBag from /home/airflow/.local/lib/python3.8/site-packages/airflow/example_dags/example_setup_teardown.py
[2024-03-14T11:22:16.096+0000] {processor.py:840} INFO - DAG(s) 'example_setup_teardown' retrieved from /home/airflow/.local/lib/python3.8/site-packages/airflow/example_dags/example_setup_teardown.py
[2024-03-14T11:22:16.105+0000] {logging_mixin.py:188} INFO - [2024-03-14T11:22:16.105+0000] {dag.py:3047} INFO - Sync 1 DAGs
[2024-03-14T11:22:16.113+0000] {logging_mixin.py:188} INFO - [2024-03-14T11:22:16.113+0000] {dag.py:3834} INFO - Setting next_dagrun for example_setup_teardown to 2024-03-13 00:00:00+00:00, run_after=2024-03-14 00:00:00+00:00
[2024-03-14T11:22:16.120+0000] {processor.py:183} INFO - Processing /home/airflow/.local/lib/python3.8/site-packages/airflow/example_dags/example_setup_teardown.py took 0.031 seconds
[2024-03-14T11:22:46.592+0000] {processor.py:161} INFO - Started process (PID=2961) to work on /home/airflow/.local/lib/python3.8/site-packages/airflow/example_dags/example_setup_teardown.py
[2024-03-14T11:22:46.593+0000] {processor.py:830} INFO - Processing file /home/airflow/.local/lib/python3.8/site-packages/airflow/example_dags/example_setup_teardown.py for tasks to queue
[2024-03-14T11:22:46.593+0000] {logging_mixin.py:188} INFO - [2024-03-14T11:22:46.593+0000] {dagbag.py:540} INFO - Filling up the DagBag from /home/airflow/.local/lib/python3.8/site-packages/airflow/example_dags/example_setup_teardown.py
[2024-03-14T11:22:46.596+0000] {processor.py:840} INFO - DAG(s) 'example_setup_teardown' retrieved from /home/airflow/.local/lib/python3.8/site-packages/airflow/example_dags/example_setup_teardown.py
[2024-03-14T11:22:46.605+0000] {logging_mixin.py:188} INFO - [2024-03-14T11:22:46.605+0000] {dag.py:3047} INFO - Sync 1 DAGs
[2024-03-14T11:22:46.613+0000] {logging_mixin.py:188} INFO - [2024-03-14T11:22:46.613+0000] {dag.py:3834} INFO - Setting next_dagrun for example_setup_teardown to 2024-03-13 00:00:00+00:00, run_after=2024-03-14 00:00:00+00:00
[2024-03-14T11:22:46.621+0000] {processor.py:183} INFO - Processing /home/airflow/.local/lib/python3.8/site-packages/airflow/example_dags/example_setup_teardown.py took 0.030 seconds
[2024-03-14T11:23:16.992+0000] {processor.py:161} INFO - Started process (PID=3016) to work on /home/airflow/.local/lib/python3.8/site-packages/airflow/example_dags/example_setup_teardown.py
[2024-03-14T11:23:16.992+0000] {processor.py:830} INFO - Processing file /home/airflow/.local/lib/python3.8/site-packages/airflow/example_dags/example_setup_teardown.py for tasks to queue
[2024-03-14T11:23:16.993+0000] {logging_mixin.py:188} INFO - [2024-03-14T11:23:16.993+0000] {dagbag.py:540} INFO - Filling up the DagBag from /home/airflow/.local/lib/python3.8/site-packages/airflow/example_dags/example_setup_teardown.py
[2024-03-14T11:23:16.996+0000] {processor.py:840} INFO - DAG(s) 'example_setup_teardown' retrieved from /home/airflow/.local/lib/python3.8/site-packages/airflow/example_dags/example_setup_teardown.py
[2024-03-14T11:23:17.004+0000] {logging_mixin.py:188} INFO - [2024-03-14T11:23:17.004+0000] {dag.py:3047} INFO - Sync 1 DAGs
[2024-03-14T11:23:17.012+0000] {logging_mixin.py:188} INFO - [2024-03-14T11:23:17.012+0000] {dag.py:3834} INFO - Setting next_dagrun for example_setup_teardown to 2024-03-13 00:00:00+00:00, run_after=2024-03-14 00:00:00+00:00
[2024-03-14T11:23:17.018+0000] {processor.py:183} INFO - Processing /home/airflow/.local/lib/python3.8/site-packages/airflow/example_dags/example_setup_teardown.py took 0.028 seconds
[2024-03-14T11:23:47.455+0000] {processor.py:161} INFO - Started process (PID=3071) to work on /home/airflow/.local/lib/python3.8/site-packages/airflow/example_dags/example_setup_teardown.py
[2024-03-14T11:23:47.456+0000] {processor.py:830} INFO - Processing file /home/airflow/.local/lib/python3.8/site-packages/airflow/example_dags/example_setup_teardown.py for tasks to queue
[2024-03-14T11:23:47.457+0000] {logging_mixin.py:188} INFO - [2024-03-14T11:23:47.456+0000] {dagbag.py:540} INFO - Filling up the DagBag from /home/airflow/.local/lib/python3.8/site-packages/airflow/example_dags/example_setup_teardown.py
[2024-03-14T11:23:47.460+0000] {processor.py:840} INFO - DAG(s) 'example_setup_teardown' retrieved from /home/airflow/.local/lib/python3.8/site-packages/airflow/example_dags/example_setup_teardown.py
[2024-03-14T11:23:47.469+0000] {logging_mixin.py:188} INFO - [2024-03-14T11:23:47.469+0000] {dag.py:3047} INFO - Sync 1 DAGs
[2024-03-14T11:23:47.478+0000] {logging_mixin.py:188} INFO - [2024-03-14T11:23:47.478+0000] {dag.py:3834} INFO - Setting next_dagrun for example_setup_teardown to 2024-03-13 00:00:00+00:00, run_after=2024-03-14 00:00:00+00:00
[2024-03-14T11:23:47.485+0000] {processor.py:183} INFO - Processing /home/airflow/.local/lib/python3.8/site-packages/airflow/example_dags/example_setup_teardown.py took 0.032 seconds
[2024-03-14T11:24:17.828+0000] {processor.py:161} INFO - Started process (PID=3126) to work on /home/airflow/.local/lib/python3.8/site-packages/airflow/example_dags/example_setup_teardown.py
[2024-03-14T11:24:17.828+0000] {processor.py:830} INFO - Processing file /home/airflow/.local/lib/python3.8/site-packages/airflow/example_dags/example_setup_teardown.py for tasks to queue
[2024-03-14T11:24:17.829+0000] {logging_mixin.py:188} INFO - [2024-03-14T11:24:17.829+0000] {dagbag.py:540} INFO - Filling up the DagBag from /home/airflow/.local/lib/python3.8/site-packages/airflow/example_dags/example_setup_teardown.py
[2024-03-14T11:24:17.833+0000] {processor.py:840} INFO - DAG(s) 'example_setup_teardown' retrieved from /home/airflow/.local/lib/python3.8/site-packages/airflow/example_dags/example_setup_teardown.py
[2024-03-14T11:24:17.842+0000] {logging_mixin.py:188} INFO - [2024-03-14T11:24:17.842+0000] {dag.py:3047} INFO - Sync 1 DAGs
[2024-03-14T11:24:17.851+0000] {logging_mixin.py:188} INFO - [2024-03-14T11:24:17.851+0000] {dag.py:3834} INFO - Setting next_dagrun for example_setup_teardown to 2024-03-13 00:00:00+00:00, run_after=2024-03-14 00:00:00+00:00
[2024-03-14T11:24:17.858+0000] {processor.py:183} INFO - Processing /home/airflow/.local/lib/python3.8/site-packages/airflow/example_dags/example_setup_teardown.py took 0.032 seconds
[2024-03-14T11:24:48.175+0000] {processor.py:161} INFO - Started process (PID=3181) to work on /home/airflow/.local/lib/python3.8/site-packages/airflow/example_dags/example_setup_teardown.py
[2024-03-14T11:24:48.175+0000] {processor.py:830} INFO - Processing file /home/airflow/.local/lib/python3.8/site-packages/airflow/example_dags/example_setup_teardown.py for tasks to queue
[2024-03-14T11:24:48.176+0000] {logging_mixin.py:188} INFO - [2024-03-14T11:24:48.176+0000] {dagbag.py:540} INFO - Filling up the DagBag from /home/airflow/.local/lib/python3.8/site-packages/airflow/example_dags/example_setup_teardown.py
[2024-03-14T11:24:48.179+0000] {processor.py:840} INFO - DAG(s) 'example_setup_teardown' retrieved from /home/airflow/.local/lib/python3.8/site-packages/airflow/example_dags/example_setup_teardown.py
[2024-03-14T11:24:48.188+0000] {logging_mixin.py:188} INFO - [2024-03-14T11:24:48.188+0000] {dag.py:3047} INFO - Sync 1 DAGs
[2024-03-14T11:24:48.200+0000] {logging_mixin.py:188} INFO - [2024-03-14T11:24:48.200+0000] {dag.py:3834} INFO - Setting next_dagrun for example_setup_teardown to 2024-03-13 00:00:00+00:00, run_after=2024-03-14 00:00:00+00:00
[2024-03-14T11:24:48.208+0000] {processor.py:183} INFO - Processing /home/airflow/.local/lib/python3.8/site-packages/airflow/example_dags/example_setup_teardown.py took 0.034 seconds
[2024-03-14T11:25:18.608+0000] {processor.py:161} INFO - Started process (PID=3236) to work on /home/airflow/.local/lib/python3.8/site-packages/airflow/example_dags/example_setup_teardown.py
[2024-03-14T11:25:18.609+0000] {processor.py:830} INFO - Processing file /home/airflow/.local/lib/python3.8/site-packages/airflow/example_dags/example_setup_teardown.py for tasks to queue
[2024-03-14T11:25:18.609+0000] {logging_mixin.py:188} INFO - [2024-03-14T11:25:18.609+0000] {dagbag.py:540} INFO - Filling up the DagBag from /home/airflow/.local/lib/python3.8/site-packages/airflow/example_dags/example_setup_teardown.py
[2024-03-14T11:25:18.612+0000] {processor.py:840} INFO - DAG(s) 'example_setup_teardown' retrieved from /home/airflow/.local/lib/python3.8/site-packages/airflow/example_dags/example_setup_teardown.py
[2024-03-14T11:25:18.621+0000] {logging_mixin.py:188} INFO - [2024-03-14T11:25:18.621+0000] {dag.py:3047} INFO - Sync 1 DAGs
[2024-03-14T11:25:18.630+0000] {logging_mixin.py:188} INFO - [2024-03-14T11:25:18.630+0000] {dag.py:3834} INFO - Setting next_dagrun for example_setup_teardown to 2024-03-13 00:00:00+00:00, run_after=2024-03-14 00:00:00+00:00
[2024-03-14T11:25:18.638+0000] {processor.py:183} INFO - Processing /home/airflow/.local/lib/python3.8/site-packages/airflow/example_dags/example_setup_teardown.py took 0.032 seconds
[2024-03-14T11:25:49.059+0000] {processor.py:161} INFO - Started process (PID=3291) to work on /home/airflow/.local/lib/python3.8/site-packages/airflow/example_dags/example_setup_teardown.py
[2024-03-14T11:25:49.060+0000] {processor.py:830} INFO - Processing file /home/airflow/.local/lib/python3.8/site-packages/airflow/example_dags/example_setup_teardown.py for tasks to queue
[2024-03-14T11:25:49.060+0000] {logging_mixin.py:188} INFO - [2024-03-14T11:25:49.060+0000] {dagbag.py:540} INFO - Filling up the DagBag from /home/airflow/.local/lib/python3.8/site-packages/airflow/example_dags/example_setup_teardown.py
[2024-03-14T11:25:49.064+0000] {processor.py:840} INFO - DAG(s) 'example_setup_teardown' retrieved from /home/airflow/.local/lib/python3.8/site-packages/airflow/example_dags/example_setup_teardown.py
[2024-03-14T11:25:49.073+0000] {logging_mixin.py:188} INFO - [2024-03-14T11:25:49.073+0000] {dag.py:3047} INFO - Sync 1 DAGs
[2024-03-14T11:25:49.082+0000] {logging_mixin.py:188} INFO - [2024-03-14T11:25:49.082+0000] {dag.py:3834} INFO - Setting next_dagrun for example_setup_teardown to 2024-03-13 00:00:00+00:00, run_after=2024-03-14 00:00:00+00:00
[2024-03-14T11:25:49.089+0000] {processor.py:183} INFO - Processing /home/airflow/.local/lib/python3.8/site-packages/airflow/example_dags/example_setup_teardown.py took 0.032 seconds
[2024-03-14T11:26:19.578+0000] {processor.py:161} INFO - Started process (PID=3346) to work on /home/airflow/.local/lib/python3.8/site-packages/airflow/example_dags/example_setup_teardown.py
[2024-03-14T11:26:19.579+0000] {processor.py:830} INFO - Processing file /home/airflow/.local/lib/python3.8/site-packages/airflow/example_dags/example_setup_teardown.py for tasks to queue
[2024-03-14T11:26:19.580+0000] {logging_mixin.py:188} INFO - [2024-03-14T11:26:19.579+0000] {dagbag.py:540} INFO - Filling up the DagBag from /home/airflow/.local/lib/python3.8/site-packages/airflow/example_dags/example_setup_teardown.py
[2024-03-14T11:26:19.583+0000] {processor.py:840} INFO - DAG(s) 'example_setup_teardown' retrieved from /home/airflow/.local/lib/python3.8/site-packages/airflow/example_dags/example_setup_teardown.py
[2024-03-14T11:26:19.591+0000] {logging_mixin.py:188} INFO - [2024-03-14T11:26:19.591+0000] {dag.py:3047} INFO - Sync 1 DAGs
[2024-03-14T11:26:19.600+0000] {logging_mixin.py:188} INFO - [2024-03-14T11:26:19.600+0000] {dag.py:3834} INFO - Setting next_dagrun for example_setup_teardown to 2024-03-13 00:00:00+00:00, run_after=2024-03-14 00:00:00+00:00
[2024-03-14T11:26:19.607+0000] {processor.py:183} INFO - Processing /home/airflow/.local/lib/python3.8/site-packages/airflow/example_dags/example_setup_teardown.py took 0.031 seconds
[2024-03-14T11:26:50.013+0000] {processor.py:161} INFO - Started process (PID=3401) to work on /home/airflow/.local/lib/python3.8/site-packages/airflow/example_dags/example_setup_teardown.py
[2024-03-14T11:26:50.014+0000] {processor.py:830} INFO - Processing file /home/airflow/.local/lib/python3.8/site-packages/airflow/example_dags/example_setup_teardown.py for tasks to queue
[2024-03-14T11:26:50.015+0000] {logging_mixin.py:188} INFO - [2024-03-14T11:26:50.015+0000] {dagbag.py:540} INFO - Filling up the DagBag from /home/airflow/.local/lib/python3.8/site-packages/airflow/example_dags/example_setup_teardown.py
[2024-03-14T11:26:50.018+0000] {processor.py:840} INFO - DAG(s) 'example_setup_teardown' retrieved from /home/airflow/.local/lib/python3.8/site-packages/airflow/example_dags/example_setup_teardown.py
[2024-03-14T11:26:50.029+0000] {logging_mixin.py:188} INFO - [2024-03-14T11:26:50.028+0000] {dag.py:3047} INFO - Sync 1 DAGs
[2024-03-14T11:26:50.039+0000] {logging_mixin.py:188} INFO - [2024-03-14T11:26:50.039+0000] {dag.py:3834} INFO - Setting next_dagrun for example_setup_teardown to 2024-03-13 00:00:00+00:00, run_after=2024-03-14 00:00:00+00:00
[2024-03-14T11:26:50.051+0000] {processor.py:183} INFO - Processing /home/airflow/.local/lib/python3.8/site-packages/airflow/example_dags/example_setup_teardown.py took 0.039 seconds
[2024-03-14T11:27:20.541+0000] {processor.py:161} INFO - Started process (PID=3461) to work on /home/airflow/.local/lib/python3.8/site-packages/airflow/example_dags/example_setup_teardown.py
[2024-03-14T11:27:20.542+0000] {processor.py:830} INFO - Processing file /home/airflow/.local/lib/python3.8/site-packages/airflow/example_dags/example_setup_teardown.py for tasks to queue
[2024-03-14T11:27:20.543+0000] {logging_mixin.py:188} INFO - [2024-03-14T11:27:20.543+0000] {dagbag.py:540} INFO - Filling up the DagBag from /home/airflow/.local/lib/python3.8/site-packages/airflow/example_dags/example_setup_teardown.py
[2024-03-14T11:27:20.546+0000] {processor.py:840} INFO - DAG(s) 'example_setup_teardown' retrieved from /home/airflow/.local/lib/python3.8/site-packages/airflow/example_dags/example_setup_teardown.py
[2024-03-14T11:27:20.555+0000] {logging_mixin.py:188} INFO - [2024-03-14T11:27:20.555+0000] {dag.py:3047} INFO - Sync 1 DAGs
[2024-03-14T11:27:20.564+0000] {logging_mixin.py:188} INFO - [2024-03-14T11:27:20.564+0000] {dag.py:3834} INFO - Setting next_dagrun for example_setup_teardown to 2024-03-13 00:00:00+00:00, run_after=2024-03-14 00:00:00+00:00
[2024-03-14T11:27:20.575+0000] {processor.py:183} INFO - Processing /home/airflow/.local/lib/python3.8/site-packages/airflow/example_dags/example_setup_teardown.py took 0.035 seconds
[2024-03-14T11:27:51.215+0000] {processor.py:161} INFO - Started process (PID=3516) to work on /home/airflow/.local/lib/python3.8/site-packages/airflow/example_dags/example_setup_teardown.py
[2024-03-14T11:27:51.216+0000] {processor.py:830} INFO - Processing file /home/airflow/.local/lib/python3.8/site-packages/airflow/example_dags/example_setup_teardown.py for tasks to queue
[2024-03-14T11:27:51.217+0000] {logging_mixin.py:188} INFO - [2024-03-14T11:27:51.217+0000] {dagbag.py:540} INFO - Filling up the DagBag from /home/airflow/.local/lib/python3.8/site-packages/airflow/example_dags/example_setup_teardown.py
[2024-03-14T11:27:51.219+0000] {processor.py:840} INFO - DAG(s) 'example_setup_teardown' retrieved from /home/airflow/.local/lib/python3.8/site-packages/airflow/example_dags/example_setup_teardown.py
[2024-03-14T11:27:51.228+0000] {logging_mixin.py:188} INFO - [2024-03-14T11:27:51.228+0000] {dag.py:3047} INFO - Sync 1 DAGs
[2024-03-14T11:27:51.236+0000] {logging_mixin.py:188} INFO - [2024-03-14T11:27:51.236+0000] {dag.py:3834} INFO - Setting next_dagrun for example_setup_teardown to 2024-03-13 00:00:00+00:00, run_after=2024-03-14 00:00:00+00:00
[2024-03-14T11:27:51.243+0000] {processor.py:183} INFO - Processing /home/airflow/.local/lib/python3.8/site-packages/airflow/example_dags/example_setup_teardown.py took 0.029 seconds
[2024-03-14T11:28:22.055+0000] {processor.py:161} INFO - Started process (PID=3571) to work on /home/airflow/.local/lib/python3.8/site-packages/airflow/example_dags/example_setup_teardown.py
[2024-03-14T11:28:22.055+0000] {processor.py:830} INFO - Processing file /home/airflow/.local/lib/python3.8/site-packages/airflow/example_dags/example_setup_teardown.py for tasks to queue
[2024-03-14T11:28:22.056+0000] {logging_mixin.py:188} INFO - [2024-03-14T11:28:22.056+0000] {dagbag.py:540} INFO - Filling up the DagBag from /home/airflow/.local/lib/python3.8/site-packages/airflow/example_dags/example_setup_teardown.py
[2024-03-14T11:28:22.059+0000] {processor.py:840} INFO - DAG(s) 'example_setup_teardown' retrieved from /home/airflow/.local/lib/python3.8/site-packages/airflow/example_dags/example_setup_teardown.py
[2024-03-14T11:28:22.067+0000] {logging_mixin.py:188} INFO - [2024-03-14T11:28:22.067+0000] {dag.py:3047} INFO - Sync 1 DAGs
[2024-03-14T11:28:22.076+0000] {logging_mixin.py:188} INFO - [2024-03-14T11:28:22.076+0000] {dag.py:3834} INFO - Setting next_dagrun for example_setup_teardown to 2024-03-13 00:00:00+00:00, run_after=2024-03-14 00:00:00+00:00
[2024-03-14T11:28:22.159+0000] {processor.py:183} INFO - Processing /home/airflow/.local/lib/python3.8/site-packages/airflow/example_dags/example_setup_teardown.py took 0.106 seconds
