[2024-03-14T10:55:55.423+0000] {processor.py:161} INFO - Started process (PID=72) to work on /home/airflow/.local/lib/python3.8/site-packages/airflow/example_dags/example_branch_labels.py
[2024-03-14T10:55:55.424+0000] {processor.py:830} INFO - Processing file /home/airflow/.local/lib/python3.8/site-packages/airflow/example_dags/example_branch_labels.py for tasks to queue
[2024-03-14T10:55:55.425+0000] {logging_mixin.py:188} INFO - [2024-03-14T10:55:55.425+0000] {dagbag.py:540} INFO - Filling up the DagBag from /home/airflow/.local/lib/python3.8/site-packages/airflow/example_dags/example_branch_labels.py
[2024-03-14T10:55:55.430+0000] {processor.py:840} INFO - DAG(s) 'example_branch_labels' retrieved from /home/airflow/.local/lib/python3.8/site-packages/airflow/example_dags/example_branch_labels.py
[2024-03-14T10:55:55.436+0000] {logging_mixin.py:188} INFO - [2024-03-14T10:55:55.436+0000] {dag.py:3047} INFO - Sync 1 DAGs
[2024-03-14T10:55:55.448+0000] {logging_mixin.py:188} INFO - [2024-03-14T10:55:55.448+0000] {dag.py:3834} INFO - Setting next_dagrun for example_branch_labels to 2024-03-13 00:00:00+00:00, run_after=2024-03-14 00:00:00+00:00
[2024-03-14T10:55:55.456+0000] {processor.py:183} INFO - Processing /home/airflow/.local/lib/python3.8/site-packages/airflow/example_dags/example_branch_labels.py took 0.035 seconds
[2024-03-14T10:56:25.525+0000] {processor.py:161} INFO - Started process (PID=127) to work on /home/airflow/.local/lib/python3.8/site-packages/airflow/example_dags/example_branch_labels.py
[2024-03-14T10:56:25.525+0000] {processor.py:830} INFO - Processing file /home/airflow/.local/lib/python3.8/site-packages/airflow/example_dags/example_branch_labels.py for tasks to queue
[2024-03-14T10:56:25.526+0000] {logging_mixin.py:188} INFO - [2024-03-14T10:56:25.526+0000] {dagbag.py:540} INFO - Filling up the DagBag from /home/airflow/.local/lib/python3.8/site-packages/airflow/example_dags/example_branch_labels.py
[2024-03-14T10:56:25.529+0000] {processor.py:840} INFO - DAG(s) 'example_branch_labels' retrieved from /home/airflow/.local/lib/python3.8/site-packages/airflow/example_dags/example_branch_labels.py
[2024-03-14T10:56:25.567+0000] {logging_mixin.py:188} INFO - [2024-03-14T10:56:25.567+0000] {dag.py:3047} INFO - Sync 1 DAGs
[2024-03-14T10:56:25.574+0000] {logging_mixin.py:188} INFO - [2024-03-14T10:56:25.574+0000] {dag.py:3834} INFO - Setting next_dagrun for example_branch_labels to 2024-03-13 00:00:00+00:00, run_after=2024-03-14 00:00:00+00:00
[2024-03-14T10:56:25.581+0000] {processor.py:183} INFO - Processing /home/airflow/.local/lib/python3.8/site-packages/airflow/example_dags/example_branch_labels.py took 0.058 seconds
[2024-03-14T10:56:56.538+0000] {processor.py:161} INFO - Started process (PID=182) to work on /home/airflow/.local/lib/python3.8/site-packages/airflow/example_dags/example_branch_labels.py
[2024-03-14T10:56:56.539+0000] {processor.py:830} INFO - Processing file /home/airflow/.local/lib/python3.8/site-packages/airflow/example_dags/example_branch_labels.py for tasks to queue
[2024-03-14T10:56:56.540+0000] {logging_mixin.py:188} INFO - [2024-03-14T10:56:56.540+0000] {dagbag.py:540} INFO - Filling up the DagBag from /home/airflow/.local/lib/python3.8/site-packages/airflow/example_dags/example_branch_labels.py
[2024-03-14T10:56:56.544+0000] {processor.py:840} INFO - DAG(s) 'example_branch_labels' retrieved from /home/airflow/.local/lib/python3.8/site-packages/airflow/example_dags/example_branch_labels.py
[2024-03-14T10:56:56.553+0000] {logging_mixin.py:188} INFO - [2024-03-14T10:56:56.553+0000] {dag.py:3047} INFO - Sync 1 DAGs
[2024-03-14T10:56:56.562+0000] {logging_mixin.py:188} INFO - [2024-03-14T10:56:56.562+0000] {dag.py:3834} INFO - Setting next_dagrun for example_branch_labels to 2024-03-13 00:00:00+00:00, run_after=2024-03-14 00:00:00+00:00
[2024-03-14T10:56:56.569+0000] {processor.py:183} INFO - Processing /home/airflow/.local/lib/python3.8/site-packages/airflow/example_dags/example_branch_labels.py took 0.033 seconds
[2024-03-14T10:57:26.914+0000] {processor.py:161} INFO - Started process (PID=236) to work on /home/airflow/.local/lib/python3.8/site-packages/airflow/example_dags/example_branch_labels.py
[2024-03-14T10:57:26.914+0000] {processor.py:830} INFO - Processing file /home/airflow/.local/lib/python3.8/site-packages/airflow/example_dags/example_branch_labels.py for tasks to queue
[2024-03-14T10:57:26.915+0000] {logging_mixin.py:188} INFO - [2024-03-14T10:57:26.915+0000] {dagbag.py:540} INFO - Filling up the DagBag from /home/airflow/.local/lib/python3.8/site-packages/airflow/example_dags/example_branch_labels.py
[2024-03-14T10:57:26.919+0000] {processor.py:840} INFO - DAG(s) 'example_branch_labels' retrieved from /home/airflow/.local/lib/python3.8/site-packages/airflow/example_dags/example_branch_labels.py
[2024-03-14T10:57:26.928+0000] {logging_mixin.py:188} INFO - [2024-03-14T10:57:26.928+0000] {dag.py:3047} INFO - Sync 1 DAGs
[2024-03-14T10:57:26.938+0000] {logging_mixin.py:188} INFO - [2024-03-14T10:57:26.938+0000] {dag.py:3834} INFO - Setting next_dagrun for example_branch_labels to 2024-03-13 00:00:00+00:00, run_after=2024-03-14 00:00:00+00:00
[2024-03-14T10:57:26.945+0000] {processor.py:183} INFO - Processing /home/airflow/.local/lib/python3.8/site-packages/airflow/example_dags/example_branch_labels.py took 0.033 seconds
[2024-03-14T10:57:57.303+0000] {processor.py:161} INFO - Started process (PID=291) to work on /home/airflow/.local/lib/python3.8/site-packages/airflow/example_dags/example_branch_labels.py
[2024-03-14T10:57:57.303+0000] {processor.py:830} INFO - Processing file /home/airflow/.local/lib/python3.8/site-packages/airflow/example_dags/example_branch_labels.py for tasks to queue
[2024-03-14T10:57:57.305+0000] {logging_mixin.py:188} INFO - [2024-03-14T10:57:57.305+0000] {dagbag.py:540} INFO - Filling up the DagBag from /home/airflow/.local/lib/python3.8/site-packages/airflow/example_dags/example_branch_labels.py
[2024-03-14T10:57:57.309+0000] {processor.py:840} INFO - DAG(s) 'example_branch_labels' retrieved from /home/airflow/.local/lib/python3.8/site-packages/airflow/example_dags/example_branch_labels.py
[2024-03-14T10:57:57.318+0000] {logging_mixin.py:188} INFO - [2024-03-14T10:57:57.318+0000] {dag.py:3047} INFO - Sync 1 DAGs
[2024-03-14T10:57:57.327+0000] {logging_mixin.py:188} INFO - [2024-03-14T10:57:57.327+0000] {dag.py:3834} INFO - Setting next_dagrun for example_branch_labels to 2024-03-13 00:00:00+00:00, run_after=2024-03-14 00:00:00+00:00
[2024-03-14T10:57:57.334+0000] {processor.py:183} INFO - Processing /home/airflow/.local/lib/python3.8/site-packages/airflow/example_dags/example_branch_labels.py took 0.033 seconds
[2024-03-14T10:58:27.620+0000] {processor.py:161} INFO - Started process (PID=346) to work on /home/airflow/.local/lib/python3.8/site-packages/airflow/example_dags/example_branch_labels.py
[2024-03-14T10:58:27.621+0000] {processor.py:830} INFO - Processing file /home/airflow/.local/lib/python3.8/site-packages/airflow/example_dags/example_branch_labels.py for tasks to queue
[2024-03-14T10:58:27.623+0000] {logging_mixin.py:188} INFO - [2024-03-14T10:58:27.623+0000] {dagbag.py:540} INFO - Filling up the DagBag from /home/airflow/.local/lib/python3.8/site-packages/airflow/example_dags/example_branch_labels.py
[2024-03-14T10:58:27.627+0000] {processor.py:840} INFO - DAG(s) 'example_branch_labels' retrieved from /home/airflow/.local/lib/python3.8/site-packages/airflow/example_dags/example_branch_labels.py
[2024-03-14T10:58:27.636+0000] {logging_mixin.py:188} INFO - [2024-03-14T10:58:27.636+0000] {dag.py:3047} INFO - Sync 1 DAGs
[2024-03-14T10:58:27.646+0000] {logging_mixin.py:188} INFO - [2024-03-14T10:58:27.646+0000] {dag.py:3834} INFO - Setting next_dagrun for example_branch_labels to 2024-03-13 00:00:00+00:00, run_after=2024-03-14 00:00:00+00:00
[2024-03-14T10:58:27.653+0000] {processor.py:183} INFO - Processing /home/airflow/.local/lib/python3.8/site-packages/airflow/example_dags/example_branch_labels.py took 0.035 seconds
[2024-03-14T10:58:58.026+0000] {processor.py:161} INFO - Started process (PID=401) to work on /home/airflow/.local/lib/python3.8/site-packages/airflow/example_dags/example_branch_labels.py
[2024-03-14T10:58:58.029+0000] {processor.py:830} INFO - Processing file /home/airflow/.local/lib/python3.8/site-packages/airflow/example_dags/example_branch_labels.py for tasks to queue
[2024-03-14T10:58:58.029+0000] {logging_mixin.py:188} INFO - [2024-03-14T10:58:58.029+0000] {dagbag.py:540} INFO - Filling up the DagBag from /home/airflow/.local/lib/python3.8/site-packages/airflow/example_dags/example_branch_labels.py
[2024-03-14T10:58:58.033+0000] {processor.py:840} INFO - DAG(s) 'example_branch_labels' retrieved from /home/airflow/.local/lib/python3.8/site-packages/airflow/example_dags/example_branch_labels.py
[2024-03-14T10:58:58.042+0000] {logging_mixin.py:188} INFO - [2024-03-14T10:58:58.042+0000] {dag.py:3047} INFO - Sync 1 DAGs
[2024-03-14T10:58:58.051+0000] {logging_mixin.py:188} INFO - [2024-03-14T10:58:58.051+0000] {dag.py:3834} INFO - Setting next_dagrun for example_branch_labels to 2024-03-13 00:00:00+00:00, run_after=2024-03-14 00:00:00+00:00
[2024-03-14T10:58:58.058+0000] {processor.py:183} INFO - Processing /home/airflow/.local/lib/python3.8/site-packages/airflow/example_dags/example_branch_labels.py took 0.034 seconds
[2024-03-14T10:59:28.403+0000] {processor.py:161} INFO - Started process (PID=456) to work on /home/airflow/.local/lib/python3.8/site-packages/airflow/example_dags/example_branch_labels.py
[2024-03-14T10:59:28.404+0000] {processor.py:830} INFO - Processing file /home/airflow/.local/lib/python3.8/site-packages/airflow/example_dags/example_branch_labels.py for tasks to queue
[2024-03-14T10:59:28.405+0000] {logging_mixin.py:188} INFO - [2024-03-14T10:59:28.404+0000] {dagbag.py:540} INFO - Filling up the DagBag from /home/airflow/.local/lib/python3.8/site-packages/airflow/example_dags/example_branch_labels.py
[2024-03-14T10:59:28.409+0000] {processor.py:840} INFO - DAG(s) 'example_branch_labels' retrieved from /home/airflow/.local/lib/python3.8/site-packages/airflow/example_dags/example_branch_labels.py
[2024-03-14T10:59:28.418+0000] {logging_mixin.py:188} INFO - [2024-03-14T10:59:28.418+0000] {dag.py:3047} INFO - Sync 1 DAGs
[2024-03-14T10:59:28.427+0000] {logging_mixin.py:188} INFO - [2024-03-14T10:59:28.427+0000] {dag.py:3834} INFO - Setting next_dagrun for example_branch_labels to 2024-03-13 00:00:00+00:00, run_after=2024-03-14 00:00:00+00:00
[2024-03-14T10:59:28.434+0000] {processor.py:183} INFO - Processing /home/airflow/.local/lib/python3.8/site-packages/airflow/example_dags/example_branch_labels.py took 0.033 seconds
[2024-03-14T10:59:58.786+0000] {processor.py:161} INFO - Started process (PID=511) to work on /home/airflow/.local/lib/python3.8/site-packages/airflow/example_dags/example_branch_labels.py
[2024-03-14T10:59:58.786+0000] {processor.py:830} INFO - Processing file /home/airflow/.local/lib/python3.8/site-packages/airflow/example_dags/example_branch_labels.py for tasks to queue
[2024-03-14T10:59:58.787+0000] {logging_mixin.py:188} INFO - [2024-03-14T10:59:58.787+0000] {dagbag.py:540} INFO - Filling up the DagBag from /home/airflow/.local/lib/python3.8/site-packages/airflow/example_dags/example_branch_labels.py
[2024-03-14T10:59:58.791+0000] {processor.py:840} INFO - DAG(s) 'example_branch_labels' retrieved from /home/airflow/.local/lib/python3.8/site-packages/airflow/example_dags/example_branch_labels.py
[2024-03-14T10:59:58.800+0000] {logging_mixin.py:188} INFO - [2024-03-14T10:59:58.800+0000] {dag.py:3047} INFO - Sync 1 DAGs
[2024-03-14T10:59:58.810+0000] {logging_mixin.py:188} INFO - [2024-03-14T10:59:58.810+0000] {dag.py:3834} INFO - Setting next_dagrun for example_branch_labels to 2024-03-13 00:00:00+00:00, run_after=2024-03-14 00:00:00+00:00
[2024-03-14T10:59:58.817+0000] {processor.py:183} INFO - Processing /home/airflow/.local/lib/python3.8/site-packages/airflow/example_dags/example_branch_labels.py took 0.033 seconds
[2024-03-14T11:00:29.165+0000] {processor.py:161} INFO - Started process (PID=565) to work on /home/airflow/.local/lib/python3.8/site-packages/airflow/example_dags/example_branch_labels.py
[2024-03-14T11:00:29.166+0000] {processor.py:830} INFO - Processing file /home/airflow/.local/lib/python3.8/site-packages/airflow/example_dags/example_branch_labels.py for tasks to queue
[2024-03-14T11:00:29.169+0000] {logging_mixin.py:188} INFO - [2024-03-14T11:00:29.169+0000] {dagbag.py:540} INFO - Filling up the DagBag from /home/airflow/.local/lib/python3.8/site-packages/airflow/example_dags/example_branch_labels.py
[2024-03-14T11:00:29.173+0000] {processor.py:840} INFO - DAG(s) 'example_branch_labels' retrieved from /home/airflow/.local/lib/python3.8/site-packages/airflow/example_dags/example_branch_labels.py
[2024-03-14T11:00:29.182+0000] {logging_mixin.py:188} INFO - [2024-03-14T11:00:29.182+0000] {dag.py:3047} INFO - Sync 1 DAGs
[2024-03-14T11:00:29.191+0000] {logging_mixin.py:188} INFO - [2024-03-14T11:00:29.191+0000] {dag.py:3834} INFO - Setting next_dagrun for example_branch_labels to 2024-03-13 00:00:00+00:00, run_after=2024-03-14 00:00:00+00:00
[2024-03-14T11:00:29.199+0000] {processor.py:183} INFO - Processing /home/airflow/.local/lib/python3.8/site-packages/airflow/example_dags/example_branch_labels.py took 0.035 seconds
[2024-03-14T11:00:59.638+0000] {processor.py:161} INFO - Started process (PID=620) to work on /home/airflow/.local/lib/python3.8/site-packages/airflow/example_dags/example_branch_labels.py
[2024-03-14T11:00:59.638+0000] {processor.py:830} INFO - Processing file /home/airflow/.local/lib/python3.8/site-packages/airflow/example_dags/example_branch_labels.py for tasks to queue
[2024-03-14T11:00:59.639+0000] {logging_mixin.py:188} INFO - [2024-03-14T11:00:59.639+0000] {dagbag.py:540} INFO - Filling up the DagBag from /home/airflow/.local/lib/python3.8/site-packages/airflow/example_dags/example_branch_labels.py
[2024-03-14T11:00:59.643+0000] {processor.py:840} INFO - DAG(s) 'example_branch_labels' retrieved from /home/airflow/.local/lib/python3.8/site-packages/airflow/example_dags/example_branch_labels.py
[2024-03-14T11:00:59.653+0000] {logging_mixin.py:188} INFO - [2024-03-14T11:00:59.653+0000] {dag.py:3047} INFO - Sync 1 DAGs
[2024-03-14T11:00:59.664+0000] {logging_mixin.py:188} INFO - [2024-03-14T11:00:59.664+0000] {dag.py:3834} INFO - Setting next_dagrun for example_branch_labels to 2024-03-13 00:00:00+00:00, run_after=2024-03-14 00:00:00+00:00
[2024-03-14T11:00:59.671+0000] {processor.py:183} INFO - Processing /home/airflow/.local/lib/python3.8/site-packages/airflow/example_dags/example_branch_labels.py took 0.035 seconds
[2024-03-14T11:01:30.196+0000] {processor.py:161} INFO - Started process (PID=674) to work on /home/airflow/.local/lib/python3.8/site-packages/airflow/example_dags/example_branch_labels.py
[2024-03-14T11:01:30.196+0000] {processor.py:830} INFO - Processing file /home/airflow/.local/lib/python3.8/site-packages/airflow/example_dags/example_branch_labels.py for tasks to queue
[2024-03-14T11:01:30.197+0000] {logging_mixin.py:188} INFO - [2024-03-14T11:01:30.197+0000] {dagbag.py:540} INFO - Filling up the DagBag from /home/airflow/.local/lib/python3.8/site-packages/airflow/example_dags/example_branch_labels.py
[2024-03-14T11:01:30.202+0000] {processor.py:840} INFO - DAG(s) 'example_branch_labels' retrieved from /home/airflow/.local/lib/python3.8/site-packages/airflow/example_dags/example_branch_labels.py
[2024-03-14T11:01:30.213+0000] {logging_mixin.py:188} INFO - [2024-03-14T11:01:30.213+0000] {dag.py:3047} INFO - Sync 1 DAGs
[2024-03-14T11:01:30.223+0000] {logging_mixin.py:188} INFO - [2024-03-14T11:01:30.222+0000] {dag.py:3834} INFO - Setting next_dagrun for example_branch_labels to 2024-03-13 00:00:00+00:00, run_after=2024-03-14 00:00:00+00:00
[2024-03-14T11:01:30.230+0000] {processor.py:183} INFO - Processing /home/airflow/.local/lib/python3.8/site-packages/airflow/example_dags/example_branch_labels.py took 0.036 seconds
[2024-03-14T11:02:00.709+0000] {processor.py:161} INFO - Started process (PID=729) to work on /home/airflow/.local/lib/python3.8/site-packages/airflow/example_dags/example_branch_labels.py
[2024-03-14T11:02:00.711+0000] {processor.py:830} INFO - Processing file /home/airflow/.local/lib/python3.8/site-packages/airflow/example_dags/example_branch_labels.py for tasks to queue
[2024-03-14T11:02:00.714+0000] {logging_mixin.py:188} INFO - [2024-03-14T11:02:00.714+0000] {dagbag.py:540} INFO - Filling up the DagBag from /home/airflow/.local/lib/python3.8/site-packages/airflow/example_dags/example_branch_labels.py
[2024-03-14T11:02:00.718+0000] {processor.py:840} INFO - DAG(s) 'example_branch_labels' retrieved from /home/airflow/.local/lib/python3.8/site-packages/airflow/example_dags/example_branch_labels.py
[2024-03-14T11:02:00.727+0000] {logging_mixin.py:188} INFO - [2024-03-14T11:02:00.726+0000] {dag.py:3047} INFO - Sync 1 DAGs
[2024-03-14T11:02:00.736+0000] {logging_mixin.py:188} INFO - [2024-03-14T11:02:00.736+0000] {dag.py:3834} INFO - Setting next_dagrun for example_branch_labels to 2024-03-13 00:00:00+00:00, run_after=2024-03-14 00:00:00+00:00
[2024-03-14T11:02:00.743+0000] {processor.py:183} INFO - Processing /home/airflow/.local/lib/python3.8/site-packages/airflow/example_dags/example_branch_labels.py took 0.035 seconds
[2024-03-14T11:02:31.260+0000] {processor.py:161} INFO - Started process (PID=785) to work on /home/airflow/.local/lib/python3.8/site-packages/airflow/example_dags/example_branch_labels.py
[2024-03-14T11:02:31.261+0000] {processor.py:830} INFO - Processing file /home/airflow/.local/lib/python3.8/site-packages/airflow/example_dags/example_branch_labels.py for tasks to queue
[2024-03-14T11:02:31.262+0000] {logging_mixin.py:188} INFO - [2024-03-14T11:02:31.262+0000] {dagbag.py:540} INFO - Filling up the DagBag from /home/airflow/.local/lib/python3.8/site-packages/airflow/example_dags/example_branch_labels.py
[2024-03-14T11:02:31.266+0000] {processor.py:840} INFO - DAG(s) 'example_branch_labels' retrieved from /home/airflow/.local/lib/python3.8/site-packages/airflow/example_dags/example_branch_labels.py
[2024-03-14T11:02:31.275+0000] {logging_mixin.py:188} INFO - [2024-03-14T11:02:31.275+0000] {dag.py:3047} INFO - Sync 1 DAGs
[2024-03-14T11:02:31.285+0000] {logging_mixin.py:188} INFO - [2024-03-14T11:02:31.285+0000] {dag.py:3834} INFO - Setting next_dagrun for example_branch_labels to 2024-03-13 00:00:00+00:00, run_after=2024-03-14 00:00:00+00:00
[2024-03-14T11:02:31.292+0000] {processor.py:183} INFO - Processing /home/airflow/.local/lib/python3.8/site-packages/airflow/example_dags/example_branch_labels.py took 0.033 seconds
[2024-03-14T11:03:01.648+0000] {processor.py:161} INFO - Started process (PID=840) to work on /home/airflow/.local/lib/python3.8/site-packages/airflow/example_dags/example_branch_labels.py
[2024-03-14T11:03:01.649+0000] {processor.py:830} INFO - Processing file /home/airflow/.local/lib/python3.8/site-packages/airflow/example_dags/example_branch_labels.py for tasks to queue
[2024-03-14T11:03:01.651+0000] {logging_mixin.py:188} INFO - [2024-03-14T11:03:01.650+0000] {dagbag.py:540} INFO - Filling up the DagBag from /home/airflow/.local/lib/python3.8/site-packages/airflow/example_dags/example_branch_labels.py
[2024-03-14T11:03:01.658+0000] {processor.py:840} INFO - DAG(s) 'example_branch_labels' retrieved from /home/airflow/.local/lib/python3.8/site-packages/airflow/example_dags/example_branch_labels.py
[2024-03-14T11:03:01.672+0000] {logging_mixin.py:188} INFO - [2024-03-14T11:03:01.672+0000] {dag.py:3047} INFO - Sync 1 DAGs
[2024-03-14T11:03:01.683+0000] {logging_mixin.py:188} INFO - [2024-03-14T11:03:01.683+0000] {dag.py:3834} INFO - Setting next_dagrun for example_branch_labels to 2024-03-13 00:00:00+00:00, run_after=2024-03-14 00:00:00+00:00
[2024-03-14T11:03:01.690+0000] {processor.py:183} INFO - Processing /home/airflow/.local/lib/python3.8/site-packages/airflow/example_dags/example_branch_labels.py took 0.044 seconds
[2024-03-14T11:03:32.101+0000] {processor.py:161} INFO - Started process (PID=895) to work on /home/airflow/.local/lib/python3.8/site-packages/airflow/example_dags/example_branch_labels.py
[2024-03-14T11:03:32.102+0000] {processor.py:830} INFO - Processing file /home/airflow/.local/lib/python3.8/site-packages/airflow/example_dags/example_branch_labels.py for tasks to queue
[2024-03-14T11:03:32.102+0000] {logging_mixin.py:188} INFO - [2024-03-14T11:03:32.102+0000] {dagbag.py:540} INFO - Filling up the DagBag from /home/airflow/.local/lib/python3.8/site-packages/airflow/example_dags/example_branch_labels.py
[2024-03-14T11:03:32.106+0000] {processor.py:840} INFO - DAG(s) 'example_branch_labels' retrieved from /home/airflow/.local/lib/python3.8/site-packages/airflow/example_dags/example_branch_labels.py
[2024-03-14T11:03:32.116+0000] {logging_mixin.py:188} INFO - [2024-03-14T11:03:32.116+0000] {dag.py:3047} INFO - Sync 1 DAGs
[2024-03-14T11:03:32.126+0000] {logging_mixin.py:188} INFO - [2024-03-14T11:03:32.126+0000] {dag.py:3834} INFO - Setting next_dagrun for example_branch_labels to 2024-03-13 00:00:00+00:00, run_after=2024-03-14 00:00:00+00:00
[2024-03-14T11:03:32.133+0000] {processor.py:183} INFO - Processing /home/airflow/.local/lib/python3.8/site-packages/airflow/example_dags/example_branch_labels.py took 0.034 seconds
[2024-03-14T11:04:02.488+0000] {processor.py:161} INFO - Started process (PID=950) to work on /home/airflow/.local/lib/python3.8/site-packages/airflow/example_dags/example_branch_labels.py
[2024-03-14T11:04:02.488+0000] {processor.py:830} INFO - Processing file /home/airflow/.local/lib/python3.8/site-packages/airflow/example_dags/example_branch_labels.py for tasks to queue
[2024-03-14T11:04:02.489+0000] {logging_mixin.py:188} INFO - [2024-03-14T11:04:02.489+0000] {dagbag.py:540} INFO - Filling up the DagBag from /home/airflow/.local/lib/python3.8/site-packages/airflow/example_dags/example_branch_labels.py
[2024-03-14T11:04:02.493+0000] {processor.py:840} INFO - DAG(s) 'example_branch_labels' retrieved from /home/airflow/.local/lib/python3.8/site-packages/airflow/example_dags/example_branch_labels.py
[2024-03-14T11:04:02.502+0000] {logging_mixin.py:188} INFO - [2024-03-14T11:04:02.502+0000] {dag.py:3047} INFO - Sync 1 DAGs
[2024-03-14T11:04:02.512+0000] {logging_mixin.py:188} INFO - [2024-03-14T11:04:02.511+0000] {dag.py:3834} INFO - Setting next_dagrun for example_branch_labels to 2024-03-13 00:00:00+00:00, run_after=2024-03-14 00:00:00+00:00
[2024-03-14T11:04:02.518+0000] {processor.py:183} INFO - Processing /home/airflow/.local/lib/python3.8/site-packages/airflow/example_dags/example_branch_labels.py took 0.032 seconds
[2024-03-14T11:04:33.019+0000] {processor.py:161} INFO - Started process (PID=1005) to work on /home/airflow/.local/lib/python3.8/site-packages/airflow/example_dags/example_branch_labels.py
[2024-03-14T11:04:33.019+0000] {processor.py:830} INFO - Processing file /home/airflow/.local/lib/python3.8/site-packages/airflow/example_dags/example_branch_labels.py for tasks to queue
[2024-03-14T11:04:33.020+0000] {logging_mixin.py:188} INFO - [2024-03-14T11:04:33.020+0000] {dagbag.py:540} INFO - Filling up the DagBag from /home/airflow/.local/lib/python3.8/site-packages/airflow/example_dags/example_branch_labels.py
[2024-03-14T11:04:33.024+0000] {processor.py:840} INFO - DAG(s) 'example_branch_labels' retrieved from /home/airflow/.local/lib/python3.8/site-packages/airflow/example_dags/example_branch_labels.py
[2024-03-14T11:04:33.033+0000] {logging_mixin.py:188} INFO - [2024-03-14T11:04:33.033+0000] {dag.py:3047} INFO - Sync 1 DAGs
[2024-03-14T11:04:33.043+0000] {logging_mixin.py:188} INFO - [2024-03-14T11:04:33.043+0000] {dag.py:3834} INFO - Setting next_dagrun for example_branch_labels to 2024-03-13 00:00:00+00:00, run_after=2024-03-14 00:00:00+00:00
[2024-03-14T11:04:33.050+0000] {processor.py:183} INFO - Processing /home/airflow/.local/lib/python3.8/site-packages/airflow/example_dags/example_branch_labels.py took 0.033 seconds
[2024-03-14T11:05:03.437+0000] {processor.py:161} INFO - Started process (PID=1060) to work on /home/airflow/.local/lib/python3.8/site-packages/airflow/example_dags/example_branch_labels.py
[2024-03-14T11:05:03.437+0000] {processor.py:830} INFO - Processing file /home/airflow/.local/lib/python3.8/site-packages/airflow/example_dags/example_branch_labels.py for tasks to queue
[2024-03-14T11:05:03.438+0000] {logging_mixin.py:188} INFO - [2024-03-14T11:05:03.438+0000] {dagbag.py:540} INFO - Filling up the DagBag from /home/airflow/.local/lib/python3.8/site-packages/airflow/example_dags/example_branch_labels.py
[2024-03-14T11:05:03.442+0000] {processor.py:840} INFO - DAG(s) 'example_branch_labels' retrieved from /home/airflow/.local/lib/python3.8/site-packages/airflow/example_dags/example_branch_labels.py
[2024-03-14T11:05:03.452+0000] {logging_mixin.py:188} INFO - [2024-03-14T11:05:03.451+0000] {dag.py:3047} INFO - Sync 1 DAGs
[2024-03-14T11:05:03.461+0000] {logging_mixin.py:188} INFO - [2024-03-14T11:05:03.461+0000] {dag.py:3834} INFO - Setting next_dagrun for example_branch_labels to 2024-03-13 00:00:00+00:00, run_after=2024-03-14 00:00:00+00:00
[2024-03-14T11:05:03.467+0000] {processor.py:183} INFO - Processing /home/airflow/.local/lib/python3.8/site-packages/airflow/example_dags/example_branch_labels.py took 0.032 seconds
[2024-03-14T11:05:33.833+0000] {processor.py:161} INFO - Started process (PID=1115) to work on /home/airflow/.local/lib/python3.8/site-packages/airflow/example_dags/example_branch_labels.py
[2024-03-14T11:05:33.834+0000] {processor.py:830} INFO - Processing file /home/airflow/.local/lib/python3.8/site-packages/airflow/example_dags/example_branch_labels.py for tasks to queue
[2024-03-14T11:05:33.836+0000] {logging_mixin.py:188} INFO - [2024-03-14T11:05:33.836+0000] {dagbag.py:540} INFO - Filling up the DagBag from /home/airflow/.local/lib/python3.8/site-packages/airflow/example_dags/example_branch_labels.py
[2024-03-14T11:05:33.840+0000] {processor.py:840} INFO - DAG(s) 'example_branch_labels' retrieved from /home/airflow/.local/lib/python3.8/site-packages/airflow/example_dags/example_branch_labels.py
[2024-03-14T11:05:33.849+0000] {logging_mixin.py:188} INFO - [2024-03-14T11:05:33.849+0000] {dag.py:3047} INFO - Sync 1 DAGs
[2024-03-14T11:05:33.858+0000] {logging_mixin.py:188} INFO - [2024-03-14T11:05:33.858+0000] {dag.py:3834} INFO - Setting next_dagrun for example_branch_labels to 2024-03-13 00:00:00+00:00, run_after=2024-03-14 00:00:00+00:00
[2024-03-14T11:05:33.865+0000] {processor.py:183} INFO - Processing /home/airflow/.local/lib/python3.8/site-packages/airflow/example_dags/example_branch_labels.py took 0.034 seconds
[2024-03-14T11:06:04.338+0000] {processor.py:161} INFO - Started process (PID=1170) to work on /home/airflow/.local/lib/python3.8/site-packages/airflow/example_dags/example_branch_labels.py
[2024-03-14T11:06:04.340+0000] {processor.py:830} INFO - Processing file /home/airflow/.local/lib/python3.8/site-packages/airflow/example_dags/example_branch_labels.py for tasks to queue
[2024-03-14T11:06:04.341+0000] {logging_mixin.py:188} INFO - [2024-03-14T11:06:04.341+0000] {dagbag.py:540} INFO - Filling up the DagBag from /home/airflow/.local/lib/python3.8/site-packages/airflow/example_dags/example_branch_labels.py
[2024-03-14T11:06:04.345+0000] {processor.py:840} INFO - DAG(s) 'example_branch_labels' retrieved from /home/airflow/.local/lib/python3.8/site-packages/airflow/example_dags/example_branch_labels.py
[2024-03-14T11:06:04.354+0000] {logging_mixin.py:188} INFO - [2024-03-14T11:06:04.354+0000] {dag.py:3047} INFO - Sync 1 DAGs
[2024-03-14T11:06:04.363+0000] {logging_mixin.py:188} INFO - [2024-03-14T11:06:04.363+0000] {dag.py:3834} INFO - Setting next_dagrun for example_branch_labels to 2024-03-13 00:00:00+00:00, run_after=2024-03-14 00:00:00+00:00
[2024-03-14T11:06:04.370+0000] {processor.py:183} INFO - Processing /home/airflow/.local/lib/python3.8/site-packages/airflow/example_dags/example_branch_labels.py took 0.034 seconds
[2024-03-14T11:06:34.719+0000] {processor.py:161} INFO - Started process (PID=1225) to work on /home/airflow/.local/lib/python3.8/site-packages/airflow/example_dags/example_branch_labels.py
[2024-03-14T11:06:34.720+0000] {processor.py:830} INFO - Processing file /home/airflow/.local/lib/python3.8/site-packages/airflow/example_dags/example_branch_labels.py for tasks to queue
[2024-03-14T11:06:34.721+0000] {logging_mixin.py:188} INFO - [2024-03-14T11:06:34.721+0000] {dagbag.py:540} INFO - Filling up the DagBag from /home/airflow/.local/lib/python3.8/site-packages/airflow/example_dags/example_branch_labels.py
[2024-03-14T11:06:34.725+0000] {processor.py:840} INFO - DAG(s) 'example_branch_labels' retrieved from /home/airflow/.local/lib/python3.8/site-packages/airflow/example_dags/example_branch_labels.py
[2024-03-14T11:06:34.734+0000] {logging_mixin.py:188} INFO - [2024-03-14T11:06:34.734+0000] {dag.py:3047} INFO - Sync 1 DAGs
[2024-03-14T11:06:34.743+0000] {logging_mixin.py:188} INFO - [2024-03-14T11:06:34.743+0000] {dag.py:3834} INFO - Setting next_dagrun for example_branch_labels to 2024-03-13 00:00:00+00:00, run_after=2024-03-14 00:00:00+00:00
[2024-03-14T11:06:34.750+0000] {processor.py:183} INFO - Processing /home/airflow/.local/lib/python3.8/site-packages/airflow/example_dags/example_branch_labels.py took 0.032 seconds
[2024-03-14T11:07:05.132+0000] {processor.py:161} INFO - Started process (PID=1279) to work on /home/airflow/.local/lib/python3.8/site-packages/airflow/example_dags/example_branch_labels.py
[2024-03-14T11:07:05.133+0000] {processor.py:830} INFO - Processing file /home/airflow/.local/lib/python3.8/site-packages/airflow/example_dags/example_branch_labels.py for tasks to queue
[2024-03-14T11:07:05.135+0000] {logging_mixin.py:188} INFO - [2024-03-14T11:07:05.135+0000] {dagbag.py:540} INFO - Filling up the DagBag from /home/airflow/.local/lib/python3.8/site-packages/airflow/example_dags/example_branch_labels.py
[2024-03-14T11:07:05.139+0000] {processor.py:840} INFO - DAG(s) 'example_branch_labels' retrieved from /home/airflow/.local/lib/python3.8/site-packages/airflow/example_dags/example_branch_labels.py
[2024-03-14T11:07:05.148+0000] {logging_mixin.py:188} INFO - [2024-03-14T11:07:05.148+0000] {dag.py:3047} INFO - Sync 1 DAGs
[2024-03-14T11:07:05.157+0000] {logging_mixin.py:188} INFO - [2024-03-14T11:07:05.157+0000] {dag.py:3834} INFO - Setting next_dagrun for example_branch_labels to 2024-03-13 00:00:00+00:00, run_after=2024-03-14 00:00:00+00:00
[2024-03-14T11:07:05.164+0000] {processor.py:183} INFO - Processing /home/airflow/.local/lib/python3.8/site-packages/airflow/example_dags/example_branch_labels.py took 0.033 seconds
[2024-03-14T11:07:35.566+0000] {processor.py:161} INFO - Started process (PID=1334) to work on /home/airflow/.local/lib/python3.8/site-packages/airflow/example_dags/example_branch_labels.py
[2024-03-14T11:07:35.567+0000] {processor.py:830} INFO - Processing file /home/airflow/.local/lib/python3.8/site-packages/airflow/example_dags/example_branch_labels.py for tasks to queue
[2024-03-14T11:07:35.570+0000] {logging_mixin.py:188} INFO - [2024-03-14T11:07:35.569+0000] {dagbag.py:540} INFO - Filling up the DagBag from /home/airflow/.local/lib/python3.8/site-packages/airflow/example_dags/example_branch_labels.py
[2024-03-14T11:07:35.573+0000] {processor.py:840} INFO - DAG(s) 'example_branch_labels' retrieved from /home/airflow/.local/lib/python3.8/site-packages/airflow/example_dags/example_branch_labels.py
[2024-03-14T11:07:35.582+0000] {logging_mixin.py:188} INFO - [2024-03-14T11:07:35.582+0000] {dag.py:3047} INFO - Sync 1 DAGs
[2024-03-14T11:07:35.591+0000] {logging_mixin.py:188} INFO - [2024-03-14T11:07:35.591+0000] {dag.py:3834} INFO - Setting next_dagrun for example_branch_labels to 2024-03-13 00:00:00+00:00, run_after=2024-03-14 00:00:00+00:00
[2024-03-14T11:07:35.599+0000] {processor.py:183} INFO - Processing /home/airflow/.local/lib/python3.8/site-packages/airflow/example_dags/example_branch_labels.py took 0.034 seconds
[2024-03-14T11:08:05.904+0000] {processor.py:161} INFO - Started process (PID=1389) to work on /home/airflow/.local/lib/python3.8/site-packages/airflow/example_dags/example_branch_labels.py
[2024-03-14T11:08:05.904+0000] {processor.py:830} INFO - Processing file /home/airflow/.local/lib/python3.8/site-packages/airflow/example_dags/example_branch_labels.py for tasks to queue
[2024-03-14T11:08:05.905+0000] {logging_mixin.py:188} INFO - [2024-03-14T11:08:05.905+0000] {dagbag.py:540} INFO - Filling up the DagBag from /home/airflow/.local/lib/python3.8/site-packages/airflow/example_dags/example_branch_labels.py
[2024-03-14T11:08:05.909+0000] {processor.py:840} INFO - DAG(s) 'example_branch_labels' retrieved from /home/airflow/.local/lib/python3.8/site-packages/airflow/example_dags/example_branch_labels.py
[2024-03-14T11:08:05.919+0000] {logging_mixin.py:188} INFO - [2024-03-14T11:08:05.919+0000] {dag.py:3047} INFO - Sync 1 DAGs
[2024-03-14T11:08:05.928+0000] {logging_mixin.py:188} INFO - [2024-03-14T11:08:05.928+0000] {dag.py:3834} INFO - Setting next_dagrun for example_branch_labels to 2024-03-13 00:00:00+00:00, run_after=2024-03-14 00:00:00+00:00
[2024-03-14T11:08:05.935+0000] {processor.py:183} INFO - Processing /home/airflow/.local/lib/python3.8/site-packages/airflow/example_dags/example_branch_labels.py took 0.033 seconds
[2024-03-14T11:08:36.176+0000] {processor.py:161} INFO - Started process (PID=1444) to work on /home/airflow/.local/lib/python3.8/site-packages/airflow/example_dags/example_branch_labels.py
[2024-03-14T11:08:36.177+0000] {processor.py:830} INFO - Processing file /home/airflow/.local/lib/python3.8/site-packages/airflow/example_dags/example_branch_labels.py for tasks to queue
[2024-03-14T11:08:36.178+0000] {logging_mixin.py:188} INFO - [2024-03-14T11:08:36.178+0000] {dagbag.py:540} INFO - Filling up the DagBag from /home/airflow/.local/lib/python3.8/site-packages/airflow/example_dags/example_branch_labels.py
[2024-03-14T11:08:36.182+0000] {processor.py:840} INFO - DAG(s) 'example_branch_labels' retrieved from /home/airflow/.local/lib/python3.8/site-packages/airflow/example_dags/example_branch_labels.py
[2024-03-14T11:08:36.191+0000] {logging_mixin.py:188} INFO - [2024-03-14T11:08:36.191+0000] {dag.py:3047} INFO - Sync 1 DAGs
[2024-03-14T11:08:36.200+0000] {logging_mixin.py:188} INFO - [2024-03-14T11:08:36.200+0000] {dag.py:3834} INFO - Setting next_dagrun for example_branch_labels to 2024-03-13 00:00:00+00:00, run_after=2024-03-14 00:00:00+00:00
[2024-03-14T11:08:36.207+0000] {processor.py:183} INFO - Processing /home/airflow/.local/lib/python3.8/site-packages/airflow/example_dags/example_branch_labels.py took 0.032 seconds
[2024-03-14T11:09:06.578+0000] {processor.py:161} INFO - Started process (PID=1499) to work on /home/airflow/.local/lib/python3.8/site-packages/airflow/example_dags/example_branch_labels.py
[2024-03-14T11:09:06.579+0000] {processor.py:830} INFO - Processing file /home/airflow/.local/lib/python3.8/site-packages/airflow/example_dags/example_branch_labels.py for tasks to queue
[2024-03-14T11:09:06.580+0000] {logging_mixin.py:188} INFO - [2024-03-14T11:09:06.580+0000] {dagbag.py:540} INFO - Filling up the DagBag from /home/airflow/.local/lib/python3.8/site-packages/airflow/example_dags/example_branch_labels.py
[2024-03-14T11:09:06.584+0000] {processor.py:840} INFO - DAG(s) 'example_branch_labels' retrieved from /home/airflow/.local/lib/python3.8/site-packages/airflow/example_dags/example_branch_labels.py
[2024-03-14T11:09:06.593+0000] {logging_mixin.py:188} INFO - [2024-03-14T11:09:06.593+0000] {dag.py:3047} INFO - Sync 1 DAGs
[2024-03-14T11:09:06.603+0000] {logging_mixin.py:188} INFO - [2024-03-14T11:09:06.603+0000] {dag.py:3834} INFO - Setting next_dagrun for example_branch_labels to 2024-03-13 00:00:00+00:00, run_after=2024-03-14 00:00:00+00:00
[2024-03-14T11:09:06.610+0000] {processor.py:183} INFO - Processing /home/airflow/.local/lib/python3.8/site-packages/airflow/example_dags/example_branch_labels.py took 0.033 seconds
[2024-03-14T11:09:36.936+0000] {processor.py:161} INFO - Started process (PID=1554) to work on /home/airflow/.local/lib/python3.8/site-packages/airflow/example_dags/example_branch_labels.py
[2024-03-14T11:09:36.937+0000] {processor.py:830} INFO - Processing file /home/airflow/.local/lib/python3.8/site-packages/airflow/example_dags/example_branch_labels.py for tasks to queue
[2024-03-14T11:09:36.938+0000] {logging_mixin.py:188} INFO - [2024-03-14T11:09:36.938+0000] {dagbag.py:540} INFO - Filling up the DagBag from /home/airflow/.local/lib/python3.8/site-packages/airflow/example_dags/example_branch_labels.py
[2024-03-14T11:09:36.942+0000] {processor.py:840} INFO - DAG(s) 'example_branch_labels' retrieved from /home/airflow/.local/lib/python3.8/site-packages/airflow/example_dags/example_branch_labels.py
[2024-03-14T11:09:36.951+0000] {logging_mixin.py:188} INFO - [2024-03-14T11:09:36.951+0000] {dag.py:3047} INFO - Sync 1 DAGs
[2024-03-14T11:09:36.961+0000] {logging_mixin.py:188} INFO - [2024-03-14T11:09:36.961+0000] {dag.py:3834} INFO - Setting next_dagrun for example_branch_labels to 2024-03-13 00:00:00+00:00, run_after=2024-03-14 00:00:00+00:00
[2024-03-14T11:09:36.968+0000] {processor.py:183} INFO - Processing /home/airflow/.local/lib/python3.8/site-packages/airflow/example_dags/example_branch_labels.py took 0.033 seconds
[2024-03-14T11:10:07.350+0000] {processor.py:161} INFO - Started process (PID=1608) to work on /home/airflow/.local/lib/python3.8/site-packages/airflow/example_dags/example_branch_labels.py
[2024-03-14T11:10:07.350+0000] {processor.py:830} INFO - Processing file /home/airflow/.local/lib/python3.8/site-packages/airflow/example_dags/example_branch_labels.py for tasks to queue
[2024-03-14T11:10:07.351+0000] {logging_mixin.py:188} INFO - [2024-03-14T11:10:07.351+0000] {dagbag.py:540} INFO - Filling up the DagBag from /home/airflow/.local/lib/python3.8/site-packages/airflow/example_dags/example_branch_labels.py
[2024-03-14T11:10:07.355+0000] {processor.py:840} INFO - DAG(s) 'example_branch_labels' retrieved from /home/airflow/.local/lib/python3.8/site-packages/airflow/example_dags/example_branch_labels.py
[2024-03-14T11:10:07.364+0000] {logging_mixin.py:188} INFO - [2024-03-14T11:10:07.364+0000] {dag.py:3047} INFO - Sync 1 DAGs
[2024-03-14T11:10:07.374+0000] {logging_mixin.py:188} INFO - [2024-03-14T11:10:07.374+0000] {dag.py:3834} INFO - Setting next_dagrun for example_branch_labels to 2024-03-13 00:00:00+00:00, run_after=2024-03-14 00:00:00+00:00
[2024-03-14T11:10:07.381+0000] {processor.py:183} INFO - Processing /home/airflow/.local/lib/python3.8/site-packages/airflow/example_dags/example_branch_labels.py took 0.033 seconds
[2024-03-14T11:10:37.765+0000] {processor.py:161} INFO - Started process (PID=1663) to work on /home/airflow/.local/lib/python3.8/site-packages/airflow/example_dags/example_branch_labels.py
[2024-03-14T11:10:37.766+0000] {processor.py:830} INFO - Processing file /home/airflow/.local/lib/python3.8/site-packages/airflow/example_dags/example_branch_labels.py for tasks to queue
[2024-03-14T11:10:37.767+0000] {logging_mixin.py:188} INFO - [2024-03-14T11:10:37.766+0000] {dagbag.py:540} INFO - Filling up the DagBag from /home/airflow/.local/lib/python3.8/site-packages/airflow/example_dags/example_branch_labels.py
[2024-03-14T11:10:37.771+0000] {processor.py:840} INFO - DAG(s) 'example_branch_labels' retrieved from /home/airflow/.local/lib/python3.8/site-packages/airflow/example_dags/example_branch_labels.py
[2024-03-14T11:10:37.780+0000] {logging_mixin.py:188} INFO - [2024-03-14T11:10:37.780+0000] {dag.py:3047} INFO - Sync 1 DAGs
[2024-03-14T11:10:37.789+0000] {logging_mixin.py:188} INFO - [2024-03-14T11:10:37.789+0000] {dag.py:3834} INFO - Setting next_dagrun for example_branch_labels to 2024-03-13 00:00:00+00:00, run_after=2024-03-14 00:00:00+00:00
[2024-03-14T11:10:37.796+0000] {processor.py:183} INFO - Processing /home/airflow/.local/lib/python3.8/site-packages/airflow/example_dags/example_branch_labels.py took 0.032 seconds
[2024-03-14T11:11:08.172+0000] {processor.py:161} INFO - Started process (PID=1718) to work on /home/airflow/.local/lib/python3.8/site-packages/airflow/example_dags/example_branch_labels.py
[2024-03-14T11:11:08.173+0000] {processor.py:830} INFO - Processing file /home/airflow/.local/lib/python3.8/site-packages/airflow/example_dags/example_branch_labels.py for tasks to queue
[2024-03-14T11:11:08.175+0000] {logging_mixin.py:188} INFO - [2024-03-14T11:11:08.175+0000] {dagbag.py:540} INFO - Filling up the DagBag from /home/airflow/.local/lib/python3.8/site-packages/airflow/example_dags/example_branch_labels.py
[2024-03-14T11:11:08.179+0000] {processor.py:840} INFO - DAG(s) 'example_branch_labels' retrieved from /home/airflow/.local/lib/python3.8/site-packages/airflow/example_dags/example_branch_labels.py
[2024-03-14T11:11:08.188+0000] {logging_mixin.py:188} INFO - [2024-03-14T11:11:08.188+0000] {dag.py:3047} INFO - Sync 1 DAGs
[2024-03-14T11:11:08.197+0000] {logging_mixin.py:188} INFO - [2024-03-14T11:11:08.197+0000] {dag.py:3834} INFO - Setting next_dagrun for example_branch_labels to 2024-03-13 00:00:00+00:00, run_after=2024-03-14 00:00:00+00:00
[2024-03-14T11:11:08.204+0000] {processor.py:183} INFO - Processing /home/airflow/.local/lib/python3.8/site-packages/airflow/example_dags/example_branch_labels.py took 0.033 seconds
[2024-03-14T11:11:38.549+0000] {processor.py:161} INFO - Started process (PID=1772) to work on /home/airflow/.local/lib/python3.8/site-packages/airflow/example_dags/example_branch_labels.py
[2024-03-14T11:11:38.550+0000] {processor.py:830} INFO - Processing file /home/airflow/.local/lib/python3.8/site-packages/airflow/example_dags/example_branch_labels.py for tasks to queue
[2024-03-14T11:11:38.551+0000] {logging_mixin.py:188} INFO - [2024-03-14T11:11:38.551+0000] {dagbag.py:540} INFO - Filling up the DagBag from /home/airflow/.local/lib/python3.8/site-packages/airflow/example_dags/example_branch_labels.py
[2024-03-14T11:11:38.555+0000] {processor.py:840} INFO - DAG(s) 'example_branch_labels' retrieved from /home/airflow/.local/lib/python3.8/site-packages/airflow/example_dags/example_branch_labels.py
[2024-03-14T11:11:38.566+0000] {logging_mixin.py:188} INFO - [2024-03-14T11:11:38.565+0000] {dag.py:3047} INFO - Sync 1 DAGs
[2024-03-14T11:11:38.575+0000] {logging_mixin.py:188} INFO - [2024-03-14T11:11:38.575+0000] {dag.py:3834} INFO - Setting next_dagrun for example_branch_labels to 2024-03-13 00:00:00+00:00, run_after=2024-03-14 00:00:00+00:00
[2024-03-14T11:11:38.582+0000] {processor.py:183} INFO - Processing /home/airflow/.local/lib/python3.8/site-packages/airflow/example_dags/example_branch_labels.py took 0.034 seconds
[2024-03-14T11:12:09.048+0000] {processor.py:161} INFO - Started process (PID=1827) to work on /home/airflow/.local/lib/python3.8/site-packages/airflow/example_dags/example_branch_labels.py
[2024-03-14T11:12:09.049+0000] {processor.py:830} INFO - Processing file /home/airflow/.local/lib/python3.8/site-packages/airflow/example_dags/example_branch_labels.py for tasks to queue
[2024-03-14T11:12:09.050+0000] {logging_mixin.py:188} INFO - [2024-03-14T11:12:09.050+0000] {dagbag.py:540} INFO - Filling up the DagBag from /home/airflow/.local/lib/python3.8/site-packages/airflow/example_dags/example_branch_labels.py
[2024-03-14T11:12:09.053+0000] {processor.py:840} INFO - DAG(s) 'example_branch_labels' retrieved from /home/airflow/.local/lib/python3.8/site-packages/airflow/example_dags/example_branch_labels.py
[2024-03-14T11:12:09.063+0000] {logging_mixin.py:188} INFO - [2024-03-14T11:12:09.063+0000] {dag.py:3047} INFO - Sync 1 DAGs
[2024-03-14T11:12:09.072+0000] {logging_mixin.py:188} INFO - [2024-03-14T11:12:09.072+0000] {dag.py:3834} INFO - Setting next_dagrun for example_branch_labels to 2024-03-13 00:00:00+00:00, run_after=2024-03-14 00:00:00+00:00
[2024-03-14T11:12:09.079+0000] {processor.py:183} INFO - Processing /home/airflow/.local/lib/python3.8/site-packages/airflow/example_dags/example_branch_labels.py took 0.032 seconds
[2024-03-14T11:12:39.472+0000] {processor.py:161} INFO - Started process (PID=1882) to work on /home/airflow/.local/lib/python3.8/site-packages/airflow/example_dags/example_branch_labels.py
[2024-03-14T11:12:39.472+0000] {processor.py:830} INFO - Processing file /home/airflow/.local/lib/python3.8/site-packages/airflow/example_dags/example_branch_labels.py for tasks to queue
[2024-03-14T11:12:39.473+0000] {logging_mixin.py:188} INFO - [2024-03-14T11:12:39.473+0000] {dagbag.py:540} INFO - Filling up the DagBag from /home/airflow/.local/lib/python3.8/site-packages/airflow/example_dags/example_branch_labels.py
[2024-03-14T11:12:39.477+0000] {processor.py:840} INFO - DAG(s) 'example_branch_labels' retrieved from /home/airflow/.local/lib/python3.8/site-packages/airflow/example_dags/example_branch_labels.py
[2024-03-14T11:12:39.487+0000] {logging_mixin.py:188} INFO - [2024-03-14T11:12:39.487+0000] {dag.py:3047} INFO - Sync 1 DAGs
[2024-03-14T11:12:39.497+0000] {logging_mixin.py:188} INFO - [2024-03-14T11:12:39.496+0000] {dag.py:3834} INFO - Setting next_dagrun for example_branch_labels to 2024-03-13 00:00:00+00:00, run_after=2024-03-14 00:00:00+00:00
[2024-03-14T11:12:39.503+0000] {processor.py:183} INFO - Processing /home/airflow/.local/lib/python3.8/site-packages/airflow/example_dags/example_branch_labels.py took 0.033 seconds
[2024-03-14T11:13:09.791+0000] {processor.py:161} INFO - Started process (PID=1936) to work on /home/airflow/.local/lib/python3.8/site-packages/airflow/example_dags/example_branch_labels.py
[2024-03-14T11:13:09.792+0000] {processor.py:830} INFO - Processing file /home/airflow/.local/lib/python3.8/site-packages/airflow/example_dags/example_branch_labels.py for tasks to queue
[2024-03-14T11:13:09.792+0000] {logging_mixin.py:188} INFO - [2024-03-14T11:13:09.792+0000] {dagbag.py:540} INFO - Filling up the DagBag from /home/airflow/.local/lib/python3.8/site-packages/airflow/example_dags/example_branch_labels.py
[2024-03-14T11:13:09.796+0000] {processor.py:840} INFO - DAG(s) 'example_branch_labels' retrieved from /home/airflow/.local/lib/python3.8/site-packages/airflow/example_dags/example_branch_labels.py
[2024-03-14T11:13:09.805+0000] {logging_mixin.py:188} INFO - [2024-03-14T11:13:09.805+0000] {dag.py:3047} INFO - Sync 1 DAGs
[2024-03-14T11:13:09.814+0000] {logging_mixin.py:188} INFO - [2024-03-14T11:13:09.814+0000] {dag.py:3834} INFO - Setting next_dagrun for example_branch_labels to 2024-03-13 00:00:00+00:00, run_after=2024-03-14 00:00:00+00:00
[2024-03-14T11:13:09.822+0000] {processor.py:183} INFO - Processing /home/airflow/.local/lib/python3.8/site-packages/airflow/example_dags/example_branch_labels.py took 0.032 seconds
[2024-03-14T11:13:40.147+0000] {processor.py:161} INFO - Started process (PID=1991) to work on /home/airflow/.local/lib/python3.8/site-packages/airflow/example_dags/example_branch_labels.py
[2024-03-14T11:13:40.148+0000] {processor.py:830} INFO - Processing file /home/airflow/.local/lib/python3.8/site-packages/airflow/example_dags/example_branch_labels.py for tasks to queue
[2024-03-14T11:13:40.149+0000] {logging_mixin.py:188} INFO - [2024-03-14T11:13:40.149+0000] {dagbag.py:540} INFO - Filling up the DagBag from /home/airflow/.local/lib/python3.8/site-packages/airflow/example_dags/example_branch_labels.py
[2024-03-14T11:13:40.153+0000] {processor.py:840} INFO - DAG(s) 'example_branch_labels' retrieved from /home/airflow/.local/lib/python3.8/site-packages/airflow/example_dags/example_branch_labels.py
[2024-03-14T11:13:40.162+0000] {logging_mixin.py:188} INFO - [2024-03-14T11:13:40.162+0000] {dag.py:3047} INFO - Sync 1 DAGs
[2024-03-14T11:13:40.171+0000] {logging_mixin.py:188} INFO - [2024-03-14T11:13:40.171+0000] {dag.py:3834} INFO - Setting next_dagrun for example_branch_labels to 2024-03-13 00:00:00+00:00, run_after=2024-03-14 00:00:00+00:00
[2024-03-14T11:13:40.178+0000] {processor.py:183} INFO - Processing /home/airflow/.local/lib/python3.8/site-packages/airflow/example_dags/example_branch_labels.py took 0.033 seconds
[2024-03-14T11:14:10.520+0000] {processor.py:161} INFO - Started process (PID=2046) to work on /home/airflow/.local/lib/python3.8/site-packages/airflow/example_dags/example_branch_labels.py
[2024-03-14T11:14:10.521+0000] {processor.py:830} INFO - Processing file /home/airflow/.local/lib/python3.8/site-packages/airflow/example_dags/example_branch_labels.py for tasks to queue
[2024-03-14T11:14:10.522+0000] {logging_mixin.py:188} INFO - [2024-03-14T11:14:10.522+0000] {dagbag.py:540} INFO - Filling up the DagBag from /home/airflow/.local/lib/python3.8/site-packages/airflow/example_dags/example_branch_labels.py
[2024-03-14T11:14:10.526+0000] {processor.py:840} INFO - DAG(s) 'example_branch_labels' retrieved from /home/airflow/.local/lib/python3.8/site-packages/airflow/example_dags/example_branch_labels.py
[2024-03-14T11:14:10.535+0000] {logging_mixin.py:188} INFO - [2024-03-14T11:14:10.535+0000] {dag.py:3047} INFO - Sync 1 DAGs
[2024-03-14T11:14:10.544+0000] {logging_mixin.py:188} INFO - [2024-03-14T11:14:10.544+0000] {dag.py:3834} INFO - Setting next_dagrun for example_branch_labels to 2024-03-13 00:00:00+00:00, run_after=2024-03-14 00:00:00+00:00
[2024-03-14T11:14:10.551+0000] {processor.py:183} INFO - Processing /home/airflow/.local/lib/python3.8/site-packages/airflow/example_dags/example_branch_labels.py took 0.033 seconds
[2024-03-14T11:14:40.898+0000] {processor.py:161} INFO - Started process (PID=2101) to work on /home/airflow/.local/lib/python3.8/site-packages/airflow/example_dags/example_branch_labels.py
[2024-03-14T11:14:40.899+0000] {processor.py:830} INFO - Processing file /home/airflow/.local/lib/python3.8/site-packages/airflow/example_dags/example_branch_labels.py for tasks to queue
[2024-03-14T11:14:40.899+0000] {logging_mixin.py:188} INFO - [2024-03-14T11:14:40.899+0000] {dagbag.py:540} INFO - Filling up the DagBag from /home/airflow/.local/lib/python3.8/site-packages/airflow/example_dags/example_branch_labels.py
[2024-03-14T11:14:40.903+0000] {processor.py:840} INFO - DAG(s) 'example_branch_labels' retrieved from /home/airflow/.local/lib/python3.8/site-packages/airflow/example_dags/example_branch_labels.py
[2024-03-14T11:14:40.913+0000] {logging_mixin.py:188} INFO - [2024-03-14T11:14:40.912+0000] {dag.py:3047} INFO - Sync 1 DAGs
[2024-03-14T11:14:40.922+0000] {logging_mixin.py:188} INFO - [2024-03-14T11:14:40.922+0000] {dag.py:3834} INFO - Setting next_dagrun for example_branch_labels to 2024-03-13 00:00:00+00:00, run_after=2024-03-14 00:00:00+00:00
[2024-03-14T11:14:40.928+0000] {processor.py:183} INFO - Processing /home/airflow/.local/lib/python3.8/site-packages/airflow/example_dags/example_branch_labels.py took 0.032 seconds
[2024-03-14T11:15:11.291+0000] {processor.py:161} INFO - Started process (PID=2156) to work on /home/airflow/.local/lib/python3.8/site-packages/airflow/example_dags/example_branch_labels.py
[2024-03-14T11:15:11.291+0000] {processor.py:830} INFO - Processing file /home/airflow/.local/lib/python3.8/site-packages/airflow/example_dags/example_branch_labels.py for tasks to queue
[2024-03-14T11:15:11.293+0000] {logging_mixin.py:188} INFO - [2024-03-14T11:15:11.293+0000] {dagbag.py:540} INFO - Filling up the DagBag from /home/airflow/.local/lib/python3.8/site-packages/airflow/example_dags/example_branch_labels.py
[2024-03-14T11:15:11.297+0000] {processor.py:840} INFO - DAG(s) 'example_branch_labels' retrieved from /home/airflow/.local/lib/python3.8/site-packages/airflow/example_dags/example_branch_labels.py
[2024-03-14T11:15:11.306+0000] {logging_mixin.py:188} INFO - [2024-03-14T11:15:11.306+0000] {dag.py:3047} INFO - Sync 1 DAGs
[2024-03-14T11:15:11.315+0000] {logging_mixin.py:188} INFO - [2024-03-14T11:15:11.315+0000] {dag.py:3834} INFO - Setting next_dagrun for example_branch_labels to 2024-03-13 00:00:00+00:00, run_after=2024-03-14 00:00:00+00:00
[2024-03-14T11:15:11.322+0000] {processor.py:183} INFO - Processing /home/airflow/.local/lib/python3.8/site-packages/airflow/example_dags/example_branch_labels.py took 0.034 seconds
[2024-03-14T11:15:41.701+0000] {processor.py:161} INFO - Started process (PID=2211) to work on /home/airflow/.local/lib/python3.8/site-packages/airflow/example_dags/example_branch_labels.py
[2024-03-14T11:15:41.703+0000] {processor.py:830} INFO - Processing file /home/airflow/.local/lib/python3.8/site-packages/airflow/example_dags/example_branch_labels.py for tasks to queue
[2024-03-14T11:15:41.704+0000] {logging_mixin.py:188} INFO - [2024-03-14T11:15:41.704+0000] {dagbag.py:540} INFO - Filling up the DagBag from /home/airflow/.local/lib/python3.8/site-packages/airflow/example_dags/example_branch_labels.py
[2024-03-14T11:15:41.708+0000] {processor.py:840} INFO - DAG(s) 'example_branch_labels' retrieved from /home/airflow/.local/lib/python3.8/site-packages/airflow/example_dags/example_branch_labels.py
[2024-03-14T11:15:41.717+0000] {logging_mixin.py:188} INFO - [2024-03-14T11:15:41.717+0000] {dag.py:3047} INFO - Sync 1 DAGs
[2024-03-14T11:15:41.726+0000] {logging_mixin.py:188} INFO - [2024-03-14T11:15:41.726+0000] {dag.py:3834} INFO - Setting next_dagrun for example_branch_labels to 2024-03-13 00:00:00+00:00, run_after=2024-03-14 00:00:00+00:00
[2024-03-14T11:15:41.733+0000] {processor.py:183} INFO - Processing /home/airflow/.local/lib/python3.8/site-packages/airflow/example_dags/example_branch_labels.py took 0.034 seconds
[2024-03-14T11:16:12.112+0000] {processor.py:161} INFO - Started process (PID=2265) to work on /home/airflow/.local/lib/python3.8/site-packages/airflow/example_dags/example_branch_labels.py
[2024-03-14T11:16:12.113+0000] {processor.py:830} INFO - Processing file /home/airflow/.local/lib/python3.8/site-packages/airflow/example_dags/example_branch_labels.py for tasks to queue
[2024-03-14T11:16:12.115+0000] {logging_mixin.py:188} INFO - [2024-03-14T11:16:12.115+0000] {dagbag.py:540} INFO - Filling up the DagBag from /home/airflow/.local/lib/python3.8/site-packages/airflow/example_dags/example_branch_labels.py
[2024-03-14T11:16:12.119+0000] {processor.py:840} INFO - DAG(s) 'example_branch_labels' retrieved from /home/airflow/.local/lib/python3.8/site-packages/airflow/example_dags/example_branch_labels.py
[2024-03-14T11:16:12.128+0000] {logging_mixin.py:188} INFO - [2024-03-14T11:16:12.128+0000] {dag.py:3047} INFO - Sync 1 DAGs
[2024-03-14T11:16:12.138+0000] {logging_mixin.py:188} INFO - [2024-03-14T11:16:12.138+0000] {dag.py:3834} INFO - Setting next_dagrun for example_branch_labels to 2024-03-13 00:00:00+00:00, run_after=2024-03-14 00:00:00+00:00
[2024-03-14T11:16:12.145+0000] {processor.py:183} INFO - Processing /home/airflow/.local/lib/python3.8/site-packages/airflow/example_dags/example_branch_labels.py took 0.034 seconds
[2024-03-14T11:16:42.524+0000] {processor.py:161} INFO - Started process (PID=2320) to work on /home/airflow/.local/lib/python3.8/site-packages/airflow/example_dags/example_branch_labels.py
[2024-03-14T11:16:42.524+0000] {processor.py:830} INFO - Processing file /home/airflow/.local/lib/python3.8/site-packages/airflow/example_dags/example_branch_labels.py for tasks to queue
[2024-03-14T11:16:42.525+0000] {logging_mixin.py:188} INFO - [2024-03-14T11:16:42.525+0000] {dagbag.py:540} INFO - Filling up the DagBag from /home/airflow/.local/lib/python3.8/site-packages/airflow/example_dags/example_branch_labels.py
[2024-03-14T11:16:42.528+0000] {processor.py:840} INFO - DAG(s) 'example_branch_labels' retrieved from /home/airflow/.local/lib/python3.8/site-packages/airflow/example_dags/example_branch_labels.py
[2024-03-14T11:16:42.538+0000] {logging_mixin.py:188} INFO - [2024-03-14T11:16:42.538+0000] {dag.py:3047} INFO - Sync 1 DAGs
[2024-03-14T11:16:42.546+0000] {logging_mixin.py:188} INFO - [2024-03-14T11:16:42.546+0000] {dag.py:3834} INFO - Setting next_dagrun for example_branch_labels to 2024-03-13 00:00:00+00:00, run_after=2024-03-14 00:00:00+00:00
[2024-03-14T11:16:42.553+0000] {processor.py:183} INFO - Processing /home/airflow/.local/lib/python3.8/site-packages/airflow/example_dags/example_branch_labels.py took 0.031 seconds
[2024-03-14T11:17:13.101+0000] {processor.py:161} INFO - Started process (PID=2375) to work on /home/airflow/.local/lib/python3.8/site-packages/airflow/example_dags/example_branch_labels.py
[2024-03-14T11:17:13.101+0000] {processor.py:830} INFO - Processing file /home/airflow/.local/lib/python3.8/site-packages/airflow/example_dags/example_branch_labels.py for tasks to queue
[2024-03-14T11:17:13.102+0000] {logging_mixin.py:188} INFO - [2024-03-14T11:17:13.102+0000] {dagbag.py:540} INFO - Filling up the DagBag from /home/airflow/.local/lib/python3.8/site-packages/airflow/example_dags/example_branch_labels.py
[2024-03-14T11:17:13.106+0000] {processor.py:840} INFO - DAG(s) 'example_branch_labels' retrieved from /home/airflow/.local/lib/python3.8/site-packages/airflow/example_dags/example_branch_labels.py
[2024-03-14T11:17:13.116+0000] {logging_mixin.py:188} INFO - [2024-03-14T11:17:13.116+0000] {dag.py:3047} INFO - Sync 1 DAGs
[2024-03-14T11:17:13.125+0000] {logging_mixin.py:188} INFO - [2024-03-14T11:17:13.125+0000] {dag.py:3834} INFO - Setting next_dagrun for example_branch_labels to 2024-03-13 00:00:00+00:00, run_after=2024-03-14 00:00:00+00:00
[2024-03-14T11:17:13.132+0000] {processor.py:183} INFO - Processing /home/airflow/.local/lib/python3.8/site-packages/airflow/example_dags/example_branch_labels.py took 0.033 seconds
[2024-03-14T11:17:43.490+0000] {processor.py:161} INFO - Started process (PID=2430) to work on /home/airflow/.local/lib/python3.8/site-packages/airflow/example_dags/example_branch_labels.py
[2024-03-14T11:17:43.491+0000] {processor.py:830} INFO - Processing file /home/airflow/.local/lib/python3.8/site-packages/airflow/example_dags/example_branch_labels.py for tasks to queue
[2024-03-14T11:17:43.492+0000] {logging_mixin.py:188} INFO - [2024-03-14T11:17:43.491+0000] {dagbag.py:540} INFO - Filling up the DagBag from /home/airflow/.local/lib/python3.8/site-packages/airflow/example_dags/example_branch_labels.py
[2024-03-14T11:17:43.495+0000] {processor.py:840} INFO - DAG(s) 'example_branch_labels' retrieved from /home/airflow/.local/lib/python3.8/site-packages/airflow/example_dags/example_branch_labels.py
[2024-03-14T11:17:43.505+0000] {logging_mixin.py:188} INFO - [2024-03-14T11:17:43.505+0000] {dag.py:3047} INFO - Sync 1 DAGs
[2024-03-14T11:17:43.515+0000] {logging_mixin.py:188} INFO - [2024-03-14T11:17:43.515+0000] {dag.py:3834} INFO - Setting next_dagrun for example_branch_labels to 2024-03-13 00:00:00+00:00, run_after=2024-03-14 00:00:00+00:00
[2024-03-14T11:17:43.522+0000] {processor.py:183} INFO - Processing /home/airflow/.local/lib/python3.8/site-packages/airflow/example_dags/example_branch_labels.py took 0.034 seconds
[2024-03-14T11:18:13.983+0000] {processor.py:161} INFO - Started process (PID=2484) to work on /home/airflow/.local/lib/python3.8/site-packages/airflow/example_dags/example_branch_labels.py
[2024-03-14T11:18:13.983+0000] {processor.py:830} INFO - Processing file /home/airflow/.local/lib/python3.8/site-packages/airflow/example_dags/example_branch_labels.py for tasks to queue
[2024-03-14T11:18:13.984+0000] {logging_mixin.py:188} INFO - [2024-03-14T11:18:13.984+0000] {dagbag.py:540} INFO - Filling up the DagBag from /home/airflow/.local/lib/python3.8/site-packages/airflow/example_dags/example_branch_labels.py
[2024-03-14T11:18:13.988+0000] {processor.py:840} INFO - DAG(s) 'example_branch_labels' retrieved from /home/airflow/.local/lib/python3.8/site-packages/airflow/example_dags/example_branch_labels.py
[2024-03-14T11:18:13.998+0000] {logging_mixin.py:188} INFO - [2024-03-14T11:18:13.997+0000] {dag.py:3047} INFO - Sync 1 DAGs
[2024-03-14T11:18:14.007+0000] {logging_mixin.py:188} INFO - [2024-03-14T11:18:14.007+0000] {dag.py:3834} INFO - Setting next_dagrun for example_branch_labels to 2024-03-13 00:00:00+00:00, run_after=2024-03-14 00:00:00+00:00
[2024-03-14T11:18:14.013+0000] {processor.py:183} INFO - Processing /home/airflow/.local/lib/python3.8/site-packages/airflow/example_dags/example_branch_labels.py took 0.033 seconds
[2024-03-14T11:18:44.402+0000] {processor.py:161} INFO - Started process (PID=2539) to work on /home/airflow/.local/lib/python3.8/site-packages/airflow/example_dags/example_branch_labels.py
[2024-03-14T11:18:44.403+0000] {processor.py:830} INFO - Processing file /home/airflow/.local/lib/python3.8/site-packages/airflow/example_dags/example_branch_labels.py for tasks to queue
[2024-03-14T11:18:44.404+0000] {logging_mixin.py:188} INFO - [2024-03-14T11:18:44.404+0000] {dagbag.py:540} INFO - Filling up the DagBag from /home/airflow/.local/lib/python3.8/site-packages/airflow/example_dags/example_branch_labels.py
[2024-03-14T11:18:44.408+0000] {processor.py:840} INFO - DAG(s) 'example_branch_labels' retrieved from /home/airflow/.local/lib/python3.8/site-packages/airflow/example_dags/example_branch_labels.py
[2024-03-14T11:18:44.417+0000] {logging_mixin.py:188} INFO - [2024-03-14T11:18:44.417+0000] {dag.py:3047} INFO - Sync 1 DAGs
[2024-03-14T11:18:44.426+0000] {logging_mixin.py:188} INFO - [2024-03-14T11:18:44.426+0000] {dag.py:3834} INFO - Setting next_dagrun for example_branch_labels to 2024-03-13 00:00:00+00:00, run_after=2024-03-14 00:00:00+00:00
[2024-03-14T11:18:44.433+0000] {processor.py:183} INFO - Processing /home/airflow/.local/lib/python3.8/site-packages/airflow/example_dags/example_branch_labels.py took 0.033 seconds
[2024-03-14T11:19:14.778+0000] {processor.py:161} INFO - Started process (PID=2594) to work on /home/airflow/.local/lib/python3.8/site-packages/airflow/example_dags/example_branch_labels.py
[2024-03-14T11:19:14.778+0000] {processor.py:830} INFO - Processing file /home/airflow/.local/lib/python3.8/site-packages/airflow/example_dags/example_branch_labels.py for tasks to queue
[2024-03-14T11:19:14.779+0000] {logging_mixin.py:188} INFO - [2024-03-14T11:19:14.779+0000] {dagbag.py:540} INFO - Filling up the DagBag from /home/airflow/.local/lib/python3.8/site-packages/airflow/example_dags/example_branch_labels.py
[2024-03-14T11:19:14.783+0000] {processor.py:840} INFO - DAG(s) 'example_branch_labels' retrieved from /home/airflow/.local/lib/python3.8/site-packages/airflow/example_dags/example_branch_labels.py
[2024-03-14T11:19:14.792+0000] {logging_mixin.py:188} INFO - [2024-03-14T11:19:14.792+0000] {dag.py:3047} INFO - Sync 1 DAGs
[2024-03-14T11:19:14.801+0000] {logging_mixin.py:188} INFO - [2024-03-14T11:19:14.801+0000] {dag.py:3834} INFO - Setting next_dagrun for example_branch_labels to 2024-03-13 00:00:00+00:00, run_after=2024-03-14 00:00:00+00:00
[2024-03-14T11:19:14.808+0000] {processor.py:183} INFO - Processing /home/airflow/.local/lib/python3.8/site-packages/airflow/example_dags/example_branch_labels.py took 0.032 seconds
[2024-03-14T11:19:45.200+0000] {processor.py:161} INFO - Started process (PID=2649) to work on /home/airflow/.local/lib/python3.8/site-packages/airflow/example_dags/example_branch_labels.py
[2024-03-14T11:19:45.201+0000] {processor.py:830} INFO - Processing file /home/airflow/.local/lib/python3.8/site-packages/airflow/example_dags/example_branch_labels.py for tasks to queue
[2024-03-14T11:19:45.202+0000] {logging_mixin.py:188} INFO - [2024-03-14T11:19:45.202+0000] {dagbag.py:540} INFO - Filling up the DagBag from /home/airflow/.local/lib/python3.8/site-packages/airflow/example_dags/example_branch_labels.py
[2024-03-14T11:19:45.206+0000] {processor.py:840} INFO - DAG(s) 'example_branch_labels' retrieved from /home/airflow/.local/lib/python3.8/site-packages/airflow/example_dags/example_branch_labels.py
[2024-03-14T11:19:45.215+0000] {logging_mixin.py:188} INFO - [2024-03-14T11:19:45.215+0000] {dag.py:3047} INFO - Sync 1 DAGs
[2024-03-14T11:19:45.224+0000] {logging_mixin.py:188} INFO - [2024-03-14T11:19:45.224+0000] {dag.py:3834} INFO - Setting next_dagrun for example_branch_labels to 2024-03-13 00:00:00+00:00, run_after=2024-03-14 00:00:00+00:00
[2024-03-14T11:19:45.231+0000] {processor.py:183} INFO - Processing /home/airflow/.local/lib/python3.8/site-packages/airflow/example_dags/example_branch_labels.py took 0.033 seconds
[2024-03-14T11:20:15.620+0000] {processor.py:161} INFO - Started process (PID=2704) to work on /home/airflow/.local/lib/python3.8/site-packages/airflow/example_dags/example_branch_labels.py
[2024-03-14T11:20:15.621+0000] {processor.py:830} INFO - Processing file /home/airflow/.local/lib/python3.8/site-packages/airflow/example_dags/example_branch_labels.py for tasks to queue
[2024-03-14T11:20:15.622+0000] {logging_mixin.py:188} INFO - [2024-03-14T11:20:15.622+0000] {dagbag.py:540} INFO - Filling up the DagBag from /home/airflow/.local/lib/python3.8/site-packages/airflow/example_dags/example_branch_labels.py
[2024-03-14T11:20:15.626+0000] {processor.py:840} INFO - DAG(s) 'example_branch_labels' retrieved from /home/airflow/.local/lib/python3.8/site-packages/airflow/example_dags/example_branch_labels.py
[2024-03-14T11:20:15.635+0000] {logging_mixin.py:188} INFO - [2024-03-14T11:20:15.635+0000] {dag.py:3047} INFO - Sync 1 DAGs
[2024-03-14T11:20:15.645+0000] {logging_mixin.py:188} INFO - [2024-03-14T11:20:15.645+0000] {dag.py:3834} INFO - Setting next_dagrun for example_branch_labels to 2024-03-13 00:00:00+00:00, run_after=2024-03-14 00:00:00+00:00
[2024-03-14T11:20:15.651+0000] {processor.py:183} INFO - Processing /home/airflow/.local/lib/python3.8/site-packages/airflow/example_dags/example_branch_labels.py took 0.033 seconds
[2024-03-14T11:20:46.049+0000] {processor.py:161} INFO - Started process (PID=2759) to work on /home/airflow/.local/lib/python3.8/site-packages/airflow/example_dags/example_branch_labels.py
[2024-03-14T11:20:46.050+0000] {processor.py:830} INFO - Processing file /home/airflow/.local/lib/python3.8/site-packages/airflow/example_dags/example_branch_labels.py for tasks to queue
[2024-03-14T11:20:46.051+0000] {logging_mixin.py:188} INFO - [2024-03-14T11:20:46.051+0000] {dagbag.py:540} INFO - Filling up the DagBag from /home/airflow/.local/lib/python3.8/site-packages/airflow/example_dags/example_branch_labels.py
[2024-03-14T11:20:46.055+0000] {processor.py:840} INFO - DAG(s) 'example_branch_labels' retrieved from /home/airflow/.local/lib/python3.8/site-packages/airflow/example_dags/example_branch_labels.py
[2024-03-14T11:20:46.065+0000] {logging_mixin.py:188} INFO - [2024-03-14T11:20:46.064+0000] {dag.py:3047} INFO - Sync 1 DAGs
[2024-03-14T11:20:46.074+0000] {logging_mixin.py:188} INFO - [2024-03-14T11:20:46.074+0000] {dag.py:3834} INFO - Setting next_dagrun for example_branch_labels to 2024-03-13 00:00:00+00:00, run_after=2024-03-14 00:00:00+00:00
[2024-03-14T11:20:46.083+0000] {processor.py:183} INFO - Processing /home/airflow/.local/lib/python3.8/site-packages/airflow/example_dags/example_branch_labels.py took 0.035 seconds
[2024-03-14T11:21:16.623+0000] {processor.py:161} INFO - Started process (PID=2814) to work on /home/airflow/.local/lib/python3.8/site-packages/airflow/example_dags/example_branch_labels.py
[2024-03-14T11:21:16.624+0000] {processor.py:830} INFO - Processing file /home/airflow/.local/lib/python3.8/site-packages/airflow/example_dags/example_branch_labels.py for tasks to queue
[2024-03-14T11:21:16.625+0000] {logging_mixin.py:188} INFO - [2024-03-14T11:21:16.625+0000] {dagbag.py:540} INFO - Filling up the DagBag from /home/airflow/.local/lib/python3.8/site-packages/airflow/example_dags/example_branch_labels.py
[2024-03-14T11:21:16.629+0000] {processor.py:840} INFO - DAG(s) 'example_branch_labels' retrieved from /home/airflow/.local/lib/python3.8/site-packages/airflow/example_dags/example_branch_labels.py
[2024-03-14T11:21:16.638+0000] {logging_mixin.py:188} INFO - [2024-03-14T11:21:16.638+0000] {dag.py:3047} INFO - Sync 1 DAGs
[2024-03-14T11:21:16.648+0000] {logging_mixin.py:188} INFO - [2024-03-14T11:21:16.648+0000] {dag.py:3834} INFO - Setting next_dagrun for example_branch_labels to 2024-03-13 00:00:00+00:00, run_after=2024-03-14 00:00:00+00:00
[2024-03-14T11:21:16.655+0000] {processor.py:183} INFO - Processing /home/airflow/.local/lib/python3.8/site-packages/airflow/example_dags/example_branch_labels.py took 0.034 seconds
[2024-03-14T11:21:47.095+0000] {processor.py:161} INFO - Started process (PID=2869) to work on /home/airflow/.local/lib/python3.8/site-packages/airflow/example_dags/example_branch_labels.py
[2024-03-14T11:21:47.096+0000] {processor.py:830} INFO - Processing file /home/airflow/.local/lib/python3.8/site-packages/airflow/example_dags/example_branch_labels.py for tasks to queue
[2024-03-14T11:21:47.098+0000] {logging_mixin.py:188} INFO - [2024-03-14T11:21:47.098+0000] {dagbag.py:540} INFO - Filling up the DagBag from /home/airflow/.local/lib/python3.8/site-packages/airflow/example_dags/example_branch_labels.py
[2024-03-14T11:21:47.102+0000] {processor.py:840} INFO - DAG(s) 'example_branch_labels' retrieved from /home/airflow/.local/lib/python3.8/site-packages/airflow/example_dags/example_branch_labels.py
[2024-03-14T11:21:47.112+0000] {logging_mixin.py:188} INFO - [2024-03-14T11:21:47.111+0000] {dag.py:3047} INFO - Sync 1 DAGs
[2024-03-14T11:21:47.121+0000] {logging_mixin.py:188} INFO - [2024-03-14T11:21:47.121+0000] {dag.py:3834} INFO - Setting next_dagrun for example_branch_labels to 2024-03-13 00:00:00+00:00, run_after=2024-03-14 00:00:00+00:00
[2024-03-14T11:21:47.128+0000] {processor.py:183} INFO - Processing /home/airflow/.local/lib/python3.8/site-packages/airflow/example_dags/example_branch_labels.py took 0.036 seconds
[2024-03-14T11:22:17.552+0000] {processor.py:161} INFO - Started process (PID=2924) to work on /home/airflow/.local/lib/python3.8/site-packages/airflow/example_dags/example_branch_labels.py
[2024-03-14T11:22:17.552+0000] {processor.py:830} INFO - Processing file /home/airflow/.local/lib/python3.8/site-packages/airflow/example_dags/example_branch_labels.py for tasks to queue
[2024-03-14T11:22:17.553+0000] {logging_mixin.py:188} INFO - [2024-03-14T11:22:17.553+0000] {dagbag.py:540} INFO - Filling up the DagBag from /home/airflow/.local/lib/python3.8/site-packages/airflow/example_dags/example_branch_labels.py
[2024-03-14T11:22:17.557+0000] {processor.py:840} INFO - DAG(s) 'example_branch_labels' retrieved from /home/airflow/.local/lib/python3.8/site-packages/airflow/example_dags/example_branch_labels.py
[2024-03-14T11:22:17.567+0000] {logging_mixin.py:188} INFO - [2024-03-14T11:22:17.566+0000] {dag.py:3047} INFO - Sync 1 DAGs
[2024-03-14T11:22:17.576+0000] {logging_mixin.py:188} INFO - [2024-03-14T11:22:17.576+0000] {dag.py:3834} INFO - Setting next_dagrun for example_branch_labels to 2024-03-13 00:00:00+00:00, run_after=2024-03-14 00:00:00+00:00
[2024-03-14T11:22:17.583+0000] {processor.py:183} INFO - Processing /home/airflow/.local/lib/python3.8/site-packages/airflow/example_dags/example_branch_labels.py took 0.033 seconds
[2024-03-14T11:22:48.005+0000] {processor.py:161} INFO - Started process (PID=2979) to work on /home/airflow/.local/lib/python3.8/site-packages/airflow/example_dags/example_branch_labels.py
[2024-03-14T11:22:48.006+0000] {processor.py:830} INFO - Processing file /home/airflow/.local/lib/python3.8/site-packages/airflow/example_dags/example_branch_labels.py for tasks to queue
[2024-03-14T11:22:48.007+0000] {logging_mixin.py:188} INFO - [2024-03-14T11:22:48.007+0000] {dagbag.py:540} INFO - Filling up the DagBag from /home/airflow/.local/lib/python3.8/site-packages/airflow/example_dags/example_branch_labels.py
[2024-03-14T11:22:48.011+0000] {processor.py:840} INFO - DAG(s) 'example_branch_labels' retrieved from /home/airflow/.local/lib/python3.8/site-packages/airflow/example_dags/example_branch_labels.py
[2024-03-14T11:22:48.020+0000] {logging_mixin.py:188} INFO - [2024-03-14T11:22:48.020+0000] {dag.py:3047} INFO - Sync 1 DAGs
[2024-03-14T11:22:48.029+0000] {logging_mixin.py:188} INFO - [2024-03-14T11:22:48.029+0000] {dag.py:3834} INFO - Setting next_dagrun for example_branch_labels to 2024-03-13 00:00:00+00:00, run_after=2024-03-14 00:00:00+00:00
[2024-03-14T11:22:48.036+0000] {processor.py:183} INFO - Processing /home/airflow/.local/lib/python3.8/site-packages/airflow/example_dags/example_branch_labels.py took 0.033 seconds
[2024-03-14T11:23:18.441+0000] {processor.py:161} INFO - Started process (PID=3034) to work on /home/airflow/.local/lib/python3.8/site-packages/airflow/example_dags/example_branch_labels.py
[2024-03-14T11:23:18.442+0000] {processor.py:830} INFO - Processing file /home/airflow/.local/lib/python3.8/site-packages/airflow/example_dags/example_branch_labels.py for tasks to queue
[2024-03-14T11:23:18.443+0000] {logging_mixin.py:188} INFO - [2024-03-14T11:23:18.443+0000] {dagbag.py:540} INFO - Filling up the DagBag from /home/airflow/.local/lib/python3.8/site-packages/airflow/example_dags/example_branch_labels.py
[2024-03-14T11:23:18.447+0000] {processor.py:840} INFO - DAG(s) 'example_branch_labels' retrieved from /home/airflow/.local/lib/python3.8/site-packages/airflow/example_dags/example_branch_labels.py
[2024-03-14T11:23:18.456+0000] {logging_mixin.py:188} INFO - [2024-03-14T11:23:18.456+0000] {dag.py:3047} INFO - Sync 1 DAGs
[2024-03-14T11:23:18.466+0000] {logging_mixin.py:188} INFO - [2024-03-14T11:23:18.466+0000] {dag.py:3834} INFO - Setting next_dagrun for example_branch_labels to 2024-03-13 00:00:00+00:00, run_after=2024-03-14 00:00:00+00:00
[2024-03-14T11:23:18.472+0000] {processor.py:183} INFO - Processing /home/airflow/.local/lib/python3.8/site-packages/airflow/example_dags/example_branch_labels.py took 0.033 seconds
[2024-03-14T11:23:48.888+0000] {processor.py:161} INFO - Started process (PID=3089) to work on /home/airflow/.local/lib/python3.8/site-packages/airflow/example_dags/example_branch_labels.py
[2024-03-14T11:23:48.889+0000] {processor.py:830} INFO - Processing file /home/airflow/.local/lib/python3.8/site-packages/airflow/example_dags/example_branch_labels.py for tasks to queue
[2024-03-14T11:23:48.890+0000] {logging_mixin.py:188} INFO - [2024-03-14T11:23:48.890+0000] {dagbag.py:540} INFO - Filling up the DagBag from /home/airflow/.local/lib/python3.8/site-packages/airflow/example_dags/example_branch_labels.py
[2024-03-14T11:23:48.895+0000] {processor.py:840} INFO - DAG(s) 'example_branch_labels' retrieved from /home/airflow/.local/lib/python3.8/site-packages/airflow/example_dags/example_branch_labels.py
[2024-03-14T11:23:48.904+0000] {logging_mixin.py:188} INFO - [2024-03-14T11:23:48.904+0000] {dag.py:3047} INFO - Sync 1 DAGs
[2024-03-14T11:23:48.914+0000] {logging_mixin.py:188} INFO - [2024-03-14T11:23:48.913+0000] {dag.py:3834} INFO - Setting next_dagrun for example_branch_labels to 2024-03-13 00:00:00+00:00, run_after=2024-03-14 00:00:00+00:00
[2024-03-14T11:23:48.921+0000] {processor.py:183} INFO - Processing /home/airflow/.local/lib/python3.8/site-packages/airflow/example_dags/example_branch_labels.py took 0.034 seconds
[2024-03-14T11:24:19.253+0000] {processor.py:161} INFO - Started process (PID=3144) to work on /home/airflow/.local/lib/python3.8/site-packages/airflow/example_dags/example_branch_labels.py
[2024-03-14T11:24:19.254+0000] {processor.py:830} INFO - Processing file /home/airflow/.local/lib/python3.8/site-packages/airflow/example_dags/example_branch_labels.py for tasks to queue
[2024-03-14T11:24:19.255+0000] {logging_mixin.py:188} INFO - [2024-03-14T11:24:19.254+0000] {dagbag.py:540} INFO - Filling up the DagBag from /home/airflow/.local/lib/python3.8/site-packages/airflow/example_dags/example_branch_labels.py
[2024-03-14T11:24:19.259+0000] {processor.py:840} INFO - DAG(s) 'example_branch_labels' retrieved from /home/airflow/.local/lib/python3.8/site-packages/airflow/example_dags/example_branch_labels.py
[2024-03-14T11:24:19.268+0000] {logging_mixin.py:188} INFO - [2024-03-14T11:24:19.268+0000] {dag.py:3047} INFO - Sync 1 DAGs
[2024-03-14T11:24:19.277+0000] {logging_mixin.py:188} INFO - [2024-03-14T11:24:19.277+0000] {dag.py:3834} INFO - Setting next_dagrun for example_branch_labels to 2024-03-13 00:00:00+00:00, run_after=2024-03-14 00:00:00+00:00
[2024-03-14T11:24:19.285+0000] {processor.py:183} INFO - Processing /home/airflow/.local/lib/python3.8/site-packages/airflow/example_dags/example_branch_labels.py took 0.033 seconds
[2024-03-14T11:24:49.587+0000] {processor.py:161} INFO - Started process (PID=3199) to work on /home/airflow/.local/lib/python3.8/site-packages/airflow/example_dags/example_branch_labels.py
[2024-03-14T11:24:49.588+0000] {processor.py:830} INFO - Processing file /home/airflow/.local/lib/python3.8/site-packages/airflow/example_dags/example_branch_labels.py for tasks to queue
[2024-03-14T11:24:49.588+0000] {logging_mixin.py:188} INFO - [2024-03-14T11:24:49.588+0000] {dagbag.py:540} INFO - Filling up the DagBag from /home/airflow/.local/lib/python3.8/site-packages/airflow/example_dags/example_branch_labels.py
[2024-03-14T11:24:49.592+0000] {processor.py:840} INFO - DAG(s) 'example_branch_labels' retrieved from /home/airflow/.local/lib/python3.8/site-packages/airflow/example_dags/example_branch_labels.py
[2024-03-14T11:24:49.602+0000] {logging_mixin.py:188} INFO - [2024-03-14T11:24:49.601+0000] {dag.py:3047} INFO - Sync 1 DAGs
[2024-03-14T11:24:49.611+0000] {logging_mixin.py:188} INFO - [2024-03-14T11:24:49.611+0000] {dag.py:3834} INFO - Setting next_dagrun for example_branch_labels to 2024-03-13 00:00:00+00:00, run_after=2024-03-14 00:00:00+00:00
[2024-03-14T11:24:49.618+0000] {processor.py:183} INFO - Processing /home/airflow/.local/lib/python3.8/site-packages/airflow/example_dags/example_branch_labels.py took 0.032 seconds
[2024-03-14T11:25:20.057+0000] {processor.py:161} INFO - Started process (PID=3254) to work on /home/airflow/.local/lib/python3.8/site-packages/airflow/example_dags/example_branch_labels.py
[2024-03-14T11:25:20.058+0000] {processor.py:830} INFO - Processing file /home/airflow/.local/lib/python3.8/site-packages/airflow/example_dags/example_branch_labels.py for tasks to queue
[2024-03-14T11:25:20.060+0000] {logging_mixin.py:188} INFO - [2024-03-14T11:25:20.060+0000] {dagbag.py:540} INFO - Filling up the DagBag from /home/airflow/.local/lib/python3.8/site-packages/airflow/example_dags/example_branch_labels.py
[2024-03-14T11:25:20.064+0000] {processor.py:840} INFO - DAG(s) 'example_branch_labels' retrieved from /home/airflow/.local/lib/python3.8/site-packages/airflow/example_dags/example_branch_labels.py
[2024-03-14T11:25:20.073+0000] {logging_mixin.py:188} INFO - [2024-03-14T11:25:20.073+0000] {dag.py:3047} INFO - Sync 1 DAGs
[2024-03-14T11:25:20.088+0000] {logging_mixin.py:188} INFO - [2024-03-14T11:25:20.088+0000] {dag.py:3834} INFO - Setting next_dagrun for example_branch_labels to 2024-03-13 00:00:00+00:00, run_after=2024-03-14 00:00:00+00:00
[2024-03-14T11:25:20.096+0000] {processor.py:183} INFO - Processing /home/airflow/.local/lib/python3.8/site-packages/airflow/example_dags/example_branch_labels.py took 0.041 seconds
[2024-03-14T11:25:50.565+0000] {processor.py:161} INFO - Started process (PID=3315) to work on /home/airflow/.local/lib/python3.8/site-packages/airflow/example_dags/example_branch_labels.py
[2024-03-14T11:25:50.566+0000] {processor.py:830} INFO - Processing file /home/airflow/.local/lib/python3.8/site-packages/airflow/example_dags/example_branch_labels.py for tasks to queue
[2024-03-14T11:25:50.567+0000] {logging_mixin.py:188} INFO - [2024-03-14T11:25:50.567+0000] {dagbag.py:540} INFO - Filling up the DagBag from /home/airflow/.local/lib/python3.8/site-packages/airflow/example_dags/example_branch_labels.py
[2024-03-14T11:25:50.571+0000] {processor.py:840} INFO - DAG(s) 'example_branch_labels' retrieved from /home/airflow/.local/lib/python3.8/site-packages/airflow/example_dags/example_branch_labels.py
[2024-03-14T11:25:50.580+0000] {logging_mixin.py:188} INFO - [2024-03-14T11:25:50.580+0000] {dag.py:3047} INFO - Sync 1 DAGs
[2024-03-14T11:25:50.590+0000] {logging_mixin.py:188} INFO - [2024-03-14T11:25:50.590+0000] {dag.py:3834} INFO - Setting next_dagrun for example_branch_labels to 2024-03-13 00:00:00+00:00, run_after=2024-03-14 00:00:00+00:00
[2024-03-14T11:25:50.597+0000] {processor.py:183} INFO - Processing /home/airflow/.local/lib/python3.8/site-packages/airflow/example_dags/example_branch_labels.py took 0.033 seconds
[2024-03-14T11:26:21.009+0000] {processor.py:161} INFO - Started process (PID=3370) to work on /home/airflow/.local/lib/python3.8/site-packages/airflow/example_dags/example_branch_labels.py
[2024-03-14T11:26:21.010+0000] {processor.py:830} INFO - Processing file /home/airflow/.local/lib/python3.8/site-packages/airflow/example_dags/example_branch_labels.py for tasks to queue
[2024-03-14T11:26:21.012+0000] {logging_mixin.py:188} INFO - [2024-03-14T11:26:21.012+0000] {dagbag.py:540} INFO - Filling up the DagBag from /home/airflow/.local/lib/python3.8/site-packages/airflow/example_dags/example_branch_labels.py
[2024-03-14T11:26:21.016+0000] {processor.py:840} INFO - DAG(s) 'example_branch_labels' retrieved from /home/airflow/.local/lib/python3.8/site-packages/airflow/example_dags/example_branch_labels.py
[2024-03-14T11:26:21.025+0000] {logging_mixin.py:188} INFO - [2024-03-14T11:26:21.025+0000] {dag.py:3047} INFO - Sync 1 DAGs
[2024-03-14T11:26:21.034+0000] {logging_mixin.py:188} INFO - [2024-03-14T11:26:21.034+0000] {dag.py:3834} INFO - Setting next_dagrun for example_branch_labels to 2024-03-13 00:00:00+00:00, run_after=2024-03-14 00:00:00+00:00
[2024-03-14T11:26:21.042+0000] {processor.py:183} INFO - Processing /home/airflow/.local/lib/python3.8/site-packages/airflow/example_dags/example_branch_labels.py took 0.034 seconds
[2024-03-14T11:26:51.472+0000] {processor.py:161} INFO - Started process (PID=3425) to work on /home/airflow/.local/lib/python3.8/site-packages/airflow/example_dags/example_branch_labels.py
[2024-03-14T11:26:51.473+0000] {processor.py:830} INFO - Processing file /home/airflow/.local/lib/python3.8/site-packages/airflow/example_dags/example_branch_labels.py for tasks to queue
[2024-03-14T11:26:51.474+0000] {logging_mixin.py:188} INFO - [2024-03-14T11:26:51.474+0000] {dagbag.py:540} INFO - Filling up the DagBag from /home/airflow/.local/lib/python3.8/site-packages/airflow/example_dags/example_branch_labels.py
[2024-03-14T11:26:51.478+0000] {processor.py:840} INFO - DAG(s) 'example_branch_labels' retrieved from /home/airflow/.local/lib/python3.8/site-packages/airflow/example_dags/example_branch_labels.py
[2024-03-14T11:26:51.487+0000] {logging_mixin.py:188} INFO - [2024-03-14T11:26:51.487+0000] {dag.py:3047} INFO - Sync 1 DAGs
[2024-03-14T11:26:51.497+0000] {logging_mixin.py:188} INFO - [2024-03-14T11:26:51.497+0000] {dag.py:3834} INFO - Setting next_dagrun for example_branch_labels to 2024-03-13 00:00:00+00:00, run_after=2024-03-14 00:00:00+00:00
[2024-03-14T11:26:51.504+0000] {processor.py:183} INFO - Processing /home/airflow/.local/lib/python3.8/site-packages/airflow/example_dags/example_branch_labels.py took 0.034 seconds
[2024-03-14T11:27:21.999+0000] {processor.py:161} INFO - Started process (PID=3479) to work on /home/airflow/.local/lib/python3.8/site-packages/airflow/example_dags/example_branch_labels.py
[2024-03-14T11:27:22.000+0000] {processor.py:830} INFO - Processing file /home/airflow/.local/lib/python3.8/site-packages/airflow/example_dags/example_branch_labels.py for tasks to queue
[2024-03-14T11:27:22.001+0000] {logging_mixin.py:188} INFO - [2024-03-14T11:27:22.001+0000] {dagbag.py:540} INFO - Filling up the DagBag from /home/airflow/.local/lib/python3.8/site-packages/airflow/example_dags/example_branch_labels.py
[2024-03-14T11:27:22.005+0000] {processor.py:840} INFO - DAG(s) 'example_branch_labels' retrieved from /home/airflow/.local/lib/python3.8/site-packages/airflow/example_dags/example_branch_labels.py
[2024-03-14T11:27:22.014+0000] {logging_mixin.py:188} INFO - [2024-03-14T11:27:22.014+0000] {dag.py:3047} INFO - Sync 1 DAGs
[2024-03-14T11:27:22.024+0000] {logging_mixin.py:188} INFO - [2024-03-14T11:27:22.024+0000] {dag.py:3834} INFO - Setting next_dagrun for example_branch_labels to 2024-03-13 00:00:00+00:00, run_after=2024-03-14 00:00:00+00:00
[2024-03-14T11:27:22.031+0000] {processor.py:183} INFO - Processing /home/airflow/.local/lib/python3.8/site-packages/airflow/example_dags/example_branch_labels.py took 0.033 seconds
[2024-03-14T11:27:52.686+0000] {processor.py:161} INFO - Started process (PID=3534) to work on /home/airflow/.local/lib/python3.8/site-packages/airflow/example_dags/example_branch_labels.py
[2024-03-14T11:27:52.687+0000] {processor.py:830} INFO - Processing file /home/airflow/.local/lib/python3.8/site-packages/airflow/example_dags/example_branch_labels.py for tasks to queue
[2024-03-14T11:27:52.689+0000] {logging_mixin.py:188} INFO - [2024-03-14T11:27:52.689+0000] {dagbag.py:540} INFO - Filling up the DagBag from /home/airflow/.local/lib/python3.8/site-packages/airflow/example_dags/example_branch_labels.py
[2024-03-14T11:27:52.693+0000] {processor.py:840} INFO - DAG(s) 'example_branch_labels' retrieved from /home/airflow/.local/lib/python3.8/site-packages/airflow/example_dags/example_branch_labels.py
[2024-03-14T11:27:52.706+0000] {logging_mixin.py:188} INFO - [2024-03-14T11:27:52.706+0000] {dag.py:3047} INFO - Sync 1 DAGs
[2024-03-14T11:27:52.717+0000] {logging_mixin.py:188} INFO - [2024-03-14T11:27:52.717+0000] {dag.py:3834} INFO - Setting next_dagrun for example_branch_labels to 2024-03-13 00:00:00+00:00, run_after=2024-03-14 00:00:00+00:00
[2024-03-14T11:27:52.726+0000] {processor.py:183} INFO - Processing /home/airflow/.local/lib/python3.8/site-packages/airflow/example_dags/example_branch_labels.py took 0.042 seconds
[2024-03-14T11:28:23.101+0000] {processor.py:161} INFO - Started process (PID=3589) to work on /home/airflow/.local/lib/python3.8/site-packages/airflow/example_dags/example_branch_labels.py
[2024-03-14T11:28:23.101+0000] {processor.py:830} INFO - Processing file /home/airflow/.local/lib/python3.8/site-packages/airflow/example_dags/example_branch_labels.py for tasks to queue
[2024-03-14T11:28:23.102+0000] {logging_mixin.py:188} INFO - [2024-03-14T11:28:23.102+0000] {dagbag.py:540} INFO - Filling up the DagBag from /home/airflow/.local/lib/python3.8/site-packages/airflow/example_dags/example_branch_labels.py
[2024-03-14T11:28:23.106+0000] {processor.py:840} INFO - DAG(s) 'example_branch_labels' retrieved from /home/airflow/.local/lib/python3.8/site-packages/airflow/example_dags/example_branch_labels.py
[2024-03-14T11:28:23.116+0000] {logging_mixin.py:188} INFO - [2024-03-14T11:28:23.115+0000] {dag.py:3047} INFO - Sync 1 DAGs
[2024-03-14T11:28:23.125+0000] {logging_mixin.py:188} INFO - [2024-03-14T11:28:23.125+0000] {dag.py:3834} INFO - Setting next_dagrun for example_branch_labels to 2024-03-13 00:00:00+00:00, run_after=2024-03-14 00:00:00+00:00
[2024-03-14T11:28:23.132+0000] {processor.py:183} INFO - Processing /home/airflow/.local/lib/python3.8/site-packages/airflow/example_dags/example_branch_labels.py took 0.033 seconds
