[2024-03-14T10:55:55.063+0000] {processor.py:161} INFO - Started process (PID=63) to work on /home/airflow/.local/lib/python3.8/site-packages/airflow/example_dags/example_skip_dag.py
[2024-03-14T10:55:55.064+0000] {processor.py:830} INFO - Processing file /home/airflow/.local/lib/python3.8/site-packages/airflow/example_dags/example_skip_dag.py for tasks to queue
[2024-03-14T10:55:55.066+0000] {logging_mixin.py:188} INFO - [2024-03-14T10:55:55.065+0000] {dagbag.py:540} INFO - Filling up the DagBag from /home/airflow/.local/lib/python3.8/site-packages/airflow/example_dags/example_skip_dag.py
[2024-03-14T10:55:55.071+0000] {processor.py:840} INFO - DAG(s) 'example_skip_dag' retrieved from /home/airflow/.local/lib/python3.8/site-packages/airflow/example_dags/example_skip_dag.py
[2024-03-14T10:55:55.083+0000] {logging_mixin.py:188} INFO - [2024-03-14T10:55:55.082+0000] {dag.py:3047} INFO - Sync 1 DAGs
[2024-03-14T10:55:55.100+0000] {logging_mixin.py:188} INFO - [2024-03-14T10:55:55.100+0000] {dag.py:3834} INFO - Setting next_dagrun for example_skip_dag to 2024-03-13 00:00:00+00:00, run_after=2024-03-14 00:00:00+00:00
[2024-03-14T10:55:55.111+0000] {processor.py:183} INFO - Processing /home/airflow/.local/lib/python3.8/site-packages/airflow/example_dags/example_skip_dag.py took 0.051 seconds
[2024-03-14T10:56:25.151+0000] {processor.py:161} INFO - Started process (PID=118) to work on /home/airflow/.local/lib/python3.8/site-packages/airflow/example_dags/example_skip_dag.py
[2024-03-14T10:56:25.152+0000] {processor.py:830} INFO - Processing file /home/airflow/.local/lib/python3.8/site-packages/airflow/example_dags/example_skip_dag.py for tasks to queue
[2024-03-14T10:56:25.153+0000] {logging_mixin.py:188} INFO - [2024-03-14T10:56:25.152+0000] {dagbag.py:540} INFO - Filling up the DagBag from /home/airflow/.local/lib/python3.8/site-packages/airflow/example_dags/example_skip_dag.py
[2024-03-14T10:56:25.155+0000] {processor.py:840} INFO - DAG(s) 'example_skip_dag' retrieved from /home/airflow/.local/lib/python3.8/site-packages/airflow/example_dags/example_skip_dag.py
[2024-03-14T10:56:25.199+0000] {logging_mixin.py:188} INFO - [2024-03-14T10:56:25.199+0000] {dag.py:3047} INFO - Sync 1 DAGs
[2024-03-14T10:56:25.207+0000] {logging_mixin.py:188} INFO - [2024-03-14T10:56:25.207+0000] {dag.py:3834} INFO - Setting next_dagrun for example_skip_dag to 2024-03-13 00:00:00+00:00, run_after=2024-03-14 00:00:00+00:00
[2024-03-14T10:56:25.213+0000] {processor.py:183} INFO - Processing /home/airflow/.local/lib/python3.8/site-packages/airflow/example_dags/example_skip_dag.py took 0.064 seconds
[2024-03-14T10:56:55.235+0000] {processor.py:161} INFO - Started process (PID=173) to work on /home/airflow/.local/lib/python3.8/site-packages/airflow/example_dags/example_skip_dag.py
[2024-03-14T10:56:55.235+0000] {processor.py:830} INFO - Processing file /home/airflow/.local/lib/python3.8/site-packages/airflow/example_dags/example_skip_dag.py for tasks to queue
[2024-03-14T10:56:55.237+0000] {logging_mixin.py:188} INFO - [2024-03-14T10:56:55.237+0000] {dagbag.py:540} INFO - Filling up the DagBag from /home/airflow/.local/lib/python3.8/site-packages/airflow/example_dags/example_skip_dag.py
[2024-03-14T10:56:55.240+0000] {processor.py:840} INFO - DAG(s) 'example_skip_dag' retrieved from /home/airflow/.local/lib/python3.8/site-packages/airflow/example_dags/example_skip_dag.py
[2024-03-14T10:56:55.250+0000] {logging_mixin.py:188} INFO - [2024-03-14T10:56:55.250+0000] {dag.py:3047} INFO - Sync 1 DAGs
[2024-03-14T10:56:55.258+0000] {logging_mixin.py:188} INFO - [2024-03-14T10:56:55.258+0000] {dag.py:3834} INFO - Setting next_dagrun for example_skip_dag to 2024-03-13 00:00:00+00:00, run_after=2024-03-14 00:00:00+00:00
[2024-03-14T10:56:55.267+0000] {processor.py:183} INFO - Processing /home/airflow/.local/lib/python3.8/site-packages/airflow/example_dags/example_skip_dag.py took 0.034 seconds
[2024-03-14T10:57:25.673+0000] {processor.py:161} INFO - Started process (PID=227) to work on /home/airflow/.local/lib/python3.8/site-packages/airflow/example_dags/example_skip_dag.py
[2024-03-14T10:57:25.674+0000] {processor.py:830} INFO - Processing file /home/airflow/.local/lib/python3.8/site-packages/airflow/example_dags/example_skip_dag.py for tasks to queue
[2024-03-14T10:57:25.675+0000] {logging_mixin.py:188} INFO - [2024-03-14T10:57:25.675+0000] {dagbag.py:540} INFO - Filling up the DagBag from /home/airflow/.local/lib/python3.8/site-packages/airflow/example_dags/example_skip_dag.py
[2024-03-14T10:57:25.678+0000] {processor.py:840} INFO - DAG(s) 'example_skip_dag' retrieved from /home/airflow/.local/lib/python3.8/site-packages/airflow/example_dags/example_skip_dag.py
[2024-03-14T10:57:25.687+0000] {logging_mixin.py:188} INFO - [2024-03-14T10:57:25.687+0000] {dag.py:3047} INFO - Sync 1 DAGs
[2024-03-14T10:57:25.696+0000] {logging_mixin.py:188} INFO - [2024-03-14T10:57:25.696+0000] {dag.py:3834} INFO - Setting next_dagrun for example_skip_dag to 2024-03-13 00:00:00+00:00, run_after=2024-03-14 00:00:00+00:00
[2024-03-14T10:57:25.703+0000] {processor.py:183} INFO - Processing /home/airflow/.local/lib/python3.8/site-packages/airflow/example_dags/example_skip_dag.py took 0.032 seconds
[2024-03-14T10:57:56.083+0000] {processor.py:161} INFO - Started process (PID=282) to work on /home/airflow/.local/lib/python3.8/site-packages/airflow/example_dags/example_skip_dag.py
[2024-03-14T10:57:56.083+0000] {processor.py:830} INFO - Processing file /home/airflow/.local/lib/python3.8/site-packages/airflow/example_dags/example_skip_dag.py for tasks to queue
[2024-03-14T10:57:56.084+0000] {logging_mixin.py:188} INFO - [2024-03-14T10:57:56.084+0000] {dagbag.py:540} INFO - Filling up the DagBag from /home/airflow/.local/lib/python3.8/site-packages/airflow/example_dags/example_skip_dag.py
[2024-03-14T10:57:56.087+0000] {processor.py:840} INFO - DAG(s) 'example_skip_dag' retrieved from /home/airflow/.local/lib/python3.8/site-packages/airflow/example_dags/example_skip_dag.py
[2024-03-14T10:57:56.098+0000] {logging_mixin.py:188} INFO - [2024-03-14T10:57:56.098+0000] {dag.py:3047} INFO - Sync 1 DAGs
[2024-03-14T10:57:56.107+0000] {logging_mixin.py:188} INFO - [2024-03-14T10:57:56.107+0000] {dag.py:3834} INFO - Setting next_dagrun for example_skip_dag to 2024-03-13 00:00:00+00:00, run_after=2024-03-14 00:00:00+00:00
[2024-03-14T10:57:56.113+0000] {processor.py:183} INFO - Processing /home/airflow/.local/lib/python3.8/site-packages/airflow/example_dags/example_skip_dag.py took 0.032 seconds
[2024-03-14T10:58:26.365+0000] {processor.py:161} INFO - Started process (PID=337) to work on /home/airflow/.local/lib/python3.8/site-packages/airflow/example_dags/example_skip_dag.py
[2024-03-14T10:58:26.365+0000] {processor.py:830} INFO - Processing file /home/airflow/.local/lib/python3.8/site-packages/airflow/example_dags/example_skip_dag.py for tasks to queue
[2024-03-14T10:58:26.366+0000] {logging_mixin.py:188} INFO - [2024-03-14T10:58:26.366+0000] {dagbag.py:540} INFO - Filling up the DagBag from /home/airflow/.local/lib/python3.8/site-packages/airflow/example_dags/example_skip_dag.py
[2024-03-14T10:58:26.369+0000] {processor.py:840} INFO - DAG(s) 'example_skip_dag' retrieved from /home/airflow/.local/lib/python3.8/site-packages/airflow/example_dags/example_skip_dag.py
[2024-03-14T10:58:26.378+0000] {logging_mixin.py:188} INFO - [2024-03-14T10:58:26.378+0000] {dag.py:3047} INFO - Sync 1 DAGs
[2024-03-14T10:58:26.390+0000] {logging_mixin.py:188} INFO - [2024-03-14T10:58:26.390+0000] {dag.py:3834} INFO - Setting next_dagrun for example_skip_dag to 2024-03-13 00:00:00+00:00, run_after=2024-03-14 00:00:00+00:00
[2024-03-14T10:58:26.398+0000] {processor.py:183} INFO - Processing /home/airflow/.local/lib/python3.8/site-packages/airflow/example_dags/example_skip_dag.py took 0.035 seconds
[2024-03-14T10:58:56.778+0000] {processor.py:161} INFO - Started process (PID=392) to work on /home/airflow/.local/lib/python3.8/site-packages/airflow/example_dags/example_skip_dag.py
[2024-03-14T10:58:56.779+0000] {processor.py:830} INFO - Processing file /home/airflow/.local/lib/python3.8/site-packages/airflow/example_dags/example_skip_dag.py for tasks to queue
[2024-03-14T10:58:56.780+0000] {logging_mixin.py:188} INFO - [2024-03-14T10:58:56.780+0000] {dagbag.py:540} INFO - Filling up the DagBag from /home/airflow/.local/lib/python3.8/site-packages/airflow/example_dags/example_skip_dag.py
[2024-03-14T10:58:56.783+0000] {processor.py:840} INFO - DAG(s) 'example_skip_dag' retrieved from /home/airflow/.local/lib/python3.8/site-packages/airflow/example_dags/example_skip_dag.py
[2024-03-14T10:58:56.792+0000] {logging_mixin.py:188} INFO - [2024-03-14T10:58:56.792+0000] {dag.py:3047} INFO - Sync 1 DAGs
[2024-03-14T10:58:56.801+0000] {logging_mixin.py:188} INFO - [2024-03-14T10:58:56.801+0000] {dag.py:3834} INFO - Setting next_dagrun for example_skip_dag to 2024-03-13 00:00:00+00:00, run_after=2024-03-14 00:00:00+00:00
[2024-03-14T10:58:56.809+0000] {processor.py:183} INFO - Processing /home/airflow/.local/lib/python3.8/site-packages/airflow/example_dags/example_skip_dag.py took 0.032 seconds
[2024-03-14T10:59:27.175+0000] {processor.py:161} INFO - Started process (PID=447) to work on /home/airflow/.local/lib/python3.8/site-packages/airflow/example_dags/example_skip_dag.py
[2024-03-14T10:59:27.176+0000] {processor.py:830} INFO - Processing file /home/airflow/.local/lib/python3.8/site-packages/airflow/example_dags/example_skip_dag.py for tasks to queue
[2024-03-14T10:59:27.177+0000] {logging_mixin.py:188} INFO - [2024-03-14T10:59:27.176+0000] {dagbag.py:540} INFO - Filling up the DagBag from /home/airflow/.local/lib/python3.8/site-packages/airflow/example_dags/example_skip_dag.py
[2024-03-14T10:59:27.180+0000] {processor.py:840} INFO - DAG(s) 'example_skip_dag' retrieved from /home/airflow/.local/lib/python3.8/site-packages/airflow/example_dags/example_skip_dag.py
[2024-03-14T10:59:27.189+0000] {logging_mixin.py:188} INFO - [2024-03-14T10:59:27.189+0000] {dag.py:3047} INFO - Sync 1 DAGs
[2024-03-14T10:59:27.199+0000] {logging_mixin.py:188} INFO - [2024-03-14T10:59:27.199+0000] {dag.py:3834} INFO - Setting next_dagrun for example_skip_dag to 2024-03-13 00:00:00+00:00, run_after=2024-03-14 00:00:00+00:00
[2024-03-14T10:59:27.206+0000] {processor.py:183} INFO - Processing /home/airflow/.local/lib/python3.8/site-packages/airflow/example_dags/example_skip_dag.py took 0.033 seconds
[2024-03-14T10:59:57.553+0000] {processor.py:161} INFO - Started process (PID=502) to work on /home/airflow/.local/lib/python3.8/site-packages/airflow/example_dags/example_skip_dag.py
[2024-03-14T10:59:57.554+0000] {processor.py:830} INFO - Processing file /home/airflow/.local/lib/python3.8/site-packages/airflow/example_dags/example_skip_dag.py for tasks to queue
[2024-03-14T10:59:57.555+0000] {logging_mixin.py:188} INFO - [2024-03-14T10:59:57.555+0000] {dagbag.py:540} INFO - Filling up the DagBag from /home/airflow/.local/lib/python3.8/site-packages/airflow/example_dags/example_skip_dag.py
[2024-03-14T10:59:57.558+0000] {processor.py:840} INFO - DAG(s) 'example_skip_dag' retrieved from /home/airflow/.local/lib/python3.8/site-packages/airflow/example_dags/example_skip_dag.py
[2024-03-14T10:59:57.568+0000] {logging_mixin.py:188} INFO - [2024-03-14T10:59:57.568+0000] {dag.py:3047} INFO - Sync 1 DAGs
[2024-03-14T10:59:57.577+0000] {logging_mixin.py:188} INFO - [2024-03-14T10:59:57.577+0000] {dag.py:3834} INFO - Setting next_dagrun for example_skip_dag to 2024-03-13 00:00:00+00:00, run_after=2024-03-14 00:00:00+00:00
[2024-03-14T10:59:57.586+0000] {processor.py:183} INFO - Processing /home/airflow/.local/lib/python3.8/site-packages/airflow/example_dags/example_skip_dag.py took 0.035 seconds
[2024-03-14T11:00:27.959+0000] {processor.py:161} INFO - Started process (PID=556) to work on /home/airflow/.local/lib/python3.8/site-packages/airflow/example_dags/example_skip_dag.py
[2024-03-14T11:00:27.959+0000] {processor.py:830} INFO - Processing file /home/airflow/.local/lib/python3.8/site-packages/airflow/example_dags/example_skip_dag.py for tasks to queue
[2024-03-14T11:00:27.960+0000] {logging_mixin.py:188} INFO - [2024-03-14T11:00:27.960+0000] {dagbag.py:540} INFO - Filling up the DagBag from /home/airflow/.local/lib/python3.8/site-packages/airflow/example_dags/example_skip_dag.py
[2024-03-14T11:00:27.963+0000] {processor.py:840} INFO - DAG(s) 'example_skip_dag' retrieved from /home/airflow/.local/lib/python3.8/site-packages/airflow/example_dags/example_skip_dag.py
[2024-03-14T11:00:27.973+0000] {logging_mixin.py:188} INFO - [2024-03-14T11:00:27.973+0000] {dag.py:3047} INFO - Sync 1 DAGs
[2024-03-14T11:00:27.982+0000] {logging_mixin.py:188} INFO - [2024-03-14T11:00:27.982+0000] {dag.py:3834} INFO - Setting next_dagrun for example_skip_dag to 2024-03-13 00:00:00+00:00, run_after=2024-03-14 00:00:00+00:00
[2024-03-14T11:00:27.989+0000] {processor.py:183} INFO - Processing /home/airflow/.local/lib/python3.8/site-packages/airflow/example_dags/example_skip_dag.py took 0.032 seconds
[2024-03-14T11:00:58.385+0000] {processor.py:161} INFO - Started process (PID=611) to work on /home/airflow/.local/lib/python3.8/site-packages/airflow/example_dags/example_skip_dag.py
[2024-03-14T11:00:58.385+0000] {processor.py:830} INFO - Processing file /home/airflow/.local/lib/python3.8/site-packages/airflow/example_dags/example_skip_dag.py for tasks to queue
[2024-03-14T11:00:58.386+0000] {logging_mixin.py:188} INFO - [2024-03-14T11:00:58.386+0000] {dagbag.py:540} INFO - Filling up the DagBag from /home/airflow/.local/lib/python3.8/site-packages/airflow/example_dags/example_skip_dag.py
[2024-03-14T11:00:58.389+0000] {processor.py:840} INFO - DAG(s) 'example_skip_dag' retrieved from /home/airflow/.local/lib/python3.8/site-packages/airflow/example_dags/example_skip_dag.py
[2024-03-14T11:00:58.399+0000] {logging_mixin.py:188} INFO - [2024-03-14T11:00:58.399+0000] {dag.py:3047} INFO - Sync 1 DAGs
[2024-03-14T11:00:58.407+0000] {logging_mixin.py:188} INFO - [2024-03-14T11:00:58.407+0000] {dag.py:3834} INFO - Setting next_dagrun for example_skip_dag to 2024-03-13 00:00:00+00:00, run_after=2024-03-14 00:00:00+00:00
[2024-03-14T11:00:58.415+0000] {processor.py:183} INFO - Processing /home/airflow/.local/lib/python3.8/site-packages/airflow/example_dags/example_skip_dag.py took 0.032 seconds
[2024-03-14T11:01:28.955+0000] {processor.py:161} INFO - Started process (PID=665) to work on /home/airflow/.local/lib/python3.8/site-packages/airflow/example_dags/example_skip_dag.py
[2024-03-14T11:01:28.955+0000] {processor.py:830} INFO - Processing file /home/airflow/.local/lib/python3.8/site-packages/airflow/example_dags/example_skip_dag.py for tasks to queue
[2024-03-14T11:01:28.956+0000] {logging_mixin.py:188} INFO - [2024-03-14T11:01:28.956+0000] {dagbag.py:540} INFO - Filling up the DagBag from /home/airflow/.local/lib/python3.8/site-packages/airflow/example_dags/example_skip_dag.py
[2024-03-14T11:01:28.959+0000] {processor.py:840} INFO - DAG(s) 'example_skip_dag' retrieved from /home/airflow/.local/lib/python3.8/site-packages/airflow/example_dags/example_skip_dag.py
[2024-03-14T11:01:28.969+0000] {logging_mixin.py:188} INFO - [2024-03-14T11:01:28.969+0000] {dag.py:3047} INFO - Sync 1 DAGs
[2024-03-14T11:01:28.978+0000] {logging_mixin.py:188} INFO - [2024-03-14T11:01:28.978+0000] {dag.py:3834} INFO - Setting next_dagrun for example_skip_dag to 2024-03-13 00:00:00+00:00, run_after=2024-03-14 00:00:00+00:00
[2024-03-14T11:01:28.984+0000] {processor.py:183} INFO - Processing /home/airflow/.local/lib/python3.8/site-packages/airflow/example_dags/example_skip_dag.py took 0.031 seconds
[2024-03-14T11:01:59.428+0000] {processor.py:161} INFO - Started process (PID=720) to work on /home/airflow/.local/lib/python3.8/site-packages/airflow/example_dags/example_skip_dag.py
[2024-03-14T11:01:59.429+0000] {processor.py:830} INFO - Processing file /home/airflow/.local/lib/python3.8/site-packages/airflow/example_dags/example_skip_dag.py for tasks to queue
[2024-03-14T11:01:59.430+0000] {logging_mixin.py:188} INFO - [2024-03-14T11:01:59.430+0000] {dagbag.py:540} INFO - Filling up the DagBag from /home/airflow/.local/lib/python3.8/site-packages/airflow/example_dags/example_skip_dag.py
[2024-03-14T11:01:59.433+0000] {processor.py:840} INFO - DAG(s) 'example_skip_dag' retrieved from /home/airflow/.local/lib/python3.8/site-packages/airflow/example_dags/example_skip_dag.py
[2024-03-14T11:01:59.444+0000] {logging_mixin.py:188} INFO - [2024-03-14T11:01:59.444+0000] {dag.py:3047} INFO - Sync 1 DAGs
[2024-03-14T11:01:59.454+0000] {logging_mixin.py:188} INFO - [2024-03-14T11:01:59.454+0000] {dag.py:3834} INFO - Setting next_dagrun for example_skip_dag to 2024-03-13 00:00:00+00:00, run_after=2024-03-14 00:00:00+00:00
[2024-03-14T11:01:59.463+0000] {processor.py:183} INFO - Processing /home/airflow/.local/lib/python3.8/site-packages/airflow/example_dags/example_skip_dag.py took 0.037 seconds
[2024-03-14T11:02:29.998+0000] {processor.py:161} INFO - Started process (PID=776) to work on /home/airflow/.local/lib/python3.8/site-packages/airflow/example_dags/example_skip_dag.py
[2024-03-14T11:02:29.998+0000] {processor.py:830} INFO - Processing file /home/airflow/.local/lib/python3.8/site-packages/airflow/example_dags/example_skip_dag.py for tasks to queue
[2024-03-14T11:02:29.999+0000] {logging_mixin.py:188} INFO - [2024-03-14T11:02:29.999+0000] {dagbag.py:540} INFO - Filling up the DagBag from /home/airflow/.local/lib/python3.8/site-packages/airflow/example_dags/example_skip_dag.py
[2024-03-14T11:02:30.003+0000] {processor.py:840} INFO - DAG(s) 'example_skip_dag' retrieved from /home/airflow/.local/lib/python3.8/site-packages/airflow/example_dags/example_skip_dag.py
[2024-03-14T11:02:30.015+0000] {logging_mixin.py:188} INFO - [2024-03-14T11:02:30.015+0000] {dag.py:3047} INFO - Sync 1 DAGs
[2024-03-14T11:02:30.025+0000] {logging_mixin.py:188} INFO - [2024-03-14T11:02:30.025+0000] {dag.py:3834} INFO - Setting next_dagrun for example_skip_dag to 2024-03-13 00:00:00+00:00, run_after=2024-03-14 00:00:00+00:00
[2024-03-14T11:02:30.033+0000] {processor.py:183} INFO - Processing /home/airflow/.local/lib/python3.8/site-packages/airflow/example_dags/example_skip_dag.py took 0.037 seconds
[2024-03-14T11:03:00.468+0000] {processor.py:161} INFO - Started process (PID=831) to work on /home/airflow/.local/lib/python3.8/site-packages/airflow/example_dags/example_skip_dag.py
[2024-03-14T11:03:00.468+0000] {processor.py:830} INFO - Processing file /home/airflow/.local/lib/python3.8/site-packages/airflow/example_dags/example_skip_dag.py for tasks to queue
[2024-03-14T11:03:00.469+0000] {logging_mixin.py:188} INFO - [2024-03-14T11:03:00.469+0000] {dagbag.py:540} INFO - Filling up the DagBag from /home/airflow/.local/lib/python3.8/site-packages/airflow/example_dags/example_skip_dag.py
[2024-03-14T11:03:00.473+0000] {processor.py:840} INFO - DAG(s) 'example_skip_dag' retrieved from /home/airflow/.local/lib/python3.8/site-packages/airflow/example_dags/example_skip_dag.py
[2024-03-14T11:03:00.483+0000] {logging_mixin.py:188} INFO - [2024-03-14T11:03:00.483+0000] {dag.py:3047} INFO - Sync 1 DAGs
[2024-03-14T11:03:00.493+0000] {logging_mixin.py:188} INFO - [2024-03-14T11:03:00.492+0000] {dag.py:3834} INFO - Setting next_dagrun for example_skip_dag to 2024-03-13 00:00:00+00:00, run_after=2024-03-14 00:00:00+00:00
[2024-03-14T11:03:00.500+0000] {processor.py:183} INFO - Processing /home/airflow/.local/lib/python3.8/site-packages/airflow/example_dags/example_skip_dag.py took 0.034 seconds
[2024-03-14T11:03:30.857+0000] {processor.py:161} INFO - Started process (PID=886) to work on /home/airflow/.local/lib/python3.8/site-packages/airflow/example_dags/example_skip_dag.py
[2024-03-14T11:03:30.858+0000] {processor.py:830} INFO - Processing file /home/airflow/.local/lib/python3.8/site-packages/airflow/example_dags/example_skip_dag.py for tasks to queue
[2024-03-14T11:03:30.859+0000] {logging_mixin.py:188} INFO - [2024-03-14T11:03:30.859+0000] {dagbag.py:540} INFO - Filling up the DagBag from /home/airflow/.local/lib/python3.8/site-packages/airflow/example_dags/example_skip_dag.py
[2024-03-14T11:03:30.862+0000] {processor.py:840} INFO - DAG(s) 'example_skip_dag' retrieved from /home/airflow/.local/lib/python3.8/site-packages/airflow/example_dags/example_skip_dag.py
[2024-03-14T11:03:30.872+0000] {logging_mixin.py:188} INFO - [2024-03-14T11:03:30.872+0000] {dag.py:3047} INFO - Sync 1 DAGs
[2024-03-14T11:03:30.881+0000] {logging_mixin.py:188} INFO - [2024-03-14T11:03:30.881+0000] {dag.py:3834} INFO - Setting next_dagrun for example_skip_dag to 2024-03-13 00:00:00+00:00, run_after=2024-03-14 00:00:00+00:00
[2024-03-14T11:03:30.888+0000] {processor.py:183} INFO - Processing /home/airflow/.local/lib/python3.8/site-packages/airflow/example_dags/example_skip_dag.py took 0.032 seconds
[2024-03-14T11:04:01.311+0000] {processor.py:161} INFO - Started process (PID=941) to work on /home/airflow/.local/lib/python3.8/site-packages/airflow/example_dags/example_skip_dag.py
[2024-03-14T11:04:01.311+0000] {processor.py:830} INFO - Processing file /home/airflow/.local/lib/python3.8/site-packages/airflow/example_dags/example_skip_dag.py for tasks to queue
[2024-03-14T11:04:01.313+0000] {logging_mixin.py:188} INFO - [2024-03-14T11:04:01.312+0000] {dagbag.py:540} INFO - Filling up the DagBag from /home/airflow/.local/lib/python3.8/site-packages/airflow/example_dags/example_skip_dag.py
[2024-03-14T11:04:01.316+0000] {processor.py:840} INFO - DAG(s) 'example_skip_dag' retrieved from /home/airflow/.local/lib/python3.8/site-packages/airflow/example_dags/example_skip_dag.py
[2024-03-14T11:04:01.325+0000] {logging_mixin.py:188} INFO - [2024-03-14T11:04:01.325+0000] {dag.py:3047} INFO - Sync 1 DAGs
[2024-03-14T11:04:01.335+0000] {logging_mixin.py:188} INFO - [2024-03-14T11:04:01.335+0000] {dag.py:3834} INFO - Setting next_dagrun for example_skip_dag to 2024-03-13 00:00:00+00:00, run_after=2024-03-14 00:00:00+00:00
[2024-03-14T11:04:01.342+0000] {processor.py:183} INFO - Processing /home/airflow/.local/lib/python3.8/site-packages/airflow/example_dags/example_skip_dag.py took 0.033 seconds
[2024-03-14T11:04:31.764+0000] {processor.py:161} INFO - Started process (PID=996) to work on /home/airflow/.local/lib/python3.8/site-packages/airflow/example_dags/example_skip_dag.py
[2024-03-14T11:04:31.765+0000] {processor.py:830} INFO - Processing file /home/airflow/.local/lib/python3.8/site-packages/airflow/example_dags/example_skip_dag.py for tasks to queue
[2024-03-14T11:04:31.766+0000] {logging_mixin.py:188} INFO - [2024-03-14T11:04:31.765+0000] {dagbag.py:540} INFO - Filling up the DagBag from /home/airflow/.local/lib/python3.8/site-packages/airflow/example_dags/example_skip_dag.py
[2024-03-14T11:04:31.768+0000] {processor.py:840} INFO - DAG(s) 'example_skip_dag' retrieved from /home/airflow/.local/lib/python3.8/site-packages/airflow/example_dags/example_skip_dag.py
[2024-03-14T11:04:31.779+0000] {logging_mixin.py:188} INFO - [2024-03-14T11:04:31.779+0000] {dag.py:3047} INFO - Sync 1 DAGs
[2024-03-14T11:04:31.789+0000] {logging_mixin.py:188} INFO - [2024-03-14T11:04:31.788+0000] {dag.py:3834} INFO - Setting next_dagrun for example_skip_dag to 2024-03-13 00:00:00+00:00, run_after=2024-03-14 00:00:00+00:00
[2024-03-14T11:04:31.797+0000] {processor.py:183} INFO - Processing /home/airflow/.local/lib/python3.8/site-packages/airflow/example_dags/example_skip_dag.py took 0.034 seconds
[2024-03-14T11:05:02.190+0000] {processor.py:161} INFO - Started process (PID=1051) to work on /home/airflow/.local/lib/python3.8/site-packages/airflow/example_dags/example_skip_dag.py
[2024-03-14T11:05:02.191+0000] {processor.py:830} INFO - Processing file /home/airflow/.local/lib/python3.8/site-packages/airflow/example_dags/example_skip_dag.py for tasks to queue
[2024-03-14T11:05:02.192+0000] {logging_mixin.py:188} INFO - [2024-03-14T11:05:02.192+0000] {dagbag.py:540} INFO - Filling up the DagBag from /home/airflow/.local/lib/python3.8/site-packages/airflow/example_dags/example_skip_dag.py
[2024-03-14T11:05:02.195+0000] {processor.py:840} INFO - DAG(s) 'example_skip_dag' retrieved from /home/airflow/.local/lib/python3.8/site-packages/airflow/example_dags/example_skip_dag.py
[2024-03-14T11:05:02.204+0000] {logging_mixin.py:188} INFO - [2024-03-14T11:05:02.204+0000] {dag.py:3047} INFO - Sync 1 DAGs
[2024-03-14T11:05:02.212+0000] {logging_mixin.py:188} INFO - [2024-03-14T11:05:02.212+0000] {dag.py:3834} INFO - Setting next_dagrun for example_skip_dag to 2024-03-13 00:00:00+00:00, run_after=2024-03-14 00:00:00+00:00
[2024-03-14T11:05:02.218+0000] {processor.py:183} INFO - Processing /home/airflow/.local/lib/python3.8/site-packages/airflow/example_dags/example_skip_dag.py took 0.030 seconds
[2024-03-14T11:05:32.603+0000] {processor.py:161} INFO - Started process (PID=1106) to work on /home/airflow/.local/lib/python3.8/site-packages/airflow/example_dags/example_skip_dag.py
[2024-03-14T11:05:32.604+0000] {processor.py:830} INFO - Processing file /home/airflow/.local/lib/python3.8/site-packages/airflow/example_dags/example_skip_dag.py for tasks to queue
[2024-03-14T11:05:32.604+0000] {logging_mixin.py:188} INFO - [2024-03-14T11:05:32.604+0000] {dagbag.py:540} INFO - Filling up the DagBag from /home/airflow/.local/lib/python3.8/site-packages/airflow/example_dags/example_skip_dag.py
[2024-03-14T11:05:32.607+0000] {processor.py:840} INFO - DAG(s) 'example_skip_dag' retrieved from /home/airflow/.local/lib/python3.8/site-packages/airflow/example_dags/example_skip_dag.py
[2024-03-14T11:05:32.617+0000] {logging_mixin.py:188} INFO - [2024-03-14T11:05:32.617+0000] {dag.py:3047} INFO - Sync 1 DAGs
[2024-03-14T11:05:32.628+0000] {logging_mixin.py:188} INFO - [2024-03-14T11:05:32.628+0000] {dag.py:3834} INFO - Setting next_dagrun for example_skip_dag to 2024-03-13 00:00:00+00:00, run_after=2024-03-14 00:00:00+00:00
[2024-03-14T11:05:32.635+0000] {processor.py:183} INFO - Processing /home/airflow/.local/lib/python3.8/site-packages/airflow/example_dags/example_skip_dag.py took 0.034 seconds
[2024-03-14T11:06:03.079+0000] {processor.py:161} INFO - Started process (PID=1161) to work on /home/airflow/.local/lib/python3.8/site-packages/airflow/example_dags/example_skip_dag.py
[2024-03-14T11:06:03.080+0000] {processor.py:830} INFO - Processing file /home/airflow/.local/lib/python3.8/site-packages/airflow/example_dags/example_skip_dag.py for tasks to queue
[2024-03-14T11:06:03.080+0000] {logging_mixin.py:188} INFO - [2024-03-14T11:06:03.080+0000] {dagbag.py:540} INFO - Filling up the DagBag from /home/airflow/.local/lib/python3.8/site-packages/airflow/example_dags/example_skip_dag.py
[2024-03-14T11:06:03.084+0000] {processor.py:840} INFO - DAG(s) 'example_skip_dag' retrieved from /home/airflow/.local/lib/python3.8/site-packages/airflow/example_dags/example_skip_dag.py
[2024-03-14T11:06:03.094+0000] {logging_mixin.py:188} INFO - [2024-03-14T11:06:03.094+0000] {dag.py:3047} INFO - Sync 1 DAGs
[2024-03-14T11:06:03.102+0000] {logging_mixin.py:188} INFO - [2024-03-14T11:06:03.102+0000] {dag.py:3834} INFO - Setting next_dagrun for example_skip_dag to 2024-03-13 00:00:00+00:00, run_after=2024-03-14 00:00:00+00:00
[2024-03-14T11:06:03.110+0000] {processor.py:183} INFO - Processing /home/airflow/.local/lib/python3.8/site-packages/airflow/example_dags/example_skip_dag.py took 0.032 seconds
[2024-03-14T11:06:33.485+0000] {processor.py:161} INFO - Started process (PID=1216) to work on /home/airflow/.local/lib/python3.8/site-packages/airflow/example_dags/example_skip_dag.py
[2024-03-14T11:06:33.486+0000] {processor.py:830} INFO - Processing file /home/airflow/.local/lib/python3.8/site-packages/airflow/example_dags/example_skip_dag.py for tasks to queue
[2024-03-14T11:06:33.487+0000] {logging_mixin.py:188} INFO - [2024-03-14T11:06:33.487+0000] {dagbag.py:540} INFO - Filling up the DagBag from /home/airflow/.local/lib/python3.8/site-packages/airflow/example_dags/example_skip_dag.py
[2024-03-14T11:06:33.490+0000] {processor.py:840} INFO - DAG(s) 'example_skip_dag' retrieved from /home/airflow/.local/lib/python3.8/site-packages/airflow/example_dags/example_skip_dag.py
[2024-03-14T11:06:33.499+0000] {logging_mixin.py:188} INFO - [2024-03-14T11:06:33.499+0000] {dag.py:3047} INFO - Sync 1 DAGs
[2024-03-14T11:06:33.508+0000] {logging_mixin.py:188} INFO - [2024-03-14T11:06:33.508+0000] {dag.py:3834} INFO - Setting next_dagrun for example_skip_dag to 2024-03-13 00:00:00+00:00, run_after=2024-03-14 00:00:00+00:00
[2024-03-14T11:06:33.516+0000] {processor.py:183} INFO - Processing /home/airflow/.local/lib/python3.8/site-packages/airflow/example_dags/example_skip_dag.py took 0.032 seconds
[2024-03-14T11:07:03.889+0000] {processor.py:161} INFO - Started process (PID=1270) to work on /home/airflow/.local/lib/python3.8/site-packages/airflow/example_dags/example_skip_dag.py
[2024-03-14T11:07:03.889+0000] {processor.py:830} INFO - Processing file /home/airflow/.local/lib/python3.8/site-packages/airflow/example_dags/example_skip_dag.py for tasks to queue
[2024-03-14T11:07:03.890+0000] {logging_mixin.py:188} INFO - [2024-03-14T11:07:03.890+0000] {dagbag.py:540} INFO - Filling up the DagBag from /home/airflow/.local/lib/python3.8/site-packages/airflow/example_dags/example_skip_dag.py
[2024-03-14T11:07:03.893+0000] {processor.py:840} INFO - DAG(s) 'example_skip_dag' retrieved from /home/airflow/.local/lib/python3.8/site-packages/airflow/example_dags/example_skip_dag.py
[2024-03-14T11:07:03.902+0000] {logging_mixin.py:188} INFO - [2024-03-14T11:07:03.902+0000] {dag.py:3047} INFO - Sync 1 DAGs
[2024-03-14T11:07:03.912+0000] {logging_mixin.py:188} INFO - [2024-03-14T11:07:03.911+0000] {dag.py:3834} INFO - Setting next_dagrun for example_skip_dag to 2024-03-13 00:00:00+00:00, run_after=2024-03-14 00:00:00+00:00
[2024-03-14T11:07:03.918+0000] {processor.py:183} INFO - Processing /home/airflow/.local/lib/python3.8/site-packages/airflow/example_dags/example_skip_dag.py took 0.031 seconds
[2024-03-14T11:07:34.314+0000] {processor.py:161} INFO - Started process (PID=1325) to work on /home/airflow/.local/lib/python3.8/site-packages/airflow/example_dags/example_skip_dag.py
[2024-03-14T11:07:34.315+0000] {processor.py:830} INFO - Processing file /home/airflow/.local/lib/python3.8/site-packages/airflow/example_dags/example_skip_dag.py for tasks to queue
[2024-03-14T11:07:34.316+0000] {logging_mixin.py:188} INFO - [2024-03-14T11:07:34.315+0000] {dagbag.py:540} INFO - Filling up the DagBag from /home/airflow/.local/lib/python3.8/site-packages/airflow/example_dags/example_skip_dag.py
[2024-03-14T11:07:34.319+0000] {processor.py:840} INFO - DAG(s) 'example_skip_dag' retrieved from /home/airflow/.local/lib/python3.8/site-packages/airflow/example_dags/example_skip_dag.py
[2024-03-14T11:07:34.328+0000] {logging_mixin.py:188} INFO - [2024-03-14T11:07:34.328+0000] {dag.py:3047} INFO - Sync 1 DAGs
[2024-03-14T11:07:34.337+0000] {logging_mixin.py:188} INFO - [2024-03-14T11:07:34.337+0000] {dag.py:3834} INFO - Setting next_dagrun for example_skip_dag to 2024-03-13 00:00:00+00:00, run_after=2024-03-14 00:00:00+00:00
[2024-03-14T11:07:34.344+0000] {processor.py:183} INFO - Processing /home/airflow/.local/lib/python3.8/site-packages/airflow/example_dags/example_skip_dag.py took 0.031 seconds
[2024-03-14T11:08:04.687+0000] {processor.py:161} INFO - Started process (PID=1380) to work on /home/airflow/.local/lib/python3.8/site-packages/airflow/example_dags/example_skip_dag.py
[2024-03-14T11:08:04.687+0000] {processor.py:830} INFO - Processing file /home/airflow/.local/lib/python3.8/site-packages/airflow/example_dags/example_skip_dag.py for tasks to queue
[2024-03-14T11:08:04.688+0000] {logging_mixin.py:188} INFO - [2024-03-14T11:08:04.688+0000] {dagbag.py:540} INFO - Filling up the DagBag from /home/airflow/.local/lib/python3.8/site-packages/airflow/example_dags/example_skip_dag.py
[2024-03-14T11:08:04.691+0000] {processor.py:840} INFO - DAG(s) 'example_skip_dag' retrieved from /home/airflow/.local/lib/python3.8/site-packages/airflow/example_dags/example_skip_dag.py
[2024-03-14T11:08:04.701+0000] {logging_mixin.py:188} INFO - [2024-03-14T11:08:04.700+0000] {dag.py:3047} INFO - Sync 1 DAGs
[2024-03-14T11:08:04.710+0000] {logging_mixin.py:188} INFO - [2024-03-14T11:08:04.709+0000] {dag.py:3834} INFO - Setting next_dagrun for example_skip_dag to 2024-03-13 00:00:00+00:00, run_after=2024-03-14 00:00:00+00:00
[2024-03-14T11:08:04.716+0000] {processor.py:183} INFO - Processing /home/airflow/.local/lib/python3.8/site-packages/airflow/example_dags/example_skip_dag.py took 0.031 seconds
[2024-03-14T11:08:34.966+0000] {processor.py:161} INFO - Started process (PID=1435) to work on /home/airflow/.local/lib/python3.8/site-packages/airflow/example_dags/example_skip_dag.py
[2024-03-14T11:08:34.967+0000] {processor.py:830} INFO - Processing file /home/airflow/.local/lib/python3.8/site-packages/airflow/example_dags/example_skip_dag.py for tasks to queue
[2024-03-14T11:08:34.968+0000] {logging_mixin.py:188} INFO - [2024-03-14T11:08:34.968+0000] {dagbag.py:540} INFO - Filling up the DagBag from /home/airflow/.local/lib/python3.8/site-packages/airflow/example_dags/example_skip_dag.py
[2024-03-14T11:08:34.971+0000] {processor.py:840} INFO - DAG(s) 'example_skip_dag' retrieved from /home/airflow/.local/lib/python3.8/site-packages/airflow/example_dags/example_skip_dag.py
[2024-03-14T11:08:34.980+0000] {logging_mixin.py:188} INFO - [2024-03-14T11:08:34.980+0000] {dag.py:3047} INFO - Sync 1 DAGs
[2024-03-14T11:08:34.989+0000] {logging_mixin.py:188} INFO - [2024-03-14T11:08:34.989+0000] {dag.py:3834} INFO - Setting next_dagrun for example_skip_dag to 2024-03-13 00:00:00+00:00, run_after=2024-03-14 00:00:00+00:00
[2024-03-14T11:08:34.996+0000] {processor.py:183} INFO - Processing /home/airflow/.local/lib/python3.8/site-packages/airflow/example_dags/example_skip_dag.py took 0.031 seconds
[2024-03-14T11:09:05.330+0000] {processor.py:161} INFO - Started process (PID=1490) to work on /home/airflow/.local/lib/python3.8/site-packages/airflow/example_dags/example_skip_dag.py
[2024-03-14T11:09:05.330+0000] {processor.py:830} INFO - Processing file /home/airflow/.local/lib/python3.8/site-packages/airflow/example_dags/example_skip_dag.py for tasks to queue
[2024-03-14T11:09:05.331+0000] {logging_mixin.py:188} INFO - [2024-03-14T11:09:05.331+0000] {dagbag.py:540} INFO - Filling up the DagBag from /home/airflow/.local/lib/python3.8/site-packages/airflow/example_dags/example_skip_dag.py
[2024-03-14T11:09:05.334+0000] {processor.py:840} INFO - DAG(s) 'example_skip_dag' retrieved from /home/airflow/.local/lib/python3.8/site-packages/airflow/example_dags/example_skip_dag.py
[2024-03-14T11:09:05.344+0000] {logging_mixin.py:188} INFO - [2024-03-14T11:09:05.344+0000] {dag.py:3047} INFO - Sync 1 DAGs
[2024-03-14T11:09:05.353+0000] {logging_mixin.py:188} INFO - [2024-03-14T11:09:05.353+0000] {dag.py:3834} INFO - Setting next_dagrun for example_skip_dag to 2024-03-13 00:00:00+00:00, run_after=2024-03-14 00:00:00+00:00
[2024-03-14T11:09:05.360+0000] {processor.py:183} INFO - Processing /home/airflow/.local/lib/python3.8/site-packages/airflow/example_dags/example_skip_dag.py took 0.032 seconds
[2024-03-14T11:09:35.704+0000] {processor.py:161} INFO - Started process (PID=1545) to work on /home/airflow/.local/lib/python3.8/site-packages/airflow/example_dags/example_skip_dag.py
[2024-03-14T11:09:35.705+0000] {processor.py:830} INFO - Processing file /home/airflow/.local/lib/python3.8/site-packages/airflow/example_dags/example_skip_dag.py for tasks to queue
[2024-03-14T11:09:35.708+0000] {logging_mixin.py:188} INFO - [2024-03-14T11:09:35.708+0000] {dagbag.py:540} INFO - Filling up the DagBag from /home/airflow/.local/lib/python3.8/site-packages/airflow/example_dags/example_skip_dag.py
[2024-03-14T11:09:35.712+0000] {processor.py:840} INFO - DAG(s) 'example_skip_dag' retrieved from /home/airflow/.local/lib/python3.8/site-packages/airflow/example_dags/example_skip_dag.py
[2024-03-14T11:09:35.721+0000] {logging_mixin.py:188} INFO - [2024-03-14T11:09:35.721+0000] {dag.py:3047} INFO - Sync 1 DAGs
[2024-03-14T11:09:35.730+0000] {logging_mixin.py:188} INFO - [2024-03-14T11:09:35.730+0000] {dag.py:3834} INFO - Setting next_dagrun for example_skip_dag to 2024-03-13 00:00:00+00:00, run_after=2024-03-14 00:00:00+00:00
[2024-03-14T11:09:35.737+0000] {processor.py:183} INFO - Processing /home/airflow/.local/lib/python3.8/site-packages/airflow/example_dags/example_skip_dag.py took 0.035 seconds
[2024-03-14T11:10:06.129+0000] {processor.py:161} INFO - Started process (PID=1599) to work on /home/airflow/.local/lib/python3.8/site-packages/airflow/example_dags/example_skip_dag.py
[2024-03-14T11:10:06.129+0000] {processor.py:830} INFO - Processing file /home/airflow/.local/lib/python3.8/site-packages/airflow/example_dags/example_skip_dag.py for tasks to queue
[2024-03-14T11:10:06.130+0000] {logging_mixin.py:188} INFO - [2024-03-14T11:10:06.130+0000] {dagbag.py:540} INFO - Filling up the DagBag from /home/airflow/.local/lib/python3.8/site-packages/airflow/example_dags/example_skip_dag.py
[2024-03-14T11:10:06.133+0000] {processor.py:840} INFO - DAG(s) 'example_skip_dag' retrieved from /home/airflow/.local/lib/python3.8/site-packages/airflow/example_dags/example_skip_dag.py
[2024-03-14T11:10:06.143+0000] {logging_mixin.py:188} INFO - [2024-03-14T11:10:06.142+0000] {dag.py:3047} INFO - Sync 1 DAGs
[2024-03-14T11:10:06.151+0000] {logging_mixin.py:188} INFO - [2024-03-14T11:10:06.151+0000] {dag.py:3834} INFO - Setting next_dagrun for example_skip_dag to 2024-03-13 00:00:00+00:00, run_after=2024-03-14 00:00:00+00:00
[2024-03-14T11:10:06.159+0000] {processor.py:183} INFO - Processing /home/airflow/.local/lib/python3.8/site-packages/airflow/example_dags/example_skip_dag.py took 0.032 seconds
[2024-03-14T11:10:36.514+0000] {processor.py:161} INFO - Started process (PID=1654) to work on /home/airflow/.local/lib/python3.8/site-packages/airflow/example_dags/example_skip_dag.py
[2024-03-14T11:10:36.514+0000] {processor.py:830} INFO - Processing file /home/airflow/.local/lib/python3.8/site-packages/airflow/example_dags/example_skip_dag.py for tasks to queue
[2024-03-14T11:10:36.515+0000] {logging_mixin.py:188} INFO - [2024-03-14T11:10:36.515+0000] {dagbag.py:540} INFO - Filling up the DagBag from /home/airflow/.local/lib/python3.8/site-packages/airflow/example_dags/example_skip_dag.py
[2024-03-14T11:10:36.518+0000] {processor.py:840} INFO - DAG(s) 'example_skip_dag' retrieved from /home/airflow/.local/lib/python3.8/site-packages/airflow/example_dags/example_skip_dag.py
[2024-03-14T11:10:36.527+0000] {logging_mixin.py:188} INFO - [2024-03-14T11:10:36.527+0000] {dag.py:3047} INFO - Sync 1 DAGs
[2024-03-14T11:10:36.536+0000] {logging_mixin.py:188} INFO - [2024-03-14T11:10:36.536+0000] {dag.py:3834} INFO - Setting next_dagrun for example_skip_dag to 2024-03-13 00:00:00+00:00, run_after=2024-03-14 00:00:00+00:00
[2024-03-14T11:10:36.543+0000] {processor.py:183} INFO - Processing /home/airflow/.local/lib/python3.8/site-packages/airflow/example_dags/example_skip_dag.py took 0.031 seconds
[2024-03-14T11:11:06.903+0000] {processor.py:161} INFO - Started process (PID=1709) to work on /home/airflow/.local/lib/python3.8/site-packages/airflow/example_dags/example_skip_dag.py
[2024-03-14T11:11:06.904+0000] {processor.py:830} INFO - Processing file /home/airflow/.local/lib/python3.8/site-packages/airflow/example_dags/example_skip_dag.py for tasks to queue
[2024-03-14T11:11:06.905+0000] {logging_mixin.py:188} INFO - [2024-03-14T11:11:06.905+0000] {dagbag.py:540} INFO - Filling up the DagBag from /home/airflow/.local/lib/python3.8/site-packages/airflow/example_dags/example_skip_dag.py
[2024-03-14T11:11:06.910+0000] {processor.py:840} INFO - DAG(s) 'example_skip_dag' retrieved from /home/airflow/.local/lib/python3.8/site-packages/airflow/example_dags/example_skip_dag.py
[2024-03-14T11:11:06.922+0000] {logging_mixin.py:188} INFO - [2024-03-14T11:11:06.922+0000] {dag.py:3047} INFO - Sync 1 DAGs
[2024-03-14T11:11:06.933+0000] {logging_mixin.py:188} INFO - [2024-03-14T11:11:06.933+0000] {dag.py:3834} INFO - Setting next_dagrun for example_skip_dag to 2024-03-13 00:00:00+00:00, run_after=2024-03-14 00:00:00+00:00
[2024-03-14T11:11:06.943+0000] {processor.py:183} INFO - Processing /home/airflow/.local/lib/python3.8/site-packages/airflow/example_dags/example_skip_dag.py took 0.042 seconds
[2024-03-14T11:11:37.307+0000] {processor.py:161} INFO - Started process (PID=1763) to work on /home/airflow/.local/lib/python3.8/site-packages/airflow/example_dags/example_skip_dag.py
[2024-03-14T11:11:37.308+0000] {processor.py:830} INFO - Processing file /home/airflow/.local/lib/python3.8/site-packages/airflow/example_dags/example_skip_dag.py for tasks to queue
[2024-03-14T11:11:37.308+0000] {logging_mixin.py:188} INFO - [2024-03-14T11:11:37.308+0000] {dagbag.py:540} INFO - Filling up the DagBag from /home/airflow/.local/lib/python3.8/site-packages/airflow/example_dags/example_skip_dag.py
[2024-03-14T11:11:37.312+0000] {processor.py:840} INFO - DAG(s) 'example_skip_dag' retrieved from /home/airflow/.local/lib/python3.8/site-packages/airflow/example_dags/example_skip_dag.py
[2024-03-14T11:11:37.322+0000] {logging_mixin.py:188} INFO - [2024-03-14T11:11:37.321+0000] {dag.py:3047} INFO - Sync 1 DAGs
[2024-03-14T11:11:37.331+0000] {logging_mixin.py:188} INFO - [2024-03-14T11:11:37.330+0000] {dag.py:3834} INFO - Setting next_dagrun for example_skip_dag to 2024-03-13 00:00:00+00:00, run_after=2024-03-14 00:00:00+00:00
[2024-03-14T11:11:37.338+0000] {processor.py:183} INFO - Processing /home/airflow/.local/lib/python3.8/site-packages/airflow/example_dags/example_skip_dag.py took 0.032 seconds
[2024-03-14T11:12:07.802+0000] {processor.py:161} INFO - Started process (PID=1818) to work on /home/airflow/.local/lib/python3.8/site-packages/airflow/example_dags/example_skip_dag.py
[2024-03-14T11:12:07.803+0000] {processor.py:830} INFO - Processing file /home/airflow/.local/lib/python3.8/site-packages/airflow/example_dags/example_skip_dag.py for tasks to queue
[2024-03-14T11:12:07.803+0000] {logging_mixin.py:188} INFO - [2024-03-14T11:12:07.803+0000] {dagbag.py:540} INFO - Filling up the DagBag from /home/airflow/.local/lib/python3.8/site-packages/airflow/example_dags/example_skip_dag.py
[2024-03-14T11:12:07.806+0000] {processor.py:840} INFO - DAG(s) 'example_skip_dag' retrieved from /home/airflow/.local/lib/python3.8/site-packages/airflow/example_dags/example_skip_dag.py
[2024-03-14T11:12:07.816+0000] {logging_mixin.py:188} INFO - [2024-03-14T11:12:07.816+0000] {dag.py:3047} INFO - Sync 1 DAGs
[2024-03-14T11:12:07.825+0000] {logging_mixin.py:188} INFO - [2024-03-14T11:12:07.825+0000] {dag.py:3834} INFO - Setting next_dagrun for example_skip_dag to 2024-03-13 00:00:00+00:00, run_after=2024-03-14 00:00:00+00:00
[2024-03-14T11:12:07.832+0000] {processor.py:183} INFO - Processing /home/airflow/.local/lib/python3.8/site-packages/airflow/example_dags/example_skip_dag.py took 0.032 seconds
[2024-03-14T11:12:38.251+0000] {processor.py:161} INFO - Started process (PID=1873) to work on /home/airflow/.local/lib/python3.8/site-packages/airflow/example_dags/example_skip_dag.py
[2024-03-14T11:12:38.252+0000] {processor.py:830} INFO - Processing file /home/airflow/.local/lib/python3.8/site-packages/airflow/example_dags/example_skip_dag.py for tasks to queue
[2024-03-14T11:12:38.253+0000] {logging_mixin.py:188} INFO - [2024-03-14T11:12:38.253+0000] {dagbag.py:540} INFO - Filling up the DagBag from /home/airflow/.local/lib/python3.8/site-packages/airflow/example_dags/example_skip_dag.py
[2024-03-14T11:12:38.256+0000] {processor.py:840} INFO - DAG(s) 'example_skip_dag' retrieved from /home/airflow/.local/lib/python3.8/site-packages/airflow/example_dags/example_skip_dag.py
[2024-03-14T11:12:38.265+0000] {logging_mixin.py:188} INFO - [2024-03-14T11:12:38.265+0000] {dag.py:3047} INFO - Sync 1 DAGs
[2024-03-14T11:12:38.274+0000] {logging_mixin.py:188} INFO - [2024-03-14T11:12:38.274+0000] {dag.py:3834} INFO - Setting next_dagrun for example_skip_dag to 2024-03-13 00:00:00+00:00, run_after=2024-03-14 00:00:00+00:00
[2024-03-14T11:12:38.281+0000] {processor.py:183} INFO - Processing /home/airflow/.local/lib/python3.8/site-packages/airflow/example_dags/example_skip_dag.py took 0.031 seconds
[2024-03-14T11:13:08.587+0000] {processor.py:161} INFO - Started process (PID=1927) to work on /home/airflow/.local/lib/python3.8/site-packages/airflow/example_dags/example_skip_dag.py
[2024-03-14T11:13:08.587+0000] {processor.py:830} INFO - Processing file /home/airflow/.local/lib/python3.8/site-packages/airflow/example_dags/example_skip_dag.py for tasks to queue
[2024-03-14T11:13:08.588+0000] {logging_mixin.py:188} INFO - [2024-03-14T11:13:08.588+0000] {dagbag.py:540} INFO - Filling up the DagBag from /home/airflow/.local/lib/python3.8/site-packages/airflow/example_dags/example_skip_dag.py
[2024-03-14T11:13:08.592+0000] {processor.py:840} INFO - DAG(s) 'example_skip_dag' retrieved from /home/airflow/.local/lib/python3.8/site-packages/airflow/example_dags/example_skip_dag.py
[2024-03-14T11:13:08.601+0000] {logging_mixin.py:188} INFO - [2024-03-14T11:13:08.601+0000] {dag.py:3047} INFO - Sync 1 DAGs
[2024-03-14T11:13:08.610+0000] {logging_mixin.py:188} INFO - [2024-03-14T11:13:08.610+0000] {dag.py:3834} INFO - Setting next_dagrun for example_skip_dag to 2024-03-13 00:00:00+00:00, run_after=2024-03-14 00:00:00+00:00
[2024-03-14T11:13:08.617+0000] {processor.py:183} INFO - Processing /home/airflow/.local/lib/python3.8/site-packages/airflow/example_dags/example_skip_dag.py took 0.032 seconds
[2024-03-14T11:13:38.925+0000] {processor.py:161} INFO - Started process (PID=1982) to work on /home/airflow/.local/lib/python3.8/site-packages/airflow/example_dags/example_skip_dag.py
[2024-03-14T11:13:38.925+0000] {processor.py:830} INFO - Processing file /home/airflow/.local/lib/python3.8/site-packages/airflow/example_dags/example_skip_dag.py for tasks to queue
[2024-03-14T11:13:38.926+0000] {logging_mixin.py:188} INFO - [2024-03-14T11:13:38.926+0000] {dagbag.py:540} INFO - Filling up the DagBag from /home/airflow/.local/lib/python3.8/site-packages/airflow/example_dags/example_skip_dag.py
[2024-03-14T11:13:38.929+0000] {processor.py:840} INFO - DAG(s) 'example_skip_dag' retrieved from /home/airflow/.local/lib/python3.8/site-packages/airflow/example_dags/example_skip_dag.py
[2024-03-14T11:13:38.938+0000] {logging_mixin.py:188} INFO - [2024-03-14T11:13:38.938+0000] {dag.py:3047} INFO - Sync 1 DAGs
[2024-03-14T11:13:38.947+0000] {logging_mixin.py:188} INFO - [2024-03-14T11:13:38.947+0000] {dag.py:3834} INFO - Setting next_dagrun for example_skip_dag to 2024-03-13 00:00:00+00:00, run_after=2024-03-14 00:00:00+00:00
[2024-03-14T11:13:38.954+0000] {processor.py:183} INFO - Processing /home/airflow/.local/lib/python3.8/site-packages/airflow/example_dags/example_skip_dag.py took 0.031 seconds
[2024-03-14T11:14:09.318+0000] {processor.py:161} INFO - Started process (PID=2037) to work on /home/airflow/.local/lib/python3.8/site-packages/airflow/example_dags/example_skip_dag.py
[2024-03-14T11:14:09.319+0000] {processor.py:830} INFO - Processing file /home/airflow/.local/lib/python3.8/site-packages/airflow/example_dags/example_skip_dag.py for tasks to queue
[2024-03-14T11:14:09.320+0000] {logging_mixin.py:188} INFO - [2024-03-14T11:14:09.319+0000] {dagbag.py:540} INFO - Filling up the DagBag from /home/airflow/.local/lib/python3.8/site-packages/airflow/example_dags/example_skip_dag.py
[2024-03-14T11:14:09.323+0000] {processor.py:840} INFO - DAG(s) 'example_skip_dag' retrieved from /home/airflow/.local/lib/python3.8/site-packages/airflow/example_dags/example_skip_dag.py
[2024-03-14T11:14:09.332+0000] {logging_mixin.py:188} INFO - [2024-03-14T11:14:09.332+0000] {dag.py:3047} INFO - Sync 1 DAGs
[2024-03-14T11:14:09.341+0000] {logging_mixin.py:188} INFO - [2024-03-14T11:14:09.341+0000] {dag.py:3834} INFO - Setting next_dagrun for example_skip_dag to 2024-03-13 00:00:00+00:00, run_after=2024-03-14 00:00:00+00:00
[2024-03-14T11:14:09.348+0000] {processor.py:183} INFO - Processing /home/airflow/.local/lib/python3.8/site-packages/airflow/example_dags/example_skip_dag.py took 0.032 seconds
[2024-03-14T11:14:39.697+0000] {processor.py:161} INFO - Started process (PID=2092) to work on /home/airflow/.local/lib/python3.8/site-packages/airflow/example_dags/example_skip_dag.py
[2024-03-14T11:14:39.698+0000] {processor.py:830} INFO - Processing file /home/airflow/.local/lib/python3.8/site-packages/airflow/example_dags/example_skip_dag.py for tasks to queue
[2024-03-14T11:14:39.699+0000] {logging_mixin.py:188} INFO - [2024-03-14T11:14:39.699+0000] {dagbag.py:540} INFO - Filling up the DagBag from /home/airflow/.local/lib/python3.8/site-packages/airflow/example_dags/example_skip_dag.py
[2024-03-14T11:14:39.704+0000] {processor.py:840} INFO - DAG(s) 'example_skip_dag' retrieved from /home/airflow/.local/lib/python3.8/site-packages/airflow/example_dags/example_skip_dag.py
[2024-03-14T11:14:39.714+0000] {logging_mixin.py:188} INFO - [2024-03-14T11:14:39.714+0000] {dag.py:3047} INFO - Sync 1 DAGs
[2024-03-14T11:14:39.723+0000] {logging_mixin.py:188} INFO - [2024-03-14T11:14:39.723+0000] {dag.py:3834} INFO - Setting next_dagrun for example_skip_dag to 2024-03-13 00:00:00+00:00, run_after=2024-03-14 00:00:00+00:00
[2024-03-14T11:14:39.730+0000] {processor.py:183} INFO - Processing /home/airflow/.local/lib/python3.8/site-packages/airflow/example_dags/example_skip_dag.py took 0.035 seconds
[2024-03-14T11:15:10.036+0000] {processor.py:161} INFO - Started process (PID=2147) to work on /home/airflow/.local/lib/python3.8/site-packages/airflow/example_dags/example_skip_dag.py
[2024-03-14T11:15:10.037+0000] {processor.py:830} INFO - Processing file /home/airflow/.local/lib/python3.8/site-packages/airflow/example_dags/example_skip_dag.py for tasks to queue
[2024-03-14T11:15:10.038+0000] {logging_mixin.py:188} INFO - [2024-03-14T11:15:10.037+0000] {dagbag.py:540} INFO - Filling up the DagBag from /home/airflow/.local/lib/python3.8/site-packages/airflow/example_dags/example_skip_dag.py
[2024-03-14T11:15:10.041+0000] {processor.py:840} INFO - DAG(s) 'example_skip_dag' retrieved from /home/airflow/.local/lib/python3.8/site-packages/airflow/example_dags/example_skip_dag.py
[2024-03-14T11:15:10.050+0000] {logging_mixin.py:188} INFO - [2024-03-14T11:15:10.049+0000] {dag.py:3047} INFO - Sync 1 DAGs
[2024-03-14T11:15:10.059+0000] {logging_mixin.py:188} INFO - [2024-03-14T11:15:10.059+0000] {dag.py:3834} INFO - Setting next_dagrun for example_skip_dag to 2024-03-13 00:00:00+00:00, run_after=2024-03-14 00:00:00+00:00
[2024-03-14T11:15:10.066+0000] {processor.py:183} INFO - Processing /home/airflow/.local/lib/python3.8/site-packages/airflow/example_dags/example_skip_dag.py took 0.031 seconds
[2024-03-14T11:15:40.446+0000] {processor.py:161} INFO - Started process (PID=2202) to work on /home/airflow/.local/lib/python3.8/site-packages/airflow/example_dags/example_skip_dag.py
[2024-03-14T11:15:40.446+0000] {processor.py:830} INFO - Processing file /home/airflow/.local/lib/python3.8/site-packages/airflow/example_dags/example_skip_dag.py for tasks to queue
[2024-03-14T11:15:40.447+0000] {logging_mixin.py:188} INFO - [2024-03-14T11:15:40.447+0000] {dagbag.py:540} INFO - Filling up the DagBag from /home/airflow/.local/lib/python3.8/site-packages/airflow/example_dags/example_skip_dag.py
[2024-03-14T11:15:40.450+0000] {processor.py:840} INFO - DAG(s) 'example_skip_dag' retrieved from /home/airflow/.local/lib/python3.8/site-packages/airflow/example_dags/example_skip_dag.py
[2024-03-14T11:15:40.460+0000] {logging_mixin.py:188} INFO - [2024-03-14T11:15:40.460+0000] {dag.py:3047} INFO - Sync 1 DAGs
[2024-03-14T11:15:40.469+0000] {logging_mixin.py:188} INFO - [2024-03-14T11:15:40.469+0000] {dag.py:3834} INFO - Setting next_dagrun for example_skip_dag to 2024-03-13 00:00:00+00:00, run_after=2024-03-14 00:00:00+00:00
[2024-03-14T11:15:40.476+0000] {processor.py:183} INFO - Processing /home/airflow/.local/lib/python3.8/site-packages/airflow/example_dags/example_skip_dag.py took 0.032 seconds
[2024-03-14T11:16:10.908+0000] {processor.py:161} INFO - Started process (PID=2256) to work on /home/airflow/.local/lib/python3.8/site-packages/airflow/example_dags/example_skip_dag.py
[2024-03-14T11:16:10.909+0000] {processor.py:830} INFO - Processing file /home/airflow/.local/lib/python3.8/site-packages/airflow/example_dags/example_skip_dag.py for tasks to queue
[2024-03-14T11:16:10.910+0000] {logging_mixin.py:188} INFO - [2024-03-14T11:16:10.910+0000] {dagbag.py:540} INFO - Filling up the DagBag from /home/airflow/.local/lib/python3.8/site-packages/airflow/example_dags/example_skip_dag.py
[2024-03-14T11:16:10.913+0000] {processor.py:840} INFO - DAG(s) 'example_skip_dag' retrieved from /home/airflow/.local/lib/python3.8/site-packages/airflow/example_dags/example_skip_dag.py
[2024-03-14T11:16:10.922+0000] {logging_mixin.py:188} INFO - [2024-03-14T11:16:10.922+0000] {dag.py:3047} INFO - Sync 1 DAGs
[2024-03-14T11:16:10.932+0000] {logging_mixin.py:188} INFO - [2024-03-14T11:16:10.932+0000] {dag.py:3834} INFO - Setting next_dagrun for example_skip_dag to 2024-03-13 00:00:00+00:00, run_after=2024-03-14 00:00:00+00:00
[2024-03-14T11:16:10.940+0000] {processor.py:183} INFO - Processing /home/airflow/.local/lib/python3.8/site-packages/airflow/example_dags/example_skip_dag.py took 0.033 seconds
[2024-03-14T11:16:41.317+0000] {processor.py:161} INFO - Started process (PID=2311) to work on /home/airflow/.local/lib/python3.8/site-packages/airflow/example_dags/example_skip_dag.py
[2024-03-14T11:16:41.318+0000] {processor.py:830} INFO - Processing file /home/airflow/.local/lib/python3.8/site-packages/airflow/example_dags/example_skip_dag.py for tasks to queue
[2024-03-14T11:16:41.319+0000] {logging_mixin.py:188} INFO - [2024-03-14T11:16:41.319+0000] {dagbag.py:540} INFO - Filling up the DagBag from /home/airflow/.local/lib/python3.8/site-packages/airflow/example_dags/example_skip_dag.py
[2024-03-14T11:16:41.322+0000] {processor.py:840} INFO - DAG(s) 'example_skip_dag' retrieved from /home/airflow/.local/lib/python3.8/site-packages/airflow/example_dags/example_skip_dag.py
[2024-03-14T11:16:41.332+0000] {logging_mixin.py:188} INFO - [2024-03-14T11:16:41.332+0000] {dag.py:3047} INFO - Sync 1 DAGs
[2024-03-14T11:16:41.343+0000] {logging_mixin.py:188} INFO - [2024-03-14T11:16:41.343+0000] {dag.py:3834} INFO - Setting next_dagrun for example_skip_dag to 2024-03-13 00:00:00+00:00, run_after=2024-03-14 00:00:00+00:00
[2024-03-14T11:16:41.351+0000] {processor.py:183} INFO - Processing /home/airflow/.local/lib/python3.8/site-packages/airflow/example_dags/example_skip_dag.py took 0.035 seconds
[2024-03-14T11:17:11.848+0000] {processor.py:161} INFO - Started process (PID=2366) to work on /home/airflow/.local/lib/python3.8/site-packages/airflow/example_dags/example_skip_dag.py
[2024-03-14T11:17:11.848+0000] {processor.py:830} INFO - Processing file /home/airflow/.local/lib/python3.8/site-packages/airflow/example_dags/example_skip_dag.py for tasks to queue
[2024-03-14T11:17:11.849+0000] {logging_mixin.py:188} INFO - [2024-03-14T11:17:11.849+0000] {dagbag.py:540} INFO - Filling up the DagBag from /home/airflow/.local/lib/python3.8/site-packages/airflow/example_dags/example_skip_dag.py
[2024-03-14T11:17:11.852+0000] {processor.py:840} INFO - DAG(s) 'example_skip_dag' retrieved from /home/airflow/.local/lib/python3.8/site-packages/airflow/example_dags/example_skip_dag.py
[2024-03-14T11:17:11.863+0000] {logging_mixin.py:188} INFO - [2024-03-14T11:17:11.863+0000] {dag.py:3047} INFO - Sync 1 DAGs
[2024-03-14T11:17:11.872+0000] {logging_mixin.py:188} INFO - [2024-03-14T11:17:11.872+0000] {dag.py:3834} INFO - Setting next_dagrun for example_skip_dag to 2024-03-13 00:00:00+00:00, run_after=2024-03-14 00:00:00+00:00
[2024-03-14T11:17:11.880+0000] {processor.py:183} INFO - Processing /home/airflow/.local/lib/python3.8/site-packages/airflow/example_dags/example_skip_dag.py took 0.034 seconds
[2024-03-14T11:17:42.260+0000] {processor.py:161} INFO - Started process (PID=2421) to work on /home/airflow/.local/lib/python3.8/site-packages/airflow/example_dags/example_skip_dag.py
[2024-03-14T11:17:42.260+0000] {processor.py:830} INFO - Processing file /home/airflow/.local/lib/python3.8/site-packages/airflow/example_dags/example_skip_dag.py for tasks to queue
[2024-03-14T11:17:42.261+0000] {logging_mixin.py:188} INFO - [2024-03-14T11:17:42.261+0000] {dagbag.py:540} INFO - Filling up the DagBag from /home/airflow/.local/lib/python3.8/site-packages/airflow/example_dags/example_skip_dag.py
[2024-03-14T11:17:42.265+0000] {processor.py:840} INFO - DAG(s) 'example_skip_dag' retrieved from /home/airflow/.local/lib/python3.8/site-packages/airflow/example_dags/example_skip_dag.py
[2024-03-14T11:17:42.274+0000] {logging_mixin.py:188} INFO - [2024-03-14T11:17:42.274+0000] {dag.py:3047} INFO - Sync 1 DAGs
[2024-03-14T11:17:42.284+0000] {logging_mixin.py:188} INFO - [2024-03-14T11:17:42.284+0000] {dag.py:3834} INFO - Setting next_dagrun for example_skip_dag to 2024-03-13 00:00:00+00:00, run_after=2024-03-14 00:00:00+00:00
[2024-03-14T11:17:42.291+0000] {processor.py:183} INFO - Processing /home/airflow/.local/lib/python3.8/site-packages/airflow/example_dags/example_skip_dag.py took 0.033 seconds
[2024-03-14T11:18:12.781+0000] {processor.py:161} INFO - Started process (PID=2475) to work on /home/airflow/.local/lib/python3.8/site-packages/airflow/example_dags/example_skip_dag.py
[2024-03-14T11:18:12.781+0000] {processor.py:830} INFO - Processing file /home/airflow/.local/lib/python3.8/site-packages/airflow/example_dags/example_skip_dag.py for tasks to queue
[2024-03-14T11:18:12.782+0000] {logging_mixin.py:188} INFO - [2024-03-14T11:18:12.782+0000] {dagbag.py:540} INFO - Filling up the DagBag from /home/airflow/.local/lib/python3.8/site-packages/airflow/example_dags/example_skip_dag.py
[2024-03-14T11:18:12.785+0000] {processor.py:840} INFO - DAG(s) 'example_skip_dag' retrieved from /home/airflow/.local/lib/python3.8/site-packages/airflow/example_dags/example_skip_dag.py
[2024-03-14T11:18:12.795+0000] {logging_mixin.py:188} INFO - [2024-03-14T11:18:12.795+0000] {dag.py:3047} INFO - Sync 1 DAGs
[2024-03-14T11:18:12.804+0000] {logging_mixin.py:188} INFO - [2024-03-14T11:18:12.804+0000] {dag.py:3834} INFO - Setting next_dagrun for example_skip_dag to 2024-03-13 00:00:00+00:00, run_after=2024-03-14 00:00:00+00:00
[2024-03-14T11:18:12.811+0000] {processor.py:183} INFO - Processing /home/airflow/.local/lib/python3.8/site-packages/airflow/example_dags/example_skip_dag.py took 0.032 seconds
[2024-03-14T11:18:43.195+0000] {processor.py:161} INFO - Started process (PID=2530) to work on /home/airflow/.local/lib/python3.8/site-packages/airflow/example_dags/example_skip_dag.py
[2024-03-14T11:18:43.195+0000] {processor.py:830} INFO - Processing file /home/airflow/.local/lib/python3.8/site-packages/airflow/example_dags/example_skip_dag.py for tasks to queue
[2024-03-14T11:18:43.196+0000] {logging_mixin.py:188} INFO - [2024-03-14T11:18:43.196+0000] {dagbag.py:540} INFO - Filling up the DagBag from /home/airflow/.local/lib/python3.8/site-packages/airflow/example_dags/example_skip_dag.py
[2024-03-14T11:18:43.199+0000] {processor.py:840} INFO - DAG(s) 'example_skip_dag' retrieved from /home/airflow/.local/lib/python3.8/site-packages/airflow/example_dags/example_skip_dag.py
[2024-03-14T11:18:43.209+0000] {logging_mixin.py:188} INFO - [2024-03-14T11:18:43.209+0000] {dag.py:3047} INFO - Sync 1 DAGs
[2024-03-14T11:18:43.218+0000] {logging_mixin.py:188} INFO - [2024-03-14T11:18:43.218+0000] {dag.py:3834} INFO - Setting next_dagrun for example_skip_dag to 2024-03-13 00:00:00+00:00, run_after=2024-03-14 00:00:00+00:00
[2024-03-14T11:18:43.225+0000] {processor.py:183} INFO - Processing /home/airflow/.local/lib/python3.8/site-packages/airflow/example_dags/example_skip_dag.py took 0.032 seconds
[2024-03-14T11:19:13.523+0000] {processor.py:161} INFO - Started process (PID=2585) to work on /home/airflow/.local/lib/python3.8/site-packages/airflow/example_dags/example_skip_dag.py
[2024-03-14T11:19:13.524+0000] {processor.py:830} INFO - Processing file /home/airflow/.local/lib/python3.8/site-packages/airflow/example_dags/example_skip_dag.py for tasks to queue
[2024-03-14T11:19:13.525+0000] {logging_mixin.py:188} INFO - [2024-03-14T11:19:13.524+0000] {dagbag.py:540} INFO - Filling up the DagBag from /home/airflow/.local/lib/python3.8/site-packages/airflow/example_dags/example_skip_dag.py
[2024-03-14T11:19:13.528+0000] {processor.py:840} INFO - DAG(s) 'example_skip_dag' retrieved from /home/airflow/.local/lib/python3.8/site-packages/airflow/example_dags/example_skip_dag.py
[2024-03-14T11:19:13.537+0000] {logging_mixin.py:188} INFO - [2024-03-14T11:19:13.537+0000] {dag.py:3047} INFO - Sync 1 DAGs
[2024-03-14T11:19:13.547+0000] {logging_mixin.py:188} INFO - [2024-03-14T11:19:13.547+0000] {dag.py:3834} INFO - Setting next_dagrun for example_skip_dag to 2024-03-13 00:00:00+00:00, run_after=2024-03-14 00:00:00+00:00
[2024-03-14T11:19:13.554+0000] {processor.py:183} INFO - Processing /home/airflow/.local/lib/python3.8/site-packages/airflow/example_dags/example_skip_dag.py took 0.033 seconds
[2024-03-14T11:19:43.954+0000] {processor.py:161} INFO - Started process (PID=2640) to work on /home/airflow/.local/lib/python3.8/site-packages/airflow/example_dags/example_skip_dag.py
[2024-03-14T11:19:43.955+0000] {processor.py:830} INFO - Processing file /home/airflow/.local/lib/python3.8/site-packages/airflow/example_dags/example_skip_dag.py for tasks to queue
[2024-03-14T11:19:43.956+0000] {logging_mixin.py:188} INFO - [2024-03-14T11:19:43.956+0000] {dagbag.py:540} INFO - Filling up the DagBag from /home/airflow/.local/lib/python3.8/site-packages/airflow/example_dags/example_skip_dag.py
[2024-03-14T11:19:43.959+0000] {processor.py:840} INFO - DAG(s) 'example_skip_dag' retrieved from /home/airflow/.local/lib/python3.8/site-packages/airflow/example_dags/example_skip_dag.py
[2024-03-14T11:19:43.968+0000] {logging_mixin.py:188} INFO - [2024-03-14T11:19:43.968+0000] {dag.py:3047} INFO - Sync 1 DAGs
[2024-03-14T11:19:43.977+0000] {logging_mixin.py:188} INFO - [2024-03-14T11:19:43.977+0000] {dag.py:3834} INFO - Setting next_dagrun for example_skip_dag to 2024-03-13 00:00:00+00:00, run_after=2024-03-14 00:00:00+00:00
[2024-03-14T11:19:43.985+0000] {processor.py:183} INFO - Processing /home/airflow/.local/lib/python3.8/site-packages/airflow/example_dags/example_skip_dag.py took 0.032 seconds
[2024-03-14T11:20:14.373+0000] {processor.py:161} INFO - Started process (PID=2695) to work on /home/airflow/.local/lib/python3.8/site-packages/airflow/example_dags/example_skip_dag.py
[2024-03-14T11:20:14.374+0000] {processor.py:830} INFO - Processing file /home/airflow/.local/lib/python3.8/site-packages/airflow/example_dags/example_skip_dag.py for tasks to queue
[2024-03-14T11:20:14.375+0000] {logging_mixin.py:188} INFO - [2024-03-14T11:20:14.374+0000] {dagbag.py:540} INFO - Filling up the DagBag from /home/airflow/.local/lib/python3.8/site-packages/airflow/example_dags/example_skip_dag.py
[2024-03-14T11:20:14.377+0000] {processor.py:840} INFO - DAG(s) 'example_skip_dag' retrieved from /home/airflow/.local/lib/python3.8/site-packages/airflow/example_dags/example_skip_dag.py
[2024-03-14T11:20:14.387+0000] {logging_mixin.py:188} INFO - [2024-03-14T11:20:14.387+0000] {dag.py:3047} INFO - Sync 1 DAGs
[2024-03-14T11:20:14.396+0000] {logging_mixin.py:188} INFO - [2024-03-14T11:20:14.396+0000] {dag.py:3834} INFO - Setting next_dagrun for example_skip_dag to 2024-03-13 00:00:00+00:00, run_after=2024-03-14 00:00:00+00:00
[2024-03-14T11:20:14.403+0000] {processor.py:183} INFO - Processing /home/airflow/.local/lib/python3.8/site-packages/airflow/example_dags/example_skip_dag.py took 0.031 seconds
[2024-03-14T11:20:44.818+0000] {processor.py:161} INFO - Started process (PID=2750) to work on /home/airflow/.local/lib/python3.8/site-packages/airflow/example_dags/example_skip_dag.py
[2024-03-14T11:20:44.819+0000] {processor.py:830} INFO - Processing file /home/airflow/.local/lib/python3.8/site-packages/airflow/example_dags/example_skip_dag.py for tasks to queue
[2024-03-14T11:20:44.820+0000] {logging_mixin.py:188} INFO - [2024-03-14T11:20:44.820+0000] {dagbag.py:540} INFO - Filling up the DagBag from /home/airflow/.local/lib/python3.8/site-packages/airflow/example_dags/example_skip_dag.py
[2024-03-14T11:20:44.823+0000] {processor.py:840} INFO - DAG(s) 'example_skip_dag' retrieved from /home/airflow/.local/lib/python3.8/site-packages/airflow/example_dags/example_skip_dag.py
[2024-03-14T11:20:44.831+0000] {logging_mixin.py:188} INFO - [2024-03-14T11:20:44.831+0000] {dag.py:3047} INFO - Sync 1 DAGs
[2024-03-14T11:20:44.840+0000] {logging_mixin.py:188} INFO - [2024-03-14T11:20:44.840+0000] {dag.py:3834} INFO - Setting next_dagrun for example_skip_dag to 2024-03-13 00:00:00+00:00, run_after=2024-03-14 00:00:00+00:00
[2024-03-14T11:20:44.847+0000] {processor.py:183} INFO - Processing /home/airflow/.local/lib/python3.8/site-packages/airflow/example_dags/example_skip_dag.py took 0.030 seconds
[2024-03-14T11:21:15.403+0000] {processor.py:161} INFO - Started process (PID=2805) to work on /home/airflow/.local/lib/python3.8/site-packages/airflow/example_dags/example_skip_dag.py
[2024-03-14T11:21:15.404+0000] {processor.py:830} INFO - Processing file /home/airflow/.local/lib/python3.8/site-packages/airflow/example_dags/example_skip_dag.py for tasks to queue
[2024-03-14T11:21:15.405+0000] {logging_mixin.py:188} INFO - [2024-03-14T11:21:15.405+0000] {dagbag.py:540} INFO - Filling up the DagBag from /home/airflow/.local/lib/python3.8/site-packages/airflow/example_dags/example_skip_dag.py
[2024-03-14T11:21:15.407+0000] {processor.py:840} INFO - DAG(s) 'example_skip_dag' retrieved from /home/airflow/.local/lib/python3.8/site-packages/airflow/example_dags/example_skip_dag.py
[2024-03-14T11:21:15.417+0000] {logging_mixin.py:188} INFO - [2024-03-14T11:21:15.417+0000] {dag.py:3047} INFO - Sync 1 DAGs
[2024-03-14T11:21:15.426+0000] {logging_mixin.py:188} INFO - [2024-03-14T11:21:15.426+0000] {dag.py:3834} INFO - Setting next_dagrun for example_skip_dag to 2024-03-13 00:00:00+00:00, run_after=2024-03-14 00:00:00+00:00
[2024-03-14T11:21:15.434+0000] {processor.py:183} INFO - Processing /home/airflow/.local/lib/python3.8/site-packages/airflow/example_dags/example_skip_dag.py took 0.032 seconds
[2024-03-14T11:21:45.845+0000] {processor.py:161} INFO - Started process (PID=2860) to work on /home/airflow/.local/lib/python3.8/site-packages/airflow/example_dags/example_skip_dag.py
[2024-03-14T11:21:45.845+0000] {processor.py:830} INFO - Processing file /home/airflow/.local/lib/python3.8/site-packages/airflow/example_dags/example_skip_dag.py for tasks to queue
[2024-03-14T11:21:45.846+0000] {logging_mixin.py:188} INFO - [2024-03-14T11:21:45.846+0000] {dagbag.py:540} INFO - Filling up the DagBag from /home/airflow/.local/lib/python3.8/site-packages/airflow/example_dags/example_skip_dag.py
[2024-03-14T11:21:45.849+0000] {processor.py:840} INFO - DAG(s) 'example_skip_dag' retrieved from /home/airflow/.local/lib/python3.8/site-packages/airflow/example_dags/example_skip_dag.py
[2024-03-14T11:21:45.859+0000] {logging_mixin.py:188} INFO - [2024-03-14T11:21:45.859+0000] {dag.py:3047} INFO - Sync 1 DAGs
[2024-03-14T11:21:45.867+0000] {logging_mixin.py:188} INFO - [2024-03-14T11:21:45.867+0000] {dag.py:3834} INFO - Setting next_dagrun for example_skip_dag to 2024-03-13 00:00:00+00:00, run_after=2024-03-14 00:00:00+00:00
[2024-03-14T11:21:45.875+0000] {processor.py:183} INFO - Processing /home/airflow/.local/lib/python3.8/site-packages/airflow/example_dags/example_skip_dag.py took 0.032 seconds
[2024-03-14T11:22:16.304+0000] {processor.py:161} INFO - Started process (PID=2915) to work on /home/airflow/.local/lib/python3.8/site-packages/airflow/example_dags/example_skip_dag.py
[2024-03-14T11:22:16.305+0000] {processor.py:830} INFO - Processing file /home/airflow/.local/lib/python3.8/site-packages/airflow/example_dags/example_skip_dag.py for tasks to queue
[2024-03-14T11:22:16.305+0000] {logging_mixin.py:188} INFO - [2024-03-14T11:22:16.305+0000] {dagbag.py:540} INFO - Filling up the DagBag from /home/airflow/.local/lib/python3.8/site-packages/airflow/example_dags/example_skip_dag.py
[2024-03-14T11:22:16.308+0000] {processor.py:840} INFO - DAG(s) 'example_skip_dag' retrieved from /home/airflow/.local/lib/python3.8/site-packages/airflow/example_dags/example_skip_dag.py
[2024-03-14T11:22:16.318+0000] {logging_mixin.py:188} INFO - [2024-03-14T11:22:16.318+0000] {dag.py:3047} INFO - Sync 1 DAGs
[2024-03-14T11:22:16.327+0000] {logging_mixin.py:188} INFO - [2024-03-14T11:22:16.327+0000] {dag.py:3834} INFO - Setting next_dagrun for example_skip_dag to 2024-03-13 00:00:00+00:00, run_after=2024-03-14 00:00:00+00:00
[2024-03-14T11:22:16.334+0000] {processor.py:183} INFO - Processing /home/airflow/.local/lib/python3.8/site-packages/airflow/example_dags/example_skip_dag.py took 0.032 seconds
[2024-03-14T11:22:46.796+0000] {processor.py:161} INFO - Started process (PID=2970) to work on /home/airflow/.local/lib/python3.8/site-packages/airflow/example_dags/example_skip_dag.py
[2024-03-14T11:22:46.796+0000] {processor.py:830} INFO - Processing file /home/airflow/.local/lib/python3.8/site-packages/airflow/example_dags/example_skip_dag.py for tasks to queue
[2024-03-14T11:22:46.797+0000] {logging_mixin.py:188} INFO - [2024-03-14T11:22:46.797+0000] {dagbag.py:540} INFO - Filling up the DagBag from /home/airflow/.local/lib/python3.8/site-packages/airflow/example_dags/example_skip_dag.py
[2024-03-14T11:22:46.800+0000] {processor.py:840} INFO - DAG(s) 'example_skip_dag' retrieved from /home/airflow/.local/lib/python3.8/site-packages/airflow/example_dags/example_skip_dag.py
[2024-03-14T11:22:46.810+0000] {logging_mixin.py:188} INFO - [2024-03-14T11:22:46.810+0000] {dag.py:3047} INFO - Sync 1 DAGs
[2024-03-14T11:22:46.819+0000] {logging_mixin.py:188} INFO - [2024-03-14T11:22:46.819+0000] {dag.py:3834} INFO - Setting next_dagrun for example_skip_dag to 2024-03-13 00:00:00+00:00, run_after=2024-03-14 00:00:00+00:00
[2024-03-14T11:22:46.827+0000] {processor.py:183} INFO - Processing /home/airflow/.local/lib/python3.8/site-packages/airflow/example_dags/example_skip_dag.py took 0.032 seconds
[2024-03-14T11:23:17.202+0000] {processor.py:161} INFO - Started process (PID=3025) to work on /home/airflow/.local/lib/python3.8/site-packages/airflow/example_dags/example_skip_dag.py
[2024-03-14T11:23:17.203+0000] {processor.py:830} INFO - Processing file /home/airflow/.local/lib/python3.8/site-packages/airflow/example_dags/example_skip_dag.py for tasks to queue
[2024-03-14T11:23:17.204+0000] {logging_mixin.py:188} INFO - [2024-03-14T11:23:17.204+0000] {dagbag.py:540} INFO - Filling up the DagBag from /home/airflow/.local/lib/python3.8/site-packages/airflow/example_dags/example_skip_dag.py
[2024-03-14T11:23:17.207+0000] {processor.py:840} INFO - DAG(s) 'example_skip_dag' retrieved from /home/airflow/.local/lib/python3.8/site-packages/airflow/example_dags/example_skip_dag.py
[2024-03-14T11:23:17.216+0000] {logging_mixin.py:188} INFO - [2024-03-14T11:23:17.216+0000] {dag.py:3047} INFO - Sync 1 DAGs
[2024-03-14T11:23:17.226+0000] {logging_mixin.py:188} INFO - [2024-03-14T11:23:17.225+0000] {dag.py:3834} INFO - Setting next_dagrun for example_skip_dag to 2024-03-13 00:00:00+00:00, run_after=2024-03-14 00:00:00+00:00
[2024-03-14T11:23:17.233+0000] {processor.py:183} INFO - Processing /home/airflow/.local/lib/python3.8/site-packages/airflow/example_dags/example_skip_dag.py took 0.033 seconds
[2024-03-14T11:23:47.637+0000] {processor.py:161} INFO - Started process (PID=3080) to work on /home/airflow/.local/lib/python3.8/site-packages/airflow/example_dags/example_skip_dag.py
[2024-03-14T11:23:47.638+0000] {processor.py:830} INFO - Processing file /home/airflow/.local/lib/python3.8/site-packages/airflow/example_dags/example_skip_dag.py for tasks to queue
[2024-03-14T11:23:47.638+0000] {logging_mixin.py:188} INFO - [2024-03-14T11:23:47.638+0000] {dagbag.py:540} INFO - Filling up the DagBag from /home/airflow/.local/lib/python3.8/site-packages/airflow/example_dags/example_skip_dag.py
[2024-03-14T11:23:47.642+0000] {processor.py:840} INFO - DAG(s) 'example_skip_dag' retrieved from /home/airflow/.local/lib/python3.8/site-packages/airflow/example_dags/example_skip_dag.py
[2024-03-14T11:23:47.652+0000] {logging_mixin.py:188} INFO - [2024-03-14T11:23:47.652+0000] {dag.py:3047} INFO - Sync 1 DAGs
[2024-03-14T11:23:47.661+0000] {logging_mixin.py:188} INFO - [2024-03-14T11:23:47.661+0000] {dag.py:3834} INFO - Setting next_dagrun for example_skip_dag to 2024-03-13 00:00:00+00:00, run_after=2024-03-14 00:00:00+00:00
[2024-03-14T11:23:47.669+0000] {processor.py:183} INFO - Processing /home/airflow/.local/lib/python3.8/site-packages/airflow/example_dags/example_skip_dag.py took 0.034 seconds
[2024-03-14T11:24:18.007+0000] {processor.py:161} INFO - Started process (PID=3135) to work on /home/airflow/.local/lib/python3.8/site-packages/airflow/example_dags/example_skip_dag.py
[2024-03-14T11:24:18.008+0000] {processor.py:830} INFO - Processing file /home/airflow/.local/lib/python3.8/site-packages/airflow/example_dags/example_skip_dag.py for tasks to queue
[2024-03-14T11:24:18.009+0000] {logging_mixin.py:188} INFO - [2024-03-14T11:24:18.009+0000] {dagbag.py:540} INFO - Filling up the DagBag from /home/airflow/.local/lib/python3.8/site-packages/airflow/example_dags/example_skip_dag.py
[2024-03-14T11:24:18.012+0000] {processor.py:840} INFO - DAG(s) 'example_skip_dag' retrieved from /home/airflow/.local/lib/python3.8/site-packages/airflow/example_dags/example_skip_dag.py
[2024-03-14T11:24:18.023+0000] {logging_mixin.py:188} INFO - [2024-03-14T11:24:18.023+0000] {dag.py:3047} INFO - Sync 1 DAGs
[2024-03-14T11:24:18.032+0000] {logging_mixin.py:188} INFO - [2024-03-14T11:24:18.032+0000] {dag.py:3834} INFO - Setting next_dagrun for example_skip_dag to 2024-03-13 00:00:00+00:00, run_after=2024-03-14 00:00:00+00:00
[2024-03-14T11:24:18.039+0000] {processor.py:183} INFO - Processing /home/airflow/.local/lib/python3.8/site-packages/airflow/example_dags/example_skip_dag.py took 0.033 seconds
[2024-03-14T11:24:48.362+0000] {processor.py:161} INFO - Started process (PID=3190) to work on /home/airflow/.local/lib/python3.8/site-packages/airflow/example_dags/example_skip_dag.py
[2024-03-14T11:24:48.363+0000] {processor.py:830} INFO - Processing file /home/airflow/.local/lib/python3.8/site-packages/airflow/example_dags/example_skip_dag.py for tasks to queue
[2024-03-14T11:24:48.364+0000] {logging_mixin.py:188} INFO - [2024-03-14T11:24:48.364+0000] {dagbag.py:540} INFO - Filling up the DagBag from /home/airflow/.local/lib/python3.8/site-packages/airflow/example_dags/example_skip_dag.py
[2024-03-14T11:24:48.367+0000] {processor.py:840} INFO - DAG(s) 'example_skip_dag' retrieved from /home/airflow/.local/lib/python3.8/site-packages/airflow/example_dags/example_skip_dag.py
[2024-03-14T11:24:48.375+0000] {logging_mixin.py:188} INFO - [2024-03-14T11:24:48.375+0000] {dag.py:3047} INFO - Sync 1 DAGs
[2024-03-14T11:24:48.385+0000] {logging_mixin.py:188} INFO - [2024-03-14T11:24:48.385+0000] {dag.py:3834} INFO - Setting next_dagrun for example_skip_dag to 2024-03-13 00:00:00+00:00, run_after=2024-03-14 00:00:00+00:00
[2024-03-14T11:24:48.392+0000] {processor.py:183} INFO - Processing /home/airflow/.local/lib/python3.8/site-packages/airflow/example_dags/example_skip_dag.py took 0.031 seconds
[2024-03-14T11:25:18.794+0000] {processor.py:161} INFO - Started process (PID=3245) to work on /home/airflow/.local/lib/python3.8/site-packages/airflow/example_dags/example_skip_dag.py
[2024-03-14T11:25:18.795+0000] {processor.py:830} INFO - Processing file /home/airflow/.local/lib/python3.8/site-packages/airflow/example_dags/example_skip_dag.py for tasks to queue
[2024-03-14T11:25:18.796+0000] {logging_mixin.py:188} INFO - [2024-03-14T11:25:18.796+0000] {dagbag.py:540} INFO - Filling up the DagBag from /home/airflow/.local/lib/python3.8/site-packages/airflow/example_dags/example_skip_dag.py
[2024-03-14T11:25:18.799+0000] {processor.py:840} INFO - DAG(s) 'example_skip_dag' retrieved from /home/airflow/.local/lib/python3.8/site-packages/airflow/example_dags/example_skip_dag.py
[2024-03-14T11:25:18.808+0000] {logging_mixin.py:188} INFO - [2024-03-14T11:25:18.808+0000] {dag.py:3047} INFO - Sync 1 DAGs
[2024-03-14T11:25:18.817+0000] {logging_mixin.py:188} INFO - [2024-03-14T11:25:18.817+0000] {dag.py:3834} INFO - Setting next_dagrun for example_skip_dag to 2024-03-13 00:00:00+00:00, run_after=2024-03-14 00:00:00+00:00
[2024-03-14T11:25:18.824+0000] {processor.py:183} INFO - Processing /home/airflow/.local/lib/python3.8/site-packages/airflow/example_dags/example_skip_dag.py took 0.031 seconds
[2024-03-14T11:25:49.289+0000] {processor.py:161} INFO - Started process (PID=3300) to work on /home/airflow/.local/lib/python3.8/site-packages/airflow/example_dags/example_skip_dag.py
[2024-03-14T11:25:49.290+0000] {processor.py:830} INFO - Processing file /home/airflow/.local/lib/python3.8/site-packages/airflow/example_dags/example_skip_dag.py for tasks to queue
[2024-03-14T11:25:49.291+0000] {logging_mixin.py:188} INFO - [2024-03-14T11:25:49.290+0000] {dagbag.py:540} INFO - Filling up the DagBag from /home/airflow/.local/lib/python3.8/site-packages/airflow/example_dags/example_skip_dag.py
[2024-03-14T11:25:49.293+0000] {processor.py:840} INFO - DAG(s) 'example_skip_dag' retrieved from /home/airflow/.local/lib/python3.8/site-packages/airflow/example_dags/example_skip_dag.py
[2024-03-14T11:25:49.302+0000] {logging_mixin.py:188} INFO - [2024-03-14T11:25:49.302+0000] {dag.py:3047} INFO - Sync 1 DAGs
[2024-03-14T11:25:49.311+0000] {logging_mixin.py:188} INFO - [2024-03-14T11:25:49.311+0000] {dag.py:3834} INFO - Setting next_dagrun for example_skip_dag to 2024-03-13 00:00:00+00:00, run_after=2024-03-14 00:00:00+00:00
[2024-03-14T11:25:49.319+0000] {processor.py:183} INFO - Processing /home/airflow/.local/lib/python3.8/site-packages/airflow/example_dags/example_skip_dag.py took 0.031 seconds
[2024-03-14T11:26:19.796+0000] {processor.py:161} INFO - Started process (PID=3355) to work on /home/airflow/.local/lib/python3.8/site-packages/airflow/example_dags/example_skip_dag.py
[2024-03-14T11:26:19.796+0000] {processor.py:830} INFO - Processing file /home/airflow/.local/lib/python3.8/site-packages/airflow/example_dags/example_skip_dag.py for tasks to queue
[2024-03-14T11:26:19.797+0000] {logging_mixin.py:188} INFO - [2024-03-14T11:26:19.797+0000] {dagbag.py:540} INFO - Filling up the DagBag from /home/airflow/.local/lib/python3.8/site-packages/airflow/example_dags/example_skip_dag.py
[2024-03-14T11:26:19.800+0000] {processor.py:840} INFO - DAG(s) 'example_skip_dag' retrieved from /home/airflow/.local/lib/python3.8/site-packages/airflow/example_dags/example_skip_dag.py
[2024-03-14T11:26:19.810+0000] {logging_mixin.py:188} INFO - [2024-03-14T11:26:19.810+0000] {dag.py:3047} INFO - Sync 1 DAGs
[2024-03-14T11:26:19.819+0000] {logging_mixin.py:188} INFO - [2024-03-14T11:26:19.819+0000] {dag.py:3834} INFO - Setting next_dagrun for example_skip_dag to 2024-03-13 00:00:00+00:00, run_after=2024-03-14 00:00:00+00:00
[2024-03-14T11:26:19.826+0000] {processor.py:183} INFO - Processing /home/airflow/.local/lib/python3.8/site-packages/airflow/example_dags/example_skip_dag.py took 0.032 seconds
[2024-03-14T11:26:50.244+0000] {processor.py:161} INFO - Started process (PID=3416) to work on /home/airflow/.local/lib/python3.8/site-packages/airflow/example_dags/example_skip_dag.py
[2024-03-14T11:26:50.245+0000] {processor.py:830} INFO - Processing file /home/airflow/.local/lib/python3.8/site-packages/airflow/example_dags/example_skip_dag.py for tasks to queue
[2024-03-14T11:26:50.246+0000] {logging_mixin.py:188} INFO - [2024-03-14T11:26:50.246+0000] {dagbag.py:540} INFO - Filling up the DagBag from /home/airflow/.local/lib/python3.8/site-packages/airflow/example_dags/example_skip_dag.py
[2024-03-14T11:26:50.249+0000] {processor.py:840} INFO - DAG(s) 'example_skip_dag' retrieved from /home/airflow/.local/lib/python3.8/site-packages/airflow/example_dags/example_skip_dag.py
[2024-03-14T11:26:50.258+0000] {logging_mixin.py:188} INFO - [2024-03-14T11:26:50.258+0000] {dag.py:3047} INFO - Sync 1 DAGs
[2024-03-14T11:26:50.267+0000] {logging_mixin.py:188} INFO - [2024-03-14T11:26:50.267+0000] {dag.py:3834} INFO - Setting next_dagrun for example_skip_dag to 2024-03-13 00:00:00+00:00, run_after=2024-03-14 00:00:00+00:00
[2024-03-14T11:26:50.274+0000] {processor.py:183} INFO - Processing /home/airflow/.local/lib/python3.8/site-packages/airflow/example_dags/example_skip_dag.py took 0.032 seconds
[2024-03-14T11:27:20.759+0000] {processor.py:161} INFO - Started process (PID=3470) to work on /home/airflow/.local/lib/python3.8/site-packages/airflow/example_dags/example_skip_dag.py
[2024-03-14T11:27:20.760+0000] {processor.py:830} INFO - Processing file /home/airflow/.local/lib/python3.8/site-packages/airflow/example_dags/example_skip_dag.py for tasks to queue
[2024-03-14T11:27:20.761+0000] {logging_mixin.py:188} INFO - [2024-03-14T11:27:20.761+0000] {dagbag.py:540} INFO - Filling up the DagBag from /home/airflow/.local/lib/python3.8/site-packages/airflow/example_dags/example_skip_dag.py
[2024-03-14T11:27:20.764+0000] {processor.py:840} INFO - DAG(s) 'example_skip_dag' retrieved from /home/airflow/.local/lib/python3.8/site-packages/airflow/example_dags/example_skip_dag.py
[2024-03-14T11:27:20.774+0000] {logging_mixin.py:188} INFO - [2024-03-14T11:27:20.774+0000] {dag.py:3047} INFO - Sync 1 DAGs
[2024-03-14T11:27:20.783+0000] {logging_mixin.py:188} INFO - [2024-03-14T11:27:20.783+0000] {dag.py:3834} INFO - Setting next_dagrun for example_skip_dag to 2024-03-13 00:00:00+00:00, run_after=2024-03-14 00:00:00+00:00
[2024-03-14T11:27:20.791+0000] {processor.py:183} INFO - Processing /home/airflow/.local/lib/python3.8/site-packages/airflow/example_dags/example_skip_dag.py took 0.033 seconds
[2024-03-14T11:27:51.417+0000] {processor.py:161} INFO - Started process (PID=3525) to work on /home/airflow/.local/lib/python3.8/site-packages/airflow/example_dags/example_skip_dag.py
[2024-03-14T11:27:51.417+0000] {processor.py:830} INFO - Processing file /home/airflow/.local/lib/python3.8/site-packages/airflow/example_dags/example_skip_dag.py for tasks to queue
[2024-03-14T11:27:51.418+0000] {logging_mixin.py:188} INFO - [2024-03-14T11:27:51.418+0000] {dagbag.py:540} INFO - Filling up the DagBag from /home/airflow/.local/lib/python3.8/site-packages/airflow/example_dags/example_skip_dag.py
[2024-03-14T11:27:51.421+0000] {processor.py:840} INFO - DAG(s) 'example_skip_dag' retrieved from /home/airflow/.local/lib/python3.8/site-packages/airflow/example_dags/example_skip_dag.py
[2024-03-14T11:27:51.431+0000] {logging_mixin.py:188} INFO - [2024-03-14T11:27:51.431+0000] {dag.py:3047} INFO - Sync 1 DAGs
[2024-03-14T11:27:51.440+0000] {logging_mixin.py:188} INFO - [2024-03-14T11:27:51.440+0000] {dag.py:3834} INFO - Setting next_dagrun for example_skip_dag to 2024-03-13 00:00:00+00:00, run_after=2024-03-14 00:00:00+00:00
[2024-03-14T11:27:51.447+0000] {processor.py:183} INFO - Processing /home/airflow/.local/lib/python3.8/site-packages/airflow/example_dags/example_skip_dag.py took 0.032 seconds
[2024-03-14T11:28:22.752+0000] {processor.py:161} INFO - Started process (PID=3580) to work on /home/airflow/.local/lib/python3.8/site-packages/airflow/example_dags/example_skip_dag.py
[2024-03-14T11:28:22.752+0000] {processor.py:830} INFO - Processing file /home/airflow/.local/lib/python3.8/site-packages/airflow/example_dags/example_skip_dag.py for tasks to queue
[2024-03-14T11:28:22.753+0000] {logging_mixin.py:188} INFO - [2024-03-14T11:28:22.753+0000] {dagbag.py:540} INFO - Filling up the DagBag from /home/airflow/.local/lib/python3.8/site-packages/airflow/example_dags/example_skip_dag.py
[2024-03-14T11:28:22.757+0000] {processor.py:840} INFO - DAG(s) 'example_skip_dag' retrieved from /home/airflow/.local/lib/python3.8/site-packages/airflow/example_dags/example_skip_dag.py
[2024-03-14T11:28:22.767+0000] {logging_mixin.py:188} INFO - [2024-03-14T11:28:22.767+0000] {dag.py:3047} INFO - Sync 1 DAGs
[2024-03-14T11:28:22.777+0000] {logging_mixin.py:188} INFO - [2024-03-14T11:28:22.777+0000] {dag.py:3834} INFO - Setting next_dagrun for example_skip_dag to 2024-03-13 00:00:00+00:00, run_after=2024-03-14 00:00:00+00:00
[2024-03-14T11:28:22.785+0000] {processor.py:183} INFO - Processing /home/airflow/.local/lib/python3.8/site-packages/airflow/example_dags/example_skip_dag.py took 0.035 seconds
