[2024-03-14T10:55:53.985+0000] {processor.py:161} INFO - Started process (PID=38) to work on /home/airflow/.local/lib/python3.8/site-packages/airflow/example_dags/example_sla_dag.py
[2024-03-14T10:55:53.985+0000] {processor.py:830} INFO - Processing file /home/airflow/.local/lib/python3.8/site-packages/airflow/example_dags/example_sla_dag.py for tasks to queue
[2024-03-14T10:55:53.987+0000] {logging_mixin.py:188} INFO - [2024-03-14T10:55:53.986+0000] {dagbag.py:540} INFO - Filling up the DagBag from /home/airflow/.local/lib/python3.8/site-packages/airflow/example_dags/example_sla_dag.py
[2024-03-14T10:55:53.993+0000] {processor.py:840} INFO - DAG(s) 'example_sla_dag' retrieved from /home/airflow/.local/lib/python3.8/site-packages/airflow/example_dags/example_sla_dag.py
[2024-03-14T10:55:54.001+0000] {logging_mixin.py:188} INFO - [2024-03-14T10:55:54.001+0000] {dag.py:3047} INFO - Sync 1 DAGs
[2024-03-14T10:55:54.017+0000] {logging_mixin.py:188} INFO - [2024-03-14T10:55:54.016+0000] {dag.py:3834} INFO - Setting next_dagrun for example_sla_dag to 2024-03-14 10:52:00+00:00, run_after=2024-03-14 10:54:00+00:00
[2024-03-14T10:55:54.028+0000] {processor.py:183} INFO - Processing /home/airflow/.local/lib/python3.8/site-packages/airflow/example_dags/example_sla_dag.py took 0.045 seconds
[2024-03-14T10:56:24.133+0000] {processor.py:161} INFO - Started process (PID=93) to work on /home/airflow/.local/lib/python3.8/site-packages/airflow/example_dags/example_sla_dag.py
[2024-03-14T10:56:24.133+0000] {processor.py:830} INFO - Processing file /home/airflow/.local/lib/python3.8/site-packages/airflow/example_dags/example_sla_dag.py for tasks to queue
[2024-03-14T10:56:24.134+0000] {logging_mixin.py:188} INFO - [2024-03-14T10:56:24.134+0000] {dagbag.py:540} INFO - Filling up the DagBag from /home/airflow/.local/lib/python3.8/site-packages/airflow/example_dags/example_sla_dag.py
[2024-03-14T10:56:24.138+0000] {processor.py:840} INFO - DAG(s) 'example_sla_dag' retrieved from /home/airflow/.local/lib/python3.8/site-packages/airflow/example_dags/example_sla_dag.py
[2024-03-14T10:56:24.176+0000] {logging_mixin.py:188} INFO - [2024-03-14T10:56:24.176+0000] {dag.py:3047} INFO - Sync 1 DAGs
[2024-03-14T10:56:24.186+0000] {logging_mixin.py:188} INFO - [2024-03-14T10:56:24.186+0000] {dag.py:3834} INFO - Setting next_dagrun for example_sla_dag to 2024-03-14 10:54:00+00:00, run_after=2024-03-14 10:56:00+00:00
[2024-03-14T10:56:24.193+0000] {processor.py:183} INFO - Processing /home/airflow/.local/lib/python3.8/site-packages/airflow/example_dags/example_sla_dag.py took 0.062 seconds
[2024-03-14T10:56:54.237+0000] {processor.py:161} INFO - Started process (PID=148) to work on /home/airflow/.local/lib/python3.8/site-packages/airflow/example_dags/example_sla_dag.py
[2024-03-14T10:56:54.237+0000] {processor.py:830} INFO - Processing file /home/airflow/.local/lib/python3.8/site-packages/airflow/example_dags/example_sla_dag.py for tasks to queue
[2024-03-14T10:56:54.238+0000] {logging_mixin.py:188} INFO - [2024-03-14T10:56:54.238+0000] {dagbag.py:540} INFO - Filling up the DagBag from /home/airflow/.local/lib/python3.8/site-packages/airflow/example_dags/example_sla_dag.py
[2024-03-14T10:56:54.243+0000] {processor.py:840} INFO - DAG(s) 'example_sla_dag' retrieved from /home/airflow/.local/lib/python3.8/site-packages/airflow/example_dags/example_sla_dag.py
[2024-03-14T10:56:54.257+0000] {logging_mixin.py:188} INFO - [2024-03-14T10:56:54.257+0000] {dag.py:3047} INFO - Sync 1 DAGs
[2024-03-14T10:56:54.273+0000] {logging_mixin.py:188} INFO - [2024-03-14T10:56:54.273+0000] {dag.py:3834} INFO - Setting next_dagrun for example_sla_dag to 2024-03-14 10:54:00+00:00, run_after=2024-03-14 10:56:00+00:00
[2024-03-14T10:56:54.284+0000] {processor.py:183} INFO - Processing /home/airflow/.local/lib/python3.8/site-packages/airflow/example_dags/example_sla_dag.py took 0.049 seconds
[2024-03-14T10:57:25.070+0000] {processor.py:161} INFO - Started process (PID=202) to work on /home/airflow/.local/lib/python3.8/site-packages/airflow/example_dags/example_sla_dag.py
[2024-03-14T10:57:25.070+0000] {processor.py:830} INFO - Processing file /home/airflow/.local/lib/python3.8/site-packages/airflow/example_dags/example_sla_dag.py for tasks to queue
[2024-03-14T10:57:25.071+0000] {logging_mixin.py:188} INFO - [2024-03-14T10:57:25.071+0000] {dagbag.py:540} INFO - Filling up the DagBag from /home/airflow/.local/lib/python3.8/site-packages/airflow/example_dags/example_sla_dag.py
[2024-03-14T10:57:25.075+0000] {processor.py:840} INFO - DAG(s) 'example_sla_dag' retrieved from /home/airflow/.local/lib/python3.8/site-packages/airflow/example_dags/example_sla_dag.py
[2024-03-14T10:57:25.084+0000] {logging_mixin.py:188} INFO - [2024-03-14T10:57:25.084+0000] {dag.py:3047} INFO - Sync 1 DAGs
[2024-03-14T10:57:25.094+0000] {logging_mixin.py:188} INFO - [2024-03-14T10:57:25.094+0000] {dag.py:3834} INFO - Setting next_dagrun for example_sla_dag to 2024-03-14 10:54:00+00:00, run_after=2024-03-14 10:56:00+00:00
[2024-03-14T10:57:25.101+0000] {processor.py:183} INFO - Processing /home/airflow/.local/lib/python3.8/site-packages/airflow/example_dags/example_sla_dag.py took 0.033 seconds
[2024-03-14T10:57:55.492+0000] {processor.py:161} INFO - Started process (PID=257) to work on /home/airflow/.local/lib/python3.8/site-packages/airflow/example_dags/example_sla_dag.py
[2024-03-14T10:57:55.493+0000] {processor.py:830} INFO - Processing file /home/airflow/.local/lib/python3.8/site-packages/airflow/example_dags/example_sla_dag.py for tasks to queue
[2024-03-14T10:57:55.494+0000] {logging_mixin.py:188} INFO - [2024-03-14T10:57:55.493+0000] {dagbag.py:540} INFO - Filling up the DagBag from /home/airflow/.local/lib/python3.8/site-packages/airflow/example_dags/example_sla_dag.py
[2024-03-14T10:57:55.497+0000] {processor.py:840} INFO - DAG(s) 'example_sla_dag' retrieved from /home/airflow/.local/lib/python3.8/site-packages/airflow/example_dags/example_sla_dag.py
[2024-03-14T10:57:55.506+0000] {logging_mixin.py:188} INFO - [2024-03-14T10:57:55.506+0000] {dag.py:3047} INFO - Sync 1 DAGs
[2024-03-14T10:57:55.516+0000] {logging_mixin.py:188} INFO - [2024-03-14T10:57:55.516+0000] {dag.py:3834} INFO - Setting next_dagrun for example_sla_dag to 2024-03-14 10:54:00+00:00, run_after=2024-03-14 10:56:00+00:00
[2024-03-14T10:57:55.523+0000] {processor.py:183} INFO - Processing /home/airflow/.local/lib/python3.8/site-packages/airflow/example_dags/example_sla_dag.py took 0.033 seconds
[2024-03-14T10:58:25.840+0000] {processor.py:161} INFO - Started process (PID=312) to work on /home/airflow/.local/lib/python3.8/site-packages/airflow/example_dags/example_sla_dag.py
[2024-03-14T10:58:25.841+0000] {processor.py:830} INFO - Processing file /home/airflow/.local/lib/python3.8/site-packages/airflow/example_dags/example_sla_dag.py for tasks to queue
[2024-03-14T10:58:25.842+0000] {logging_mixin.py:188} INFO - [2024-03-14T10:58:25.842+0000] {dagbag.py:540} INFO - Filling up the DagBag from /home/airflow/.local/lib/python3.8/site-packages/airflow/example_dags/example_sla_dag.py
[2024-03-14T10:58:25.846+0000] {processor.py:840} INFO - DAG(s) 'example_sla_dag' retrieved from /home/airflow/.local/lib/python3.8/site-packages/airflow/example_dags/example_sla_dag.py
[2024-03-14T10:58:25.854+0000] {logging_mixin.py:188} INFO - [2024-03-14T10:58:25.854+0000] {dag.py:3047} INFO - Sync 1 DAGs
[2024-03-14T10:58:25.865+0000] {logging_mixin.py:188} INFO - [2024-03-14T10:58:25.864+0000] {dag.py:3834} INFO - Setting next_dagrun for example_sla_dag to 2024-03-14 10:56:00+00:00, run_after=2024-03-14 10:58:00+00:00
[2024-03-14T10:58:25.872+0000] {processor.py:183} INFO - Processing /home/airflow/.local/lib/python3.8/site-packages/airflow/example_dags/example_sla_dag.py took 0.033 seconds
[2024-03-14T10:58:56.157+0000] {processor.py:161} INFO - Started process (PID=367) to work on /home/airflow/.local/lib/python3.8/site-packages/airflow/example_dags/example_sla_dag.py
[2024-03-14T10:58:56.158+0000] {processor.py:830} INFO - Processing file /home/airflow/.local/lib/python3.8/site-packages/airflow/example_dags/example_sla_dag.py for tasks to queue
[2024-03-14T10:58:56.158+0000] {logging_mixin.py:188} INFO - [2024-03-14T10:58:56.158+0000] {dagbag.py:540} INFO - Filling up the DagBag from /home/airflow/.local/lib/python3.8/site-packages/airflow/example_dags/example_sla_dag.py
[2024-03-14T10:58:56.162+0000] {processor.py:840} INFO - DAG(s) 'example_sla_dag' retrieved from /home/airflow/.local/lib/python3.8/site-packages/airflow/example_dags/example_sla_dag.py
[2024-03-14T10:58:56.171+0000] {logging_mixin.py:188} INFO - [2024-03-14T10:58:56.171+0000] {dag.py:3047} INFO - Sync 1 DAGs
[2024-03-14T10:58:56.181+0000] {logging_mixin.py:188} INFO - [2024-03-14T10:58:56.181+0000] {dag.py:3834} INFO - Setting next_dagrun for example_sla_dag to 2024-03-14 10:56:00+00:00, run_after=2024-03-14 10:58:00+00:00
[2024-03-14T10:58:56.188+0000] {processor.py:183} INFO - Processing /home/airflow/.local/lib/python3.8/site-packages/airflow/example_dags/example_sla_dag.py took 0.033 seconds
[2024-03-14T10:59:26.572+0000] {processor.py:161} INFO - Started process (PID=422) to work on /home/airflow/.local/lib/python3.8/site-packages/airflow/example_dags/example_sla_dag.py
[2024-03-14T10:59:26.573+0000] {processor.py:830} INFO - Processing file /home/airflow/.local/lib/python3.8/site-packages/airflow/example_dags/example_sla_dag.py for tasks to queue
[2024-03-14T10:59:26.574+0000] {logging_mixin.py:188} INFO - [2024-03-14T10:59:26.574+0000] {dagbag.py:540} INFO - Filling up the DagBag from /home/airflow/.local/lib/python3.8/site-packages/airflow/example_dags/example_sla_dag.py
[2024-03-14T10:59:26.579+0000] {processor.py:840} INFO - DAG(s) 'example_sla_dag' retrieved from /home/airflow/.local/lib/python3.8/site-packages/airflow/example_dags/example_sla_dag.py
[2024-03-14T10:59:26.591+0000] {logging_mixin.py:188} INFO - [2024-03-14T10:59:26.591+0000] {dag.py:3047} INFO - Sync 1 DAGs
[2024-03-14T10:59:26.603+0000] {logging_mixin.py:188} INFO - [2024-03-14T10:59:26.603+0000] {dag.py:3834} INFO - Setting next_dagrun for example_sla_dag to 2024-03-14 10:56:00+00:00, run_after=2024-03-14 10:58:00+00:00
[2024-03-14T10:59:26.609+0000] {processor.py:183} INFO - Processing /home/airflow/.local/lib/python3.8/site-packages/airflow/example_dags/example_sla_dag.py took 0.039 seconds
[2024-03-14T10:59:56.930+0000] {processor.py:161} INFO - Started process (PID=477) to work on /home/airflow/.local/lib/python3.8/site-packages/airflow/example_dags/example_sla_dag.py
[2024-03-14T10:59:56.931+0000] {processor.py:830} INFO - Processing file /home/airflow/.local/lib/python3.8/site-packages/airflow/example_dags/example_sla_dag.py for tasks to queue
[2024-03-14T10:59:56.931+0000] {logging_mixin.py:188} INFO - [2024-03-14T10:59:56.931+0000] {dagbag.py:540} INFO - Filling up the DagBag from /home/airflow/.local/lib/python3.8/site-packages/airflow/example_dags/example_sla_dag.py
[2024-03-14T10:59:56.935+0000] {processor.py:840} INFO - DAG(s) 'example_sla_dag' retrieved from /home/airflow/.local/lib/python3.8/site-packages/airflow/example_dags/example_sla_dag.py
[2024-03-14T10:59:56.943+0000] {logging_mixin.py:188} INFO - [2024-03-14T10:59:56.943+0000] {dag.py:3047} INFO - Sync 1 DAGs
[2024-03-14T10:59:56.953+0000] {logging_mixin.py:188} INFO - [2024-03-14T10:59:56.953+0000] {dag.py:3834} INFO - Setting next_dagrun for example_sla_dag to 2024-03-14 10:56:00+00:00, run_after=2024-03-14 10:58:00+00:00
[2024-03-14T10:59:56.960+0000] {processor.py:183} INFO - Processing /home/airflow/.local/lib/python3.8/site-packages/airflow/example_dags/example_sla_dag.py took 0.032 seconds
[2024-03-14T11:00:27.362+0000] {processor.py:161} INFO - Started process (PID=531) to work on /home/airflow/.local/lib/python3.8/site-packages/airflow/example_dags/example_sla_dag.py
[2024-03-14T11:00:27.363+0000] {processor.py:830} INFO - Processing file /home/airflow/.local/lib/python3.8/site-packages/airflow/example_dags/example_sla_dag.py for tasks to queue
[2024-03-14T11:00:27.363+0000] {logging_mixin.py:188} INFO - [2024-03-14T11:00:27.363+0000] {dagbag.py:540} INFO - Filling up the DagBag from /home/airflow/.local/lib/python3.8/site-packages/airflow/example_dags/example_sla_dag.py
[2024-03-14T11:00:27.367+0000] {processor.py:840} INFO - DAG(s) 'example_sla_dag' retrieved from /home/airflow/.local/lib/python3.8/site-packages/airflow/example_dags/example_sla_dag.py
[2024-03-14T11:00:27.376+0000] {logging_mixin.py:188} INFO - [2024-03-14T11:00:27.376+0000] {dag.py:3047} INFO - Sync 1 DAGs
[2024-03-14T11:00:27.387+0000] {logging_mixin.py:188} INFO - [2024-03-14T11:00:27.387+0000] {dag.py:3834} INFO - Setting next_dagrun for example_sla_dag to 2024-03-14 10:58:00+00:00, run_after=2024-03-14 11:00:00+00:00
[2024-03-14T11:00:27.394+0000] {processor.py:183} INFO - Processing /home/airflow/.local/lib/python3.8/site-packages/airflow/example_dags/example_sla_dag.py took 0.033 seconds
[2024-03-14T11:00:57.786+0000] {processor.py:161} INFO - Started process (PID=586) to work on /home/airflow/.local/lib/python3.8/site-packages/airflow/example_dags/example_sla_dag.py
[2024-03-14T11:00:57.786+0000] {processor.py:830} INFO - Processing file /home/airflow/.local/lib/python3.8/site-packages/airflow/example_dags/example_sla_dag.py for tasks to queue
[2024-03-14T11:00:57.787+0000] {logging_mixin.py:188} INFO - [2024-03-14T11:00:57.787+0000] {dagbag.py:540} INFO - Filling up the DagBag from /home/airflow/.local/lib/python3.8/site-packages/airflow/example_dags/example_sla_dag.py
[2024-03-14T11:00:57.791+0000] {processor.py:840} INFO - DAG(s) 'example_sla_dag' retrieved from /home/airflow/.local/lib/python3.8/site-packages/airflow/example_dags/example_sla_dag.py
[2024-03-14T11:00:57.801+0000] {logging_mixin.py:188} INFO - [2024-03-14T11:00:57.801+0000] {dag.py:3047} INFO - Sync 1 DAGs
[2024-03-14T11:00:57.812+0000] {logging_mixin.py:188} INFO - [2024-03-14T11:00:57.812+0000] {dag.py:3834} INFO - Setting next_dagrun for example_sla_dag to 2024-03-14 10:58:00+00:00, run_after=2024-03-14 11:00:00+00:00
[2024-03-14T11:00:57.819+0000] {processor.py:183} INFO - Processing /home/airflow/.local/lib/python3.8/site-packages/airflow/example_dags/example_sla_dag.py took 0.035 seconds
[2024-03-14T11:01:28.212+0000] {processor.py:161} INFO - Started process (PID=640) to work on /home/airflow/.local/lib/python3.8/site-packages/airflow/example_dags/example_sla_dag.py
[2024-03-14T11:01:28.213+0000] {processor.py:830} INFO - Processing file /home/airflow/.local/lib/python3.8/site-packages/airflow/example_dags/example_sla_dag.py for tasks to queue
[2024-03-14T11:01:28.215+0000] {logging_mixin.py:188} INFO - [2024-03-14T11:01:28.214+0000] {dagbag.py:540} INFO - Filling up the DagBag from /home/airflow/.local/lib/python3.8/site-packages/airflow/example_dags/example_sla_dag.py
[2024-03-14T11:01:28.221+0000] {processor.py:840} INFO - DAG(s) 'example_sla_dag' retrieved from /home/airflow/.local/lib/python3.8/site-packages/airflow/example_dags/example_sla_dag.py
[2024-03-14T11:01:28.233+0000] {logging_mixin.py:188} INFO - [2024-03-14T11:01:28.233+0000] {dag.py:3047} INFO - Sync 1 DAGs
[2024-03-14T11:01:28.246+0000] {logging_mixin.py:188} INFO - [2024-03-14T11:01:28.245+0000] {dag.py:3834} INFO - Setting next_dagrun for example_sla_dag to 2024-03-14 10:58:00+00:00, run_after=2024-03-14 11:00:00+00:00
[2024-03-14T11:01:28.257+0000] {processor.py:183} INFO - Processing /home/airflow/.local/lib/python3.8/site-packages/airflow/example_dags/example_sla_dag.py took 0.046 seconds
[2024-03-14T11:01:58.753+0000] {processor.py:161} INFO - Started process (PID=695) to work on /home/airflow/.local/lib/python3.8/site-packages/airflow/example_dags/example_sla_dag.py
[2024-03-14T11:01:58.754+0000] {processor.py:830} INFO - Processing file /home/airflow/.local/lib/python3.8/site-packages/airflow/example_dags/example_sla_dag.py for tasks to queue
[2024-03-14T11:01:58.755+0000] {logging_mixin.py:188} INFO - [2024-03-14T11:01:58.754+0000] {dagbag.py:540} INFO - Filling up the DagBag from /home/airflow/.local/lib/python3.8/site-packages/airflow/example_dags/example_sla_dag.py
[2024-03-14T11:01:58.759+0000] {processor.py:840} INFO - DAG(s) 'example_sla_dag' retrieved from /home/airflow/.local/lib/python3.8/site-packages/airflow/example_dags/example_sla_dag.py
[2024-03-14T11:01:58.769+0000] {logging_mixin.py:188} INFO - [2024-03-14T11:01:58.769+0000] {dag.py:3047} INFO - Sync 1 DAGs
[2024-03-14T11:01:58.780+0000] {logging_mixin.py:188} INFO - [2024-03-14T11:01:58.780+0000] {dag.py:3834} INFO - Setting next_dagrun for example_sla_dag to 2024-03-14 10:58:00+00:00, run_after=2024-03-14 11:00:00+00:00
[2024-03-14T11:01:58.788+0000] {processor.py:183} INFO - Processing /home/airflow/.local/lib/python3.8/site-packages/airflow/example_dags/example_sla_dag.py took 0.037 seconds
[2024-03-14T11:02:29.245+0000] {processor.py:161} INFO - Started process (PID=751) to work on /home/airflow/.local/lib/python3.8/site-packages/airflow/example_dags/example_sla_dag.py
[2024-03-14T11:02:29.245+0000] {processor.py:830} INFO - Processing file /home/airflow/.local/lib/python3.8/site-packages/airflow/example_dags/example_sla_dag.py for tasks to queue
[2024-03-14T11:02:29.246+0000] {logging_mixin.py:188} INFO - [2024-03-14T11:02:29.246+0000] {dagbag.py:540} INFO - Filling up the DagBag from /home/airflow/.local/lib/python3.8/site-packages/airflow/example_dags/example_sla_dag.py
[2024-03-14T11:02:29.250+0000] {processor.py:840} INFO - DAG(s) 'example_sla_dag' retrieved from /home/airflow/.local/lib/python3.8/site-packages/airflow/example_dags/example_sla_dag.py
[2024-03-14T11:02:29.260+0000] {logging_mixin.py:188} INFO - [2024-03-14T11:02:29.260+0000] {dag.py:3047} INFO - Sync 1 DAGs
[2024-03-14T11:02:29.271+0000] {logging_mixin.py:188} INFO - [2024-03-14T11:02:29.271+0000] {dag.py:3834} INFO - Setting next_dagrun for example_sla_dag to 2024-03-14 11:00:00+00:00, run_after=2024-03-14 11:02:00+00:00
[2024-03-14T11:02:29.278+0000] {processor.py:183} INFO - Processing /home/airflow/.local/lib/python3.8/site-packages/airflow/example_dags/example_sla_dag.py took 0.035 seconds
[2024-03-14T11:02:59.859+0000] {processor.py:161} INFO - Started process (PID=806) to work on /home/airflow/.local/lib/python3.8/site-packages/airflow/example_dags/example_sla_dag.py
[2024-03-14T11:02:59.860+0000] {processor.py:830} INFO - Processing file /home/airflow/.local/lib/python3.8/site-packages/airflow/example_dags/example_sla_dag.py for tasks to queue
[2024-03-14T11:02:59.861+0000] {logging_mixin.py:188} INFO - [2024-03-14T11:02:59.861+0000] {dagbag.py:540} INFO - Filling up the DagBag from /home/airflow/.local/lib/python3.8/site-packages/airflow/example_dags/example_sla_dag.py
[2024-03-14T11:02:59.865+0000] {processor.py:840} INFO - DAG(s) 'example_sla_dag' retrieved from /home/airflow/.local/lib/python3.8/site-packages/airflow/example_dags/example_sla_dag.py
[2024-03-14T11:02:59.874+0000] {logging_mixin.py:188} INFO - [2024-03-14T11:02:59.874+0000] {dag.py:3047} INFO - Sync 1 DAGs
[2024-03-14T11:02:59.885+0000] {logging_mixin.py:188} INFO - [2024-03-14T11:02:59.885+0000] {dag.py:3834} INFO - Setting next_dagrun for example_sla_dag to 2024-03-14 11:00:00+00:00, run_after=2024-03-14 11:02:00+00:00
[2024-03-14T11:02:59.893+0000] {processor.py:183} INFO - Processing /home/airflow/.local/lib/python3.8/site-packages/airflow/example_dags/example_sla_dag.py took 0.036 seconds
[2024-03-14T11:03:30.309+0000] {processor.py:161} INFO - Started process (PID=861) to work on /home/airflow/.local/lib/python3.8/site-packages/airflow/example_dags/example_sla_dag.py
[2024-03-14T11:03:30.309+0000] {processor.py:830} INFO - Processing file /home/airflow/.local/lib/python3.8/site-packages/airflow/example_dags/example_sla_dag.py for tasks to queue
[2024-03-14T11:03:30.310+0000] {logging_mixin.py:188} INFO - [2024-03-14T11:03:30.310+0000] {dagbag.py:540} INFO - Filling up the DagBag from /home/airflow/.local/lib/python3.8/site-packages/airflow/example_dags/example_sla_dag.py
[2024-03-14T11:03:30.314+0000] {processor.py:840} INFO - DAG(s) 'example_sla_dag' retrieved from /home/airflow/.local/lib/python3.8/site-packages/airflow/example_dags/example_sla_dag.py
[2024-03-14T11:03:30.323+0000] {logging_mixin.py:188} INFO - [2024-03-14T11:03:30.323+0000] {dag.py:3047} INFO - Sync 1 DAGs
[2024-03-14T11:03:30.333+0000] {logging_mixin.py:188} INFO - [2024-03-14T11:03:30.333+0000] {dag.py:3834} INFO - Setting next_dagrun for example_sla_dag to 2024-03-14 11:00:00+00:00, run_after=2024-03-14 11:02:00+00:00
[2024-03-14T11:03:30.341+0000] {processor.py:183} INFO - Processing /home/airflow/.local/lib/python3.8/site-packages/airflow/example_dags/example_sla_dag.py took 0.033 seconds
[2024-03-14T11:04:00.701+0000] {processor.py:161} INFO - Started process (PID=916) to work on /home/airflow/.local/lib/python3.8/site-packages/airflow/example_dags/example_sla_dag.py
[2024-03-14T11:04:00.702+0000] {processor.py:830} INFO - Processing file /home/airflow/.local/lib/python3.8/site-packages/airflow/example_dags/example_sla_dag.py for tasks to queue
[2024-03-14T11:04:00.703+0000] {logging_mixin.py:188} INFO - [2024-03-14T11:04:00.702+0000] {dagbag.py:540} INFO - Filling up the DagBag from /home/airflow/.local/lib/python3.8/site-packages/airflow/example_dags/example_sla_dag.py
[2024-03-14T11:04:00.707+0000] {processor.py:840} INFO - DAG(s) 'example_sla_dag' retrieved from /home/airflow/.local/lib/python3.8/site-packages/airflow/example_dags/example_sla_dag.py
[2024-03-14T11:04:00.717+0000] {logging_mixin.py:188} INFO - [2024-03-14T11:04:00.717+0000] {dag.py:3047} INFO - Sync 1 DAGs
[2024-03-14T11:04:00.728+0000] {logging_mixin.py:188} INFO - [2024-03-14T11:04:00.728+0000] {dag.py:3834} INFO - Setting next_dagrun for example_sla_dag to 2024-03-14 11:02:00+00:00, run_after=2024-03-14 11:04:00+00:00
[2024-03-14T11:04:00.736+0000] {processor.py:183} INFO - Processing /home/airflow/.local/lib/python3.8/site-packages/airflow/example_dags/example_sla_dag.py took 0.037 seconds
[2024-03-14T11:04:31.103+0000] {processor.py:161} INFO - Started process (PID=971) to work on /home/airflow/.local/lib/python3.8/site-packages/airflow/example_dags/example_sla_dag.py
[2024-03-14T11:04:31.103+0000] {processor.py:830} INFO - Processing file /home/airflow/.local/lib/python3.8/site-packages/airflow/example_dags/example_sla_dag.py for tasks to queue
[2024-03-14T11:04:31.104+0000] {logging_mixin.py:188} INFO - [2024-03-14T11:04:31.104+0000] {dagbag.py:540} INFO - Filling up the DagBag from /home/airflow/.local/lib/python3.8/site-packages/airflow/example_dags/example_sla_dag.py
[2024-03-14T11:04:31.108+0000] {processor.py:840} INFO - DAG(s) 'example_sla_dag' retrieved from /home/airflow/.local/lib/python3.8/site-packages/airflow/example_dags/example_sla_dag.py
[2024-03-14T11:04:31.117+0000] {logging_mixin.py:188} INFO - [2024-03-14T11:04:31.117+0000] {dag.py:3047} INFO - Sync 1 DAGs
[2024-03-14T11:04:31.127+0000] {logging_mixin.py:188} INFO - [2024-03-14T11:04:31.127+0000] {dag.py:3834} INFO - Setting next_dagrun for example_sla_dag to 2024-03-14 11:02:00+00:00, run_after=2024-03-14 11:04:00+00:00
[2024-03-14T11:04:31.135+0000] {processor.py:183} INFO - Processing /home/airflow/.local/lib/python3.8/site-packages/airflow/example_dags/example_sla_dag.py took 0.034 seconds
[2024-03-14T11:05:01.535+0000] {processor.py:161} INFO - Started process (PID=1026) to work on /home/airflow/.local/lib/python3.8/site-packages/airflow/example_dags/example_sla_dag.py
[2024-03-14T11:05:01.535+0000] {processor.py:830} INFO - Processing file /home/airflow/.local/lib/python3.8/site-packages/airflow/example_dags/example_sla_dag.py for tasks to queue
[2024-03-14T11:05:01.536+0000] {logging_mixin.py:188} INFO - [2024-03-14T11:05:01.536+0000] {dagbag.py:540} INFO - Filling up the DagBag from /home/airflow/.local/lib/python3.8/site-packages/airflow/example_dags/example_sla_dag.py
[2024-03-14T11:05:01.540+0000] {processor.py:840} INFO - DAG(s) 'example_sla_dag' retrieved from /home/airflow/.local/lib/python3.8/site-packages/airflow/example_dags/example_sla_dag.py
[2024-03-14T11:05:01.549+0000] {logging_mixin.py:188} INFO - [2024-03-14T11:05:01.549+0000] {dag.py:3047} INFO - Sync 1 DAGs
[2024-03-14T11:05:01.559+0000] {logging_mixin.py:188} INFO - [2024-03-14T11:05:01.559+0000] {dag.py:3834} INFO - Setting next_dagrun for example_sla_dag to 2024-03-14 11:02:00+00:00, run_after=2024-03-14 11:04:00+00:00
[2024-03-14T11:05:01.566+0000] {processor.py:183} INFO - Processing /home/airflow/.local/lib/python3.8/site-packages/airflow/example_dags/example_sla_dag.py took 0.033 seconds
[2024-03-14T11:05:31.993+0000] {processor.py:161} INFO - Started process (PID=1081) to work on /home/airflow/.local/lib/python3.8/site-packages/airflow/example_dags/example_sla_dag.py
[2024-03-14T11:05:31.994+0000] {processor.py:830} INFO - Processing file /home/airflow/.local/lib/python3.8/site-packages/airflow/example_dags/example_sla_dag.py for tasks to queue
[2024-03-14T11:05:31.994+0000] {logging_mixin.py:188} INFO - [2024-03-14T11:05:31.994+0000] {dagbag.py:540} INFO - Filling up the DagBag from /home/airflow/.local/lib/python3.8/site-packages/airflow/example_dags/example_sla_dag.py
[2024-03-14T11:05:31.998+0000] {processor.py:840} INFO - DAG(s) 'example_sla_dag' retrieved from /home/airflow/.local/lib/python3.8/site-packages/airflow/example_dags/example_sla_dag.py
[2024-03-14T11:05:32.007+0000] {logging_mixin.py:188} INFO - [2024-03-14T11:05:32.007+0000] {dag.py:3047} INFO - Sync 1 DAGs
[2024-03-14T11:05:32.018+0000] {logging_mixin.py:188} INFO - [2024-03-14T11:05:32.018+0000] {dag.py:3834} INFO - Setting next_dagrun for example_sla_dag to 2024-03-14 11:02:00+00:00, run_after=2024-03-14 11:04:00+00:00
[2024-03-14T11:05:32.025+0000] {processor.py:183} INFO - Processing /home/airflow/.local/lib/python3.8/site-packages/airflow/example_dags/example_sla_dag.py took 0.033 seconds
[2024-03-14T11:06:02.455+0000] {processor.py:161} INFO - Started process (PID=1136) to work on /home/airflow/.local/lib/python3.8/site-packages/airflow/example_dags/example_sla_dag.py
[2024-03-14T11:06:02.456+0000] {processor.py:830} INFO - Processing file /home/airflow/.local/lib/python3.8/site-packages/airflow/example_dags/example_sla_dag.py for tasks to queue
[2024-03-14T11:06:02.456+0000] {logging_mixin.py:188} INFO - [2024-03-14T11:06:02.456+0000] {dagbag.py:540} INFO - Filling up the DagBag from /home/airflow/.local/lib/python3.8/site-packages/airflow/example_dags/example_sla_dag.py
[2024-03-14T11:06:02.460+0000] {processor.py:840} INFO - DAG(s) 'example_sla_dag' retrieved from /home/airflow/.local/lib/python3.8/site-packages/airflow/example_dags/example_sla_dag.py
[2024-03-14T11:06:02.469+0000] {logging_mixin.py:188} INFO - [2024-03-14T11:06:02.469+0000] {dag.py:3047} INFO - Sync 1 DAGs
[2024-03-14T11:06:02.480+0000] {logging_mixin.py:188} INFO - [2024-03-14T11:06:02.480+0000] {dag.py:3834} INFO - Setting next_dagrun for example_sla_dag to 2024-03-14 11:04:00+00:00, run_after=2024-03-14 11:06:00+00:00
[2024-03-14T11:06:02.487+0000] {processor.py:183} INFO - Processing /home/airflow/.local/lib/python3.8/site-packages/airflow/example_dags/example_sla_dag.py took 0.033 seconds
[2024-03-14T11:06:32.885+0000] {processor.py:161} INFO - Started process (PID=1191) to work on /home/airflow/.local/lib/python3.8/site-packages/airflow/example_dags/example_sla_dag.py
[2024-03-14T11:06:32.887+0000] {processor.py:830} INFO - Processing file /home/airflow/.local/lib/python3.8/site-packages/airflow/example_dags/example_sla_dag.py for tasks to queue
[2024-03-14T11:06:32.888+0000] {logging_mixin.py:188} INFO - [2024-03-14T11:06:32.888+0000] {dagbag.py:540} INFO - Filling up the DagBag from /home/airflow/.local/lib/python3.8/site-packages/airflow/example_dags/example_sla_dag.py
[2024-03-14T11:06:32.892+0000] {processor.py:840} INFO - DAG(s) 'example_sla_dag' retrieved from /home/airflow/.local/lib/python3.8/site-packages/airflow/example_dags/example_sla_dag.py
[2024-03-14T11:06:32.900+0000] {logging_mixin.py:188} INFO - [2024-03-14T11:06:32.900+0000] {dag.py:3047} INFO - Sync 1 DAGs
[2024-03-14T11:06:32.910+0000] {logging_mixin.py:188} INFO - [2024-03-14T11:06:32.910+0000] {dag.py:3834} INFO - Setting next_dagrun for example_sla_dag to 2024-03-14 11:04:00+00:00, run_after=2024-03-14 11:06:00+00:00
[2024-03-14T11:06:32.918+0000] {processor.py:183} INFO - Processing /home/airflow/.local/lib/python3.8/site-packages/airflow/example_dags/example_sla_dag.py took 0.034 seconds
[2024-03-14T11:07:03.295+0000] {processor.py:161} INFO - Started process (PID=1245) to work on /home/airflow/.local/lib/python3.8/site-packages/airflow/example_dags/example_sla_dag.py
[2024-03-14T11:07:03.295+0000] {processor.py:830} INFO - Processing file /home/airflow/.local/lib/python3.8/site-packages/airflow/example_dags/example_sla_dag.py for tasks to queue
[2024-03-14T11:07:03.296+0000] {logging_mixin.py:188} INFO - [2024-03-14T11:07:03.296+0000] {dagbag.py:540} INFO - Filling up the DagBag from /home/airflow/.local/lib/python3.8/site-packages/airflow/example_dags/example_sla_dag.py
[2024-03-14T11:07:03.300+0000] {processor.py:840} INFO - DAG(s) 'example_sla_dag' retrieved from /home/airflow/.local/lib/python3.8/site-packages/airflow/example_dags/example_sla_dag.py
[2024-03-14T11:07:03.309+0000] {logging_mixin.py:188} INFO - [2024-03-14T11:07:03.309+0000] {dag.py:3047} INFO - Sync 1 DAGs
[2024-03-14T11:07:03.321+0000] {logging_mixin.py:188} INFO - [2024-03-14T11:07:03.321+0000] {dag.py:3834} INFO - Setting next_dagrun for example_sla_dag to 2024-03-14 11:04:00+00:00, run_after=2024-03-14 11:06:00+00:00
[2024-03-14T11:07:03.328+0000] {processor.py:183} INFO - Processing /home/airflow/.local/lib/python3.8/site-packages/airflow/example_dags/example_sla_dag.py took 0.035 seconds
[2024-03-14T11:07:33.736+0000] {processor.py:161} INFO - Started process (PID=1300) to work on /home/airflow/.local/lib/python3.8/site-packages/airflow/example_dags/example_sla_dag.py
[2024-03-14T11:07:33.739+0000] {processor.py:830} INFO - Processing file /home/airflow/.local/lib/python3.8/site-packages/airflow/example_dags/example_sla_dag.py for tasks to queue
[2024-03-14T11:07:33.740+0000] {logging_mixin.py:188} INFO - [2024-03-14T11:07:33.740+0000] {dagbag.py:540} INFO - Filling up the DagBag from /home/airflow/.local/lib/python3.8/site-packages/airflow/example_dags/example_sla_dag.py
[2024-03-14T11:07:33.744+0000] {processor.py:840} INFO - DAG(s) 'example_sla_dag' retrieved from /home/airflow/.local/lib/python3.8/site-packages/airflow/example_dags/example_sla_dag.py
[2024-03-14T11:07:33.752+0000] {logging_mixin.py:188} INFO - [2024-03-14T11:07:33.752+0000] {dag.py:3047} INFO - Sync 1 DAGs
[2024-03-14T11:07:33.761+0000] {logging_mixin.py:188} INFO - [2024-03-14T11:07:33.761+0000] {dag.py:3834} INFO - Setting next_dagrun for example_sla_dag to 2024-03-14 11:04:00+00:00, run_after=2024-03-14 11:06:00+00:00
[2024-03-14T11:07:33.772+0000] {processor.py:183} INFO - Processing /home/airflow/.local/lib/python3.8/site-packages/airflow/example_dags/example_sla_dag.py took 0.037 seconds
[2024-03-14T11:08:04.112+0000] {processor.py:161} INFO - Started process (PID=1355) to work on /home/airflow/.local/lib/python3.8/site-packages/airflow/example_dags/example_sla_dag.py
[2024-03-14T11:08:04.113+0000] {processor.py:830} INFO - Processing file /home/airflow/.local/lib/python3.8/site-packages/airflow/example_dags/example_sla_dag.py for tasks to queue
[2024-03-14T11:08:04.113+0000] {logging_mixin.py:188} INFO - [2024-03-14T11:08:04.113+0000] {dagbag.py:540} INFO - Filling up the DagBag from /home/airflow/.local/lib/python3.8/site-packages/airflow/example_dags/example_sla_dag.py
[2024-03-14T11:08:04.117+0000] {processor.py:840} INFO - DAG(s) 'example_sla_dag' retrieved from /home/airflow/.local/lib/python3.8/site-packages/airflow/example_dags/example_sla_dag.py
[2024-03-14T11:08:04.126+0000] {logging_mixin.py:188} INFO - [2024-03-14T11:08:04.126+0000] {dag.py:3047} INFO - Sync 1 DAGs
[2024-03-14T11:08:04.137+0000] {logging_mixin.py:188} INFO - [2024-03-14T11:08:04.137+0000] {dag.py:3834} INFO - Setting next_dagrun for example_sla_dag to 2024-03-14 11:06:00+00:00, run_after=2024-03-14 11:08:00+00:00
[2024-03-14T11:08:04.144+0000] {processor.py:183} INFO - Processing /home/airflow/.local/lib/python3.8/site-packages/airflow/example_dags/example_sla_dag.py took 0.033 seconds
[2024-03-14T11:08:34.400+0000] {processor.py:161} INFO - Started process (PID=1410) to work on /home/airflow/.local/lib/python3.8/site-packages/airflow/example_dags/example_sla_dag.py
[2024-03-14T11:08:34.400+0000] {processor.py:830} INFO - Processing file /home/airflow/.local/lib/python3.8/site-packages/airflow/example_dags/example_sla_dag.py for tasks to queue
[2024-03-14T11:08:34.401+0000] {logging_mixin.py:188} INFO - [2024-03-14T11:08:34.401+0000] {dagbag.py:540} INFO - Filling up the DagBag from /home/airflow/.local/lib/python3.8/site-packages/airflow/example_dags/example_sla_dag.py
[2024-03-14T11:08:34.405+0000] {processor.py:840} INFO - DAG(s) 'example_sla_dag' retrieved from /home/airflow/.local/lib/python3.8/site-packages/airflow/example_dags/example_sla_dag.py
[2024-03-14T11:08:34.414+0000] {logging_mixin.py:188} INFO - [2024-03-14T11:08:34.414+0000] {dag.py:3047} INFO - Sync 1 DAGs
[2024-03-14T11:08:34.424+0000] {logging_mixin.py:188} INFO - [2024-03-14T11:08:34.424+0000] {dag.py:3834} INFO - Setting next_dagrun for example_sla_dag to 2024-03-14 11:06:00+00:00, run_after=2024-03-14 11:08:00+00:00
[2024-03-14T11:08:34.432+0000] {processor.py:183} INFO - Processing /home/airflow/.local/lib/python3.8/site-packages/airflow/example_dags/example_sla_dag.py took 0.033 seconds
[2024-03-14T11:09:04.744+0000] {processor.py:161} INFO - Started process (PID=1465) to work on /home/airflow/.local/lib/python3.8/site-packages/airflow/example_dags/example_sla_dag.py
[2024-03-14T11:09:04.745+0000] {processor.py:830} INFO - Processing file /home/airflow/.local/lib/python3.8/site-packages/airflow/example_dags/example_sla_dag.py for tasks to queue
[2024-03-14T11:09:04.746+0000] {logging_mixin.py:188} INFO - [2024-03-14T11:09:04.745+0000] {dagbag.py:540} INFO - Filling up the DagBag from /home/airflow/.local/lib/python3.8/site-packages/airflow/example_dags/example_sla_dag.py
[2024-03-14T11:09:04.750+0000] {processor.py:840} INFO - DAG(s) 'example_sla_dag' retrieved from /home/airflow/.local/lib/python3.8/site-packages/airflow/example_dags/example_sla_dag.py
[2024-03-14T11:09:04.758+0000] {logging_mixin.py:188} INFO - [2024-03-14T11:09:04.758+0000] {dag.py:3047} INFO - Sync 1 DAGs
[2024-03-14T11:09:04.768+0000] {logging_mixin.py:188} INFO - [2024-03-14T11:09:04.768+0000] {dag.py:3834} INFO - Setting next_dagrun for example_sla_dag to 2024-03-14 11:06:00+00:00, run_after=2024-03-14 11:08:00+00:00
[2024-03-14T11:09:04.776+0000] {processor.py:183} INFO - Processing /home/airflow/.local/lib/python3.8/site-packages/airflow/example_dags/example_sla_dag.py took 0.034 seconds
[2024-03-14T11:09:35.139+0000] {processor.py:161} INFO - Started process (PID=1520) to work on /home/airflow/.local/lib/python3.8/site-packages/airflow/example_dags/example_sla_dag.py
[2024-03-14T11:09:35.140+0000] {processor.py:830} INFO - Processing file /home/airflow/.local/lib/python3.8/site-packages/airflow/example_dags/example_sla_dag.py for tasks to queue
[2024-03-14T11:09:35.140+0000] {logging_mixin.py:188} INFO - [2024-03-14T11:09:35.140+0000] {dagbag.py:540} INFO - Filling up the DagBag from /home/airflow/.local/lib/python3.8/site-packages/airflow/example_dags/example_sla_dag.py
[2024-03-14T11:09:35.144+0000] {processor.py:840} INFO - DAG(s) 'example_sla_dag' retrieved from /home/airflow/.local/lib/python3.8/site-packages/airflow/example_dags/example_sla_dag.py
[2024-03-14T11:09:35.153+0000] {logging_mixin.py:188} INFO - [2024-03-14T11:09:35.153+0000] {dag.py:3047} INFO - Sync 1 DAGs
[2024-03-14T11:09:35.164+0000] {logging_mixin.py:188} INFO - [2024-03-14T11:09:35.164+0000] {dag.py:3834} INFO - Setting next_dagrun for example_sla_dag to 2024-03-14 11:06:00+00:00, run_after=2024-03-14 11:08:00+00:00
[2024-03-14T11:09:35.171+0000] {processor.py:183} INFO - Processing /home/airflow/.local/lib/python3.8/site-packages/airflow/example_dags/example_sla_dag.py took 0.034 seconds
[2024-03-14T11:10:05.467+0000] {processor.py:161} INFO - Started process (PID=1574) to work on /home/airflow/.local/lib/python3.8/site-packages/airflow/example_dags/example_sla_dag.py
[2024-03-14T11:10:05.467+0000] {processor.py:830} INFO - Processing file /home/airflow/.local/lib/python3.8/site-packages/airflow/example_dags/example_sla_dag.py for tasks to queue
[2024-03-14T11:10:05.468+0000] {logging_mixin.py:188} INFO - [2024-03-14T11:10:05.468+0000] {dagbag.py:540} INFO - Filling up the DagBag from /home/airflow/.local/lib/python3.8/site-packages/airflow/example_dags/example_sla_dag.py
[2024-03-14T11:10:05.472+0000] {processor.py:840} INFO - DAG(s) 'example_sla_dag' retrieved from /home/airflow/.local/lib/python3.8/site-packages/airflow/example_dags/example_sla_dag.py
[2024-03-14T11:10:05.481+0000] {logging_mixin.py:188} INFO - [2024-03-14T11:10:05.481+0000] {dag.py:3047} INFO - Sync 1 DAGs
[2024-03-14T11:10:05.491+0000] {logging_mixin.py:188} INFO - [2024-03-14T11:10:05.491+0000] {dag.py:3834} INFO - Setting next_dagrun for example_sla_dag to 2024-03-14 11:08:00+00:00, run_after=2024-03-14 11:10:00+00:00
[2024-03-14T11:10:05.498+0000] {processor.py:183} INFO - Processing /home/airflow/.local/lib/python3.8/site-packages/airflow/example_dags/example_sla_dag.py took 0.033 seconds
[2024-03-14T11:10:35.886+0000] {processor.py:161} INFO - Started process (PID=1629) to work on /home/airflow/.local/lib/python3.8/site-packages/airflow/example_dags/example_sla_dag.py
[2024-03-14T11:10:35.887+0000] {processor.py:830} INFO - Processing file /home/airflow/.local/lib/python3.8/site-packages/airflow/example_dags/example_sla_dag.py for tasks to queue
[2024-03-14T11:10:35.888+0000] {logging_mixin.py:188} INFO - [2024-03-14T11:10:35.888+0000] {dagbag.py:540} INFO - Filling up the DagBag from /home/airflow/.local/lib/python3.8/site-packages/airflow/example_dags/example_sla_dag.py
[2024-03-14T11:10:35.892+0000] {processor.py:840} INFO - DAG(s) 'example_sla_dag' retrieved from /home/airflow/.local/lib/python3.8/site-packages/airflow/example_dags/example_sla_dag.py
[2024-03-14T11:10:35.901+0000] {logging_mixin.py:188} INFO - [2024-03-14T11:10:35.901+0000] {dag.py:3047} INFO - Sync 1 DAGs
[2024-03-14T11:10:35.911+0000] {logging_mixin.py:188} INFO - [2024-03-14T11:10:35.911+0000] {dag.py:3834} INFO - Setting next_dagrun for example_sla_dag to 2024-03-14 11:08:00+00:00, run_after=2024-03-14 11:10:00+00:00
[2024-03-14T11:10:35.918+0000] {processor.py:183} INFO - Processing /home/airflow/.local/lib/python3.8/site-packages/airflow/example_dags/example_sla_dag.py took 0.033 seconds
[2024-03-14T11:11:06.312+0000] {processor.py:161} INFO - Started process (PID=1684) to work on /home/airflow/.local/lib/python3.8/site-packages/airflow/example_dags/example_sla_dag.py
[2024-03-14T11:11:06.312+0000] {processor.py:830} INFO - Processing file /home/airflow/.local/lib/python3.8/site-packages/airflow/example_dags/example_sla_dag.py for tasks to queue
[2024-03-14T11:11:06.313+0000] {logging_mixin.py:188} INFO - [2024-03-14T11:11:06.313+0000] {dagbag.py:540} INFO - Filling up the DagBag from /home/airflow/.local/lib/python3.8/site-packages/airflow/example_dags/example_sla_dag.py
[2024-03-14T11:11:06.317+0000] {processor.py:840} INFO - DAG(s) 'example_sla_dag' retrieved from /home/airflow/.local/lib/python3.8/site-packages/airflow/example_dags/example_sla_dag.py
[2024-03-14T11:11:06.326+0000] {logging_mixin.py:188} INFO - [2024-03-14T11:11:06.326+0000] {dag.py:3047} INFO - Sync 1 DAGs
[2024-03-14T11:11:06.336+0000] {logging_mixin.py:188} INFO - [2024-03-14T11:11:06.336+0000] {dag.py:3834} INFO - Setting next_dagrun for example_sla_dag to 2024-03-14 11:08:00+00:00, run_after=2024-03-14 11:10:00+00:00
[2024-03-14T11:11:06.343+0000] {processor.py:183} INFO - Processing /home/airflow/.local/lib/python3.8/site-packages/airflow/example_dags/example_sla_dag.py took 0.033 seconds
[2024-03-14T11:11:36.735+0000] {processor.py:161} INFO - Started process (PID=1738) to work on /home/airflow/.local/lib/python3.8/site-packages/airflow/example_dags/example_sla_dag.py
[2024-03-14T11:11:36.736+0000] {processor.py:830} INFO - Processing file /home/airflow/.local/lib/python3.8/site-packages/airflow/example_dags/example_sla_dag.py for tasks to queue
[2024-03-14T11:11:36.737+0000] {logging_mixin.py:188} INFO - [2024-03-14T11:11:36.737+0000] {dagbag.py:540} INFO - Filling up the DagBag from /home/airflow/.local/lib/python3.8/site-packages/airflow/example_dags/example_sla_dag.py
[2024-03-14T11:11:36.742+0000] {processor.py:840} INFO - DAG(s) 'example_sla_dag' retrieved from /home/airflow/.local/lib/python3.8/site-packages/airflow/example_dags/example_sla_dag.py
[2024-03-14T11:11:36.751+0000] {logging_mixin.py:188} INFO - [2024-03-14T11:11:36.751+0000] {dag.py:3047} INFO - Sync 1 DAGs
[2024-03-14T11:11:36.762+0000] {logging_mixin.py:188} INFO - [2024-03-14T11:11:36.762+0000] {dag.py:3834} INFO - Setting next_dagrun for example_sla_dag to 2024-03-14 11:08:00+00:00, run_after=2024-03-14 11:10:00+00:00
[2024-03-14T11:11:36.770+0000] {processor.py:183} INFO - Processing /home/airflow/.local/lib/python3.8/site-packages/airflow/example_dags/example_sla_dag.py took 0.036 seconds
[2024-03-14T11:12:07.172+0000] {processor.py:161} INFO - Started process (PID=1793) to work on /home/airflow/.local/lib/python3.8/site-packages/airflow/example_dags/example_sla_dag.py
[2024-03-14T11:12:07.172+0000] {processor.py:830} INFO - Processing file /home/airflow/.local/lib/python3.8/site-packages/airflow/example_dags/example_sla_dag.py for tasks to queue
[2024-03-14T11:12:07.173+0000] {logging_mixin.py:188} INFO - [2024-03-14T11:12:07.173+0000] {dagbag.py:540} INFO - Filling up the DagBag from /home/airflow/.local/lib/python3.8/site-packages/airflow/example_dags/example_sla_dag.py
[2024-03-14T11:12:07.177+0000] {processor.py:840} INFO - DAG(s) 'example_sla_dag' retrieved from /home/airflow/.local/lib/python3.8/site-packages/airflow/example_dags/example_sla_dag.py
[2024-03-14T11:12:07.186+0000] {logging_mixin.py:188} INFO - [2024-03-14T11:12:07.186+0000] {dag.py:3047} INFO - Sync 1 DAGs
[2024-03-14T11:12:07.198+0000] {logging_mixin.py:188} INFO - [2024-03-14T11:12:07.197+0000] {dag.py:3834} INFO - Setting next_dagrun for example_sla_dag to 2024-03-14 11:10:00+00:00, run_after=2024-03-14 11:12:00+00:00
[2024-03-14T11:12:07.205+0000] {processor.py:183} INFO - Processing /home/airflow/.local/lib/python3.8/site-packages/airflow/example_dags/example_sla_dag.py took 0.035 seconds
[2024-03-14T11:12:37.645+0000] {processor.py:161} INFO - Started process (PID=1848) to work on /home/airflow/.local/lib/python3.8/site-packages/airflow/example_dags/example_sla_dag.py
[2024-03-14T11:12:37.645+0000] {processor.py:830} INFO - Processing file /home/airflow/.local/lib/python3.8/site-packages/airflow/example_dags/example_sla_dag.py for tasks to queue
[2024-03-14T11:12:37.646+0000] {logging_mixin.py:188} INFO - [2024-03-14T11:12:37.646+0000] {dagbag.py:540} INFO - Filling up the DagBag from /home/airflow/.local/lib/python3.8/site-packages/airflow/example_dags/example_sla_dag.py
[2024-03-14T11:12:37.650+0000] {processor.py:840} INFO - DAG(s) 'example_sla_dag' retrieved from /home/airflow/.local/lib/python3.8/site-packages/airflow/example_dags/example_sla_dag.py
[2024-03-14T11:12:37.659+0000] {logging_mixin.py:188} INFO - [2024-03-14T11:12:37.659+0000] {dag.py:3047} INFO - Sync 1 DAGs
[2024-03-14T11:12:37.669+0000] {logging_mixin.py:188} INFO - [2024-03-14T11:12:37.669+0000] {dag.py:3834} INFO - Setting next_dagrun for example_sla_dag to 2024-03-14 11:10:00+00:00, run_after=2024-03-14 11:12:00+00:00
[2024-03-14T11:12:37.676+0000] {processor.py:183} INFO - Processing /home/airflow/.local/lib/python3.8/site-packages/airflow/example_dags/example_sla_dag.py took 0.033 seconds
[2024-03-14T11:13:08.006+0000] {processor.py:161} INFO - Started process (PID=1902) to work on /home/airflow/.local/lib/python3.8/site-packages/airflow/example_dags/example_sla_dag.py
[2024-03-14T11:13:08.006+0000] {processor.py:830} INFO - Processing file /home/airflow/.local/lib/python3.8/site-packages/airflow/example_dags/example_sla_dag.py for tasks to queue
[2024-03-14T11:13:08.007+0000] {logging_mixin.py:188} INFO - [2024-03-14T11:13:08.007+0000] {dagbag.py:540} INFO - Filling up the DagBag from /home/airflow/.local/lib/python3.8/site-packages/airflow/example_dags/example_sla_dag.py
[2024-03-14T11:13:08.011+0000] {processor.py:840} INFO - DAG(s) 'example_sla_dag' retrieved from /home/airflow/.local/lib/python3.8/site-packages/airflow/example_dags/example_sla_dag.py
[2024-03-14T11:13:08.020+0000] {logging_mixin.py:188} INFO - [2024-03-14T11:13:08.020+0000] {dag.py:3047} INFO - Sync 1 DAGs
[2024-03-14T11:13:08.030+0000] {logging_mixin.py:188} INFO - [2024-03-14T11:13:08.030+0000] {dag.py:3834} INFO - Setting next_dagrun for example_sla_dag to 2024-03-14 11:10:00+00:00, run_after=2024-03-14 11:12:00+00:00
[2024-03-14T11:13:08.037+0000] {processor.py:183} INFO - Processing /home/airflow/.local/lib/python3.8/site-packages/airflow/example_dags/example_sla_dag.py took 0.033 seconds
[2024-03-14T11:13:38.339+0000] {processor.py:161} INFO - Started process (PID=1957) to work on /home/airflow/.local/lib/python3.8/site-packages/airflow/example_dags/example_sla_dag.py
[2024-03-14T11:13:38.339+0000] {processor.py:830} INFO - Processing file /home/airflow/.local/lib/python3.8/site-packages/airflow/example_dags/example_sla_dag.py for tasks to queue
[2024-03-14T11:13:38.340+0000] {logging_mixin.py:188} INFO - [2024-03-14T11:13:38.340+0000] {dagbag.py:540} INFO - Filling up the DagBag from /home/airflow/.local/lib/python3.8/site-packages/airflow/example_dags/example_sla_dag.py
[2024-03-14T11:13:38.344+0000] {processor.py:840} INFO - DAG(s) 'example_sla_dag' retrieved from /home/airflow/.local/lib/python3.8/site-packages/airflow/example_dags/example_sla_dag.py
[2024-03-14T11:13:38.353+0000] {logging_mixin.py:188} INFO - [2024-03-14T11:13:38.353+0000] {dag.py:3047} INFO - Sync 1 DAGs
[2024-03-14T11:13:38.363+0000] {logging_mixin.py:188} INFO - [2024-03-14T11:13:38.363+0000] {dag.py:3834} INFO - Setting next_dagrun for example_sla_dag to 2024-03-14 11:10:00+00:00, run_after=2024-03-14 11:12:00+00:00
[2024-03-14T11:13:38.370+0000] {processor.py:183} INFO - Processing /home/airflow/.local/lib/python3.8/site-packages/airflow/example_dags/example_sla_dag.py took 0.033 seconds
[2024-03-14T11:14:08.735+0000] {processor.py:161} INFO - Started process (PID=2012) to work on /home/airflow/.local/lib/python3.8/site-packages/airflow/example_dags/example_sla_dag.py
[2024-03-14T11:14:08.735+0000] {processor.py:830} INFO - Processing file /home/airflow/.local/lib/python3.8/site-packages/airflow/example_dags/example_sla_dag.py for tasks to queue
[2024-03-14T11:14:08.736+0000] {logging_mixin.py:188} INFO - [2024-03-14T11:14:08.736+0000] {dagbag.py:540} INFO - Filling up the DagBag from /home/airflow/.local/lib/python3.8/site-packages/airflow/example_dags/example_sla_dag.py
[2024-03-14T11:14:08.740+0000] {processor.py:840} INFO - DAG(s) 'example_sla_dag' retrieved from /home/airflow/.local/lib/python3.8/site-packages/airflow/example_dags/example_sla_dag.py
[2024-03-14T11:14:08.749+0000] {logging_mixin.py:188} INFO - [2024-03-14T11:14:08.749+0000] {dag.py:3047} INFO - Sync 1 DAGs
[2024-03-14T11:14:08.759+0000] {logging_mixin.py:188} INFO - [2024-03-14T11:14:08.759+0000] {dag.py:3834} INFO - Setting next_dagrun for example_sla_dag to 2024-03-14 11:12:00+00:00, run_after=2024-03-14 11:14:00+00:00
[2024-03-14T11:14:08.767+0000] {processor.py:183} INFO - Processing /home/airflow/.local/lib/python3.8/site-packages/airflow/example_dags/example_sla_dag.py took 0.034 seconds
[2024-03-14T11:14:39.060+0000] {processor.py:161} INFO - Started process (PID=2067) to work on /home/airflow/.local/lib/python3.8/site-packages/airflow/example_dags/example_sla_dag.py
[2024-03-14T11:14:39.061+0000] {processor.py:830} INFO - Processing file /home/airflow/.local/lib/python3.8/site-packages/airflow/example_dags/example_sla_dag.py for tasks to queue
[2024-03-14T11:14:39.061+0000] {logging_mixin.py:188} INFO - [2024-03-14T11:14:39.061+0000] {dagbag.py:540} INFO - Filling up the DagBag from /home/airflow/.local/lib/python3.8/site-packages/airflow/example_dags/example_sla_dag.py
[2024-03-14T11:14:39.065+0000] {processor.py:840} INFO - DAG(s) 'example_sla_dag' retrieved from /home/airflow/.local/lib/python3.8/site-packages/airflow/example_dags/example_sla_dag.py
[2024-03-14T11:14:39.074+0000] {logging_mixin.py:188} INFO - [2024-03-14T11:14:39.074+0000] {dag.py:3047} INFO - Sync 1 DAGs
[2024-03-14T11:14:39.084+0000] {logging_mixin.py:188} INFO - [2024-03-14T11:14:39.084+0000] {dag.py:3834} INFO - Setting next_dagrun for example_sla_dag to 2024-03-14 11:12:00+00:00, run_after=2024-03-14 11:14:00+00:00
[2024-03-14T11:14:39.092+0000] {processor.py:183} INFO - Processing /home/airflow/.local/lib/python3.8/site-packages/airflow/example_dags/example_sla_dag.py took 0.033 seconds
[2024-03-14T11:15:09.488+0000] {processor.py:161} INFO - Started process (PID=2122) to work on /home/airflow/.local/lib/python3.8/site-packages/airflow/example_dags/example_sla_dag.py
[2024-03-14T11:15:09.488+0000] {processor.py:830} INFO - Processing file /home/airflow/.local/lib/python3.8/site-packages/airflow/example_dags/example_sla_dag.py for tasks to queue
[2024-03-14T11:15:09.489+0000] {logging_mixin.py:188} INFO - [2024-03-14T11:15:09.489+0000] {dagbag.py:540} INFO - Filling up the DagBag from /home/airflow/.local/lib/python3.8/site-packages/airflow/example_dags/example_sla_dag.py
[2024-03-14T11:15:09.493+0000] {processor.py:840} INFO - DAG(s) 'example_sla_dag' retrieved from /home/airflow/.local/lib/python3.8/site-packages/airflow/example_dags/example_sla_dag.py
[2024-03-14T11:15:09.502+0000] {logging_mixin.py:188} INFO - [2024-03-14T11:15:09.501+0000] {dag.py:3047} INFO - Sync 1 DAGs
[2024-03-14T11:15:09.512+0000] {logging_mixin.py:188} INFO - [2024-03-14T11:15:09.512+0000] {dag.py:3834} INFO - Setting next_dagrun for example_sla_dag to 2024-03-14 11:12:00+00:00, run_after=2024-03-14 11:14:00+00:00
[2024-03-14T11:15:09.519+0000] {processor.py:183} INFO - Processing /home/airflow/.local/lib/python3.8/site-packages/airflow/example_dags/example_sla_dag.py took 0.033 seconds
[2024-03-14T11:15:39.827+0000] {processor.py:161} INFO - Started process (PID=2177) to work on /home/airflow/.local/lib/python3.8/site-packages/airflow/example_dags/example_sla_dag.py
[2024-03-14T11:15:39.828+0000] {processor.py:830} INFO - Processing file /home/airflow/.local/lib/python3.8/site-packages/airflow/example_dags/example_sla_dag.py for tasks to queue
[2024-03-14T11:15:39.829+0000] {logging_mixin.py:188} INFO - [2024-03-14T11:15:39.828+0000] {dagbag.py:540} INFO - Filling up the DagBag from /home/airflow/.local/lib/python3.8/site-packages/airflow/example_dags/example_sla_dag.py
[2024-03-14T11:15:39.832+0000] {processor.py:840} INFO - DAG(s) 'example_sla_dag' retrieved from /home/airflow/.local/lib/python3.8/site-packages/airflow/example_dags/example_sla_dag.py
[2024-03-14T11:15:39.841+0000] {logging_mixin.py:188} INFO - [2024-03-14T11:15:39.841+0000] {dag.py:3047} INFO - Sync 1 DAGs
[2024-03-14T11:15:39.851+0000] {logging_mixin.py:188} INFO - [2024-03-14T11:15:39.851+0000] {dag.py:3834} INFO - Setting next_dagrun for example_sla_dag to 2024-03-14 11:12:00+00:00, run_after=2024-03-14 11:14:00+00:00
[2024-03-14T11:15:39.859+0000] {processor.py:183} INFO - Processing /home/airflow/.local/lib/python3.8/site-packages/airflow/example_dags/example_sla_dag.py took 0.033 seconds
[2024-03-14T11:16:10.312+0000] {processor.py:161} INFO - Started process (PID=2231) to work on /home/airflow/.local/lib/python3.8/site-packages/airflow/example_dags/example_sla_dag.py
[2024-03-14T11:16:10.312+0000] {processor.py:830} INFO - Processing file /home/airflow/.local/lib/python3.8/site-packages/airflow/example_dags/example_sla_dag.py for tasks to queue
[2024-03-14T11:16:10.313+0000] {logging_mixin.py:188} INFO - [2024-03-14T11:16:10.313+0000] {dagbag.py:540} INFO - Filling up the DagBag from /home/airflow/.local/lib/python3.8/site-packages/airflow/example_dags/example_sla_dag.py
[2024-03-14T11:16:10.317+0000] {processor.py:840} INFO - DAG(s) 'example_sla_dag' retrieved from /home/airflow/.local/lib/python3.8/site-packages/airflow/example_dags/example_sla_dag.py
[2024-03-14T11:16:10.326+0000] {logging_mixin.py:188} INFO - [2024-03-14T11:16:10.326+0000] {dag.py:3047} INFO - Sync 1 DAGs
[2024-03-14T11:16:10.336+0000] {logging_mixin.py:188} INFO - [2024-03-14T11:16:10.336+0000] {dag.py:3834} INFO - Setting next_dagrun for example_sla_dag to 2024-03-14 11:14:00+00:00, run_after=2024-03-14 11:16:00+00:00
[2024-03-14T11:16:10.343+0000] {processor.py:183} INFO - Processing /home/airflow/.local/lib/python3.8/site-packages/airflow/example_dags/example_sla_dag.py took 0.033 seconds
[2024-03-14T11:16:40.704+0000] {processor.py:161} INFO - Started process (PID=2286) to work on /home/airflow/.local/lib/python3.8/site-packages/airflow/example_dags/example_sla_dag.py
[2024-03-14T11:16:40.705+0000] {processor.py:830} INFO - Processing file /home/airflow/.local/lib/python3.8/site-packages/airflow/example_dags/example_sla_dag.py for tasks to queue
[2024-03-14T11:16:40.705+0000] {logging_mixin.py:188} INFO - [2024-03-14T11:16:40.705+0000] {dagbag.py:540} INFO - Filling up the DagBag from /home/airflow/.local/lib/python3.8/site-packages/airflow/example_dags/example_sla_dag.py
[2024-03-14T11:16:40.709+0000] {processor.py:840} INFO - DAG(s) 'example_sla_dag' retrieved from /home/airflow/.local/lib/python3.8/site-packages/airflow/example_dags/example_sla_dag.py
[2024-03-14T11:16:40.718+0000] {logging_mixin.py:188} INFO - [2024-03-14T11:16:40.718+0000] {dag.py:3047} INFO - Sync 1 DAGs
[2024-03-14T11:16:40.728+0000] {logging_mixin.py:188} INFO - [2024-03-14T11:16:40.728+0000] {dag.py:3834} INFO - Setting next_dagrun for example_sla_dag to 2024-03-14 11:14:00+00:00, run_after=2024-03-14 11:16:00+00:00
[2024-03-14T11:16:40.734+0000] {processor.py:183} INFO - Processing /home/airflow/.local/lib/python3.8/site-packages/airflow/example_dags/example_sla_dag.py took 0.032 seconds
[2024-03-14T11:17:11.135+0000] {processor.py:161} INFO - Started process (PID=2341) to work on /home/airflow/.local/lib/python3.8/site-packages/airflow/example_dags/example_sla_dag.py
[2024-03-14T11:17:11.136+0000] {processor.py:830} INFO - Processing file /home/airflow/.local/lib/python3.8/site-packages/airflow/example_dags/example_sla_dag.py for tasks to queue
[2024-03-14T11:17:11.137+0000] {logging_mixin.py:188} INFO - [2024-03-14T11:17:11.137+0000] {dagbag.py:540} INFO - Filling up the DagBag from /home/airflow/.local/lib/python3.8/site-packages/airflow/example_dags/example_sla_dag.py
[2024-03-14T11:17:11.141+0000] {processor.py:840} INFO - DAG(s) 'example_sla_dag' retrieved from /home/airflow/.local/lib/python3.8/site-packages/airflow/example_dags/example_sla_dag.py
[2024-03-14T11:17:11.150+0000] {logging_mixin.py:188} INFO - [2024-03-14T11:17:11.150+0000] {dag.py:3047} INFO - Sync 1 DAGs
[2024-03-14T11:17:11.160+0000] {logging_mixin.py:188} INFO - [2024-03-14T11:17:11.160+0000] {dag.py:3834} INFO - Setting next_dagrun for example_sla_dag to 2024-03-14 11:14:00+00:00, run_after=2024-03-14 11:16:00+00:00
[2024-03-14T11:17:11.168+0000] {processor.py:183} INFO - Processing /home/airflow/.local/lib/python3.8/site-packages/airflow/example_dags/example_sla_dag.py took 0.034 seconds
[2024-03-14T11:17:41.669+0000] {processor.py:161} INFO - Started process (PID=2396) to work on /home/airflow/.local/lib/python3.8/site-packages/airflow/example_dags/example_sla_dag.py
[2024-03-14T11:17:41.670+0000] {processor.py:830} INFO - Processing file /home/airflow/.local/lib/python3.8/site-packages/airflow/example_dags/example_sla_dag.py for tasks to queue
[2024-03-14T11:17:41.671+0000] {logging_mixin.py:188} INFO - [2024-03-14T11:17:41.671+0000] {dagbag.py:540} INFO - Filling up the DagBag from /home/airflow/.local/lib/python3.8/site-packages/airflow/example_dags/example_sla_dag.py
[2024-03-14T11:17:41.675+0000] {processor.py:840} INFO - DAG(s) 'example_sla_dag' retrieved from /home/airflow/.local/lib/python3.8/site-packages/airflow/example_dags/example_sla_dag.py
[2024-03-14T11:17:41.683+0000] {logging_mixin.py:188} INFO - [2024-03-14T11:17:41.683+0000] {dag.py:3047} INFO - Sync 1 DAGs
[2024-03-14T11:17:41.694+0000] {logging_mixin.py:188} INFO - [2024-03-14T11:17:41.693+0000] {dag.py:3834} INFO - Setting next_dagrun for example_sla_dag to 2024-03-14 11:14:00+00:00, run_after=2024-03-14 11:16:00+00:00
[2024-03-14T11:17:41.701+0000] {processor.py:183} INFO - Processing /home/airflow/.local/lib/python3.8/site-packages/airflow/example_dags/example_sla_dag.py took 0.033 seconds
[2024-03-14T11:18:12.127+0000] {processor.py:161} INFO - Started process (PID=2450) to work on /home/airflow/.local/lib/python3.8/site-packages/airflow/example_dags/example_sla_dag.py
[2024-03-14T11:18:12.128+0000] {processor.py:830} INFO - Processing file /home/airflow/.local/lib/python3.8/site-packages/airflow/example_dags/example_sla_dag.py for tasks to queue
[2024-03-14T11:18:12.129+0000] {logging_mixin.py:188} INFO - [2024-03-14T11:18:12.128+0000] {dagbag.py:540} INFO - Filling up the DagBag from /home/airflow/.local/lib/python3.8/site-packages/airflow/example_dags/example_sla_dag.py
[2024-03-14T11:18:12.133+0000] {processor.py:840} INFO - DAG(s) 'example_sla_dag' retrieved from /home/airflow/.local/lib/python3.8/site-packages/airflow/example_dags/example_sla_dag.py
[2024-03-14T11:18:12.142+0000] {logging_mixin.py:188} INFO - [2024-03-14T11:18:12.142+0000] {dag.py:3047} INFO - Sync 1 DAGs
[2024-03-14T11:18:12.153+0000] {logging_mixin.py:188} INFO - [2024-03-14T11:18:12.152+0000] {dag.py:3834} INFO - Setting next_dagrun for example_sla_dag to 2024-03-14 11:16:00+00:00, run_after=2024-03-14 11:18:00+00:00
[2024-03-14T11:18:12.160+0000] {processor.py:183} INFO - Processing /home/airflow/.local/lib/python3.8/site-packages/airflow/example_dags/example_sla_dag.py took 0.034 seconds
[2024-03-14T11:18:42.540+0000] {processor.py:161} INFO - Started process (PID=2505) to work on /home/airflow/.local/lib/python3.8/site-packages/airflow/example_dags/example_sla_dag.py
[2024-03-14T11:18:42.541+0000] {processor.py:830} INFO - Processing file /home/airflow/.local/lib/python3.8/site-packages/airflow/example_dags/example_sla_dag.py for tasks to queue
[2024-03-14T11:18:42.542+0000] {logging_mixin.py:188} INFO - [2024-03-14T11:18:42.542+0000] {dagbag.py:540} INFO - Filling up the DagBag from /home/airflow/.local/lib/python3.8/site-packages/airflow/example_dags/example_sla_dag.py
[2024-03-14T11:18:42.546+0000] {processor.py:840} INFO - DAG(s) 'example_sla_dag' retrieved from /home/airflow/.local/lib/python3.8/site-packages/airflow/example_dags/example_sla_dag.py
[2024-03-14T11:18:42.555+0000] {logging_mixin.py:188} INFO - [2024-03-14T11:18:42.554+0000] {dag.py:3047} INFO - Sync 1 DAGs
[2024-03-14T11:18:42.565+0000] {logging_mixin.py:188} INFO - [2024-03-14T11:18:42.565+0000] {dag.py:3834} INFO - Setting next_dagrun for example_sla_dag to 2024-03-14 11:16:00+00:00, run_after=2024-03-14 11:18:00+00:00
[2024-03-14T11:18:42.572+0000] {processor.py:183} INFO - Processing /home/airflow/.local/lib/python3.8/site-packages/airflow/example_dags/example_sla_dag.py took 0.033 seconds
[2024-03-14T11:19:13.003+0000] {processor.py:161} INFO - Started process (PID=2560) to work on /home/airflow/.local/lib/python3.8/site-packages/airflow/example_dags/example_sla_dag.py
[2024-03-14T11:19:13.003+0000] {processor.py:830} INFO - Processing file /home/airflow/.local/lib/python3.8/site-packages/airflow/example_dags/example_sla_dag.py for tasks to queue
[2024-03-14T11:19:13.004+0000] {logging_mixin.py:188} INFO - [2024-03-14T11:19:13.004+0000] {dagbag.py:540} INFO - Filling up the DagBag from /home/airflow/.local/lib/python3.8/site-packages/airflow/example_dags/example_sla_dag.py
[2024-03-14T11:19:13.008+0000] {processor.py:840} INFO - DAG(s) 'example_sla_dag' retrieved from /home/airflow/.local/lib/python3.8/site-packages/airflow/example_dags/example_sla_dag.py
[2024-03-14T11:19:13.017+0000] {logging_mixin.py:188} INFO - [2024-03-14T11:19:13.017+0000] {dag.py:3047} INFO - Sync 1 DAGs
[2024-03-14T11:19:13.027+0000] {logging_mixin.py:188} INFO - [2024-03-14T11:19:13.027+0000] {dag.py:3834} INFO - Setting next_dagrun for example_sla_dag to 2024-03-14 11:16:00+00:00, run_after=2024-03-14 11:18:00+00:00
[2024-03-14T11:19:13.034+0000] {processor.py:183} INFO - Processing /home/airflow/.local/lib/python3.8/site-packages/airflow/example_dags/example_sla_dag.py took 0.033 seconds
[2024-03-14T11:19:43.409+0000] {processor.py:161} INFO - Started process (PID=2615) to work on /home/airflow/.local/lib/python3.8/site-packages/airflow/example_dags/example_sla_dag.py
[2024-03-14T11:19:43.410+0000] {processor.py:830} INFO - Processing file /home/airflow/.local/lib/python3.8/site-packages/airflow/example_dags/example_sla_dag.py for tasks to queue
[2024-03-14T11:19:43.411+0000] {logging_mixin.py:188} INFO - [2024-03-14T11:19:43.411+0000] {dagbag.py:540} INFO - Filling up the DagBag from /home/airflow/.local/lib/python3.8/site-packages/airflow/example_dags/example_sla_dag.py
[2024-03-14T11:19:43.415+0000] {processor.py:840} INFO - DAG(s) 'example_sla_dag' retrieved from /home/airflow/.local/lib/python3.8/site-packages/airflow/example_dags/example_sla_dag.py
[2024-03-14T11:19:43.423+0000] {logging_mixin.py:188} INFO - [2024-03-14T11:19:43.423+0000] {dag.py:3047} INFO - Sync 1 DAGs
[2024-03-14T11:19:43.433+0000] {logging_mixin.py:188} INFO - [2024-03-14T11:19:43.433+0000] {dag.py:3834} INFO - Setting next_dagrun for example_sla_dag to 2024-03-14 11:16:00+00:00, run_after=2024-03-14 11:18:00+00:00
[2024-03-14T11:19:43.441+0000] {processor.py:183} INFO - Processing /home/airflow/.local/lib/python3.8/site-packages/airflow/example_dags/example_sla_dag.py took 0.033 seconds
[2024-03-14T11:20:13.781+0000] {processor.py:161} INFO - Started process (PID=2670) to work on /home/airflow/.local/lib/python3.8/site-packages/airflow/example_dags/example_sla_dag.py
[2024-03-14T11:20:13.781+0000] {processor.py:830} INFO - Processing file /home/airflow/.local/lib/python3.8/site-packages/airflow/example_dags/example_sla_dag.py for tasks to queue
[2024-03-14T11:20:13.782+0000] {logging_mixin.py:188} INFO - [2024-03-14T11:20:13.782+0000] {dagbag.py:540} INFO - Filling up the DagBag from /home/airflow/.local/lib/python3.8/site-packages/airflow/example_dags/example_sla_dag.py
[2024-03-14T11:20:13.786+0000] {processor.py:840} INFO - DAG(s) 'example_sla_dag' retrieved from /home/airflow/.local/lib/python3.8/site-packages/airflow/example_dags/example_sla_dag.py
[2024-03-14T11:20:13.795+0000] {logging_mixin.py:188} INFO - [2024-03-14T11:20:13.794+0000] {dag.py:3047} INFO - Sync 1 DAGs
[2024-03-14T11:20:13.805+0000] {logging_mixin.py:188} INFO - [2024-03-14T11:20:13.805+0000] {dag.py:3834} INFO - Setting next_dagrun for example_sla_dag to 2024-03-14 11:18:00+00:00, run_after=2024-03-14 11:20:00+00:00
[2024-03-14T11:20:13.812+0000] {processor.py:183} INFO - Processing /home/airflow/.local/lib/python3.8/site-packages/airflow/example_dags/example_sla_dag.py took 0.033 seconds
[2024-03-14T11:20:44.213+0000] {processor.py:161} INFO - Started process (PID=2725) to work on /home/airflow/.local/lib/python3.8/site-packages/airflow/example_dags/example_sla_dag.py
[2024-03-14T11:20:44.214+0000] {processor.py:830} INFO - Processing file /home/airflow/.local/lib/python3.8/site-packages/airflow/example_dags/example_sla_dag.py for tasks to queue
[2024-03-14T11:20:44.215+0000] {logging_mixin.py:188} INFO - [2024-03-14T11:20:44.215+0000] {dagbag.py:540} INFO - Filling up the DagBag from /home/airflow/.local/lib/python3.8/site-packages/airflow/example_dags/example_sla_dag.py
[2024-03-14T11:20:44.219+0000] {processor.py:840} INFO - DAG(s) 'example_sla_dag' retrieved from /home/airflow/.local/lib/python3.8/site-packages/airflow/example_dags/example_sla_dag.py
[2024-03-14T11:20:44.228+0000] {logging_mixin.py:188} INFO - [2024-03-14T11:20:44.228+0000] {dag.py:3047} INFO - Sync 1 DAGs
[2024-03-14T11:20:44.238+0000] {logging_mixin.py:188} INFO - [2024-03-14T11:20:44.238+0000] {dag.py:3834} INFO - Setting next_dagrun for example_sla_dag to 2024-03-14 11:18:00+00:00, run_after=2024-03-14 11:20:00+00:00
[2024-03-14T11:20:44.245+0000] {processor.py:183} INFO - Processing /home/airflow/.local/lib/python3.8/site-packages/airflow/example_dags/example_sla_dag.py took 0.033 seconds
[2024-03-14T11:21:14.697+0000] {processor.py:161} INFO - Started process (PID=2780) to work on /home/airflow/.local/lib/python3.8/site-packages/airflow/example_dags/example_sla_dag.py
[2024-03-14T11:21:14.697+0000] {processor.py:830} INFO - Processing file /home/airflow/.local/lib/python3.8/site-packages/airflow/example_dags/example_sla_dag.py for tasks to queue
[2024-03-14T11:21:14.698+0000] {logging_mixin.py:188} INFO - [2024-03-14T11:21:14.698+0000] {dagbag.py:540} INFO - Filling up the DagBag from /home/airflow/.local/lib/python3.8/site-packages/airflow/example_dags/example_sla_dag.py
[2024-03-14T11:21:14.702+0000] {processor.py:840} INFO - DAG(s) 'example_sla_dag' retrieved from /home/airflow/.local/lib/python3.8/site-packages/airflow/example_dags/example_sla_dag.py
[2024-03-14T11:21:14.711+0000] {logging_mixin.py:188} INFO - [2024-03-14T11:21:14.711+0000] {dag.py:3047} INFO - Sync 1 DAGs
[2024-03-14T11:21:14.721+0000] {logging_mixin.py:188} INFO - [2024-03-14T11:21:14.721+0000] {dag.py:3834} INFO - Setting next_dagrun for example_sla_dag to 2024-03-14 11:18:00+00:00, run_after=2024-03-14 11:20:00+00:00
[2024-03-14T11:21:14.728+0000] {processor.py:183} INFO - Processing /home/airflow/.local/lib/python3.8/site-packages/airflow/example_dags/example_sla_dag.py took 0.033 seconds
[2024-03-14T11:21:45.173+0000] {processor.py:161} INFO - Started process (PID=2835) to work on /home/airflow/.local/lib/python3.8/site-packages/airflow/example_dags/example_sla_dag.py
[2024-03-14T11:21:45.174+0000] {processor.py:830} INFO - Processing file /home/airflow/.local/lib/python3.8/site-packages/airflow/example_dags/example_sla_dag.py for tasks to queue
[2024-03-14T11:21:45.175+0000] {logging_mixin.py:188} INFO - [2024-03-14T11:21:45.175+0000] {dagbag.py:540} INFO - Filling up the DagBag from /home/airflow/.local/lib/python3.8/site-packages/airflow/example_dags/example_sla_dag.py
[2024-03-14T11:21:45.179+0000] {processor.py:840} INFO - DAG(s) 'example_sla_dag' retrieved from /home/airflow/.local/lib/python3.8/site-packages/airflow/example_dags/example_sla_dag.py
[2024-03-14T11:21:45.188+0000] {logging_mixin.py:188} INFO - [2024-03-14T11:21:45.188+0000] {dag.py:3047} INFO - Sync 1 DAGs
[2024-03-14T11:21:45.199+0000] {logging_mixin.py:188} INFO - [2024-03-14T11:21:45.199+0000] {dag.py:3834} INFO - Setting next_dagrun for example_sla_dag to 2024-03-14 11:18:00+00:00, run_after=2024-03-14 11:20:00+00:00
[2024-03-14T11:21:45.206+0000] {processor.py:183} INFO - Processing /home/airflow/.local/lib/python3.8/site-packages/airflow/example_dags/example_sla_dag.py took 0.034 seconds
[2024-03-14T11:22:15.651+0000] {processor.py:161} INFO - Started process (PID=2890) to work on /home/airflow/.local/lib/python3.8/site-packages/airflow/example_dags/example_sla_dag.py
[2024-03-14T11:22:15.651+0000] {processor.py:830} INFO - Processing file /home/airflow/.local/lib/python3.8/site-packages/airflow/example_dags/example_sla_dag.py for tasks to queue
[2024-03-14T11:22:15.652+0000] {logging_mixin.py:188} INFO - [2024-03-14T11:22:15.652+0000] {dagbag.py:540} INFO - Filling up the DagBag from /home/airflow/.local/lib/python3.8/site-packages/airflow/example_dags/example_sla_dag.py
[2024-03-14T11:22:15.656+0000] {processor.py:840} INFO - DAG(s) 'example_sla_dag' retrieved from /home/airflow/.local/lib/python3.8/site-packages/airflow/example_dags/example_sla_dag.py
[2024-03-14T11:22:15.665+0000] {logging_mixin.py:188} INFO - [2024-03-14T11:22:15.665+0000] {dag.py:3047} INFO - Sync 1 DAGs
[2024-03-14T11:22:15.675+0000] {logging_mixin.py:188} INFO - [2024-03-14T11:22:15.675+0000] {dag.py:3834} INFO - Setting next_dagrun for example_sla_dag to 2024-03-14 11:20:00+00:00, run_after=2024-03-14 11:22:00+00:00
[2024-03-14T11:22:15.682+0000] {processor.py:183} INFO - Processing /home/airflow/.local/lib/python3.8/site-packages/airflow/example_dags/example_sla_dag.py took 0.033 seconds
[2024-03-14T11:22:46.182+0000] {processor.py:161} INFO - Started process (PID=2945) to work on /home/airflow/.local/lib/python3.8/site-packages/airflow/example_dags/example_sla_dag.py
[2024-03-14T11:22:46.183+0000] {processor.py:830} INFO - Processing file /home/airflow/.local/lib/python3.8/site-packages/airflow/example_dags/example_sla_dag.py for tasks to queue
[2024-03-14T11:22:46.184+0000] {logging_mixin.py:188} INFO - [2024-03-14T11:22:46.184+0000] {dagbag.py:540} INFO - Filling up the DagBag from /home/airflow/.local/lib/python3.8/site-packages/airflow/example_dags/example_sla_dag.py
[2024-03-14T11:22:46.187+0000] {processor.py:840} INFO - DAG(s) 'example_sla_dag' retrieved from /home/airflow/.local/lib/python3.8/site-packages/airflow/example_dags/example_sla_dag.py
[2024-03-14T11:22:46.196+0000] {logging_mixin.py:188} INFO - [2024-03-14T11:22:46.196+0000] {dag.py:3047} INFO - Sync 1 DAGs
[2024-03-14T11:22:46.206+0000] {logging_mixin.py:188} INFO - [2024-03-14T11:22:46.206+0000] {dag.py:3834} INFO - Setting next_dagrun for example_sla_dag to 2024-03-14 11:20:00+00:00, run_after=2024-03-14 11:22:00+00:00
[2024-03-14T11:22:46.213+0000] {processor.py:183} INFO - Processing /home/airflow/.local/lib/python3.8/site-packages/airflow/example_dags/example_sla_dag.py took 0.032 seconds
[2024-03-14T11:23:16.587+0000] {processor.py:161} INFO - Started process (PID=3000) to work on /home/airflow/.local/lib/python3.8/site-packages/airflow/example_dags/example_sla_dag.py
[2024-03-14T11:23:16.588+0000] {processor.py:830} INFO - Processing file /home/airflow/.local/lib/python3.8/site-packages/airflow/example_dags/example_sla_dag.py for tasks to queue
[2024-03-14T11:23:16.589+0000] {logging_mixin.py:188} INFO - [2024-03-14T11:23:16.588+0000] {dagbag.py:540} INFO - Filling up the DagBag from /home/airflow/.local/lib/python3.8/site-packages/airflow/example_dags/example_sla_dag.py
[2024-03-14T11:23:16.592+0000] {processor.py:840} INFO - DAG(s) 'example_sla_dag' retrieved from /home/airflow/.local/lib/python3.8/site-packages/airflow/example_dags/example_sla_dag.py
[2024-03-14T11:23:16.601+0000] {logging_mixin.py:188} INFO - [2024-03-14T11:23:16.601+0000] {dag.py:3047} INFO - Sync 1 DAGs
[2024-03-14T11:23:16.611+0000] {logging_mixin.py:188} INFO - [2024-03-14T11:23:16.611+0000] {dag.py:3834} INFO - Setting next_dagrun for example_sla_dag to 2024-03-14 11:20:00+00:00, run_after=2024-03-14 11:22:00+00:00
[2024-03-14T11:23:16.618+0000] {processor.py:183} INFO - Processing /home/airflow/.local/lib/python3.8/site-packages/airflow/example_dags/example_sla_dag.py took 0.033 seconds
[2024-03-14T11:23:47.052+0000] {processor.py:161} INFO - Started process (PID=3055) to work on /home/airflow/.local/lib/python3.8/site-packages/airflow/example_dags/example_sla_dag.py
[2024-03-14T11:23:47.053+0000] {processor.py:830} INFO - Processing file /home/airflow/.local/lib/python3.8/site-packages/airflow/example_dags/example_sla_dag.py for tasks to queue
[2024-03-14T11:23:47.053+0000] {logging_mixin.py:188} INFO - [2024-03-14T11:23:47.053+0000] {dagbag.py:540} INFO - Filling up the DagBag from /home/airflow/.local/lib/python3.8/site-packages/airflow/example_dags/example_sla_dag.py
[2024-03-14T11:23:47.057+0000] {processor.py:840} INFO - DAG(s) 'example_sla_dag' retrieved from /home/airflow/.local/lib/python3.8/site-packages/airflow/example_dags/example_sla_dag.py
[2024-03-14T11:23:47.066+0000] {logging_mixin.py:188} INFO - [2024-03-14T11:23:47.066+0000] {dag.py:3047} INFO - Sync 1 DAGs
[2024-03-14T11:23:47.076+0000] {logging_mixin.py:188} INFO - [2024-03-14T11:23:47.076+0000] {dag.py:3834} INFO - Setting next_dagrun for example_sla_dag to 2024-03-14 11:20:00+00:00, run_after=2024-03-14 11:22:00+00:00
[2024-03-14T11:23:47.084+0000] {processor.py:183} INFO - Processing /home/airflow/.local/lib/python3.8/site-packages/airflow/example_dags/example_sla_dag.py took 0.033 seconds
[2024-03-14T11:24:17.428+0000] {processor.py:161} INFO - Started process (PID=3110) to work on /home/airflow/.local/lib/python3.8/site-packages/airflow/example_dags/example_sla_dag.py
[2024-03-14T11:24:17.429+0000] {processor.py:830} INFO - Processing file /home/airflow/.local/lib/python3.8/site-packages/airflow/example_dags/example_sla_dag.py for tasks to queue
[2024-03-14T11:24:17.430+0000] {logging_mixin.py:188} INFO - [2024-03-14T11:24:17.430+0000] {dagbag.py:540} INFO - Filling up the DagBag from /home/airflow/.local/lib/python3.8/site-packages/airflow/example_dags/example_sla_dag.py
[2024-03-14T11:24:17.434+0000] {processor.py:840} INFO - DAG(s) 'example_sla_dag' retrieved from /home/airflow/.local/lib/python3.8/site-packages/airflow/example_dags/example_sla_dag.py
[2024-03-14T11:24:17.442+0000] {logging_mixin.py:188} INFO - [2024-03-14T11:24:17.442+0000] {dag.py:3047} INFO - Sync 1 DAGs
[2024-03-14T11:24:17.453+0000] {logging_mixin.py:188} INFO - [2024-03-14T11:24:17.453+0000] {dag.py:3834} INFO - Setting next_dagrun for example_sla_dag to 2024-03-14 11:22:00+00:00, run_after=2024-03-14 11:24:00+00:00
[2024-03-14T11:24:17.460+0000] {processor.py:183} INFO - Processing /home/airflow/.local/lib/python3.8/site-packages/airflow/example_dags/example_sla_dag.py took 0.033 seconds
[2024-03-14T11:24:47.770+0000] {processor.py:161} INFO - Started process (PID=3165) to work on /home/airflow/.local/lib/python3.8/site-packages/airflow/example_dags/example_sla_dag.py
[2024-03-14T11:24:47.770+0000] {processor.py:830} INFO - Processing file /home/airflow/.local/lib/python3.8/site-packages/airflow/example_dags/example_sla_dag.py for tasks to queue
[2024-03-14T11:24:47.771+0000] {logging_mixin.py:188} INFO - [2024-03-14T11:24:47.771+0000] {dagbag.py:540} INFO - Filling up the DagBag from /home/airflow/.local/lib/python3.8/site-packages/airflow/example_dags/example_sla_dag.py
[2024-03-14T11:24:47.775+0000] {processor.py:840} INFO - DAG(s) 'example_sla_dag' retrieved from /home/airflow/.local/lib/python3.8/site-packages/airflow/example_dags/example_sla_dag.py
[2024-03-14T11:24:47.784+0000] {logging_mixin.py:188} INFO - [2024-03-14T11:24:47.783+0000] {dag.py:3047} INFO - Sync 1 DAGs
[2024-03-14T11:24:47.794+0000] {logging_mixin.py:188} INFO - [2024-03-14T11:24:47.794+0000] {dag.py:3834} INFO - Setting next_dagrun for example_sla_dag to 2024-03-14 11:22:00+00:00, run_after=2024-03-14 11:24:00+00:00
[2024-03-14T11:24:47.801+0000] {processor.py:183} INFO - Processing /home/airflow/.local/lib/python3.8/site-packages/airflow/example_dags/example_sla_dag.py took 0.033 seconds
[2024-03-14T11:25:18.212+0000] {processor.py:161} INFO - Started process (PID=3220) to work on /home/airflow/.local/lib/python3.8/site-packages/airflow/example_dags/example_sla_dag.py
[2024-03-14T11:25:18.212+0000] {processor.py:830} INFO - Processing file /home/airflow/.local/lib/python3.8/site-packages/airflow/example_dags/example_sla_dag.py for tasks to queue
[2024-03-14T11:25:18.213+0000] {logging_mixin.py:188} INFO - [2024-03-14T11:25:18.213+0000] {dagbag.py:540} INFO - Filling up the DagBag from /home/airflow/.local/lib/python3.8/site-packages/airflow/example_dags/example_sla_dag.py
[2024-03-14T11:25:18.217+0000] {processor.py:840} INFO - DAG(s) 'example_sla_dag' retrieved from /home/airflow/.local/lib/python3.8/site-packages/airflow/example_dags/example_sla_dag.py
[2024-03-14T11:25:18.226+0000] {logging_mixin.py:188} INFO - [2024-03-14T11:25:18.226+0000] {dag.py:3047} INFO - Sync 1 DAGs
[2024-03-14T11:25:18.236+0000] {logging_mixin.py:188} INFO - [2024-03-14T11:25:18.236+0000] {dag.py:3834} INFO - Setting next_dagrun for example_sla_dag to 2024-03-14 11:22:00+00:00, run_after=2024-03-14 11:24:00+00:00
[2024-03-14T11:25:18.243+0000] {processor.py:183} INFO - Processing /home/airflow/.local/lib/python3.8/site-packages/airflow/example_dags/example_sla_dag.py took 0.033 seconds
[2024-03-14T11:25:48.655+0000] {processor.py:161} INFO - Started process (PID=3275) to work on /home/airflow/.local/lib/python3.8/site-packages/airflow/example_dags/example_sla_dag.py
[2024-03-14T11:25:48.657+0000] {processor.py:830} INFO - Processing file /home/airflow/.local/lib/python3.8/site-packages/airflow/example_dags/example_sla_dag.py for tasks to queue
[2024-03-14T11:25:48.658+0000] {logging_mixin.py:188} INFO - [2024-03-14T11:25:48.658+0000] {dagbag.py:540} INFO - Filling up the DagBag from /home/airflow/.local/lib/python3.8/site-packages/airflow/example_dags/example_sla_dag.py
[2024-03-14T11:25:48.662+0000] {processor.py:840} INFO - DAG(s) 'example_sla_dag' retrieved from /home/airflow/.local/lib/python3.8/site-packages/airflow/example_dags/example_sla_dag.py
[2024-03-14T11:25:48.671+0000] {logging_mixin.py:188} INFO - [2024-03-14T11:25:48.671+0000] {dag.py:3047} INFO - Sync 1 DAGs
[2024-03-14T11:25:48.682+0000] {logging_mixin.py:188} INFO - [2024-03-14T11:25:48.682+0000] {dag.py:3834} INFO - Setting next_dagrun for example_sla_dag to 2024-03-14 11:22:00+00:00, run_after=2024-03-14 11:24:00+00:00
[2024-03-14T11:25:48.689+0000] {processor.py:183} INFO - Processing /home/airflow/.local/lib/python3.8/site-packages/airflow/example_dags/example_sla_dag.py took 0.036 seconds
[2024-03-14T11:26:19.183+0000] {processor.py:161} INFO - Started process (PID=3330) to work on /home/airflow/.local/lib/python3.8/site-packages/airflow/example_dags/example_sla_dag.py
[2024-03-14T11:26:19.183+0000] {processor.py:830} INFO - Processing file /home/airflow/.local/lib/python3.8/site-packages/airflow/example_dags/example_sla_dag.py for tasks to queue
[2024-03-14T11:26:19.184+0000] {logging_mixin.py:188} INFO - [2024-03-14T11:26:19.184+0000] {dagbag.py:540} INFO - Filling up the DagBag from /home/airflow/.local/lib/python3.8/site-packages/airflow/example_dags/example_sla_dag.py
[2024-03-14T11:26:19.188+0000] {processor.py:840} INFO - DAG(s) 'example_sla_dag' retrieved from /home/airflow/.local/lib/python3.8/site-packages/airflow/example_dags/example_sla_dag.py
[2024-03-14T11:26:19.196+0000] {logging_mixin.py:188} INFO - [2024-03-14T11:26:19.196+0000] {dag.py:3047} INFO - Sync 1 DAGs
[2024-03-14T11:26:19.207+0000] {logging_mixin.py:188} INFO - [2024-03-14T11:26:19.206+0000] {dag.py:3834} INFO - Setting next_dagrun for example_sla_dag to 2024-03-14 11:24:00+00:00, run_after=2024-03-14 11:26:00+00:00
[2024-03-14T11:26:19.214+0000] {processor.py:183} INFO - Processing /home/airflow/.local/lib/python3.8/site-packages/airflow/example_dags/example_sla_dag.py took 0.033 seconds
[2024-03-14T11:26:49.607+0000] {processor.py:161} INFO - Started process (PID=3385) to work on /home/airflow/.local/lib/python3.8/site-packages/airflow/example_dags/example_sla_dag.py
[2024-03-14T11:26:49.608+0000] {processor.py:830} INFO - Processing file /home/airflow/.local/lib/python3.8/site-packages/airflow/example_dags/example_sla_dag.py for tasks to queue
[2024-03-14T11:26:49.608+0000] {logging_mixin.py:188} INFO - [2024-03-14T11:26:49.608+0000] {dagbag.py:540} INFO - Filling up the DagBag from /home/airflow/.local/lib/python3.8/site-packages/airflow/example_dags/example_sla_dag.py
[2024-03-14T11:26:49.612+0000] {processor.py:840} INFO - DAG(s) 'example_sla_dag' retrieved from /home/airflow/.local/lib/python3.8/site-packages/airflow/example_dags/example_sla_dag.py
[2024-03-14T11:26:49.621+0000] {logging_mixin.py:188} INFO - [2024-03-14T11:26:49.621+0000] {dag.py:3047} INFO - Sync 1 DAGs
[2024-03-14T11:26:49.632+0000] {logging_mixin.py:188} INFO - [2024-03-14T11:26:49.631+0000] {dag.py:3834} INFO - Setting next_dagrun for example_sla_dag to 2024-03-14 11:24:00+00:00, run_after=2024-03-14 11:26:00+00:00
[2024-03-14T11:26:49.639+0000] {processor.py:183} INFO - Processing /home/airflow/.local/lib/python3.8/site-packages/airflow/example_dags/example_sla_dag.py took 0.033 seconds
[2024-03-14T11:27:20.086+0000] {processor.py:161} INFO - Started process (PID=3440) to work on /home/airflow/.local/lib/python3.8/site-packages/airflow/example_dags/example_sla_dag.py
[2024-03-14T11:27:20.087+0000] {processor.py:830} INFO - Processing file /home/airflow/.local/lib/python3.8/site-packages/airflow/example_dags/example_sla_dag.py for tasks to queue
[2024-03-14T11:27:20.088+0000] {logging_mixin.py:188} INFO - [2024-03-14T11:27:20.088+0000] {dagbag.py:540} INFO - Filling up the DagBag from /home/airflow/.local/lib/python3.8/site-packages/airflow/example_dags/example_sla_dag.py
[2024-03-14T11:27:20.092+0000] {processor.py:840} INFO - DAG(s) 'example_sla_dag' retrieved from /home/airflow/.local/lib/python3.8/site-packages/airflow/example_dags/example_sla_dag.py
[2024-03-14T11:27:20.100+0000] {logging_mixin.py:188} INFO - [2024-03-14T11:27:20.100+0000] {dag.py:3047} INFO - Sync 1 DAGs
[2024-03-14T11:27:20.111+0000] {logging_mixin.py:188} INFO - [2024-03-14T11:27:20.111+0000] {dag.py:3834} INFO - Setting next_dagrun for example_sla_dag to 2024-03-14 11:24:00+00:00, run_after=2024-03-14 11:26:00+00:00
[2024-03-14T11:27:20.118+0000] {processor.py:183} INFO - Processing /home/airflow/.local/lib/python3.8/site-packages/airflow/example_dags/example_sla_dag.py took 0.033 seconds
[2024-03-14T11:27:50.554+0000] {processor.py:161} INFO - Started process (PID=3500) to work on /home/airflow/.local/lib/python3.8/site-packages/airflow/example_dags/example_sla_dag.py
[2024-03-14T11:27:50.555+0000] {processor.py:830} INFO - Processing file /home/airflow/.local/lib/python3.8/site-packages/airflow/example_dags/example_sla_dag.py for tasks to queue
[2024-03-14T11:27:50.556+0000] {logging_mixin.py:188} INFO - [2024-03-14T11:27:50.556+0000] {dagbag.py:540} INFO - Filling up the DagBag from /home/airflow/.local/lib/python3.8/site-packages/airflow/example_dags/example_sla_dag.py
[2024-03-14T11:27:50.560+0000] {processor.py:840} INFO - DAG(s) 'example_sla_dag' retrieved from /home/airflow/.local/lib/python3.8/site-packages/airflow/example_dags/example_sla_dag.py
[2024-03-14T11:27:50.570+0000] {logging_mixin.py:188} INFO - [2024-03-14T11:27:50.570+0000] {dag.py:3047} INFO - Sync 1 DAGs
[2024-03-14T11:27:50.580+0000] {logging_mixin.py:188} INFO - [2024-03-14T11:27:50.580+0000] {dag.py:3834} INFO - Setting next_dagrun for example_sla_dag to 2024-03-14 11:24:00+00:00, run_after=2024-03-14 11:26:00+00:00
[2024-03-14T11:27:50.664+0000] {processor.py:183} INFO - Processing /home/airflow/.local/lib/python3.8/site-packages/airflow/example_dags/example_sla_dag.py took 0.111 seconds
[2024-03-14T11:28:21.272+0000] {processor.py:161} INFO - Started process (PID=3555) to work on /home/airflow/.local/lib/python3.8/site-packages/airflow/example_dags/example_sla_dag.py
[2024-03-14T11:28:21.273+0000] {processor.py:830} INFO - Processing file /home/airflow/.local/lib/python3.8/site-packages/airflow/example_dags/example_sla_dag.py for tasks to queue
[2024-03-14T11:28:21.274+0000] {logging_mixin.py:188} INFO - [2024-03-14T11:28:21.274+0000] {dagbag.py:540} INFO - Filling up the DagBag from /home/airflow/.local/lib/python3.8/site-packages/airflow/example_dags/example_sla_dag.py
[2024-03-14T11:28:21.279+0000] {processor.py:840} INFO - DAG(s) 'example_sla_dag' retrieved from /home/airflow/.local/lib/python3.8/site-packages/airflow/example_dags/example_sla_dag.py
[2024-03-14T11:28:21.293+0000] {logging_mixin.py:188} INFO - [2024-03-14T11:28:21.293+0000] {dag.py:3047} INFO - Sync 1 DAGs
[2024-03-14T11:28:21.307+0000] {logging_mixin.py:188} INFO - [2024-03-14T11:28:21.306+0000] {dag.py:3834} INFO - Setting next_dagrun for example_sla_dag to 2024-03-14 11:26:00+00:00, run_after=2024-03-14 11:28:00+00:00
[2024-03-14T11:28:21.318+0000] {processor.py:183} INFO - Processing /home/airflow/.local/lib/python3.8/site-packages/airflow/example_dags/example_sla_dag.py took 0.048 seconds
[2024-03-14T11:28:51.681+0000] {processor.py:161} INFO - Started process (PID=3610) to work on /home/airflow/.local/lib/python3.8/site-packages/airflow/example_dags/example_sla_dag.py
[2024-03-14T11:28:51.682+0000] {processor.py:830} INFO - Processing file /home/airflow/.local/lib/python3.8/site-packages/airflow/example_dags/example_sla_dag.py for tasks to queue
[2024-03-14T11:28:51.683+0000] {logging_mixin.py:188} INFO - [2024-03-14T11:28:51.683+0000] {dagbag.py:540} INFO - Filling up the DagBag from /home/airflow/.local/lib/python3.8/site-packages/airflow/example_dags/example_sla_dag.py
[2024-03-14T11:28:51.687+0000] {processor.py:840} INFO - DAG(s) 'example_sla_dag' retrieved from /home/airflow/.local/lib/python3.8/site-packages/airflow/example_dags/example_sla_dag.py
[2024-03-14T11:28:51.698+0000] {logging_mixin.py:188} INFO - [2024-03-14T11:28:51.697+0000] {dag.py:3047} INFO - Sync 1 DAGs
[2024-03-14T11:28:51.709+0000] {logging_mixin.py:188} INFO - [2024-03-14T11:28:51.708+0000] {dag.py:3834} INFO - Setting next_dagrun for example_sla_dag to 2024-03-14 11:26:00+00:00, run_after=2024-03-14 11:28:00+00:00
[2024-03-14T11:28:51.717+0000] {processor.py:183} INFO - Processing /home/airflow/.local/lib/python3.8/site-packages/airflow/example_dags/example_sla_dag.py took 0.037 seconds
