[2024-03-14T10:55:55.353+0000] {processor.py:161} INFO - Started process (PID=71) to work on /home/airflow/.local/lib/python3.8/site-packages/airflow/example_dags/example_task_group_decorator.py
[2024-03-14T10:55:55.354+0000] {processor.py:830} INFO - Processing file /home/airflow/.local/lib/python3.8/site-packages/airflow/example_dags/example_task_group_decorator.py for tasks to queue
[2024-03-14T10:55:55.356+0000] {logging_mixin.py:188} INFO - [2024-03-14T10:55:55.355+0000] {dagbag.py:540} INFO - Filling up the DagBag from /home/airflow/.local/lib/python3.8/site-packages/airflow/example_dags/example_task_group_decorator.py
[2024-03-14T10:55:55.366+0000] {processor.py:840} INFO - DAG(s) 'example_task_group_decorator' retrieved from /home/airflow/.local/lib/python3.8/site-packages/airflow/example_dags/example_task_group_decorator.py
[2024-03-14T10:55:55.381+0000] {logging_mixin.py:188} INFO - [2024-03-14T10:55:55.380+0000] {dag.py:3047} INFO - Sync 1 DAGs
[2024-03-14T10:55:55.398+0000] {logging_mixin.py:188} INFO - [2024-03-14T10:55:55.398+0000] {dag.py:3834} INFO - Setting next_dagrun for example_task_group_decorator to 2024-03-13 00:00:00+00:00, run_after=2024-03-14 00:00:00+00:00
[2024-03-14T10:55:55.411+0000] {processor.py:183} INFO - Processing /home/airflow/.local/lib/python3.8/site-packages/airflow/example_dags/example_task_group_decorator.py took 0.060 seconds
[2024-03-14T10:56:25.458+0000] {processor.py:161} INFO - Started process (PID=126) to work on /home/airflow/.local/lib/python3.8/site-packages/airflow/example_dags/example_task_group_decorator.py
[2024-03-14T10:56:25.458+0000] {processor.py:830} INFO - Processing file /home/airflow/.local/lib/python3.8/site-packages/airflow/example_dags/example_task_group_decorator.py for tasks to queue
[2024-03-14T10:56:25.459+0000] {logging_mixin.py:188} INFO - [2024-03-14T10:56:25.459+0000] {dagbag.py:540} INFO - Filling up the DagBag from /home/airflow/.local/lib/python3.8/site-packages/airflow/example_dags/example_task_group_decorator.py
[2024-03-14T10:56:25.465+0000] {processor.py:840} INFO - DAG(s) 'example_task_group_decorator' retrieved from /home/airflow/.local/lib/python3.8/site-packages/airflow/example_dags/example_task_group_decorator.py
[2024-03-14T10:56:25.505+0000] {logging_mixin.py:188} INFO - [2024-03-14T10:56:25.505+0000] {dag.py:3047} INFO - Sync 1 DAGs
[2024-03-14T10:56:25.513+0000] {logging_mixin.py:188} INFO - [2024-03-14T10:56:25.513+0000] {dag.py:3834} INFO - Setting next_dagrun for example_task_group_decorator to 2024-03-13 00:00:00+00:00, run_after=2024-03-14 00:00:00+00:00
[2024-03-14T10:56:25.520+0000] {processor.py:183} INFO - Processing /home/airflow/.local/lib/python3.8/site-packages/airflow/example_dags/example_task_group_decorator.py took 0.064 seconds
[2024-03-14T10:56:56.485+0000] {processor.py:161} INFO - Started process (PID=181) to work on /home/airflow/.local/lib/python3.8/site-packages/airflow/example_dags/example_task_group_decorator.py
[2024-03-14T10:56:56.486+0000] {processor.py:830} INFO - Processing file /home/airflow/.local/lib/python3.8/site-packages/airflow/example_dags/example_task_group_decorator.py for tasks to queue
[2024-03-14T10:56:56.489+0000] {logging_mixin.py:188} INFO - [2024-03-14T10:56:56.488+0000] {dagbag.py:540} INFO - Filling up the DagBag from /home/airflow/.local/lib/python3.8/site-packages/airflow/example_dags/example_task_group_decorator.py
[2024-03-14T10:56:56.502+0000] {processor.py:840} INFO - DAG(s) 'example_task_group_decorator' retrieved from /home/airflow/.local/lib/python3.8/site-packages/airflow/example_dags/example_task_group_decorator.py
[2024-03-14T10:56:56.518+0000] {logging_mixin.py:188} INFO - [2024-03-14T10:56:56.518+0000] {dag.py:3047} INFO - Sync 1 DAGs
[2024-03-14T10:56:56.529+0000] {logging_mixin.py:188} INFO - [2024-03-14T10:56:56.529+0000] {dag.py:3834} INFO - Setting next_dagrun for example_task_group_decorator to 2024-03-13 00:00:00+00:00, run_after=2024-03-14 00:00:00+00:00
[2024-03-14T10:56:56.537+0000] {processor.py:183} INFO - Processing /home/airflow/.local/lib/python3.8/site-packages/airflow/example_dags/example_task_group_decorator.py took 0.057 seconds
[2024-03-14T10:57:26.863+0000] {processor.py:161} INFO - Started process (PID=235) to work on /home/airflow/.local/lib/python3.8/site-packages/airflow/example_dags/example_task_group_decorator.py
[2024-03-14T10:57:26.864+0000] {processor.py:830} INFO - Processing file /home/airflow/.local/lib/python3.8/site-packages/airflow/example_dags/example_task_group_decorator.py for tasks to queue
[2024-03-14T10:57:26.866+0000] {logging_mixin.py:188} INFO - [2024-03-14T10:57:26.865+0000] {dagbag.py:540} INFO - Filling up the DagBag from /home/airflow/.local/lib/python3.8/site-packages/airflow/example_dags/example_task_group_decorator.py
[2024-03-14T10:57:26.878+0000] {processor.py:840} INFO - DAG(s) 'example_task_group_decorator' retrieved from /home/airflow/.local/lib/python3.8/site-packages/airflow/example_dags/example_task_group_decorator.py
[2024-03-14T10:57:26.892+0000] {logging_mixin.py:188} INFO - [2024-03-14T10:57:26.892+0000] {dag.py:3047} INFO - Sync 1 DAGs
[2024-03-14T10:57:26.904+0000] {logging_mixin.py:188} INFO - [2024-03-14T10:57:26.903+0000] {dag.py:3834} INFO - Setting next_dagrun for example_task_group_decorator to 2024-03-13 00:00:00+00:00, run_after=2024-03-14 00:00:00+00:00
[2024-03-14T10:57:26.912+0000] {processor.py:183} INFO - Processing /home/airflow/.local/lib/python3.8/site-packages/airflow/example_dags/example_task_group_decorator.py took 0.052 seconds
[2024-03-14T10:57:57.249+0000] {processor.py:161} INFO - Started process (PID=290) to work on /home/airflow/.local/lib/python3.8/site-packages/airflow/example_dags/example_task_group_decorator.py
[2024-03-14T10:57:57.251+0000] {processor.py:830} INFO - Processing file /home/airflow/.local/lib/python3.8/site-packages/airflow/example_dags/example_task_group_decorator.py for tasks to queue
[2024-03-14T10:57:57.254+0000] {logging_mixin.py:188} INFO - [2024-03-14T10:57:57.253+0000] {dagbag.py:540} INFO - Filling up the DagBag from /home/airflow/.local/lib/python3.8/site-packages/airflow/example_dags/example_task_group_decorator.py
[2024-03-14T10:57:57.267+0000] {processor.py:840} INFO - DAG(s) 'example_task_group_decorator' retrieved from /home/airflow/.local/lib/python3.8/site-packages/airflow/example_dags/example_task_group_decorator.py
[2024-03-14T10:57:57.282+0000] {logging_mixin.py:188} INFO - [2024-03-14T10:57:57.282+0000] {dag.py:3047} INFO - Sync 1 DAGs
[2024-03-14T10:57:57.293+0000] {logging_mixin.py:188} INFO - [2024-03-14T10:57:57.293+0000] {dag.py:3834} INFO - Setting next_dagrun for example_task_group_decorator to 2024-03-13 00:00:00+00:00, run_after=2024-03-14 00:00:00+00:00
[2024-03-14T10:57:57.301+0000] {processor.py:183} INFO - Processing /home/airflow/.local/lib/python3.8/site-packages/airflow/example_dags/example_task_group_decorator.py took 0.056 seconds
[2024-03-14T10:58:27.575+0000] {processor.py:161} INFO - Started process (PID=345) to work on /home/airflow/.local/lib/python3.8/site-packages/airflow/example_dags/example_task_group_decorator.py
[2024-03-14T10:58:27.576+0000] {processor.py:830} INFO - Processing file /home/airflow/.local/lib/python3.8/site-packages/airflow/example_dags/example_task_group_decorator.py for tasks to queue
[2024-03-14T10:58:27.577+0000] {logging_mixin.py:188} INFO - [2024-03-14T10:58:27.577+0000] {dagbag.py:540} INFO - Filling up the DagBag from /home/airflow/.local/lib/python3.8/site-packages/airflow/example_dags/example_task_group_decorator.py
[2024-03-14T10:58:27.586+0000] {processor.py:840} INFO - DAG(s) 'example_task_group_decorator' retrieved from /home/airflow/.local/lib/python3.8/site-packages/airflow/example_dags/example_task_group_decorator.py
[2024-03-14T10:58:27.599+0000] {logging_mixin.py:188} INFO - [2024-03-14T10:58:27.599+0000] {dag.py:3047} INFO - Sync 1 DAGs
[2024-03-14T10:58:27.609+0000] {logging_mixin.py:188} INFO - [2024-03-14T10:58:27.609+0000] {dag.py:3834} INFO - Setting next_dagrun for example_task_group_decorator to 2024-03-13 00:00:00+00:00, run_after=2024-03-14 00:00:00+00:00
[2024-03-14T10:58:27.617+0000] {processor.py:183} INFO - Processing /home/airflow/.local/lib/python3.8/site-packages/airflow/example_dags/example_task_group_decorator.py took 0.045 seconds
[2024-03-14T10:58:57.974+0000] {processor.py:161} INFO - Started process (PID=400) to work on /home/airflow/.local/lib/python3.8/site-packages/airflow/example_dags/example_task_group_decorator.py
[2024-03-14T10:58:57.976+0000] {processor.py:830} INFO - Processing file /home/airflow/.local/lib/python3.8/site-packages/airflow/example_dags/example_task_group_decorator.py for tasks to queue
[2024-03-14T10:58:57.977+0000] {logging_mixin.py:188} INFO - [2024-03-14T10:58:57.977+0000] {dagbag.py:540} INFO - Filling up the DagBag from /home/airflow/.local/lib/python3.8/site-packages/airflow/example_dags/example_task_group_decorator.py
[2024-03-14T10:58:57.989+0000] {processor.py:840} INFO - DAG(s) 'example_task_group_decorator' retrieved from /home/airflow/.local/lib/python3.8/site-packages/airflow/example_dags/example_task_group_decorator.py
[2024-03-14T10:58:58.003+0000] {logging_mixin.py:188} INFO - [2024-03-14T10:58:58.003+0000] {dag.py:3047} INFO - Sync 1 DAGs
[2024-03-14T10:58:58.014+0000] {logging_mixin.py:188} INFO - [2024-03-14T10:58:58.014+0000] {dag.py:3834} INFO - Setting next_dagrun for example_task_group_decorator to 2024-03-13 00:00:00+00:00, run_after=2024-03-14 00:00:00+00:00
[2024-03-14T10:58:58.022+0000] {processor.py:183} INFO - Processing /home/airflow/.local/lib/python3.8/site-packages/airflow/example_dags/example_task_group_decorator.py took 0.052 seconds
[2024-03-14T10:59:28.350+0000] {processor.py:161} INFO - Started process (PID=455) to work on /home/airflow/.local/lib/python3.8/site-packages/airflow/example_dags/example_task_group_decorator.py
[2024-03-14T10:59:28.352+0000] {processor.py:830} INFO - Processing file /home/airflow/.local/lib/python3.8/site-packages/airflow/example_dags/example_task_group_decorator.py for tasks to queue
[2024-03-14T10:59:28.354+0000] {logging_mixin.py:188} INFO - [2024-03-14T10:59:28.353+0000] {dagbag.py:540} INFO - Filling up the DagBag from /home/airflow/.local/lib/python3.8/site-packages/airflow/example_dags/example_task_group_decorator.py
[2024-03-14T10:59:28.367+0000] {processor.py:840} INFO - DAG(s) 'example_task_group_decorator' retrieved from /home/airflow/.local/lib/python3.8/site-packages/airflow/example_dags/example_task_group_decorator.py
[2024-03-14T10:59:28.382+0000] {logging_mixin.py:188} INFO - [2024-03-14T10:59:28.382+0000] {dag.py:3047} INFO - Sync 1 DAGs
[2024-03-14T10:59:28.393+0000] {logging_mixin.py:188} INFO - [2024-03-14T10:59:28.393+0000] {dag.py:3834} INFO - Setting next_dagrun for example_task_group_decorator to 2024-03-13 00:00:00+00:00, run_after=2024-03-14 00:00:00+00:00
[2024-03-14T10:59:28.401+0000] {processor.py:183} INFO - Processing /home/airflow/.local/lib/python3.8/site-packages/airflow/example_dags/example_task_group_decorator.py took 0.055 seconds
[2024-03-14T10:59:58.741+0000] {processor.py:161} INFO - Started process (PID=510) to work on /home/airflow/.local/lib/python3.8/site-packages/airflow/example_dags/example_task_group_decorator.py
[2024-03-14T10:59:58.742+0000] {processor.py:830} INFO - Processing file /home/airflow/.local/lib/python3.8/site-packages/airflow/example_dags/example_task_group_decorator.py for tasks to queue
[2024-03-14T10:59:58.743+0000] {logging_mixin.py:188} INFO - [2024-03-14T10:59:58.743+0000] {dagbag.py:540} INFO - Filling up the DagBag from /home/airflow/.local/lib/python3.8/site-packages/airflow/example_dags/example_task_group_decorator.py
[2024-03-14T10:59:58.753+0000] {processor.py:840} INFO - DAG(s) 'example_task_group_decorator' retrieved from /home/airflow/.local/lib/python3.8/site-packages/airflow/example_dags/example_task_group_decorator.py
[2024-03-14T10:59:58.766+0000] {logging_mixin.py:188} INFO - [2024-03-14T10:59:58.766+0000] {dag.py:3047} INFO - Sync 1 DAGs
[2024-03-14T10:59:58.776+0000] {logging_mixin.py:188} INFO - [2024-03-14T10:59:58.776+0000] {dag.py:3834} INFO - Setting next_dagrun for example_task_group_decorator to 2024-03-13 00:00:00+00:00, run_after=2024-03-14 00:00:00+00:00
[2024-03-14T10:59:58.783+0000] {processor.py:183} INFO - Processing /home/airflow/.local/lib/python3.8/site-packages/airflow/example_dags/example_task_group_decorator.py took 0.044 seconds
[2024-03-14T11:00:29.115+0000] {processor.py:161} INFO - Started process (PID=564) to work on /home/airflow/.local/lib/python3.8/site-packages/airflow/example_dags/example_task_group_decorator.py
[2024-03-14T11:00:29.117+0000] {processor.py:830} INFO - Processing file /home/airflow/.local/lib/python3.8/site-packages/airflow/example_dags/example_task_group_decorator.py for tasks to queue
[2024-03-14T11:00:29.118+0000] {logging_mixin.py:188} INFO - [2024-03-14T11:00:29.118+0000] {dagbag.py:540} INFO - Filling up the DagBag from /home/airflow/.local/lib/python3.8/site-packages/airflow/example_dags/example_task_group_decorator.py
[2024-03-14T11:00:29.129+0000] {processor.py:840} INFO - DAG(s) 'example_task_group_decorator' retrieved from /home/airflow/.local/lib/python3.8/site-packages/airflow/example_dags/example_task_group_decorator.py
[2024-03-14T11:00:29.143+0000] {logging_mixin.py:188} INFO - [2024-03-14T11:00:29.143+0000] {dag.py:3047} INFO - Sync 1 DAGs
[2024-03-14T11:00:29.153+0000] {logging_mixin.py:188} INFO - [2024-03-14T11:00:29.153+0000] {dag.py:3834} INFO - Setting next_dagrun for example_task_group_decorator to 2024-03-13 00:00:00+00:00, run_after=2024-03-14 00:00:00+00:00
[2024-03-14T11:00:29.161+0000] {processor.py:183} INFO - Processing /home/airflow/.local/lib/python3.8/site-packages/airflow/example_dags/example_task_group_decorator.py took 0.049 seconds
[2024-03-14T11:00:59.585+0000] {processor.py:161} INFO - Started process (PID=619) to work on /home/airflow/.local/lib/python3.8/site-packages/airflow/example_dags/example_task_group_decorator.py
[2024-03-14T11:00:59.587+0000] {processor.py:830} INFO - Processing file /home/airflow/.local/lib/python3.8/site-packages/airflow/example_dags/example_task_group_decorator.py for tasks to queue
[2024-03-14T11:00:59.588+0000] {logging_mixin.py:188} INFO - [2024-03-14T11:00:59.588+0000] {dagbag.py:540} INFO - Filling up the DagBag from /home/airflow/.local/lib/python3.8/site-packages/airflow/example_dags/example_task_group_decorator.py
[2024-03-14T11:00:59.601+0000] {processor.py:840} INFO - DAG(s) 'example_task_group_decorator' retrieved from /home/airflow/.local/lib/python3.8/site-packages/airflow/example_dags/example_task_group_decorator.py
[2024-03-14T11:00:59.616+0000] {logging_mixin.py:188} INFO - [2024-03-14T11:00:59.616+0000] {dag.py:3047} INFO - Sync 1 DAGs
[2024-03-14T11:00:59.627+0000] {logging_mixin.py:188} INFO - [2024-03-14T11:00:59.627+0000] {dag.py:3834} INFO - Setting next_dagrun for example_task_group_decorator to 2024-03-13 00:00:00+00:00, run_after=2024-03-14 00:00:00+00:00
[2024-03-14T11:00:59.635+0000] {processor.py:183} INFO - Processing /home/airflow/.local/lib/python3.8/site-packages/airflow/example_dags/example_task_group_decorator.py took 0.053 seconds
[2024-03-14T11:01:30.138+0000] {processor.py:161} INFO - Started process (PID=673) to work on /home/airflow/.local/lib/python3.8/site-packages/airflow/example_dags/example_task_group_decorator.py
[2024-03-14T11:01:30.139+0000] {processor.py:830} INFO - Processing file /home/airflow/.local/lib/python3.8/site-packages/airflow/example_dags/example_task_group_decorator.py for tasks to queue
[2024-03-14T11:01:30.141+0000] {logging_mixin.py:188} INFO - [2024-03-14T11:01:30.141+0000] {dagbag.py:540} INFO - Filling up the DagBag from /home/airflow/.local/lib/python3.8/site-packages/airflow/example_dags/example_task_group_decorator.py
[2024-03-14T11:01:30.155+0000] {processor.py:840} INFO - DAG(s) 'example_task_group_decorator' retrieved from /home/airflow/.local/lib/python3.8/site-packages/airflow/example_dags/example_task_group_decorator.py
[2024-03-14T11:01:30.172+0000] {logging_mixin.py:188} INFO - [2024-03-14T11:01:30.172+0000] {dag.py:3047} INFO - Sync 1 DAGs
[2024-03-14T11:01:30.184+0000] {logging_mixin.py:188} INFO - [2024-03-14T11:01:30.184+0000] {dag.py:3834} INFO - Setting next_dagrun for example_task_group_decorator to 2024-03-13 00:00:00+00:00, run_after=2024-03-14 00:00:00+00:00
[2024-03-14T11:01:30.194+0000] {processor.py:183} INFO - Processing /home/airflow/.local/lib/python3.8/site-packages/airflow/example_dags/example_task_group_decorator.py took 0.059 seconds
[2024-03-14T11:02:00.659+0000] {processor.py:161} INFO - Started process (PID=728) to work on /home/airflow/.local/lib/python3.8/site-packages/airflow/example_dags/example_task_group_decorator.py
[2024-03-14T11:02:00.660+0000] {processor.py:830} INFO - Processing file /home/airflow/.local/lib/python3.8/site-packages/airflow/example_dags/example_task_group_decorator.py for tasks to queue
[2024-03-14T11:02:00.662+0000] {logging_mixin.py:188} INFO - [2024-03-14T11:02:00.662+0000] {dagbag.py:540} INFO - Filling up the DagBag from /home/airflow/.local/lib/python3.8/site-packages/airflow/example_dags/example_task_group_decorator.py
[2024-03-14T11:02:00.674+0000] {processor.py:840} INFO - DAG(s) 'example_task_group_decorator' retrieved from /home/airflow/.local/lib/python3.8/site-packages/airflow/example_dags/example_task_group_decorator.py
[2024-03-14T11:02:00.689+0000] {logging_mixin.py:188} INFO - [2024-03-14T11:02:00.688+0000] {dag.py:3047} INFO - Sync 1 DAGs
[2024-03-14T11:02:00.699+0000] {logging_mixin.py:188} INFO - [2024-03-14T11:02:00.699+0000] {dag.py:3834} INFO - Setting next_dagrun for example_task_group_decorator to 2024-03-13 00:00:00+00:00, run_after=2024-03-14 00:00:00+00:00
[2024-03-14T11:02:00.707+0000] {processor.py:183} INFO - Processing /home/airflow/.local/lib/python3.8/site-packages/airflow/example_dags/example_task_group_decorator.py took 0.052 seconds
[2024-03-14T11:02:31.213+0000] {processor.py:161} INFO - Started process (PID=784) to work on /home/airflow/.local/lib/python3.8/site-packages/airflow/example_dags/example_task_group_decorator.py
[2024-03-14T11:02:31.214+0000] {processor.py:830} INFO - Processing file /home/airflow/.local/lib/python3.8/site-packages/airflow/example_dags/example_task_group_decorator.py for tasks to queue
[2024-03-14T11:02:31.216+0000] {logging_mixin.py:188} INFO - [2024-03-14T11:02:31.215+0000] {dagbag.py:540} INFO - Filling up the DagBag from /home/airflow/.local/lib/python3.8/site-packages/airflow/example_dags/example_task_group_decorator.py
[2024-03-14T11:02:31.225+0000] {processor.py:840} INFO - DAG(s) 'example_task_group_decorator' retrieved from /home/airflow/.local/lib/python3.8/site-packages/airflow/example_dags/example_task_group_decorator.py
[2024-03-14T11:02:31.239+0000] {logging_mixin.py:188} INFO - [2024-03-14T11:02:31.238+0000] {dag.py:3047} INFO - Sync 1 DAGs
[2024-03-14T11:02:31.249+0000] {logging_mixin.py:188} INFO - [2024-03-14T11:02:31.249+0000] {dag.py:3834} INFO - Setting next_dagrun for example_task_group_decorator to 2024-03-13 00:00:00+00:00, run_after=2024-03-14 00:00:00+00:00
[2024-03-14T11:02:31.256+0000] {processor.py:183} INFO - Processing /home/airflow/.local/lib/python3.8/site-packages/airflow/example_dags/example_task_group_decorator.py took 0.046 seconds
[2024-03-14T11:03:01.603+0000] {processor.py:161} INFO - Started process (PID=839) to work on /home/airflow/.local/lib/python3.8/site-packages/airflow/example_dags/example_task_group_decorator.py
[2024-03-14T11:03:01.604+0000] {processor.py:830} INFO - Processing file /home/airflow/.local/lib/python3.8/site-packages/airflow/example_dags/example_task_group_decorator.py for tasks to queue
[2024-03-14T11:03:01.606+0000] {logging_mixin.py:188} INFO - [2024-03-14T11:03:01.606+0000] {dagbag.py:540} INFO - Filling up the DagBag from /home/airflow/.local/lib/python3.8/site-packages/airflow/example_dags/example_task_group_decorator.py
[2024-03-14T11:03:01.614+0000] {processor.py:840} INFO - DAG(s) 'example_task_group_decorator' retrieved from /home/airflow/.local/lib/python3.8/site-packages/airflow/example_dags/example_task_group_decorator.py
[2024-03-14T11:03:01.628+0000] {logging_mixin.py:188} INFO - [2024-03-14T11:03:01.627+0000] {dag.py:3047} INFO - Sync 1 DAGs
[2024-03-14T11:03:01.638+0000] {logging_mixin.py:188} INFO - [2024-03-14T11:03:01.638+0000] {dag.py:3834} INFO - Setting next_dagrun for example_task_group_decorator to 2024-03-13 00:00:00+00:00, run_after=2024-03-14 00:00:00+00:00
[2024-03-14T11:03:01.649+0000] {processor.py:183} INFO - Processing /home/airflow/.local/lib/python3.8/site-packages/airflow/example_dags/example_task_group_decorator.py took 0.047 seconds
[2024-03-14T11:03:32.027+0000] {processor.py:161} INFO - Started process (PID=894) to work on /home/airflow/.local/lib/python3.8/site-packages/airflow/example_dags/example_task_group_decorator.py
[2024-03-14T11:03:32.029+0000] {processor.py:830} INFO - Processing file /home/airflow/.local/lib/python3.8/site-packages/airflow/example_dags/example_task_group_decorator.py for tasks to queue
[2024-03-14T11:03:32.030+0000] {logging_mixin.py:188} INFO - [2024-03-14T11:03:32.030+0000] {dagbag.py:540} INFO - Filling up the DagBag from /home/airflow/.local/lib/python3.8/site-packages/airflow/example_dags/example_task_group_decorator.py
[2024-03-14T11:03:32.037+0000] {processor.py:840} INFO - DAG(s) 'example_task_group_decorator' retrieved from /home/airflow/.local/lib/python3.8/site-packages/airflow/example_dags/example_task_group_decorator.py
[2024-03-14T11:03:32.053+0000] {logging_mixin.py:188} INFO - [2024-03-14T11:03:32.053+0000] {dag.py:3047} INFO - Sync 1 DAGs
[2024-03-14T11:03:32.067+0000] {logging_mixin.py:188} INFO - [2024-03-14T11:03:32.067+0000] {dag.py:3834} INFO - Setting next_dagrun for example_task_group_decorator to 2024-03-13 00:00:00+00:00, run_after=2024-03-14 00:00:00+00:00
[2024-03-14T11:03:32.086+0000] {processor.py:183} INFO - Processing /home/airflow/.local/lib/python3.8/site-packages/airflow/example_dags/example_task_group_decorator.py took 0.061 seconds
[2024-03-14T11:04:02.446+0000] {processor.py:161} INFO - Started process (PID=949) to work on /home/airflow/.local/lib/python3.8/site-packages/airflow/example_dags/example_task_group_decorator.py
[2024-03-14T11:04:02.446+0000] {processor.py:830} INFO - Processing file /home/airflow/.local/lib/python3.8/site-packages/airflow/example_dags/example_task_group_decorator.py for tasks to queue
[2024-03-14T11:04:02.447+0000] {logging_mixin.py:188} INFO - [2024-03-14T11:04:02.447+0000] {dagbag.py:540} INFO - Filling up the DagBag from /home/airflow/.local/lib/python3.8/site-packages/airflow/example_dags/example_task_group_decorator.py
[2024-03-14T11:04:02.455+0000] {processor.py:840} INFO - DAG(s) 'example_task_group_decorator' retrieved from /home/airflow/.local/lib/python3.8/site-packages/airflow/example_dags/example_task_group_decorator.py
[2024-03-14T11:04:02.467+0000] {logging_mixin.py:188} INFO - [2024-03-14T11:04:02.467+0000] {dag.py:3047} INFO - Sync 1 DAGs
[2024-03-14T11:04:02.478+0000] {logging_mixin.py:188} INFO - [2024-03-14T11:04:02.478+0000] {dag.py:3834} INFO - Setting next_dagrun for example_task_group_decorator to 2024-03-13 00:00:00+00:00, run_after=2024-03-14 00:00:00+00:00
[2024-03-14T11:04:02.485+0000] {processor.py:183} INFO - Processing /home/airflow/.local/lib/python3.8/site-packages/airflow/example_dags/example_task_group_decorator.py took 0.040 seconds
[2024-03-14T11:04:32.967+0000] {processor.py:161} INFO - Started process (PID=1004) to work on /home/airflow/.local/lib/python3.8/site-packages/airflow/example_dags/example_task_group_decorator.py
[2024-03-14T11:04:32.969+0000] {processor.py:830} INFO - Processing file /home/airflow/.local/lib/python3.8/site-packages/airflow/example_dags/example_task_group_decorator.py for tasks to queue
[2024-03-14T11:04:32.971+0000] {logging_mixin.py:188} INFO - [2024-03-14T11:04:32.970+0000] {dagbag.py:540} INFO - Filling up the DagBag from /home/airflow/.local/lib/python3.8/site-packages/airflow/example_dags/example_task_group_decorator.py
[2024-03-14T11:04:32.983+0000] {processor.py:840} INFO - DAG(s) 'example_task_group_decorator' retrieved from /home/airflow/.local/lib/python3.8/site-packages/airflow/example_dags/example_task_group_decorator.py
[2024-03-14T11:04:32.998+0000] {logging_mixin.py:188} INFO - [2024-03-14T11:04:32.998+0000] {dag.py:3047} INFO - Sync 1 DAGs
[2024-03-14T11:04:33.009+0000] {logging_mixin.py:188} INFO - [2024-03-14T11:04:33.009+0000] {dag.py:3834} INFO - Setting next_dagrun for example_task_group_decorator to 2024-03-13 00:00:00+00:00, run_after=2024-03-14 00:00:00+00:00
[2024-03-14T11:04:33.017+0000] {processor.py:183} INFO - Processing /home/airflow/.local/lib/python3.8/site-packages/airflow/example_dags/example_task_group_decorator.py took 0.054 seconds
[2024-03-14T11:05:03.382+0000] {processor.py:161} INFO - Started process (PID=1059) to work on /home/airflow/.local/lib/python3.8/site-packages/airflow/example_dags/example_task_group_decorator.py
[2024-03-14T11:05:03.384+0000] {processor.py:830} INFO - Processing file /home/airflow/.local/lib/python3.8/site-packages/airflow/example_dags/example_task_group_decorator.py for tasks to queue
[2024-03-14T11:05:03.386+0000] {logging_mixin.py:188} INFO - [2024-03-14T11:05:03.385+0000] {dagbag.py:540} INFO - Filling up the DagBag from /home/airflow/.local/lib/python3.8/site-packages/airflow/example_dags/example_task_group_decorator.py
[2024-03-14T11:05:03.399+0000] {processor.py:840} INFO - DAG(s) 'example_task_group_decorator' retrieved from /home/airflow/.local/lib/python3.8/site-packages/airflow/example_dags/example_task_group_decorator.py
[2024-03-14T11:05:03.415+0000] {logging_mixin.py:188} INFO - [2024-03-14T11:05:03.415+0000] {dag.py:3047} INFO - Sync 1 DAGs
[2024-03-14T11:05:03.426+0000] {logging_mixin.py:188} INFO - [2024-03-14T11:05:03.426+0000] {dag.py:3834} INFO - Setting next_dagrun for example_task_group_decorator to 2024-03-13 00:00:00+00:00, run_after=2024-03-14 00:00:00+00:00
[2024-03-14T11:05:03.435+0000] {processor.py:183} INFO - Processing /home/airflow/.local/lib/python3.8/site-packages/airflow/example_dags/example_task_group_decorator.py took 0.058 seconds
[2024-03-14T11:05:33.783+0000] {processor.py:161} INFO - Started process (PID=1114) to work on /home/airflow/.local/lib/python3.8/site-packages/airflow/example_dags/example_task_group_decorator.py
[2024-03-14T11:05:33.784+0000] {processor.py:830} INFO - Processing file /home/airflow/.local/lib/python3.8/site-packages/airflow/example_dags/example_task_group_decorator.py for tasks to queue
[2024-03-14T11:05:33.786+0000] {logging_mixin.py:188} INFO - [2024-03-14T11:05:33.785+0000] {dagbag.py:540} INFO - Filling up the DagBag from /home/airflow/.local/lib/python3.8/site-packages/airflow/example_dags/example_task_group_decorator.py
[2024-03-14T11:05:33.797+0000] {processor.py:840} INFO - DAG(s) 'example_task_group_decorator' retrieved from /home/airflow/.local/lib/python3.8/site-packages/airflow/example_dags/example_task_group_decorator.py
[2024-03-14T11:05:33.811+0000] {logging_mixin.py:188} INFO - [2024-03-14T11:05:33.811+0000] {dag.py:3047} INFO - Sync 1 DAGs
[2024-03-14T11:05:33.821+0000] {logging_mixin.py:188} INFO - [2024-03-14T11:05:33.821+0000] {dag.py:3834} INFO - Setting next_dagrun for example_task_group_decorator to 2024-03-13 00:00:00+00:00, run_after=2024-03-14 00:00:00+00:00
[2024-03-14T11:05:33.829+0000] {processor.py:183} INFO - Processing /home/airflow/.local/lib/python3.8/site-packages/airflow/example_dags/example_task_group_decorator.py took 0.049 seconds
[2024-03-14T11:06:04.284+0000] {processor.py:161} INFO - Started process (PID=1169) to work on /home/airflow/.local/lib/python3.8/site-packages/airflow/example_dags/example_task_group_decorator.py
[2024-03-14T11:06:04.286+0000] {processor.py:830} INFO - Processing file /home/airflow/.local/lib/python3.8/site-packages/airflow/example_dags/example_task_group_decorator.py for tasks to queue
[2024-03-14T11:06:04.288+0000] {logging_mixin.py:188} INFO - [2024-03-14T11:06:04.288+0000] {dagbag.py:540} INFO - Filling up the DagBag from /home/airflow/.local/lib/python3.8/site-packages/airflow/example_dags/example_task_group_decorator.py
[2024-03-14T11:06:04.300+0000] {processor.py:840} INFO - DAG(s) 'example_task_group_decorator' retrieved from /home/airflow/.local/lib/python3.8/site-packages/airflow/example_dags/example_task_group_decorator.py
[2024-03-14T11:06:04.315+0000] {logging_mixin.py:188} INFO - [2024-03-14T11:06:04.314+0000] {dag.py:3047} INFO - Sync 1 DAGs
[2024-03-14T11:06:04.325+0000] {logging_mixin.py:188} INFO - [2024-03-14T11:06:04.325+0000] {dag.py:3834} INFO - Setting next_dagrun for example_task_group_decorator to 2024-03-13 00:00:00+00:00, run_after=2024-03-14 00:00:00+00:00
[2024-03-14T11:06:04.333+0000] {processor.py:183} INFO - Processing /home/airflow/.local/lib/python3.8/site-packages/airflow/example_dags/example_task_group_decorator.py took 0.053 seconds
[2024-03-14T11:06:34.665+0000] {processor.py:161} INFO - Started process (PID=1224) to work on /home/airflow/.local/lib/python3.8/site-packages/airflow/example_dags/example_task_group_decorator.py
[2024-03-14T11:06:34.667+0000] {processor.py:830} INFO - Processing file /home/airflow/.local/lib/python3.8/site-packages/airflow/example_dags/example_task_group_decorator.py for tasks to queue
[2024-03-14T11:06:34.670+0000] {logging_mixin.py:188} INFO - [2024-03-14T11:06:34.670+0000] {dagbag.py:540} INFO - Filling up the DagBag from /home/airflow/.local/lib/python3.8/site-packages/airflow/example_dags/example_task_group_decorator.py
[2024-03-14T11:06:34.683+0000] {processor.py:840} INFO - DAG(s) 'example_task_group_decorator' retrieved from /home/airflow/.local/lib/python3.8/site-packages/airflow/example_dags/example_task_group_decorator.py
[2024-03-14T11:06:34.698+0000] {logging_mixin.py:188} INFO - [2024-03-14T11:06:34.698+0000] {dag.py:3047} INFO - Sync 1 DAGs
[2024-03-14T11:06:34.710+0000] {logging_mixin.py:188} INFO - [2024-03-14T11:06:34.709+0000] {dag.py:3834} INFO - Setting next_dagrun for example_task_group_decorator to 2024-03-13 00:00:00+00:00, run_after=2024-03-14 00:00:00+00:00
[2024-03-14T11:06:34.718+0000] {processor.py:183} INFO - Processing /home/airflow/.local/lib/python3.8/site-packages/airflow/example_dags/example_task_group_decorator.py took 0.057 seconds
[2024-03-14T11:07:05.079+0000] {processor.py:161} INFO - Started process (PID=1278) to work on /home/airflow/.local/lib/python3.8/site-packages/airflow/example_dags/example_task_group_decorator.py
[2024-03-14T11:07:05.080+0000] {processor.py:830} INFO - Processing file /home/airflow/.local/lib/python3.8/site-packages/airflow/example_dags/example_task_group_decorator.py for tasks to queue
[2024-03-14T11:07:05.082+0000] {logging_mixin.py:188} INFO - [2024-03-14T11:07:05.082+0000] {dagbag.py:540} INFO - Filling up the DagBag from /home/airflow/.local/lib/python3.8/site-packages/airflow/example_dags/example_task_group_decorator.py
[2024-03-14T11:07:05.095+0000] {processor.py:840} INFO - DAG(s) 'example_task_group_decorator' retrieved from /home/airflow/.local/lib/python3.8/site-packages/airflow/example_dags/example_task_group_decorator.py
[2024-03-14T11:07:05.109+0000] {logging_mixin.py:188} INFO - [2024-03-14T11:07:05.109+0000] {dag.py:3047} INFO - Sync 1 DAGs
[2024-03-14T11:07:05.120+0000] {logging_mixin.py:188} INFO - [2024-03-14T11:07:05.120+0000] {dag.py:3834} INFO - Setting next_dagrun for example_task_group_decorator to 2024-03-13 00:00:00+00:00, run_after=2024-03-14 00:00:00+00:00
[2024-03-14T11:07:05.128+0000] {processor.py:183} INFO - Processing /home/airflow/.local/lib/python3.8/site-packages/airflow/example_dags/example_task_group_decorator.py took 0.053 seconds
[2024-03-14T11:07:35.513+0000] {processor.py:161} INFO - Started process (PID=1333) to work on /home/airflow/.local/lib/python3.8/site-packages/airflow/example_dags/example_task_group_decorator.py
[2024-03-14T11:07:35.514+0000] {processor.py:830} INFO - Processing file /home/airflow/.local/lib/python3.8/site-packages/airflow/example_dags/example_task_group_decorator.py for tasks to queue
[2024-03-14T11:07:35.516+0000] {logging_mixin.py:188} INFO - [2024-03-14T11:07:35.516+0000] {dagbag.py:540} INFO - Filling up the DagBag from /home/airflow/.local/lib/python3.8/site-packages/airflow/example_dags/example_task_group_decorator.py
[2024-03-14T11:07:35.528+0000] {processor.py:840} INFO - DAG(s) 'example_task_group_decorator' retrieved from /home/airflow/.local/lib/python3.8/site-packages/airflow/example_dags/example_task_group_decorator.py
[2024-03-14T11:07:35.544+0000] {logging_mixin.py:188} INFO - [2024-03-14T11:07:35.543+0000] {dag.py:3047} INFO - Sync 1 DAGs
[2024-03-14T11:07:35.555+0000] {logging_mixin.py:188} INFO - [2024-03-14T11:07:35.555+0000] {dag.py:3834} INFO - Setting next_dagrun for example_task_group_decorator to 2024-03-13 00:00:00+00:00, run_after=2024-03-14 00:00:00+00:00
[2024-03-14T11:07:35.563+0000] {processor.py:183} INFO - Processing /home/airflow/.local/lib/python3.8/site-packages/airflow/example_dags/example_task_group_decorator.py took 0.054 seconds
[2024-03-14T11:08:05.853+0000] {processor.py:161} INFO - Started process (PID=1388) to work on /home/airflow/.local/lib/python3.8/site-packages/airflow/example_dags/example_task_group_decorator.py
[2024-03-14T11:08:05.855+0000] {processor.py:830} INFO - Processing file /home/airflow/.local/lib/python3.8/site-packages/airflow/example_dags/example_task_group_decorator.py for tasks to queue
[2024-03-14T11:08:05.859+0000] {logging_mixin.py:188} INFO - [2024-03-14T11:08:05.859+0000] {dagbag.py:540} INFO - Filling up the DagBag from /home/airflow/.local/lib/python3.8/site-packages/airflow/example_dags/example_task_group_decorator.py
[2024-03-14T11:08:05.871+0000] {processor.py:840} INFO - DAG(s) 'example_task_group_decorator' retrieved from /home/airflow/.local/lib/python3.8/site-packages/airflow/example_dags/example_task_group_decorator.py
[2024-03-14T11:08:05.886+0000] {logging_mixin.py:188} INFO - [2024-03-14T11:08:05.885+0000] {dag.py:3047} INFO - Sync 1 DAGs
[2024-03-14T11:08:05.897+0000] {logging_mixin.py:188} INFO - [2024-03-14T11:08:05.897+0000] {dag.py:3834} INFO - Setting next_dagrun for example_task_group_decorator to 2024-03-13 00:00:00+00:00, run_after=2024-03-14 00:00:00+00:00
[2024-03-14T11:08:05.905+0000] {processor.py:183} INFO - Processing /home/airflow/.local/lib/python3.8/site-packages/airflow/example_dags/example_task_group_decorator.py took 0.056 seconds
[2024-03-14T11:08:36.125+0000] {processor.py:161} INFO - Started process (PID=1443) to work on /home/airflow/.local/lib/python3.8/site-packages/airflow/example_dags/example_task_group_decorator.py
[2024-03-14T11:08:36.126+0000] {processor.py:830} INFO - Processing file /home/airflow/.local/lib/python3.8/site-packages/airflow/example_dags/example_task_group_decorator.py for tasks to queue
[2024-03-14T11:08:36.128+0000] {logging_mixin.py:188} INFO - [2024-03-14T11:08:36.128+0000] {dagbag.py:540} INFO - Filling up the DagBag from /home/airflow/.local/lib/python3.8/site-packages/airflow/example_dags/example_task_group_decorator.py
[2024-03-14T11:08:36.140+0000] {processor.py:840} INFO - DAG(s) 'example_task_group_decorator' retrieved from /home/airflow/.local/lib/python3.8/site-packages/airflow/example_dags/example_task_group_decorator.py
[2024-03-14T11:08:36.155+0000] {logging_mixin.py:188} INFO - [2024-03-14T11:08:36.155+0000] {dag.py:3047} INFO - Sync 1 DAGs
[2024-03-14T11:08:36.166+0000] {logging_mixin.py:188} INFO - [2024-03-14T11:08:36.166+0000] {dag.py:3834} INFO - Setting next_dagrun for example_task_group_decorator to 2024-03-13 00:00:00+00:00, run_after=2024-03-14 00:00:00+00:00
[2024-03-14T11:08:36.174+0000] {processor.py:183} INFO - Processing /home/airflow/.local/lib/python3.8/site-packages/airflow/example_dags/example_task_group_decorator.py took 0.053 seconds
[2024-03-14T11:09:06.526+0000] {processor.py:161} INFO - Started process (PID=1498) to work on /home/airflow/.local/lib/python3.8/site-packages/airflow/example_dags/example_task_group_decorator.py
[2024-03-14T11:09:06.527+0000] {processor.py:830} INFO - Processing file /home/airflow/.local/lib/python3.8/site-packages/airflow/example_dags/example_task_group_decorator.py for tasks to queue
[2024-03-14T11:09:06.529+0000] {logging_mixin.py:188} INFO - [2024-03-14T11:09:06.529+0000] {dagbag.py:540} INFO - Filling up the DagBag from /home/airflow/.local/lib/python3.8/site-packages/airflow/example_dags/example_task_group_decorator.py
[2024-03-14T11:09:06.543+0000] {processor.py:840} INFO - DAG(s) 'example_task_group_decorator' retrieved from /home/airflow/.local/lib/python3.8/site-packages/airflow/example_dags/example_task_group_decorator.py
[2024-03-14T11:09:06.558+0000] {logging_mixin.py:188} INFO - [2024-03-14T11:09:06.558+0000] {dag.py:3047} INFO - Sync 1 DAGs
[2024-03-14T11:09:06.569+0000] {logging_mixin.py:188} INFO - [2024-03-14T11:09:06.569+0000] {dag.py:3834} INFO - Setting next_dagrun for example_task_group_decorator to 2024-03-13 00:00:00+00:00, run_after=2024-03-14 00:00:00+00:00
[2024-03-14T11:09:06.577+0000] {processor.py:183} INFO - Processing /home/airflow/.local/lib/python3.8/site-packages/airflow/example_dags/example_task_group_decorator.py took 0.056 seconds
[2024-03-14T11:09:36.880+0000] {processor.py:161} INFO - Started process (PID=1553) to work on /home/airflow/.local/lib/python3.8/site-packages/airflow/example_dags/example_task_group_decorator.py
[2024-03-14T11:09:36.882+0000] {processor.py:830} INFO - Processing file /home/airflow/.local/lib/python3.8/site-packages/airflow/example_dags/example_task_group_decorator.py for tasks to queue
[2024-03-14T11:09:36.885+0000] {logging_mixin.py:188} INFO - [2024-03-14T11:09:36.885+0000] {dagbag.py:540} INFO - Filling up the DagBag from /home/airflow/.local/lib/python3.8/site-packages/airflow/example_dags/example_task_group_decorator.py
[2024-03-14T11:09:36.900+0000] {processor.py:840} INFO - DAG(s) 'example_task_group_decorator' retrieved from /home/airflow/.local/lib/python3.8/site-packages/airflow/example_dags/example_task_group_decorator.py
[2024-03-14T11:09:36.918+0000] {logging_mixin.py:188} INFO - [2024-03-14T11:09:36.918+0000] {dag.py:3047} INFO - Sync 1 DAGs
[2024-03-14T11:09:36.930+0000] {logging_mixin.py:188} INFO - [2024-03-14T11:09:36.930+0000] {dag.py:3834} INFO - Setting next_dagrun for example_task_group_decorator to 2024-03-13 00:00:00+00:00, run_after=2024-03-14 00:00:00+00:00
[2024-03-14T11:09:36.939+0000] {processor.py:183} INFO - Processing /home/airflow/.local/lib/python3.8/site-packages/airflow/example_dags/example_task_group_decorator.py took 0.062 seconds
[2024-03-14T11:10:07.296+0000] {processor.py:161} INFO - Started process (PID=1607) to work on /home/airflow/.local/lib/python3.8/site-packages/airflow/example_dags/example_task_group_decorator.py
[2024-03-14T11:10:07.297+0000] {processor.py:830} INFO - Processing file /home/airflow/.local/lib/python3.8/site-packages/airflow/example_dags/example_task_group_decorator.py for tasks to queue
[2024-03-14T11:10:07.299+0000] {logging_mixin.py:188} INFO - [2024-03-14T11:10:07.299+0000] {dagbag.py:540} INFO - Filling up the DagBag from /home/airflow/.local/lib/python3.8/site-packages/airflow/example_dags/example_task_group_decorator.py
[2024-03-14T11:10:07.313+0000] {processor.py:840} INFO - DAG(s) 'example_task_group_decorator' retrieved from /home/airflow/.local/lib/python3.8/site-packages/airflow/example_dags/example_task_group_decorator.py
[2024-03-14T11:10:07.328+0000] {logging_mixin.py:188} INFO - [2024-03-14T11:10:07.328+0000] {dag.py:3047} INFO - Sync 1 DAGs
[2024-03-14T11:10:07.340+0000] {logging_mixin.py:188} INFO - [2024-03-14T11:10:07.340+0000] {dag.py:3834} INFO - Setting next_dagrun for example_task_group_decorator to 2024-03-13 00:00:00+00:00, run_after=2024-03-14 00:00:00+00:00
[2024-03-14T11:10:07.348+0000] {processor.py:183} INFO - Processing /home/airflow/.local/lib/python3.8/site-packages/airflow/example_dags/example_task_group_decorator.py took 0.056 seconds
[2024-03-14T11:10:37.711+0000] {processor.py:161} INFO - Started process (PID=1662) to work on /home/airflow/.local/lib/python3.8/site-packages/airflow/example_dags/example_task_group_decorator.py
[2024-03-14T11:10:37.713+0000] {processor.py:830} INFO - Processing file /home/airflow/.local/lib/python3.8/site-packages/airflow/example_dags/example_task_group_decorator.py for tasks to queue
[2024-03-14T11:10:37.715+0000] {logging_mixin.py:188} INFO - [2024-03-14T11:10:37.715+0000] {dagbag.py:540} INFO - Filling up the DagBag from /home/airflow/.local/lib/python3.8/site-packages/airflow/example_dags/example_task_group_decorator.py
[2024-03-14T11:10:37.729+0000] {processor.py:840} INFO - DAG(s) 'example_task_group_decorator' retrieved from /home/airflow/.local/lib/python3.8/site-packages/airflow/example_dags/example_task_group_decorator.py
[2024-03-14T11:10:37.744+0000] {logging_mixin.py:188} INFO - [2024-03-14T11:10:37.744+0000] {dag.py:3047} INFO - Sync 1 DAGs
[2024-03-14T11:10:37.755+0000] {logging_mixin.py:188} INFO - [2024-03-14T11:10:37.755+0000] {dag.py:3834} INFO - Setting next_dagrun for example_task_group_decorator to 2024-03-13 00:00:00+00:00, run_after=2024-03-14 00:00:00+00:00
[2024-03-14T11:10:37.764+0000] {processor.py:183} INFO - Processing /home/airflow/.local/lib/python3.8/site-packages/airflow/example_dags/example_task_group_decorator.py took 0.056 seconds
[2024-03-14T11:11:08.122+0000] {processor.py:161} INFO - Started process (PID=1717) to work on /home/airflow/.local/lib/python3.8/site-packages/airflow/example_dags/example_task_group_decorator.py
[2024-03-14T11:11:08.123+0000] {processor.py:830} INFO - Processing file /home/airflow/.local/lib/python3.8/site-packages/airflow/example_dags/example_task_group_decorator.py for tasks to queue
[2024-03-14T11:11:08.125+0000] {logging_mixin.py:188} INFO - [2024-03-14T11:11:08.124+0000] {dagbag.py:540} INFO - Filling up the DagBag from /home/airflow/.local/lib/python3.8/site-packages/airflow/example_dags/example_task_group_decorator.py
[2024-03-14T11:11:08.137+0000] {processor.py:840} INFO - DAG(s) 'example_task_group_decorator' retrieved from /home/airflow/.local/lib/python3.8/site-packages/airflow/example_dags/example_task_group_decorator.py
[2024-03-14T11:11:08.152+0000] {logging_mixin.py:188} INFO - [2024-03-14T11:11:08.152+0000] {dag.py:3047} INFO - Sync 1 DAGs
[2024-03-14T11:11:08.163+0000] {logging_mixin.py:188} INFO - [2024-03-14T11:11:08.163+0000] {dag.py:3834} INFO - Setting next_dagrun for example_task_group_decorator to 2024-03-13 00:00:00+00:00, run_after=2024-03-14 00:00:00+00:00
[2024-03-14T11:11:08.171+0000] {processor.py:183} INFO - Processing /home/airflow/.local/lib/python3.8/site-packages/airflow/example_dags/example_task_group_decorator.py took 0.054 seconds
[2024-03-14T11:11:38.494+0000] {processor.py:161} INFO - Started process (PID=1771) to work on /home/airflow/.local/lib/python3.8/site-packages/airflow/example_dags/example_task_group_decorator.py
[2024-03-14T11:11:38.495+0000] {processor.py:830} INFO - Processing file /home/airflow/.local/lib/python3.8/site-packages/airflow/example_dags/example_task_group_decorator.py for tasks to queue
[2024-03-14T11:11:38.497+0000] {logging_mixin.py:188} INFO - [2024-03-14T11:11:38.496+0000] {dagbag.py:540} INFO - Filling up the DagBag from /home/airflow/.local/lib/python3.8/site-packages/airflow/example_dags/example_task_group_decorator.py
[2024-03-14T11:11:38.508+0000] {processor.py:840} INFO - DAG(s) 'example_task_group_decorator' retrieved from /home/airflow/.local/lib/python3.8/site-packages/airflow/example_dags/example_task_group_decorator.py
[2024-03-14T11:11:38.523+0000] {logging_mixin.py:188} INFO - [2024-03-14T11:11:38.523+0000] {dag.py:3047} INFO - Sync 1 DAGs
[2024-03-14T11:11:38.536+0000] {logging_mixin.py:188} INFO - [2024-03-14T11:11:38.536+0000] {dag.py:3834} INFO - Setting next_dagrun for example_task_group_decorator to 2024-03-13 00:00:00+00:00, run_after=2024-03-14 00:00:00+00:00
[2024-03-14T11:11:38.545+0000] {processor.py:183} INFO - Processing /home/airflow/.local/lib/python3.8/site-packages/airflow/example_dags/example_task_group_decorator.py took 0.054 seconds
[2024-03-14T11:12:08.994+0000] {processor.py:161} INFO - Started process (PID=1826) to work on /home/airflow/.local/lib/python3.8/site-packages/airflow/example_dags/example_task_group_decorator.py
[2024-03-14T11:12:08.995+0000] {processor.py:830} INFO - Processing file /home/airflow/.local/lib/python3.8/site-packages/airflow/example_dags/example_task_group_decorator.py for tasks to queue
[2024-03-14T11:12:08.997+0000] {logging_mixin.py:188} INFO - [2024-03-14T11:12:08.997+0000] {dagbag.py:540} INFO - Filling up the DagBag from /home/airflow/.local/lib/python3.8/site-packages/airflow/example_dags/example_task_group_decorator.py
[2024-03-14T11:12:09.009+0000] {processor.py:840} INFO - DAG(s) 'example_task_group_decorator' retrieved from /home/airflow/.local/lib/python3.8/site-packages/airflow/example_dags/example_task_group_decorator.py
[2024-03-14T11:12:09.023+0000] {logging_mixin.py:188} INFO - [2024-03-14T11:12:09.023+0000] {dag.py:3047} INFO - Sync 1 DAGs
[2024-03-14T11:12:09.033+0000] {logging_mixin.py:188} INFO - [2024-03-14T11:12:09.033+0000] {dag.py:3834} INFO - Setting next_dagrun for example_task_group_decorator to 2024-03-13 00:00:00+00:00, run_after=2024-03-14 00:00:00+00:00
[2024-03-14T11:12:09.040+0000] {processor.py:183} INFO - Processing /home/airflow/.local/lib/python3.8/site-packages/airflow/example_dags/example_task_group_decorator.py took 0.050 seconds
[2024-03-14T11:12:39.420+0000] {processor.py:161} INFO - Started process (PID=1881) to work on /home/airflow/.local/lib/python3.8/site-packages/airflow/example_dags/example_task_group_decorator.py
[2024-03-14T11:12:39.421+0000] {processor.py:830} INFO - Processing file /home/airflow/.local/lib/python3.8/site-packages/airflow/example_dags/example_task_group_decorator.py for tasks to queue
[2024-03-14T11:12:39.423+0000] {logging_mixin.py:188} INFO - [2024-03-14T11:12:39.423+0000] {dagbag.py:540} INFO - Filling up the DagBag from /home/airflow/.local/lib/python3.8/site-packages/airflow/example_dags/example_task_group_decorator.py
[2024-03-14T11:12:39.436+0000] {processor.py:840} INFO - DAG(s) 'example_task_group_decorator' retrieved from /home/airflow/.local/lib/python3.8/site-packages/airflow/example_dags/example_task_group_decorator.py
[2024-03-14T11:12:39.450+0000] {logging_mixin.py:188} INFO - [2024-03-14T11:12:39.450+0000] {dag.py:3047} INFO - Sync 1 DAGs
[2024-03-14T11:12:39.461+0000] {logging_mixin.py:188} INFO - [2024-03-14T11:12:39.461+0000] {dag.py:3834} INFO - Setting next_dagrun for example_task_group_decorator to 2024-03-13 00:00:00+00:00, run_after=2024-03-14 00:00:00+00:00
[2024-03-14T11:12:39.469+0000] {processor.py:183} INFO - Processing /home/airflow/.local/lib/python3.8/site-packages/airflow/example_dags/example_task_group_decorator.py took 0.052 seconds
[2024-03-14T11:13:09.746+0000] {processor.py:161} INFO - Started process (PID=1935) to work on /home/airflow/.local/lib/python3.8/site-packages/airflow/example_dags/example_task_group_decorator.py
[2024-03-14T11:13:09.747+0000] {processor.py:830} INFO - Processing file /home/airflow/.local/lib/python3.8/site-packages/airflow/example_dags/example_task_group_decorator.py for tasks to queue
[2024-03-14T11:13:09.748+0000] {logging_mixin.py:188} INFO - [2024-03-14T11:13:09.748+0000] {dagbag.py:540} INFO - Filling up the DagBag from /home/airflow/.local/lib/python3.8/site-packages/airflow/example_dags/example_task_group_decorator.py
[2024-03-14T11:13:09.758+0000] {processor.py:840} INFO - DAG(s) 'example_task_group_decorator' retrieved from /home/airflow/.local/lib/python3.8/site-packages/airflow/example_dags/example_task_group_decorator.py
[2024-03-14T11:13:09.770+0000] {logging_mixin.py:188} INFO - [2024-03-14T11:13:09.770+0000] {dag.py:3047} INFO - Sync 1 DAGs
[2024-03-14T11:13:09.781+0000] {logging_mixin.py:188} INFO - [2024-03-14T11:13:09.781+0000] {dag.py:3834} INFO - Setting next_dagrun for example_task_group_decorator to 2024-03-13 00:00:00+00:00, run_after=2024-03-14 00:00:00+00:00
[2024-03-14T11:13:09.788+0000] {processor.py:183} INFO - Processing /home/airflow/.local/lib/python3.8/site-packages/airflow/example_dags/example_task_group_decorator.py took 0.044 seconds
[2024-03-14T11:13:40.095+0000] {processor.py:161} INFO - Started process (PID=1990) to work on /home/airflow/.local/lib/python3.8/site-packages/airflow/example_dags/example_task_group_decorator.py
[2024-03-14T11:13:40.096+0000] {processor.py:830} INFO - Processing file /home/airflow/.local/lib/python3.8/site-packages/airflow/example_dags/example_task_group_decorator.py for tasks to queue
[2024-03-14T11:13:40.098+0000] {logging_mixin.py:188} INFO - [2024-03-14T11:13:40.097+0000] {dagbag.py:540} INFO - Filling up the DagBag from /home/airflow/.local/lib/python3.8/site-packages/airflow/example_dags/example_task_group_decorator.py
[2024-03-14T11:13:40.111+0000] {processor.py:840} INFO - DAG(s) 'example_task_group_decorator' retrieved from /home/airflow/.local/lib/python3.8/site-packages/airflow/example_dags/example_task_group_decorator.py
[2024-03-14T11:13:40.126+0000] {logging_mixin.py:188} INFO - [2024-03-14T11:13:40.126+0000] {dag.py:3047} INFO - Sync 1 DAGs
[2024-03-14T11:13:40.137+0000] {logging_mixin.py:188} INFO - [2024-03-14T11:13:40.137+0000] {dag.py:3834} INFO - Setting next_dagrun for example_task_group_decorator to 2024-03-13 00:00:00+00:00, run_after=2024-03-14 00:00:00+00:00
[2024-03-14T11:13:40.145+0000] {processor.py:183} INFO - Processing /home/airflow/.local/lib/python3.8/site-packages/airflow/example_dags/example_task_group_decorator.py took 0.054 seconds
[2024-03-14T11:14:10.471+0000] {processor.py:161} INFO - Started process (PID=2045) to work on /home/airflow/.local/lib/python3.8/site-packages/airflow/example_dags/example_task_group_decorator.py
[2024-03-14T11:14:10.472+0000] {processor.py:830} INFO - Processing file /home/airflow/.local/lib/python3.8/site-packages/airflow/example_dags/example_task_group_decorator.py for tasks to queue
[2024-03-14T11:14:10.473+0000] {logging_mixin.py:188} INFO - [2024-03-14T11:14:10.473+0000] {dagbag.py:540} INFO - Filling up the DagBag from /home/airflow/.local/lib/python3.8/site-packages/airflow/example_dags/example_task_group_decorator.py
[2024-03-14T11:14:10.485+0000] {processor.py:840} INFO - DAG(s) 'example_task_group_decorator' retrieved from /home/airflow/.local/lib/python3.8/site-packages/airflow/example_dags/example_task_group_decorator.py
[2024-03-14T11:14:10.500+0000] {logging_mixin.py:188} INFO - [2024-03-14T11:14:10.500+0000] {dag.py:3047} INFO - Sync 1 DAGs
[2024-03-14T11:14:10.511+0000] {logging_mixin.py:188} INFO - [2024-03-14T11:14:10.510+0000] {dag.py:3834} INFO - Setting next_dagrun for example_task_group_decorator to 2024-03-13 00:00:00+00:00, run_after=2024-03-14 00:00:00+00:00
[2024-03-14T11:14:10.518+0000] {processor.py:183} INFO - Processing /home/airflow/.local/lib/python3.8/site-packages/airflow/example_dags/example_task_group_decorator.py took 0.051 seconds
[2024-03-14T11:14:40.850+0000] {processor.py:161} INFO - Started process (PID=2100) to work on /home/airflow/.local/lib/python3.8/site-packages/airflow/example_dags/example_task_group_decorator.py
[2024-03-14T11:14:40.851+0000] {processor.py:830} INFO - Processing file /home/airflow/.local/lib/python3.8/site-packages/airflow/example_dags/example_task_group_decorator.py for tasks to queue
[2024-03-14T11:14:40.852+0000] {logging_mixin.py:188} INFO - [2024-03-14T11:14:40.852+0000] {dagbag.py:540} INFO - Filling up the DagBag from /home/airflow/.local/lib/python3.8/site-packages/airflow/example_dags/example_task_group_decorator.py
[2024-03-14T11:14:40.863+0000] {processor.py:840} INFO - DAG(s) 'example_task_group_decorator' retrieved from /home/airflow/.local/lib/python3.8/site-packages/airflow/example_dags/example_task_group_decorator.py
[2024-03-14T11:14:40.877+0000] {logging_mixin.py:188} INFO - [2024-03-14T11:14:40.877+0000] {dag.py:3047} INFO - Sync 1 DAGs
[2024-03-14T11:14:40.887+0000] {logging_mixin.py:188} INFO - [2024-03-14T11:14:40.887+0000] {dag.py:3834} INFO - Setting next_dagrun for example_task_group_decorator to 2024-03-13 00:00:00+00:00, run_after=2024-03-14 00:00:00+00:00
[2024-03-14T11:14:40.894+0000] {processor.py:183} INFO - Processing /home/airflow/.local/lib/python3.8/site-packages/airflow/example_dags/example_task_group_decorator.py took 0.048 seconds
[2024-03-14T11:15:11.239+0000] {processor.py:161} INFO - Started process (PID=2155) to work on /home/airflow/.local/lib/python3.8/site-packages/airflow/example_dags/example_task_group_decorator.py
[2024-03-14T11:15:11.241+0000] {processor.py:830} INFO - Processing file /home/airflow/.local/lib/python3.8/site-packages/airflow/example_dags/example_task_group_decorator.py for tasks to queue
[2024-03-14T11:15:11.243+0000] {logging_mixin.py:188} INFO - [2024-03-14T11:15:11.242+0000] {dagbag.py:540} INFO - Filling up the DagBag from /home/airflow/.local/lib/python3.8/site-packages/airflow/example_dags/example_task_group_decorator.py
[2024-03-14T11:15:11.255+0000] {processor.py:840} INFO - DAG(s) 'example_task_group_decorator' retrieved from /home/airflow/.local/lib/python3.8/site-packages/airflow/example_dags/example_task_group_decorator.py
[2024-03-14T11:15:11.270+0000] {logging_mixin.py:188} INFO - [2024-03-14T11:15:11.270+0000] {dag.py:3047} INFO - Sync 1 DAGs
[2024-03-14T11:15:11.281+0000] {logging_mixin.py:188} INFO - [2024-03-14T11:15:11.281+0000] {dag.py:3834} INFO - Setting next_dagrun for example_task_group_decorator to 2024-03-13 00:00:00+00:00, run_after=2024-03-14 00:00:00+00:00
[2024-03-14T11:15:11.289+0000] {processor.py:183} INFO - Processing /home/airflow/.local/lib/python3.8/site-packages/airflow/example_dags/example_task_group_decorator.py took 0.054 seconds
[2024-03-14T11:15:41.647+0000] {processor.py:161} INFO - Started process (PID=2210) to work on /home/airflow/.local/lib/python3.8/site-packages/airflow/example_dags/example_task_group_decorator.py
[2024-03-14T11:15:41.648+0000] {processor.py:830} INFO - Processing file /home/airflow/.local/lib/python3.8/site-packages/airflow/example_dags/example_task_group_decorator.py for tasks to queue
[2024-03-14T11:15:41.650+0000] {logging_mixin.py:188} INFO - [2024-03-14T11:15:41.650+0000] {dagbag.py:540} INFO - Filling up the DagBag from /home/airflow/.local/lib/python3.8/site-packages/airflow/example_dags/example_task_group_decorator.py
[2024-03-14T11:15:41.663+0000] {processor.py:840} INFO - DAG(s) 'example_task_group_decorator' retrieved from /home/airflow/.local/lib/python3.8/site-packages/airflow/example_dags/example_task_group_decorator.py
[2024-03-14T11:15:41.677+0000] {logging_mixin.py:188} INFO - [2024-03-14T11:15:41.677+0000] {dag.py:3047} INFO - Sync 1 DAGs
[2024-03-14T11:15:41.689+0000] {logging_mixin.py:188} INFO - [2024-03-14T11:15:41.688+0000] {dag.py:3834} INFO - Setting next_dagrun for example_task_group_decorator to 2024-03-13 00:00:00+00:00, run_after=2024-03-14 00:00:00+00:00
[2024-03-14T11:15:41.696+0000] {processor.py:183} INFO - Processing /home/airflow/.local/lib/python3.8/site-packages/airflow/example_dags/example_task_group_decorator.py took 0.053 seconds
[2024-03-14T11:16:12.057+0000] {processor.py:161} INFO - Started process (PID=2264) to work on /home/airflow/.local/lib/python3.8/site-packages/airflow/example_dags/example_task_group_decorator.py
[2024-03-14T11:16:12.060+0000] {processor.py:830} INFO - Processing file /home/airflow/.local/lib/python3.8/site-packages/airflow/example_dags/example_task_group_decorator.py for tasks to queue
[2024-03-14T11:16:12.061+0000] {logging_mixin.py:188} INFO - [2024-03-14T11:16:12.061+0000] {dagbag.py:540} INFO - Filling up the DagBag from /home/airflow/.local/lib/python3.8/site-packages/airflow/example_dags/example_task_group_decorator.py
[2024-03-14T11:16:12.074+0000] {processor.py:840} INFO - DAG(s) 'example_task_group_decorator' retrieved from /home/airflow/.local/lib/python3.8/site-packages/airflow/example_dags/example_task_group_decorator.py
[2024-03-14T11:16:12.089+0000] {logging_mixin.py:188} INFO - [2024-03-14T11:16:12.089+0000] {dag.py:3047} INFO - Sync 1 DAGs
[2024-03-14T11:16:12.100+0000] {logging_mixin.py:188} INFO - [2024-03-14T11:16:12.100+0000] {dag.py:3834} INFO - Setting next_dagrun for example_task_group_decorator to 2024-03-13 00:00:00+00:00, run_after=2024-03-14 00:00:00+00:00
[2024-03-14T11:16:12.108+0000] {processor.py:183} INFO - Processing /home/airflow/.local/lib/python3.8/site-packages/airflow/example_dags/example_task_group_decorator.py took 0.055 seconds
[2024-03-14T11:16:42.483+0000] {processor.py:161} INFO - Started process (PID=2319) to work on /home/airflow/.local/lib/python3.8/site-packages/airflow/example_dags/example_task_group_decorator.py
[2024-03-14T11:16:42.483+0000] {processor.py:830} INFO - Processing file /home/airflow/.local/lib/python3.8/site-packages/airflow/example_dags/example_task_group_decorator.py for tasks to queue
[2024-03-14T11:16:42.484+0000] {logging_mixin.py:188} INFO - [2024-03-14T11:16:42.484+0000] {dagbag.py:540} INFO - Filling up the DagBag from /home/airflow/.local/lib/python3.8/site-packages/airflow/example_dags/example_task_group_decorator.py
[2024-03-14T11:16:42.491+0000] {processor.py:840} INFO - DAG(s) 'example_task_group_decorator' retrieved from /home/airflow/.local/lib/python3.8/site-packages/airflow/example_dags/example_task_group_decorator.py
[2024-03-14T11:16:42.501+0000] {logging_mixin.py:188} INFO - [2024-03-14T11:16:42.501+0000] {dag.py:3047} INFO - Sync 1 DAGs
[2024-03-14T11:16:42.509+0000] {logging_mixin.py:188} INFO - [2024-03-14T11:16:42.509+0000] {dag.py:3834} INFO - Setting next_dagrun for example_task_group_decorator to 2024-03-13 00:00:00+00:00, run_after=2024-03-14 00:00:00+00:00
[2024-03-14T11:16:42.516+0000] {processor.py:183} INFO - Processing /home/airflow/.local/lib/python3.8/site-packages/airflow/example_dags/example_task_group_decorator.py took 0.035 seconds
[2024-03-14T11:17:13.047+0000] {processor.py:161} INFO - Started process (PID=2374) to work on /home/airflow/.local/lib/python3.8/site-packages/airflow/example_dags/example_task_group_decorator.py
[2024-03-14T11:17:13.049+0000] {processor.py:830} INFO - Processing file /home/airflow/.local/lib/python3.8/site-packages/airflow/example_dags/example_task_group_decorator.py for tasks to queue
[2024-03-14T11:17:13.050+0000] {logging_mixin.py:188} INFO - [2024-03-14T11:17:13.050+0000] {dagbag.py:540} INFO - Filling up the DagBag from /home/airflow/.local/lib/python3.8/site-packages/airflow/example_dags/example_task_group_decorator.py
[2024-03-14T11:17:13.064+0000] {processor.py:840} INFO - DAG(s) 'example_task_group_decorator' retrieved from /home/airflow/.local/lib/python3.8/site-packages/airflow/example_dags/example_task_group_decorator.py
[2024-03-14T11:17:13.079+0000] {logging_mixin.py:188} INFO - [2024-03-14T11:17:13.079+0000] {dag.py:3047} INFO - Sync 1 DAGs
[2024-03-14T11:17:13.090+0000] {logging_mixin.py:188} INFO - [2024-03-14T11:17:13.090+0000] {dag.py:3834} INFO - Setting next_dagrun for example_task_group_decorator to 2024-03-13 00:00:00+00:00, run_after=2024-03-14 00:00:00+00:00
[2024-03-14T11:17:13.098+0000] {processor.py:183} INFO - Processing /home/airflow/.local/lib/python3.8/site-packages/airflow/example_dags/example_task_group_decorator.py took 0.055 seconds
[2024-03-14T11:17:43.438+0000] {processor.py:161} INFO - Started process (PID=2429) to work on /home/airflow/.local/lib/python3.8/site-packages/airflow/example_dags/example_task_group_decorator.py
[2024-03-14T11:17:43.439+0000] {processor.py:830} INFO - Processing file /home/airflow/.local/lib/python3.8/site-packages/airflow/example_dags/example_task_group_decorator.py for tasks to queue
[2024-03-14T11:17:43.441+0000] {logging_mixin.py:188} INFO - [2024-03-14T11:17:43.441+0000] {dagbag.py:540} INFO - Filling up the DagBag from /home/airflow/.local/lib/python3.8/site-packages/airflow/example_dags/example_task_group_decorator.py
[2024-03-14T11:17:43.454+0000] {processor.py:840} INFO - DAG(s) 'example_task_group_decorator' retrieved from /home/airflow/.local/lib/python3.8/site-packages/airflow/example_dags/example_task_group_decorator.py
[2024-03-14T11:17:43.469+0000] {logging_mixin.py:188} INFO - [2024-03-14T11:17:43.469+0000] {dag.py:3047} INFO - Sync 1 DAGs
[2024-03-14T11:17:43.480+0000] {logging_mixin.py:188} INFO - [2024-03-14T11:17:43.480+0000] {dag.py:3834} INFO - Setting next_dagrun for example_task_group_decorator to 2024-03-13 00:00:00+00:00, run_after=2024-03-14 00:00:00+00:00
[2024-03-14T11:17:43.488+0000] {processor.py:183} INFO - Processing /home/airflow/.local/lib/python3.8/site-packages/airflow/example_dags/example_task_group_decorator.py took 0.053 seconds
[2024-03-14T11:18:13.929+0000] {processor.py:161} INFO - Started process (PID=2483) to work on /home/airflow/.local/lib/python3.8/site-packages/airflow/example_dags/example_task_group_decorator.py
[2024-03-14T11:18:13.931+0000] {processor.py:830} INFO - Processing file /home/airflow/.local/lib/python3.8/site-packages/airflow/example_dags/example_task_group_decorator.py for tasks to queue
[2024-03-14T11:18:13.933+0000] {logging_mixin.py:188} INFO - [2024-03-14T11:18:13.933+0000] {dagbag.py:540} INFO - Filling up the DagBag from /home/airflow/.local/lib/python3.8/site-packages/airflow/example_dags/example_task_group_decorator.py
[2024-03-14T11:18:13.946+0000] {processor.py:840} INFO - DAG(s) 'example_task_group_decorator' retrieved from /home/airflow/.local/lib/python3.8/site-packages/airflow/example_dags/example_task_group_decorator.py
[2024-03-14T11:18:13.961+0000] {logging_mixin.py:188} INFO - [2024-03-14T11:18:13.961+0000] {dag.py:3047} INFO - Sync 1 DAGs
[2024-03-14T11:18:13.972+0000] {logging_mixin.py:188} INFO - [2024-03-14T11:18:13.972+0000] {dag.py:3834} INFO - Setting next_dagrun for example_task_group_decorator to 2024-03-13 00:00:00+00:00, run_after=2024-03-14 00:00:00+00:00
[2024-03-14T11:18:13.981+0000] {processor.py:183} INFO - Processing /home/airflow/.local/lib/python3.8/site-packages/airflow/example_dags/example_task_group_decorator.py took 0.056 seconds
[2024-03-14T11:18:44.349+0000] {processor.py:161} INFO - Started process (PID=2538) to work on /home/airflow/.local/lib/python3.8/site-packages/airflow/example_dags/example_task_group_decorator.py
[2024-03-14T11:18:44.350+0000] {processor.py:830} INFO - Processing file /home/airflow/.local/lib/python3.8/site-packages/airflow/example_dags/example_task_group_decorator.py for tasks to queue
[2024-03-14T11:18:44.352+0000] {logging_mixin.py:188} INFO - [2024-03-14T11:18:44.352+0000] {dagbag.py:540} INFO - Filling up the DagBag from /home/airflow/.local/lib/python3.8/site-packages/airflow/example_dags/example_task_group_decorator.py
[2024-03-14T11:18:44.366+0000] {processor.py:840} INFO - DAG(s) 'example_task_group_decorator' retrieved from /home/airflow/.local/lib/python3.8/site-packages/airflow/example_dags/example_task_group_decorator.py
[2024-03-14T11:18:44.382+0000] {logging_mixin.py:188} INFO - [2024-03-14T11:18:44.382+0000] {dag.py:3047} INFO - Sync 1 DAGs
[2024-03-14T11:18:44.393+0000] {logging_mixin.py:188} INFO - [2024-03-14T11:18:44.393+0000] {dag.py:3834} INFO - Setting next_dagrun for example_task_group_decorator to 2024-03-13 00:00:00+00:00, run_after=2024-03-14 00:00:00+00:00
[2024-03-14T11:18:44.401+0000] {processor.py:183} INFO - Processing /home/airflow/.local/lib/python3.8/site-packages/airflow/example_dags/example_task_group_decorator.py took 0.057 seconds
[2024-03-14T11:19:14.725+0000] {processor.py:161} INFO - Started process (PID=2593) to work on /home/airflow/.local/lib/python3.8/site-packages/airflow/example_dags/example_task_group_decorator.py
[2024-03-14T11:19:14.727+0000] {processor.py:830} INFO - Processing file /home/airflow/.local/lib/python3.8/site-packages/airflow/example_dags/example_task_group_decorator.py for tasks to queue
[2024-03-14T11:19:14.729+0000] {logging_mixin.py:188} INFO - [2024-03-14T11:19:14.728+0000] {dagbag.py:540} INFO - Filling up the DagBag from /home/airflow/.local/lib/python3.8/site-packages/airflow/example_dags/example_task_group_decorator.py
[2024-03-14T11:19:14.741+0000] {processor.py:840} INFO - DAG(s) 'example_task_group_decorator' retrieved from /home/airflow/.local/lib/python3.8/site-packages/airflow/example_dags/example_task_group_decorator.py
[2024-03-14T11:19:14.755+0000] {logging_mixin.py:188} INFO - [2024-03-14T11:19:14.755+0000] {dag.py:3047} INFO - Sync 1 DAGs
[2024-03-14T11:19:14.766+0000] {logging_mixin.py:188} INFO - [2024-03-14T11:19:14.766+0000] {dag.py:3834} INFO - Setting next_dagrun for example_task_group_decorator to 2024-03-13 00:00:00+00:00, run_after=2024-03-14 00:00:00+00:00
[2024-03-14T11:19:14.775+0000] {processor.py:183} INFO - Processing /home/airflow/.local/lib/python3.8/site-packages/airflow/example_dags/example_task_group_decorator.py took 0.053 seconds
[2024-03-14T11:19:45.148+0000] {processor.py:161} INFO - Started process (PID=2648) to work on /home/airflow/.local/lib/python3.8/site-packages/airflow/example_dags/example_task_group_decorator.py
[2024-03-14T11:19:45.149+0000] {processor.py:830} INFO - Processing file /home/airflow/.local/lib/python3.8/site-packages/airflow/example_dags/example_task_group_decorator.py for tasks to queue
[2024-03-14T11:19:45.151+0000] {logging_mixin.py:188} INFO - [2024-03-14T11:19:45.151+0000] {dagbag.py:540} INFO - Filling up the DagBag from /home/airflow/.local/lib/python3.8/site-packages/airflow/example_dags/example_task_group_decorator.py
[2024-03-14T11:19:45.164+0000] {processor.py:840} INFO - DAG(s) 'example_task_group_decorator' retrieved from /home/airflow/.local/lib/python3.8/site-packages/airflow/example_dags/example_task_group_decorator.py
[2024-03-14T11:19:45.180+0000] {logging_mixin.py:188} INFO - [2024-03-14T11:19:45.180+0000] {dag.py:3047} INFO - Sync 1 DAGs
[2024-03-14T11:19:45.191+0000] {logging_mixin.py:188} INFO - [2024-03-14T11:19:45.191+0000] {dag.py:3834} INFO - Setting next_dagrun for example_task_group_decorator to 2024-03-13 00:00:00+00:00, run_after=2024-03-14 00:00:00+00:00
[2024-03-14T11:19:45.199+0000] {processor.py:183} INFO - Processing /home/airflow/.local/lib/python3.8/site-packages/airflow/example_dags/example_task_group_decorator.py took 0.055 seconds
[2024-03-14T11:20:15.567+0000] {processor.py:161} INFO - Started process (PID=2703) to work on /home/airflow/.local/lib/python3.8/site-packages/airflow/example_dags/example_task_group_decorator.py
[2024-03-14T11:20:15.569+0000] {processor.py:830} INFO - Processing file /home/airflow/.local/lib/python3.8/site-packages/airflow/example_dags/example_task_group_decorator.py for tasks to queue
[2024-03-14T11:20:15.571+0000] {logging_mixin.py:188} INFO - [2024-03-14T11:20:15.570+0000] {dagbag.py:540} INFO - Filling up the DagBag from /home/airflow/.local/lib/python3.8/site-packages/airflow/example_dags/example_task_group_decorator.py
[2024-03-14T11:20:15.584+0000] {processor.py:840} INFO - DAG(s) 'example_task_group_decorator' retrieved from /home/airflow/.local/lib/python3.8/site-packages/airflow/example_dags/example_task_group_decorator.py
[2024-03-14T11:20:15.600+0000] {logging_mixin.py:188} INFO - [2024-03-14T11:20:15.599+0000] {dag.py:3047} INFO - Sync 1 DAGs
[2024-03-14T11:20:15.611+0000] {logging_mixin.py:188} INFO - [2024-03-14T11:20:15.611+0000] {dag.py:3834} INFO - Setting next_dagrun for example_task_group_decorator to 2024-03-13 00:00:00+00:00, run_after=2024-03-14 00:00:00+00:00
[2024-03-14T11:20:15.619+0000] {processor.py:183} INFO - Processing /home/airflow/.local/lib/python3.8/site-packages/airflow/example_dags/example_task_group_decorator.py took 0.056 seconds
[2024-03-14T11:20:46.004+0000] {processor.py:161} INFO - Started process (PID=2758) to work on /home/airflow/.local/lib/python3.8/site-packages/airflow/example_dags/example_task_group_decorator.py
[2024-03-14T11:20:46.005+0000] {processor.py:830} INFO - Processing file /home/airflow/.local/lib/python3.8/site-packages/airflow/example_dags/example_task_group_decorator.py for tasks to queue
[2024-03-14T11:20:46.006+0000] {logging_mixin.py:188} INFO - [2024-03-14T11:20:46.006+0000] {dagbag.py:540} INFO - Filling up the DagBag from /home/airflow/.local/lib/python3.8/site-packages/airflow/example_dags/example_task_group_decorator.py
[2024-03-14T11:20:46.015+0000] {processor.py:840} INFO - DAG(s) 'example_task_group_decorator' retrieved from /home/airflow/.local/lib/python3.8/site-packages/airflow/example_dags/example_task_group_decorator.py
[2024-03-14T11:20:46.028+0000] {logging_mixin.py:188} INFO - [2024-03-14T11:20:46.028+0000] {dag.py:3047} INFO - Sync 1 DAGs
[2024-03-14T11:20:46.039+0000] {logging_mixin.py:188} INFO - [2024-03-14T11:20:46.039+0000] {dag.py:3834} INFO - Setting next_dagrun for example_task_group_decorator to 2024-03-13 00:00:00+00:00, run_after=2024-03-14 00:00:00+00:00
[2024-03-14T11:20:46.046+0000] {processor.py:183} INFO - Processing /home/airflow/.local/lib/python3.8/site-packages/airflow/example_dags/example_task_group_decorator.py took 0.045 seconds
[2024-03-14T11:21:16.571+0000] {processor.py:161} INFO - Started process (PID=2813) to work on /home/airflow/.local/lib/python3.8/site-packages/airflow/example_dags/example_task_group_decorator.py
[2024-03-14T11:21:16.572+0000] {processor.py:830} INFO - Processing file /home/airflow/.local/lib/python3.8/site-packages/airflow/example_dags/example_task_group_decorator.py for tasks to queue
[2024-03-14T11:21:16.574+0000] {logging_mixin.py:188} INFO - [2024-03-14T11:21:16.574+0000] {dagbag.py:540} INFO - Filling up the DagBag from /home/airflow/.local/lib/python3.8/site-packages/airflow/example_dags/example_task_group_decorator.py
[2024-03-14T11:21:16.587+0000] {processor.py:840} INFO - DAG(s) 'example_task_group_decorator' retrieved from /home/airflow/.local/lib/python3.8/site-packages/airflow/example_dags/example_task_group_decorator.py
[2024-03-14T11:21:16.602+0000] {logging_mixin.py:188} INFO - [2024-03-14T11:21:16.602+0000] {dag.py:3047} INFO - Sync 1 DAGs
[2024-03-14T11:21:16.613+0000] {logging_mixin.py:188} INFO - [2024-03-14T11:21:16.613+0000] {dag.py:3834} INFO - Setting next_dagrun for example_task_group_decorator to 2024-03-13 00:00:00+00:00, run_after=2024-03-14 00:00:00+00:00
[2024-03-14T11:21:16.621+0000] {processor.py:183} INFO - Processing /home/airflow/.local/lib/python3.8/site-packages/airflow/example_dags/example_task_group_decorator.py took 0.054 seconds
[2024-03-14T11:21:47.040+0000] {processor.py:161} INFO - Started process (PID=2868) to work on /home/airflow/.local/lib/python3.8/site-packages/airflow/example_dags/example_task_group_decorator.py
[2024-03-14T11:21:47.042+0000] {processor.py:830} INFO - Processing file /home/airflow/.local/lib/python3.8/site-packages/airflow/example_dags/example_task_group_decorator.py for tasks to queue
[2024-03-14T11:21:47.044+0000] {logging_mixin.py:188} INFO - [2024-03-14T11:21:47.044+0000] {dagbag.py:540} INFO - Filling up the DagBag from /home/airflow/.local/lib/python3.8/site-packages/airflow/example_dags/example_task_group_decorator.py
[2024-03-14T11:21:47.056+0000] {processor.py:840} INFO - DAG(s) 'example_task_group_decorator' retrieved from /home/airflow/.local/lib/python3.8/site-packages/airflow/example_dags/example_task_group_decorator.py
[2024-03-14T11:21:47.072+0000] {logging_mixin.py:188} INFO - [2024-03-14T11:21:47.071+0000] {dag.py:3047} INFO - Sync 1 DAGs
[2024-03-14T11:21:47.083+0000] {logging_mixin.py:188} INFO - [2024-03-14T11:21:47.083+0000] {dag.py:3834} INFO - Setting next_dagrun for example_task_group_decorator to 2024-03-13 00:00:00+00:00, run_after=2024-03-14 00:00:00+00:00
[2024-03-14T11:21:47.091+0000] {processor.py:183} INFO - Processing /home/airflow/.local/lib/python3.8/site-packages/airflow/example_dags/example_task_group_decorator.py took 0.055 seconds
[2024-03-14T11:22:17.499+0000] {processor.py:161} INFO - Started process (PID=2923) to work on /home/airflow/.local/lib/python3.8/site-packages/airflow/example_dags/example_task_group_decorator.py
[2024-03-14T11:22:17.501+0000] {processor.py:830} INFO - Processing file /home/airflow/.local/lib/python3.8/site-packages/airflow/example_dags/example_task_group_decorator.py for tasks to queue
[2024-03-14T11:22:17.503+0000] {logging_mixin.py:188} INFO - [2024-03-14T11:22:17.502+0000] {dagbag.py:540} INFO - Filling up the DagBag from /home/airflow/.local/lib/python3.8/site-packages/airflow/example_dags/example_task_group_decorator.py
[2024-03-14T11:22:17.515+0000] {processor.py:840} INFO - DAG(s) 'example_task_group_decorator' retrieved from /home/airflow/.local/lib/python3.8/site-packages/airflow/example_dags/example_task_group_decorator.py
[2024-03-14T11:22:17.529+0000] {logging_mixin.py:188} INFO - [2024-03-14T11:22:17.529+0000] {dag.py:3047} INFO - Sync 1 DAGs
[2024-03-14T11:22:17.540+0000] {logging_mixin.py:188} INFO - [2024-03-14T11:22:17.540+0000] {dag.py:3834} INFO - Setting next_dagrun for example_task_group_decorator to 2024-03-13 00:00:00+00:00, run_after=2024-03-14 00:00:00+00:00
[2024-03-14T11:22:17.548+0000] {processor.py:183} INFO - Processing /home/airflow/.local/lib/python3.8/site-packages/airflow/example_dags/example_task_group_decorator.py took 0.053 seconds
[2024-03-14T11:22:47.954+0000] {processor.py:161} INFO - Started process (PID=2978) to work on /home/airflow/.local/lib/python3.8/site-packages/airflow/example_dags/example_task_group_decorator.py
[2024-03-14T11:22:47.956+0000] {processor.py:830} INFO - Processing file /home/airflow/.local/lib/python3.8/site-packages/airflow/example_dags/example_task_group_decorator.py for tasks to queue
[2024-03-14T11:22:47.957+0000] {logging_mixin.py:188} INFO - [2024-03-14T11:22:47.957+0000] {dagbag.py:540} INFO - Filling up the DagBag from /home/airflow/.local/lib/python3.8/site-packages/airflow/example_dags/example_task_group_decorator.py
[2024-03-14T11:22:47.970+0000] {processor.py:840} INFO - DAG(s) 'example_task_group_decorator' retrieved from /home/airflow/.local/lib/python3.8/site-packages/airflow/example_dags/example_task_group_decorator.py
[2024-03-14T11:22:47.985+0000] {logging_mixin.py:188} INFO - [2024-03-14T11:22:47.985+0000] {dag.py:3047} INFO - Sync 1 DAGs
[2024-03-14T11:22:47.995+0000] {logging_mixin.py:188} INFO - [2024-03-14T11:22:47.995+0000] {dag.py:3834} INFO - Setting next_dagrun for example_task_group_decorator to 2024-03-13 00:00:00+00:00, run_after=2024-03-14 00:00:00+00:00
[2024-03-14T11:22:48.003+0000] {processor.py:183} INFO - Processing /home/airflow/.local/lib/python3.8/site-packages/airflow/example_dags/example_task_group_decorator.py took 0.053 seconds
[2024-03-14T11:23:18.388+0000] {processor.py:161} INFO - Started process (PID=3033) to work on /home/airflow/.local/lib/python3.8/site-packages/airflow/example_dags/example_task_group_decorator.py
[2024-03-14T11:23:18.390+0000] {processor.py:830} INFO - Processing file /home/airflow/.local/lib/python3.8/site-packages/airflow/example_dags/example_task_group_decorator.py for tasks to queue
[2024-03-14T11:23:18.392+0000] {logging_mixin.py:188} INFO - [2024-03-14T11:23:18.391+0000] {dagbag.py:540} INFO - Filling up the DagBag from /home/airflow/.local/lib/python3.8/site-packages/airflow/example_dags/example_task_group_decorator.py
[2024-03-14T11:23:18.404+0000] {processor.py:840} INFO - DAG(s) 'example_task_group_decorator' retrieved from /home/airflow/.local/lib/python3.8/site-packages/airflow/example_dags/example_task_group_decorator.py
[2024-03-14T11:23:18.419+0000] {logging_mixin.py:188} INFO - [2024-03-14T11:23:18.419+0000] {dag.py:3047} INFO - Sync 1 DAGs
[2024-03-14T11:23:18.430+0000] {logging_mixin.py:188} INFO - [2024-03-14T11:23:18.430+0000] {dag.py:3834} INFO - Setting next_dagrun for example_task_group_decorator to 2024-03-13 00:00:00+00:00, run_after=2024-03-14 00:00:00+00:00
[2024-03-14T11:23:18.438+0000] {processor.py:183} INFO - Processing /home/airflow/.local/lib/python3.8/site-packages/airflow/example_dags/example_task_group_decorator.py took 0.054 seconds
[2024-03-14T11:23:48.833+0000] {processor.py:161} INFO - Started process (PID=3088) to work on /home/airflow/.local/lib/python3.8/site-packages/airflow/example_dags/example_task_group_decorator.py
[2024-03-14T11:23:48.835+0000] {processor.py:830} INFO - Processing file /home/airflow/.local/lib/python3.8/site-packages/airflow/example_dags/example_task_group_decorator.py for tasks to queue
[2024-03-14T11:23:48.837+0000] {logging_mixin.py:188} INFO - [2024-03-14T11:23:48.836+0000] {dagbag.py:540} INFO - Filling up the DagBag from /home/airflow/.local/lib/python3.8/site-packages/airflow/example_dags/example_task_group_decorator.py
[2024-03-14T11:23:48.847+0000] {processor.py:840} INFO - DAG(s) 'example_task_group_decorator' retrieved from /home/airflow/.local/lib/python3.8/site-packages/airflow/example_dags/example_task_group_decorator.py
[2024-03-14T11:23:48.864+0000] {logging_mixin.py:188} INFO - [2024-03-14T11:23:48.864+0000] {dag.py:3047} INFO - Sync 1 DAGs
[2024-03-14T11:23:48.877+0000] {logging_mixin.py:188} INFO - [2024-03-14T11:23:48.877+0000] {dag.py:3834} INFO - Setting next_dagrun for example_task_group_decorator to 2024-03-13 00:00:00+00:00, run_after=2024-03-14 00:00:00+00:00
[2024-03-14T11:23:48.886+0000] {processor.py:183} INFO - Processing /home/airflow/.local/lib/python3.8/site-packages/airflow/example_dags/example_task_group_decorator.py took 0.056 seconds
[2024-03-14T11:24:19.204+0000] {processor.py:161} INFO - Started process (PID=3143) to work on /home/airflow/.local/lib/python3.8/site-packages/airflow/example_dags/example_task_group_decorator.py
[2024-03-14T11:24:19.205+0000] {processor.py:830} INFO - Processing file /home/airflow/.local/lib/python3.8/site-packages/airflow/example_dags/example_task_group_decorator.py for tasks to queue
[2024-03-14T11:24:19.207+0000] {logging_mixin.py:188} INFO - [2024-03-14T11:24:19.207+0000] {dagbag.py:540} INFO - Filling up the DagBag from /home/airflow/.local/lib/python3.8/site-packages/airflow/example_dags/example_task_group_decorator.py
[2024-03-14T11:24:19.219+0000] {processor.py:840} INFO - DAG(s) 'example_task_group_decorator' retrieved from /home/airflow/.local/lib/python3.8/site-packages/airflow/example_dags/example_task_group_decorator.py
[2024-03-14T11:24:19.234+0000] {logging_mixin.py:188} INFO - [2024-03-14T11:24:19.234+0000] {dag.py:3047} INFO - Sync 1 DAGs
[2024-03-14T11:24:19.245+0000] {logging_mixin.py:188} INFO - [2024-03-14T11:24:19.245+0000] {dag.py:3834} INFO - Setting next_dagrun for example_task_group_decorator to 2024-03-13 00:00:00+00:00, run_after=2024-03-14 00:00:00+00:00
[2024-03-14T11:24:19.253+0000] {processor.py:183} INFO - Processing /home/airflow/.local/lib/python3.8/site-packages/airflow/example_dags/example_task_group_decorator.py took 0.053 seconds
[2024-03-14T11:24:49.544+0000] {processor.py:161} INFO - Started process (PID=3198) to work on /home/airflow/.local/lib/python3.8/site-packages/airflow/example_dags/example_task_group_decorator.py
[2024-03-14T11:24:49.545+0000] {processor.py:830} INFO - Processing file /home/airflow/.local/lib/python3.8/site-packages/airflow/example_dags/example_task_group_decorator.py for tasks to queue
[2024-03-14T11:24:49.547+0000] {logging_mixin.py:188} INFO - [2024-03-14T11:24:49.546+0000] {dagbag.py:540} INFO - Filling up the DagBag from /home/airflow/.local/lib/python3.8/site-packages/airflow/example_dags/example_task_group_decorator.py
[2024-03-14T11:24:49.555+0000] {processor.py:840} INFO - DAG(s) 'example_task_group_decorator' retrieved from /home/airflow/.local/lib/python3.8/site-packages/airflow/example_dags/example_task_group_decorator.py
[2024-03-14T11:24:49.568+0000] {logging_mixin.py:188} INFO - [2024-03-14T11:24:49.568+0000] {dag.py:3047} INFO - Sync 1 DAGs
[2024-03-14T11:24:49.577+0000] {logging_mixin.py:188} INFO - [2024-03-14T11:24:49.577+0000] {dag.py:3834} INFO - Setting next_dagrun for example_task_group_decorator to 2024-03-13 00:00:00+00:00, run_after=2024-03-14 00:00:00+00:00
[2024-03-14T11:24:49.584+0000] {processor.py:183} INFO - Processing /home/airflow/.local/lib/python3.8/site-packages/airflow/example_dags/example_task_group_decorator.py took 0.042 seconds
[2024-03-14T11:25:20.001+0000] {processor.py:161} INFO - Started process (PID=3253) to work on /home/airflow/.local/lib/python3.8/site-packages/airflow/example_dags/example_task_group_decorator.py
[2024-03-14T11:25:20.003+0000] {processor.py:830} INFO - Processing file /home/airflow/.local/lib/python3.8/site-packages/airflow/example_dags/example_task_group_decorator.py for tasks to queue
[2024-03-14T11:25:20.005+0000] {logging_mixin.py:188} INFO - [2024-03-14T11:25:20.004+0000] {dagbag.py:540} INFO - Filling up the DagBag from /home/airflow/.local/lib/python3.8/site-packages/airflow/example_dags/example_task_group_decorator.py
[2024-03-14T11:25:20.017+0000] {processor.py:840} INFO - DAG(s) 'example_task_group_decorator' retrieved from /home/airflow/.local/lib/python3.8/site-packages/airflow/example_dags/example_task_group_decorator.py
[2024-03-14T11:25:20.037+0000] {logging_mixin.py:188} INFO - [2024-03-14T11:25:20.037+0000] {dag.py:3047} INFO - Sync 1 DAGs
[2024-03-14T11:25:20.049+0000] {logging_mixin.py:188} INFO - [2024-03-14T11:25:20.049+0000] {dag.py:3834} INFO - Setting next_dagrun for example_task_group_decorator to 2024-03-13 00:00:00+00:00, run_after=2024-03-14 00:00:00+00:00
[2024-03-14T11:25:20.057+0000] {processor.py:183} INFO - Processing /home/airflow/.local/lib/python3.8/site-packages/airflow/example_dags/example_task_group_decorator.py took 0.060 seconds
[2024-03-14T11:25:50.516+0000] {processor.py:161} INFO - Started process (PID=3314) to work on /home/airflow/.local/lib/python3.8/site-packages/airflow/example_dags/example_task_group_decorator.py
[2024-03-14T11:25:50.519+0000] {processor.py:830} INFO - Processing file /home/airflow/.local/lib/python3.8/site-packages/airflow/example_dags/example_task_group_decorator.py for tasks to queue
[2024-03-14T11:25:50.520+0000] {logging_mixin.py:188} INFO - [2024-03-14T11:25:50.520+0000] {dagbag.py:540} INFO - Filling up the DagBag from /home/airflow/.local/lib/python3.8/site-packages/airflow/example_dags/example_task_group_decorator.py
[2024-03-14T11:25:50.533+0000] {processor.py:840} INFO - DAG(s) 'example_task_group_decorator' retrieved from /home/airflow/.local/lib/python3.8/site-packages/airflow/example_dags/example_task_group_decorator.py
[2024-03-14T11:25:50.551+0000] {logging_mixin.py:188} INFO - [2024-03-14T11:25:50.551+0000] {dag.py:3047} INFO - Sync 1 DAGs
[2024-03-14T11:25:50.562+0000] {logging_mixin.py:188} INFO - [2024-03-14T11:25:50.562+0000] {dag.py:3834} INFO - Setting next_dagrun for example_task_group_decorator to 2024-03-13 00:00:00+00:00, run_after=2024-03-14 00:00:00+00:00
[2024-03-14T11:25:50.570+0000] {processor.py:183} INFO - Processing /home/airflow/.local/lib/python3.8/site-packages/airflow/example_dags/example_task_group_decorator.py took 0.057 seconds
[2024-03-14T11:26:20.958+0000] {processor.py:161} INFO - Started process (PID=3369) to work on /home/airflow/.local/lib/python3.8/site-packages/airflow/example_dags/example_task_group_decorator.py
[2024-03-14T11:26:20.959+0000] {processor.py:830} INFO - Processing file /home/airflow/.local/lib/python3.8/site-packages/airflow/example_dags/example_task_group_decorator.py for tasks to queue
[2024-03-14T11:26:20.961+0000] {logging_mixin.py:188} INFO - [2024-03-14T11:26:20.961+0000] {dagbag.py:540} INFO - Filling up the DagBag from /home/airflow/.local/lib/python3.8/site-packages/airflow/example_dags/example_task_group_decorator.py
[2024-03-14T11:26:20.973+0000] {processor.py:840} INFO - DAG(s) 'example_task_group_decorator' retrieved from /home/airflow/.local/lib/python3.8/site-packages/airflow/example_dags/example_task_group_decorator.py
[2024-03-14T11:26:20.986+0000] {logging_mixin.py:188} INFO - [2024-03-14T11:26:20.986+0000] {dag.py:3047} INFO - Sync 1 DAGs
[2024-03-14T11:26:20.997+0000] {logging_mixin.py:188} INFO - [2024-03-14T11:26:20.997+0000] {dag.py:3834} INFO - Setting next_dagrun for example_task_group_decorator to 2024-03-13 00:00:00+00:00, run_after=2024-03-14 00:00:00+00:00
[2024-03-14T11:26:21.005+0000] {processor.py:183} INFO - Processing /home/airflow/.local/lib/python3.8/site-packages/airflow/example_dags/example_task_group_decorator.py took 0.051 seconds
[2024-03-14T11:26:51.420+0000] {processor.py:161} INFO - Started process (PID=3424) to work on /home/airflow/.local/lib/python3.8/site-packages/airflow/example_dags/example_task_group_decorator.py
[2024-03-14T11:26:51.422+0000] {processor.py:830} INFO - Processing file /home/airflow/.local/lib/python3.8/site-packages/airflow/example_dags/example_task_group_decorator.py for tasks to queue
[2024-03-14T11:26:51.424+0000] {logging_mixin.py:188} INFO - [2024-03-14T11:26:51.424+0000] {dagbag.py:540} INFO - Filling up the DagBag from /home/airflow/.local/lib/python3.8/site-packages/airflow/example_dags/example_task_group_decorator.py
[2024-03-14T11:26:51.437+0000] {processor.py:840} INFO - DAG(s) 'example_task_group_decorator' retrieved from /home/airflow/.local/lib/python3.8/site-packages/airflow/example_dags/example_task_group_decorator.py
[2024-03-14T11:26:51.452+0000] {logging_mixin.py:188} INFO - [2024-03-14T11:26:51.451+0000] {dag.py:3047} INFO - Sync 1 DAGs
[2024-03-14T11:26:51.463+0000] {logging_mixin.py:188} INFO - [2024-03-14T11:26:51.463+0000] {dag.py:3834} INFO - Setting next_dagrun for example_task_group_decorator to 2024-03-13 00:00:00+00:00, run_after=2024-03-14 00:00:00+00:00
[2024-03-14T11:26:51.472+0000] {processor.py:183} INFO - Processing /home/airflow/.local/lib/python3.8/site-packages/airflow/example_dags/example_task_group_decorator.py took 0.055 seconds
[2024-03-14T11:27:21.947+0000] {processor.py:161} INFO - Started process (PID=3478) to work on /home/airflow/.local/lib/python3.8/site-packages/airflow/example_dags/example_task_group_decorator.py
[2024-03-14T11:27:21.951+0000] {processor.py:830} INFO - Processing file /home/airflow/.local/lib/python3.8/site-packages/airflow/example_dags/example_task_group_decorator.py for tasks to queue
[2024-03-14T11:27:21.952+0000] {logging_mixin.py:188} INFO - [2024-03-14T11:27:21.952+0000] {dagbag.py:540} INFO - Filling up the DagBag from /home/airflow/.local/lib/python3.8/site-packages/airflow/example_dags/example_task_group_decorator.py
[2024-03-14T11:27:21.965+0000] {processor.py:840} INFO - DAG(s) 'example_task_group_decorator' retrieved from /home/airflow/.local/lib/python3.8/site-packages/airflow/example_dags/example_task_group_decorator.py
[2024-03-14T11:27:21.979+0000] {logging_mixin.py:188} INFO - [2024-03-14T11:27:21.979+0000] {dag.py:3047} INFO - Sync 1 DAGs
[2024-03-14T11:27:21.990+0000] {logging_mixin.py:188} INFO - [2024-03-14T11:27:21.990+0000] {dag.py:3834} INFO - Setting next_dagrun for example_task_group_decorator to 2024-03-13 00:00:00+00:00, run_after=2024-03-14 00:00:00+00:00
[2024-03-14T11:27:22.000+0000] {processor.py:183} INFO - Processing /home/airflow/.local/lib/python3.8/site-packages/airflow/example_dags/example_task_group_decorator.py took 0.056 seconds
[2024-03-14T11:27:52.621+0000] {processor.py:161} INFO - Started process (PID=3533) to work on /home/airflow/.local/lib/python3.8/site-packages/airflow/example_dags/example_task_group_decorator.py
[2024-03-14T11:27:52.623+0000] {processor.py:830} INFO - Processing file /home/airflow/.local/lib/python3.8/site-packages/airflow/example_dags/example_task_group_decorator.py for tasks to queue
[2024-03-14T11:27:52.625+0000] {logging_mixin.py:188} INFO - [2024-03-14T11:27:52.624+0000] {dagbag.py:540} INFO - Filling up the DagBag from /home/airflow/.local/lib/python3.8/site-packages/airflow/example_dags/example_task_group_decorator.py
[2024-03-14T11:27:52.637+0000] {processor.py:840} INFO - DAG(s) 'example_task_group_decorator' retrieved from /home/airflow/.local/lib/python3.8/site-packages/airflow/example_dags/example_task_group_decorator.py
[2024-03-14T11:27:52.654+0000] {logging_mixin.py:188} INFO - [2024-03-14T11:27:52.654+0000] {dag.py:3047} INFO - Sync 1 DAGs
[2024-03-14T11:27:52.667+0000] {logging_mixin.py:188} INFO - [2024-03-14T11:27:52.667+0000] {dag.py:3834} INFO - Setting next_dagrun for example_task_group_decorator to 2024-03-13 00:00:00+00:00, run_after=2024-03-14 00:00:00+00:00
[2024-03-14T11:27:52.683+0000] {processor.py:183} INFO - Processing /home/airflow/.local/lib/python3.8/site-packages/airflow/example_dags/example_task_group_decorator.py took 0.065 seconds
[2024-03-14T11:28:23.063+0000] {processor.py:161} INFO - Started process (PID=3588) to work on /home/airflow/.local/lib/python3.8/site-packages/airflow/example_dags/example_task_group_decorator.py
[2024-03-14T11:28:23.063+0000] {processor.py:830} INFO - Processing file /home/airflow/.local/lib/python3.8/site-packages/airflow/example_dags/example_task_group_decorator.py for tasks to queue
[2024-03-14T11:28:23.064+0000] {logging_mixin.py:188} INFO - [2024-03-14T11:28:23.064+0000] {dagbag.py:540} INFO - Filling up the DagBag from /home/airflow/.local/lib/python3.8/site-packages/airflow/example_dags/example_task_group_decorator.py
[2024-03-14T11:28:23.070+0000] {processor.py:840} INFO - DAG(s) 'example_task_group_decorator' retrieved from /home/airflow/.local/lib/python3.8/site-packages/airflow/example_dags/example_task_group_decorator.py
[2024-03-14T11:28:23.081+0000] {logging_mixin.py:188} INFO - [2024-03-14T11:28:23.081+0000] {dag.py:3047} INFO - Sync 1 DAGs
[2024-03-14T11:28:23.090+0000] {logging_mixin.py:188} INFO - [2024-03-14T11:28:23.090+0000] {dag.py:3834} INFO - Setting next_dagrun for example_task_group_decorator to 2024-03-13 00:00:00+00:00, run_after=2024-03-14 00:00:00+00:00
[2024-03-14T11:28:23.097+0000] {processor.py:183} INFO - Processing /home/airflow/.local/lib/python3.8/site-packages/airflow/example_dags/example_task_group_decorator.py took 0.036 seconds
