[2024-03-14T10:55:55.237+0000] {processor.py:161} INFO - Started process (PID=67) to work on /home/airflow/.local/lib/python3.8/site-packages/airflow/example_dags/example_latest_only_with_trigger.py
[2024-03-14T10:55:55.238+0000] {processor.py:830} INFO - Processing file /home/airflow/.local/lib/python3.8/site-packages/airflow/example_dags/example_latest_only_with_trigger.py for tasks to queue
[2024-03-14T10:55:55.239+0000] {logging_mixin.py:188} INFO - [2024-03-14T10:55:55.239+0000] {dagbag.py:540} INFO - Filling up the DagBag from /home/airflow/.local/lib/python3.8/site-packages/airflow/example_dags/example_latest_only_with_trigger.py
[2024-03-14T10:55:55.243+0000] {processor.py:840} INFO - DAG(s) 'latest_only_with_trigger' retrieved from /home/airflow/.local/lib/python3.8/site-packages/airflow/example_dags/example_latest_only_with_trigger.py
[2024-03-14T10:55:55.253+0000] {logging_mixin.py:188} INFO - [2024-03-14T10:55:55.253+0000] {dag.py:3047} INFO - Sync 1 DAGs
[2024-03-14T10:55:55.271+0000] {logging_mixin.py:188} INFO - [2024-03-14T10:55:55.271+0000] {dag.py:3834} INFO - Setting next_dagrun for latest_only_with_trigger to 2024-03-14 04:00:00+00:00, run_after=2024-03-14 08:00:00+00:00
[2024-03-14T10:55:55.287+0000] {processor.py:183} INFO - Processing /home/airflow/.local/lib/python3.8/site-packages/airflow/example_dags/example_latest_only_with_trigger.py took 0.052 seconds
[2024-03-14T10:56:25.326+0000] {processor.py:161} INFO - Started process (PID=122) to work on /home/airflow/.local/lib/python3.8/site-packages/airflow/example_dags/example_latest_only_with_trigger.py
[2024-03-14T10:56:25.327+0000] {processor.py:830} INFO - Processing file /home/airflow/.local/lib/python3.8/site-packages/airflow/example_dags/example_latest_only_with_trigger.py for tasks to queue
[2024-03-14T10:56:25.327+0000] {logging_mixin.py:188} INFO - [2024-03-14T10:56:25.327+0000] {dagbag.py:540} INFO - Filling up the DagBag from /home/airflow/.local/lib/python3.8/site-packages/airflow/example_dags/example_latest_only_with_trigger.py
[2024-03-14T10:56:25.330+0000] {processor.py:840} INFO - DAG(s) 'latest_only_with_trigger' retrieved from /home/airflow/.local/lib/python3.8/site-packages/airflow/example_dags/example_latest_only_with_trigger.py
[2024-03-14T10:56:25.372+0000] {logging_mixin.py:188} INFO - [2024-03-14T10:56:25.371+0000] {dag.py:3047} INFO - Sync 1 DAGs
[2024-03-14T10:56:25.379+0000] {logging_mixin.py:188} INFO - [2024-03-14T10:56:25.379+0000] {dag.py:3834} INFO - Setting next_dagrun for latest_only_with_trigger to 2024-03-14 04:00:00+00:00, run_after=2024-03-14 08:00:00+00:00
[2024-03-14T10:56:25.387+0000] {processor.py:183} INFO - Processing /home/airflow/.local/lib/python3.8/site-packages/airflow/example_dags/example_latest_only_with_trigger.py took 0.062 seconds
[2024-03-14T10:56:55.418+0000] {processor.py:161} INFO - Started process (PID=177) to work on /home/airflow/.local/lib/python3.8/site-packages/airflow/example_dags/example_latest_only_with_trigger.py
[2024-03-14T10:56:55.418+0000] {processor.py:830} INFO - Processing file /home/airflow/.local/lib/python3.8/site-packages/airflow/example_dags/example_latest_only_with_trigger.py for tasks to queue
[2024-03-14T10:56:55.419+0000] {logging_mixin.py:188} INFO - [2024-03-14T10:56:55.419+0000] {dagbag.py:540} INFO - Filling up the DagBag from /home/airflow/.local/lib/python3.8/site-packages/airflow/example_dags/example_latest_only_with_trigger.py
[2024-03-14T10:56:55.422+0000] {processor.py:840} INFO - DAG(s) 'latest_only_with_trigger' retrieved from /home/airflow/.local/lib/python3.8/site-packages/airflow/example_dags/example_latest_only_with_trigger.py
[2024-03-14T10:56:55.431+0000] {logging_mixin.py:188} INFO - [2024-03-14T10:56:55.431+0000] {dag.py:3047} INFO - Sync 1 DAGs
[2024-03-14T10:56:55.440+0000] {logging_mixin.py:188} INFO - [2024-03-14T10:56:55.439+0000] {dag.py:3834} INFO - Setting next_dagrun for latest_only_with_trigger to 2024-03-14 04:00:00+00:00, run_after=2024-03-14 08:00:00+00:00
[2024-03-14T10:56:55.447+0000] {processor.py:183} INFO - Processing /home/airflow/.local/lib/python3.8/site-packages/airflow/example_dags/example_latest_only_with_trigger.py took 0.031 seconds
[2024-03-14T10:57:25.747+0000] {processor.py:161} INFO - Started process (PID=231) to work on /home/airflow/.local/lib/python3.8/site-packages/airflow/example_dags/example_latest_only_with_trigger.py
[2024-03-14T10:57:25.747+0000] {processor.py:830} INFO - Processing file /home/airflow/.local/lib/python3.8/site-packages/airflow/example_dags/example_latest_only_with_trigger.py for tasks to queue
[2024-03-14T10:57:25.748+0000] {logging_mixin.py:188} INFO - [2024-03-14T10:57:25.748+0000] {dagbag.py:540} INFO - Filling up the DagBag from /home/airflow/.local/lib/python3.8/site-packages/airflow/example_dags/example_latest_only_with_trigger.py
[2024-03-14T10:57:25.751+0000] {processor.py:840} INFO - DAG(s) 'latest_only_with_trigger' retrieved from /home/airflow/.local/lib/python3.8/site-packages/airflow/example_dags/example_latest_only_with_trigger.py
[2024-03-14T10:57:25.760+0000] {logging_mixin.py:188} INFO - [2024-03-14T10:57:25.760+0000] {dag.py:3047} INFO - Sync 1 DAGs
[2024-03-14T10:57:25.769+0000] {logging_mixin.py:188} INFO - [2024-03-14T10:57:25.769+0000] {dag.py:3834} INFO - Setting next_dagrun for latest_only_with_trigger to 2024-03-14 04:00:00+00:00, run_after=2024-03-14 08:00:00+00:00
[2024-03-14T10:57:25.777+0000] {processor.py:183} INFO - Processing /home/airflow/.local/lib/python3.8/site-packages/airflow/example_dags/example_latest_only_with_trigger.py took 0.031 seconds
[2024-03-14T10:57:56.159+0000] {processor.py:161} INFO - Started process (PID=286) to work on /home/airflow/.local/lib/python3.8/site-packages/airflow/example_dags/example_latest_only_with_trigger.py
[2024-03-14T10:57:56.160+0000] {processor.py:830} INFO - Processing file /home/airflow/.local/lib/python3.8/site-packages/airflow/example_dags/example_latest_only_with_trigger.py for tasks to queue
[2024-03-14T10:57:56.161+0000] {logging_mixin.py:188} INFO - [2024-03-14T10:57:56.161+0000] {dagbag.py:540} INFO - Filling up the DagBag from /home/airflow/.local/lib/python3.8/site-packages/airflow/example_dags/example_latest_only_with_trigger.py
[2024-03-14T10:57:56.163+0000] {processor.py:840} INFO - DAG(s) 'latest_only_with_trigger' retrieved from /home/airflow/.local/lib/python3.8/site-packages/airflow/example_dags/example_latest_only_with_trigger.py
[2024-03-14T10:57:56.172+0000] {logging_mixin.py:188} INFO - [2024-03-14T10:57:56.172+0000] {dag.py:3047} INFO - Sync 1 DAGs
[2024-03-14T10:57:56.181+0000] {logging_mixin.py:188} INFO - [2024-03-14T10:57:56.181+0000] {dag.py:3834} INFO - Setting next_dagrun for latest_only_with_trigger to 2024-03-14 04:00:00+00:00, run_after=2024-03-14 08:00:00+00:00
[2024-03-14T10:57:56.189+0000] {processor.py:183} INFO - Processing /home/airflow/.local/lib/python3.8/site-packages/airflow/example_dags/example_latest_only_with_trigger.py took 0.031 seconds
[2024-03-14T10:58:26.483+0000] {processor.py:161} INFO - Started process (PID=341) to work on /home/airflow/.local/lib/python3.8/site-packages/airflow/example_dags/example_latest_only_with_trigger.py
[2024-03-14T10:58:26.484+0000] {processor.py:830} INFO - Processing file /home/airflow/.local/lib/python3.8/site-packages/airflow/example_dags/example_latest_only_with_trigger.py for tasks to queue
[2024-03-14T10:58:26.485+0000] {logging_mixin.py:188} INFO - [2024-03-14T10:58:26.484+0000] {dagbag.py:540} INFO - Filling up the DagBag from /home/airflow/.local/lib/python3.8/site-packages/airflow/example_dags/example_latest_only_with_trigger.py
[2024-03-14T10:58:26.487+0000] {processor.py:840} INFO - DAG(s) 'latest_only_with_trigger' retrieved from /home/airflow/.local/lib/python3.8/site-packages/airflow/example_dags/example_latest_only_with_trigger.py
[2024-03-14T10:58:26.496+0000] {logging_mixin.py:188} INFO - [2024-03-14T10:58:26.496+0000] {dag.py:3047} INFO - Sync 1 DAGs
[2024-03-14T10:58:26.505+0000] {logging_mixin.py:188} INFO - [2024-03-14T10:58:26.505+0000] {dag.py:3834} INFO - Setting next_dagrun for latest_only_with_trigger to 2024-03-14 04:00:00+00:00, run_after=2024-03-14 08:00:00+00:00
[2024-03-14T10:58:26.512+0000] {processor.py:183} INFO - Processing /home/airflow/.local/lib/python3.8/site-packages/airflow/example_dags/example_latest_only_with_trigger.py took 0.030 seconds
[2024-03-14T10:58:56.903+0000] {processor.py:161} INFO - Started process (PID=396) to work on /home/airflow/.local/lib/python3.8/site-packages/airflow/example_dags/example_latest_only_with_trigger.py
[2024-03-14T10:58:56.904+0000] {processor.py:830} INFO - Processing file /home/airflow/.local/lib/python3.8/site-packages/airflow/example_dags/example_latest_only_with_trigger.py for tasks to queue
[2024-03-14T10:58:56.905+0000] {logging_mixin.py:188} INFO - [2024-03-14T10:58:56.905+0000] {dagbag.py:540} INFO - Filling up the DagBag from /home/airflow/.local/lib/python3.8/site-packages/airflow/example_dags/example_latest_only_with_trigger.py
[2024-03-14T10:58:56.907+0000] {processor.py:840} INFO - DAG(s) 'latest_only_with_trigger' retrieved from /home/airflow/.local/lib/python3.8/site-packages/airflow/example_dags/example_latest_only_with_trigger.py
[2024-03-14T10:58:56.917+0000] {logging_mixin.py:188} INFO - [2024-03-14T10:58:56.916+0000] {dag.py:3047} INFO - Sync 1 DAGs
[2024-03-14T10:58:56.925+0000] {logging_mixin.py:188} INFO - [2024-03-14T10:58:56.925+0000] {dag.py:3834} INFO - Setting next_dagrun for latest_only_with_trigger to 2024-03-14 04:00:00+00:00, run_after=2024-03-14 08:00:00+00:00
[2024-03-14T10:58:56.932+0000] {processor.py:183} INFO - Processing /home/airflow/.local/lib/python3.8/site-packages/airflow/example_dags/example_latest_only_with_trigger.py took 0.031 seconds
[2024-03-14T10:59:27.253+0000] {processor.py:161} INFO - Started process (PID=451) to work on /home/airflow/.local/lib/python3.8/site-packages/airflow/example_dags/example_latest_only_with_trigger.py
[2024-03-14T10:59:27.254+0000] {processor.py:830} INFO - Processing file /home/airflow/.local/lib/python3.8/site-packages/airflow/example_dags/example_latest_only_with_trigger.py for tasks to queue
[2024-03-14T10:59:27.255+0000] {logging_mixin.py:188} INFO - [2024-03-14T10:59:27.254+0000] {dagbag.py:540} INFO - Filling up the DagBag from /home/airflow/.local/lib/python3.8/site-packages/airflow/example_dags/example_latest_only_with_trigger.py
[2024-03-14T10:59:27.257+0000] {processor.py:840} INFO - DAG(s) 'latest_only_with_trigger' retrieved from /home/airflow/.local/lib/python3.8/site-packages/airflow/example_dags/example_latest_only_with_trigger.py
[2024-03-14T10:59:27.267+0000] {logging_mixin.py:188} INFO - [2024-03-14T10:59:27.267+0000] {dag.py:3047} INFO - Sync 1 DAGs
[2024-03-14T10:59:27.277+0000] {logging_mixin.py:188} INFO - [2024-03-14T10:59:27.277+0000] {dag.py:3834} INFO - Setting next_dagrun for latest_only_with_trigger to 2024-03-14 04:00:00+00:00, run_after=2024-03-14 08:00:00+00:00
[2024-03-14T10:59:27.284+0000] {processor.py:183} INFO - Processing /home/airflow/.local/lib/python3.8/site-packages/airflow/example_dags/example_latest_only_with_trigger.py took 0.032 seconds
[2024-03-14T10:59:57.645+0000] {processor.py:161} INFO - Started process (PID=506) to work on /home/airflow/.local/lib/python3.8/site-packages/airflow/example_dags/example_latest_only_with_trigger.py
[2024-03-14T10:59:57.646+0000] {processor.py:830} INFO - Processing file /home/airflow/.local/lib/python3.8/site-packages/airflow/example_dags/example_latest_only_with_trigger.py for tasks to queue
[2024-03-14T10:59:57.647+0000] {logging_mixin.py:188} INFO - [2024-03-14T10:59:57.647+0000] {dagbag.py:540} INFO - Filling up the DagBag from /home/airflow/.local/lib/python3.8/site-packages/airflow/example_dags/example_latest_only_with_trigger.py
[2024-03-14T10:59:57.650+0000] {processor.py:840} INFO - DAG(s) 'latest_only_with_trigger' retrieved from /home/airflow/.local/lib/python3.8/site-packages/airflow/example_dags/example_latest_only_with_trigger.py
[2024-03-14T10:59:57.658+0000] {logging_mixin.py:188} INFO - [2024-03-14T10:59:57.658+0000] {dag.py:3047} INFO - Sync 1 DAGs
[2024-03-14T10:59:57.668+0000] {logging_mixin.py:188} INFO - [2024-03-14T10:59:57.668+0000] {dag.py:3834} INFO - Setting next_dagrun for latest_only_with_trigger to 2024-03-14 04:00:00+00:00, run_after=2024-03-14 08:00:00+00:00
[2024-03-14T10:59:57.675+0000] {processor.py:183} INFO - Processing /home/airflow/.local/lib/python3.8/site-packages/airflow/example_dags/example_latest_only_with_trigger.py took 0.031 seconds
[2024-03-14T11:00:28.035+0000] {processor.py:161} INFO - Started process (PID=560) to work on /home/airflow/.local/lib/python3.8/site-packages/airflow/example_dags/example_latest_only_with_trigger.py
[2024-03-14T11:00:28.036+0000] {processor.py:830} INFO - Processing file /home/airflow/.local/lib/python3.8/site-packages/airflow/example_dags/example_latest_only_with_trigger.py for tasks to queue
[2024-03-14T11:00:28.036+0000] {logging_mixin.py:188} INFO - [2024-03-14T11:00:28.036+0000] {dagbag.py:540} INFO - Filling up the DagBag from /home/airflow/.local/lib/python3.8/site-packages/airflow/example_dags/example_latest_only_with_trigger.py
[2024-03-14T11:00:28.039+0000] {processor.py:840} INFO - DAG(s) 'latest_only_with_trigger' retrieved from /home/airflow/.local/lib/python3.8/site-packages/airflow/example_dags/example_latest_only_with_trigger.py
[2024-03-14T11:00:28.049+0000] {logging_mixin.py:188} INFO - [2024-03-14T11:00:28.048+0000] {dag.py:3047} INFO - Sync 1 DAGs
[2024-03-14T11:00:28.058+0000] {logging_mixin.py:188} INFO - [2024-03-14T11:00:28.058+0000] {dag.py:3834} INFO - Setting next_dagrun for latest_only_with_trigger to 2024-03-14 04:00:00+00:00, run_after=2024-03-14 08:00:00+00:00
[2024-03-14T11:00:28.065+0000] {processor.py:183} INFO - Processing /home/airflow/.local/lib/python3.8/site-packages/airflow/example_dags/example_latest_only_with_trigger.py took 0.031 seconds
[2024-03-14T11:00:58.497+0000] {processor.py:161} INFO - Started process (PID=615) to work on /home/airflow/.local/lib/python3.8/site-packages/airflow/example_dags/example_latest_only_with_trigger.py
[2024-03-14T11:00:58.497+0000] {processor.py:830} INFO - Processing file /home/airflow/.local/lib/python3.8/site-packages/airflow/example_dags/example_latest_only_with_trigger.py for tasks to queue
[2024-03-14T11:00:58.498+0000] {logging_mixin.py:188} INFO - [2024-03-14T11:00:58.498+0000] {dagbag.py:540} INFO - Filling up the DagBag from /home/airflow/.local/lib/python3.8/site-packages/airflow/example_dags/example_latest_only_with_trigger.py
[2024-03-14T11:00:58.501+0000] {processor.py:840} INFO - DAG(s) 'latest_only_with_trigger' retrieved from /home/airflow/.local/lib/python3.8/site-packages/airflow/example_dags/example_latest_only_with_trigger.py
[2024-03-14T11:00:58.510+0000] {logging_mixin.py:188} INFO - [2024-03-14T11:00:58.510+0000] {dag.py:3047} INFO - Sync 1 DAGs
[2024-03-14T11:00:58.520+0000] {logging_mixin.py:188} INFO - [2024-03-14T11:00:58.520+0000] {dag.py:3834} INFO - Setting next_dagrun for latest_only_with_trigger to 2024-03-14 04:00:00+00:00, run_after=2024-03-14 08:00:00+00:00
[2024-03-14T11:00:58.527+0000] {processor.py:183} INFO - Processing /home/airflow/.local/lib/python3.8/site-packages/airflow/example_dags/example_latest_only_with_trigger.py took 0.032 seconds
[2024-03-14T11:01:29.066+0000] {processor.py:161} INFO - Started process (PID=669) to work on /home/airflow/.local/lib/python3.8/site-packages/airflow/example_dags/example_latest_only_with_trigger.py
[2024-03-14T11:01:29.067+0000] {processor.py:830} INFO - Processing file /home/airflow/.local/lib/python3.8/site-packages/airflow/example_dags/example_latest_only_with_trigger.py for tasks to queue
[2024-03-14T11:01:29.068+0000] {logging_mixin.py:188} INFO - [2024-03-14T11:01:29.068+0000] {dagbag.py:540} INFO - Filling up the DagBag from /home/airflow/.local/lib/python3.8/site-packages/airflow/example_dags/example_latest_only_with_trigger.py
[2024-03-14T11:01:29.071+0000] {processor.py:840} INFO - DAG(s) 'latest_only_with_trigger' retrieved from /home/airflow/.local/lib/python3.8/site-packages/airflow/example_dags/example_latest_only_with_trigger.py
[2024-03-14T11:01:29.080+0000] {logging_mixin.py:188} INFO - [2024-03-14T11:01:29.080+0000] {dag.py:3047} INFO - Sync 1 DAGs
[2024-03-14T11:01:29.090+0000] {logging_mixin.py:188} INFO - [2024-03-14T11:01:29.090+0000] {dag.py:3834} INFO - Setting next_dagrun for latest_only_with_trigger to 2024-03-14 04:00:00+00:00, run_after=2024-03-14 08:00:00+00:00
[2024-03-14T11:01:29.097+0000] {processor.py:183} INFO - Processing /home/airflow/.local/lib/python3.8/site-packages/airflow/example_dags/example_latest_only_with_trigger.py took 0.032 seconds
[2024-03-14T11:01:59.578+0000] {processor.py:161} INFO - Started process (PID=724) to work on /home/airflow/.local/lib/python3.8/site-packages/airflow/example_dags/example_latest_only_with_trigger.py
[2024-03-14T11:01:59.578+0000] {processor.py:830} INFO - Processing file /home/airflow/.local/lib/python3.8/site-packages/airflow/example_dags/example_latest_only_with_trigger.py for tasks to queue
[2024-03-14T11:01:59.579+0000] {logging_mixin.py:188} INFO - [2024-03-14T11:01:59.579+0000] {dagbag.py:540} INFO - Filling up the DagBag from /home/airflow/.local/lib/python3.8/site-packages/airflow/example_dags/example_latest_only_with_trigger.py
[2024-03-14T11:01:59.582+0000] {processor.py:840} INFO - DAG(s) 'latest_only_with_trigger' retrieved from /home/airflow/.local/lib/python3.8/site-packages/airflow/example_dags/example_latest_only_with_trigger.py
[2024-03-14T11:01:59.593+0000] {logging_mixin.py:188} INFO - [2024-03-14T11:01:59.593+0000] {dag.py:3047} INFO - Sync 1 DAGs
[2024-03-14T11:01:59.603+0000] {logging_mixin.py:188} INFO - [2024-03-14T11:01:59.603+0000] {dag.py:3834} INFO - Setting next_dagrun for latest_only_with_trigger to 2024-03-14 04:00:00+00:00, run_after=2024-03-14 08:00:00+00:00
[2024-03-14T11:01:59.612+0000] {processor.py:183} INFO - Processing /home/airflow/.local/lib/python3.8/site-packages/airflow/example_dags/example_latest_only_with_trigger.py took 0.036 seconds
[2024-03-14T11:02:30.139+0000] {processor.py:161} INFO - Started process (PID=780) to work on /home/airflow/.local/lib/python3.8/site-packages/airflow/example_dags/example_latest_only_with_trigger.py
[2024-03-14T11:02:30.139+0000] {processor.py:830} INFO - Processing file /home/airflow/.local/lib/python3.8/site-packages/airflow/example_dags/example_latest_only_with_trigger.py for tasks to queue
[2024-03-14T11:02:30.140+0000] {logging_mixin.py:188} INFO - [2024-03-14T11:02:30.140+0000] {dagbag.py:540} INFO - Filling up the DagBag from /home/airflow/.local/lib/python3.8/site-packages/airflow/example_dags/example_latest_only_with_trigger.py
[2024-03-14T11:02:30.144+0000] {processor.py:840} INFO - DAG(s) 'latest_only_with_trigger' retrieved from /home/airflow/.local/lib/python3.8/site-packages/airflow/example_dags/example_latest_only_with_trigger.py
[2024-03-14T11:02:30.155+0000] {logging_mixin.py:188} INFO - [2024-03-14T11:02:30.155+0000] {dag.py:3047} INFO - Sync 1 DAGs
[2024-03-14T11:02:30.167+0000] {logging_mixin.py:188} INFO - [2024-03-14T11:02:30.166+0000] {dag.py:3834} INFO - Setting next_dagrun for latest_only_with_trigger to 2024-03-14 04:00:00+00:00, run_after=2024-03-14 08:00:00+00:00
[2024-03-14T11:02:30.177+0000] {processor.py:183} INFO - Processing /home/airflow/.local/lib/python3.8/site-packages/airflow/example_dags/example_latest_only_with_trigger.py took 0.041 seconds
[2024-03-14T11:03:00.546+0000] {processor.py:161} INFO - Started process (PID=835) to work on /home/airflow/.local/lib/python3.8/site-packages/airflow/example_dags/example_latest_only_with_trigger.py
[2024-03-14T11:03:00.546+0000] {processor.py:830} INFO - Processing file /home/airflow/.local/lib/python3.8/site-packages/airflow/example_dags/example_latest_only_with_trigger.py for tasks to queue
[2024-03-14T11:03:00.547+0000] {logging_mixin.py:188} INFO - [2024-03-14T11:03:00.547+0000] {dagbag.py:540} INFO - Filling up the DagBag from /home/airflow/.local/lib/python3.8/site-packages/airflow/example_dags/example_latest_only_with_trigger.py
[2024-03-14T11:03:00.549+0000] {processor.py:840} INFO - DAG(s) 'latest_only_with_trigger' retrieved from /home/airflow/.local/lib/python3.8/site-packages/airflow/example_dags/example_latest_only_with_trigger.py
[2024-03-14T11:03:00.559+0000] {logging_mixin.py:188} INFO - [2024-03-14T11:03:00.559+0000] {dag.py:3047} INFO - Sync 1 DAGs
[2024-03-14T11:03:00.568+0000] {logging_mixin.py:188} INFO - [2024-03-14T11:03:00.568+0000] {dag.py:3834} INFO - Setting next_dagrun for latest_only_with_trigger to 2024-03-14 04:00:00+00:00, run_after=2024-03-14 08:00:00+00:00
[2024-03-14T11:03:00.576+0000] {processor.py:183} INFO - Processing /home/airflow/.local/lib/python3.8/site-packages/airflow/example_dags/example_latest_only_with_trigger.py took 0.032 seconds
[2024-03-14T11:03:30.979+0000] {processor.py:161} INFO - Started process (PID=890) to work on /home/airflow/.local/lib/python3.8/site-packages/airflow/example_dags/example_latest_only_with_trigger.py
[2024-03-14T11:03:30.979+0000] {processor.py:830} INFO - Processing file /home/airflow/.local/lib/python3.8/site-packages/airflow/example_dags/example_latest_only_with_trigger.py for tasks to queue
[2024-03-14T11:03:30.981+0000] {logging_mixin.py:188} INFO - [2024-03-14T11:03:30.981+0000] {dagbag.py:540} INFO - Filling up the DagBag from /home/airflow/.local/lib/python3.8/site-packages/airflow/example_dags/example_latest_only_with_trigger.py
[2024-03-14T11:03:30.984+0000] {processor.py:840} INFO - DAG(s) 'latest_only_with_trigger' retrieved from /home/airflow/.local/lib/python3.8/site-packages/airflow/example_dags/example_latest_only_with_trigger.py
[2024-03-14T11:03:30.994+0000] {logging_mixin.py:188} INFO - [2024-03-14T11:03:30.994+0000] {dag.py:3047} INFO - Sync 1 DAGs
[2024-03-14T11:03:31.003+0000] {logging_mixin.py:188} INFO - [2024-03-14T11:03:31.003+0000] {dag.py:3834} INFO - Setting next_dagrun for latest_only_with_trigger to 2024-03-14 04:00:00+00:00, run_after=2024-03-14 08:00:00+00:00
[2024-03-14T11:03:31.010+0000] {processor.py:183} INFO - Processing /home/airflow/.local/lib/python3.8/site-packages/airflow/example_dags/example_latest_only_with_trigger.py took 0.033 seconds
[2024-03-14T11:04:01.390+0000] {processor.py:161} INFO - Started process (PID=945) to work on /home/airflow/.local/lib/python3.8/site-packages/airflow/example_dags/example_latest_only_with_trigger.py
[2024-03-14T11:04:01.391+0000] {processor.py:830} INFO - Processing file /home/airflow/.local/lib/python3.8/site-packages/airflow/example_dags/example_latest_only_with_trigger.py for tasks to queue
[2024-03-14T11:04:01.392+0000] {logging_mixin.py:188} INFO - [2024-03-14T11:04:01.392+0000] {dagbag.py:540} INFO - Filling up the DagBag from /home/airflow/.local/lib/python3.8/site-packages/airflow/example_dags/example_latest_only_with_trigger.py
[2024-03-14T11:04:01.395+0000] {processor.py:840} INFO - DAG(s) 'latest_only_with_trigger' retrieved from /home/airflow/.local/lib/python3.8/site-packages/airflow/example_dags/example_latest_only_with_trigger.py
[2024-03-14T11:04:01.404+0000] {logging_mixin.py:188} INFO - [2024-03-14T11:04:01.404+0000] {dag.py:3047} INFO - Sync 1 DAGs
[2024-03-14T11:04:01.413+0000] {logging_mixin.py:188} INFO - [2024-03-14T11:04:01.413+0000] {dag.py:3834} INFO - Setting next_dagrun for latest_only_with_trigger to 2024-03-14 04:00:00+00:00, run_after=2024-03-14 08:00:00+00:00
[2024-03-14T11:04:01.420+0000] {processor.py:183} INFO - Processing /home/airflow/.local/lib/python3.8/site-packages/airflow/example_dags/example_latest_only_with_trigger.py took 0.031 seconds
[2024-03-14T11:04:31.882+0000] {processor.py:161} INFO - Started process (PID=1000) to work on /home/airflow/.local/lib/python3.8/site-packages/airflow/example_dags/example_latest_only_with_trigger.py
[2024-03-14T11:04:31.882+0000] {processor.py:830} INFO - Processing file /home/airflow/.local/lib/python3.8/site-packages/airflow/example_dags/example_latest_only_with_trigger.py for tasks to queue
[2024-03-14T11:04:31.883+0000] {logging_mixin.py:188} INFO - [2024-03-14T11:04:31.883+0000] {dagbag.py:540} INFO - Filling up the DagBag from /home/airflow/.local/lib/python3.8/site-packages/airflow/example_dags/example_latest_only_with_trigger.py
[2024-03-14T11:04:31.885+0000] {processor.py:840} INFO - DAG(s) 'latest_only_with_trigger' retrieved from /home/airflow/.local/lib/python3.8/site-packages/airflow/example_dags/example_latest_only_with_trigger.py
[2024-03-14T11:04:31.895+0000] {logging_mixin.py:188} INFO - [2024-03-14T11:04:31.895+0000] {dag.py:3047} INFO - Sync 1 DAGs
[2024-03-14T11:04:31.904+0000] {logging_mixin.py:188} INFO - [2024-03-14T11:04:31.904+0000] {dag.py:3834} INFO - Setting next_dagrun for latest_only_with_trigger to 2024-03-14 04:00:00+00:00, run_after=2024-03-14 08:00:00+00:00
[2024-03-14T11:04:31.912+0000] {processor.py:183} INFO - Processing /home/airflow/.local/lib/python3.8/site-packages/airflow/example_dags/example_latest_only_with_trigger.py took 0.032 seconds
[2024-03-14T11:05:02.309+0000] {processor.py:161} INFO - Started process (PID=1055) to work on /home/airflow/.local/lib/python3.8/site-packages/airflow/example_dags/example_latest_only_with_trigger.py
[2024-03-14T11:05:02.309+0000] {processor.py:830} INFO - Processing file /home/airflow/.local/lib/python3.8/site-packages/airflow/example_dags/example_latest_only_with_trigger.py for tasks to queue
[2024-03-14T11:05:02.310+0000] {logging_mixin.py:188} INFO - [2024-03-14T11:05:02.310+0000] {dagbag.py:540} INFO - Filling up the DagBag from /home/airflow/.local/lib/python3.8/site-packages/airflow/example_dags/example_latest_only_with_trigger.py
[2024-03-14T11:05:02.313+0000] {processor.py:840} INFO - DAG(s) 'latest_only_with_trigger' retrieved from /home/airflow/.local/lib/python3.8/site-packages/airflow/example_dags/example_latest_only_with_trigger.py
[2024-03-14T11:05:02.323+0000] {logging_mixin.py:188} INFO - [2024-03-14T11:05:02.322+0000] {dag.py:3047} INFO - Sync 1 DAGs
[2024-03-14T11:05:02.332+0000] {logging_mixin.py:188} INFO - [2024-03-14T11:05:02.332+0000] {dag.py:3834} INFO - Setting next_dagrun for latest_only_with_trigger to 2024-03-14 04:00:00+00:00, run_after=2024-03-14 08:00:00+00:00
[2024-03-14T11:05:02.339+0000] {processor.py:183} INFO - Processing /home/airflow/.local/lib/python3.8/site-packages/airflow/example_dags/example_latest_only_with_trigger.py took 0.032 seconds
[2024-03-14T11:05:32.714+0000] {processor.py:161} INFO - Started process (PID=1110) to work on /home/airflow/.local/lib/python3.8/site-packages/airflow/example_dags/example_latest_only_with_trigger.py
[2024-03-14T11:05:32.714+0000] {processor.py:830} INFO - Processing file /home/airflow/.local/lib/python3.8/site-packages/airflow/example_dags/example_latest_only_with_trigger.py for tasks to queue
[2024-03-14T11:05:32.715+0000] {logging_mixin.py:188} INFO - [2024-03-14T11:05:32.715+0000] {dagbag.py:540} INFO - Filling up the DagBag from /home/airflow/.local/lib/python3.8/site-packages/airflow/example_dags/example_latest_only_with_trigger.py
[2024-03-14T11:05:32.717+0000] {processor.py:840} INFO - DAG(s) 'latest_only_with_trigger' retrieved from /home/airflow/.local/lib/python3.8/site-packages/airflow/example_dags/example_latest_only_with_trigger.py
[2024-03-14T11:05:32.727+0000] {logging_mixin.py:188} INFO - [2024-03-14T11:05:32.727+0000] {dag.py:3047} INFO - Sync 1 DAGs
[2024-03-14T11:05:32.736+0000] {logging_mixin.py:188} INFO - [2024-03-14T11:05:32.736+0000] {dag.py:3834} INFO - Setting next_dagrun for latest_only_with_trigger to 2024-03-14 04:00:00+00:00, run_after=2024-03-14 08:00:00+00:00
[2024-03-14T11:05:32.743+0000] {processor.py:183} INFO - Processing /home/airflow/.local/lib/python3.8/site-packages/airflow/example_dags/example_latest_only_with_trigger.py took 0.031 seconds
[2024-03-14T11:06:03.205+0000] {processor.py:161} INFO - Started process (PID=1165) to work on /home/airflow/.local/lib/python3.8/site-packages/airflow/example_dags/example_latest_only_with_trigger.py
[2024-03-14T11:06:03.206+0000] {processor.py:830} INFO - Processing file /home/airflow/.local/lib/python3.8/site-packages/airflow/example_dags/example_latest_only_with_trigger.py for tasks to queue
[2024-03-14T11:06:03.206+0000] {logging_mixin.py:188} INFO - [2024-03-14T11:06:03.206+0000] {dagbag.py:540} INFO - Filling up the DagBag from /home/airflow/.local/lib/python3.8/site-packages/airflow/example_dags/example_latest_only_with_trigger.py
[2024-03-14T11:06:03.209+0000] {processor.py:840} INFO - DAG(s) 'latest_only_with_trigger' retrieved from /home/airflow/.local/lib/python3.8/site-packages/airflow/example_dags/example_latest_only_with_trigger.py
[2024-03-14T11:06:03.219+0000] {logging_mixin.py:188} INFO - [2024-03-14T11:06:03.219+0000] {dag.py:3047} INFO - Sync 1 DAGs
[2024-03-14T11:06:03.227+0000] {logging_mixin.py:188} INFO - [2024-03-14T11:06:03.227+0000] {dag.py:3834} INFO - Setting next_dagrun for latest_only_with_trigger to 2024-03-14 04:00:00+00:00, run_after=2024-03-14 08:00:00+00:00
[2024-03-14T11:06:03.238+0000] {processor.py:183} INFO - Processing /home/airflow/.local/lib/python3.8/site-packages/airflow/example_dags/example_latest_only_with_trigger.py took 0.034 seconds
[2024-03-14T11:06:33.564+0000] {processor.py:161} INFO - Started process (PID=1220) to work on /home/airflow/.local/lib/python3.8/site-packages/airflow/example_dags/example_latest_only_with_trigger.py
[2024-03-14T11:06:33.564+0000] {processor.py:830} INFO - Processing file /home/airflow/.local/lib/python3.8/site-packages/airflow/example_dags/example_latest_only_with_trigger.py for tasks to queue
[2024-03-14T11:06:33.565+0000] {logging_mixin.py:188} INFO - [2024-03-14T11:06:33.565+0000] {dagbag.py:540} INFO - Filling up the DagBag from /home/airflow/.local/lib/python3.8/site-packages/airflow/example_dags/example_latest_only_with_trigger.py
[2024-03-14T11:06:33.568+0000] {processor.py:840} INFO - DAG(s) 'latest_only_with_trigger' retrieved from /home/airflow/.local/lib/python3.8/site-packages/airflow/example_dags/example_latest_only_with_trigger.py
[2024-03-14T11:06:33.576+0000] {logging_mixin.py:188} INFO - [2024-03-14T11:06:33.576+0000] {dag.py:3047} INFO - Sync 1 DAGs
[2024-03-14T11:06:33.585+0000] {logging_mixin.py:188} INFO - [2024-03-14T11:06:33.585+0000] {dag.py:3834} INFO - Setting next_dagrun for latest_only_with_trigger to 2024-03-14 04:00:00+00:00, run_after=2024-03-14 08:00:00+00:00
[2024-03-14T11:06:33.592+0000] {processor.py:183} INFO - Processing /home/airflow/.local/lib/python3.8/site-packages/airflow/example_dags/example_latest_only_with_trigger.py took 0.030 seconds
[2024-03-14T11:07:04.009+0000] {processor.py:161} INFO - Started process (PID=1274) to work on /home/airflow/.local/lib/python3.8/site-packages/airflow/example_dags/example_latest_only_with_trigger.py
[2024-03-14T11:07:04.009+0000] {processor.py:830} INFO - Processing file /home/airflow/.local/lib/python3.8/site-packages/airflow/example_dags/example_latest_only_with_trigger.py for tasks to queue
[2024-03-14T11:07:04.010+0000] {logging_mixin.py:188} INFO - [2024-03-14T11:07:04.010+0000] {dagbag.py:540} INFO - Filling up the DagBag from /home/airflow/.local/lib/python3.8/site-packages/airflow/example_dags/example_latest_only_with_trigger.py
[2024-03-14T11:07:04.013+0000] {processor.py:840} INFO - DAG(s) 'latest_only_with_trigger' retrieved from /home/airflow/.local/lib/python3.8/site-packages/airflow/example_dags/example_latest_only_with_trigger.py
[2024-03-14T11:07:04.023+0000] {logging_mixin.py:188} INFO - [2024-03-14T11:07:04.022+0000] {dag.py:3047} INFO - Sync 1 DAGs
[2024-03-14T11:07:04.032+0000] {logging_mixin.py:188} INFO - [2024-03-14T11:07:04.032+0000] {dag.py:3834} INFO - Setting next_dagrun for latest_only_with_trigger to 2024-03-14 04:00:00+00:00, run_after=2024-03-14 08:00:00+00:00
[2024-03-14T11:07:04.039+0000] {processor.py:183} INFO - Processing /home/airflow/.local/lib/python3.8/site-packages/airflow/example_dags/example_latest_only_with_trigger.py took 0.032 seconds
[2024-03-14T11:07:34.438+0000] {processor.py:161} INFO - Started process (PID=1329) to work on /home/airflow/.local/lib/python3.8/site-packages/airflow/example_dags/example_latest_only_with_trigger.py
[2024-03-14T11:07:34.439+0000] {processor.py:830} INFO - Processing file /home/airflow/.local/lib/python3.8/site-packages/airflow/example_dags/example_latest_only_with_trigger.py for tasks to queue
[2024-03-14T11:07:34.440+0000] {logging_mixin.py:188} INFO - [2024-03-14T11:07:34.439+0000] {dagbag.py:540} INFO - Filling up the DagBag from /home/airflow/.local/lib/python3.8/site-packages/airflow/example_dags/example_latest_only_with_trigger.py
[2024-03-14T11:07:34.442+0000] {processor.py:840} INFO - DAG(s) 'latest_only_with_trigger' retrieved from /home/airflow/.local/lib/python3.8/site-packages/airflow/example_dags/example_latest_only_with_trigger.py
[2024-03-14T11:07:34.452+0000] {logging_mixin.py:188} INFO - [2024-03-14T11:07:34.452+0000] {dag.py:3047} INFO - Sync 1 DAGs
[2024-03-14T11:07:34.461+0000] {logging_mixin.py:188} INFO - [2024-03-14T11:07:34.461+0000] {dag.py:3834} INFO - Setting next_dagrun for latest_only_with_trigger to 2024-03-14 04:00:00+00:00, run_after=2024-03-14 08:00:00+00:00
[2024-03-14T11:07:34.469+0000] {processor.py:183} INFO - Processing /home/airflow/.local/lib/python3.8/site-packages/airflow/example_dags/example_latest_only_with_trigger.py took 0.032 seconds
[2024-03-14T11:08:04.761+0000] {processor.py:161} INFO - Started process (PID=1384) to work on /home/airflow/.local/lib/python3.8/site-packages/airflow/example_dags/example_latest_only_with_trigger.py
[2024-03-14T11:08:04.762+0000] {processor.py:830} INFO - Processing file /home/airflow/.local/lib/python3.8/site-packages/airflow/example_dags/example_latest_only_with_trigger.py for tasks to queue
[2024-03-14T11:08:04.763+0000] {logging_mixin.py:188} INFO - [2024-03-14T11:08:04.762+0000] {dagbag.py:540} INFO - Filling up the DagBag from /home/airflow/.local/lib/python3.8/site-packages/airflow/example_dags/example_latest_only_with_trigger.py
[2024-03-14T11:08:04.765+0000] {processor.py:840} INFO - DAG(s) 'latest_only_with_trigger' retrieved from /home/airflow/.local/lib/python3.8/site-packages/airflow/example_dags/example_latest_only_with_trigger.py
[2024-03-14T11:08:04.774+0000] {logging_mixin.py:188} INFO - [2024-03-14T11:08:04.774+0000] {dag.py:3047} INFO - Sync 1 DAGs
[2024-03-14T11:08:04.783+0000] {logging_mixin.py:188} INFO - [2024-03-14T11:08:04.783+0000] {dag.py:3834} INFO - Setting next_dagrun for latest_only_with_trigger to 2024-03-14 04:00:00+00:00, run_after=2024-03-14 08:00:00+00:00
[2024-03-14T11:08:04.790+0000] {processor.py:183} INFO - Processing /home/airflow/.local/lib/python3.8/site-packages/airflow/example_dags/example_latest_only_with_trigger.py took 0.030 seconds
[2024-03-14T11:08:35.044+0000] {processor.py:161} INFO - Started process (PID=1439) to work on /home/airflow/.local/lib/python3.8/site-packages/airflow/example_dags/example_latest_only_with_trigger.py
[2024-03-14T11:08:35.044+0000] {processor.py:830} INFO - Processing file /home/airflow/.local/lib/python3.8/site-packages/airflow/example_dags/example_latest_only_with_trigger.py for tasks to queue
[2024-03-14T11:08:35.045+0000] {logging_mixin.py:188} INFO - [2024-03-14T11:08:35.045+0000] {dagbag.py:540} INFO - Filling up the DagBag from /home/airflow/.local/lib/python3.8/site-packages/airflow/example_dags/example_latest_only_with_trigger.py
[2024-03-14T11:08:35.048+0000] {processor.py:840} INFO - DAG(s) 'latest_only_with_trigger' retrieved from /home/airflow/.local/lib/python3.8/site-packages/airflow/example_dags/example_latest_only_with_trigger.py
[2024-03-14T11:08:35.057+0000] {logging_mixin.py:188} INFO - [2024-03-14T11:08:35.057+0000] {dag.py:3047} INFO - Sync 1 DAGs
[2024-03-14T11:08:35.066+0000] {logging_mixin.py:188} INFO - [2024-03-14T11:08:35.066+0000] {dag.py:3834} INFO - Setting next_dagrun for latest_only_with_trigger to 2024-03-14 04:00:00+00:00, run_after=2024-03-14 08:00:00+00:00
[2024-03-14T11:08:35.073+0000] {processor.py:183} INFO - Processing /home/airflow/.local/lib/python3.8/site-packages/airflow/example_dags/example_latest_only_with_trigger.py took 0.031 seconds
[2024-03-14T11:09:05.458+0000] {processor.py:161} INFO - Started process (PID=1494) to work on /home/airflow/.local/lib/python3.8/site-packages/airflow/example_dags/example_latest_only_with_trigger.py
[2024-03-14T11:09:05.459+0000] {processor.py:830} INFO - Processing file /home/airflow/.local/lib/python3.8/site-packages/airflow/example_dags/example_latest_only_with_trigger.py for tasks to queue
[2024-03-14T11:09:05.459+0000] {logging_mixin.py:188} INFO - [2024-03-14T11:09:05.459+0000] {dagbag.py:540} INFO - Filling up the DagBag from /home/airflow/.local/lib/python3.8/site-packages/airflow/example_dags/example_latest_only_with_trigger.py
[2024-03-14T11:09:05.462+0000] {processor.py:840} INFO - DAG(s) 'latest_only_with_trigger' retrieved from /home/airflow/.local/lib/python3.8/site-packages/airflow/example_dags/example_latest_only_with_trigger.py
[2024-03-14T11:09:05.472+0000] {logging_mixin.py:188} INFO - [2024-03-14T11:09:05.472+0000] {dag.py:3047} INFO - Sync 1 DAGs
[2024-03-14T11:09:05.480+0000] {logging_mixin.py:188} INFO - [2024-03-14T11:09:05.480+0000] {dag.py:3834} INFO - Setting next_dagrun for latest_only_with_trigger to 2024-03-14 04:00:00+00:00, run_after=2024-03-14 08:00:00+00:00
[2024-03-14T11:09:05.488+0000] {processor.py:183} INFO - Processing /home/airflow/.local/lib/python3.8/site-packages/airflow/example_dags/example_latest_only_with_trigger.py took 0.031 seconds
[2024-03-14T11:09:35.786+0000] {processor.py:161} INFO - Started process (PID=1549) to work on /home/airflow/.local/lib/python3.8/site-packages/airflow/example_dags/example_latest_only_with_trigger.py
[2024-03-14T11:09:35.787+0000] {processor.py:830} INFO - Processing file /home/airflow/.local/lib/python3.8/site-packages/airflow/example_dags/example_latest_only_with_trigger.py for tasks to queue
[2024-03-14T11:09:35.787+0000] {logging_mixin.py:188} INFO - [2024-03-14T11:09:35.787+0000] {dagbag.py:540} INFO - Filling up the DagBag from /home/airflow/.local/lib/python3.8/site-packages/airflow/example_dags/example_latest_only_with_trigger.py
[2024-03-14T11:09:35.790+0000] {processor.py:840} INFO - DAG(s) 'latest_only_with_trigger' retrieved from /home/airflow/.local/lib/python3.8/site-packages/airflow/example_dags/example_latest_only_with_trigger.py
[2024-03-14T11:09:35.799+0000] {logging_mixin.py:188} INFO - [2024-03-14T11:09:35.799+0000] {dag.py:3047} INFO - Sync 1 DAGs
[2024-03-14T11:09:35.810+0000] {logging_mixin.py:188} INFO - [2024-03-14T11:09:35.810+0000] {dag.py:3834} INFO - Setting next_dagrun for latest_only_with_trigger to 2024-03-14 04:00:00+00:00, run_after=2024-03-14 08:00:00+00:00
[2024-03-14T11:09:35.817+0000] {processor.py:183} INFO - Processing /home/airflow/.local/lib/python3.8/site-packages/airflow/example_dags/example_latest_only_with_trigger.py took 0.033 seconds
[2024-03-14T11:10:06.204+0000] {processor.py:161} INFO - Started process (PID=1603) to work on /home/airflow/.local/lib/python3.8/site-packages/airflow/example_dags/example_latest_only_with_trigger.py
[2024-03-14T11:10:06.205+0000] {processor.py:830} INFO - Processing file /home/airflow/.local/lib/python3.8/site-packages/airflow/example_dags/example_latest_only_with_trigger.py for tasks to queue
[2024-03-14T11:10:06.205+0000] {logging_mixin.py:188} INFO - [2024-03-14T11:10:06.205+0000] {dagbag.py:540} INFO - Filling up the DagBag from /home/airflow/.local/lib/python3.8/site-packages/airflow/example_dags/example_latest_only_with_trigger.py
[2024-03-14T11:10:06.208+0000] {processor.py:840} INFO - DAG(s) 'latest_only_with_trigger' retrieved from /home/airflow/.local/lib/python3.8/site-packages/airflow/example_dags/example_latest_only_with_trigger.py
[2024-03-14T11:10:06.217+0000] {logging_mixin.py:188} INFO - [2024-03-14T11:10:06.217+0000] {dag.py:3047} INFO - Sync 1 DAGs
[2024-03-14T11:10:06.227+0000] {logging_mixin.py:188} INFO - [2024-03-14T11:10:06.227+0000] {dag.py:3834} INFO - Setting next_dagrun for latest_only_with_trigger to 2024-03-14 04:00:00+00:00, run_after=2024-03-14 08:00:00+00:00
[2024-03-14T11:10:06.234+0000] {processor.py:183} INFO - Processing /home/airflow/.local/lib/python3.8/site-packages/airflow/example_dags/example_latest_only_with_trigger.py took 0.032 seconds
[2024-03-14T11:10:36.626+0000] {processor.py:161} INFO - Started process (PID=1658) to work on /home/airflow/.local/lib/python3.8/site-packages/airflow/example_dags/example_latest_only_with_trigger.py
[2024-03-14T11:10:36.627+0000] {processor.py:830} INFO - Processing file /home/airflow/.local/lib/python3.8/site-packages/airflow/example_dags/example_latest_only_with_trigger.py for tasks to queue
[2024-03-14T11:10:36.627+0000] {logging_mixin.py:188} INFO - [2024-03-14T11:10:36.627+0000] {dagbag.py:540} INFO - Filling up the DagBag from /home/airflow/.local/lib/python3.8/site-packages/airflow/example_dags/example_latest_only_with_trigger.py
[2024-03-14T11:10:36.630+0000] {processor.py:840} INFO - DAG(s) 'latest_only_with_trigger' retrieved from /home/airflow/.local/lib/python3.8/site-packages/airflow/example_dags/example_latest_only_with_trigger.py
[2024-03-14T11:10:36.640+0000] {logging_mixin.py:188} INFO - [2024-03-14T11:10:36.639+0000] {dag.py:3047} INFO - Sync 1 DAGs
[2024-03-14T11:10:36.649+0000] {logging_mixin.py:188} INFO - [2024-03-14T11:10:36.649+0000] {dag.py:3834} INFO - Setting next_dagrun for latest_only_with_trigger to 2024-03-14 04:00:00+00:00, run_after=2024-03-14 08:00:00+00:00
[2024-03-14T11:10:36.656+0000] {processor.py:183} INFO - Processing /home/airflow/.local/lib/python3.8/site-packages/airflow/example_dags/example_latest_only_with_trigger.py took 0.032 seconds
[2024-03-14T11:11:07.046+0000] {processor.py:161} INFO - Started process (PID=1713) to work on /home/airflow/.local/lib/python3.8/site-packages/airflow/example_dags/example_latest_only_with_trigger.py
[2024-03-14T11:11:07.047+0000] {processor.py:830} INFO - Processing file /home/airflow/.local/lib/python3.8/site-packages/airflow/example_dags/example_latest_only_with_trigger.py for tasks to queue
[2024-03-14T11:11:07.048+0000] {logging_mixin.py:188} INFO - [2024-03-14T11:11:07.048+0000] {dagbag.py:540} INFO - Filling up the DagBag from /home/airflow/.local/lib/python3.8/site-packages/airflow/example_dags/example_latest_only_with_trigger.py
[2024-03-14T11:11:07.051+0000] {processor.py:840} INFO - DAG(s) 'latest_only_with_trigger' retrieved from /home/airflow/.local/lib/python3.8/site-packages/airflow/example_dags/example_latest_only_with_trigger.py
[2024-03-14T11:11:07.062+0000] {logging_mixin.py:188} INFO - [2024-03-14T11:11:07.062+0000] {dag.py:3047} INFO - Sync 1 DAGs
[2024-03-14T11:11:07.073+0000] {logging_mixin.py:188} INFO - [2024-03-14T11:11:07.073+0000] {dag.py:3834} INFO - Setting next_dagrun for latest_only_with_trigger to 2024-03-14 04:00:00+00:00, run_after=2024-03-14 08:00:00+00:00
[2024-03-14T11:11:07.081+0000] {processor.py:183} INFO - Processing /home/airflow/.local/lib/python3.8/site-packages/airflow/example_dags/example_latest_only_with_trigger.py took 0.037 seconds
[2024-03-14T11:11:37.438+0000] {processor.py:161} INFO - Started process (PID=1767) to work on /home/airflow/.local/lib/python3.8/site-packages/airflow/example_dags/example_latest_only_with_trigger.py
[2024-03-14T11:11:37.439+0000] {processor.py:830} INFO - Processing file /home/airflow/.local/lib/python3.8/site-packages/airflow/example_dags/example_latest_only_with_trigger.py for tasks to queue
[2024-03-14T11:11:37.440+0000] {logging_mixin.py:188} INFO - [2024-03-14T11:11:37.440+0000] {dagbag.py:540} INFO - Filling up the DagBag from /home/airflow/.local/lib/python3.8/site-packages/airflow/example_dags/example_latest_only_with_trigger.py
[2024-03-14T11:11:37.442+0000] {processor.py:840} INFO - DAG(s) 'latest_only_with_trigger' retrieved from /home/airflow/.local/lib/python3.8/site-packages/airflow/example_dags/example_latest_only_with_trigger.py
[2024-03-14T11:11:37.452+0000] {logging_mixin.py:188} INFO - [2024-03-14T11:11:37.452+0000] {dag.py:3047} INFO - Sync 1 DAGs
[2024-03-14T11:11:37.461+0000] {logging_mixin.py:188} INFO - [2024-03-14T11:11:37.460+0000] {dag.py:3834} INFO - Setting next_dagrun for latest_only_with_trigger to 2024-03-14 04:00:00+00:00, run_after=2024-03-14 08:00:00+00:00
[2024-03-14T11:11:37.468+0000] {processor.py:183} INFO - Processing /home/airflow/.local/lib/python3.8/site-packages/airflow/example_dags/example_latest_only_with_trigger.py took 0.031 seconds
[2024-03-14T11:12:07.927+0000] {processor.py:161} INFO - Started process (PID=1822) to work on /home/airflow/.local/lib/python3.8/site-packages/airflow/example_dags/example_latest_only_with_trigger.py
[2024-03-14T11:12:07.928+0000] {processor.py:830} INFO - Processing file /home/airflow/.local/lib/python3.8/site-packages/airflow/example_dags/example_latest_only_with_trigger.py for tasks to queue
[2024-03-14T11:12:07.929+0000] {logging_mixin.py:188} INFO - [2024-03-14T11:12:07.929+0000] {dagbag.py:540} INFO - Filling up the DagBag from /home/airflow/.local/lib/python3.8/site-packages/airflow/example_dags/example_latest_only_with_trigger.py
[2024-03-14T11:12:07.931+0000] {processor.py:840} INFO - DAG(s) 'latest_only_with_trigger' retrieved from /home/airflow/.local/lib/python3.8/site-packages/airflow/example_dags/example_latest_only_with_trigger.py
[2024-03-14T11:12:07.941+0000] {logging_mixin.py:188} INFO - [2024-03-14T11:12:07.941+0000] {dag.py:3047} INFO - Sync 1 DAGs
[2024-03-14T11:12:07.950+0000] {logging_mixin.py:188} INFO - [2024-03-14T11:12:07.950+0000] {dag.py:3834} INFO - Setting next_dagrun for latest_only_with_trigger to 2024-03-14 04:00:00+00:00, run_after=2024-03-14 08:00:00+00:00
[2024-03-14T11:12:07.957+0000] {processor.py:183} INFO - Processing /home/airflow/.local/lib/python3.8/site-packages/airflow/example_dags/example_latest_only_with_trigger.py took 0.031 seconds
[2024-03-14T11:12:38.327+0000] {processor.py:161} INFO - Started process (PID=1877) to work on /home/airflow/.local/lib/python3.8/site-packages/airflow/example_dags/example_latest_only_with_trigger.py
[2024-03-14T11:12:38.327+0000] {processor.py:830} INFO - Processing file /home/airflow/.local/lib/python3.8/site-packages/airflow/example_dags/example_latest_only_with_trigger.py for tasks to queue
[2024-03-14T11:12:38.328+0000] {logging_mixin.py:188} INFO - [2024-03-14T11:12:38.328+0000] {dagbag.py:540} INFO - Filling up the DagBag from /home/airflow/.local/lib/python3.8/site-packages/airflow/example_dags/example_latest_only_with_trigger.py
[2024-03-14T11:12:38.331+0000] {processor.py:840} INFO - DAG(s) 'latest_only_with_trigger' retrieved from /home/airflow/.local/lib/python3.8/site-packages/airflow/example_dags/example_latest_only_with_trigger.py
[2024-03-14T11:12:38.340+0000] {logging_mixin.py:188} INFO - [2024-03-14T11:12:38.340+0000] {dag.py:3047} INFO - Sync 1 DAGs
[2024-03-14T11:12:38.349+0000] {logging_mixin.py:188} INFO - [2024-03-14T11:12:38.349+0000] {dag.py:3834} INFO - Setting next_dagrun for latest_only_with_trigger to 2024-03-14 04:00:00+00:00, run_after=2024-03-14 08:00:00+00:00
[2024-03-14T11:12:38.356+0000] {processor.py:183} INFO - Processing /home/airflow/.local/lib/python3.8/site-packages/airflow/example_dags/example_latest_only_with_trigger.py took 0.031 seconds
[2024-03-14T11:13:08.663+0000] {processor.py:161} INFO - Started process (PID=1931) to work on /home/airflow/.local/lib/python3.8/site-packages/airflow/example_dags/example_latest_only_with_trigger.py
[2024-03-14T11:13:08.664+0000] {processor.py:830} INFO - Processing file /home/airflow/.local/lib/python3.8/site-packages/airflow/example_dags/example_latest_only_with_trigger.py for tasks to queue
[2024-03-14T11:13:08.665+0000] {logging_mixin.py:188} INFO - [2024-03-14T11:13:08.665+0000] {dagbag.py:540} INFO - Filling up the DagBag from /home/airflow/.local/lib/python3.8/site-packages/airflow/example_dags/example_latest_only_with_trigger.py
[2024-03-14T11:13:08.667+0000] {processor.py:840} INFO - DAG(s) 'latest_only_with_trigger' retrieved from /home/airflow/.local/lib/python3.8/site-packages/airflow/example_dags/example_latest_only_with_trigger.py
[2024-03-14T11:13:08.677+0000] {logging_mixin.py:188} INFO - [2024-03-14T11:13:08.677+0000] {dag.py:3047} INFO - Sync 1 DAGs
[2024-03-14T11:13:08.686+0000] {logging_mixin.py:188} INFO - [2024-03-14T11:13:08.686+0000] {dag.py:3834} INFO - Setting next_dagrun for latest_only_with_trigger to 2024-03-14 04:00:00+00:00, run_after=2024-03-14 08:00:00+00:00
[2024-03-14T11:13:08.694+0000] {processor.py:183} INFO - Processing /home/airflow/.local/lib/python3.8/site-packages/airflow/example_dags/example_latest_only_with_trigger.py took 0.033 seconds
[2024-03-14T11:13:39.000+0000] {processor.py:161} INFO - Started process (PID=1986) to work on /home/airflow/.local/lib/python3.8/site-packages/airflow/example_dags/example_latest_only_with_trigger.py
[2024-03-14T11:13:39.000+0000] {processor.py:830} INFO - Processing file /home/airflow/.local/lib/python3.8/site-packages/airflow/example_dags/example_latest_only_with_trigger.py for tasks to queue
[2024-03-14T11:13:39.001+0000] {logging_mixin.py:188} INFO - [2024-03-14T11:13:39.001+0000] {dagbag.py:540} INFO - Filling up the DagBag from /home/airflow/.local/lib/python3.8/site-packages/airflow/example_dags/example_latest_only_with_trigger.py
[2024-03-14T11:13:39.004+0000] {processor.py:840} INFO - DAG(s) 'latest_only_with_trigger' retrieved from /home/airflow/.local/lib/python3.8/site-packages/airflow/example_dags/example_latest_only_with_trigger.py
[2024-03-14T11:13:39.013+0000] {logging_mixin.py:188} INFO - [2024-03-14T11:13:39.013+0000] {dag.py:3047} INFO - Sync 1 DAGs
[2024-03-14T11:13:39.023+0000] {logging_mixin.py:188} INFO - [2024-03-14T11:13:39.023+0000] {dag.py:3834} INFO - Setting next_dagrun for latest_only_with_trigger to 2024-03-14 04:00:00+00:00, run_after=2024-03-14 08:00:00+00:00
[2024-03-14T11:13:39.030+0000] {processor.py:183} INFO - Processing /home/airflow/.local/lib/python3.8/site-packages/airflow/example_dags/example_latest_only_with_trigger.py took 0.032 seconds
[2024-03-14T11:14:09.395+0000] {processor.py:161} INFO - Started process (PID=2041) to work on /home/airflow/.local/lib/python3.8/site-packages/airflow/example_dags/example_latest_only_with_trigger.py
[2024-03-14T11:14:09.396+0000] {processor.py:830} INFO - Processing file /home/airflow/.local/lib/python3.8/site-packages/airflow/example_dags/example_latest_only_with_trigger.py for tasks to queue
[2024-03-14T11:14:09.397+0000] {logging_mixin.py:188} INFO - [2024-03-14T11:14:09.396+0000] {dagbag.py:540} INFO - Filling up the DagBag from /home/airflow/.local/lib/python3.8/site-packages/airflow/example_dags/example_latest_only_with_trigger.py
[2024-03-14T11:14:09.399+0000] {processor.py:840} INFO - DAG(s) 'latest_only_with_trigger' retrieved from /home/airflow/.local/lib/python3.8/site-packages/airflow/example_dags/example_latest_only_with_trigger.py
[2024-03-14T11:14:09.408+0000] {logging_mixin.py:188} INFO - [2024-03-14T11:14:09.408+0000] {dag.py:3047} INFO - Sync 1 DAGs
[2024-03-14T11:14:09.417+0000] {logging_mixin.py:188} INFO - [2024-03-14T11:14:09.417+0000] {dag.py:3834} INFO - Setting next_dagrun for latest_only_with_trigger to 2024-03-14 04:00:00+00:00, run_after=2024-03-14 08:00:00+00:00
[2024-03-14T11:14:09.424+0000] {processor.py:183} INFO - Processing /home/airflow/.local/lib/python3.8/site-packages/airflow/example_dags/example_latest_only_with_trigger.py took 0.030 seconds
[2024-03-14T11:14:39.784+0000] {processor.py:161} INFO - Started process (PID=2096) to work on /home/airflow/.local/lib/python3.8/site-packages/airflow/example_dags/example_latest_only_with_trigger.py
[2024-03-14T11:14:39.784+0000] {processor.py:830} INFO - Processing file /home/airflow/.local/lib/python3.8/site-packages/airflow/example_dags/example_latest_only_with_trigger.py for tasks to queue
[2024-03-14T11:14:39.785+0000] {logging_mixin.py:188} INFO - [2024-03-14T11:14:39.785+0000] {dagbag.py:540} INFO - Filling up the DagBag from /home/airflow/.local/lib/python3.8/site-packages/airflow/example_dags/example_latest_only_with_trigger.py
[2024-03-14T11:14:39.788+0000] {processor.py:840} INFO - DAG(s) 'latest_only_with_trigger' retrieved from /home/airflow/.local/lib/python3.8/site-packages/airflow/example_dags/example_latest_only_with_trigger.py
[2024-03-14T11:14:39.798+0000] {logging_mixin.py:188} INFO - [2024-03-14T11:14:39.798+0000] {dag.py:3047} INFO - Sync 1 DAGs
[2024-03-14T11:14:39.806+0000] {logging_mixin.py:188} INFO - [2024-03-14T11:14:39.806+0000] {dag.py:3834} INFO - Setting next_dagrun for latest_only_with_trigger to 2024-03-14 04:00:00+00:00, run_after=2024-03-14 08:00:00+00:00
[2024-03-14T11:14:39.814+0000] {processor.py:183} INFO - Processing /home/airflow/.local/lib/python3.8/site-packages/airflow/example_dags/example_latest_only_with_trigger.py took 0.031 seconds
[2024-03-14T11:15:10.150+0000] {processor.py:161} INFO - Started process (PID=2151) to work on /home/airflow/.local/lib/python3.8/site-packages/airflow/example_dags/example_latest_only_with_trigger.py
[2024-03-14T11:15:10.151+0000] {processor.py:830} INFO - Processing file /home/airflow/.local/lib/python3.8/site-packages/airflow/example_dags/example_latest_only_with_trigger.py for tasks to queue
[2024-03-14T11:15:10.152+0000] {logging_mixin.py:188} INFO - [2024-03-14T11:15:10.151+0000] {dagbag.py:540} INFO - Filling up the DagBag from /home/airflow/.local/lib/python3.8/site-packages/airflow/example_dags/example_latest_only_with_trigger.py
[2024-03-14T11:15:10.154+0000] {processor.py:840} INFO - DAG(s) 'latest_only_with_trigger' retrieved from /home/airflow/.local/lib/python3.8/site-packages/airflow/example_dags/example_latest_only_with_trigger.py
[2024-03-14T11:15:10.163+0000] {logging_mixin.py:188} INFO - [2024-03-14T11:15:10.163+0000] {dag.py:3047} INFO - Sync 1 DAGs
[2024-03-14T11:15:10.173+0000] {logging_mixin.py:188} INFO - [2024-03-14T11:15:10.173+0000] {dag.py:3834} INFO - Setting next_dagrun for latest_only_with_trigger to 2024-03-14 04:00:00+00:00, run_after=2024-03-14 08:00:00+00:00
[2024-03-14T11:15:10.180+0000] {processor.py:183} INFO - Processing /home/airflow/.local/lib/python3.8/site-packages/airflow/example_dags/example_latest_only_with_trigger.py took 0.032 seconds
[2024-03-14T11:15:40.573+0000] {processor.py:161} INFO - Started process (PID=2206) to work on /home/airflow/.local/lib/python3.8/site-packages/airflow/example_dags/example_latest_only_with_trigger.py
[2024-03-14T11:15:40.574+0000] {processor.py:830} INFO - Processing file /home/airflow/.local/lib/python3.8/site-packages/airflow/example_dags/example_latest_only_with_trigger.py for tasks to queue
[2024-03-14T11:15:40.575+0000] {logging_mixin.py:188} INFO - [2024-03-14T11:15:40.575+0000] {dagbag.py:540} INFO - Filling up the DagBag from /home/airflow/.local/lib/python3.8/site-packages/airflow/example_dags/example_latest_only_with_trigger.py
[2024-03-14T11:15:40.578+0000] {processor.py:840} INFO - DAG(s) 'latest_only_with_trigger' retrieved from /home/airflow/.local/lib/python3.8/site-packages/airflow/example_dags/example_latest_only_with_trigger.py
[2024-03-14T11:15:40.587+0000] {logging_mixin.py:188} INFO - [2024-03-14T11:15:40.587+0000] {dag.py:3047} INFO - Sync 1 DAGs
[2024-03-14T11:15:40.596+0000] {logging_mixin.py:188} INFO - [2024-03-14T11:15:40.596+0000] {dag.py:3834} INFO - Setting next_dagrun for latest_only_with_trigger to 2024-03-14 04:00:00+00:00, run_after=2024-03-14 08:00:00+00:00
[2024-03-14T11:15:40.604+0000] {processor.py:183} INFO - Processing /home/airflow/.local/lib/python3.8/site-packages/airflow/example_dags/example_latest_only_with_trigger.py took 0.032 seconds
[2024-03-14T11:16:10.987+0000] {processor.py:161} INFO - Started process (PID=2260) to work on /home/airflow/.local/lib/python3.8/site-packages/airflow/example_dags/example_latest_only_with_trigger.py
[2024-03-14T11:16:10.987+0000] {processor.py:830} INFO - Processing file /home/airflow/.local/lib/python3.8/site-packages/airflow/example_dags/example_latest_only_with_trigger.py for tasks to queue
[2024-03-14T11:16:10.988+0000] {logging_mixin.py:188} INFO - [2024-03-14T11:16:10.988+0000] {dagbag.py:540} INFO - Filling up the DagBag from /home/airflow/.local/lib/python3.8/site-packages/airflow/example_dags/example_latest_only_with_trigger.py
[2024-03-14T11:16:10.991+0000] {processor.py:840} INFO - DAG(s) 'latest_only_with_trigger' retrieved from /home/airflow/.local/lib/python3.8/site-packages/airflow/example_dags/example_latest_only_with_trigger.py
[2024-03-14T11:16:11.000+0000] {logging_mixin.py:188} INFO - [2024-03-14T11:16:11.000+0000] {dag.py:3047} INFO - Sync 1 DAGs
[2024-03-14T11:16:11.009+0000] {logging_mixin.py:188} INFO - [2024-03-14T11:16:11.009+0000] {dag.py:3834} INFO - Setting next_dagrun for latest_only_with_trigger to 2024-03-14 04:00:00+00:00, run_after=2024-03-14 08:00:00+00:00
[2024-03-14T11:16:11.016+0000] {processor.py:183} INFO - Processing /home/airflow/.local/lib/python3.8/site-packages/airflow/example_dags/example_latest_only_with_trigger.py took 0.031 seconds
[2024-03-14T11:16:41.397+0000] {processor.py:161} INFO - Started process (PID=2315) to work on /home/airflow/.local/lib/python3.8/site-packages/airflow/example_dags/example_latest_only_with_trigger.py
[2024-03-14T11:16:41.399+0000] {processor.py:830} INFO - Processing file /home/airflow/.local/lib/python3.8/site-packages/airflow/example_dags/example_latest_only_with_trigger.py for tasks to queue
[2024-03-14T11:16:41.403+0000] {logging_mixin.py:188} INFO - [2024-03-14T11:16:41.403+0000] {dagbag.py:540} INFO - Filling up the DagBag from /home/airflow/.local/lib/python3.8/site-packages/airflow/example_dags/example_latest_only_with_trigger.py
[2024-03-14T11:16:41.406+0000] {processor.py:840} INFO - DAG(s) 'latest_only_with_trigger' retrieved from /home/airflow/.local/lib/python3.8/site-packages/airflow/example_dags/example_latest_only_with_trigger.py
[2024-03-14T11:16:41.414+0000] {logging_mixin.py:188} INFO - [2024-03-14T11:16:41.414+0000] {dag.py:3047} INFO - Sync 1 DAGs
[2024-03-14T11:16:41.423+0000] {logging_mixin.py:188} INFO - [2024-03-14T11:16:41.423+0000] {dag.py:3834} INFO - Setting next_dagrun for latest_only_with_trigger to 2024-03-14 04:00:00+00:00, run_after=2024-03-14 08:00:00+00:00
[2024-03-14T11:16:41.430+0000] {processor.py:183} INFO - Processing /home/airflow/.local/lib/python3.8/site-packages/airflow/example_dags/example_latest_only_with_trigger.py took 0.034 seconds
[2024-03-14T11:17:11.924+0000] {processor.py:161} INFO - Started process (PID=2370) to work on /home/airflow/.local/lib/python3.8/site-packages/airflow/example_dags/example_latest_only_with_trigger.py
[2024-03-14T11:17:11.925+0000] {processor.py:830} INFO - Processing file /home/airflow/.local/lib/python3.8/site-packages/airflow/example_dags/example_latest_only_with_trigger.py for tasks to queue
[2024-03-14T11:17:11.926+0000] {logging_mixin.py:188} INFO - [2024-03-14T11:17:11.925+0000] {dagbag.py:540} INFO - Filling up the DagBag from /home/airflow/.local/lib/python3.8/site-packages/airflow/example_dags/example_latest_only_with_trigger.py
[2024-03-14T11:17:11.928+0000] {processor.py:840} INFO - DAG(s) 'latest_only_with_trigger' retrieved from /home/airflow/.local/lib/python3.8/site-packages/airflow/example_dags/example_latest_only_with_trigger.py
[2024-03-14T11:17:11.938+0000] {logging_mixin.py:188} INFO - [2024-03-14T11:17:11.938+0000] {dag.py:3047} INFO - Sync 1 DAGs
[2024-03-14T11:17:11.946+0000] {logging_mixin.py:188} INFO - [2024-03-14T11:17:11.946+0000] {dag.py:3834} INFO - Setting next_dagrun for latest_only_with_trigger to 2024-03-14 04:00:00+00:00, run_after=2024-03-14 08:00:00+00:00
[2024-03-14T11:17:11.954+0000] {processor.py:183} INFO - Processing /home/airflow/.local/lib/python3.8/site-packages/airflow/example_dags/example_latest_only_with_trigger.py took 0.031 seconds
[2024-03-14T11:17:42.338+0000] {processor.py:161} INFO - Started process (PID=2425) to work on /home/airflow/.local/lib/python3.8/site-packages/airflow/example_dags/example_latest_only_with_trigger.py
[2024-03-14T11:17:42.338+0000] {processor.py:830} INFO - Processing file /home/airflow/.local/lib/python3.8/site-packages/airflow/example_dags/example_latest_only_with_trigger.py for tasks to queue
[2024-03-14T11:17:42.339+0000] {logging_mixin.py:188} INFO - [2024-03-14T11:17:42.339+0000] {dagbag.py:540} INFO - Filling up the DagBag from /home/airflow/.local/lib/python3.8/site-packages/airflow/example_dags/example_latest_only_with_trigger.py
[2024-03-14T11:17:42.342+0000] {processor.py:840} INFO - DAG(s) 'latest_only_with_trigger' retrieved from /home/airflow/.local/lib/python3.8/site-packages/airflow/example_dags/example_latest_only_with_trigger.py
[2024-03-14T11:17:42.352+0000] {logging_mixin.py:188} INFO - [2024-03-14T11:17:42.351+0000] {dag.py:3047} INFO - Sync 1 DAGs
[2024-03-14T11:17:42.362+0000] {logging_mixin.py:188} INFO - [2024-03-14T11:17:42.362+0000] {dag.py:3834} INFO - Setting next_dagrun for latest_only_with_trigger to 2024-03-14 04:00:00+00:00, run_after=2024-03-14 08:00:00+00:00
[2024-03-14T11:17:42.369+0000] {processor.py:183} INFO - Processing /home/airflow/.local/lib/python3.8/site-packages/airflow/example_dags/example_latest_only_with_trigger.py took 0.033 seconds
[2024-03-14T11:18:12.856+0000] {processor.py:161} INFO - Started process (PID=2479) to work on /home/airflow/.local/lib/python3.8/site-packages/airflow/example_dags/example_latest_only_with_trigger.py
[2024-03-14T11:18:12.856+0000] {processor.py:830} INFO - Processing file /home/airflow/.local/lib/python3.8/site-packages/airflow/example_dags/example_latest_only_with_trigger.py for tasks to queue
[2024-03-14T11:18:12.857+0000] {logging_mixin.py:188} INFO - [2024-03-14T11:18:12.857+0000] {dagbag.py:540} INFO - Filling up the DagBag from /home/airflow/.local/lib/python3.8/site-packages/airflow/example_dags/example_latest_only_with_trigger.py
[2024-03-14T11:18:12.859+0000] {processor.py:840} INFO - DAG(s) 'latest_only_with_trigger' retrieved from /home/airflow/.local/lib/python3.8/site-packages/airflow/example_dags/example_latest_only_with_trigger.py
[2024-03-14T11:18:12.868+0000] {logging_mixin.py:188} INFO - [2024-03-14T11:18:12.868+0000] {dag.py:3047} INFO - Sync 1 DAGs
[2024-03-14T11:18:12.877+0000] {logging_mixin.py:188} INFO - [2024-03-14T11:18:12.877+0000] {dag.py:3834} INFO - Setting next_dagrun for latest_only_with_trigger to 2024-03-14 04:00:00+00:00, run_after=2024-03-14 08:00:00+00:00
[2024-03-14T11:18:12.884+0000] {processor.py:183} INFO - Processing /home/airflow/.local/lib/python3.8/site-packages/airflow/example_dags/example_latest_only_with_trigger.py took 0.030 seconds
[2024-03-14T11:18:43.269+0000] {processor.py:161} INFO - Started process (PID=2534) to work on /home/airflow/.local/lib/python3.8/site-packages/airflow/example_dags/example_latest_only_with_trigger.py
[2024-03-14T11:18:43.269+0000] {processor.py:830} INFO - Processing file /home/airflow/.local/lib/python3.8/site-packages/airflow/example_dags/example_latest_only_with_trigger.py for tasks to queue
[2024-03-14T11:18:43.270+0000] {logging_mixin.py:188} INFO - [2024-03-14T11:18:43.270+0000] {dagbag.py:540} INFO - Filling up the DagBag from /home/airflow/.local/lib/python3.8/site-packages/airflow/example_dags/example_latest_only_with_trigger.py
[2024-03-14T11:18:43.273+0000] {processor.py:840} INFO - DAG(s) 'latest_only_with_trigger' retrieved from /home/airflow/.local/lib/python3.8/site-packages/airflow/example_dags/example_latest_only_with_trigger.py
[2024-03-14T11:18:43.282+0000] {logging_mixin.py:188} INFO - [2024-03-14T11:18:43.282+0000] {dag.py:3047} INFO - Sync 1 DAGs
[2024-03-14T11:18:43.291+0000] {logging_mixin.py:188} INFO - [2024-03-14T11:18:43.291+0000] {dag.py:3834} INFO - Setting next_dagrun for latest_only_with_trigger to 2024-03-14 04:00:00+00:00, run_after=2024-03-14 08:00:00+00:00
[2024-03-14T11:18:43.298+0000] {processor.py:183} INFO - Processing /home/airflow/.local/lib/python3.8/site-packages/airflow/example_dags/example_latest_only_with_trigger.py took 0.030 seconds
[2024-03-14T11:19:13.639+0000] {processor.py:161} INFO - Started process (PID=2589) to work on /home/airflow/.local/lib/python3.8/site-packages/airflow/example_dags/example_latest_only_with_trigger.py
[2024-03-14T11:19:13.640+0000] {processor.py:830} INFO - Processing file /home/airflow/.local/lib/python3.8/site-packages/airflow/example_dags/example_latest_only_with_trigger.py for tasks to queue
[2024-03-14T11:19:13.641+0000] {logging_mixin.py:188} INFO - [2024-03-14T11:19:13.640+0000] {dagbag.py:540} INFO - Filling up the DagBag from /home/airflow/.local/lib/python3.8/site-packages/airflow/example_dags/example_latest_only_with_trigger.py
[2024-03-14T11:19:13.643+0000] {processor.py:840} INFO - DAG(s) 'latest_only_with_trigger' retrieved from /home/airflow/.local/lib/python3.8/site-packages/airflow/example_dags/example_latest_only_with_trigger.py
[2024-03-14T11:19:13.653+0000] {logging_mixin.py:188} INFO - [2024-03-14T11:19:13.653+0000] {dag.py:3047} INFO - Sync 1 DAGs
[2024-03-14T11:19:13.662+0000] {logging_mixin.py:188} INFO - [2024-03-14T11:19:13.662+0000] {dag.py:3834} INFO - Setting next_dagrun for latest_only_with_trigger to 2024-03-14 04:00:00+00:00, run_after=2024-03-14 08:00:00+00:00
[2024-03-14T11:19:13.669+0000] {processor.py:183} INFO - Processing /home/airflow/.local/lib/python3.8/site-packages/airflow/example_dags/example_latest_only_with_trigger.py took 0.032 seconds
[2024-03-14T11:19:44.077+0000] {processor.py:161} INFO - Started process (PID=2644) to work on /home/airflow/.local/lib/python3.8/site-packages/airflow/example_dags/example_latest_only_with_trigger.py
[2024-03-14T11:19:44.077+0000] {processor.py:830} INFO - Processing file /home/airflow/.local/lib/python3.8/site-packages/airflow/example_dags/example_latest_only_with_trigger.py for tasks to queue
[2024-03-14T11:19:44.078+0000] {logging_mixin.py:188} INFO - [2024-03-14T11:19:44.078+0000] {dagbag.py:540} INFO - Filling up the DagBag from /home/airflow/.local/lib/python3.8/site-packages/airflow/example_dags/example_latest_only_with_trigger.py
[2024-03-14T11:19:44.081+0000] {processor.py:840} INFO - DAG(s) 'latest_only_with_trigger' retrieved from /home/airflow/.local/lib/python3.8/site-packages/airflow/example_dags/example_latest_only_with_trigger.py
[2024-03-14T11:19:44.091+0000] {logging_mixin.py:188} INFO - [2024-03-14T11:19:44.090+0000] {dag.py:3047} INFO - Sync 1 DAGs
[2024-03-14T11:19:44.099+0000] {logging_mixin.py:188} INFO - [2024-03-14T11:19:44.099+0000] {dag.py:3834} INFO - Setting next_dagrun for latest_only_with_trigger to 2024-03-14 04:00:00+00:00, run_after=2024-03-14 08:00:00+00:00
[2024-03-14T11:19:44.107+0000] {processor.py:183} INFO - Processing /home/airflow/.local/lib/python3.8/site-packages/airflow/example_dags/example_latest_only_with_trigger.py took 0.032 seconds
[2024-03-14T11:20:14.492+0000] {processor.py:161} INFO - Started process (PID=2699) to work on /home/airflow/.local/lib/python3.8/site-packages/airflow/example_dags/example_latest_only_with_trigger.py
[2024-03-14T11:20:14.493+0000] {processor.py:830} INFO - Processing file /home/airflow/.local/lib/python3.8/site-packages/airflow/example_dags/example_latest_only_with_trigger.py for tasks to queue
[2024-03-14T11:20:14.494+0000] {logging_mixin.py:188} INFO - [2024-03-14T11:20:14.494+0000] {dagbag.py:540} INFO - Filling up the DagBag from /home/airflow/.local/lib/python3.8/site-packages/airflow/example_dags/example_latest_only_with_trigger.py
[2024-03-14T11:20:14.496+0000] {processor.py:840} INFO - DAG(s) 'latest_only_with_trigger' retrieved from /home/airflow/.local/lib/python3.8/site-packages/airflow/example_dags/example_latest_only_with_trigger.py
[2024-03-14T11:20:14.506+0000] {logging_mixin.py:188} INFO - [2024-03-14T11:20:14.506+0000] {dag.py:3047} INFO - Sync 1 DAGs
[2024-03-14T11:20:14.515+0000] {logging_mixin.py:188} INFO - [2024-03-14T11:20:14.515+0000] {dag.py:3834} INFO - Setting next_dagrun for latest_only_with_trigger to 2024-03-14 04:00:00+00:00, run_after=2024-03-14 08:00:00+00:00
[2024-03-14T11:20:14.522+0000] {processor.py:183} INFO - Processing /home/airflow/.local/lib/python3.8/site-packages/airflow/example_dags/example_latest_only_with_trigger.py took 0.031 seconds
[2024-03-14T11:20:44.929+0000] {processor.py:161} INFO - Started process (PID=2754) to work on /home/airflow/.local/lib/python3.8/site-packages/airflow/example_dags/example_latest_only_with_trigger.py
[2024-03-14T11:20:44.930+0000] {processor.py:830} INFO - Processing file /home/airflow/.local/lib/python3.8/site-packages/airflow/example_dags/example_latest_only_with_trigger.py for tasks to queue
[2024-03-14T11:20:44.931+0000] {logging_mixin.py:188} INFO - [2024-03-14T11:20:44.931+0000] {dagbag.py:540} INFO - Filling up the DagBag from /home/airflow/.local/lib/python3.8/site-packages/airflow/example_dags/example_latest_only_with_trigger.py
[2024-03-14T11:20:44.934+0000] {processor.py:840} INFO - DAG(s) 'latest_only_with_trigger' retrieved from /home/airflow/.local/lib/python3.8/site-packages/airflow/example_dags/example_latest_only_with_trigger.py
[2024-03-14T11:20:44.943+0000] {logging_mixin.py:188} INFO - [2024-03-14T11:20:44.943+0000] {dag.py:3047} INFO - Sync 1 DAGs
[2024-03-14T11:20:44.953+0000] {logging_mixin.py:188} INFO - [2024-03-14T11:20:44.953+0000] {dag.py:3834} INFO - Setting next_dagrun for latest_only_with_trigger to 2024-03-14 04:00:00+00:00, run_after=2024-03-14 08:00:00+00:00
[2024-03-14T11:20:44.961+0000] {processor.py:183} INFO - Processing /home/airflow/.local/lib/python3.8/site-packages/airflow/example_dags/example_latest_only_with_trigger.py took 0.033 seconds
[2024-03-14T11:21:15.488+0000] {processor.py:161} INFO - Started process (PID=2809) to work on /home/airflow/.local/lib/python3.8/site-packages/airflow/example_dags/example_latest_only_with_trigger.py
[2024-03-14T11:21:15.489+0000] {processor.py:830} INFO - Processing file /home/airflow/.local/lib/python3.8/site-packages/airflow/example_dags/example_latest_only_with_trigger.py for tasks to queue
[2024-03-14T11:21:15.489+0000] {logging_mixin.py:188} INFO - [2024-03-14T11:21:15.489+0000] {dagbag.py:540} INFO - Filling up the DagBag from /home/airflow/.local/lib/python3.8/site-packages/airflow/example_dags/example_latest_only_with_trigger.py
[2024-03-14T11:21:15.492+0000] {processor.py:840} INFO - DAG(s) 'latest_only_with_trigger' retrieved from /home/airflow/.local/lib/python3.8/site-packages/airflow/example_dags/example_latest_only_with_trigger.py
[2024-03-14T11:21:15.501+0000] {logging_mixin.py:188} INFO - [2024-03-14T11:21:15.501+0000] {dag.py:3047} INFO - Sync 1 DAGs
[2024-03-14T11:21:15.510+0000] {logging_mixin.py:188} INFO - [2024-03-14T11:21:15.510+0000] {dag.py:3834} INFO - Setting next_dagrun for latest_only_with_trigger to 2024-03-14 04:00:00+00:00, run_after=2024-03-14 08:00:00+00:00
[2024-03-14T11:21:15.517+0000] {processor.py:183} INFO - Processing /home/airflow/.local/lib/python3.8/site-packages/airflow/example_dags/example_latest_only_with_trigger.py took 0.031 seconds
[2024-03-14T11:21:45.931+0000] {processor.py:161} INFO - Started process (PID=2864) to work on /home/airflow/.local/lib/python3.8/site-packages/airflow/example_dags/example_latest_only_with_trigger.py
[2024-03-14T11:21:45.932+0000] {processor.py:830} INFO - Processing file /home/airflow/.local/lib/python3.8/site-packages/airflow/example_dags/example_latest_only_with_trigger.py for tasks to queue
[2024-03-14T11:21:45.933+0000] {logging_mixin.py:188} INFO - [2024-03-14T11:21:45.932+0000] {dagbag.py:540} INFO - Filling up the DagBag from /home/airflow/.local/lib/python3.8/site-packages/airflow/example_dags/example_latest_only_with_trigger.py
[2024-03-14T11:21:45.935+0000] {processor.py:840} INFO - DAG(s) 'latest_only_with_trigger' retrieved from /home/airflow/.local/lib/python3.8/site-packages/airflow/example_dags/example_latest_only_with_trigger.py
[2024-03-14T11:21:45.944+0000] {logging_mixin.py:188} INFO - [2024-03-14T11:21:45.944+0000] {dag.py:3047} INFO - Sync 1 DAGs
[2024-03-14T11:21:45.953+0000] {logging_mixin.py:188} INFO - [2024-03-14T11:21:45.953+0000] {dag.py:3834} INFO - Setting next_dagrun for latest_only_with_trigger to 2024-03-14 04:00:00+00:00, run_after=2024-03-14 08:00:00+00:00
[2024-03-14T11:21:45.960+0000] {processor.py:183} INFO - Processing /home/airflow/.local/lib/python3.8/site-packages/airflow/example_dags/example_latest_only_with_trigger.py took 0.030 seconds
[2024-03-14T11:22:16.430+0000] {processor.py:161} INFO - Started process (PID=2919) to work on /home/airflow/.local/lib/python3.8/site-packages/airflow/example_dags/example_latest_only_with_trigger.py
[2024-03-14T11:22:16.431+0000] {processor.py:830} INFO - Processing file /home/airflow/.local/lib/python3.8/site-packages/airflow/example_dags/example_latest_only_with_trigger.py for tasks to queue
[2024-03-14T11:22:16.432+0000] {logging_mixin.py:188} INFO - [2024-03-14T11:22:16.432+0000] {dagbag.py:540} INFO - Filling up the DagBag from /home/airflow/.local/lib/python3.8/site-packages/airflow/example_dags/example_latest_only_with_trigger.py
[2024-03-14T11:22:16.434+0000] {processor.py:840} INFO - DAG(s) 'latest_only_with_trigger' retrieved from /home/airflow/.local/lib/python3.8/site-packages/airflow/example_dags/example_latest_only_with_trigger.py
[2024-03-14T11:22:16.444+0000] {logging_mixin.py:188} INFO - [2024-03-14T11:22:16.444+0000] {dag.py:3047} INFO - Sync 1 DAGs
[2024-03-14T11:22:16.453+0000] {logging_mixin.py:188} INFO - [2024-03-14T11:22:16.453+0000] {dag.py:3834} INFO - Setting next_dagrun for latest_only_with_trigger to 2024-03-14 04:00:00+00:00, run_after=2024-03-14 08:00:00+00:00
[2024-03-14T11:22:16.460+0000] {processor.py:183} INFO - Processing /home/airflow/.local/lib/python3.8/site-packages/airflow/example_dags/example_latest_only_with_trigger.py took 0.031 seconds
[2024-03-14T11:22:46.874+0000] {processor.py:161} INFO - Started process (PID=2974) to work on /home/airflow/.local/lib/python3.8/site-packages/airflow/example_dags/example_latest_only_with_trigger.py
[2024-03-14T11:22:46.875+0000] {processor.py:830} INFO - Processing file /home/airflow/.local/lib/python3.8/site-packages/airflow/example_dags/example_latest_only_with_trigger.py for tasks to queue
[2024-03-14T11:22:46.875+0000] {logging_mixin.py:188} INFO - [2024-03-14T11:22:46.875+0000] {dagbag.py:540} INFO - Filling up the DagBag from /home/airflow/.local/lib/python3.8/site-packages/airflow/example_dags/example_latest_only_with_trigger.py
[2024-03-14T11:22:46.878+0000] {processor.py:840} INFO - DAG(s) 'latest_only_with_trigger' retrieved from /home/airflow/.local/lib/python3.8/site-packages/airflow/example_dags/example_latest_only_with_trigger.py
[2024-03-14T11:22:46.887+0000] {logging_mixin.py:188} INFO - [2024-03-14T11:22:46.887+0000] {dag.py:3047} INFO - Sync 1 DAGs
[2024-03-14T11:22:46.897+0000] {logging_mixin.py:188} INFO - [2024-03-14T11:22:46.896+0000] {dag.py:3834} INFO - Setting next_dagrun for latest_only_with_trigger to 2024-03-14 04:00:00+00:00, run_after=2024-03-14 08:00:00+00:00
[2024-03-14T11:22:46.903+0000] {processor.py:183} INFO - Processing /home/airflow/.local/lib/python3.8/site-packages/airflow/example_dags/example_latest_only_with_trigger.py took 0.031 seconds
[2024-03-14T11:23:17.279+0000] {processor.py:161} INFO - Started process (PID=3029) to work on /home/airflow/.local/lib/python3.8/site-packages/airflow/example_dags/example_latest_only_with_trigger.py
[2024-03-14T11:23:17.280+0000] {processor.py:830} INFO - Processing file /home/airflow/.local/lib/python3.8/site-packages/airflow/example_dags/example_latest_only_with_trigger.py for tasks to queue
[2024-03-14T11:23:17.281+0000] {logging_mixin.py:188} INFO - [2024-03-14T11:23:17.281+0000] {dagbag.py:540} INFO - Filling up the DagBag from /home/airflow/.local/lib/python3.8/site-packages/airflow/example_dags/example_latest_only_with_trigger.py
[2024-03-14T11:23:17.284+0000] {processor.py:840} INFO - DAG(s) 'latest_only_with_trigger' retrieved from /home/airflow/.local/lib/python3.8/site-packages/airflow/example_dags/example_latest_only_with_trigger.py
[2024-03-14T11:23:17.293+0000] {logging_mixin.py:188} INFO - [2024-03-14T11:23:17.293+0000] {dag.py:3047} INFO - Sync 1 DAGs
[2024-03-14T11:23:17.302+0000] {logging_mixin.py:188} INFO - [2024-03-14T11:23:17.302+0000] {dag.py:3834} INFO - Setting next_dagrun for latest_only_with_trigger to 2024-03-14 04:00:00+00:00, run_after=2024-03-14 08:00:00+00:00
[2024-03-14T11:23:17.310+0000] {processor.py:183} INFO - Processing /home/airflow/.local/lib/python3.8/site-packages/airflow/example_dags/example_latest_only_with_trigger.py took 0.033 seconds
[2024-03-14T11:23:47.755+0000] {processor.py:161} INFO - Started process (PID=3084) to work on /home/airflow/.local/lib/python3.8/site-packages/airflow/example_dags/example_latest_only_with_trigger.py
[2024-03-14T11:23:47.756+0000] {processor.py:830} INFO - Processing file /home/airflow/.local/lib/python3.8/site-packages/airflow/example_dags/example_latest_only_with_trigger.py for tasks to queue
[2024-03-14T11:23:47.757+0000] {logging_mixin.py:188} INFO - [2024-03-14T11:23:47.756+0000] {dagbag.py:540} INFO - Filling up the DagBag from /home/airflow/.local/lib/python3.8/site-packages/airflow/example_dags/example_latest_only_with_trigger.py
[2024-03-14T11:23:47.759+0000] {processor.py:840} INFO - DAG(s) 'latest_only_with_trigger' retrieved from /home/airflow/.local/lib/python3.8/site-packages/airflow/example_dags/example_latest_only_with_trigger.py
[2024-03-14T11:23:47.769+0000] {logging_mixin.py:188} INFO - [2024-03-14T11:23:47.769+0000] {dag.py:3047} INFO - Sync 1 DAGs
[2024-03-14T11:23:47.778+0000] {logging_mixin.py:188} INFO - [2024-03-14T11:23:47.778+0000] {dag.py:3834} INFO - Setting next_dagrun for latest_only_with_trigger to 2024-03-14 04:00:00+00:00, run_after=2024-03-14 08:00:00+00:00
[2024-03-14T11:23:47.785+0000] {processor.py:183} INFO - Processing /home/airflow/.local/lib/python3.8/site-packages/airflow/example_dags/example_latest_only_with_trigger.py took 0.032 seconds
[2024-03-14T11:24:18.127+0000] {processor.py:161} INFO - Started process (PID=3139) to work on /home/airflow/.local/lib/python3.8/site-packages/airflow/example_dags/example_latest_only_with_trigger.py
[2024-03-14T11:24:18.128+0000] {processor.py:830} INFO - Processing file /home/airflow/.local/lib/python3.8/site-packages/airflow/example_dags/example_latest_only_with_trigger.py for tasks to queue
[2024-03-14T11:24:18.129+0000] {logging_mixin.py:188} INFO - [2024-03-14T11:24:18.129+0000] {dagbag.py:540} INFO - Filling up the DagBag from /home/airflow/.local/lib/python3.8/site-packages/airflow/example_dags/example_latest_only_with_trigger.py
[2024-03-14T11:24:18.132+0000] {processor.py:840} INFO - DAG(s) 'latest_only_with_trigger' retrieved from /home/airflow/.local/lib/python3.8/site-packages/airflow/example_dags/example_latest_only_with_trigger.py
[2024-03-14T11:24:18.141+0000] {logging_mixin.py:188} INFO - [2024-03-14T11:24:18.141+0000] {dag.py:3047} INFO - Sync 1 DAGs
[2024-03-14T11:24:18.150+0000] {logging_mixin.py:188} INFO - [2024-03-14T11:24:18.150+0000] {dag.py:3834} INFO - Setting next_dagrun for latest_only_with_trigger to 2024-03-14 04:00:00+00:00, run_after=2024-03-14 08:00:00+00:00
[2024-03-14T11:24:18.157+0000] {processor.py:183} INFO - Processing /home/airflow/.local/lib/python3.8/site-packages/airflow/example_dags/example_latest_only_with_trigger.py took 0.031 seconds
[2024-03-14T11:24:48.475+0000] {processor.py:161} INFO - Started process (PID=3194) to work on /home/airflow/.local/lib/python3.8/site-packages/airflow/example_dags/example_latest_only_with_trigger.py
[2024-03-14T11:24:48.475+0000] {processor.py:830} INFO - Processing file /home/airflow/.local/lib/python3.8/site-packages/airflow/example_dags/example_latest_only_with_trigger.py for tasks to queue
[2024-03-14T11:24:48.476+0000] {logging_mixin.py:188} INFO - [2024-03-14T11:24:48.476+0000] {dagbag.py:540} INFO - Filling up the DagBag from /home/airflow/.local/lib/python3.8/site-packages/airflow/example_dags/example_latest_only_with_trigger.py
[2024-03-14T11:24:48.479+0000] {processor.py:840} INFO - DAG(s) 'latest_only_with_trigger' retrieved from /home/airflow/.local/lib/python3.8/site-packages/airflow/example_dags/example_latest_only_with_trigger.py
[2024-03-14T11:24:48.488+0000] {logging_mixin.py:188} INFO - [2024-03-14T11:24:48.488+0000] {dag.py:3047} INFO - Sync 1 DAGs
[2024-03-14T11:24:48.497+0000] {logging_mixin.py:188} INFO - [2024-03-14T11:24:48.497+0000] {dag.py:3834} INFO - Setting next_dagrun for latest_only_with_trigger to 2024-03-14 04:00:00+00:00, run_after=2024-03-14 08:00:00+00:00
[2024-03-14T11:24:48.505+0000] {processor.py:183} INFO - Processing /home/airflow/.local/lib/python3.8/site-packages/airflow/example_dags/example_latest_only_with_trigger.py took 0.032 seconds
[2024-03-14T11:25:18.907+0000] {processor.py:161} INFO - Started process (PID=3249) to work on /home/airflow/.local/lib/python3.8/site-packages/airflow/example_dags/example_latest_only_with_trigger.py
[2024-03-14T11:25:18.908+0000] {processor.py:830} INFO - Processing file /home/airflow/.local/lib/python3.8/site-packages/airflow/example_dags/example_latest_only_with_trigger.py for tasks to queue
[2024-03-14T11:25:18.908+0000] {logging_mixin.py:188} INFO - [2024-03-14T11:25:18.908+0000] {dagbag.py:540} INFO - Filling up the DagBag from /home/airflow/.local/lib/python3.8/site-packages/airflow/example_dags/example_latest_only_with_trigger.py
[2024-03-14T11:25:18.911+0000] {processor.py:840} INFO - DAG(s) 'latest_only_with_trigger' retrieved from /home/airflow/.local/lib/python3.8/site-packages/airflow/example_dags/example_latest_only_with_trigger.py
[2024-03-14T11:25:18.921+0000] {logging_mixin.py:188} INFO - [2024-03-14T11:25:18.920+0000] {dag.py:3047} INFO - Sync 1 DAGs
[2024-03-14T11:25:18.930+0000] {logging_mixin.py:188} INFO - [2024-03-14T11:25:18.930+0000] {dag.py:3834} INFO - Setting next_dagrun for latest_only_with_trigger to 2024-03-14 04:00:00+00:00, run_after=2024-03-14 08:00:00+00:00
[2024-03-14T11:25:18.938+0000] {processor.py:183} INFO - Processing /home/airflow/.local/lib/python3.8/site-packages/airflow/example_dags/example_latest_only_with_trigger.py took 0.032 seconds
[2024-03-14T11:25:49.412+0000] {processor.py:161} INFO - Started process (PID=3304) to work on /home/airflow/.local/lib/python3.8/site-packages/airflow/example_dags/example_latest_only_with_trigger.py
[2024-03-14T11:25:49.412+0000] {processor.py:830} INFO - Processing file /home/airflow/.local/lib/python3.8/site-packages/airflow/example_dags/example_latest_only_with_trigger.py for tasks to queue
[2024-03-14T11:25:49.413+0000] {logging_mixin.py:188} INFO - [2024-03-14T11:25:49.413+0000] {dagbag.py:540} INFO - Filling up the DagBag from /home/airflow/.local/lib/python3.8/site-packages/airflow/example_dags/example_latest_only_with_trigger.py
[2024-03-14T11:25:49.416+0000] {processor.py:840} INFO - DAG(s) 'latest_only_with_trigger' retrieved from /home/airflow/.local/lib/python3.8/site-packages/airflow/example_dags/example_latest_only_with_trigger.py
[2024-03-14T11:25:49.424+0000] {logging_mixin.py:188} INFO - [2024-03-14T11:25:49.424+0000] {dag.py:3047} INFO - Sync 1 DAGs
[2024-03-14T11:25:49.433+0000] {logging_mixin.py:188} INFO - [2024-03-14T11:25:49.432+0000] {dag.py:3834} INFO - Setting next_dagrun for latest_only_with_trigger to 2024-03-14 04:00:00+00:00, run_after=2024-03-14 08:00:00+00:00
[2024-03-14T11:25:49.439+0000] {processor.py:183} INFO - Processing /home/airflow/.local/lib/python3.8/site-packages/airflow/example_dags/example_latest_only_with_trigger.py took 0.029 seconds
[2024-03-14T11:26:19.872+0000] {processor.py:161} INFO - Started process (PID=3359) to work on /home/airflow/.local/lib/python3.8/site-packages/airflow/example_dags/example_latest_only_with_trigger.py
[2024-03-14T11:26:19.873+0000] {processor.py:830} INFO - Processing file /home/airflow/.local/lib/python3.8/site-packages/airflow/example_dags/example_latest_only_with_trigger.py for tasks to queue
[2024-03-14T11:26:19.873+0000] {logging_mixin.py:188} INFO - [2024-03-14T11:26:19.873+0000] {dagbag.py:540} INFO - Filling up the DagBag from /home/airflow/.local/lib/python3.8/site-packages/airflow/example_dags/example_latest_only_with_trigger.py
[2024-03-14T11:26:19.876+0000] {processor.py:840} INFO - DAG(s) 'latest_only_with_trigger' retrieved from /home/airflow/.local/lib/python3.8/site-packages/airflow/example_dags/example_latest_only_with_trigger.py
[2024-03-14T11:26:19.885+0000] {logging_mixin.py:188} INFO - [2024-03-14T11:26:19.885+0000] {dag.py:3047} INFO - Sync 1 DAGs
[2024-03-14T11:26:19.894+0000] {logging_mixin.py:188} INFO - [2024-03-14T11:26:19.894+0000] {dag.py:3834} INFO - Setting next_dagrun for latest_only_with_trigger to 2024-03-14 04:00:00+00:00, run_after=2024-03-14 08:00:00+00:00
[2024-03-14T11:26:19.901+0000] {processor.py:183} INFO - Processing /home/airflow/.local/lib/python3.8/site-packages/airflow/example_dags/example_latest_only_with_trigger.py took 0.031 seconds
[2024-03-14T11:26:50.319+0000] {processor.py:161} INFO - Started process (PID=3420) to work on /home/airflow/.local/lib/python3.8/site-packages/airflow/example_dags/example_latest_only_with_trigger.py
[2024-03-14T11:26:50.320+0000] {processor.py:830} INFO - Processing file /home/airflow/.local/lib/python3.8/site-packages/airflow/example_dags/example_latest_only_with_trigger.py for tasks to queue
[2024-03-14T11:26:50.320+0000] {logging_mixin.py:188} INFO - [2024-03-14T11:26:50.320+0000] {dagbag.py:540} INFO - Filling up the DagBag from /home/airflow/.local/lib/python3.8/site-packages/airflow/example_dags/example_latest_only_with_trigger.py
[2024-03-14T11:26:50.323+0000] {processor.py:840} INFO - DAG(s) 'latest_only_with_trigger' retrieved from /home/airflow/.local/lib/python3.8/site-packages/airflow/example_dags/example_latest_only_with_trigger.py
[2024-03-14T11:26:50.334+0000] {logging_mixin.py:188} INFO - [2024-03-14T11:26:50.334+0000] {dag.py:3047} INFO - Sync 1 DAGs
[2024-03-14T11:26:50.343+0000] {logging_mixin.py:188} INFO - [2024-03-14T11:26:50.343+0000] {dag.py:3834} INFO - Setting next_dagrun for latest_only_with_trigger to 2024-03-14 04:00:00+00:00, run_after=2024-03-14 08:00:00+00:00
[2024-03-14T11:26:50.350+0000] {processor.py:183} INFO - Processing /home/airflow/.local/lib/python3.8/site-packages/airflow/example_dags/example_latest_only_with_trigger.py took 0.032 seconds
[2024-03-14T11:27:20.838+0000] {processor.py:161} INFO - Started process (PID=3474) to work on /home/airflow/.local/lib/python3.8/site-packages/airflow/example_dags/example_latest_only_with_trigger.py
[2024-03-14T11:27:20.838+0000] {processor.py:830} INFO - Processing file /home/airflow/.local/lib/python3.8/site-packages/airflow/example_dags/example_latest_only_with_trigger.py for tasks to queue
[2024-03-14T11:27:20.839+0000] {logging_mixin.py:188} INFO - [2024-03-14T11:27:20.839+0000] {dagbag.py:540} INFO - Filling up the DagBag from /home/airflow/.local/lib/python3.8/site-packages/airflow/example_dags/example_latest_only_with_trigger.py
[2024-03-14T11:27:20.842+0000] {processor.py:840} INFO - DAG(s) 'latest_only_with_trigger' retrieved from /home/airflow/.local/lib/python3.8/site-packages/airflow/example_dags/example_latest_only_with_trigger.py
[2024-03-14T11:27:20.851+0000] {logging_mixin.py:188} INFO - [2024-03-14T11:27:20.851+0000] {dag.py:3047} INFO - Sync 1 DAGs
[2024-03-14T11:27:20.860+0000] {logging_mixin.py:188} INFO - [2024-03-14T11:27:20.860+0000] {dag.py:3834} INFO - Setting next_dagrun for latest_only_with_trigger to 2024-03-14 04:00:00+00:00, run_after=2024-03-14 08:00:00+00:00
[2024-03-14T11:27:20.867+0000] {processor.py:183} INFO - Processing /home/airflow/.local/lib/python3.8/site-packages/airflow/example_dags/example_latest_only_with_trigger.py took 0.031 seconds
[2024-03-14T11:27:51.531+0000] {processor.py:161} INFO - Started process (PID=3529) to work on /home/airflow/.local/lib/python3.8/site-packages/airflow/example_dags/example_latest_only_with_trigger.py
[2024-03-14T11:27:51.532+0000] {processor.py:830} INFO - Processing file /home/airflow/.local/lib/python3.8/site-packages/airflow/example_dags/example_latest_only_with_trigger.py for tasks to queue
[2024-03-14T11:27:51.532+0000] {logging_mixin.py:188} INFO - [2024-03-14T11:27:51.532+0000] {dagbag.py:540} INFO - Filling up the DagBag from /home/airflow/.local/lib/python3.8/site-packages/airflow/example_dags/example_latest_only_with_trigger.py
[2024-03-14T11:27:51.535+0000] {processor.py:840} INFO - DAG(s) 'latest_only_with_trigger' retrieved from /home/airflow/.local/lib/python3.8/site-packages/airflow/example_dags/example_latest_only_with_trigger.py
[2024-03-14T11:27:51.544+0000] {logging_mixin.py:188} INFO - [2024-03-14T11:27:51.544+0000] {dag.py:3047} INFO - Sync 1 DAGs
[2024-03-14T11:27:51.553+0000] {logging_mixin.py:188} INFO - [2024-03-14T11:27:51.553+0000] {dag.py:3834} INFO - Setting next_dagrun for latest_only_with_trigger to 2024-03-14 04:00:00+00:00, run_after=2024-03-14 08:00:00+00:00
[2024-03-14T11:27:51.560+0000] {processor.py:183} INFO - Processing /home/airflow/.local/lib/python3.8/site-packages/airflow/example_dags/example_latest_only_with_trigger.py took 0.031 seconds
[2024-03-14T11:28:22.984+0000] {processor.py:161} INFO - Started process (PID=3584) to work on /home/airflow/.local/lib/python3.8/site-packages/airflow/example_dags/example_latest_only_with_trigger.py
[2024-03-14T11:28:22.985+0000] {processor.py:830} INFO - Processing file /home/airflow/.local/lib/python3.8/site-packages/airflow/example_dags/example_latest_only_with_trigger.py for tasks to queue
[2024-03-14T11:28:22.986+0000] {logging_mixin.py:188} INFO - [2024-03-14T11:28:22.986+0000] {dagbag.py:540} INFO - Filling up the DagBag from /home/airflow/.local/lib/python3.8/site-packages/airflow/example_dags/example_latest_only_with_trigger.py
[2024-03-14T11:28:22.989+0000] {processor.py:840} INFO - DAG(s) 'latest_only_with_trigger' retrieved from /home/airflow/.local/lib/python3.8/site-packages/airflow/example_dags/example_latest_only_with_trigger.py
[2024-03-14T11:28:23.000+0000] {logging_mixin.py:188} INFO - [2024-03-14T11:28:23.000+0000] {dag.py:3047} INFO - Sync 1 DAGs
[2024-03-14T11:28:23.010+0000] {logging_mixin.py:188} INFO - [2024-03-14T11:28:23.010+0000] {dag.py:3834} INFO - Setting next_dagrun for latest_only_with_trigger to 2024-03-14 04:00:00+00:00, run_after=2024-03-14 08:00:00+00:00
[2024-03-14T11:28:23.017+0000] {processor.py:183} INFO - Processing /home/airflow/.local/lib/python3.8/site-packages/airflow/example_dags/example_latest_only_with_trigger.py took 0.034 seconds
