[2024-03-14T10:55:54.932+0000] {processor.py:161} INFO - Started process (PID=59) to work on /home/airflow/.local/lib/python3.8/site-packages/airflow/example_dags/example_nested_branch_dag.py
[2024-03-14T10:55:54.933+0000] {processor.py:830} INFO - Processing file /home/airflow/.local/lib/python3.8/site-packages/airflow/example_dags/example_nested_branch_dag.py for tasks to queue
[2024-03-14T10:55:54.935+0000] {logging_mixin.py:188} INFO - [2024-03-14T10:55:54.934+0000] {dagbag.py:540} INFO - Filling up the DagBag from /home/airflow/.local/lib/python3.8/site-packages/airflow/example_dags/example_nested_branch_dag.py
[2024-03-14T10:55:54.942+0000] {processor.py:840} INFO - DAG(s) 'example_nested_branch_dag' retrieved from /home/airflow/.local/lib/python3.8/site-packages/airflow/example_dags/example_nested_branch_dag.py
[2024-03-14T10:55:54.952+0000] {logging_mixin.py:188} INFO - [2024-03-14T10:55:54.952+0000] {dag.py:3047} INFO - Sync 1 DAGs
[2024-03-14T10:55:54.967+0000] {logging_mixin.py:188} INFO - [2024-03-14T10:55:54.967+0000] {dag.py:3834} INFO - Setting next_dagrun for example_nested_branch_dag to 2024-03-13 00:00:00+00:00, run_after=2024-03-14 00:00:00+00:00
[2024-03-14T10:55:54.986+0000] {processor.py:183} INFO - Processing /home/airflow/.local/lib/python3.8/site-packages/airflow/example_dags/example_nested_branch_dag.py took 0.056 seconds
[2024-03-14T10:56:25.008+0000] {processor.py:161} INFO - Started process (PID=114) to work on /home/airflow/.local/lib/python3.8/site-packages/airflow/example_dags/example_nested_branch_dag.py
[2024-03-14T10:56:25.009+0000] {processor.py:830} INFO - Processing file /home/airflow/.local/lib/python3.8/site-packages/airflow/example_dags/example_nested_branch_dag.py for tasks to queue
[2024-03-14T10:56:25.010+0000] {logging_mixin.py:188} INFO - [2024-03-14T10:56:25.010+0000] {dagbag.py:540} INFO - Filling up the DagBag from /home/airflow/.local/lib/python3.8/site-packages/airflow/example_dags/example_nested_branch_dag.py
[2024-03-14T10:56:25.014+0000] {processor.py:840} INFO - DAG(s) 'example_nested_branch_dag' retrieved from /home/airflow/.local/lib/python3.8/site-packages/airflow/example_dags/example_nested_branch_dag.py
[2024-03-14T10:56:25.056+0000] {logging_mixin.py:188} INFO - [2024-03-14T10:56:25.056+0000] {dag.py:3047} INFO - Sync 1 DAGs
[2024-03-14T10:56:25.064+0000] {logging_mixin.py:188} INFO - [2024-03-14T10:56:25.064+0000] {dag.py:3834} INFO - Setting next_dagrun for example_nested_branch_dag to 2024-03-13 00:00:00+00:00, run_after=2024-03-14 00:00:00+00:00
[2024-03-14T10:56:25.071+0000] {processor.py:183} INFO - Processing /home/airflow/.local/lib/python3.8/site-packages/airflow/example_dags/example_nested_branch_dag.py took 0.064 seconds
[2024-03-14T10:56:55.098+0000] {processor.py:161} INFO - Started process (PID=169) to work on /home/airflow/.local/lib/python3.8/site-packages/airflow/example_dags/example_nested_branch_dag.py
[2024-03-14T10:56:55.098+0000] {processor.py:830} INFO - Processing file /home/airflow/.local/lib/python3.8/site-packages/airflow/example_dags/example_nested_branch_dag.py for tasks to queue
[2024-03-14T10:56:55.099+0000] {logging_mixin.py:188} INFO - [2024-03-14T10:56:55.099+0000] {dagbag.py:540} INFO - Filling up the DagBag from /home/airflow/.local/lib/python3.8/site-packages/airflow/example_dags/example_nested_branch_dag.py
[2024-03-14T10:56:55.104+0000] {processor.py:840} INFO - DAG(s) 'example_nested_branch_dag' retrieved from /home/airflow/.local/lib/python3.8/site-packages/airflow/example_dags/example_nested_branch_dag.py
[2024-03-14T10:56:55.114+0000] {logging_mixin.py:188} INFO - [2024-03-14T10:56:55.114+0000] {dag.py:3047} INFO - Sync 1 DAGs
[2024-03-14T10:56:55.124+0000] {logging_mixin.py:188} INFO - [2024-03-14T10:56:55.124+0000] {dag.py:3834} INFO - Setting next_dagrun for example_nested_branch_dag to 2024-03-13 00:00:00+00:00, run_after=2024-03-14 00:00:00+00:00
[2024-03-14T10:56:55.132+0000] {processor.py:183} INFO - Processing /home/airflow/.local/lib/python3.8/site-packages/airflow/example_dags/example_nested_branch_dag.py took 0.036 seconds
[2024-03-14T10:57:25.553+0000] {processor.py:161} INFO - Started process (PID=223) to work on /home/airflow/.local/lib/python3.8/site-packages/airflow/example_dags/example_nested_branch_dag.py
[2024-03-14T10:57:25.554+0000] {processor.py:830} INFO - Processing file /home/airflow/.local/lib/python3.8/site-packages/airflow/example_dags/example_nested_branch_dag.py for tasks to queue
[2024-03-14T10:57:25.555+0000] {logging_mixin.py:188} INFO - [2024-03-14T10:57:25.554+0000] {dagbag.py:540} INFO - Filling up the DagBag from /home/airflow/.local/lib/python3.8/site-packages/airflow/example_dags/example_nested_branch_dag.py
[2024-03-14T10:57:25.559+0000] {processor.py:840} INFO - DAG(s) 'example_nested_branch_dag' retrieved from /home/airflow/.local/lib/python3.8/site-packages/airflow/example_dags/example_nested_branch_dag.py
[2024-03-14T10:57:25.568+0000] {logging_mixin.py:188} INFO - [2024-03-14T10:57:25.568+0000] {dag.py:3047} INFO - Sync 1 DAGs
[2024-03-14T10:57:25.577+0000] {logging_mixin.py:188} INFO - [2024-03-14T10:57:25.577+0000] {dag.py:3834} INFO - Setting next_dagrun for example_nested_branch_dag to 2024-03-13 00:00:00+00:00, run_after=2024-03-14 00:00:00+00:00
[2024-03-14T10:57:25.585+0000] {processor.py:183} INFO - Processing /home/airflow/.local/lib/python3.8/site-packages/airflow/example_dags/example_nested_branch_dag.py took 0.033 seconds
[2024-03-14T10:57:55.999+0000] {processor.py:161} INFO - Started process (PID=278) to work on /home/airflow/.local/lib/python3.8/site-packages/airflow/example_dags/example_nested_branch_dag.py
[2024-03-14T10:57:55.999+0000] {processor.py:830} INFO - Processing file /home/airflow/.local/lib/python3.8/site-packages/airflow/example_dags/example_nested_branch_dag.py for tasks to queue
[2024-03-14T10:57:56.000+0000] {logging_mixin.py:188} INFO - [2024-03-14T10:57:56.000+0000] {dagbag.py:540} INFO - Filling up the DagBag from /home/airflow/.local/lib/python3.8/site-packages/airflow/example_dags/example_nested_branch_dag.py
[2024-03-14T10:57:56.005+0000] {processor.py:840} INFO - DAG(s) 'example_nested_branch_dag' retrieved from /home/airflow/.local/lib/python3.8/site-packages/airflow/example_dags/example_nested_branch_dag.py
[2024-03-14T10:57:56.016+0000] {logging_mixin.py:188} INFO - [2024-03-14T10:57:56.016+0000] {dag.py:3047} INFO - Sync 1 DAGs
[2024-03-14T10:57:56.025+0000] {logging_mixin.py:188} INFO - [2024-03-14T10:57:56.025+0000] {dag.py:3834} INFO - Setting next_dagrun for example_nested_branch_dag to 2024-03-13 00:00:00+00:00, run_after=2024-03-14 00:00:00+00:00
[2024-03-14T10:57:56.032+0000] {processor.py:183} INFO - Processing /home/airflow/.local/lib/python3.8/site-packages/airflow/example_dags/example_nested_branch_dag.py took 0.034 seconds
[2024-03-14T10:58:26.281+0000] {processor.py:161} INFO - Started process (PID=333) to work on /home/airflow/.local/lib/python3.8/site-packages/airflow/example_dags/example_nested_branch_dag.py
[2024-03-14T10:58:26.282+0000] {processor.py:830} INFO - Processing file /home/airflow/.local/lib/python3.8/site-packages/airflow/example_dags/example_nested_branch_dag.py for tasks to queue
[2024-03-14T10:58:26.283+0000] {logging_mixin.py:188} INFO - [2024-03-14T10:58:26.283+0000] {dagbag.py:540} INFO - Filling up the DagBag from /home/airflow/.local/lib/python3.8/site-packages/airflow/example_dags/example_nested_branch_dag.py
[2024-03-14T10:58:26.287+0000] {processor.py:840} INFO - DAG(s) 'example_nested_branch_dag' retrieved from /home/airflow/.local/lib/python3.8/site-packages/airflow/example_dags/example_nested_branch_dag.py
[2024-03-14T10:58:26.296+0000] {logging_mixin.py:188} INFO - [2024-03-14T10:58:26.296+0000] {dag.py:3047} INFO - Sync 1 DAGs
[2024-03-14T10:58:26.305+0000] {logging_mixin.py:188} INFO - [2024-03-14T10:58:26.304+0000] {dag.py:3834} INFO - Setting next_dagrun for example_nested_branch_dag to 2024-03-13 00:00:00+00:00, run_after=2024-03-14 00:00:00+00:00
[2024-03-14T10:58:26.312+0000] {processor.py:183} INFO - Processing /home/airflow/.local/lib/python3.8/site-packages/airflow/example_dags/example_nested_branch_dag.py took 0.032 seconds
[2024-03-14T10:58:56.703+0000] {processor.py:161} INFO - Started process (PID=388) to work on /home/airflow/.local/lib/python3.8/site-packages/airflow/example_dags/example_nested_branch_dag.py
[2024-03-14T10:58:56.704+0000] {processor.py:830} INFO - Processing file /home/airflow/.local/lib/python3.8/site-packages/airflow/example_dags/example_nested_branch_dag.py for tasks to queue
[2024-03-14T10:58:56.705+0000] {logging_mixin.py:188} INFO - [2024-03-14T10:58:56.705+0000] {dagbag.py:540} INFO - Filling up the DagBag from /home/airflow/.local/lib/python3.8/site-packages/airflow/example_dags/example_nested_branch_dag.py
[2024-03-14T10:58:56.709+0000] {processor.py:840} INFO - DAG(s) 'example_nested_branch_dag' retrieved from /home/airflow/.local/lib/python3.8/site-packages/airflow/example_dags/example_nested_branch_dag.py
[2024-03-14T10:58:56.719+0000] {logging_mixin.py:188} INFO - [2024-03-14T10:58:56.719+0000] {dag.py:3047} INFO - Sync 1 DAGs
[2024-03-14T10:58:56.728+0000] {logging_mixin.py:188} INFO - [2024-03-14T10:58:56.728+0000] {dag.py:3834} INFO - Setting next_dagrun for example_nested_branch_dag to 2024-03-13 00:00:00+00:00, run_after=2024-03-14 00:00:00+00:00
[2024-03-14T10:58:56.735+0000] {processor.py:183} INFO - Processing /home/airflow/.local/lib/python3.8/site-packages/airflow/example_dags/example_nested_branch_dag.py took 0.033 seconds
[2024-03-14T10:59:27.056+0000] {processor.py:161} INFO - Started process (PID=443) to work on /home/airflow/.local/lib/python3.8/site-packages/airflow/example_dags/example_nested_branch_dag.py
[2024-03-14T10:59:27.056+0000] {processor.py:830} INFO - Processing file /home/airflow/.local/lib/python3.8/site-packages/airflow/example_dags/example_nested_branch_dag.py for tasks to queue
[2024-03-14T10:59:27.057+0000] {logging_mixin.py:188} INFO - [2024-03-14T10:59:27.057+0000] {dagbag.py:540} INFO - Filling up the DagBag from /home/airflow/.local/lib/python3.8/site-packages/airflow/example_dags/example_nested_branch_dag.py
[2024-03-14T10:59:27.061+0000] {processor.py:840} INFO - DAG(s) 'example_nested_branch_dag' retrieved from /home/airflow/.local/lib/python3.8/site-packages/airflow/example_dags/example_nested_branch_dag.py
[2024-03-14T10:59:27.072+0000] {logging_mixin.py:188} INFO - [2024-03-14T10:59:27.072+0000] {dag.py:3047} INFO - Sync 1 DAGs
[2024-03-14T10:59:27.082+0000] {logging_mixin.py:188} INFO - [2024-03-14T10:59:27.082+0000] {dag.py:3834} INFO - Setting next_dagrun for example_nested_branch_dag to 2024-03-13 00:00:00+00:00, run_after=2024-03-14 00:00:00+00:00
[2024-03-14T10:59:27.089+0000] {processor.py:183} INFO - Processing /home/airflow/.local/lib/python3.8/site-packages/airflow/example_dags/example_nested_branch_dag.py took 0.035 seconds
[2024-03-14T10:59:57.462+0000] {processor.py:161} INFO - Started process (PID=498) to work on /home/airflow/.local/lib/python3.8/site-packages/airflow/example_dags/example_nested_branch_dag.py
[2024-03-14T10:59:57.463+0000] {processor.py:830} INFO - Processing file /home/airflow/.local/lib/python3.8/site-packages/airflow/example_dags/example_nested_branch_dag.py for tasks to queue
[2024-03-14T10:59:57.465+0000] {logging_mixin.py:188} INFO - [2024-03-14T10:59:57.465+0000] {dagbag.py:540} INFO - Filling up the DagBag from /home/airflow/.local/lib/python3.8/site-packages/airflow/example_dags/example_nested_branch_dag.py
[2024-03-14T10:59:57.470+0000] {processor.py:840} INFO - DAG(s) 'example_nested_branch_dag' retrieved from /home/airflow/.local/lib/python3.8/site-packages/airflow/example_dags/example_nested_branch_dag.py
[2024-03-14T10:59:57.481+0000] {logging_mixin.py:188} INFO - [2024-03-14T10:59:57.481+0000] {dag.py:3047} INFO - Sync 1 DAGs
[2024-03-14T10:59:57.490+0000] {logging_mixin.py:188} INFO - [2024-03-14T10:59:57.490+0000] {dag.py:3834} INFO - Setting next_dagrun for example_nested_branch_dag to 2024-03-13 00:00:00+00:00, run_after=2024-03-14 00:00:00+00:00
[2024-03-14T10:59:57.498+0000] {processor.py:183} INFO - Processing /home/airflow/.local/lib/python3.8/site-packages/airflow/example_dags/example_nested_branch_dag.py took 0.038 seconds
[2024-03-14T11:00:27.878+0000] {processor.py:161} INFO - Started process (PID=552) to work on /home/airflow/.local/lib/python3.8/site-packages/airflow/example_dags/example_nested_branch_dag.py
[2024-03-14T11:00:27.878+0000] {processor.py:830} INFO - Processing file /home/airflow/.local/lib/python3.8/site-packages/airflow/example_dags/example_nested_branch_dag.py for tasks to queue
[2024-03-14T11:00:27.879+0000] {logging_mixin.py:188} INFO - [2024-03-14T11:00:27.879+0000] {dagbag.py:540} INFO - Filling up the DagBag from /home/airflow/.local/lib/python3.8/site-packages/airflow/example_dags/example_nested_branch_dag.py
[2024-03-14T11:00:27.884+0000] {processor.py:840} INFO - DAG(s) 'example_nested_branch_dag' retrieved from /home/airflow/.local/lib/python3.8/site-packages/airflow/example_dags/example_nested_branch_dag.py
[2024-03-14T11:00:27.894+0000] {logging_mixin.py:188} INFO - [2024-03-14T11:00:27.894+0000] {dag.py:3047} INFO - Sync 1 DAGs
[2024-03-14T11:00:27.903+0000] {logging_mixin.py:188} INFO - [2024-03-14T11:00:27.903+0000] {dag.py:3834} INFO - Setting next_dagrun for example_nested_branch_dag to 2024-03-13 00:00:00+00:00, run_after=2024-03-14 00:00:00+00:00
[2024-03-14T11:00:27.910+0000] {processor.py:183} INFO - Processing /home/airflow/.local/lib/python3.8/site-packages/airflow/example_dags/example_nested_branch_dag.py took 0.034 seconds
[2024-03-14T11:00:58.307+0000] {processor.py:161} INFO - Started process (PID=607) to work on /home/airflow/.local/lib/python3.8/site-packages/airflow/example_dags/example_nested_branch_dag.py
[2024-03-14T11:00:58.308+0000] {processor.py:830} INFO - Processing file /home/airflow/.local/lib/python3.8/site-packages/airflow/example_dags/example_nested_branch_dag.py for tasks to queue
[2024-03-14T11:00:58.308+0000] {logging_mixin.py:188} INFO - [2024-03-14T11:00:58.308+0000] {dagbag.py:540} INFO - Filling up the DagBag from /home/airflow/.local/lib/python3.8/site-packages/airflow/example_dags/example_nested_branch_dag.py
[2024-03-14T11:00:58.313+0000] {processor.py:840} INFO - DAG(s) 'example_nested_branch_dag' retrieved from /home/airflow/.local/lib/python3.8/site-packages/airflow/example_dags/example_nested_branch_dag.py
[2024-03-14T11:00:58.323+0000] {logging_mixin.py:188} INFO - [2024-03-14T11:00:58.322+0000] {dag.py:3047} INFO - Sync 1 DAGs
[2024-03-14T11:00:58.332+0000] {logging_mixin.py:188} INFO - [2024-03-14T11:00:58.332+0000] {dag.py:3834} INFO - Setting next_dagrun for example_nested_branch_dag to 2024-03-13 00:00:00+00:00, run_after=2024-03-14 00:00:00+00:00
[2024-03-14T11:00:58.339+0000] {processor.py:183} INFO - Processing /home/airflow/.local/lib/python3.8/site-packages/airflow/example_dags/example_nested_branch_dag.py took 0.034 seconds
[2024-03-14T11:01:28.872+0000] {processor.py:161} INFO - Started process (PID=661) to work on /home/airflow/.local/lib/python3.8/site-packages/airflow/example_dags/example_nested_branch_dag.py
[2024-03-14T11:01:28.873+0000] {processor.py:830} INFO - Processing file /home/airflow/.local/lib/python3.8/site-packages/airflow/example_dags/example_nested_branch_dag.py for tasks to queue
[2024-03-14T11:01:28.873+0000] {logging_mixin.py:188} INFO - [2024-03-14T11:01:28.873+0000] {dagbag.py:540} INFO - Filling up the DagBag from /home/airflow/.local/lib/python3.8/site-packages/airflow/example_dags/example_nested_branch_dag.py
[2024-03-14T11:01:28.878+0000] {processor.py:840} INFO - DAG(s) 'example_nested_branch_dag' retrieved from /home/airflow/.local/lib/python3.8/site-packages/airflow/example_dags/example_nested_branch_dag.py
[2024-03-14T11:01:28.888+0000] {logging_mixin.py:188} INFO - [2024-03-14T11:01:28.888+0000] {dag.py:3047} INFO - Sync 1 DAGs
[2024-03-14T11:01:28.897+0000] {logging_mixin.py:188} INFO - [2024-03-14T11:01:28.897+0000] {dag.py:3834} INFO - Setting next_dagrun for example_nested_branch_dag to 2024-03-13 00:00:00+00:00, run_after=2024-03-14 00:00:00+00:00
[2024-03-14T11:01:28.904+0000] {processor.py:183} INFO - Processing /home/airflow/.local/lib/python3.8/site-packages/airflow/example_dags/example_nested_branch_dag.py took 0.034 seconds
[2024-03-14T11:01:59.321+0000] {processor.py:161} INFO - Started process (PID=716) to work on /home/airflow/.local/lib/python3.8/site-packages/airflow/example_dags/example_nested_branch_dag.py
[2024-03-14T11:01:59.322+0000] {processor.py:830} INFO - Processing file /home/airflow/.local/lib/python3.8/site-packages/airflow/example_dags/example_nested_branch_dag.py for tasks to queue
[2024-03-14T11:01:59.323+0000] {logging_mixin.py:188} INFO - [2024-03-14T11:01:59.322+0000] {dagbag.py:540} INFO - Filling up the DagBag from /home/airflow/.local/lib/python3.8/site-packages/airflow/example_dags/example_nested_branch_dag.py
[2024-03-14T11:01:59.328+0000] {processor.py:840} INFO - DAG(s) 'example_nested_branch_dag' retrieved from /home/airflow/.local/lib/python3.8/site-packages/airflow/example_dags/example_nested_branch_dag.py
[2024-03-14T11:01:59.339+0000] {logging_mixin.py:188} INFO - [2024-03-14T11:01:59.339+0000] {dag.py:3047} INFO - Sync 1 DAGs
[2024-03-14T11:01:59.351+0000] {logging_mixin.py:188} INFO - [2024-03-14T11:01:59.350+0000] {dag.py:3834} INFO - Setting next_dagrun for example_nested_branch_dag to 2024-03-13 00:00:00+00:00, run_after=2024-03-14 00:00:00+00:00
[2024-03-14T11:01:59.359+0000] {processor.py:183} INFO - Processing /home/airflow/.local/lib/python3.8/site-packages/airflow/example_dags/example_nested_branch_dag.py took 0.040 seconds
[2024-03-14T11:02:29.853+0000] {processor.py:161} INFO - Started process (PID=772) to work on /home/airflow/.local/lib/python3.8/site-packages/airflow/example_dags/example_nested_branch_dag.py
[2024-03-14T11:02:29.853+0000] {processor.py:830} INFO - Processing file /home/airflow/.local/lib/python3.8/site-packages/airflow/example_dags/example_nested_branch_dag.py for tasks to queue
[2024-03-14T11:02:29.854+0000] {logging_mixin.py:188} INFO - [2024-03-14T11:02:29.854+0000] {dagbag.py:540} INFO - Filling up the DagBag from /home/airflow/.local/lib/python3.8/site-packages/airflow/example_dags/example_nested_branch_dag.py
[2024-03-14T11:02:29.860+0000] {processor.py:840} INFO - DAG(s) 'example_nested_branch_dag' retrieved from /home/airflow/.local/lib/python3.8/site-packages/airflow/example_dags/example_nested_branch_dag.py
[2024-03-14T11:02:29.870+0000] {logging_mixin.py:188} INFO - [2024-03-14T11:02:29.870+0000] {dag.py:3047} INFO - Sync 1 DAGs
[2024-03-14T11:02:29.880+0000] {logging_mixin.py:188} INFO - [2024-03-14T11:02:29.880+0000] {dag.py:3834} INFO - Setting next_dagrun for example_nested_branch_dag to 2024-03-13 00:00:00+00:00, run_after=2024-03-14 00:00:00+00:00
[2024-03-14T11:02:29.888+0000] {processor.py:183} INFO - Processing /home/airflow/.local/lib/python3.8/site-packages/airflow/example_dags/example_nested_branch_dag.py took 0.037 seconds
[2024-03-14T11:03:00.338+0000] {processor.py:161} INFO - Started process (PID=827) to work on /home/airflow/.local/lib/python3.8/site-packages/airflow/example_dags/example_nested_branch_dag.py
[2024-03-14T11:03:00.339+0000] {processor.py:830} INFO - Processing file /home/airflow/.local/lib/python3.8/site-packages/airflow/example_dags/example_nested_branch_dag.py for tasks to queue
[2024-03-14T11:03:00.340+0000] {logging_mixin.py:188} INFO - [2024-03-14T11:03:00.340+0000] {dagbag.py:540} INFO - Filling up the DagBag from /home/airflow/.local/lib/python3.8/site-packages/airflow/example_dags/example_nested_branch_dag.py
[2024-03-14T11:03:00.347+0000] {processor.py:840} INFO - DAG(s) 'example_nested_branch_dag' retrieved from /home/airflow/.local/lib/python3.8/site-packages/airflow/example_dags/example_nested_branch_dag.py
[2024-03-14T11:03:00.356+0000] {logging_mixin.py:188} INFO - [2024-03-14T11:03:00.356+0000] {dag.py:3047} INFO - Sync 1 DAGs
[2024-03-14T11:03:00.365+0000] {logging_mixin.py:188} INFO - [2024-03-14T11:03:00.365+0000] {dag.py:3834} INFO - Setting next_dagrun for example_nested_branch_dag to 2024-03-13 00:00:00+00:00, run_after=2024-03-14 00:00:00+00:00
[2024-03-14T11:03:00.373+0000] {processor.py:183} INFO - Processing /home/airflow/.local/lib/python3.8/site-packages/airflow/example_dags/example_nested_branch_dag.py took 0.036 seconds
[2024-03-14T11:03:30.773+0000] {processor.py:161} INFO - Started process (PID=882) to work on /home/airflow/.local/lib/python3.8/site-packages/airflow/example_dags/example_nested_branch_dag.py
[2024-03-14T11:03:30.773+0000] {processor.py:830} INFO - Processing file /home/airflow/.local/lib/python3.8/site-packages/airflow/example_dags/example_nested_branch_dag.py for tasks to queue
[2024-03-14T11:03:30.774+0000] {logging_mixin.py:188} INFO - [2024-03-14T11:03:30.774+0000] {dagbag.py:540} INFO - Filling up the DagBag from /home/airflow/.local/lib/python3.8/site-packages/airflow/example_dags/example_nested_branch_dag.py
[2024-03-14T11:03:30.778+0000] {processor.py:840} INFO - DAG(s) 'example_nested_branch_dag' retrieved from /home/airflow/.local/lib/python3.8/site-packages/airflow/example_dags/example_nested_branch_dag.py
[2024-03-14T11:03:30.788+0000] {logging_mixin.py:188} INFO - [2024-03-14T11:03:30.788+0000] {dag.py:3047} INFO - Sync 1 DAGs
[2024-03-14T11:03:30.798+0000] {logging_mixin.py:188} INFO - [2024-03-14T11:03:30.798+0000] {dag.py:3834} INFO - Setting next_dagrun for example_nested_branch_dag to 2024-03-13 00:00:00+00:00, run_after=2024-03-14 00:00:00+00:00
[2024-03-14T11:03:30.806+0000] {processor.py:183} INFO - Processing /home/airflow/.local/lib/python3.8/site-packages/airflow/example_dags/example_nested_branch_dag.py took 0.035 seconds
[2024-03-14T11:04:01.223+0000] {processor.py:161} INFO - Started process (PID=937) to work on /home/airflow/.local/lib/python3.8/site-packages/airflow/example_dags/example_nested_branch_dag.py
[2024-03-14T11:04:01.224+0000] {processor.py:830} INFO - Processing file /home/airflow/.local/lib/python3.8/site-packages/airflow/example_dags/example_nested_branch_dag.py for tasks to queue
[2024-03-14T11:04:01.225+0000] {logging_mixin.py:188} INFO - [2024-03-14T11:04:01.224+0000] {dagbag.py:540} INFO - Filling up the DagBag from /home/airflow/.local/lib/python3.8/site-packages/airflow/example_dags/example_nested_branch_dag.py
[2024-03-14T11:04:01.230+0000] {processor.py:840} INFO - DAG(s) 'example_nested_branch_dag' retrieved from /home/airflow/.local/lib/python3.8/site-packages/airflow/example_dags/example_nested_branch_dag.py
[2024-03-14T11:04:01.240+0000] {logging_mixin.py:188} INFO - [2024-03-14T11:04:01.240+0000] {dag.py:3047} INFO - Sync 1 DAGs
[2024-03-14T11:04:01.250+0000] {logging_mixin.py:188} INFO - [2024-03-14T11:04:01.250+0000] {dag.py:3834} INFO - Setting next_dagrun for example_nested_branch_dag to 2024-03-13 00:00:00+00:00, run_after=2024-03-14 00:00:00+00:00
[2024-03-14T11:04:01.258+0000] {processor.py:183} INFO - Processing /home/airflow/.local/lib/python3.8/site-packages/airflow/example_dags/example_nested_branch_dag.py took 0.037 seconds
[2024-03-14T11:04:31.682+0000] {processor.py:161} INFO - Started process (PID=992) to work on /home/airflow/.local/lib/python3.8/site-packages/airflow/example_dags/example_nested_branch_dag.py
[2024-03-14T11:04:31.683+0000] {processor.py:830} INFO - Processing file /home/airflow/.local/lib/python3.8/site-packages/airflow/example_dags/example_nested_branch_dag.py for tasks to queue
[2024-03-14T11:04:31.683+0000] {logging_mixin.py:188} INFO - [2024-03-14T11:04:31.683+0000] {dagbag.py:540} INFO - Filling up the DagBag from /home/airflow/.local/lib/python3.8/site-packages/airflow/example_dags/example_nested_branch_dag.py
[2024-03-14T11:04:31.688+0000] {processor.py:840} INFO - DAG(s) 'example_nested_branch_dag' retrieved from /home/airflow/.local/lib/python3.8/site-packages/airflow/example_dags/example_nested_branch_dag.py
[2024-03-14T11:04:31.698+0000] {logging_mixin.py:188} INFO - [2024-03-14T11:04:31.698+0000] {dag.py:3047} INFO - Sync 1 DAGs
[2024-03-14T11:04:31.708+0000] {logging_mixin.py:188} INFO - [2024-03-14T11:04:31.708+0000] {dag.py:3834} INFO - Setting next_dagrun for example_nested_branch_dag to 2024-03-13 00:00:00+00:00, run_after=2024-03-14 00:00:00+00:00
[2024-03-14T11:04:31.716+0000] {processor.py:183} INFO - Processing /home/airflow/.local/lib/python3.8/site-packages/airflow/example_dags/example_nested_branch_dag.py took 0.036 seconds
[2024-03-14T11:05:02.066+0000] {processor.py:161} INFO - Started process (PID=1047) to work on /home/airflow/.local/lib/python3.8/site-packages/airflow/example_dags/example_nested_branch_dag.py
[2024-03-14T11:05:02.067+0000] {processor.py:830} INFO - Processing file /home/airflow/.local/lib/python3.8/site-packages/airflow/example_dags/example_nested_branch_dag.py for tasks to queue
[2024-03-14T11:05:02.068+0000] {logging_mixin.py:188} INFO - [2024-03-14T11:05:02.068+0000] {dagbag.py:540} INFO - Filling up the DagBag from /home/airflow/.local/lib/python3.8/site-packages/airflow/example_dags/example_nested_branch_dag.py
[2024-03-14T11:05:02.074+0000] {processor.py:840} INFO - DAG(s) 'example_nested_branch_dag' retrieved from /home/airflow/.local/lib/python3.8/site-packages/airflow/example_dags/example_nested_branch_dag.py
[2024-03-14T11:05:02.083+0000] {logging_mixin.py:188} INFO - [2024-03-14T11:05:02.083+0000] {dag.py:3047} INFO - Sync 1 DAGs
[2024-03-14T11:05:02.092+0000] {logging_mixin.py:188} INFO - [2024-03-14T11:05:02.092+0000] {dag.py:3834} INFO - Setting next_dagrun for example_nested_branch_dag to 2024-03-13 00:00:00+00:00, run_after=2024-03-14 00:00:00+00:00
[2024-03-14T11:05:02.100+0000] {processor.py:183} INFO - Processing /home/airflow/.local/lib/python3.8/site-packages/airflow/example_dags/example_nested_branch_dag.py took 0.035 seconds
[2024-03-14T11:05:32.517+0000] {processor.py:161} INFO - Started process (PID=1102) to work on /home/airflow/.local/lib/python3.8/site-packages/airflow/example_dags/example_nested_branch_dag.py
[2024-03-14T11:05:32.518+0000] {processor.py:830} INFO - Processing file /home/airflow/.local/lib/python3.8/site-packages/airflow/example_dags/example_nested_branch_dag.py for tasks to queue
[2024-03-14T11:05:32.518+0000] {logging_mixin.py:188} INFO - [2024-03-14T11:05:32.518+0000] {dagbag.py:540} INFO - Filling up the DagBag from /home/airflow/.local/lib/python3.8/site-packages/airflow/example_dags/example_nested_branch_dag.py
[2024-03-14T11:05:32.523+0000] {processor.py:840} INFO - DAG(s) 'example_nested_branch_dag' retrieved from /home/airflow/.local/lib/python3.8/site-packages/airflow/example_dags/example_nested_branch_dag.py
[2024-03-14T11:05:32.532+0000] {logging_mixin.py:188} INFO - [2024-03-14T11:05:32.532+0000] {dag.py:3047} INFO - Sync 1 DAGs
[2024-03-14T11:05:32.540+0000] {logging_mixin.py:188} INFO - [2024-03-14T11:05:32.540+0000] {dag.py:3834} INFO - Setting next_dagrun for example_nested_branch_dag to 2024-03-13 00:00:00+00:00, run_after=2024-03-14 00:00:00+00:00
[2024-03-14T11:05:32.547+0000] {processor.py:183} INFO - Processing /home/airflow/.local/lib/python3.8/site-packages/airflow/example_dags/example_nested_branch_dag.py took 0.031 seconds
[2024-03-14T11:06:03.001+0000] {processor.py:161} INFO - Started process (PID=1157) to work on /home/airflow/.local/lib/python3.8/site-packages/airflow/example_dags/example_nested_branch_dag.py
[2024-03-14T11:06:03.001+0000] {processor.py:830} INFO - Processing file /home/airflow/.local/lib/python3.8/site-packages/airflow/example_dags/example_nested_branch_dag.py for tasks to queue
[2024-03-14T11:06:03.002+0000] {logging_mixin.py:188} INFO - [2024-03-14T11:06:03.002+0000] {dagbag.py:540} INFO - Filling up the DagBag from /home/airflow/.local/lib/python3.8/site-packages/airflow/example_dags/example_nested_branch_dag.py
[2024-03-14T11:06:03.007+0000] {processor.py:840} INFO - DAG(s) 'example_nested_branch_dag' retrieved from /home/airflow/.local/lib/python3.8/site-packages/airflow/example_dags/example_nested_branch_dag.py
[2024-03-14T11:06:03.018+0000] {logging_mixin.py:188} INFO - [2024-03-14T11:06:03.018+0000] {dag.py:3047} INFO - Sync 1 DAGs
[2024-03-14T11:06:03.027+0000] {logging_mixin.py:188} INFO - [2024-03-14T11:06:03.027+0000] {dag.py:3834} INFO - Setting next_dagrun for example_nested_branch_dag to 2024-03-13 00:00:00+00:00, run_after=2024-03-14 00:00:00+00:00
[2024-03-14T11:06:03.034+0000] {processor.py:183} INFO - Processing /home/airflow/.local/lib/python3.8/site-packages/airflow/example_dags/example_nested_branch_dag.py took 0.036 seconds
[2024-03-14T11:06:33.393+0000] {processor.py:161} INFO - Started process (PID=1212) to work on /home/airflow/.local/lib/python3.8/site-packages/airflow/example_dags/example_nested_branch_dag.py
[2024-03-14T11:06:33.394+0000] {processor.py:830} INFO - Processing file /home/airflow/.local/lib/python3.8/site-packages/airflow/example_dags/example_nested_branch_dag.py for tasks to queue
[2024-03-14T11:06:33.395+0000] {logging_mixin.py:188} INFO - [2024-03-14T11:06:33.395+0000] {dagbag.py:540} INFO - Filling up the DagBag from /home/airflow/.local/lib/python3.8/site-packages/airflow/example_dags/example_nested_branch_dag.py
[2024-03-14T11:06:33.400+0000] {processor.py:840} INFO - DAG(s) 'example_nested_branch_dag' retrieved from /home/airflow/.local/lib/python3.8/site-packages/airflow/example_dags/example_nested_branch_dag.py
[2024-03-14T11:06:33.409+0000] {logging_mixin.py:188} INFO - [2024-03-14T11:06:33.409+0000] {dag.py:3047} INFO - Sync 1 DAGs
[2024-03-14T11:06:33.419+0000] {logging_mixin.py:188} INFO - [2024-03-14T11:06:33.419+0000] {dag.py:3834} INFO - Setting next_dagrun for example_nested_branch_dag to 2024-03-13 00:00:00+00:00, run_after=2024-03-14 00:00:00+00:00
[2024-03-14T11:06:33.427+0000] {processor.py:183} INFO - Processing /home/airflow/.local/lib/python3.8/site-packages/airflow/example_dags/example_nested_branch_dag.py took 0.036 seconds
[2024-03-14T11:07:03.802+0000] {processor.py:161} INFO - Started process (PID=1266) to work on /home/airflow/.local/lib/python3.8/site-packages/airflow/example_dags/example_nested_branch_dag.py
[2024-03-14T11:07:03.802+0000] {processor.py:830} INFO - Processing file /home/airflow/.local/lib/python3.8/site-packages/airflow/example_dags/example_nested_branch_dag.py for tasks to queue
[2024-03-14T11:07:03.803+0000] {logging_mixin.py:188} INFO - [2024-03-14T11:07:03.803+0000] {dagbag.py:540} INFO - Filling up the DagBag from /home/airflow/.local/lib/python3.8/site-packages/airflow/example_dags/example_nested_branch_dag.py
[2024-03-14T11:07:03.808+0000] {processor.py:840} INFO - DAG(s) 'example_nested_branch_dag' retrieved from /home/airflow/.local/lib/python3.8/site-packages/airflow/example_dags/example_nested_branch_dag.py
[2024-03-14T11:07:03.818+0000] {logging_mixin.py:188} INFO - [2024-03-14T11:07:03.818+0000] {dag.py:3047} INFO - Sync 1 DAGs
[2024-03-14T11:07:03.828+0000] {logging_mixin.py:188} INFO - [2024-03-14T11:07:03.828+0000] {dag.py:3834} INFO - Setting next_dagrun for example_nested_branch_dag to 2024-03-13 00:00:00+00:00, run_after=2024-03-14 00:00:00+00:00
[2024-03-14T11:07:03.835+0000] {processor.py:183} INFO - Processing /home/airflow/.local/lib/python3.8/site-packages/airflow/example_dags/example_nested_branch_dag.py took 0.035 seconds
[2024-03-14T11:07:34.226+0000] {processor.py:161} INFO - Started process (PID=1321) to work on /home/airflow/.local/lib/python3.8/site-packages/airflow/example_dags/example_nested_branch_dag.py
[2024-03-14T11:07:34.228+0000] {processor.py:830} INFO - Processing file /home/airflow/.local/lib/python3.8/site-packages/airflow/example_dags/example_nested_branch_dag.py for tasks to queue
[2024-03-14T11:07:34.229+0000] {logging_mixin.py:188} INFO - [2024-03-14T11:07:34.229+0000] {dagbag.py:540} INFO - Filling up the DagBag from /home/airflow/.local/lib/python3.8/site-packages/airflow/example_dags/example_nested_branch_dag.py
[2024-03-14T11:07:34.234+0000] {processor.py:840} INFO - DAG(s) 'example_nested_branch_dag' retrieved from /home/airflow/.local/lib/python3.8/site-packages/airflow/example_dags/example_nested_branch_dag.py
[2024-03-14T11:07:34.244+0000] {logging_mixin.py:188} INFO - [2024-03-14T11:07:34.244+0000] {dag.py:3047} INFO - Sync 1 DAGs
[2024-03-14T11:07:34.254+0000] {logging_mixin.py:188} INFO - [2024-03-14T11:07:34.254+0000] {dag.py:3834} INFO - Setting next_dagrun for example_nested_branch_dag to 2024-03-13 00:00:00+00:00, run_after=2024-03-14 00:00:00+00:00
[2024-03-14T11:07:34.262+0000] {processor.py:183} INFO - Processing /home/airflow/.local/lib/python3.8/site-packages/airflow/example_dags/example_nested_branch_dag.py took 0.037 seconds
[2024-03-14T11:08:04.570+0000] {processor.py:161} INFO - Started process (PID=1376) to work on /home/airflow/.local/lib/python3.8/site-packages/airflow/example_dags/example_nested_branch_dag.py
[2024-03-14T11:08:04.570+0000] {processor.py:830} INFO - Processing file /home/airflow/.local/lib/python3.8/site-packages/airflow/example_dags/example_nested_branch_dag.py for tasks to queue
[2024-03-14T11:08:04.571+0000] {logging_mixin.py:188} INFO - [2024-03-14T11:08:04.571+0000] {dagbag.py:540} INFO - Filling up the DagBag from /home/airflow/.local/lib/python3.8/site-packages/airflow/example_dags/example_nested_branch_dag.py
[2024-03-14T11:08:04.576+0000] {processor.py:840} INFO - DAG(s) 'example_nested_branch_dag' retrieved from /home/airflow/.local/lib/python3.8/site-packages/airflow/example_dags/example_nested_branch_dag.py
[2024-03-14T11:08:04.585+0000] {logging_mixin.py:188} INFO - [2024-03-14T11:08:04.584+0000] {dag.py:3047} INFO - Sync 1 DAGs
[2024-03-14T11:08:04.593+0000] {logging_mixin.py:188} INFO - [2024-03-14T11:08:04.593+0000] {dag.py:3834} INFO - Setting next_dagrun for example_nested_branch_dag to 2024-03-13 00:00:00+00:00, run_after=2024-03-14 00:00:00+00:00
[2024-03-14T11:08:04.600+0000] {processor.py:183} INFO - Processing /home/airflow/.local/lib/python3.8/site-packages/airflow/example_dags/example_nested_branch_dag.py took 0.032 seconds
[2024-03-14T11:08:34.881+0000] {processor.py:161} INFO - Started process (PID=1431) to work on /home/airflow/.local/lib/python3.8/site-packages/airflow/example_dags/example_nested_branch_dag.py
[2024-03-14T11:08:34.882+0000] {processor.py:830} INFO - Processing file /home/airflow/.local/lib/python3.8/site-packages/airflow/example_dags/example_nested_branch_dag.py for tasks to queue
[2024-03-14T11:08:34.882+0000] {logging_mixin.py:188} INFO - [2024-03-14T11:08:34.882+0000] {dagbag.py:540} INFO - Filling up the DagBag from /home/airflow/.local/lib/python3.8/site-packages/airflow/example_dags/example_nested_branch_dag.py
[2024-03-14T11:08:34.887+0000] {processor.py:840} INFO - DAG(s) 'example_nested_branch_dag' retrieved from /home/airflow/.local/lib/python3.8/site-packages/airflow/example_dags/example_nested_branch_dag.py
[2024-03-14T11:08:34.897+0000] {logging_mixin.py:188} INFO - [2024-03-14T11:08:34.897+0000] {dag.py:3047} INFO - Sync 1 DAGs
[2024-03-14T11:08:34.907+0000] {logging_mixin.py:188} INFO - [2024-03-14T11:08:34.907+0000] {dag.py:3834} INFO - Setting next_dagrun for example_nested_branch_dag to 2024-03-13 00:00:00+00:00, run_after=2024-03-14 00:00:00+00:00
[2024-03-14T11:08:34.914+0000] {processor.py:183} INFO - Processing /home/airflow/.local/lib/python3.8/site-packages/airflow/example_dags/example_nested_branch_dag.py took 0.035 seconds
[2024-03-14T11:09:05.243+0000] {processor.py:161} INFO - Started process (PID=1486) to work on /home/airflow/.local/lib/python3.8/site-packages/airflow/example_dags/example_nested_branch_dag.py
[2024-03-14T11:09:05.245+0000] {processor.py:830} INFO - Processing file /home/airflow/.local/lib/python3.8/site-packages/airflow/example_dags/example_nested_branch_dag.py for tasks to queue
[2024-03-14T11:09:05.246+0000] {logging_mixin.py:188} INFO - [2024-03-14T11:09:05.245+0000] {dagbag.py:540} INFO - Filling up the DagBag from /home/airflow/.local/lib/python3.8/site-packages/airflow/example_dags/example_nested_branch_dag.py
[2024-03-14T11:09:05.250+0000] {processor.py:840} INFO - DAG(s) 'example_nested_branch_dag' retrieved from /home/airflow/.local/lib/python3.8/site-packages/airflow/example_dags/example_nested_branch_dag.py
[2024-03-14T11:09:05.260+0000] {logging_mixin.py:188} INFO - [2024-03-14T11:09:05.260+0000] {dag.py:3047} INFO - Sync 1 DAGs
[2024-03-14T11:09:05.269+0000] {logging_mixin.py:188} INFO - [2024-03-14T11:09:05.269+0000] {dag.py:3834} INFO - Setting next_dagrun for example_nested_branch_dag to 2024-03-13 00:00:00+00:00, run_after=2024-03-14 00:00:00+00:00
[2024-03-14T11:09:05.276+0000] {processor.py:183} INFO - Processing /home/airflow/.local/lib/python3.8/site-packages/airflow/example_dags/example_nested_branch_dag.py took 0.035 seconds
[2024-03-14T11:09:35.588+0000] {processor.py:161} INFO - Started process (PID=1541) to work on /home/airflow/.local/lib/python3.8/site-packages/airflow/example_dags/example_nested_branch_dag.py
[2024-03-14T11:09:35.588+0000] {processor.py:830} INFO - Processing file /home/airflow/.local/lib/python3.8/site-packages/airflow/example_dags/example_nested_branch_dag.py for tasks to queue
[2024-03-14T11:09:35.589+0000] {logging_mixin.py:188} INFO - [2024-03-14T11:09:35.589+0000] {dagbag.py:540} INFO - Filling up the DagBag from /home/airflow/.local/lib/python3.8/site-packages/airflow/example_dags/example_nested_branch_dag.py
[2024-03-14T11:09:35.593+0000] {processor.py:840} INFO - DAG(s) 'example_nested_branch_dag' retrieved from /home/airflow/.local/lib/python3.8/site-packages/airflow/example_dags/example_nested_branch_dag.py
[2024-03-14T11:09:35.602+0000] {logging_mixin.py:188} INFO - [2024-03-14T11:09:35.602+0000] {dag.py:3047} INFO - Sync 1 DAGs
[2024-03-14T11:09:35.611+0000] {logging_mixin.py:188} INFO - [2024-03-14T11:09:35.611+0000] {dag.py:3834} INFO - Setting next_dagrun for example_nested_branch_dag to 2024-03-13 00:00:00+00:00, run_after=2024-03-14 00:00:00+00:00
[2024-03-14T11:09:35.618+0000] {processor.py:183} INFO - Processing /home/airflow/.local/lib/python3.8/site-packages/airflow/example_dags/example_nested_branch_dag.py took 0.032 seconds
[2024-03-14T11:10:06.015+0000] {processor.py:161} INFO - Started process (PID=1595) to work on /home/airflow/.local/lib/python3.8/site-packages/airflow/example_dags/example_nested_branch_dag.py
[2024-03-14T11:10:06.015+0000] {processor.py:830} INFO - Processing file /home/airflow/.local/lib/python3.8/site-packages/airflow/example_dags/example_nested_branch_dag.py for tasks to queue
[2024-03-14T11:10:06.016+0000] {logging_mixin.py:188} INFO - [2024-03-14T11:10:06.016+0000] {dagbag.py:540} INFO - Filling up the DagBag from /home/airflow/.local/lib/python3.8/site-packages/airflow/example_dags/example_nested_branch_dag.py
[2024-03-14T11:10:06.020+0000] {processor.py:840} INFO - DAG(s) 'example_nested_branch_dag' retrieved from /home/airflow/.local/lib/python3.8/site-packages/airflow/example_dags/example_nested_branch_dag.py
[2024-03-14T11:10:06.029+0000] {logging_mixin.py:188} INFO - [2024-03-14T11:10:06.029+0000] {dag.py:3047} INFO - Sync 1 DAGs
[2024-03-14T11:10:06.038+0000] {logging_mixin.py:188} INFO - [2024-03-14T11:10:06.038+0000] {dag.py:3834} INFO - Setting next_dagrun for example_nested_branch_dag to 2024-03-13 00:00:00+00:00, run_after=2024-03-14 00:00:00+00:00
[2024-03-14T11:10:06.045+0000] {processor.py:183} INFO - Processing /home/airflow/.local/lib/python3.8/site-packages/airflow/example_dags/example_nested_branch_dag.py took 0.032 seconds
[2024-03-14T11:10:36.438+0000] {processor.py:161} INFO - Started process (PID=1650) to work on /home/airflow/.local/lib/python3.8/site-packages/airflow/example_dags/example_nested_branch_dag.py
[2024-03-14T11:10:36.439+0000] {processor.py:830} INFO - Processing file /home/airflow/.local/lib/python3.8/site-packages/airflow/example_dags/example_nested_branch_dag.py for tasks to queue
[2024-03-14T11:10:36.440+0000] {logging_mixin.py:188} INFO - [2024-03-14T11:10:36.440+0000] {dagbag.py:540} INFO - Filling up the DagBag from /home/airflow/.local/lib/python3.8/site-packages/airflow/example_dags/example_nested_branch_dag.py
[2024-03-14T11:10:36.444+0000] {processor.py:840} INFO - DAG(s) 'example_nested_branch_dag' retrieved from /home/airflow/.local/lib/python3.8/site-packages/airflow/example_dags/example_nested_branch_dag.py
[2024-03-14T11:10:36.454+0000] {logging_mixin.py:188} INFO - [2024-03-14T11:10:36.454+0000] {dag.py:3047} INFO - Sync 1 DAGs
[2024-03-14T11:10:36.463+0000] {logging_mixin.py:188} INFO - [2024-03-14T11:10:36.463+0000] {dag.py:3834} INFO - Setting next_dagrun for example_nested_branch_dag to 2024-03-13 00:00:00+00:00, run_after=2024-03-14 00:00:00+00:00
[2024-03-14T11:10:36.469+0000] {processor.py:183} INFO - Processing /home/airflow/.local/lib/python3.8/site-packages/airflow/example_dags/example_nested_branch_dag.py took 0.033 seconds
[2024-03-14T11:11:06.792+0000] {processor.py:161} INFO - Started process (PID=1705) to work on /home/airflow/.local/lib/python3.8/site-packages/airflow/example_dags/example_nested_branch_dag.py
[2024-03-14T11:11:06.792+0000] {processor.py:830} INFO - Processing file /home/airflow/.local/lib/python3.8/site-packages/airflow/example_dags/example_nested_branch_dag.py for tasks to queue
[2024-03-14T11:11:06.793+0000] {logging_mixin.py:188} INFO - [2024-03-14T11:11:06.793+0000] {dagbag.py:540} INFO - Filling up the DagBag from /home/airflow/.local/lib/python3.8/site-packages/airflow/example_dags/example_nested_branch_dag.py
[2024-03-14T11:11:06.798+0000] {processor.py:840} INFO - DAG(s) 'example_nested_branch_dag' retrieved from /home/airflow/.local/lib/python3.8/site-packages/airflow/example_dags/example_nested_branch_dag.py
[2024-03-14T11:11:06.810+0000] {logging_mixin.py:188} INFO - [2024-03-14T11:11:06.810+0000] {dag.py:3047} INFO - Sync 1 DAGs
[2024-03-14T11:11:06.821+0000] {logging_mixin.py:188} INFO - [2024-03-14T11:11:06.821+0000] {dag.py:3834} INFO - Setting next_dagrun for example_nested_branch_dag to 2024-03-13 00:00:00+00:00, run_after=2024-03-14 00:00:00+00:00
[2024-03-14T11:11:06.831+0000] {processor.py:183} INFO - Processing /home/airflow/.local/lib/python3.8/site-packages/airflow/example_dags/example_nested_branch_dag.py took 0.041 seconds
[2024-03-14T11:11:37.222+0000] {processor.py:161} INFO - Started process (PID=1759) to work on /home/airflow/.local/lib/python3.8/site-packages/airflow/example_dags/example_nested_branch_dag.py
[2024-03-14T11:11:37.223+0000] {processor.py:830} INFO - Processing file /home/airflow/.local/lib/python3.8/site-packages/airflow/example_dags/example_nested_branch_dag.py for tasks to queue
[2024-03-14T11:11:37.224+0000] {logging_mixin.py:188} INFO - [2024-03-14T11:11:37.224+0000] {dagbag.py:540} INFO - Filling up the DagBag from /home/airflow/.local/lib/python3.8/site-packages/airflow/example_dags/example_nested_branch_dag.py
[2024-03-14T11:11:37.228+0000] {processor.py:840} INFO - DAG(s) 'example_nested_branch_dag' retrieved from /home/airflow/.local/lib/python3.8/site-packages/airflow/example_dags/example_nested_branch_dag.py
[2024-03-14T11:11:37.237+0000] {logging_mixin.py:188} INFO - [2024-03-14T11:11:37.237+0000] {dag.py:3047} INFO - Sync 1 DAGs
[2024-03-14T11:11:37.246+0000] {logging_mixin.py:188} INFO - [2024-03-14T11:11:37.246+0000] {dag.py:3834} INFO - Setting next_dagrun for example_nested_branch_dag to 2024-03-13 00:00:00+00:00, run_after=2024-03-14 00:00:00+00:00
[2024-03-14T11:11:37.253+0000] {processor.py:183} INFO - Processing /home/airflow/.local/lib/python3.8/site-packages/airflow/example_dags/example_nested_branch_dag.py took 0.032 seconds
[2024-03-14T11:12:07.724+0000] {processor.py:161} INFO - Started process (PID=1814) to work on /home/airflow/.local/lib/python3.8/site-packages/airflow/example_dags/example_nested_branch_dag.py
[2024-03-14T11:12:07.724+0000] {processor.py:830} INFO - Processing file /home/airflow/.local/lib/python3.8/site-packages/airflow/example_dags/example_nested_branch_dag.py for tasks to queue
[2024-03-14T11:12:07.725+0000] {logging_mixin.py:188} INFO - [2024-03-14T11:12:07.725+0000] {dagbag.py:540} INFO - Filling up the DagBag from /home/airflow/.local/lib/python3.8/site-packages/airflow/example_dags/example_nested_branch_dag.py
[2024-03-14T11:12:07.730+0000] {processor.py:840} INFO - DAG(s) 'example_nested_branch_dag' retrieved from /home/airflow/.local/lib/python3.8/site-packages/airflow/example_dags/example_nested_branch_dag.py
[2024-03-14T11:12:07.741+0000] {logging_mixin.py:188} INFO - [2024-03-14T11:12:07.740+0000] {dag.py:3047} INFO - Sync 1 DAGs
[2024-03-14T11:12:07.750+0000] {logging_mixin.py:188} INFO - [2024-03-14T11:12:07.750+0000] {dag.py:3834} INFO - Setting next_dagrun for example_nested_branch_dag to 2024-03-13 00:00:00+00:00, run_after=2024-03-14 00:00:00+00:00
[2024-03-14T11:12:07.757+0000] {processor.py:183} INFO - Processing /home/airflow/.local/lib/python3.8/site-packages/airflow/example_dags/example_nested_branch_dag.py took 0.035 seconds
[2024-03-14T11:12:38.133+0000] {processor.py:161} INFO - Started process (PID=1869) to work on /home/airflow/.local/lib/python3.8/site-packages/airflow/example_dags/example_nested_branch_dag.py
[2024-03-14T11:12:38.134+0000] {processor.py:830} INFO - Processing file /home/airflow/.local/lib/python3.8/site-packages/airflow/example_dags/example_nested_branch_dag.py for tasks to queue
[2024-03-14T11:12:38.135+0000] {logging_mixin.py:188} INFO - [2024-03-14T11:12:38.135+0000] {dagbag.py:540} INFO - Filling up the DagBag from /home/airflow/.local/lib/python3.8/site-packages/airflow/example_dags/example_nested_branch_dag.py
[2024-03-14T11:12:38.140+0000] {processor.py:840} INFO - DAG(s) 'example_nested_branch_dag' retrieved from /home/airflow/.local/lib/python3.8/site-packages/airflow/example_dags/example_nested_branch_dag.py
[2024-03-14T11:12:38.149+0000] {logging_mixin.py:188} INFO - [2024-03-14T11:12:38.149+0000] {dag.py:3047} INFO - Sync 1 DAGs
[2024-03-14T11:12:38.159+0000] {logging_mixin.py:188} INFO - [2024-03-14T11:12:38.159+0000] {dag.py:3834} INFO - Setting next_dagrun for example_nested_branch_dag to 2024-03-13 00:00:00+00:00, run_after=2024-03-14 00:00:00+00:00
[2024-03-14T11:12:38.167+0000] {processor.py:183} INFO - Processing /home/airflow/.local/lib/python3.8/site-packages/airflow/example_dags/example_nested_branch_dag.py took 0.035 seconds
[2024-03-14T11:13:08.467+0000] {processor.py:161} INFO - Started process (PID=1923) to work on /home/airflow/.local/lib/python3.8/site-packages/airflow/example_dags/example_nested_branch_dag.py
[2024-03-14T11:13:08.468+0000] {processor.py:830} INFO - Processing file /home/airflow/.local/lib/python3.8/site-packages/airflow/example_dags/example_nested_branch_dag.py for tasks to queue
[2024-03-14T11:13:08.469+0000] {logging_mixin.py:188} INFO - [2024-03-14T11:13:08.469+0000] {dagbag.py:540} INFO - Filling up the DagBag from /home/airflow/.local/lib/python3.8/site-packages/airflow/example_dags/example_nested_branch_dag.py
[2024-03-14T11:13:08.473+0000] {processor.py:840} INFO - DAG(s) 'example_nested_branch_dag' retrieved from /home/airflow/.local/lib/python3.8/site-packages/airflow/example_dags/example_nested_branch_dag.py
[2024-03-14T11:13:08.482+0000] {logging_mixin.py:188} INFO - [2024-03-14T11:13:08.482+0000] {dag.py:3047} INFO - Sync 1 DAGs
[2024-03-14T11:13:08.491+0000] {logging_mixin.py:188} INFO - [2024-03-14T11:13:08.491+0000] {dag.py:3834} INFO - Setting next_dagrun for example_nested_branch_dag to 2024-03-13 00:00:00+00:00, run_after=2024-03-14 00:00:00+00:00
[2024-03-14T11:13:08.498+0000] {processor.py:183} INFO - Processing /home/airflow/.local/lib/python3.8/site-packages/airflow/example_dags/example_nested_branch_dag.py took 0.032 seconds
[2024-03-14T11:13:38.806+0000] {processor.py:161} INFO - Started process (PID=1978) to work on /home/airflow/.local/lib/python3.8/site-packages/airflow/example_dags/example_nested_branch_dag.py
[2024-03-14T11:13:38.807+0000] {processor.py:830} INFO - Processing file /home/airflow/.local/lib/python3.8/site-packages/airflow/example_dags/example_nested_branch_dag.py for tasks to queue
[2024-03-14T11:13:38.808+0000] {logging_mixin.py:188} INFO - [2024-03-14T11:13:38.808+0000] {dagbag.py:540} INFO - Filling up the DagBag from /home/airflow/.local/lib/python3.8/site-packages/airflow/example_dags/example_nested_branch_dag.py
[2024-03-14T11:13:38.812+0000] {processor.py:840} INFO - DAG(s) 'example_nested_branch_dag' retrieved from /home/airflow/.local/lib/python3.8/site-packages/airflow/example_dags/example_nested_branch_dag.py
[2024-03-14T11:13:38.821+0000] {logging_mixin.py:188} INFO - [2024-03-14T11:13:38.821+0000] {dag.py:3047} INFO - Sync 1 DAGs
[2024-03-14T11:13:38.831+0000] {logging_mixin.py:188} INFO - [2024-03-14T11:13:38.831+0000] {dag.py:3834} INFO - Setting next_dagrun for example_nested_branch_dag to 2024-03-13 00:00:00+00:00, run_after=2024-03-14 00:00:00+00:00
[2024-03-14T11:13:38.838+0000] {processor.py:183} INFO - Processing /home/airflow/.local/lib/python3.8/site-packages/airflow/example_dags/example_nested_branch_dag.py took 0.033 seconds
[2024-03-14T11:14:09.233+0000] {processor.py:161} INFO - Started process (PID=2033) to work on /home/airflow/.local/lib/python3.8/site-packages/airflow/example_dags/example_nested_branch_dag.py
[2024-03-14T11:14:09.234+0000] {processor.py:830} INFO - Processing file /home/airflow/.local/lib/python3.8/site-packages/airflow/example_dags/example_nested_branch_dag.py for tasks to queue
[2024-03-14T11:14:09.235+0000] {logging_mixin.py:188} INFO - [2024-03-14T11:14:09.235+0000] {dagbag.py:540} INFO - Filling up the DagBag from /home/airflow/.local/lib/python3.8/site-packages/airflow/example_dags/example_nested_branch_dag.py
[2024-03-14T11:14:09.240+0000] {processor.py:840} INFO - DAG(s) 'example_nested_branch_dag' retrieved from /home/airflow/.local/lib/python3.8/site-packages/airflow/example_dags/example_nested_branch_dag.py
[2024-03-14T11:14:09.249+0000] {logging_mixin.py:188} INFO - [2024-03-14T11:14:09.249+0000] {dag.py:3047} INFO - Sync 1 DAGs
[2024-03-14T11:14:09.259+0000] {logging_mixin.py:188} INFO - [2024-03-14T11:14:09.259+0000] {dag.py:3834} INFO - Setting next_dagrun for example_nested_branch_dag to 2024-03-13 00:00:00+00:00, run_after=2024-03-14 00:00:00+00:00
[2024-03-14T11:14:09.267+0000] {processor.py:183} INFO - Processing /home/airflow/.local/lib/python3.8/site-packages/airflow/example_dags/example_nested_branch_dag.py took 0.036 seconds
[2024-03-14T11:14:39.598+0000] {processor.py:161} INFO - Started process (PID=2088) to work on /home/airflow/.local/lib/python3.8/site-packages/airflow/example_dags/example_nested_branch_dag.py
[2024-03-14T11:14:39.599+0000] {processor.py:830} INFO - Processing file /home/airflow/.local/lib/python3.8/site-packages/airflow/example_dags/example_nested_branch_dag.py for tasks to queue
[2024-03-14T11:14:39.600+0000] {logging_mixin.py:188} INFO - [2024-03-14T11:14:39.600+0000] {dagbag.py:540} INFO - Filling up the DagBag from /home/airflow/.local/lib/python3.8/site-packages/airflow/example_dags/example_nested_branch_dag.py
[2024-03-14T11:14:39.605+0000] {processor.py:840} INFO - DAG(s) 'example_nested_branch_dag' retrieved from /home/airflow/.local/lib/python3.8/site-packages/airflow/example_dags/example_nested_branch_dag.py
[2024-03-14T11:14:39.616+0000] {logging_mixin.py:188} INFO - [2024-03-14T11:14:39.616+0000] {dag.py:3047} INFO - Sync 1 DAGs
[2024-03-14T11:14:39.627+0000] {logging_mixin.py:188} INFO - [2024-03-14T11:14:39.627+0000] {dag.py:3834} INFO - Setting next_dagrun for example_nested_branch_dag to 2024-03-13 00:00:00+00:00, run_after=2024-03-14 00:00:00+00:00
[2024-03-14T11:14:39.636+0000] {processor.py:183} INFO - Processing /home/airflow/.local/lib/python3.8/site-packages/airflow/example_dags/example_nested_branch_dag.py took 0.039 seconds
[2024-03-14T11:15:09.956+0000] {processor.py:161} INFO - Started process (PID=2143) to work on /home/airflow/.local/lib/python3.8/site-packages/airflow/example_dags/example_nested_branch_dag.py
[2024-03-14T11:15:09.956+0000] {processor.py:830} INFO - Processing file /home/airflow/.local/lib/python3.8/site-packages/airflow/example_dags/example_nested_branch_dag.py for tasks to queue
[2024-03-14T11:15:09.957+0000] {logging_mixin.py:188} INFO - [2024-03-14T11:15:09.957+0000] {dagbag.py:540} INFO - Filling up the DagBag from /home/airflow/.local/lib/python3.8/site-packages/airflow/example_dags/example_nested_branch_dag.py
[2024-03-14T11:15:09.962+0000] {processor.py:840} INFO - DAG(s) 'example_nested_branch_dag' retrieved from /home/airflow/.local/lib/python3.8/site-packages/airflow/example_dags/example_nested_branch_dag.py
[2024-03-14T11:15:09.971+0000] {logging_mixin.py:188} INFO - [2024-03-14T11:15:09.971+0000] {dag.py:3047} INFO - Sync 1 DAGs
[2024-03-14T11:15:09.980+0000] {logging_mixin.py:188} INFO - [2024-03-14T11:15:09.980+0000] {dag.py:3834} INFO - Setting next_dagrun for example_nested_branch_dag to 2024-03-13 00:00:00+00:00, run_after=2024-03-14 00:00:00+00:00
[2024-03-14T11:15:09.988+0000] {processor.py:183} INFO - Processing /home/airflow/.local/lib/python3.8/site-packages/airflow/example_dags/example_nested_branch_dag.py took 0.034 seconds
[2024-03-14T11:15:40.327+0000] {processor.py:161} INFO - Started process (PID=2198) to work on /home/airflow/.local/lib/python3.8/site-packages/airflow/example_dags/example_nested_branch_dag.py
[2024-03-14T11:15:40.328+0000] {processor.py:830} INFO - Processing file /home/airflow/.local/lib/python3.8/site-packages/airflow/example_dags/example_nested_branch_dag.py for tasks to queue
[2024-03-14T11:15:40.328+0000] {logging_mixin.py:188} INFO - [2024-03-14T11:15:40.328+0000] {dagbag.py:540} INFO - Filling up the DagBag from /home/airflow/.local/lib/python3.8/site-packages/airflow/example_dags/example_nested_branch_dag.py
[2024-03-14T11:15:40.333+0000] {processor.py:840} INFO - DAG(s) 'example_nested_branch_dag' retrieved from /home/airflow/.local/lib/python3.8/site-packages/airflow/example_dags/example_nested_branch_dag.py
[2024-03-14T11:15:40.342+0000] {logging_mixin.py:188} INFO - [2024-03-14T11:15:40.342+0000] {dag.py:3047} INFO - Sync 1 DAGs
[2024-03-14T11:15:40.352+0000] {logging_mixin.py:188} INFO - [2024-03-14T11:15:40.352+0000] {dag.py:3834} INFO - Setting next_dagrun for example_nested_branch_dag to 2024-03-13 00:00:00+00:00, run_after=2024-03-14 00:00:00+00:00
[2024-03-14T11:15:40.360+0000] {processor.py:183} INFO - Processing /home/airflow/.local/lib/python3.8/site-packages/airflow/example_dags/example_nested_branch_dag.py took 0.035 seconds
[2024-03-14T11:16:10.826+0000] {processor.py:161} INFO - Started process (PID=2252) to work on /home/airflow/.local/lib/python3.8/site-packages/airflow/example_dags/example_nested_branch_dag.py
[2024-03-14T11:16:10.827+0000] {processor.py:830} INFO - Processing file /home/airflow/.local/lib/python3.8/site-packages/airflow/example_dags/example_nested_branch_dag.py for tasks to queue
[2024-03-14T11:16:10.828+0000] {logging_mixin.py:188} INFO - [2024-03-14T11:16:10.827+0000] {dagbag.py:540} INFO - Filling up the DagBag from /home/airflow/.local/lib/python3.8/site-packages/airflow/example_dags/example_nested_branch_dag.py
[2024-03-14T11:16:10.833+0000] {processor.py:840} INFO - DAG(s) 'example_nested_branch_dag' retrieved from /home/airflow/.local/lib/python3.8/site-packages/airflow/example_dags/example_nested_branch_dag.py
[2024-03-14T11:16:10.843+0000] {logging_mixin.py:188} INFO - [2024-03-14T11:16:10.843+0000] {dag.py:3047} INFO - Sync 1 DAGs
[2024-03-14T11:16:10.853+0000] {logging_mixin.py:188} INFO - [2024-03-14T11:16:10.853+0000] {dag.py:3834} INFO - Setting next_dagrun for example_nested_branch_dag to 2024-03-13 00:00:00+00:00, run_after=2024-03-14 00:00:00+00:00
[2024-03-14T11:16:10.861+0000] {processor.py:183} INFO - Processing /home/airflow/.local/lib/python3.8/site-packages/airflow/example_dags/example_nested_branch_dag.py took 0.036 seconds
[2024-03-14T11:16:41.230+0000] {processor.py:161} INFO - Started process (PID=2307) to work on /home/airflow/.local/lib/python3.8/site-packages/airflow/example_dags/example_nested_branch_dag.py
[2024-03-14T11:16:41.231+0000] {processor.py:830} INFO - Processing file /home/airflow/.local/lib/python3.8/site-packages/airflow/example_dags/example_nested_branch_dag.py for tasks to queue
[2024-03-14T11:16:41.232+0000] {logging_mixin.py:188} INFO - [2024-03-14T11:16:41.232+0000] {dagbag.py:540} INFO - Filling up the DagBag from /home/airflow/.local/lib/python3.8/site-packages/airflow/example_dags/example_nested_branch_dag.py
[2024-03-14T11:16:41.236+0000] {processor.py:840} INFO - DAG(s) 'example_nested_branch_dag' retrieved from /home/airflow/.local/lib/python3.8/site-packages/airflow/example_dags/example_nested_branch_dag.py
[2024-03-14T11:16:41.246+0000] {logging_mixin.py:188} INFO - [2024-03-14T11:16:41.246+0000] {dag.py:3047} INFO - Sync 1 DAGs
[2024-03-14T11:16:41.255+0000] {logging_mixin.py:188} INFO - [2024-03-14T11:16:41.255+0000] {dag.py:3834} INFO - Setting next_dagrun for example_nested_branch_dag to 2024-03-13 00:00:00+00:00, run_after=2024-03-14 00:00:00+00:00
[2024-03-14T11:16:41.263+0000] {processor.py:183} INFO - Processing /home/airflow/.local/lib/python3.8/site-packages/airflow/example_dags/example_nested_branch_dag.py took 0.034 seconds
[2024-03-14T11:17:11.721+0000] {processor.py:161} INFO - Started process (PID=2362) to work on /home/airflow/.local/lib/python3.8/site-packages/airflow/example_dags/example_nested_branch_dag.py
[2024-03-14T11:17:11.722+0000] {processor.py:830} INFO - Processing file /home/airflow/.local/lib/python3.8/site-packages/airflow/example_dags/example_nested_branch_dag.py for tasks to queue
[2024-03-14T11:17:11.722+0000] {logging_mixin.py:188} INFO - [2024-03-14T11:17:11.722+0000] {dagbag.py:540} INFO - Filling up the DagBag from /home/airflow/.local/lib/python3.8/site-packages/airflow/example_dags/example_nested_branch_dag.py
[2024-03-14T11:17:11.727+0000] {processor.py:840} INFO - DAG(s) 'example_nested_branch_dag' retrieved from /home/airflow/.local/lib/python3.8/site-packages/airflow/example_dags/example_nested_branch_dag.py
[2024-03-14T11:17:11.736+0000] {logging_mixin.py:188} INFO - [2024-03-14T11:17:11.736+0000] {dag.py:3047} INFO - Sync 1 DAGs
[2024-03-14T11:17:11.745+0000] {logging_mixin.py:188} INFO - [2024-03-14T11:17:11.745+0000] {dag.py:3834} INFO - Setting next_dagrun for example_nested_branch_dag to 2024-03-13 00:00:00+00:00, run_after=2024-03-14 00:00:00+00:00
[2024-03-14T11:17:11.752+0000] {processor.py:183} INFO - Processing /home/airflow/.local/lib/python3.8/site-packages/airflow/example_dags/example_nested_branch_dag.py took 0.032 seconds
[2024-03-14T11:17:42.141+0000] {processor.py:161} INFO - Started process (PID=2417) to work on /home/airflow/.local/lib/python3.8/site-packages/airflow/example_dags/example_nested_branch_dag.py
[2024-03-14T11:17:42.142+0000] {processor.py:830} INFO - Processing file /home/airflow/.local/lib/python3.8/site-packages/airflow/example_dags/example_nested_branch_dag.py for tasks to queue
[2024-03-14T11:17:42.143+0000] {logging_mixin.py:188} INFO - [2024-03-14T11:17:42.143+0000] {dagbag.py:540} INFO - Filling up the DagBag from /home/airflow/.local/lib/python3.8/site-packages/airflow/example_dags/example_nested_branch_dag.py
[2024-03-14T11:17:42.147+0000] {processor.py:840} INFO - DAG(s) 'example_nested_branch_dag' retrieved from /home/airflow/.local/lib/python3.8/site-packages/airflow/example_dags/example_nested_branch_dag.py
[2024-03-14T11:17:42.156+0000] {logging_mixin.py:188} INFO - [2024-03-14T11:17:42.156+0000] {dag.py:3047} INFO - Sync 1 DAGs
[2024-03-14T11:17:42.165+0000] {logging_mixin.py:188} INFO - [2024-03-14T11:17:42.165+0000] {dag.py:3834} INFO - Setting next_dagrun for example_nested_branch_dag to 2024-03-13 00:00:00+00:00, run_after=2024-03-14 00:00:00+00:00
[2024-03-14T11:17:42.173+0000] {processor.py:183} INFO - Processing /home/airflow/.local/lib/python3.8/site-packages/airflow/example_dags/example_nested_branch_dag.py took 0.033 seconds
[2024-03-14T11:18:12.668+0000] {processor.py:161} INFO - Started process (PID=2471) to work on /home/airflow/.local/lib/python3.8/site-packages/airflow/example_dags/example_nested_branch_dag.py
[2024-03-14T11:18:12.668+0000] {processor.py:830} INFO - Processing file /home/airflow/.local/lib/python3.8/site-packages/airflow/example_dags/example_nested_branch_dag.py for tasks to queue
[2024-03-14T11:18:12.669+0000] {logging_mixin.py:188} INFO - [2024-03-14T11:18:12.669+0000] {dagbag.py:540} INFO - Filling up the DagBag from /home/airflow/.local/lib/python3.8/site-packages/airflow/example_dags/example_nested_branch_dag.py
[2024-03-14T11:18:12.673+0000] {processor.py:840} INFO - DAG(s) 'example_nested_branch_dag' retrieved from /home/airflow/.local/lib/python3.8/site-packages/airflow/example_dags/example_nested_branch_dag.py
[2024-03-14T11:18:12.682+0000] {logging_mixin.py:188} INFO - [2024-03-14T11:18:12.682+0000] {dag.py:3047} INFO - Sync 1 DAGs
[2024-03-14T11:18:12.691+0000] {logging_mixin.py:188} INFO - [2024-03-14T11:18:12.691+0000] {dag.py:3834} INFO - Setting next_dagrun for example_nested_branch_dag to 2024-03-13 00:00:00+00:00, run_after=2024-03-14 00:00:00+00:00
[2024-03-14T11:18:12.698+0000] {processor.py:183} INFO - Processing /home/airflow/.local/lib/python3.8/site-packages/airflow/example_dags/example_nested_branch_dag.py took 0.032 seconds
[2024-03-14T11:18:43.078+0000] {processor.py:161} INFO - Started process (PID=2526) to work on /home/airflow/.local/lib/python3.8/site-packages/airflow/example_dags/example_nested_branch_dag.py
[2024-03-14T11:18:43.079+0000] {processor.py:830} INFO - Processing file /home/airflow/.local/lib/python3.8/site-packages/airflow/example_dags/example_nested_branch_dag.py for tasks to queue
[2024-03-14T11:18:43.080+0000] {logging_mixin.py:188} INFO - [2024-03-14T11:18:43.079+0000] {dagbag.py:540} INFO - Filling up the DagBag from /home/airflow/.local/lib/python3.8/site-packages/airflow/example_dags/example_nested_branch_dag.py
[2024-03-14T11:18:43.084+0000] {processor.py:840} INFO - DAG(s) 'example_nested_branch_dag' retrieved from /home/airflow/.local/lib/python3.8/site-packages/airflow/example_dags/example_nested_branch_dag.py
[2024-03-14T11:18:43.094+0000] {logging_mixin.py:188} INFO - [2024-03-14T11:18:43.094+0000] {dag.py:3047} INFO - Sync 1 DAGs
[2024-03-14T11:18:43.103+0000] {logging_mixin.py:188} INFO - [2024-03-14T11:18:43.103+0000] {dag.py:3834} INFO - Setting next_dagrun for example_nested_branch_dag to 2024-03-13 00:00:00+00:00, run_after=2024-03-14 00:00:00+00:00
[2024-03-14T11:18:43.110+0000] {processor.py:183} INFO - Processing /home/airflow/.local/lib/python3.8/site-packages/airflow/example_dags/example_nested_branch_dag.py took 0.033 seconds
[2024-03-14T11:19:13.442+0000] {processor.py:161} INFO - Started process (PID=2581) to work on /home/airflow/.local/lib/python3.8/site-packages/airflow/example_dags/example_nested_branch_dag.py
[2024-03-14T11:19:13.443+0000] {processor.py:830} INFO - Processing file /home/airflow/.local/lib/python3.8/site-packages/airflow/example_dags/example_nested_branch_dag.py for tasks to queue
[2024-03-14T11:19:13.444+0000] {logging_mixin.py:188} INFO - [2024-03-14T11:19:13.444+0000] {dagbag.py:540} INFO - Filling up the DagBag from /home/airflow/.local/lib/python3.8/site-packages/airflow/example_dags/example_nested_branch_dag.py
[2024-03-14T11:19:13.448+0000] {processor.py:840} INFO - DAG(s) 'example_nested_branch_dag' retrieved from /home/airflow/.local/lib/python3.8/site-packages/airflow/example_dags/example_nested_branch_dag.py
[2024-03-14T11:19:13.458+0000] {logging_mixin.py:188} INFO - [2024-03-14T11:19:13.457+0000] {dag.py:3047} INFO - Sync 1 DAGs
[2024-03-14T11:19:13.467+0000] {logging_mixin.py:188} INFO - [2024-03-14T11:19:13.467+0000] {dag.py:3834} INFO - Setting next_dagrun for example_nested_branch_dag to 2024-03-13 00:00:00+00:00, run_after=2024-03-14 00:00:00+00:00
[2024-03-14T11:19:13.474+0000] {processor.py:183} INFO - Processing /home/airflow/.local/lib/python3.8/site-packages/airflow/example_dags/example_nested_branch_dag.py took 0.033 seconds
[2024-03-14T11:19:43.874+0000] {processor.py:161} INFO - Started process (PID=2636) to work on /home/airflow/.local/lib/python3.8/site-packages/airflow/example_dags/example_nested_branch_dag.py
[2024-03-14T11:19:43.875+0000] {processor.py:830} INFO - Processing file /home/airflow/.local/lib/python3.8/site-packages/airflow/example_dags/example_nested_branch_dag.py for tasks to queue
[2024-03-14T11:19:43.875+0000] {logging_mixin.py:188} INFO - [2024-03-14T11:19:43.875+0000] {dagbag.py:540} INFO - Filling up the DagBag from /home/airflow/.local/lib/python3.8/site-packages/airflow/example_dags/example_nested_branch_dag.py
[2024-03-14T11:19:43.880+0000] {processor.py:840} INFO - DAG(s) 'example_nested_branch_dag' retrieved from /home/airflow/.local/lib/python3.8/site-packages/airflow/example_dags/example_nested_branch_dag.py
[2024-03-14T11:19:43.889+0000] {logging_mixin.py:188} INFO - [2024-03-14T11:19:43.889+0000] {dag.py:3047} INFO - Sync 1 DAGs
[2024-03-14T11:19:43.899+0000] {logging_mixin.py:188} INFO - [2024-03-14T11:19:43.899+0000] {dag.py:3834} INFO - Setting next_dagrun for example_nested_branch_dag to 2024-03-13 00:00:00+00:00, run_after=2024-03-14 00:00:00+00:00
[2024-03-14T11:19:43.906+0000] {processor.py:183} INFO - Processing /home/airflow/.local/lib/python3.8/site-packages/airflow/example_dags/example_nested_branch_dag.py took 0.033 seconds
[2024-03-14T11:20:14.290+0000] {processor.py:161} INFO - Started process (PID=2691) to work on /home/airflow/.local/lib/python3.8/site-packages/airflow/example_dags/example_nested_branch_dag.py
[2024-03-14T11:20:14.291+0000] {processor.py:830} INFO - Processing file /home/airflow/.local/lib/python3.8/site-packages/airflow/example_dags/example_nested_branch_dag.py for tasks to queue
[2024-03-14T11:20:14.292+0000] {logging_mixin.py:188} INFO - [2024-03-14T11:20:14.292+0000] {dagbag.py:540} INFO - Filling up the DagBag from /home/airflow/.local/lib/python3.8/site-packages/airflow/example_dags/example_nested_branch_dag.py
[2024-03-14T11:20:14.297+0000] {processor.py:840} INFO - DAG(s) 'example_nested_branch_dag' retrieved from /home/airflow/.local/lib/python3.8/site-packages/airflow/example_dags/example_nested_branch_dag.py
[2024-03-14T11:20:14.307+0000] {logging_mixin.py:188} INFO - [2024-03-14T11:20:14.307+0000] {dag.py:3047} INFO - Sync 1 DAGs
[2024-03-14T11:20:14.316+0000] {logging_mixin.py:188} INFO - [2024-03-14T11:20:14.316+0000] {dag.py:3834} INFO - Setting next_dagrun for example_nested_branch_dag to 2024-03-13 00:00:00+00:00, run_after=2024-03-14 00:00:00+00:00
[2024-03-14T11:20:14.324+0000] {processor.py:183} INFO - Processing /home/airflow/.local/lib/python3.8/site-packages/airflow/example_dags/example_nested_branch_dag.py took 0.035 seconds
[2024-03-14T11:20:44.734+0000] {processor.py:161} INFO - Started process (PID=2746) to work on /home/airflow/.local/lib/python3.8/site-packages/airflow/example_dags/example_nested_branch_dag.py
[2024-03-14T11:20:44.735+0000] {processor.py:830} INFO - Processing file /home/airflow/.local/lib/python3.8/site-packages/airflow/example_dags/example_nested_branch_dag.py for tasks to queue
[2024-03-14T11:20:44.736+0000] {logging_mixin.py:188} INFO - [2024-03-14T11:20:44.735+0000] {dagbag.py:540} INFO - Filling up the DagBag from /home/airflow/.local/lib/python3.8/site-packages/airflow/example_dags/example_nested_branch_dag.py
[2024-03-14T11:20:44.741+0000] {processor.py:840} INFO - DAG(s) 'example_nested_branch_dag' retrieved from /home/airflow/.local/lib/python3.8/site-packages/airflow/example_dags/example_nested_branch_dag.py
[2024-03-14T11:20:44.750+0000] {logging_mixin.py:188} INFO - [2024-03-14T11:20:44.750+0000] {dag.py:3047} INFO - Sync 1 DAGs
[2024-03-14T11:20:44.760+0000] {logging_mixin.py:188} INFO - [2024-03-14T11:20:44.760+0000] {dag.py:3834} INFO - Setting next_dagrun for example_nested_branch_dag to 2024-03-13 00:00:00+00:00, run_after=2024-03-14 00:00:00+00:00
[2024-03-14T11:20:44.767+0000] {processor.py:183} INFO - Processing /home/airflow/.local/lib/python3.8/site-packages/airflow/example_dags/example_nested_branch_dag.py took 0.035 seconds
[2024-03-14T11:21:15.326+0000] {processor.py:161} INFO - Started process (PID=2801) to work on /home/airflow/.local/lib/python3.8/site-packages/airflow/example_dags/example_nested_branch_dag.py
[2024-03-14T11:21:15.327+0000] {processor.py:830} INFO - Processing file /home/airflow/.local/lib/python3.8/site-packages/airflow/example_dags/example_nested_branch_dag.py for tasks to queue
[2024-03-14T11:21:15.328+0000] {logging_mixin.py:188} INFO - [2024-03-14T11:21:15.327+0000] {dagbag.py:540} INFO - Filling up the DagBag from /home/airflow/.local/lib/python3.8/site-packages/airflow/example_dags/example_nested_branch_dag.py
[2024-03-14T11:21:15.332+0000] {processor.py:840} INFO - DAG(s) 'example_nested_branch_dag' retrieved from /home/airflow/.local/lib/python3.8/site-packages/airflow/example_dags/example_nested_branch_dag.py
[2024-03-14T11:21:15.342+0000] {logging_mixin.py:188} INFO - [2024-03-14T11:21:15.342+0000] {dag.py:3047} INFO - Sync 1 DAGs
[2024-03-14T11:21:15.352+0000] {logging_mixin.py:188} INFO - [2024-03-14T11:21:15.352+0000] {dag.py:3834} INFO - Setting next_dagrun for example_nested_branch_dag to 2024-03-13 00:00:00+00:00, run_after=2024-03-14 00:00:00+00:00
[2024-03-14T11:21:15.359+0000] {processor.py:183} INFO - Processing /home/airflow/.local/lib/python3.8/site-packages/airflow/example_dags/example_nested_branch_dag.py took 0.034 seconds
[2024-03-14T11:21:45.767+0000] {processor.py:161} INFO - Started process (PID=2856) to work on /home/airflow/.local/lib/python3.8/site-packages/airflow/example_dags/example_nested_branch_dag.py
[2024-03-14T11:21:45.768+0000] {processor.py:830} INFO - Processing file /home/airflow/.local/lib/python3.8/site-packages/airflow/example_dags/example_nested_branch_dag.py for tasks to queue
[2024-03-14T11:21:45.768+0000] {logging_mixin.py:188} INFO - [2024-03-14T11:21:45.768+0000] {dagbag.py:540} INFO - Filling up the DagBag from /home/airflow/.local/lib/python3.8/site-packages/airflow/example_dags/example_nested_branch_dag.py
[2024-03-14T11:21:45.773+0000] {processor.py:840} INFO - DAG(s) 'example_nested_branch_dag' retrieved from /home/airflow/.local/lib/python3.8/site-packages/airflow/example_dags/example_nested_branch_dag.py
[2024-03-14T11:21:45.783+0000] {logging_mixin.py:188} INFO - [2024-03-14T11:21:45.783+0000] {dag.py:3047} INFO - Sync 1 DAGs
[2024-03-14T11:21:45.793+0000] {logging_mixin.py:188} INFO - [2024-03-14T11:21:45.793+0000] {dag.py:3834} INFO - Setting next_dagrun for example_nested_branch_dag to 2024-03-13 00:00:00+00:00, run_after=2024-03-14 00:00:00+00:00
[2024-03-14T11:21:45.799+0000] {processor.py:183} INFO - Processing /home/airflow/.local/lib/python3.8/site-packages/airflow/example_dags/example_nested_branch_dag.py took 0.034 seconds
[2024-03-14T11:22:16.223+0000] {processor.py:161} INFO - Started process (PID=2911) to work on /home/airflow/.local/lib/python3.8/site-packages/airflow/example_dags/example_nested_branch_dag.py
[2024-03-14T11:22:16.224+0000] {processor.py:830} INFO - Processing file /home/airflow/.local/lib/python3.8/site-packages/airflow/example_dags/example_nested_branch_dag.py for tasks to queue
[2024-03-14T11:22:16.225+0000] {logging_mixin.py:188} INFO - [2024-03-14T11:22:16.225+0000] {dagbag.py:540} INFO - Filling up the DagBag from /home/airflow/.local/lib/python3.8/site-packages/airflow/example_dags/example_nested_branch_dag.py
[2024-03-14T11:22:16.229+0000] {processor.py:840} INFO - DAG(s) 'example_nested_branch_dag' retrieved from /home/airflow/.local/lib/python3.8/site-packages/airflow/example_dags/example_nested_branch_dag.py
[2024-03-14T11:22:16.239+0000] {logging_mixin.py:188} INFO - [2024-03-14T11:22:16.239+0000] {dag.py:3047} INFO - Sync 1 DAGs
[2024-03-14T11:22:16.248+0000] {logging_mixin.py:188} INFO - [2024-03-14T11:22:16.248+0000] {dag.py:3834} INFO - Setting next_dagrun for example_nested_branch_dag to 2024-03-13 00:00:00+00:00, run_after=2024-03-14 00:00:00+00:00
[2024-03-14T11:22:16.255+0000] {processor.py:183} INFO - Processing /home/airflow/.local/lib/python3.8/site-packages/airflow/example_dags/example_nested_branch_dag.py took 0.034 seconds
[2024-03-14T11:22:46.711+0000] {processor.py:161} INFO - Started process (PID=2966) to work on /home/airflow/.local/lib/python3.8/site-packages/airflow/example_dags/example_nested_branch_dag.py
[2024-03-14T11:22:46.712+0000] {processor.py:830} INFO - Processing file /home/airflow/.local/lib/python3.8/site-packages/airflow/example_dags/example_nested_branch_dag.py for tasks to queue
[2024-03-14T11:22:46.713+0000] {logging_mixin.py:188} INFO - [2024-03-14T11:22:46.713+0000] {dagbag.py:540} INFO - Filling up the DagBag from /home/airflow/.local/lib/python3.8/site-packages/airflow/example_dags/example_nested_branch_dag.py
[2024-03-14T11:22:46.718+0000] {processor.py:840} INFO - DAG(s) 'example_nested_branch_dag' retrieved from /home/airflow/.local/lib/python3.8/site-packages/airflow/example_dags/example_nested_branch_dag.py
[2024-03-14T11:22:46.728+0000] {logging_mixin.py:188} INFO - [2024-03-14T11:22:46.728+0000] {dag.py:3047} INFO - Sync 1 DAGs
[2024-03-14T11:22:46.738+0000] {logging_mixin.py:188} INFO - [2024-03-14T11:22:46.738+0000] {dag.py:3834} INFO - Setting next_dagrun for example_nested_branch_dag to 2024-03-13 00:00:00+00:00, run_after=2024-03-14 00:00:00+00:00
[2024-03-14T11:22:46.746+0000] {processor.py:183} INFO - Processing /home/airflow/.local/lib/python3.8/site-packages/airflow/example_dags/example_nested_branch_dag.py took 0.036 seconds
[2024-03-14T11:23:17.119+0000] {processor.py:161} INFO - Started process (PID=3021) to work on /home/airflow/.local/lib/python3.8/site-packages/airflow/example_dags/example_nested_branch_dag.py
[2024-03-14T11:23:17.119+0000] {processor.py:830} INFO - Processing file /home/airflow/.local/lib/python3.8/site-packages/airflow/example_dags/example_nested_branch_dag.py for tasks to queue
[2024-03-14T11:23:17.120+0000] {logging_mixin.py:188} INFO - [2024-03-14T11:23:17.120+0000] {dagbag.py:540} INFO - Filling up the DagBag from /home/airflow/.local/lib/python3.8/site-packages/airflow/example_dags/example_nested_branch_dag.py
[2024-03-14T11:23:17.125+0000] {processor.py:840} INFO - DAG(s) 'example_nested_branch_dag' retrieved from /home/airflow/.local/lib/python3.8/site-packages/airflow/example_dags/example_nested_branch_dag.py
[2024-03-14T11:23:17.135+0000] {logging_mixin.py:188} INFO - [2024-03-14T11:23:17.135+0000] {dag.py:3047} INFO - Sync 1 DAGs
[2024-03-14T11:23:17.145+0000] {logging_mixin.py:188} INFO - [2024-03-14T11:23:17.145+0000] {dag.py:3834} INFO - Setting next_dagrun for example_nested_branch_dag to 2024-03-13 00:00:00+00:00, run_after=2024-03-14 00:00:00+00:00
[2024-03-14T11:23:17.152+0000] {processor.py:183} INFO - Processing /home/airflow/.local/lib/python3.8/site-packages/airflow/example_dags/example_nested_branch_dag.py took 0.036 seconds
[2024-03-14T11:23:47.555+0000] {processor.py:161} INFO - Started process (PID=3076) to work on /home/airflow/.local/lib/python3.8/site-packages/airflow/example_dags/example_nested_branch_dag.py
[2024-03-14T11:23:47.556+0000] {processor.py:830} INFO - Processing file /home/airflow/.local/lib/python3.8/site-packages/airflow/example_dags/example_nested_branch_dag.py for tasks to queue
[2024-03-14T11:23:47.557+0000] {logging_mixin.py:188} INFO - [2024-03-14T11:23:47.557+0000] {dagbag.py:540} INFO - Filling up the DagBag from /home/airflow/.local/lib/python3.8/site-packages/airflow/example_dags/example_nested_branch_dag.py
[2024-03-14T11:23:47.562+0000] {processor.py:840} INFO - DAG(s) 'example_nested_branch_dag' retrieved from /home/airflow/.local/lib/python3.8/site-packages/airflow/example_dags/example_nested_branch_dag.py
[2024-03-14T11:23:47.572+0000] {logging_mixin.py:188} INFO - [2024-03-14T11:23:47.572+0000] {dag.py:3047} INFO - Sync 1 DAGs
[2024-03-14T11:23:47.581+0000] {logging_mixin.py:188} INFO - [2024-03-14T11:23:47.581+0000] {dag.py:3834} INFO - Setting next_dagrun for example_nested_branch_dag to 2024-03-13 00:00:00+00:00, run_after=2024-03-14 00:00:00+00:00
[2024-03-14T11:23:47.588+0000] {processor.py:183} INFO - Processing /home/airflow/.local/lib/python3.8/site-packages/airflow/example_dags/example_nested_branch_dag.py took 0.034 seconds
[2024-03-14T11:24:17.925+0000] {processor.py:161} INFO - Started process (PID=3131) to work on /home/airflow/.local/lib/python3.8/site-packages/airflow/example_dags/example_nested_branch_dag.py
[2024-03-14T11:24:17.926+0000] {processor.py:830} INFO - Processing file /home/airflow/.local/lib/python3.8/site-packages/airflow/example_dags/example_nested_branch_dag.py for tasks to queue
[2024-03-14T11:24:17.926+0000] {logging_mixin.py:188} INFO - [2024-03-14T11:24:17.926+0000] {dagbag.py:540} INFO - Filling up the DagBag from /home/airflow/.local/lib/python3.8/site-packages/airflow/example_dags/example_nested_branch_dag.py
[2024-03-14T11:24:17.931+0000] {processor.py:840} INFO - DAG(s) 'example_nested_branch_dag' retrieved from /home/airflow/.local/lib/python3.8/site-packages/airflow/example_dags/example_nested_branch_dag.py
[2024-03-14T11:24:17.941+0000] {logging_mixin.py:188} INFO - [2024-03-14T11:24:17.941+0000] {dag.py:3047} INFO - Sync 1 DAGs
[2024-03-14T11:24:17.951+0000] {logging_mixin.py:188} INFO - [2024-03-14T11:24:17.951+0000] {dag.py:3834} INFO - Setting next_dagrun for example_nested_branch_dag to 2024-03-13 00:00:00+00:00, run_after=2024-03-14 00:00:00+00:00
[2024-03-14T11:24:17.958+0000] {processor.py:183} INFO - Processing /home/airflow/.local/lib/python3.8/site-packages/airflow/example_dags/example_nested_branch_dag.py took 0.035 seconds
[2024-03-14T11:24:48.279+0000] {processor.py:161} INFO - Started process (PID=3186) to work on /home/airflow/.local/lib/python3.8/site-packages/airflow/example_dags/example_nested_branch_dag.py
[2024-03-14T11:24:48.280+0000] {processor.py:830} INFO - Processing file /home/airflow/.local/lib/python3.8/site-packages/airflow/example_dags/example_nested_branch_dag.py for tasks to queue
[2024-03-14T11:24:48.281+0000] {logging_mixin.py:188} INFO - [2024-03-14T11:24:48.281+0000] {dagbag.py:540} INFO - Filling up the DagBag from /home/airflow/.local/lib/python3.8/site-packages/airflow/example_dags/example_nested_branch_dag.py
[2024-03-14T11:24:48.286+0000] {processor.py:840} INFO - DAG(s) 'example_nested_branch_dag' retrieved from /home/airflow/.local/lib/python3.8/site-packages/airflow/example_dags/example_nested_branch_dag.py
[2024-03-14T11:24:48.296+0000] {logging_mixin.py:188} INFO - [2024-03-14T11:24:48.296+0000] {dag.py:3047} INFO - Sync 1 DAGs
[2024-03-14T11:24:48.305+0000] {logging_mixin.py:188} INFO - [2024-03-14T11:24:48.305+0000] {dag.py:3834} INFO - Setting next_dagrun for example_nested_branch_dag to 2024-03-13 00:00:00+00:00, run_after=2024-03-14 00:00:00+00:00
[2024-03-14T11:24:48.312+0000] {processor.py:183} INFO - Processing /home/airflow/.local/lib/python3.8/site-packages/airflow/example_dags/example_nested_branch_dag.py took 0.035 seconds
[2024-03-14T11:25:18.710+0000] {processor.py:161} INFO - Started process (PID=3241) to work on /home/airflow/.local/lib/python3.8/site-packages/airflow/example_dags/example_nested_branch_dag.py
[2024-03-14T11:25:18.711+0000] {processor.py:830} INFO - Processing file /home/airflow/.local/lib/python3.8/site-packages/airflow/example_dags/example_nested_branch_dag.py for tasks to queue
[2024-03-14T11:25:18.712+0000] {logging_mixin.py:188} INFO - [2024-03-14T11:25:18.711+0000] {dagbag.py:540} INFO - Filling up the DagBag from /home/airflow/.local/lib/python3.8/site-packages/airflow/example_dags/example_nested_branch_dag.py
[2024-03-14T11:25:18.716+0000] {processor.py:840} INFO - DAG(s) 'example_nested_branch_dag' retrieved from /home/airflow/.local/lib/python3.8/site-packages/airflow/example_dags/example_nested_branch_dag.py
[2024-03-14T11:25:18.726+0000] {logging_mixin.py:188} INFO - [2024-03-14T11:25:18.726+0000] {dag.py:3047} INFO - Sync 1 DAGs
[2024-03-14T11:25:18.736+0000] {logging_mixin.py:188} INFO - [2024-03-14T11:25:18.736+0000] {dag.py:3834} INFO - Setting next_dagrun for example_nested_branch_dag to 2024-03-13 00:00:00+00:00, run_after=2024-03-14 00:00:00+00:00
[2024-03-14T11:25:18.744+0000] {processor.py:183} INFO - Processing /home/airflow/.local/lib/python3.8/site-packages/airflow/example_dags/example_nested_branch_dag.py took 0.035 seconds
[2024-03-14T11:25:49.201+0000] {processor.py:161} INFO - Started process (PID=3296) to work on /home/airflow/.local/lib/python3.8/site-packages/airflow/example_dags/example_nested_branch_dag.py
[2024-03-14T11:25:49.202+0000] {processor.py:830} INFO - Processing file /home/airflow/.local/lib/python3.8/site-packages/airflow/example_dags/example_nested_branch_dag.py for tasks to queue
[2024-03-14T11:25:49.202+0000] {logging_mixin.py:188} INFO - [2024-03-14T11:25:49.202+0000] {dagbag.py:540} INFO - Filling up the DagBag from /home/airflow/.local/lib/python3.8/site-packages/airflow/example_dags/example_nested_branch_dag.py
[2024-03-14T11:25:49.207+0000] {processor.py:840} INFO - DAG(s) 'example_nested_branch_dag' retrieved from /home/airflow/.local/lib/python3.8/site-packages/airflow/example_dags/example_nested_branch_dag.py
[2024-03-14T11:25:49.218+0000] {logging_mixin.py:188} INFO - [2024-03-14T11:25:49.218+0000] {dag.py:3047} INFO - Sync 1 DAGs
[2024-03-14T11:25:49.229+0000] {logging_mixin.py:188} INFO - [2024-03-14T11:25:49.229+0000] {dag.py:3834} INFO - Setting next_dagrun for example_nested_branch_dag to 2024-03-13 00:00:00+00:00, run_after=2024-03-14 00:00:00+00:00
[2024-03-14T11:25:49.237+0000] {processor.py:183} INFO - Processing /home/airflow/.local/lib/python3.8/site-packages/airflow/example_dags/example_nested_branch_dag.py took 0.038 seconds
[2024-03-14T11:26:19.669+0000] {processor.py:161} INFO - Started process (PID=3351) to work on /home/airflow/.local/lib/python3.8/site-packages/airflow/example_dags/example_nested_branch_dag.py
[2024-03-14T11:26:19.670+0000] {processor.py:830} INFO - Processing file /home/airflow/.local/lib/python3.8/site-packages/airflow/example_dags/example_nested_branch_dag.py for tasks to queue
[2024-03-14T11:26:19.671+0000] {logging_mixin.py:188} INFO - [2024-03-14T11:26:19.671+0000] {dagbag.py:540} INFO - Filling up the DagBag from /home/airflow/.local/lib/python3.8/site-packages/airflow/example_dags/example_nested_branch_dag.py
[2024-03-14T11:26:19.677+0000] {processor.py:840} INFO - DAG(s) 'example_nested_branch_dag' retrieved from /home/airflow/.local/lib/python3.8/site-packages/airflow/example_dags/example_nested_branch_dag.py
[2024-03-14T11:26:19.687+0000] {logging_mixin.py:188} INFO - [2024-03-14T11:26:19.687+0000] {dag.py:3047} INFO - Sync 1 DAGs
[2024-03-14T11:26:19.696+0000] {logging_mixin.py:188} INFO - [2024-03-14T11:26:19.696+0000] {dag.py:3834} INFO - Setting next_dagrun for example_nested_branch_dag to 2024-03-13 00:00:00+00:00, run_after=2024-03-14 00:00:00+00:00
[2024-03-14T11:26:19.703+0000] {processor.py:183} INFO - Processing /home/airflow/.local/lib/python3.8/site-packages/airflow/example_dags/example_nested_branch_dag.py took 0.036 seconds
[2024-03-14T11:26:50.154+0000] {processor.py:161} INFO - Started process (PID=3406) to work on /home/airflow/.local/lib/python3.8/site-packages/airflow/example_dags/example_nested_branch_dag.py
[2024-03-14T11:26:50.155+0000] {processor.py:830} INFO - Processing file /home/airflow/.local/lib/python3.8/site-packages/airflow/example_dags/example_nested_branch_dag.py for tasks to queue
[2024-03-14T11:26:50.155+0000] {logging_mixin.py:188} INFO - [2024-03-14T11:26:50.155+0000] {dagbag.py:540} INFO - Filling up the DagBag from /home/airflow/.local/lib/python3.8/site-packages/airflow/example_dags/example_nested_branch_dag.py
[2024-03-14T11:26:50.160+0000] {processor.py:840} INFO - DAG(s) 'example_nested_branch_dag' retrieved from /home/airflow/.local/lib/python3.8/site-packages/airflow/example_dags/example_nested_branch_dag.py
[2024-03-14T11:26:50.170+0000] {logging_mixin.py:188} INFO - [2024-03-14T11:26:50.170+0000] {dag.py:3047} INFO - Sync 1 DAGs
[2024-03-14T11:26:50.179+0000] {logging_mixin.py:188} INFO - [2024-03-14T11:26:50.179+0000] {dag.py:3834} INFO - Setting next_dagrun for example_nested_branch_dag to 2024-03-13 00:00:00+00:00, run_after=2024-03-14 00:00:00+00:00
[2024-03-14T11:26:50.189+0000] {processor.py:183} INFO - Processing /home/airflow/.local/lib/python3.8/site-packages/airflow/example_dags/example_nested_branch_dag.py took 0.036 seconds
[2024-03-14T11:27:20.679+0000] {processor.py:161} INFO - Started process (PID=3466) to work on /home/airflow/.local/lib/python3.8/site-packages/airflow/example_dags/example_nested_branch_dag.py
[2024-03-14T11:27:20.680+0000] {processor.py:830} INFO - Processing file /home/airflow/.local/lib/python3.8/site-packages/airflow/example_dags/example_nested_branch_dag.py for tasks to queue
[2024-03-14T11:27:20.681+0000] {logging_mixin.py:188} INFO - [2024-03-14T11:27:20.681+0000] {dagbag.py:540} INFO - Filling up the DagBag from /home/airflow/.local/lib/python3.8/site-packages/airflow/example_dags/example_nested_branch_dag.py
[2024-03-14T11:27:20.686+0000] {processor.py:840} INFO - DAG(s) 'example_nested_branch_dag' retrieved from /home/airflow/.local/lib/python3.8/site-packages/airflow/example_dags/example_nested_branch_dag.py
[2024-03-14T11:27:20.695+0000] {logging_mixin.py:188} INFO - [2024-03-14T11:27:20.695+0000] {dag.py:3047} INFO - Sync 1 DAGs
[2024-03-14T11:27:20.705+0000] {logging_mixin.py:188} INFO - [2024-03-14T11:27:20.704+0000] {dag.py:3834} INFO - Setting next_dagrun for example_nested_branch_dag to 2024-03-13 00:00:00+00:00, run_after=2024-03-14 00:00:00+00:00
[2024-03-14T11:27:20.712+0000] {processor.py:183} INFO - Processing /home/airflow/.local/lib/python3.8/site-packages/airflow/example_dags/example_nested_branch_dag.py took 0.034 seconds
[2024-03-14T11:27:51.337+0000] {processor.py:161} INFO - Started process (PID=3521) to work on /home/airflow/.local/lib/python3.8/site-packages/airflow/example_dags/example_nested_branch_dag.py
[2024-03-14T11:27:51.338+0000] {processor.py:830} INFO - Processing file /home/airflow/.local/lib/python3.8/site-packages/airflow/example_dags/example_nested_branch_dag.py for tasks to queue
[2024-03-14T11:27:51.338+0000] {logging_mixin.py:188} INFO - [2024-03-14T11:27:51.338+0000] {dagbag.py:540} INFO - Filling up the DagBag from /home/airflow/.local/lib/python3.8/site-packages/airflow/example_dags/example_nested_branch_dag.py
[2024-03-14T11:27:51.343+0000] {processor.py:840} INFO - DAG(s) 'example_nested_branch_dag' retrieved from /home/airflow/.local/lib/python3.8/site-packages/airflow/example_dags/example_nested_branch_dag.py
[2024-03-14T11:27:51.353+0000] {logging_mixin.py:188} INFO - [2024-03-14T11:27:51.352+0000] {dag.py:3047} INFO - Sync 1 DAGs
[2024-03-14T11:27:51.362+0000] {logging_mixin.py:188} INFO - [2024-03-14T11:27:51.362+0000] {dag.py:3834} INFO - Setting next_dagrun for example_nested_branch_dag to 2024-03-13 00:00:00+00:00, run_after=2024-03-14 00:00:00+00:00
[2024-03-14T11:27:51.369+0000] {processor.py:183} INFO - Processing /home/airflow/.local/lib/python3.8/site-packages/airflow/example_dags/example_nested_branch_dag.py took 0.034 seconds
[2024-03-14T11:28:22.446+0000] {processor.py:161} INFO - Started process (PID=3576) to work on /home/airflow/.local/lib/python3.8/site-packages/airflow/example_dags/example_nested_branch_dag.py
[2024-03-14T11:28:22.447+0000] {processor.py:830} INFO - Processing file /home/airflow/.local/lib/python3.8/site-packages/airflow/example_dags/example_nested_branch_dag.py for tasks to queue
[2024-03-14T11:28:22.448+0000] {logging_mixin.py:188} INFO - [2024-03-14T11:28:22.448+0000] {dagbag.py:540} INFO - Filling up the DagBag from /home/airflow/.local/lib/python3.8/site-packages/airflow/example_dags/example_nested_branch_dag.py
[2024-03-14T11:28:22.454+0000] {processor.py:840} INFO - DAG(s) 'example_nested_branch_dag' retrieved from /home/airflow/.local/lib/python3.8/site-packages/airflow/example_dags/example_nested_branch_dag.py
[2024-03-14T11:28:22.466+0000] {logging_mixin.py:188} INFO - [2024-03-14T11:28:22.465+0000] {dag.py:3047} INFO - Sync 1 DAGs
[2024-03-14T11:28:22.576+0000] {logging_mixin.py:188} INFO - [2024-03-14T11:28:22.576+0000] {dag.py:3834} INFO - Setting next_dagrun for example_nested_branch_dag to 2024-03-13 00:00:00+00:00, run_after=2024-03-14 00:00:00+00:00
[2024-03-14T11:28:22.602+0000] {processor.py:183} INFO - Processing /home/airflow/.local/lib/python3.8/site-packages/airflow/example_dags/example_nested_branch_dag.py took 0.157 seconds
