[2024-03-14T10:55:54.602+0000] {processor.py:161} INFO - Started process (PID=52) to work on /home/airflow/.local/lib/python3.8/site-packages/airflow/example_dags/example_short_circuit_operator.py
[2024-03-14T10:55:54.602+0000] {processor.py:830} INFO - Processing file /home/airflow/.local/lib/python3.8/site-packages/airflow/example_dags/example_short_circuit_operator.py for tasks to queue
[2024-03-14T10:55:54.603+0000] {logging_mixin.py:188} INFO - [2024-03-14T10:55:54.603+0000] {dagbag.py:540} INFO - Filling up the DagBag from /home/airflow/.local/lib/python3.8/site-packages/airflow/example_dags/example_short_circuit_operator.py
[2024-03-14T10:55:54.609+0000] {processor.py:840} INFO - DAG(s) 'example_short_circuit_operator' retrieved from /home/airflow/.local/lib/python3.8/site-packages/airflow/example_dags/example_short_circuit_operator.py
[2024-03-14T10:55:54.618+0000] {logging_mixin.py:188} INFO - [2024-03-14T10:55:54.618+0000] {dag.py:3047} INFO - Sync 1 DAGs
[2024-03-14T10:55:54.632+0000] {logging_mixin.py:188} INFO - [2024-03-14T10:55:54.632+0000] {dag.py:3834} INFO - Setting next_dagrun for example_short_circuit_operator to 2024-03-13 00:00:00+00:00, run_after=2024-03-14 00:00:00+00:00
[2024-03-14T10:55:54.656+0000] {processor.py:183} INFO - Processing /home/airflow/.local/lib/python3.8/site-packages/airflow/example_dags/example_short_circuit_operator.py took 0.056 seconds
[2024-03-14T10:56:24.736+0000] {processor.py:161} INFO - Started process (PID=107) to work on /home/airflow/.local/lib/python3.8/site-packages/airflow/example_dags/example_short_circuit_operator.py
[2024-03-14T10:56:24.736+0000] {processor.py:830} INFO - Processing file /home/airflow/.local/lib/python3.8/site-packages/airflow/example_dags/example_short_circuit_operator.py for tasks to queue
[2024-03-14T10:56:24.737+0000] {logging_mixin.py:188} INFO - [2024-03-14T10:56:24.737+0000] {dagbag.py:540} INFO - Filling up the DagBag from /home/airflow/.local/lib/python3.8/site-packages/airflow/example_dags/example_short_circuit_operator.py
[2024-03-14T10:56:24.741+0000] {processor.py:840} INFO - DAG(s) 'example_short_circuit_operator' retrieved from /home/airflow/.local/lib/python3.8/site-packages/airflow/example_dags/example_short_circuit_operator.py
[2024-03-14T10:56:24.781+0000] {logging_mixin.py:188} INFO - [2024-03-14T10:56:24.781+0000] {dag.py:3047} INFO - Sync 1 DAGs
[2024-03-14T10:56:24.789+0000] {logging_mixin.py:188} INFO - [2024-03-14T10:56:24.789+0000] {dag.py:3834} INFO - Setting next_dagrun for example_short_circuit_operator to 2024-03-13 00:00:00+00:00, run_after=2024-03-14 00:00:00+00:00
[2024-03-14T10:56:24.797+0000] {processor.py:183} INFO - Processing /home/airflow/.local/lib/python3.8/site-packages/airflow/example_dags/example_short_circuit_operator.py took 0.062 seconds
[2024-03-14T10:56:54.838+0000] {processor.py:161} INFO - Started process (PID=162) to work on /home/airflow/.local/lib/python3.8/site-packages/airflow/example_dags/example_short_circuit_operator.py
[2024-03-14T10:56:54.839+0000] {processor.py:830} INFO - Processing file /home/airflow/.local/lib/python3.8/site-packages/airflow/example_dags/example_short_circuit_operator.py for tasks to queue
[2024-03-14T10:56:54.839+0000] {logging_mixin.py:188} INFO - [2024-03-14T10:56:54.839+0000] {dagbag.py:540} INFO - Filling up the DagBag from /home/airflow/.local/lib/python3.8/site-packages/airflow/example_dags/example_short_circuit_operator.py
[2024-03-14T10:56:54.843+0000] {processor.py:840} INFO - DAG(s) 'example_short_circuit_operator' retrieved from /home/airflow/.local/lib/python3.8/site-packages/airflow/example_dags/example_short_circuit_operator.py
[2024-03-14T10:56:54.855+0000] {logging_mixin.py:188} INFO - [2024-03-14T10:56:54.855+0000] {dag.py:3047} INFO - Sync 1 DAGs
[2024-03-14T10:56:54.866+0000] {logging_mixin.py:188} INFO - [2024-03-14T10:56:54.866+0000] {dag.py:3834} INFO - Setting next_dagrun for example_short_circuit_operator to 2024-03-13 00:00:00+00:00, run_after=2024-03-14 00:00:00+00:00
[2024-03-14T10:56:54.879+0000] {processor.py:183} INFO - Processing /home/airflow/.local/lib/python3.8/site-packages/airflow/example_dags/example_short_circuit_operator.py took 0.043 seconds
[2024-03-14T10:57:25.411+0000] {processor.py:161} INFO - Started process (PID=216) to work on /home/airflow/.local/lib/python3.8/site-packages/airflow/example_dags/example_short_circuit_operator.py
[2024-03-14T10:57:25.412+0000] {processor.py:830} INFO - Processing file /home/airflow/.local/lib/python3.8/site-packages/airflow/example_dags/example_short_circuit_operator.py for tasks to queue
[2024-03-14T10:57:25.413+0000] {logging_mixin.py:188} INFO - [2024-03-14T10:57:25.412+0000] {dagbag.py:540} INFO - Filling up the DagBag from /home/airflow/.local/lib/python3.8/site-packages/airflow/example_dags/example_short_circuit_operator.py
[2024-03-14T10:57:25.416+0000] {processor.py:840} INFO - DAG(s) 'example_short_circuit_operator' retrieved from /home/airflow/.local/lib/python3.8/site-packages/airflow/example_dags/example_short_circuit_operator.py
[2024-03-14T10:57:25.428+0000] {logging_mixin.py:188} INFO - [2024-03-14T10:57:25.428+0000] {dag.py:3047} INFO - Sync 1 DAGs
[2024-03-14T10:57:25.439+0000] {logging_mixin.py:188} INFO - [2024-03-14T10:57:25.438+0000] {dag.py:3834} INFO - Setting next_dagrun for example_short_circuit_operator to 2024-03-13 00:00:00+00:00, run_after=2024-03-14 00:00:00+00:00
[2024-03-14T10:57:25.447+0000] {processor.py:183} INFO - Processing /home/airflow/.local/lib/python3.8/site-packages/airflow/example_dags/example_short_circuit_operator.py took 0.037 seconds
[2024-03-14T10:57:55.843+0000] {processor.py:161} INFO - Started process (PID=271) to work on /home/airflow/.local/lib/python3.8/site-packages/airflow/example_dags/example_short_circuit_operator.py
[2024-03-14T10:57:55.844+0000] {processor.py:830} INFO - Processing file /home/airflow/.local/lib/python3.8/site-packages/airflow/example_dags/example_short_circuit_operator.py for tasks to queue
[2024-03-14T10:57:55.845+0000] {logging_mixin.py:188} INFO - [2024-03-14T10:57:55.844+0000] {dagbag.py:540} INFO - Filling up the DagBag from /home/airflow/.local/lib/python3.8/site-packages/airflow/example_dags/example_short_circuit_operator.py
[2024-03-14T10:57:55.848+0000] {processor.py:840} INFO - DAG(s) 'example_short_circuit_operator' retrieved from /home/airflow/.local/lib/python3.8/site-packages/airflow/example_dags/example_short_circuit_operator.py
[2024-03-14T10:57:55.858+0000] {logging_mixin.py:188} INFO - [2024-03-14T10:57:55.858+0000] {dag.py:3047} INFO - Sync 1 DAGs
[2024-03-14T10:57:55.867+0000] {logging_mixin.py:188} INFO - [2024-03-14T10:57:55.867+0000] {dag.py:3834} INFO - Setting next_dagrun for example_short_circuit_operator to 2024-03-13 00:00:00+00:00, run_after=2024-03-14 00:00:00+00:00
[2024-03-14T10:57:55.874+0000] {processor.py:183} INFO - Processing /home/airflow/.local/lib/python3.8/site-packages/airflow/example_dags/example_short_circuit_operator.py took 0.032 seconds
[2024-03-14T10:58:26.152+0000] {processor.py:161} INFO - Started process (PID=326) to work on /home/airflow/.local/lib/python3.8/site-packages/airflow/example_dags/example_short_circuit_operator.py
[2024-03-14T10:58:26.153+0000] {processor.py:830} INFO - Processing file /home/airflow/.local/lib/python3.8/site-packages/airflow/example_dags/example_short_circuit_operator.py for tasks to queue
[2024-03-14T10:58:26.153+0000] {logging_mixin.py:188} INFO - [2024-03-14T10:58:26.153+0000] {dagbag.py:540} INFO - Filling up the DagBag from /home/airflow/.local/lib/python3.8/site-packages/airflow/example_dags/example_short_circuit_operator.py
[2024-03-14T10:58:26.157+0000] {processor.py:840} INFO - DAG(s) 'example_short_circuit_operator' retrieved from /home/airflow/.local/lib/python3.8/site-packages/airflow/example_dags/example_short_circuit_operator.py
[2024-03-14T10:58:26.167+0000] {logging_mixin.py:188} INFO - [2024-03-14T10:58:26.167+0000] {dag.py:3047} INFO - Sync 1 DAGs
[2024-03-14T10:58:26.176+0000] {logging_mixin.py:188} INFO - [2024-03-14T10:58:26.176+0000] {dag.py:3834} INFO - Setting next_dagrun for example_short_circuit_operator to 2024-03-13 00:00:00+00:00, run_after=2024-03-14 00:00:00+00:00
[2024-03-14T10:58:26.183+0000] {processor.py:183} INFO - Processing /home/airflow/.local/lib/python3.8/site-packages/airflow/example_dags/example_short_circuit_operator.py took 0.032 seconds
[2024-03-14T10:58:56.503+0000] {processor.py:161} INFO - Started process (PID=381) to work on /home/airflow/.local/lib/python3.8/site-packages/airflow/example_dags/example_short_circuit_operator.py
[2024-03-14T10:58:56.504+0000] {processor.py:830} INFO - Processing file /home/airflow/.local/lib/python3.8/site-packages/airflow/example_dags/example_short_circuit_operator.py for tasks to queue
[2024-03-14T10:58:56.504+0000] {logging_mixin.py:188} INFO - [2024-03-14T10:58:56.504+0000] {dagbag.py:540} INFO - Filling up the DagBag from /home/airflow/.local/lib/python3.8/site-packages/airflow/example_dags/example_short_circuit_operator.py
[2024-03-14T10:58:56.508+0000] {processor.py:840} INFO - DAG(s) 'example_short_circuit_operator' retrieved from /home/airflow/.local/lib/python3.8/site-packages/airflow/example_dags/example_short_circuit_operator.py
[2024-03-14T10:58:56.518+0000] {logging_mixin.py:188} INFO - [2024-03-14T10:58:56.518+0000] {dag.py:3047} INFO - Sync 1 DAGs
[2024-03-14T10:58:56.527+0000] {logging_mixin.py:188} INFO - [2024-03-14T10:58:56.527+0000] {dag.py:3834} INFO - Setting next_dagrun for example_short_circuit_operator to 2024-03-13 00:00:00+00:00, run_after=2024-03-14 00:00:00+00:00
[2024-03-14T10:58:56.534+0000] {processor.py:183} INFO - Processing /home/airflow/.local/lib/python3.8/site-packages/airflow/example_dags/example_short_circuit_operator.py took 0.032 seconds
[2024-03-14T10:59:26.916+0000] {processor.py:161} INFO - Started process (PID=436) to work on /home/airflow/.local/lib/python3.8/site-packages/airflow/example_dags/example_short_circuit_operator.py
[2024-03-14T10:59:26.917+0000] {processor.py:830} INFO - Processing file /home/airflow/.local/lib/python3.8/site-packages/airflow/example_dags/example_short_circuit_operator.py for tasks to queue
[2024-03-14T10:59:26.918+0000] {logging_mixin.py:188} INFO - [2024-03-14T10:59:26.918+0000] {dagbag.py:540} INFO - Filling up the DagBag from /home/airflow/.local/lib/python3.8/site-packages/airflow/example_dags/example_short_circuit_operator.py
[2024-03-14T10:59:26.922+0000] {processor.py:840} INFO - DAG(s) 'example_short_circuit_operator' retrieved from /home/airflow/.local/lib/python3.8/site-packages/airflow/example_dags/example_short_circuit_operator.py
[2024-03-14T10:59:26.932+0000] {logging_mixin.py:188} INFO - [2024-03-14T10:59:26.932+0000] {dag.py:3047} INFO - Sync 1 DAGs
[2024-03-14T10:59:26.942+0000] {logging_mixin.py:188} INFO - [2024-03-14T10:59:26.942+0000] {dag.py:3834} INFO - Setting next_dagrun for example_short_circuit_operator to 2024-03-13 00:00:00+00:00, run_after=2024-03-14 00:00:00+00:00
[2024-03-14T10:59:26.949+0000] {processor.py:183} INFO - Processing /home/airflow/.local/lib/python3.8/site-packages/airflow/example_dags/example_short_circuit_operator.py took 0.035 seconds
[2024-03-14T10:59:57.295+0000] {processor.py:161} INFO - Started process (PID=491) to work on /home/airflow/.local/lib/python3.8/site-packages/airflow/example_dags/example_short_circuit_operator.py
[2024-03-14T10:59:57.296+0000] {processor.py:830} INFO - Processing file /home/airflow/.local/lib/python3.8/site-packages/airflow/example_dags/example_short_circuit_operator.py for tasks to queue
[2024-03-14T10:59:57.297+0000] {logging_mixin.py:188} INFO - [2024-03-14T10:59:57.297+0000] {dagbag.py:540} INFO - Filling up the DagBag from /home/airflow/.local/lib/python3.8/site-packages/airflow/example_dags/example_short_circuit_operator.py
[2024-03-14T10:59:57.302+0000] {processor.py:840} INFO - DAG(s) 'example_short_circuit_operator' retrieved from /home/airflow/.local/lib/python3.8/site-packages/airflow/example_dags/example_short_circuit_operator.py
[2024-03-14T10:59:57.321+0000] {logging_mixin.py:188} INFO - [2024-03-14T10:59:57.321+0000] {dag.py:3047} INFO - Sync 1 DAGs
[2024-03-14T10:59:57.331+0000] {logging_mixin.py:188} INFO - [2024-03-14T10:59:57.331+0000] {dag.py:3834} INFO - Setting next_dagrun for example_short_circuit_operator to 2024-03-13 00:00:00+00:00, run_after=2024-03-14 00:00:00+00:00
[2024-03-14T10:59:57.339+0000] {processor.py:183} INFO - Processing /home/airflow/.local/lib/python3.8/site-packages/airflow/example_dags/example_short_circuit_operator.py took 0.046 seconds
[2024-03-14T11:00:27.702+0000] {processor.py:161} INFO - Started process (PID=545) to work on /home/airflow/.local/lib/python3.8/site-packages/airflow/example_dags/example_short_circuit_operator.py
[2024-03-14T11:00:27.703+0000] {processor.py:830} INFO - Processing file /home/airflow/.local/lib/python3.8/site-packages/airflow/example_dags/example_short_circuit_operator.py for tasks to queue
[2024-03-14T11:00:27.703+0000] {logging_mixin.py:188} INFO - [2024-03-14T11:00:27.703+0000] {dagbag.py:540} INFO - Filling up the DagBag from /home/airflow/.local/lib/python3.8/site-packages/airflow/example_dags/example_short_circuit_operator.py
[2024-03-14T11:00:27.708+0000] {processor.py:840} INFO - DAG(s) 'example_short_circuit_operator' retrieved from /home/airflow/.local/lib/python3.8/site-packages/airflow/example_dags/example_short_circuit_operator.py
[2024-03-14T11:00:27.718+0000] {logging_mixin.py:188} INFO - [2024-03-14T11:00:27.718+0000] {dag.py:3047} INFO - Sync 1 DAGs
[2024-03-14T11:00:27.728+0000] {logging_mixin.py:188} INFO - [2024-03-14T11:00:27.728+0000] {dag.py:3834} INFO - Setting next_dagrun for example_short_circuit_operator to 2024-03-13 00:00:00+00:00, run_after=2024-03-14 00:00:00+00:00
[2024-03-14T11:00:27.736+0000] {processor.py:183} INFO - Processing /home/airflow/.local/lib/python3.8/site-packages/airflow/example_dags/example_short_circuit_operator.py took 0.036 seconds
[2024-03-14T11:00:58.128+0000] {processor.py:161} INFO - Started process (PID=600) to work on /home/airflow/.local/lib/python3.8/site-packages/airflow/example_dags/example_short_circuit_operator.py
[2024-03-14T11:00:58.128+0000] {processor.py:830} INFO - Processing file /home/airflow/.local/lib/python3.8/site-packages/airflow/example_dags/example_short_circuit_operator.py for tasks to queue
[2024-03-14T11:00:58.129+0000] {logging_mixin.py:188} INFO - [2024-03-14T11:00:58.129+0000] {dagbag.py:540} INFO - Filling up the DagBag from /home/airflow/.local/lib/python3.8/site-packages/airflow/example_dags/example_short_circuit_operator.py
[2024-03-14T11:00:58.133+0000] {processor.py:840} INFO - DAG(s) 'example_short_circuit_operator' retrieved from /home/airflow/.local/lib/python3.8/site-packages/airflow/example_dags/example_short_circuit_operator.py
[2024-03-14T11:00:58.143+0000] {logging_mixin.py:188} INFO - [2024-03-14T11:00:58.143+0000] {dag.py:3047} INFO - Sync 1 DAGs
[2024-03-14T11:00:58.153+0000] {logging_mixin.py:188} INFO - [2024-03-14T11:00:58.153+0000] {dag.py:3834} INFO - Setting next_dagrun for example_short_circuit_operator to 2024-03-13 00:00:00+00:00, run_after=2024-03-14 00:00:00+00:00
[2024-03-14T11:00:58.161+0000] {processor.py:183} INFO - Processing /home/airflow/.local/lib/python3.8/site-packages/airflow/example_dags/example_short_circuit_operator.py took 0.035 seconds
[2024-03-14T11:01:28.722+0000] {processor.py:161} INFO - Started process (PID=654) to work on /home/airflow/.local/lib/python3.8/site-packages/airflow/example_dags/example_short_circuit_operator.py
[2024-03-14T11:01:28.722+0000] {processor.py:830} INFO - Processing file /home/airflow/.local/lib/python3.8/site-packages/airflow/example_dags/example_short_circuit_operator.py for tasks to queue
[2024-03-14T11:01:28.723+0000] {logging_mixin.py:188} INFO - [2024-03-14T11:01:28.723+0000] {dagbag.py:540} INFO - Filling up the DagBag from /home/airflow/.local/lib/python3.8/site-packages/airflow/example_dags/example_short_circuit_operator.py
[2024-03-14T11:01:28.726+0000] {processor.py:840} INFO - DAG(s) 'example_short_circuit_operator' retrieved from /home/airflow/.local/lib/python3.8/site-packages/airflow/example_dags/example_short_circuit_operator.py
[2024-03-14T11:01:28.737+0000] {logging_mixin.py:188} INFO - [2024-03-14T11:01:28.737+0000] {dag.py:3047} INFO - Sync 1 DAGs
[2024-03-14T11:01:28.749+0000] {logging_mixin.py:188} INFO - [2024-03-14T11:01:28.749+0000] {dag.py:3834} INFO - Setting next_dagrun for example_short_circuit_operator to 2024-03-13 00:00:00+00:00, run_after=2024-03-14 00:00:00+00:00
[2024-03-14T11:01:28.757+0000] {processor.py:183} INFO - Processing /home/airflow/.local/lib/python3.8/site-packages/airflow/example_dags/example_short_circuit_operator.py took 0.037 seconds
[2024-03-14T11:01:59.133+0000] {processor.py:161} INFO - Started process (PID=709) to work on /home/airflow/.local/lib/python3.8/site-packages/airflow/example_dags/example_short_circuit_operator.py
[2024-03-14T11:01:59.134+0000] {processor.py:830} INFO - Processing file /home/airflow/.local/lib/python3.8/site-packages/airflow/example_dags/example_short_circuit_operator.py for tasks to queue
[2024-03-14T11:01:59.135+0000] {logging_mixin.py:188} INFO - [2024-03-14T11:01:59.135+0000] {dagbag.py:540} INFO - Filling up the DagBag from /home/airflow/.local/lib/python3.8/site-packages/airflow/example_dags/example_short_circuit_operator.py
[2024-03-14T11:01:59.139+0000] {processor.py:840} INFO - DAG(s) 'example_short_circuit_operator' retrieved from /home/airflow/.local/lib/python3.8/site-packages/airflow/example_dags/example_short_circuit_operator.py
[2024-03-14T11:01:59.150+0000] {logging_mixin.py:188} INFO - [2024-03-14T11:01:59.150+0000] {dag.py:3047} INFO - Sync 1 DAGs
[2024-03-14T11:01:59.160+0000] {logging_mixin.py:188} INFO - [2024-03-14T11:01:59.160+0000] {dag.py:3834} INFO - Setting next_dagrun for example_short_circuit_operator to 2024-03-13 00:00:00+00:00, run_after=2024-03-14 00:00:00+00:00
[2024-03-14T11:01:59.169+0000] {processor.py:183} INFO - Processing /home/airflow/.local/lib/python3.8/site-packages/airflow/example_dags/example_short_circuit_operator.py took 0.037 seconds
[2024-03-14T11:02:29.601+0000] {processor.py:161} INFO - Started process (PID=765) to work on /home/airflow/.local/lib/python3.8/site-packages/airflow/example_dags/example_short_circuit_operator.py
[2024-03-14T11:02:29.602+0000] {processor.py:830} INFO - Processing file /home/airflow/.local/lib/python3.8/site-packages/airflow/example_dags/example_short_circuit_operator.py for tasks to queue
[2024-03-14T11:02:29.603+0000] {logging_mixin.py:188} INFO - [2024-03-14T11:02:29.603+0000] {dagbag.py:540} INFO - Filling up the DagBag from /home/airflow/.local/lib/python3.8/site-packages/airflow/example_dags/example_short_circuit_operator.py
[2024-03-14T11:02:29.606+0000] {processor.py:840} INFO - DAG(s) 'example_short_circuit_operator' retrieved from /home/airflow/.local/lib/python3.8/site-packages/airflow/example_dags/example_short_circuit_operator.py
[2024-03-14T11:02:29.617+0000] {logging_mixin.py:188} INFO - [2024-03-14T11:02:29.617+0000] {dag.py:3047} INFO - Sync 1 DAGs
[2024-03-14T11:02:29.627+0000] {logging_mixin.py:188} INFO - [2024-03-14T11:02:29.627+0000] {dag.py:3834} INFO - Setting next_dagrun for example_short_circuit_operator to 2024-03-13 00:00:00+00:00, run_after=2024-03-14 00:00:00+00:00
[2024-03-14T11:02:29.634+0000] {processor.py:183} INFO - Processing /home/airflow/.local/lib/python3.8/site-packages/airflow/example_dags/example_short_circuit_operator.py took 0.035 seconds
[2024-03-14T11:03:00.202+0000] {processor.py:161} INFO - Started process (PID=820) to work on /home/airflow/.local/lib/python3.8/site-packages/airflow/example_dags/example_short_circuit_operator.py
[2024-03-14T11:03:00.203+0000] {processor.py:830} INFO - Processing file /home/airflow/.local/lib/python3.8/site-packages/airflow/example_dags/example_short_circuit_operator.py for tasks to queue
[2024-03-14T11:03:00.204+0000] {logging_mixin.py:188} INFO - [2024-03-14T11:03:00.204+0000] {dagbag.py:540} INFO - Filling up the DagBag from /home/airflow/.local/lib/python3.8/site-packages/airflow/example_dags/example_short_circuit_operator.py
[2024-03-14T11:03:00.208+0000] {processor.py:840} INFO - DAG(s) 'example_short_circuit_operator' retrieved from /home/airflow/.local/lib/python3.8/site-packages/airflow/example_dags/example_short_circuit_operator.py
[2024-03-14T11:03:00.218+0000] {logging_mixin.py:188} INFO - [2024-03-14T11:03:00.218+0000] {dag.py:3047} INFO - Sync 1 DAGs
[2024-03-14T11:03:00.227+0000] {logging_mixin.py:188} INFO - [2024-03-14T11:03:00.227+0000] {dag.py:3834} INFO - Setting next_dagrun for example_short_circuit_operator to 2024-03-13 00:00:00+00:00, run_after=2024-03-14 00:00:00+00:00
[2024-03-14T11:03:00.235+0000] {processor.py:183} INFO - Processing /home/airflow/.local/lib/python3.8/site-packages/airflow/example_dags/example_short_circuit_operator.py took 0.034 seconds
[2024-03-14T11:03:30.626+0000] {processor.py:161} INFO - Started process (PID=875) to work on /home/airflow/.local/lib/python3.8/site-packages/airflow/example_dags/example_short_circuit_operator.py
[2024-03-14T11:03:30.627+0000] {processor.py:830} INFO - Processing file /home/airflow/.local/lib/python3.8/site-packages/airflow/example_dags/example_short_circuit_operator.py for tasks to queue
[2024-03-14T11:03:30.627+0000] {logging_mixin.py:188} INFO - [2024-03-14T11:03:30.627+0000] {dagbag.py:540} INFO - Filling up the DagBag from /home/airflow/.local/lib/python3.8/site-packages/airflow/example_dags/example_short_circuit_operator.py
[2024-03-14T11:03:30.631+0000] {processor.py:840} INFO - DAG(s) 'example_short_circuit_operator' retrieved from /home/airflow/.local/lib/python3.8/site-packages/airflow/example_dags/example_short_circuit_operator.py
[2024-03-14T11:03:30.641+0000] {logging_mixin.py:188} INFO - [2024-03-14T11:03:30.641+0000] {dag.py:3047} INFO - Sync 1 DAGs
[2024-03-14T11:03:30.650+0000] {logging_mixin.py:188} INFO - [2024-03-14T11:03:30.650+0000] {dag.py:3834} INFO - Setting next_dagrun for example_short_circuit_operator to 2024-03-13 00:00:00+00:00, run_after=2024-03-14 00:00:00+00:00
[2024-03-14T11:03:30.657+0000] {processor.py:183} INFO - Processing /home/airflow/.local/lib/python3.8/site-packages/airflow/example_dags/example_short_circuit_operator.py took 0.033 seconds
[2024-03-14T11:04:01.060+0000] {processor.py:161} INFO - Started process (PID=930) to work on /home/airflow/.local/lib/python3.8/site-packages/airflow/example_dags/example_short_circuit_operator.py
[2024-03-14T11:04:01.061+0000] {processor.py:830} INFO - Processing file /home/airflow/.local/lib/python3.8/site-packages/airflow/example_dags/example_short_circuit_operator.py for tasks to queue
[2024-03-14T11:04:01.062+0000] {logging_mixin.py:188} INFO - [2024-03-14T11:04:01.062+0000] {dagbag.py:540} INFO - Filling up the DagBag from /home/airflow/.local/lib/python3.8/site-packages/airflow/example_dags/example_short_circuit_operator.py
[2024-03-14T11:04:01.065+0000] {processor.py:840} INFO - DAG(s) 'example_short_circuit_operator' retrieved from /home/airflow/.local/lib/python3.8/site-packages/airflow/example_dags/example_short_circuit_operator.py
[2024-03-14T11:04:01.075+0000] {logging_mixin.py:188} INFO - [2024-03-14T11:04:01.075+0000] {dag.py:3047} INFO - Sync 1 DAGs
[2024-03-14T11:04:01.085+0000] {logging_mixin.py:188} INFO - [2024-03-14T11:04:01.085+0000] {dag.py:3834} INFO - Setting next_dagrun for example_short_circuit_operator to 2024-03-13 00:00:00+00:00, run_after=2024-03-14 00:00:00+00:00
[2024-03-14T11:04:01.092+0000] {processor.py:183} INFO - Processing /home/airflow/.local/lib/python3.8/site-packages/airflow/example_dags/example_short_circuit_operator.py took 0.034 seconds
[2024-03-14T11:04:31.468+0000] {processor.py:161} INFO - Started process (PID=985) to work on /home/airflow/.local/lib/python3.8/site-packages/airflow/example_dags/example_short_circuit_operator.py
[2024-03-14T11:04:31.469+0000] {processor.py:830} INFO - Processing file /home/airflow/.local/lib/python3.8/site-packages/airflow/example_dags/example_short_circuit_operator.py for tasks to queue
[2024-03-14T11:04:31.469+0000] {logging_mixin.py:188} INFO - [2024-03-14T11:04:31.469+0000] {dagbag.py:540} INFO - Filling up the DagBag from /home/airflow/.local/lib/python3.8/site-packages/airflow/example_dags/example_short_circuit_operator.py
[2024-03-14T11:04:31.473+0000] {processor.py:840} INFO - DAG(s) 'example_short_circuit_operator' retrieved from /home/airflow/.local/lib/python3.8/site-packages/airflow/example_dags/example_short_circuit_operator.py
[2024-03-14T11:04:31.483+0000] {logging_mixin.py:188} INFO - [2024-03-14T11:04:31.483+0000] {dag.py:3047} INFO - Sync 1 DAGs
[2024-03-14T11:04:31.492+0000] {logging_mixin.py:188} INFO - [2024-03-14T11:04:31.492+0000] {dag.py:3834} INFO - Setting next_dagrun for example_short_circuit_operator to 2024-03-13 00:00:00+00:00, run_after=2024-03-14 00:00:00+00:00
[2024-03-14T11:04:31.500+0000] {processor.py:183} INFO - Processing /home/airflow/.local/lib/python3.8/site-packages/airflow/example_dags/example_short_circuit_operator.py took 0.033 seconds
[2024-03-14T11:05:01.892+0000] {processor.py:161} INFO - Started process (PID=1040) to work on /home/airflow/.local/lib/python3.8/site-packages/airflow/example_dags/example_short_circuit_operator.py
[2024-03-14T11:05:01.893+0000] {processor.py:830} INFO - Processing file /home/airflow/.local/lib/python3.8/site-packages/airflow/example_dags/example_short_circuit_operator.py for tasks to queue
[2024-03-14T11:05:01.893+0000] {logging_mixin.py:188} INFO - [2024-03-14T11:05:01.893+0000] {dagbag.py:540} INFO - Filling up the DagBag from /home/airflow/.local/lib/python3.8/site-packages/airflow/example_dags/example_short_circuit_operator.py
[2024-03-14T11:05:01.896+0000] {processor.py:840} INFO - DAG(s) 'example_short_circuit_operator' retrieved from /home/airflow/.local/lib/python3.8/site-packages/airflow/example_dags/example_short_circuit_operator.py
[2024-03-14T11:05:01.907+0000] {logging_mixin.py:188} INFO - [2024-03-14T11:05:01.907+0000] {dag.py:3047} INFO - Sync 1 DAGs
[2024-03-14T11:05:01.916+0000] {logging_mixin.py:188} INFO - [2024-03-14T11:05:01.916+0000] {dag.py:3834} INFO - Setting next_dagrun for example_short_circuit_operator to 2024-03-13 00:00:00+00:00, run_after=2024-03-14 00:00:00+00:00
[2024-03-14T11:05:01.923+0000] {processor.py:183} INFO - Processing /home/airflow/.local/lib/python3.8/site-packages/airflow/example_dags/example_short_circuit_operator.py took 0.032 seconds
[2024-03-14T11:05:32.340+0000] {processor.py:161} INFO - Started process (PID=1095) to work on /home/airflow/.local/lib/python3.8/site-packages/airflow/example_dags/example_short_circuit_operator.py
[2024-03-14T11:05:32.340+0000] {processor.py:830} INFO - Processing file /home/airflow/.local/lib/python3.8/site-packages/airflow/example_dags/example_short_circuit_operator.py for tasks to queue
[2024-03-14T11:05:32.341+0000] {logging_mixin.py:188} INFO - [2024-03-14T11:05:32.341+0000] {dagbag.py:540} INFO - Filling up the DagBag from /home/airflow/.local/lib/python3.8/site-packages/airflow/example_dags/example_short_circuit_operator.py
[2024-03-14T11:05:32.344+0000] {processor.py:840} INFO - DAG(s) 'example_short_circuit_operator' retrieved from /home/airflow/.local/lib/python3.8/site-packages/airflow/example_dags/example_short_circuit_operator.py
[2024-03-14T11:05:32.355+0000] {logging_mixin.py:188} INFO - [2024-03-14T11:05:32.354+0000] {dag.py:3047} INFO - Sync 1 DAGs
[2024-03-14T11:05:32.364+0000] {logging_mixin.py:188} INFO - [2024-03-14T11:05:32.364+0000] {dag.py:3834} INFO - Setting next_dagrun for example_short_circuit_operator to 2024-03-13 00:00:00+00:00, run_after=2024-03-14 00:00:00+00:00
[2024-03-14T11:05:32.371+0000] {processor.py:183} INFO - Processing /home/airflow/.local/lib/python3.8/site-packages/airflow/example_dags/example_short_circuit_operator.py took 0.033 seconds
[2024-03-14T11:06:02.796+0000] {processor.py:161} INFO - Started process (PID=1150) to work on /home/airflow/.local/lib/python3.8/site-packages/airflow/example_dags/example_short_circuit_operator.py
[2024-03-14T11:06:02.797+0000] {processor.py:830} INFO - Processing file /home/airflow/.local/lib/python3.8/site-packages/airflow/example_dags/example_short_circuit_operator.py for tasks to queue
[2024-03-14T11:06:02.798+0000] {logging_mixin.py:188} INFO - [2024-03-14T11:06:02.797+0000] {dagbag.py:540} INFO - Filling up the DagBag from /home/airflow/.local/lib/python3.8/site-packages/airflow/example_dags/example_short_circuit_operator.py
[2024-03-14T11:06:02.801+0000] {processor.py:840} INFO - DAG(s) 'example_short_circuit_operator' retrieved from /home/airflow/.local/lib/python3.8/site-packages/airflow/example_dags/example_short_circuit_operator.py
[2024-03-14T11:06:02.811+0000] {logging_mixin.py:188} INFO - [2024-03-14T11:06:02.811+0000] {dag.py:3047} INFO - Sync 1 DAGs
[2024-03-14T11:06:02.820+0000] {logging_mixin.py:188} INFO - [2024-03-14T11:06:02.820+0000] {dag.py:3834} INFO - Setting next_dagrun for example_short_circuit_operator to 2024-03-13 00:00:00+00:00, run_after=2024-03-14 00:00:00+00:00
[2024-03-14T11:06:02.826+0000] {processor.py:183} INFO - Processing /home/airflow/.local/lib/python3.8/site-packages/airflow/example_dags/example_short_circuit_operator.py took 0.032 seconds
[2024-03-14T11:06:33.238+0000] {processor.py:161} INFO - Started process (PID=1205) to work on /home/airflow/.local/lib/python3.8/site-packages/airflow/example_dags/example_short_circuit_operator.py
[2024-03-14T11:06:33.240+0000] {processor.py:830} INFO - Processing file /home/airflow/.local/lib/python3.8/site-packages/airflow/example_dags/example_short_circuit_operator.py for tasks to queue
[2024-03-14T11:06:33.241+0000] {logging_mixin.py:188} INFO - [2024-03-14T11:06:33.241+0000] {dagbag.py:540} INFO - Filling up the DagBag from /home/airflow/.local/lib/python3.8/site-packages/airflow/example_dags/example_short_circuit_operator.py
[2024-03-14T11:06:33.244+0000] {processor.py:840} INFO - DAG(s) 'example_short_circuit_operator' retrieved from /home/airflow/.local/lib/python3.8/site-packages/airflow/example_dags/example_short_circuit_operator.py
[2024-03-14T11:06:33.254+0000] {logging_mixin.py:188} INFO - [2024-03-14T11:06:33.254+0000] {dag.py:3047} INFO - Sync 1 DAGs
[2024-03-14T11:06:33.264+0000] {logging_mixin.py:188} INFO - [2024-03-14T11:06:33.264+0000] {dag.py:3834} INFO - Setting next_dagrun for example_short_circuit_operator to 2024-03-13 00:00:00+00:00, run_after=2024-03-14 00:00:00+00:00
[2024-03-14T11:06:33.271+0000] {processor.py:183} INFO - Processing /home/airflow/.local/lib/python3.8/site-packages/airflow/example_dags/example_short_circuit_operator.py took 0.034 seconds
[2024-03-14T11:07:03.648+0000] {processor.py:161} INFO - Started process (PID=1259) to work on /home/airflow/.local/lib/python3.8/site-packages/airflow/example_dags/example_short_circuit_operator.py
[2024-03-14T11:07:03.649+0000] {processor.py:830} INFO - Processing file /home/airflow/.local/lib/python3.8/site-packages/airflow/example_dags/example_short_circuit_operator.py for tasks to queue
[2024-03-14T11:07:03.649+0000] {logging_mixin.py:188} INFO - [2024-03-14T11:07:03.649+0000] {dagbag.py:540} INFO - Filling up the DagBag from /home/airflow/.local/lib/python3.8/site-packages/airflow/example_dags/example_short_circuit_operator.py
[2024-03-14T11:07:03.653+0000] {processor.py:840} INFO - DAG(s) 'example_short_circuit_operator' retrieved from /home/airflow/.local/lib/python3.8/site-packages/airflow/example_dags/example_short_circuit_operator.py
[2024-03-14T11:07:03.663+0000] {logging_mixin.py:188} INFO - [2024-03-14T11:07:03.663+0000] {dag.py:3047} INFO - Sync 1 DAGs
[2024-03-14T11:07:03.672+0000] {logging_mixin.py:188} INFO - [2024-03-14T11:07:03.672+0000] {dag.py:3834} INFO - Setting next_dagrun for example_short_circuit_operator to 2024-03-13 00:00:00+00:00, run_after=2024-03-14 00:00:00+00:00
[2024-03-14T11:07:03.680+0000] {processor.py:183} INFO - Processing /home/airflow/.local/lib/python3.8/site-packages/airflow/example_dags/example_short_circuit_operator.py took 0.034 seconds
[2024-03-14T11:07:34.084+0000] {processor.py:161} INFO - Started process (PID=1314) to work on /home/airflow/.local/lib/python3.8/site-packages/airflow/example_dags/example_short_circuit_operator.py
[2024-03-14T11:07:34.084+0000] {processor.py:830} INFO - Processing file /home/airflow/.local/lib/python3.8/site-packages/airflow/example_dags/example_short_circuit_operator.py for tasks to queue
[2024-03-14T11:07:34.085+0000] {logging_mixin.py:188} INFO - [2024-03-14T11:07:34.085+0000] {dagbag.py:540} INFO - Filling up the DagBag from /home/airflow/.local/lib/python3.8/site-packages/airflow/example_dags/example_short_circuit_operator.py
[2024-03-14T11:07:34.088+0000] {processor.py:840} INFO - DAG(s) 'example_short_circuit_operator' retrieved from /home/airflow/.local/lib/python3.8/site-packages/airflow/example_dags/example_short_circuit_operator.py
[2024-03-14T11:07:34.100+0000] {logging_mixin.py:188} INFO - [2024-03-14T11:07:34.099+0000] {dag.py:3047} INFO - Sync 1 DAGs
[2024-03-14T11:07:34.109+0000] {logging_mixin.py:188} INFO - [2024-03-14T11:07:34.109+0000] {dag.py:3834} INFO - Setting next_dagrun for example_short_circuit_operator to 2024-03-13 00:00:00+00:00, run_after=2024-03-14 00:00:00+00:00
[2024-03-14T11:07:34.116+0000] {processor.py:183} INFO - Processing /home/airflow/.local/lib/python3.8/site-packages/airflow/example_dags/example_short_circuit_operator.py took 0.034 seconds
[2024-03-14T11:08:04.425+0000] {processor.py:161} INFO - Started process (PID=1369) to work on /home/airflow/.local/lib/python3.8/site-packages/airflow/example_dags/example_short_circuit_operator.py
[2024-03-14T11:08:04.425+0000] {processor.py:830} INFO - Processing file /home/airflow/.local/lib/python3.8/site-packages/airflow/example_dags/example_short_circuit_operator.py for tasks to queue
[2024-03-14T11:08:04.426+0000] {logging_mixin.py:188} INFO - [2024-03-14T11:08:04.426+0000] {dagbag.py:540} INFO - Filling up the DagBag from /home/airflow/.local/lib/python3.8/site-packages/airflow/example_dags/example_short_circuit_operator.py
[2024-03-14T11:08:04.430+0000] {processor.py:840} INFO - DAG(s) 'example_short_circuit_operator' retrieved from /home/airflow/.local/lib/python3.8/site-packages/airflow/example_dags/example_short_circuit_operator.py
[2024-03-14T11:08:04.440+0000] {logging_mixin.py:188} INFO - [2024-03-14T11:08:04.440+0000] {dag.py:3047} INFO - Sync 1 DAGs
[2024-03-14T11:08:04.449+0000] {logging_mixin.py:188} INFO - [2024-03-14T11:08:04.449+0000] {dag.py:3834} INFO - Setting next_dagrun for example_short_circuit_operator to 2024-03-13 00:00:00+00:00, run_after=2024-03-14 00:00:00+00:00
[2024-03-14T11:08:04.457+0000] {processor.py:183} INFO - Processing /home/airflow/.local/lib/python3.8/site-packages/airflow/example_dags/example_short_circuit_operator.py took 0.033 seconds
[2024-03-14T11:08:34.734+0000] {processor.py:161} INFO - Started process (PID=1424) to work on /home/airflow/.local/lib/python3.8/site-packages/airflow/example_dags/example_short_circuit_operator.py
[2024-03-14T11:08:34.734+0000] {processor.py:830} INFO - Processing file /home/airflow/.local/lib/python3.8/site-packages/airflow/example_dags/example_short_circuit_operator.py for tasks to queue
[2024-03-14T11:08:34.735+0000] {logging_mixin.py:188} INFO - [2024-03-14T11:08:34.735+0000] {dagbag.py:540} INFO - Filling up the DagBag from /home/airflow/.local/lib/python3.8/site-packages/airflow/example_dags/example_short_circuit_operator.py
[2024-03-14T11:08:34.738+0000] {processor.py:840} INFO - DAG(s) 'example_short_circuit_operator' retrieved from /home/airflow/.local/lib/python3.8/site-packages/airflow/example_dags/example_short_circuit_operator.py
[2024-03-14T11:08:34.749+0000] {logging_mixin.py:188} INFO - [2024-03-14T11:08:34.748+0000] {dag.py:3047} INFO - Sync 1 DAGs
[2024-03-14T11:08:34.758+0000] {logging_mixin.py:188} INFO - [2024-03-14T11:08:34.758+0000] {dag.py:3834} INFO - Setting next_dagrun for example_short_circuit_operator to 2024-03-13 00:00:00+00:00, run_after=2024-03-14 00:00:00+00:00
[2024-03-14T11:08:34.766+0000] {processor.py:183} INFO - Processing /home/airflow/.local/lib/python3.8/site-packages/airflow/example_dags/example_short_circuit_operator.py took 0.034 seconds
[2024-03-14T11:09:05.070+0000] {processor.py:161} INFO - Started process (PID=1479) to work on /home/airflow/.local/lib/python3.8/site-packages/airflow/example_dags/example_short_circuit_operator.py
[2024-03-14T11:09:05.071+0000] {processor.py:830} INFO - Processing file /home/airflow/.local/lib/python3.8/site-packages/airflow/example_dags/example_short_circuit_operator.py for tasks to queue
[2024-03-14T11:09:05.072+0000] {logging_mixin.py:188} INFO - [2024-03-14T11:09:05.072+0000] {dagbag.py:540} INFO - Filling up the DagBag from /home/airflow/.local/lib/python3.8/site-packages/airflow/example_dags/example_short_circuit_operator.py
[2024-03-14T11:09:05.076+0000] {processor.py:840} INFO - DAG(s) 'example_short_circuit_operator' retrieved from /home/airflow/.local/lib/python3.8/site-packages/airflow/example_dags/example_short_circuit_operator.py
[2024-03-14T11:09:05.086+0000] {logging_mixin.py:188} INFO - [2024-03-14T11:09:05.086+0000] {dag.py:3047} INFO - Sync 1 DAGs
[2024-03-14T11:09:05.095+0000] {logging_mixin.py:188} INFO - [2024-03-14T11:09:05.095+0000] {dag.py:3834} INFO - Setting next_dagrun for example_short_circuit_operator to 2024-03-13 00:00:00+00:00, run_after=2024-03-14 00:00:00+00:00
[2024-03-14T11:09:05.105+0000] {processor.py:183} INFO - Processing /home/airflow/.local/lib/python3.8/site-packages/airflow/example_dags/example_short_circuit_operator.py took 0.036 seconds
[2024-03-14T11:09:35.452+0000] {processor.py:161} INFO - Started process (PID=1534) to work on /home/airflow/.local/lib/python3.8/site-packages/airflow/example_dags/example_short_circuit_operator.py
[2024-03-14T11:09:35.453+0000] {processor.py:830} INFO - Processing file /home/airflow/.local/lib/python3.8/site-packages/airflow/example_dags/example_short_circuit_operator.py for tasks to queue
[2024-03-14T11:09:35.454+0000] {logging_mixin.py:188} INFO - [2024-03-14T11:09:35.454+0000] {dagbag.py:540} INFO - Filling up the DagBag from /home/airflow/.local/lib/python3.8/site-packages/airflow/example_dags/example_short_circuit_operator.py
[2024-03-14T11:09:35.457+0000] {processor.py:840} INFO - DAG(s) 'example_short_circuit_operator' retrieved from /home/airflow/.local/lib/python3.8/site-packages/airflow/example_dags/example_short_circuit_operator.py
[2024-03-14T11:09:35.467+0000] {logging_mixin.py:188} INFO - [2024-03-14T11:09:35.467+0000] {dag.py:3047} INFO - Sync 1 DAGs
[2024-03-14T11:09:35.477+0000] {logging_mixin.py:188} INFO - [2024-03-14T11:09:35.476+0000] {dag.py:3834} INFO - Setting next_dagrun for example_short_circuit_operator to 2024-03-13 00:00:00+00:00, run_after=2024-03-14 00:00:00+00:00
[2024-03-14T11:09:35.484+0000] {processor.py:183} INFO - Processing /home/airflow/.local/lib/python3.8/site-packages/airflow/example_dags/example_short_circuit_operator.py took 0.034 seconds
[2024-03-14T11:10:05.811+0000] {processor.py:161} INFO - Started process (PID=1588) to work on /home/airflow/.local/lib/python3.8/site-packages/airflow/example_dags/example_short_circuit_operator.py
[2024-03-14T11:10:05.812+0000] {processor.py:830} INFO - Processing file /home/airflow/.local/lib/python3.8/site-packages/airflow/example_dags/example_short_circuit_operator.py for tasks to queue
[2024-03-14T11:10:05.812+0000] {logging_mixin.py:188} INFO - [2024-03-14T11:10:05.812+0000] {dagbag.py:540} INFO - Filling up the DagBag from /home/airflow/.local/lib/python3.8/site-packages/airflow/example_dags/example_short_circuit_operator.py
[2024-03-14T11:10:05.816+0000] {processor.py:840} INFO - DAG(s) 'example_short_circuit_operator' retrieved from /home/airflow/.local/lib/python3.8/site-packages/airflow/example_dags/example_short_circuit_operator.py
[2024-03-14T11:10:05.826+0000] {logging_mixin.py:188} INFO - [2024-03-14T11:10:05.826+0000] {dag.py:3047} INFO - Sync 1 DAGs
[2024-03-14T11:10:05.835+0000] {logging_mixin.py:188} INFO - [2024-03-14T11:10:05.835+0000] {dag.py:3834} INFO - Setting next_dagrun for example_short_circuit_operator to 2024-03-13 00:00:00+00:00, run_after=2024-03-14 00:00:00+00:00
[2024-03-14T11:10:05.842+0000] {processor.py:183} INFO - Processing /home/airflow/.local/lib/python3.8/site-packages/airflow/example_dags/example_short_circuit_operator.py took 0.032 seconds
[2024-03-14T11:10:36.235+0000] {processor.py:161} INFO - Started process (PID=1643) to work on /home/airflow/.local/lib/python3.8/site-packages/airflow/example_dags/example_short_circuit_operator.py
[2024-03-14T11:10:36.236+0000] {processor.py:830} INFO - Processing file /home/airflow/.local/lib/python3.8/site-packages/airflow/example_dags/example_short_circuit_operator.py for tasks to queue
[2024-03-14T11:10:36.236+0000] {logging_mixin.py:188} INFO - [2024-03-14T11:10:36.236+0000] {dagbag.py:540} INFO - Filling up the DagBag from /home/airflow/.local/lib/python3.8/site-packages/airflow/example_dags/example_short_circuit_operator.py
[2024-03-14T11:10:36.240+0000] {processor.py:840} INFO - DAG(s) 'example_short_circuit_operator' retrieved from /home/airflow/.local/lib/python3.8/site-packages/airflow/example_dags/example_short_circuit_operator.py
[2024-03-14T11:10:36.250+0000] {logging_mixin.py:188} INFO - [2024-03-14T11:10:36.250+0000] {dag.py:3047} INFO - Sync 1 DAGs
[2024-03-14T11:10:36.259+0000] {logging_mixin.py:188} INFO - [2024-03-14T11:10:36.259+0000] {dag.py:3834} INFO - Setting next_dagrun for example_short_circuit_operator to 2024-03-13 00:00:00+00:00, run_after=2024-03-14 00:00:00+00:00
[2024-03-14T11:10:36.266+0000] {processor.py:183} INFO - Processing /home/airflow/.local/lib/python3.8/site-packages/airflow/example_dags/example_short_circuit_operator.py took 0.033 seconds
[2024-03-14T11:11:06.638+0000] {processor.py:161} INFO - Started process (PID=1698) to work on /home/airflow/.local/lib/python3.8/site-packages/airflow/example_dags/example_short_circuit_operator.py
[2024-03-14T11:11:06.639+0000] {processor.py:830} INFO - Processing file /home/airflow/.local/lib/python3.8/site-packages/airflow/example_dags/example_short_circuit_operator.py for tasks to queue
[2024-03-14T11:11:06.640+0000] {logging_mixin.py:188} INFO - [2024-03-14T11:11:06.639+0000] {dagbag.py:540} INFO - Filling up the DagBag from /home/airflow/.local/lib/python3.8/site-packages/airflow/example_dags/example_short_circuit_operator.py
[2024-03-14T11:11:06.643+0000] {processor.py:840} INFO - DAG(s) 'example_short_circuit_operator' retrieved from /home/airflow/.local/lib/python3.8/site-packages/airflow/example_dags/example_short_circuit_operator.py
[2024-03-14T11:11:06.653+0000] {logging_mixin.py:188} INFO - [2024-03-14T11:11:06.653+0000] {dag.py:3047} INFO - Sync 1 DAGs
[2024-03-14T11:11:06.663+0000] {logging_mixin.py:188} INFO - [2024-03-14T11:11:06.663+0000] {dag.py:3834} INFO - Setting next_dagrun for example_short_circuit_operator to 2024-03-13 00:00:00+00:00, run_after=2024-03-14 00:00:00+00:00
[2024-03-14T11:11:06.670+0000] {processor.py:183} INFO - Processing /home/airflow/.local/lib/python3.8/site-packages/airflow/example_dags/example_short_circuit_operator.py took 0.034 seconds
[2024-03-14T11:11:37.073+0000] {processor.py:161} INFO - Started process (PID=1752) to work on /home/airflow/.local/lib/python3.8/site-packages/airflow/example_dags/example_short_circuit_operator.py
[2024-03-14T11:11:37.074+0000] {processor.py:830} INFO - Processing file /home/airflow/.local/lib/python3.8/site-packages/airflow/example_dags/example_short_circuit_operator.py for tasks to queue
[2024-03-14T11:11:37.074+0000] {logging_mixin.py:188} INFO - [2024-03-14T11:11:37.074+0000] {dagbag.py:540} INFO - Filling up the DagBag from /home/airflow/.local/lib/python3.8/site-packages/airflow/example_dags/example_short_circuit_operator.py
[2024-03-14T11:11:37.078+0000] {processor.py:840} INFO - DAG(s) 'example_short_circuit_operator' retrieved from /home/airflow/.local/lib/python3.8/site-packages/airflow/example_dags/example_short_circuit_operator.py
[2024-03-14T11:11:37.090+0000] {logging_mixin.py:188} INFO - [2024-03-14T11:11:37.090+0000] {dag.py:3047} INFO - Sync 1 DAGs
[2024-03-14T11:11:37.100+0000] {logging_mixin.py:188} INFO - [2024-03-14T11:11:37.100+0000] {dag.py:3834} INFO - Setting next_dagrun for example_short_circuit_operator to 2024-03-13 00:00:00+00:00, run_after=2024-03-14 00:00:00+00:00
[2024-03-14T11:11:37.110+0000] {processor.py:183} INFO - Processing /home/airflow/.local/lib/python3.8/site-packages/airflow/example_dags/example_short_circuit_operator.py took 0.039 seconds
[2024-03-14T11:12:07.523+0000] {processor.py:161} INFO - Started process (PID=1807) to work on /home/airflow/.local/lib/python3.8/site-packages/airflow/example_dags/example_short_circuit_operator.py
[2024-03-14T11:12:07.524+0000] {processor.py:830} INFO - Processing file /home/airflow/.local/lib/python3.8/site-packages/airflow/example_dags/example_short_circuit_operator.py for tasks to queue
[2024-03-14T11:12:07.524+0000] {logging_mixin.py:188} INFO - [2024-03-14T11:12:07.524+0000] {dagbag.py:540} INFO - Filling up the DagBag from /home/airflow/.local/lib/python3.8/site-packages/airflow/example_dags/example_short_circuit_operator.py
[2024-03-14T11:12:07.527+0000] {processor.py:840} INFO - DAG(s) 'example_short_circuit_operator' retrieved from /home/airflow/.local/lib/python3.8/site-packages/airflow/example_dags/example_short_circuit_operator.py
[2024-03-14T11:12:07.538+0000] {logging_mixin.py:188} INFO - [2024-03-14T11:12:07.538+0000] {dag.py:3047} INFO - Sync 1 DAGs
[2024-03-14T11:12:07.547+0000] {logging_mixin.py:188} INFO - [2024-03-14T11:12:07.546+0000] {dag.py:3834} INFO - Setting next_dagrun for example_short_circuit_operator to 2024-03-13 00:00:00+00:00, run_after=2024-03-14 00:00:00+00:00
[2024-03-14T11:12:07.553+0000] {processor.py:183} INFO - Processing /home/airflow/.local/lib/python3.8/site-packages/airflow/example_dags/example_short_circuit_operator.py took 0.032 seconds
[2024-03-14T11:12:37.975+0000] {processor.py:161} INFO - Started process (PID=1862) to work on /home/airflow/.local/lib/python3.8/site-packages/airflow/example_dags/example_short_circuit_operator.py
[2024-03-14T11:12:37.976+0000] {processor.py:830} INFO - Processing file /home/airflow/.local/lib/python3.8/site-packages/airflow/example_dags/example_short_circuit_operator.py for tasks to queue
[2024-03-14T11:12:37.977+0000] {logging_mixin.py:188} INFO - [2024-03-14T11:12:37.976+0000] {dagbag.py:540} INFO - Filling up the DagBag from /home/airflow/.local/lib/python3.8/site-packages/airflow/example_dags/example_short_circuit_operator.py
[2024-03-14T11:12:37.980+0000] {processor.py:840} INFO - DAG(s) 'example_short_circuit_operator' retrieved from /home/airflow/.local/lib/python3.8/site-packages/airflow/example_dags/example_short_circuit_operator.py
[2024-03-14T11:12:37.990+0000] {logging_mixin.py:188} INFO - [2024-03-14T11:12:37.990+0000] {dag.py:3047} INFO - Sync 1 DAGs
[2024-03-14T11:12:37.999+0000] {logging_mixin.py:188} INFO - [2024-03-14T11:12:37.999+0000] {dag.py:3834} INFO - Setting next_dagrun for example_short_circuit_operator to 2024-03-13 00:00:00+00:00, run_after=2024-03-14 00:00:00+00:00
[2024-03-14T11:12:38.006+0000] {processor.py:183} INFO - Processing /home/airflow/.local/lib/python3.8/site-packages/airflow/example_dags/example_short_circuit_operator.py took 0.033 seconds
[2024-03-14T11:13:08.338+0000] {processor.py:161} INFO - Started process (PID=1916) to work on /home/airflow/.local/lib/python3.8/site-packages/airflow/example_dags/example_short_circuit_operator.py
[2024-03-14T11:13:08.338+0000] {processor.py:830} INFO - Processing file /home/airflow/.local/lib/python3.8/site-packages/airflow/example_dags/example_short_circuit_operator.py for tasks to queue
[2024-03-14T11:13:08.339+0000] {logging_mixin.py:188} INFO - [2024-03-14T11:13:08.339+0000] {dagbag.py:540} INFO - Filling up the DagBag from /home/airflow/.local/lib/python3.8/site-packages/airflow/example_dags/example_short_circuit_operator.py
[2024-03-14T11:13:08.343+0000] {processor.py:840} INFO - DAG(s) 'example_short_circuit_operator' retrieved from /home/airflow/.local/lib/python3.8/site-packages/airflow/example_dags/example_short_circuit_operator.py
[2024-03-14T11:13:08.352+0000] {logging_mixin.py:188} INFO - [2024-03-14T11:13:08.352+0000] {dag.py:3047} INFO - Sync 1 DAGs
[2024-03-14T11:13:08.362+0000] {logging_mixin.py:188} INFO - [2024-03-14T11:13:08.361+0000] {dag.py:3834} INFO - Setting next_dagrun for example_short_circuit_operator to 2024-03-13 00:00:00+00:00, run_after=2024-03-14 00:00:00+00:00
[2024-03-14T11:13:08.369+0000] {processor.py:183} INFO - Processing /home/airflow/.local/lib/python3.8/site-packages/airflow/example_dags/example_short_circuit_operator.py took 0.033 seconds
[2024-03-14T11:13:38.673+0000] {processor.py:161} INFO - Started process (PID=1971) to work on /home/airflow/.local/lib/python3.8/site-packages/airflow/example_dags/example_short_circuit_operator.py
[2024-03-14T11:13:38.673+0000] {processor.py:830} INFO - Processing file /home/airflow/.local/lib/python3.8/site-packages/airflow/example_dags/example_short_circuit_operator.py for tasks to queue
[2024-03-14T11:13:38.674+0000] {logging_mixin.py:188} INFO - [2024-03-14T11:13:38.674+0000] {dagbag.py:540} INFO - Filling up the DagBag from /home/airflow/.local/lib/python3.8/site-packages/airflow/example_dags/example_short_circuit_operator.py
[2024-03-14T11:13:38.678+0000] {processor.py:840} INFO - DAG(s) 'example_short_circuit_operator' retrieved from /home/airflow/.local/lib/python3.8/site-packages/airflow/example_dags/example_short_circuit_operator.py
[2024-03-14T11:13:38.688+0000] {logging_mixin.py:188} INFO - [2024-03-14T11:13:38.688+0000] {dag.py:3047} INFO - Sync 1 DAGs
[2024-03-14T11:13:38.697+0000] {logging_mixin.py:188} INFO - [2024-03-14T11:13:38.697+0000] {dag.py:3834} INFO - Setting next_dagrun for example_short_circuit_operator to 2024-03-13 00:00:00+00:00, run_after=2024-03-14 00:00:00+00:00
[2024-03-14T11:13:38.704+0000] {processor.py:183} INFO - Processing /home/airflow/.local/lib/python3.8/site-packages/airflow/example_dags/example_short_circuit_operator.py took 0.033 seconds
[2024-03-14T11:14:09.076+0000] {processor.py:161} INFO - Started process (PID=2026) to work on /home/airflow/.local/lib/python3.8/site-packages/airflow/example_dags/example_short_circuit_operator.py
[2024-03-14T11:14:09.076+0000] {processor.py:830} INFO - Processing file /home/airflow/.local/lib/python3.8/site-packages/airflow/example_dags/example_short_circuit_operator.py for tasks to queue
[2024-03-14T11:14:09.077+0000] {logging_mixin.py:188} INFO - [2024-03-14T11:14:09.077+0000] {dagbag.py:540} INFO - Filling up the DagBag from /home/airflow/.local/lib/python3.8/site-packages/airflow/example_dags/example_short_circuit_operator.py
[2024-03-14T11:14:09.081+0000] {processor.py:840} INFO - DAG(s) 'example_short_circuit_operator' retrieved from /home/airflow/.local/lib/python3.8/site-packages/airflow/example_dags/example_short_circuit_operator.py
[2024-03-14T11:14:09.091+0000] {logging_mixin.py:188} INFO - [2024-03-14T11:14:09.091+0000] {dag.py:3047} INFO - Sync 1 DAGs
[2024-03-14T11:14:09.100+0000] {logging_mixin.py:188} INFO - [2024-03-14T11:14:09.100+0000] {dag.py:3834} INFO - Setting next_dagrun for example_short_circuit_operator to 2024-03-13 00:00:00+00:00, run_after=2024-03-14 00:00:00+00:00
[2024-03-14T11:14:09.106+0000] {processor.py:183} INFO - Processing /home/airflow/.local/lib/python3.8/site-packages/airflow/example_dags/example_short_circuit_operator.py took 0.032 seconds
[2024-03-14T11:14:39.420+0000] {processor.py:161} INFO - Started process (PID=2081) to work on /home/airflow/.local/lib/python3.8/site-packages/airflow/example_dags/example_short_circuit_operator.py
[2024-03-14T11:14:39.420+0000] {processor.py:830} INFO - Processing file /home/airflow/.local/lib/python3.8/site-packages/airflow/example_dags/example_short_circuit_operator.py for tasks to queue
[2024-03-14T11:14:39.421+0000] {logging_mixin.py:188} INFO - [2024-03-14T11:14:39.421+0000] {dagbag.py:540} INFO - Filling up the DagBag from /home/airflow/.local/lib/python3.8/site-packages/airflow/example_dags/example_short_circuit_operator.py
[2024-03-14T11:14:39.425+0000] {processor.py:840} INFO - DAG(s) 'example_short_circuit_operator' retrieved from /home/airflow/.local/lib/python3.8/site-packages/airflow/example_dags/example_short_circuit_operator.py
[2024-03-14T11:14:39.435+0000] {logging_mixin.py:188} INFO - [2024-03-14T11:14:39.435+0000] {dag.py:3047} INFO - Sync 1 DAGs
[2024-03-14T11:14:39.445+0000] {logging_mixin.py:188} INFO - [2024-03-14T11:14:39.445+0000] {dag.py:3834} INFO - Setting next_dagrun for example_short_circuit_operator to 2024-03-13 00:00:00+00:00, run_after=2024-03-14 00:00:00+00:00
[2024-03-14T11:14:39.453+0000] {processor.py:183} INFO - Processing /home/airflow/.local/lib/python3.8/site-packages/airflow/example_dags/example_short_circuit_operator.py took 0.035 seconds
[2024-03-14T11:15:09.804+0000] {processor.py:161} INFO - Started process (PID=2136) to work on /home/airflow/.local/lib/python3.8/site-packages/airflow/example_dags/example_short_circuit_operator.py
[2024-03-14T11:15:09.805+0000] {processor.py:830} INFO - Processing file /home/airflow/.local/lib/python3.8/site-packages/airflow/example_dags/example_short_circuit_operator.py for tasks to queue
[2024-03-14T11:15:09.805+0000] {logging_mixin.py:188} INFO - [2024-03-14T11:15:09.805+0000] {dagbag.py:540} INFO - Filling up the DagBag from /home/airflow/.local/lib/python3.8/site-packages/airflow/example_dags/example_short_circuit_operator.py
[2024-03-14T11:15:09.809+0000] {processor.py:840} INFO - DAG(s) 'example_short_circuit_operator' retrieved from /home/airflow/.local/lib/python3.8/site-packages/airflow/example_dags/example_short_circuit_operator.py
[2024-03-14T11:15:09.819+0000] {logging_mixin.py:188} INFO - [2024-03-14T11:15:09.819+0000] {dag.py:3047} INFO - Sync 1 DAGs
[2024-03-14T11:15:09.828+0000] {logging_mixin.py:188} INFO - [2024-03-14T11:15:09.828+0000] {dag.py:3834} INFO - Setting next_dagrun for example_short_circuit_operator to 2024-03-13 00:00:00+00:00, run_after=2024-03-14 00:00:00+00:00
[2024-03-14T11:15:09.836+0000] {processor.py:183} INFO - Processing /home/airflow/.local/lib/python3.8/site-packages/airflow/example_dags/example_short_circuit_operator.py took 0.034 seconds
[2024-03-14T11:15:40.166+0000] {processor.py:161} INFO - Started process (PID=2191) to work on /home/airflow/.local/lib/python3.8/site-packages/airflow/example_dags/example_short_circuit_operator.py
[2024-03-14T11:15:40.167+0000] {processor.py:830} INFO - Processing file /home/airflow/.local/lib/python3.8/site-packages/airflow/example_dags/example_short_circuit_operator.py for tasks to queue
[2024-03-14T11:15:40.168+0000] {logging_mixin.py:188} INFO - [2024-03-14T11:15:40.168+0000] {dagbag.py:540} INFO - Filling up the DagBag from /home/airflow/.local/lib/python3.8/site-packages/airflow/example_dags/example_short_circuit_operator.py
[2024-03-14T11:15:40.171+0000] {processor.py:840} INFO - DAG(s) 'example_short_circuit_operator' retrieved from /home/airflow/.local/lib/python3.8/site-packages/airflow/example_dags/example_short_circuit_operator.py
[2024-03-14T11:15:40.181+0000] {logging_mixin.py:188} INFO - [2024-03-14T11:15:40.181+0000] {dag.py:3047} INFO - Sync 1 DAGs
[2024-03-14T11:15:40.190+0000] {logging_mixin.py:188} INFO - [2024-03-14T11:15:40.190+0000] {dag.py:3834} INFO - Setting next_dagrun for example_short_circuit_operator to 2024-03-13 00:00:00+00:00, run_after=2024-03-14 00:00:00+00:00
[2024-03-14T11:15:40.197+0000] {processor.py:183} INFO - Processing /home/airflow/.local/lib/python3.8/site-packages/airflow/example_dags/example_short_circuit_operator.py took 0.032 seconds
[2024-03-14T11:16:10.650+0000] {processor.py:161} INFO - Started process (PID=2245) to work on /home/airflow/.local/lib/python3.8/site-packages/airflow/example_dags/example_short_circuit_operator.py
[2024-03-14T11:16:10.650+0000] {processor.py:830} INFO - Processing file /home/airflow/.local/lib/python3.8/site-packages/airflow/example_dags/example_short_circuit_operator.py for tasks to queue
[2024-03-14T11:16:10.651+0000] {logging_mixin.py:188} INFO - [2024-03-14T11:16:10.651+0000] {dagbag.py:540} INFO - Filling up the DagBag from /home/airflow/.local/lib/python3.8/site-packages/airflow/example_dags/example_short_circuit_operator.py
[2024-03-14T11:16:10.655+0000] {processor.py:840} INFO - DAG(s) 'example_short_circuit_operator' retrieved from /home/airflow/.local/lib/python3.8/site-packages/airflow/example_dags/example_short_circuit_operator.py
[2024-03-14T11:16:10.665+0000] {logging_mixin.py:188} INFO - [2024-03-14T11:16:10.665+0000] {dag.py:3047} INFO - Sync 1 DAGs
[2024-03-14T11:16:10.674+0000] {logging_mixin.py:188} INFO - [2024-03-14T11:16:10.674+0000] {dag.py:3834} INFO - Setting next_dagrun for example_short_circuit_operator to 2024-03-13 00:00:00+00:00, run_after=2024-03-14 00:00:00+00:00
[2024-03-14T11:16:10.681+0000] {processor.py:183} INFO - Processing /home/airflow/.local/lib/python3.8/site-packages/airflow/example_dags/example_short_circuit_operator.py took 0.033 seconds
[2024-03-14T11:16:41.077+0000] {processor.py:161} INFO - Started process (PID=2300) to work on /home/airflow/.local/lib/python3.8/site-packages/airflow/example_dags/example_short_circuit_operator.py
[2024-03-14T11:16:41.080+0000] {processor.py:830} INFO - Processing file /home/airflow/.local/lib/python3.8/site-packages/airflow/example_dags/example_short_circuit_operator.py for tasks to queue
[2024-03-14T11:16:41.082+0000] {logging_mixin.py:188} INFO - [2024-03-14T11:16:41.082+0000] {dagbag.py:540} INFO - Filling up the DagBag from /home/airflow/.local/lib/python3.8/site-packages/airflow/example_dags/example_short_circuit_operator.py
[2024-03-14T11:16:41.086+0000] {processor.py:840} INFO - DAG(s) 'example_short_circuit_operator' retrieved from /home/airflow/.local/lib/python3.8/site-packages/airflow/example_dags/example_short_circuit_operator.py
[2024-03-14T11:16:41.097+0000] {logging_mixin.py:188} INFO - [2024-03-14T11:16:41.096+0000] {dag.py:3047} INFO - Sync 1 DAGs
[2024-03-14T11:16:41.106+0000] {logging_mixin.py:188} INFO - [2024-03-14T11:16:41.105+0000] {dag.py:3834} INFO - Setting next_dagrun for example_short_circuit_operator to 2024-03-13 00:00:00+00:00, run_after=2024-03-14 00:00:00+00:00
[2024-03-14T11:16:41.113+0000] {processor.py:183} INFO - Processing /home/airflow/.local/lib/python3.8/site-packages/airflow/example_dags/example_short_circuit_operator.py took 0.037 seconds
[2024-03-14T11:17:11.540+0000] {processor.py:161} INFO - Started process (PID=2355) to work on /home/airflow/.local/lib/python3.8/site-packages/airflow/example_dags/example_short_circuit_operator.py
[2024-03-14T11:17:11.541+0000] {processor.py:830} INFO - Processing file /home/airflow/.local/lib/python3.8/site-packages/airflow/example_dags/example_short_circuit_operator.py for tasks to queue
[2024-03-14T11:17:11.542+0000] {logging_mixin.py:188} INFO - [2024-03-14T11:17:11.542+0000] {dagbag.py:540} INFO - Filling up the DagBag from /home/airflow/.local/lib/python3.8/site-packages/airflow/example_dags/example_short_circuit_operator.py
[2024-03-14T11:17:11.546+0000] {processor.py:840} INFO - DAG(s) 'example_short_circuit_operator' retrieved from /home/airflow/.local/lib/python3.8/site-packages/airflow/example_dags/example_short_circuit_operator.py
[2024-03-14T11:17:11.558+0000] {logging_mixin.py:188} INFO - [2024-03-14T11:17:11.558+0000] {dag.py:3047} INFO - Sync 1 DAGs
[2024-03-14T11:17:11.567+0000] {logging_mixin.py:188} INFO - [2024-03-14T11:17:11.567+0000] {dag.py:3834} INFO - Setting next_dagrun for example_short_circuit_operator to 2024-03-13 00:00:00+00:00, run_after=2024-03-14 00:00:00+00:00
[2024-03-14T11:17:11.574+0000] {processor.py:183} INFO - Processing /home/airflow/.local/lib/python3.8/site-packages/airflow/example_dags/example_short_circuit_operator.py took 0.035 seconds
[2024-03-14T11:17:42.008+0000] {processor.py:161} INFO - Started process (PID=2410) to work on /home/airflow/.local/lib/python3.8/site-packages/airflow/example_dags/example_short_circuit_operator.py
[2024-03-14T11:17:42.008+0000] {processor.py:830} INFO - Processing file /home/airflow/.local/lib/python3.8/site-packages/airflow/example_dags/example_short_circuit_operator.py for tasks to queue
[2024-03-14T11:17:42.009+0000] {logging_mixin.py:188} INFO - [2024-03-14T11:17:42.009+0000] {dagbag.py:540} INFO - Filling up the DagBag from /home/airflow/.local/lib/python3.8/site-packages/airflow/example_dags/example_short_circuit_operator.py
[2024-03-14T11:17:42.013+0000] {processor.py:840} INFO - DAG(s) 'example_short_circuit_operator' retrieved from /home/airflow/.local/lib/python3.8/site-packages/airflow/example_dags/example_short_circuit_operator.py
[2024-03-14T11:17:42.023+0000] {logging_mixin.py:188} INFO - [2024-03-14T11:17:42.023+0000] {dag.py:3047} INFO - Sync 1 DAGs
[2024-03-14T11:17:42.032+0000] {logging_mixin.py:188} INFO - [2024-03-14T11:17:42.032+0000] {dag.py:3834} INFO - Setting next_dagrun for example_short_circuit_operator to 2024-03-13 00:00:00+00:00, run_after=2024-03-14 00:00:00+00:00
[2024-03-14T11:17:42.040+0000] {processor.py:183} INFO - Processing /home/airflow/.local/lib/python3.8/site-packages/airflow/example_dags/example_short_circuit_operator.py took 0.034 seconds
[2024-03-14T11:18:12.521+0000] {processor.py:161} INFO - Started process (PID=2464) to work on /home/airflow/.local/lib/python3.8/site-packages/airflow/example_dags/example_short_circuit_operator.py
[2024-03-14T11:18:12.522+0000] {processor.py:830} INFO - Processing file /home/airflow/.local/lib/python3.8/site-packages/airflow/example_dags/example_short_circuit_operator.py for tasks to queue
[2024-03-14T11:18:12.523+0000] {logging_mixin.py:188} INFO - [2024-03-14T11:18:12.523+0000] {dagbag.py:540} INFO - Filling up the DagBag from /home/airflow/.local/lib/python3.8/site-packages/airflow/example_dags/example_short_circuit_operator.py
[2024-03-14T11:18:12.526+0000] {processor.py:840} INFO - DAG(s) 'example_short_circuit_operator' retrieved from /home/airflow/.local/lib/python3.8/site-packages/airflow/example_dags/example_short_circuit_operator.py
[2024-03-14T11:18:12.536+0000] {logging_mixin.py:188} INFO - [2024-03-14T11:18:12.536+0000] {dag.py:3047} INFO - Sync 1 DAGs
[2024-03-14T11:18:12.545+0000] {logging_mixin.py:188} INFO - [2024-03-14T11:18:12.545+0000] {dag.py:3834} INFO - Setting next_dagrun for example_short_circuit_operator to 2024-03-13 00:00:00+00:00, run_after=2024-03-14 00:00:00+00:00
[2024-03-14T11:18:12.553+0000] {processor.py:183} INFO - Processing /home/airflow/.local/lib/python3.8/site-packages/airflow/example_dags/example_short_circuit_operator.py took 0.033 seconds
[2024-03-14T11:18:42.904+0000] {processor.py:161} INFO - Started process (PID=2519) to work on /home/airflow/.local/lib/python3.8/site-packages/airflow/example_dags/example_short_circuit_operator.py
[2024-03-14T11:18:42.904+0000] {processor.py:830} INFO - Processing file /home/airflow/.local/lib/python3.8/site-packages/airflow/example_dags/example_short_circuit_operator.py for tasks to queue
[2024-03-14T11:18:42.905+0000] {logging_mixin.py:188} INFO - [2024-03-14T11:18:42.905+0000] {dagbag.py:540} INFO - Filling up the DagBag from /home/airflow/.local/lib/python3.8/site-packages/airflow/example_dags/example_short_circuit_operator.py
[2024-03-14T11:18:42.909+0000] {processor.py:840} INFO - DAG(s) 'example_short_circuit_operator' retrieved from /home/airflow/.local/lib/python3.8/site-packages/airflow/example_dags/example_short_circuit_operator.py
[2024-03-14T11:18:42.919+0000] {logging_mixin.py:188} INFO - [2024-03-14T11:18:42.919+0000] {dag.py:3047} INFO - Sync 1 DAGs
[2024-03-14T11:18:42.928+0000] {logging_mixin.py:188} INFO - [2024-03-14T11:18:42.928+0000] {dag.py:3834} INFO - Setting next_dagrun for example_short_circuit_operator to 2024-03-13 00:00:00+00:00, run_after=2024-03-14 00:00:00+00:00
[2024-03-14T11:18:42.935+0000] {processor.py:183} INFO - Processing /home/airflow/.local/lib/python3.8/site-packages/airflow/example_dags/example_short_circuit_operator.py took 0.033 seconds
[2024-03-14T11:19:13.302+0000] {processor.py:161} INFO - Started process (PID=2574) to work on /home/airflow/.local/lib/python3.8/site-packages/airflow/example_dags/example_short_circuit_operator.py
[2024-03-14T11:19:13.302+0000] {processor.py:830} INFO - Processing file /home/airflow/.local/lib/python3.8/site-packages/airflow/example_dags/example_short_circuit_operator.py for tasks to queue
[2024-03-14T11:19:13.303+0000] {logging_mixin.py:188} INFO - [2024-03-14T11:19:13.303+0000] {dagbag.py:540} INFO - Filling up the DagBag from /home/airflow/.local/lib/python3.8/site-packages/airflow/example_dags/example_short_circuit_operator.py
[2024-03-14T11:19:13.306+0000] {processor.py:840} INFO - DAG(s) 'example_short_circuit_operator' retrieved from /home/airflow/.local/lib/python3.8/site-packages/airflow/example_dags/example_short_circuit_operator.py
[2024-03-14T11:19:13.317+0000] {logging_mixin.py:188} INFO - [2024-03-14T11:19:13.317+0000] {dag.py:3047} INFO - Sync 1 DAGs
[2024-03-14T11:19:13.326+0000] {logging_mixin.py:188} INFO - [2024-03-14T11:19:13.326+0000] {dag.py:3834} INFO - Setting next_dagrun for example_short_circuit_operator to 2024-03-13 00:00:00+00:00, run_after=2024-03-14 00:00:00+00:00
[2024-03-14T11:19:13.333+0000] {processor.py:183} INFO - Processing /home/airflow/.local/lib/python3.8/site-packages/airflow/example_dags/example_short_circuit_operator.py took 0.033 seconds
[2024-03-14T11:19:43.723+0000] {processor.py:161} INFO - Started process (PID=2629) to work on /home/airflow/.local/lib/python3.8/site-packages/airflow/example_dags/example_short_circuit_operator.py
[2024-03-14T11:19:43.723+0000] {processor.py:830} INFO - Processing file /home/airflow/.local/lib/python3.8/site-packages/airflow/example_dags/example_short_circuit_operator.py for tasks to queue
[2024-03-14T11:19:43.724+0000] {logging_mixin.py:188} INFO - [2024-03-14T11:19:43.724+0000] {dagbag.py:540} INFO - Filling up the DagBag from /home/airflow/.local/lib/python3.8/site-packages/airflow/example_dags/example_short_circuit_operator.py
[2024-03-14T11:19:43.728+0000] {processor.py:840} INFO - DAG(s) 'example_short_circuit_operator' retrieved from /home/airflow/.local/lib/python3.8/site-packages/airflow/example_dags/example_short_circuit_operator.py
[2024-03-14T11:19:43.739+0000] {logging_mixin.py:188} INFO - [2024-03-14T11:19:43.739+0000] {dag.py:3047} INFO - Sync 1 DAGs
[2024-03-14T11:19:43.749+0000] {logging_mixin.py:188} INFO - [2024-03-14T11:19:43.749+0000] {dag.py:3834} INFO - Setting next_dagrun for example_short_circuit_operator to 2024-03-13 00:00:00+00:00, run_after=2024-03-14 00:00:00+00:00
[2024-03-14T11:19:43.756+0000] {processor.py:183} INFO - Processing /home/airflow/.local/lib/python3.8/site-packages/airflow/example_dags/example_short_circuit_operator.py took 0.035 seconds
[2024-03-14T11:20:14.141+0000] {processor.py:161} INFO - Started process (PID=2684) to work on /home/airflow/.local/lib/python3.8/site-packages/airflow/example_dags/example_short_circuit_operator.py
[2024-03-14T11:20:14.142+0000] {processor.py:830} INFO - Processing file /home/airflow/.local/lib/python3.8/site-packages/airflow/example_dags/example_short_circuit_operator.py for tasks to queue
[2024-03-14T11:20:14.143+0000] {logging_mixin.py:188} INFO - [2024-03-14T11:20:14.143+0000] {dagbag.py:540} INFO - Filling up the DagBag from /home/airflow/.local/lib/python3.8/site-packages/airflow/example_dags/example_short_circuit_operator.py
[2024-03-14T11:20:14.146+0000] {processor.py:840} INFO - DAG(s) 'example_short_circuit_operator' retrieved from /home/airflow/.local/lib/python3.8/site-packages/airflow/example_dags/example_short_circuit_operator.py
[2024-03-14T11:20:14.156+0000] {logging_mixin.py:188} INFO - [2024-03-14T11:20:14.156+0000] {dag.py:3047} INFO - Sync 1 DAGs
[2024-03-14T11:20:14.165+0000] {logging_mixin.py:188} INFO - [2024-03-14T11:20:14.165+0000] {dag.py:3834} INFO - Setting next_dagrun for example_short_circuit_operator to 2024-03-13 00:00:00+00:00, run_after=2024-03-14 00:00:00+00:00
[2024-03-14T11:20:14.173+0000] {processor.py:183} INFO - Processing /home/airflow/.local/lib/python3.8/site-packages/airflow/example_dags/example_short_circuit_operator.py took 0.033 seconds
[2024-03-14T11:20:44.578+0000] {processor.py:161} INFO - Started process (PID=2739) to work on /home/airflow/.local/lib/python3.8/site-packages/airflow/example_dags/example_short_circuit_operator.py
[2024-03-14T11:20:44.578+0000] {processor.py:830} INFO - Processing file /home/airflow/.local/lib/python3.8/site-packages/airflow/example_dags/example_short_circuit_operator.py for tasks to queue
[2024-03-14T11:20:44.579+0000] {logging_mixin.py:188} INFO - [2024-03-14T11:20:44.579+0000] {dagbag.py:540} INFO - Filling up the DagBag from /home/airflow/.local/lib/python3.8/site-packages/airflow/example_dags/example_short_circuit_operator.py
[2024-03-14T11:20:44.583+0000] {processor.py:840} INFO - DAG(s) 'example_short_circuit_operator' retrieved from /home/airflow/.local/lib/python3.8/site-packages/airflow/example_dags/example_short_circuit_operator.py
[2024-03-14T11:20:44.593+0000] {logging_mixin.py:188} INFO - [2024-03-14T11:20:44.593+0000] {dag.py:3047} INFO - Sync 1 DAGs
[2024-03-14T11:20:44.602+0000] {logging_mixin.py:188} INFO - [2024-03-14T11:20:44.602+0000] {dag.py:3834} INFO - Setting next_dagrun for example_short_circuit_operator to 2024-03-13 00:00:00+00:00, run_after=2024-03-14 00:00:00+00:00
[2024-03-14T11:20:44.610+0000] {processor.py:183} INFO - Processing /home/airflow/.local/lib/python3.8/site-packages/airflow/example_dags/example_short_circuit_operator.py took 0.033 seconds
[2024-03-14T11:21:15.122+0000] {processor.py:161} INFO - Started process (PID=2794) to work on /home/airflow/.local/lib/python3.8/site-packages/airflow/example_dags/example_short_circuit_operator.py
[2024-03-14T11:21:15.123+0000] {processor.py:830} INFO - Processing file /home/airflow/.local/lib/python3.8/site-packages/airflow/example_dags/example_short_circuit_operator.py for tasks to queue
[2024-03-14T11:21:15.123+0000] {logging_mixin.py:188} INFO - [2024-03-14T11:21:15.123+0000] {dagbag.py:540} INFO - Filling up the DagBag from /home/airflow/.local/lib/python3.8/site-packages/airflow/example_dags/example_short_circuit_operator.py
[2024-03-14T11:21:15.127+0000] {processor.py:840} INFO - DAG(s) 'example_short_circuit_operator' retrieved from /home/airflow/.local/lib/python3.8/site-packages/airflow/example_dags/example_short_circuit_operator.py
[2024-03-14T11:21:15.137+0000] {logging_mixin.py:188} INFO - [2024-03-14T11:21:15.137+0000] {dag.py:3047} INFO - Sync 1 DAGs
[2024-03-14T11:21:15.145+0000] {logging_mixin.py:188} INFO - [2024-03-14T11:21:15.145+0000] {dag.py:3834} INFO - Setting next_dagrun for example_short_circuit_operator to 2024-03-13 00:00:00+00:00, run_after=2024-03-14 00:00:00+00:00
[2024-03-14T11:21:15.152+0000] {processor.py:183} INFO - Processing /home/airflow/.local/lib/python3.8/site-packages/airflow/example_dags/example_short_circuit_operator.py took 0.032 seconds
[2024-03-14T11:21:45.589+0000] {processor.py:161} INFO - Started process (PID=2849) to work on /home/airflow/.local/lib/python3.8/site-packages/airflow/example_dags/example_short_circuit_operator.py
[2024-03-14T11:21:45.590+0000] {processor.py:830} INFO - Processing file /home/airflow/.local/lib/python3.8/site-packages/airflow/example_dags/example_short_circuit_operator.py for tasks to queue
[2024-03-14T11:21:45.590+0000] {logging_mixin.py:188} INFO - [2024-03-14T11:21:45.590+0000] {dagbag.py:540} INFO - Filling up the DagBag from /home/airflow/.local/lib/python3.8/site-packages/airflow/example_dags/example_short_circuit_operator.py
[2024-03-14T11:21:45.594+0000] {processor.py:840} INFO - DAG(s) 'example_short_circuit_operator' retrieved from /home/airflow/.local/lib/python3.8/site-packages/airflow/example_dags/example_short_circuit_operator.py
[2024-03-14T11:21:45.606+0000] {logging_mixin.py:188} INFO - [2024-03-14T11:21:45.606+0000] {dag.py:3047} INFO - Sync 1 DAGs
[2024-03-14T11:21:45.615+0000] {logging_mixin.py:188} INFO - [2024-03-14T11:21:45.615+0000] {dag.py:3834} INFO - Setting next_dagrun for example_short_circuit_operator to 2024-03-13 00:00:00+00:00, run_after=2024-03-14 00:00:00+00:00
[2024-03-14T11:21:45.623+0000] {processor.py:183} INFO - Processing /home/airflow/.local/lib/python3.8/site-packages/airflow/example_dags/example_short_circuit_operator.py took 0.036 seconds
[2024-03-14T11:22:16.022+0000] {processor.py:161} INFO - Started process (PID=2904) to work on /home/airflow/.local/lib/python3.8/site-packages/airflow/example_dags/example_short_circuit_operator.py
[2024-03-14T11:22:16.022+0000] {processor.py:830} INFO - Processing file /home/airflow/.local/lib/python3.8/site-packages/airflow/example_dags/example_short_circuit_operator.py for tasks to queue
[2024-03-14T11:22:16.023+0000] {logging_mixin.py:188} INFO - [2024-03-14T11:22:16.023+0000] {dagbag.py:540} INFO - Filling up the DagBag from /home/airflow/.local/lib/python3.8/site-packages/airflow/example_dags/example_short_circuit_operator.py
[2024-03-14T11:22:16.026+0000] {processor.py:840} INFO - DAG(s) 'example_short_circuit_operator' retrieved from /home/airflow/.local/lib/python3.8/site-packages/airflow/example_dags/example_short_circuit_operator.py
[2024-03-14T11:22:16.036+0000] {logging_mixin.py:188} INFO - [2024-03-14T11:22:16.036+0000] {dag.py:3047} INFO - Sync 1 DAGs
[2024-03-14T11:22:16.045+0000] {logging_mixin.py:188} INFO - [2024-03-14T11:22:16.045+0000] {dag.py:3834} INFO - Setting next_dagrun for example_short_circuit_operator to 2024-03-13 00:00:00+00:00, run_after=2024-03-14 00:00:00+00:00
[2024-03-14T11:22:16.052+0000] {processor.py:183} INFO - Processing /home/airflow/.local/lib/python3.8/site-packages/airflow/example_dags/example_short_circuit_operator.py took 0.032 seconds
[2024-03-14T11:22:46.552+0000] {processor.py:161} INFO - Started process (PID=2959) to work on /home/airflow/.local/lib/python3.8/site-packages/airflow/example_dags/example_short_circuit_operator.py
[2024-03-14T11:22:46.553+0000] {processor.py:830} INFO - Processing file /home/airflow/.local/lib/python3.8/site-packages/airflow/example_dags/example_short_circuit_operator.py for tasks to queue
[2024-03-14T11:22:46.554+0000] {logging_mixin.py:188} INFO - [2024-03-14T11:22:46.554+0000] {dagbag.py:540} INFO - Filling up the DagBag from /home/airflow/.local/lib/python3.8/site-packages/airflow/example_dags/example_short_circuit_operator.py
[2024-03-14T11:22:46.557+0000] {processor.py:840} INFO - DAG(s) 'example_short_circuit_operator' retrieved from /home/airflow/.local/lib/python3.8/site-packages/airflow/example_dags/example_short_circuit_operator.py
[2024-03-14T11:22:46.567+0000] {logging_mixin.py:188} INFO - [2024-03-14T11:22:46.567+0000] {dag.py:3047} INFO - Sync 1 DAGs
[2024-03-14T11:22:46.576+0000] {logging_mixin.py:188} INFO - [2024-03-14T11:22:46.575+0000] {dag.py:3834} INFO - Setting next_dagrun for example_short_circuit_operator to 2024-03-13 00:00:00+00:00, run_after=2024-03-14 00:00:00+00:00
[2024-03-14T11:22:46.583+0000] {processor.py:183} INFO - Processing /home/airflow/.local/lib/python3.8/site-packages/airflow/example_dags/example_short_circuit_operator.py took 0.032 seconds
[2024-03-14T11:23:16.952+0000] {processor.py:161} INFO - Started process (PID=3014) to work on /home/airflow/.local/lib/python3.8/site-packages/airflow/example_dags/example_short_circuit_operator.py
[2024-03-14T11:23:16.952+0000] {processor.py:830} INFO - Processing file /home/airflow/.local/lib/python3.8/site-packages/airflow/example_dags/example_short_circuit_operator.py for tasks to queue
[2024-03-14T11:23:16.953+0000] {logging_mixin.py:188} INFO - [2024-03-14T11:23:16.953+0000] {dagbag.py:540} INFO - Filling up the DagBag from /home/airflow/.local/lib/python3.8/site-packages/airflow/example_dags/example_short_circuit_operator.py
[2024-03-14T11:23:16.957+0000] {processor.py:840} INFO - DAG(s) 'example_short_circuit_operator' retrieved from /home/airflow/.local/lib/python3.8/site-packages/airflow/example_dags/example_short_circuit_operator.py
[2024-03-14T11:23:16.967+0000] {logging_mixin.py:188} INFO - [2024-03-14T11:23:16.967+0000] {dag.py:3047} INFO - Sync 1 DAGs
[2024-03-14T11:23:16.975+0000] {logging_mixin.py:188} INFO - [2024-03-14T11:23:16.975+0000] {dag.py:3834} INFO - Setting next_dagrun for example_short_circuit_operator to 2024-03-13 00:00:00+00:00, run_after=2024-03-14 00:00:00+00:00
[2024-03-14T11:23:16.983+0000] {processor.py:183} INFO - Processing /home/airflow/.local/lib/python3.8/site-packages/airflow/example_dags/example_short_circuit_operator.py took 0.033 seconds
[2024-03-14T11:23:47.415+0000] {processor.py:161} INFO - Started process (PID=3069) to work on /home/airflow/.local/lib/python3.8/site-packages/airflow/example_dags/example_short_circuit_operator.py
[2024-03-14T11:23:47.415+0000] {processor.py:830} INFO - Processing file /home/airflow/.local/lib/python3.8/site-packages/airflow/example_dags/example_short_circuit_operator.py for tasks to queue
[2024-03-14T11:23:47.416+0000] {logging_mixin.py:188} INFO - [2024-03-14T11:23:47.416+0000] {dagbag.py:540} INFO - Filling up the DagBag from /home/airflow/.local/lib/python3.8/site-packages/airflow/example_dags/example_short_circuit_operator.py
[2024-03-14T11:23:47.419+0000] {processor.py:840} INFO - DAG(s) 'example_short_circuit_operator' retrieved from /home/airflow/.local/lib/python3.8/site-packages/airflow/example_dags/example_short_circuit_operator.py
[2024-03-14T11:23:47.430+0000] {logging_mixin.py:188} INFO - [2024-03-14T11:23:47.430+0000] {dag.py:3047} INFO - Sync 1 DAGs
[2024-03-14T11:23:47.439+0000] {logging_mixin.py:188} INFO - [2024-03-14T11:23:47.439+0000] {dag.py:3834} INFO - Setting next_dagrun for example_short_circuit_operator to 2024-03-13 00:00:00+00:00, run_after=2024-03-14 00:00:00+00:00
[2024-03-14T11:23:47.446+0000] {processor.py:183} INFO - Processing /home/airflow/.local/lib/python3.8/site-packages/airflow/example_dags/example_short_circuit_operator.py took 0.033 seconds
[2024-03-14T11:24:17.787+0000] {processor.py:161} INFO - Started process (PID=3124) to work on /home/airflow/.local/lib/python3.8/site-packages/airflow/example_dags/example_short_circuit_operator.py
[2024-03-14T11:24:17.788+0000] {processor.py:830} INFO - Processing file /home/airflow/.local/lib/python3.8/site-packages/airflow/example_dags/example_short_circuit_operator.py for tasks to queue
[2024-03-14T11:24:17.788+0000] {logging_mixin.py:188} INFO - [2024-03-14T11:24:17.788+0000] {dagbag.py:540} INFO - Filling up the DagBag from /home/airflow/.local/lib/python3.8/site-packages/airflow/example_dags/example_short_circuit_operator.py
[2024-03-14T11:24:17.792+0000] {processor.py:840} INFO - DAG(s) 'example_short_circuit_operator' retrieved from /home/airflow/.local/lib/python3.8/site-packages/airflow/example_dags/example_short_circuit_operator.py
[2024-03-14T11:24:17.802+0000] {logging_mixin.py:188} INFO - [2024-03-14T11:24:17.802+0000] {dag.py:3047} INFO - Sync 1 DAGs
[2024-03-14T11:24:17.812+0000] {logging_mixin.py:188} INFO - [2024-03-14T11:24:17.811+0000] {dag.py:3834} INFO - Setting next_dagrun for example_short_circuit_operator to 2024-03-13 00:00:00+00:00, run_after=2024-03-14 00:00:00+00:00
[2024-03-14T11:24:17.819+0000] {processor.py:183} INFO - Processing /home/airflow/.local/lib/python3.8/site-packages/airflow/example_dags/example_short_circuit_operator.py took 0.034 seconds
[2024-03-14T11:24:48.132+0000] {processor.py:161} INFO - Started process (PID=3179) to work on /home/airflow/.local/lib/python3.8/site-packages/airflow/example_dags/example_short_circuit_operator.py
[2024-03-14T11:24:48.134+0000] {processor.py:830} INFO - Processing file /home/airflow/.local/lib/python3.8/site-packages/airflow/example_dags/example_short_circuit_operator.py for tasks to queue
[2024-03-14T11:24:48.135+0000] {logging_mixin.py:188} INFO - [2024-03-14T11:24:48.135+0000] {dagbag.py:540} INFO - Filling up the DagBag from /home/airflow/.local/lib/python3.8/site-packages/airflow/example_dags/example_short_circuit_operator.py
[2024-03-14T11:24:48.139+0000] {processor.py:840} INFO - DAG(s) 'example_short_circuit_operator' retrieved from /home/airflow/.local/lib/python3.8/site-packages/airflow/example_dags/example_short_circuit_operator.py
[2024-03-14T11:24:48.149+0000] {logging_mixin.py:188} INFO - [2024-03-14T11:24:48.149+0000] {dag.py:3047} INFO - Sync 1 DAGs
[2024-03-14T11:24:48.158+0000] {logging_mixin.py:188} INFO - [2024-03-14T11:24:48.158+0000] {dag.py:3834} INFO - Setting next_dagrun for example_short_circuit_operator to 2024-03-13 00:00:00+00:00, run_after=2024-03-14 00:00:00+00:00
[2024-03-14T11:24:48.166+0000] {processor.py:183} INFO - Processing /home/airflow/.local/lib/python3.8/site-packages/airflow/example_dags/example_short_circuit_operator.py took 0.036 seconds
[2024-03-14T11:25:18.567+0000] {processor.py:161} INFO - Started process (PID=3234) to work on /home/airflow/.local/lib/python3.8/site-packages/airflow/example_dags/example_short_circuit_operator.py
[2024-03-14T11:25:18.568+0000] {processor.py:830} INFO - Processing file /home/airflow/.local/lib/python3.8/site-packages/airflow/example_dags/example_short_circuit_operator.py for tasks to queue
[2024-03-14T11:25:18.569+0000] {logging_mixin.py:188} INFO - [2024-03-14T11:25:18.568+0000] {dagbag.py:540} INFO - Filling up the DagBag from /home/airflow/.local/lib/python3.8/site-packages/airflow/example_dags/example_short_circuit_operator.py
[2024-03-14T11:25:18.572+0000] {processor.py:840} INFO - DAG(s) 'example_short_circuit_operator' retrieved from /home/airflow/.local/lib/python3.8/site-packages/airflow/example_dags/example_short_circuit_operator.py
[2024-03-14T11:25:18.582+0000] {logging_mixin.py:188} INFO - [2024-03-14T11:25:18.582+0000] {dag.py:3047} INFO - Sync 1 DAGs
[2024-03-14T11:25:18.591+0000] {logging_mixin.py:188} INFO - [2024-03-14T11:25:18.591+0000] {dag.py:3834} INFO - Setting next_dagrun for example_short_circuit_operator to 2024-03-13 00:00:00+00:00, run_after=2024-03-14 00:00:00+00:00
[2024-03-14T11:25:18.599+0000] {processor.py:183} INFO - Processing /home/airflow/.local/lib/python3.8/site-packages/airflow/example_dags/example_short_circuit_operator.py took 0.033 seconds
[2024-03-14T11:25:49.016+0000] {processor.py:161} INFO - Started process (PID=3289) to work on /home/airflow/.local/lib/python3.8/site-packages/airflow/example_dags/example_short_circuit_operator.py
[2024-03-14T11:25:49.017+0000] {processor.py:830} INFO - Processing file /home/airflow/.local/lib/python3.8/site-packages/airflow/example_dags/example_short_circuit_operator.py for tasks to queue
[2024-03-14T11:25:49.018+0000] {logging_mixin.py:188} INFO - [2024-03-14T11:25:49.017+0000] {dagbag.py:540} INFO - Filling up the DagBag from /home/airflow/.local/lib/python3.8/site-packages/airflow/example_dags/example_short_circuit_operator.py
[2024-03-14T11:25:49.021+0000] {processor.py:840} INFO - DAG(s) 'example_short_circuit_operator' retrieved from /home/airflow/.local/lib/python3.8/site-packages/airflow/example_dags/example_short_circuit_operator.py
[2024-03-14T11:25:49.032+0000] {logging_mixin.py:188} INFO - [2024-03-14T11:25:49.032+0000] {dag.py:3047} INFO - Sync 1 DAGs
[2024-03-14T11:25:49.041+0000] {logging_mixin.py:188} INFO - [2024-03-14T11:25:49.040+0000] {dag.py:3834} INFO - Setting next_dagrun for example_short_circuit_operator to 2024-03-13 00:00:00+00:00, run_after=2024-03-14 00:00:00+00:00
[2024-03-14T11:25:49.048+0000] {processor.py:183} INFO - Processing /home/airflow/.local/lib/python3.8/site-packages/airflow/example_dags/example_short_circuit_operator.py took 0.034 seconds
[2024-03-14T11:26:19.537+0000] {processor.py:161} INFO - Started process (PID=3344) to work on /home/airflow/.local/lib/python3.8/site-packages/airflow/example_dags/example_short_circuit_operator.py
[2024-03-14T11:26:19.538+0000] {processor.py:830} INFO - Processing file /home/airflow/.local/lib/python3.8/site-packages/airflow/example_dags/example_short_circuit_operator.py for tasks to queue
[2024-03-14T11:26:19.538+0000] {logging_mixin.py:188} INFO - [2024-03-14T11:26:19.538+0000] {dagbag.py:540} INFO - Filling up the DagBag from /home/airflow/.local/lib/python3.8/site-packages/airflow/example_dags/example_short_circuit_operator.py
[2024-03-14T11:26:19.542+0000] {processor.py:840} INFO - DAG(s) 'example_short_circuit_operator' retrieved from /home/airflow/.local/lib/python3.8/site-packages/airflow/example_dags/example_short_circuit_operator.py
[2024-03-14T11:26:19.552+0000] {logging_mixin.py:188} INFO - [2024-03-14T11:26:19.552+0000] {dag.py:3047} INFO - Sync 1 DAGs
[2024-03-14T11:26:19.563+0000] {logging_mixin.py:188} INFO - [2024-03-14T11:26:19.562+0000] {dag.py:3834} INFO - Setting next_dagrun for example_short_circuit_operator to 2024-03-13 00:00:00+00:00, run_after=2024-03-14 00:00:00+00:00
[2024-03-14T11:26:19.569+0000] {processor.py:183} INFO - Processing /home/airflow/.local/lib/python3.8/site-packages/airflow/example_dags/example_short_circuit_operator.py took 0.034 seconds
[2024-03-14T11:26:49.974+0000] {processor.py:161} INFO - Started process (PID=3399) to work on /home/airflow/.local/lib/python3.8/site-packages/airflow/example_dags/example_short_circuit_operator.py
[2024-03-14T11:26:49.975+0000] {processor.py:830} INFO - Processing file /home/airflow/.local/lib/python3.8/site-packages/airflow/example_dags/example_short_circuit_operator.py for tasks to queue
[2024-03-14T11:26:49.976+0000] {logging_mixin.py:188} INFO - [2024-03-14T11:26:49.976+0000] {dagbag.py:540} INFO - Filling up the DagBag from /home/airflow/.local/lib/python3.8/site-packages/airflow/example_dags/example_short_circuit_operator.py
[2024-03-14T11:26:49.979+0000] {processor.py:840} INFO - DAG(s) 'example_short_circuit_operator' retrieved from /home/airflow/.local/lib/python3.8/site-packages/airflow/example_dags/example_short_circuit_operator.py
[2024-03-14T11:26:49.989+0000] {logging_mixin.py:188} INFO - [2024-03-14T11:26:49.989+0000] {dag.py:3047} INFO - Sync 1 DAGs
[2024-03-14T11:26:49.998+0000] {logging_mixin.py:188} INFO - [2024-03-14T11:26:49.998+0000] {dag.py:3834} INFO - Setting next_dagrun for example_short_circuit_operator to 2024-03-13 00:00:00+00:00, run_after=2024-03-14 00:00:00+00:00
[2024-03-14T11:26:50.005+0000] {processor.py:183} INFO - Processing /home/airflow/.local/lib/python3.8/site-packages/airflow/example_dags/example_short_circuit_operator.py took 0.032 seconds
[2024-03-14T11:27:20.471+0000] {processor.py:161} INFO - Started process (PID=3459) to work on /home/airflow/.local/lib/python3.8/site-packages/airflow/example_dags/example_short_circuit_operator.py
[2024-03-14T11:27:20.472+0000] {processor.py:830} INFO - Processing file /home/airflow/.local/lib/python3.8/site-packages/airflow/example_dags/example_short_circuit_operator.py for tasks to queue
[2024-03-14T11:27:20.473+0000] {logging_mixin.py:188} INFO - [2024-03-14T11:27:20.473+0000] {dagbag.py:540} INFO - Filling up the DagBag from /home/airflow/.local/lib/python3.8/site-packages/airflow/example_dags/example_short_circuit_operator.py
[2024-03-14T11:27:20.476+0000] {processor.py:840} INFO - DAG(s) 'example_short_circuit_operator' retrieved from /home/airflow/.local/lib/python3.8/site-packages/airflow/example_dags/example_short_circuit_operator.py
[2024-03-14T11:27:20.486+0000] {logging_mixin.py:188} INFO - [2024-03-14T11:27:20.486+0000] {dag.py:3047} INFO - Sync 1 DAGs
[2024-03-14T11:27:20.495+0000] {logging_mixin.py:188} INFO - [2024-03-14T11:27:20.495+0000] {dag.py:3834} INFO - Setting next_dagrun for example_short_circuit_operator to 2024-03-13 00:00:00+00:00, run_after=2024-03-14 00:00:00+00:00
[2024-03-14T11:27:20.502+0000] {processor.py:183} INFO - Processing /home/airflow/.local/lib/python3.8/site-packages/airflow/example_dags/example_short_circuit_operator.py took 0.032 seconds
[2024-03-14T11:27:51.171+0000] {processor.py:161} INFO - Started process (PID=3514) to work on /home/airflow/.local/lib/python3.8/site-packages/airflow/example_dags/example_short_circuit_operator.py
[2024-03-14T11:27:51.172+0000] {processor.py:830} INFO - Processing file /home/airflow/.local/lib/python3.8/site-packages/airflow/example_dags/example_short_circuit_operator.py for tasks to queue
[2024-03-14T11:27:51.173+0000] {logging_mixin.py:188} INFO - [2024-03-14T11:27:51.173+0000] {dagbag.py:540} INFO - Filling up the DagBag from /home/airflow/.local/lib/python3.8/site-packages/airflow/example_dags/example_short_circuit_operator.py
[2024-03-14T11:27:51.176+0000] {processor.py:840} INFO - DAG(s) 'example_short_circuit_operator' retrieved from /home/airflow/.local/lib/python3.8/site-packages/airflow/example_dags/example_short_circuit_operator.py
[2024-03-14T11:27:51.186+0000] {logging_mixin.py:188} INFO - [2024-03-14T11:27:51.186+0000] {dag.py:3047} INFO - Sync 1 DAGs
[2024-03-14T11:27:51.196+0000] {logging_mixin.py:188} INFO - [2024-03-14T11:27:51.196+0000] {dag.py:3834} INFO - Setting next_dagrun for example_short_circuit_operator to 2024-03-13 00:00:00+00:00, run_after=2024-03-14 00:00:00+00:00
[2024-03-14T11:27:51.206+0000] {processor.py:183} INFO - Processing /home/airflow/.local/lib/python3.8/site-packages/airflow/example_dags/example_short_circuit_operator.py took 0.036 seconds
[2024-03-14T11:28:21.948+0000] {processor.py:161} INFO - Started process (PID=3569) to work on /home/airflow/.local/lib/python3.8/site-packages/airflow/example_dags/example_short_circuit_operator.py
[2024-03-14T11:28:21.949+0000] {processor.py:830} INFO - Processing file /home/airflow/.local/lib/python3.8/site-packages/airflow/example_dags/example_short_circuit_operator.py for tasks to queue
[2024-03-14T11:28:21.950+0000] {logging_mixin.py:188} INFO - [2024-03-14T11:28:21.950+0000] {dagbag.py:540} INFO - Filling up the DagBag from /home/airflow/.local/lib/python3.8/site-packages/airflow/example_dags/example_short_circuit_operator.py
[2024-03-14T11:28:21.953+0000] {processor.py:840} INFO - DAG(s) 'example_short_circuit_operator' retrieved from /home/airflow/.local/lib/python3.8/site-packages/airflow/example_dags/example_short_circuit_operator.py
[2024-03-14T11:28:21.963+0000] {logging_mixin.py:188} INFO - [2024-03-14T11:28:21.963+0000] {dag.py:3047} INFO - Sync 1 DAGs
[2024-03-14T11:28:21.972+0000] {logging_mixin.py:188} INFO - [2024-03-14T11:28:21.972+0000] {dag.py:3834} INFO - Setting next_dagrun for example_short_circuit_operator to 2024-03-13 00:00:00+00:00, run_after=2024-03-14 00:00:00+00:00
[2024-03-14T11:28:22.042+0000] {processor.py:183} INFO - Processing /home/airflow/.local/lib/python3.8/site-packages/airflow/example_dags/example_short_circuit_operator.py took 0.096 seconds
[2024-03-14T11:28:52.239+0000] {processor.py:161} INFO - Started process (PID=3624) to work on /home/airflow/.local/lib/python3.8/site-packages/airflow/example_dags/example_short_circuit_operator.py
[2024-03-14T11:28:52.240+0000] {processor.py:830} INFO - Processing file /home/airflow/.local/lib/python3.8/site-packages/airflow/example_dags/example_short_circuit_operator.py for tasks to queue
[2024-03-14T11:28:52.241+0000] {logging_mixin.py:188} INFO - [2024-03-14T11:28:52.241+0000] {dagbag.py:540} INFO - Filling up the DagBag from /home/airflow/.local/lib/python3.8/site-packages/airflow/example_dags/example_short_circuit_operator.py
[2024-03-14T11:28:52.245+0000] {processor.py:840} INFO - DAG(s) 'example_short_circuit_operator' retrieved from /home/airflow/.local/lib/python3.8/site-packages/airflow/example_dags/example_short_circuit_operator.py
[2024-03-14T11:28:52.264+0000] {logging_mixin.py:188} INFO - [2024-03-14T11:28:52.264+0000] {dag.py:3047} INFO - Sync 1 DAGs
[2024-03-14T11:28:52.275+0000] {logging_mixin.py:188} INFO - [2024-03-14T11:28:52.275+0000] {dag.py:3834} INFO - Setting next_dagrun for example_short_circuit_operator to 2024-03-13 00:00:00+00:00, run_after=2024-03-14 00:00:00+00:00
