[2024-03-14T10:55:54.590+0000] {processor.py:161} INFO - Started process (PID=51) to work on /home/airflow/.local/lib/python3.8/site-packages/airflow/example_dags/example_python_decorator.py
[2024-03-14T10:55:54.591+0000] {processor.py:830} INFO - Processing file /home/airflow/.local/lib/python3.8/site-packages/airflow/example_dags/example_python_decorator.py for tasks to queue
[2024-03-14T10:55:54.592+0000] {logging_mixin.py:188} INFO - [2024-03-14T10:55:54.592+0000] {dagbag.py:540} INFO - Filling up the DagBag from /home/airflow/.local/lib/python3.8/site-packages/airflow/example_dags/example_python_decorator.py
[2024-03-14T10:55:54.602+0000] {processor.py:840} INFO - DAG(s) 'example_python_decorator' retrieved from /home/airflow/.local/lib/python3.8/site-packages/airflow/example_dags/example_python_decorator.py
[2024-03-14T10:55:54.610+0000] {logging_mixin.py:188} INFO - [2024-03-14T10:55:54.609+0000] {dag.py:3047} INFO - Sync 1 DAGs
[2024-03-14T10:55:54.617+0000] {logging_mixin.py:188} INFO - [2024-03-14T10:55:54.617+0000] {dag.py:3834} INFO - Setting next_dagrun for example_python_decorator to None, run_after=None
[2024-03-14T10:55:54.656+0000] {processor.py:183} INFO - Processing /home/airflow/.local/lib/python3.8/site-packages/airflow/example_dags/example_python_decorator.py took 0.068 seconds
[2024-03-14T10:56:24.722+0000] {processor.py:161} INFO - Started process (PID=106) to work on /home/airflow/.local/lib/python3.8/site-packages/airflow/example_dags/example_python_decorator.py
[2024-03-14T10:56:24.723+0000] {processor.py:830} INFO - Processing file /home/airflow/.local/lib/python3.8/site-packages/airflow/example_dags/example_python_decorator.py for tasks to queue
[2024-03-14T10:56:24.723+0000] {logging_mixin.py:188} INFO - [2024-03-14T10:56:24.723+0000] {dagbag.py:540} INFO - Filling up the DagBag from /home/airflow/.local/lib/python3.8/site-packages/airflow/example_dags/example_python_decorator.py
[2024-03-14T10:56:24.729+0000] {processor.py:840} INFO - DAG(s) 'example_python_decorator' retrieved from /home/airflow/.local/lib/python3.8/site-packages/airflow/example_dags/example_python_decorator.py
[2024-03-14T10:56:24.771+0000] {logging_mixin.py:188} INFO - [2024-03-14T10:56:24.771+0000] {dag.py:3047} INFO - Sync 1 DAGs
[2024-03-14T10:56:24.775+0000] {logging_mixin.py:188} INFO - [2024-03-14T10:56:24.775+0000] {dag.py:3834} INFO - Setting next_dagrun for example_python_decorator to None, run_after=None
[2024-03-14T10:56:24.783+0000] {processor.py:183} INFO - Processing /home/airflow/.local/lib/python3.8/site-packages/airflow/example_dags/example_python_decorator.py took 0.062 seconds
[2024-03-14T10:56:54.836+0000] {processor.py:161} INFO - Started process (PID=161) to work on /home/airflow/.local/lib/python3.8/site-packages/airflow/example_dags/example_python_decorator.py
[2024-03-14T10:56:54.838+0000] {processor.py:830} INFO - Processing file /home/airflow/.local/lib/python3.8/site-packages/airflow/example_dags/example_python_decorator.py for tasks to queue
[2024-03-14T10:56:54.839+0000] {logging_mixin.py:188} INFO - [2024-03-14T10:56:54.839+0000] {dagbag.py:540} INFO - Filling up the DagBag from /home/airflow/.local/lib/python3.8/site-packages/airflow/example_dags/example_python_decorator.py
[2024-03-14T10:56:54.846+0000] {processor.py:840} INFO - DAG(s) 'example_python_decorator' retrieved from /home/airflow/.local/lib/python3.8/site-packages/airflow/example_dags/example_python_decorator.py
[2024-03-14T10:56:54.855+0000] {logging_mixin.py:188} INFO - [2024-03-14T10:56:54.855+0000] {dag.py:3047} INFO - Sync 1 DAGs
[2024-03-14T10:56:54.865+0000] {logging_mixin.py:188} INFO - [2024-03-14T10:56:54.864+0000] {dag.py:3834} INFO - Setting next_dagrun for example_python_decorator to None, run_after=None
[2024-03-14T10:56:54.879+0000] {processor.py:183} INFO - Processing /home/airflow/.local/lib/python3.8/site-packages/airflow/example_dags/example_python_decorator.py took 0.044 seconds
[2024-03-14T10:57:25.371+0000] {processor.py:161} INFO - Started process (PID=215) to work on /home/airflow/.local/lib/python3.8/site-packages/airflow/example_dags/example_python_decorator.py
[2024-03-14T10:57:25.372+0000] {processor.py:830} INFO - Processing file /home/airflow/.local/lib/python3.8/site-packages/airflow/example_dags/example_python_decorator.py for tasks to queue
[2024-03-14T10:57:25.373+0000] {logging_mixin.py:188} INFO - [2024-03-14T10:57:25.373+0000] {dagbag.py:540} INFO - Filling up the DagBag from /home/airflow/.local/lib/python3.8/site-packages/airflow/example_dags/example_python_decorator.py
[2024-03-14T10:57:25.379+0000] {processor.py:840} INFO - DAG(s) 'example_python_decorator' retrieved from /home/airflow/.local/lib/python3.8/site-packages/airflow/example_dags/example_python_decorator.py
[2024-03-14T10:57:25.389+0000] {logging_mixin.py:188} INFO - [2024-03-14T10:57:25.389+0000] {dag.py:3047} INFO - Sync 1 DAGs
[2024-03-14T10:57:25.394+0000] {logging_mixin.py:188} INFO - [2024-03-14T10:57:25.394+0000] {dag.py:3834} INFO - Setting next_dagrun for example_python_decorator to None, run_after=None
[2024-03-14T10:57:25.402+0000] {processor.py:183} INFO - Processing /home/airflow/.local/lib/python3.8/site-packages/airflow/example_dags/example_python_decorator.py took 0.033 seconds
[2024-03-14T10:57:55.842+0000] {processor.py:161} INFO - Started process (PID=270) to work on /home/airflow/.local/lib/python3.8/site-packages/airflow/example_dags/example_python_decorator.py
[2024-03-14T10:57:55.843+0000] {processor.py:830} INFO - Processing file /home/airflow/.local/lib/python3.8/site-packages/airflow/example_dags/example_python_decorator.py for tasks to queue
[2024-03-14T10:57:55.844+0000] {logging_mixin.py:188} INFO - [2024-03-14T10:57:55.843+0000] {dagbag.py:540} INFO - Filling up the DagBag from /home/airflow/.local/lib/python3.8/site-packages/airflow/example_dags/example_python_decorator.py
[2024-03-14T10:57:55.850+0000] {processor.py:840} INFO - DAG(s) 'example_python_decorator' retrieved from /home/airflow/.local/lib/python3.8/site-packages/airflow/example_dags/example_python_decorator.py
[2024-03-14T10:57:55.859+0000] {logging_mixin.py:188} INFO - [2024-03-14T10:57:55.858+0000] {dag.py:3047} INFO - Sync 1 DAGs
[2024-03-14T10:57:55.863+0000] {logging_mixin.py:188} INFO - [2024-03-14T10:57:55.863+0000] {dag.py:3834} INFO - Setting next_dagrun for example_python_decorator to None, run_after=None
[2024-03-14T10:57:55.870+0000] {processor.py:183} INFO - Processing /home/airflow/.local/lib/python3.8/site-packages/airflow/example_dags/example_python_decorator.py took 0.030 seconds
[2024-03-14T10:58:26.116+0000] {processor.py:161} INFO - Started process (PID=325) to work on /home/airflow/.local/lib/python3.8/site-packages/airflow/example_dags/example_python_decorator.py
[2024-03-14T10:58:26.117+0000] {processor.py:830} INFO - Processing file /home/airflow/.local/lib/python3.8/site-packages/airflow/example_dags/example_python_decorator.py for tasks to queue
[2024-03-14T10:58:26.117+0000] {logging_mixin.py:188} INFO - [2024-03-14T10:58:26.117+0000] {dagbag.py:540} INFO - Filling up the DagBag from /home/airflow/.local/lib/python3.8/site-packages/airflow/example_dags/example_python_decorator.py
[2024-03-14T10:58:26.123+0000] {processor.py:840} INFO - DAG(s) 'example_python_decorator' retrieved from /home/airflow/.local/lib/python3.8/site-packages/airflow/example_dags/example_python_decorator.py
[2024-03-14T10:58:26.132+0000] {logging_mixin.py:188} INFO - [2024-03-14T10:58:26.132+0000] {dag.py:3047} INFO - Sync 1 DAGs
[2024-03-14T10:58:26.137+0000] {logging_mixin.py:188} INFO - [2024-03-14T10:58:26.137+0000] {dag.py:3834} INFO - Setting next_dagrun for example_python_decorator to None, run_after=None
[2024-03-14T10:58:26.143+0000] {processor.py:183} INFO - Processing /home/airflow/.local/lib/python3.8/site-packages/airflow/example_dags/example_python_decorator.py took 0.029 seconds
[2024-03-14T10:58:56.502+0000] {processor.py:161} INFO - Started process (PID=380) to work on /home/airflow/.local/lib/python3.8/site-packages/airflow/example_dags/example_python_decorator.py
[2024-03-14T10:58:56.503+0000] {processor.py:830} INFO - Processing file /home/airflow/.local/lib/python3.8/site-packages/airflow/example_dags/example_python_decorator.py for tasks to queue
[2024-03-14T10:58:56.504+0000] {logging_mixin.py:188} INFO - [2024-03-14T10:58:56.504+0000] {dagbag.py:540} INFO - Filling up the DagBag from /home/airflow/.local/lib/python3.8/site-packages/airflow/example_dags/example_python_decorator.py
[2024-03-14T10:58:56.510+0000] {processor.py:840} INFO - DAG(s) 'example_python_decorator' retrieved from /home/airflow/.local/lib/python3.8/site-packages/airflow/example_dags/example_python_decorator.py
[2024-03-14T10:58:56.519+0000] {logging_mixin.py:188} INFO - [2024-03-14T10:58:56.519+0000] {dag.py:3047} INFO - Sync 1 DAGs
[2024-03-14T10:58:56.526+0000] {logging_mixin.py:188} INFO - [2024-03-14T10:58:56.526+0000] {dag.py:3834} INFO - Setting next_dagrun for example_python_decorator to None, run_after=None
[2024-03-14T10:58:56.534+0000] {processor.py:183} INFO - Processing /home/airflow/.local/lib/python3.8/site-packages/airflow/example_dags/example_python_decorator.py took 0.033 seconds
[2024-03-14T10:59:26.885+0000] {processor.py:161} INFO - Started process (PID=435) to work on /home/airflow/.local/lib/python3.8/site-packages/airflow/example_dags/example_python_decorator.py
[2024-03-14T10:59:26.886+0000] {processor.py:830} INFO - Processing file /home/airflow/.local/lib/python3.8/site-packages/airflow/example_dags/example_python_decorator.py for tasks to queue
[2024-03-14T10:59:26.886+0000] {logging_mixin.py:188} INFO - [2024-03-14T10:59:26.886+0000] {dagbag.py:540} INFO - Filling up the DagBag from /home/airflow/.local/lib/python3.8/site-packages/airflow/example_dags/example_python_decorator.py
[2024-03-14T10:59:26.893+0000] {processor.py:840} INFO - DAG(s) 'example_python_decorator' retrieved from /home/airflow/.local/lib/python3.8/site-packages/airflow/example_dags/example_python_decorator.py
[2024-03-14T10:59:26.903+0000] {logging_mixin.py:188} INFO - [2024-03-14T10:59:26.903+0000] {dag.py:3047} INFO - Sync 1 DAGs
[2024-03-14T10:59:26.909+0000] {logging_mixin.py:188} INFO - [2024-03-14T10:59:26.908+0000] {dag.py:3834} INFO - Setting next_dagrun for example_python_decorator to None, run_after=None
[2024-03-14T10:59:26.917+0000] {processor.py:183} INFO - Processing /home/airflow/.local/lib/python3.8/site-packages/airflow/example_dags/example_python_decorator.py took 0.033 seconds
[2024-03-14T10:59:57.260+0000] {processor.py:161} INFO - Started process (PID=490) to work on /home/airflow/.local/lib/python3.8/site-packages/airflow/example_dags/example_python_decorator.py
[2024-03-14T10:59:57.261+0000] {processor.py:830} INFO - Processing file /home/airflow/.local/lib/python3.8/site-packages/airflow/example_dags/example_python_decorator.py for tasks to queue
[2024-03-14T10:59:57.263+0000] {logging_mixin.py:188} INFO - [2024-03-14T10:59:57.263+0000] {dagbag.py:540} INFO - Filling up the DagBag from /home/airflow/.local/lib/python3.8/site-packages/airflow/example_dags/example_python_decorator.py
[2024-03-14T10:59:57.281+0000] {processor.py:840} INFO - DAG(s) 'example_python_decorator' retrieved from /home/airflow/.local/lib/python3.8/site-packages/airflow/example_dags/example_python_decorator.py
[2024-03-14T10:59:57.292+0000] {logging_mixin.py:188} INFO - [2024-03-14T10:59:57.292+0000] {dag.py:3047} INFO - Sync 1 DAGs
[2024-03-14T10:59:57.298+0000] {logging_mixin.py:188} INFO - [2024-03-14T10:59:57.298+0000] {dag.py:3834} INFO - Setting next_dagrun for example_python_decorator to None, run_after=None
[2024-03-14T10:59:57.315+0000] {processor.py:183} INFO - Processing /home/airflow/.local/lib/python3.8/site-packages/airflow/example_dags/example_python_decorator.py took 0.057 seconds
[2024-03-14T11:00:27.665+0000] {processor.py:161} INFO - Started process (PID=544) to work on /home/airflow/.local/lib/python3.8/site-packages/airflow/example_dags/example_python_decorator.py
[2024-03-14T11:00:27.665+0000] {processor.py:830} INFO - Processing file /home/airflow/.local/lib/python3.8/site-packages/airflow/example_dags/example_python_decorator.py for tasks to queue
[2024-03-14T11:00:27.666+0000] {logging_mixin.py:188} INFO - [2024-03-14T11:00:27.666+0000] {dagbag.py:540} INFO - Filling up the DagBag from /home/airflow/.local/lib/python3.8/site-packages/airflow/example_dags/example_python_decorator.py
[2024-03-14T11:00:27.672+0000] {processor.py:840} INFO - DAG(s) 'example_python_decorator' retrieved from /home/airflow/.local/lib/python3.8/site-packages/airflow/example_dags/example_python_decorator.py
[2024-03-14T11:00:27.681+0000] {logging_mixin.py:188} INFO - [2024-03-14T11:00:27.681+0000] {dag.py:3047} INFO - Sync 1 DAGs
[2024-03-14T11:00:27.686+0000] {logging_mixin.py:188} INFO - [2024-03-14T11:00:27.686+0000] {dag.py:3834} INFO - Setting next_dagrun for example_python_decorator to None, run_after=None
[2024-03-14T11:00:27.693+0000] {processor.py:183} INFO - Processing /home/airflow/.local/lib/python3.8/site-packages/airflow/example_dags/example_python_decorator.py took 0.030 seconds
[2024-03-14T11:00:58.091+0000] {processor.py:161} INFO - Started process (PID=599) to work on /home/airflow/.local/lib/python3.8/site-packages/airflow/example_dags/example_python_decorator.py
[2024-03-14T11:00:58.091+0000] {processor.py:830} INFO - Processing file /home/airflow/.local/lib/python3.8/site-packages/airflow/example_dags/example_python_decorator.py for tasks to queue
[2024-03-14T11:00:58.092+0000] {logging_mixin.py:188} INFO - [2024-03-14T11:00:58.092+0000] {dagbag.py:540} INFO - Filling up the DagBag from /home/airflow/.local/lib/python3.8/site-packages/airflow/example_dags/example_python_decorator.py
[2024-03-14T11:00:58.098+0000] {processor.py:840} INFO - DAG(s) 'example_python_decorator' retrieved from /home/airflow/.local/lib/python3.8/site-packages/airflow/example_dags/example_python_decorator.py
[2024-03-14T11:00:58.107+0000] {logging_mixin.py:188} INFO - [2024-03-14T11:00:58.107+0000] {dag.py:3047} INFO - Sync 1 DAGs
[2024-03-14T11:00:58.112+0000] {logging_mixin.py:188} INFO - [2024-03-14T11:00:58.112+0000] {dag.py:3834} INFO - Setting next_dagrun for example_python_decorator to None, run_after=None
[2024-03-14T11:00:58.119+0000] {processor.py:183} INFO - Processing /home/airflow/.local/lib/python3.8/site-packages/airflow/example_dags/example_python_decorator.py took 0.030 seconds
[2024-03-14T11:01:28.701+0000] {processor.py:161} INFO - Started process (PID=653) to work on /home/airflow/.local/lib/python3.8/site-packages/airflow/example_dags/example_python_decorator.py
[2024-03-14T11:01:28.702+0000] {processor.py:830} INFO - Processing file /home/airflow/.local/lib/python3.8/site-packages/airflow/example_dags/example_python_decorator.py for tasks to queue
[2024-03-14T11:01:28.703+0000] {logging_mixin.py:188} INFO - [2024-03-14T11:01:28.703+0000] {dagbag.py:540} INFO - Filling up the DagBag from /home/airflow/.local/lib/python3.8/site-packages/airflow/example_dags/example_python_decorator.py
[2024-03-14T11:01:28.710+0000] {processor.py:840} INFO - DAG(s) 'example_python_decorator' retrieved from /home/airflow/.local/lib/python3.8/site-packages/airflow/example_dags/example_python_decorator.py
[2024-03-14T11:01:28.720+0000] {logging_mixin.py:188} INFO - [2024-03-14T11:01:28.719+0000] {dag.py:3047} INFO - Sync 1 DAGs
[2024-03-14T11:01:28.725+0000] {logging_mixin.py:188} INFO - [2024-03-14T11:01:28.725+0000] {dag.py:3834} INFO - Setting next_dagrun for example_python_decorator to None, run_after=None
[2024-03-14T11:01:28.733+0000] {processor.py:183} INFO - Processing /home/airflow/.local/lib/python3.8/site-packages/airflow/example_dags/example_python_decorator.py took 0.033 seconds
[2024-03-14T11:01:59.107+0000] {processor.py:161} INFO - Started process (PID=708) to work on /home/airflow/.local/lib/python3.8/site-packages/airflow/example_dags/example_python_decorator.py
[2024-03-14T11:01:59.108+0000] {processor.py:830} INFO - Processing file /home/airflow/.local/lib/python3.8/site-packages/airflow/example_dags/example_python_decorator.py for tasks to queue
[2024-03-14T11:01:59.109+0000] {logging_mixin.py:188} INFO - [2024-03-14T11:01:59.109+0000] {dagbag.py:540} INFO - Filling up the DagBag from /home/airflow/.local/lib/python3.8/site-packages/airflow/example_dags/example_python_decorator.py
[2024-03-14T11:01:59.115+0000] {processor.py:840} INFO - DAG(s) 'example_python_decorator' retrieved from /home/airflow/.local/lib/python3.8/site-packages/airflow/example_dags/example_python_decorator.py
[2024-03-14T11:01:59.126+0000] {logging_mixin.py:188} INFO - [2024-03-14T11:01:59.126+0000] {dag.py:3047} INFO - Sync 1 DAGs
[2024-03-14T11:01:59.132+0000] {logging_mixin.py:188} INFO - [2024-03-14T11:01:59.132+0000] {dag.py:3834} INFO - Setting next_dagrun for example_python_decorator to None, run_after=None
[2024-03-14T11:01:59.141+0000] {processor.py:183} INFO - Processing /home/airflow/.local/lib/python3.8/site-packages/airflow/example_dags/example_python_decorator.py took 0.035 seconds
[2024-03-14T11:02:29.599+0000] {processor.py:161} INFO - Started process (PID=764) to work on /home/airflow/.local/lib/python3.8/site-packages/airflow/example_dags/example_python_decorator.py
[2024-03-14T11:02:29.600+0000] {processor.py:830} INFO - Processing file /home/airflow/.local/lib/python3.8/site-packages/airflow/example_dags/example_python_decorator.py for tasks to queue
[2024-03-14T11:02:29.601+0000] {logging_mixin.py:188} INFO - [2024-03-14T11:02:29.601+0000] {dagbag.py:540} INFO - Filling up the DagBag from /home/airflow/.local/lib/python3.8/site-packages/airflow/example_dags/example_python_decorator.py
[2024-03-14T11:02:29.607+0000] {processor.py:840} INFO - DAG(s) 'example_python_decorator' retrieved from /home/airflow/.local/lib/python3.8/site-packages/airflow/example_dags/example_python_decorator.py
[2024-03-14T11:02:29.617+0000] {logging_mixin.py:188} INFO - [2024-03-14T11:02:29.617+0000] {dag.py:3047} INFO - Sync 1 DAGs
[2024-03-14T11:02:29.622+0000] {logging_mixin.py:188} INFO - [2024-03-14T11:02:29.622+0000] {dag.py:3834} INFO - Setting next_dagrun for example_python_decorator to None, run_after=None
[2024-03-14T11:02:29.631+0000] {processor.py:183} INFO - Processing /home/airflow/.local/lib/python3.8/site-packages/airflow/example_dags/example_python_decorator.py took 0.033 seconds
[2024-03-14T11:03:00.165+0000] {processor.py:161} INFO - Started process (PID=819) to work on /home/airflow/.local/lib/python3.8/site-packages/airflow/example_dags/example_python_decorator.py
[2024-03-14T11:03:00.165+0000] {processor.py:830} INFO - Processing file /home/airflow/.local/lib/python3.8/site-packages/airflow/example_dags/example_python_decorator.py for tasks to queue
[2024-03-14T11:03:00.166+0000] {logging_mixin.py:188} INFO - [2024-03-14T11:03:00.166+0000] {dagbag.py:540} INFO - Filling up the DagBag from /home/airflow/.local/lib/python3.8/site-packages/airflow/example_dags/example_python_decorator.py
[2024-03-14T11:03:00.172+0000] {processor.py:840} INFO - DAG(s) 'example_python_decorator' retrieved from /home/airflow/.local/lib/python3.8/site-packages/airflow/example_dags/example_python_decorator.py
[2024-03-14T11:03:00.181+0000] {logging_mixin.py:188} INFO - [2024-03-14T11:03:00.181+0000] {dag.py:3047} INFO - Sync 1 DAGs
[2024-03-14T11:03:00.186+0000] {logging_mixin.py:188} INFO - [2024-03-14T11:03:00.186+0000] {dag.py:3834} INFO - Setting next_dagrun for example_python_decorator to None, run_after=None
[2024-03-14T11:03:00.193+0000] {processor.py:183} INFO - Processing /home/airflow/.local/lib/python3.8/site-packages/airflow/example_dags/example_python_decorator.py took 0.030 seconds
[2024-03-14T11:03:30.610+0000] {processor.py:161} INFO - Started process (PID=874) to work on /home/airflow/.local/lib/python3.8/site-packages/airflow/example_dags/example_python_decorator.py
[2024-03-14T11:03:30.611+0000] {processor.py:830} INFO - Processing file /home/airflow/.local/lib/python3.8/site-packages/airflow/example_dags/example_python_decorator.py for tasks to queue
[2024-03-14T11:03:30.612+0000] {logging_mixin.py:188} INFO - [2024-03-14T11:03:30.612+0000] {dagbag.py:540} INFO - Filling up the DagBag from /home/airflow/.local/lib/python3.8/site-packages/airflow/example_dags/example_python_decorator.py
[2024-03-14T11:03:30.618+0000] {processor.py:840} INFO - DAG(s) 'example_python_decorator' retrieved from /home/airflow/.local/lib/python3.8/site-packages/airflow/example_dags/example_python_decorator.py
[2024-03-14T11:03:30.627+0000] {logging_mixin.py:188} INFO - [2024-03-14T11:03:30.627+0000] {dag.py:3047} INFO - Sync 1 DAGs
[2024-03-14T11:03:30.633+0000] {logging_mixin.py:188} INFO - [2024-03-14T11:03:30.633+0000] {dag.py:3834} INFO - Setting next_dagrun for example_python_decorator to None, run_after=None
[2024-03-14T11:03:30.640+0000] {processor.py:183} INFO - Processing /home/airflow/.local/lib/python3.8/site-packages/airflow/example_dags/example_python_decorator.py took 0.031 seconds
[2024-03-14T11:04:01.048+0000] {processor.py:161} INFO - Started process (PID=929) to work on /home/airflow/.local/lib/python3.8/site-packages/airflow/example_dags/example_python_decorator.py
[2024-03-14T11:04:01.049+0000] {processor.py:830} INFO - Processing file /home/airflow/.local/lib/python3.8/site-packages/airflow/example_dags/example_python_decorator.py for tasks to queue
[2024-03-14T11:04:01.050+0000] {logging_mixin.py:188} INFO - [2024-03-14T11:04:01.049+0000] {dagbag.py:540} INFO - Filling up the DagBag from /home/airflow/.local/lib/python3.8/site-packages/airflow/example_dags/example_python_decorator.py
[2024-03-14T11:04:01.056+0000] {processor.py:840} INFO - DAG(s) 'example_python_decorator' retrieved from /home/airflow/.local/lib/python3.8/site-packages/airflow/example_dags/example_python_decorator.py
[2024-03-14T11:04:01.065+0000] {logging_mixin.py:188} INFO - [2024-03-14T11:04:01.065+0000] {dag.py:3047} INFO - Sync 1 DAGs
[2024-03-14T11:04:01.071+0000] {logging_mixin.py:188} INFO - [2024-03-14T11:04:01.071+0000] {dag.py:3834} INFO - Setting next_dagrun for example_python_decorator to None, run_after=None
[2024-03-14T11:04:01.078+0000] {processor.py:183} INFO - Processing /home/airflow/.local/lib/python3.8/site-packages/airflow/example_dags/example_python_decorator.py took 0.032 seconds
[2024-03-14T11:04:31.468+0000] {processor.py:161} INFO - Started process (PID=984) to work on /home/airflow/.local/lib/python3.8/site-packages/airflow/example_dags/example_python_decorator.py
[2024-03-14T11:04:31.468+0000] {processor.py:830} INFO - Processing file /home/airflow/.local/lib/python3.8/site-packages/airflow/example_dags/example_python_decorator.py for tasks to queue
[2024-03-14T11:04:31.469+0000] {logging_mixin.py:188} INFO - [2024-03-14T11:04:31.469+0000] {dagbag.py:540} INFO - Filling up the DagBag from /home/airflow/.local/lib/python3.8/site-packages/airflow/example_dags/example_python_decorator.py
[2024-03-14T11:04:31.475+0000] {processor.py:840} INFO - DAG(s) 'example_python_decorator' retrieved from /home/airflow/.local/lib/python3.8/site-packages/airflow/example_dags/example_python_decorator.py
[2024-03-14T11:04:31.484+0000] {logging_mixin.py:188} INFO - [2024-03-14T11:04:31.484+0000] {dag.py:3047} INFO - Sync 1 DAGs
[2024-03-14T11:04:31.489+0000] {logging_mixin.py:188} INFO - [2024-03-14T11:04:31.489+0000] {dag.py:3834} INFO - Setting next_dagrun for example_python_decorator to None, run_after=None
[2024-03-14T11:04:31.496+0000] {processor.py:183} INFO - Processing /home/airflow/.local/lib/python3.8/site-packages/airflow/example_dags/example_python_decorator.py took 0.030 seconds
[2024-03-14T11:05:01.890+0000] {processor.py:161} INFO - Started process (PID=1039) to work on /home/airflow/.local/lib/python3.8/site-packages/airflow/example_dags/example_python_decorator.py
[2024-03-14T11:05:01.891+0000] {processor.py:830} INFO - Processing file /home/airflow/.local/lib/python3.8/site-packages/airflow/example_dags/example_python_decorator.py for tasks to queue
[2024-03-14T11:05:01.892+0000] {logging_mixin.py:188} INFO - [2024-03-14T11:05:01.892+0000] {dagbag.py:540} INFO - Filling up the DagBag from /home/airflow/.local/lib/python3.8/site-packages/airflow/example_dags/example_python_decorator.py
[2024-03-14T11:05:01.898+0000] {processor.py:840} INFO - DAG(s) 'example_python_decorator' retrieved from /home/airflow/.local/lib/python3.8/site-packages/airflow/example_dags/example_python_decorator.py
[2024-03-14T11:05:01.907+0000] {logging_mixin.py:188} INFO - [2024-03-14T11:05:01.907+0000] {dag.py:3047} INFO - Sync 1 DAGs
[2024-03-14T11:05:01.912+0000] {logging_mixin.py:188} INFO - [2024-03-14T11:05:01.912+0000] {dag.py:3834} INFO - Setting next_dagrun for example_python_decorator to None, run_after=None
[2024-03-14T11:05:01.919+0000] {processor.py:183} INFO - Processing /home/airflow/.local/lib/python3.8/site-packages/airflow/example_dags/example_python_decorator.py took 0.030 seconds
[2024-03-14T11:05:32.313+0000] {processor.py:161} INFO - Started process (PID=1094) to work on /home/airflow/.local/lib/python3.8/site-packages/airflow/example_dags/example_python_decorator.py
[2024-03-14T11:05:32.314+0000] {processor.py:830} INFO - Processing file /home/airflow/.local/lib/python3.8/site-packages/airflow/example_dags/example_python_decorator.py for tasks to queue
[2024-03-14T11:05:32.314+0000] {logging_mixin.py:188} INFO - [2024-03-14T11:05:32.314+0000] {dagbag.py:540} INFO - Filling up the DagBag from /home/airflow/.local/lib/python3.8/site-packages/airflow/example_dags/example_python_decorator.py
[2024-03-14T11:05:32.320+0000] {processor.py:840} INFO - DAG(s) 'example_python_decorator' retrieved from /home/airflow/.local/lib/python3.8/site-packages/airflow/example_dags/example_python_decorator.py
[2024-03-14T11:05:32.330+0000] {logging_mixin.py:188} INFO - [2024-03-14T11:05:32.330+0000] {dag.py:3047} INFO - Sync 1 DAGs
[2024-03-14T11:05:32.335+0000] {logging_mixin.py:188} INFO - [2024-03-14T11:05:32.335+0000] {dag.py:3834} INFO - Setting next_dagrun for example_python_decorator to None, run_after=None
[2024-03-14T11:05:32.342+0000] {processor.py:183} INFO - Processing /home/airflow/.local/lib/python3.8/site-packages/airflow/example_dags/example_python_decorator.py took 0.030 seconds
[2024-03-14T11:06:02.794+0000] {processor.py:161} INFO - Started process (PID=1149) to work on /home/airflow/.local/lib/python3.8/site-packages/airflow/example_dags/example_python_decorator.py
[2024-03-14T11:06:02.795+0000] {processor.py:830} INFO - Processing file /home/airflow/.local/lib/python3.8/site-packages/airflow/example_dags/example_python_decorator.py for tasks to queue
[2024-03-14T11:06:02.796+0000] {logging_mixin.py:188} INFO - [2024-03-14T11:06:02.796+0000] {dagbag.py:540} INFO - Filling up the DagBag from /home/airflow/.local/lib/python3.8/site-packages/airflow/example_dags/example_python_decorator.py
[2024-03-14T11:06:02.802+0000] {processor.py:840} INFO - DAG(s) 'example_python_decorator' retrieved from /home/airflow/.local/lib/python3.8/site-packages/airflow/example_dags/example_python_decorator.py
[2024-03-14T11:06:02.811+0000] {logging_mixin.py:188} INFO - [2024-03-14T11:06:02.811+0000] {dag.py:3047} INFO - Sync 1 DAGs
[2024-03-14T11:06:02.816+0000] {logging_mixin.py:188} INFO - [2024-03-14T11:06:02.816+0000] {dag.py:3834} INFO - Setting next_dagrun for example_python_decorator to None, run_after=None
[2024-03-14T11:06:02.823+0000] {processor.py:183} INFO - Processing /home/airflow/.local/lib/python3.8/site-packages/airflow/example_dags/example_python_decorator.py took 0.030 seconds
[2024-03-14T11:06:33.214+0000] {processor.py:161} INFO - Started process (PID=1204) to work on /home/airflow/.local/lib/python3.8/site-packages/airflow/example_dags/example_python_decorator.py
[2024-03-14T11:06:33.214+0000] {processor.py:830} INFO - Processing file /home/airflow/.local/lib/python3.8/site-packages/airflow/example_dags/example_python_decorator.py for tasks to queue
[2024-03-14T11:06:33.215+0000] {logging_mixin.py:188} INFO - [2024-03-14T11:06:33.215+0000] {dagbag.py:540} INFO - Filling up the DagBag from /home/airflow/.local/lib/python3.8/site-packages/airflow/example_dags/example_python_decorator.py
[2024-03-14T11:06:33.221+0000] {processor.py:840} INFO - DAG(s) 'example_python_decorator' retrieved from /home/airflow/.local/lib/python3.8/site-packages/airflow/example_dags/example_python_decorator.py
[2024-03-14T11:06:33.230+0000] {logging_mixin.py:188} INFO - [2024-03-14T11:06:33.230+0000] {dag.py:3047} INFO - Sync 1 DAGs
[2024-03-14T11:06:33.236+0000] {logging_mixin.py:188} INFO - [2024-03-14T11:06:33.236+0000] {dag.py:3834} INFO - Setting next_dagrun for example_python_decorator to None, run_after=None
[2024-03-14T11:06:33.243+0000] {processor.py:183} INFO - Processing /home/airflow/.local/lib/python3.8/site-packages/airflow/example_dags/example_python_decorator.py took 0.031 seconds
[2024-03-14T11:07:03.632+0000] {processor.py:161} INFO - Started process (PID=1258) to work on /home/airflow/.local/lib/python3.8/site-packages/airflow/example_dags/example_python_decorator.py
[2024-03-14T11:07:03.632+0000] {processor.py:830} INFO - Processing file /home/airflow/.local/lib/python3.8/site-packages/airflow/example_dags/example_python_decorator.py for tasks to queue
[2024-03-14T11:07:03.633+0000] {logging_mixin.py:188} INFO - [2024-03-14T11:07:03.633+0000] {dagbag.py:540} INFO - Filling up the DagBag from /home/airflow/.local/lib/python3.8/site-packages/airflow/example_dags/example_python_decorator.py
[2024-03-14T11:07:03.640+0000] {processor.py:840} INFO - DAG(s) 'example_python_decorator' retrieved from /home/airflow/.local/lib/python3.8/site-packages/airflow/example_dags/example_python_decorator.py
[2024-03-14T11:07:03.650+0000] {logging_mixin.py:188} INFO - [2024-03-14T11:07:03.650+0000] {dag.py:3047} INFO - Sync 1 DAGs
[2024-03-14T11:07:03.656+0000] {logging_mixin.py:188} INFO - [2024-03-14T11:07:03.656+0000] {dag.py:3834} INFO - Setting next_dagrun for example_python_decorator to None, run_after=None
[2024-03-14T11:07:03.664+0000] {processor.py:183} INFO - Processing /home/airflow/.local/lib/python3.8/site-packages/airflow/example_dags/example_python_decorator.py took 0.034 seconds
[2024-03-14T11:07:34.065+0000] {processor.py:161} INFO - Started process (PID=1313) to work on /home/airflow/.local/lib/python3.8/site-packages/airflow/example_dags/example_python_decorator.py
[2024-03-14T11:07:34.065+0000] {processor.py:830} INFO - Processing file /home/airflow/.local/lib/python3.8/site-packages/airflow/example_dags/example_python_decorator.py for tasks to queue
[2024-03-14T11:07:34.066+0000] {logging_mixin.py:188} INFO - [2024-03-14T11:07:34.066+0000] {dagbag.py:540} INFO - Filling up the DagBag from /home/airflow/.local/lib/python3.8/site-packages/airflow/example_dags/example_python_decorator.py
[2024-03-14T11:07:34.072+0000] {processor.py:840} INFO - DAG(s) 'example_python_decorator' retrieved from /home/airflow/.local/lib/python3.8/site-packages/airflow/example_dags/example_python_decorator.py
[2024-03-14T11:07:34.081+0000] {logging_mixin.py:188} INFO - [2024-03-14T11:07:34.081+0000] {dag.py:3047} INFO - Sync 1 DAGs
[2024-03-14T11:07:34.086+0000] {logging_mixin.py:188} INFO - [2024-03-14T11:07:34.086+0000] {dag.py:3834} INFO - Setting next_dagrun for example_python_decorator to None, run_after=None
[2024-03-14T11:07:34.093+0000] {processor.py:183} INFO - Processing /home/airflow/.local/lib/python3.8/site-packages/airflow/example_dags/example_python_decorator.py took 0.030 seconds
[2024-03-14T11:08:04.409+0000] {processor.py:161} INFO - Started process (PID=1368) to work on /home/airflow/.local/lib/python3.8/site-packages/airflow/example_dags/example_python_decorator.py
[2024-03-14T11:08:04.410+0000] {processor.py:830} INFO - Processing file /home/airflow/.local/lib/python3.8/site-packages/airflow/example_dags/example_python_decorator.py for tasks to queue
[2024-03-14T11:08:04.410+0000] {logging_mixin.py:188} INFO - [2024-03-14T11:08:04.410+0000] {dagbag.py:540} INFO - Filling up the DagBag from /home/airflow/.local/lib/python3.8/site-packages/airflow/example_dags/example_python_decorator.py
[2024-03-14T11:08:04.416+0000] {processor.py:840} INFO - DAG(s) 'example_python_decorator' retrieved from /home/airflow/.local/lib/python3.8/site-packages/airflow/example_dags/example_python_decorator.py
[2024-03-14T11:08:04.426+0000] {logging_mixin.py:188} INFO - [2024-03-14T11:08:04.426+0000] {dag.py:3047} INFO - Sync 1 DAGs
[2024-03-14T11:08:04.431+0000] {logging_mixin.py:188} INFO - [2024-03-14T11:08:04.431+0000] {dag.py:3834} INFO - Setting next_dagrun for example_python_decorator to None, run_after=None
[2024-03-14T11:08:04.438+0000] {processor.py:183} INFO - Processing /home/airflow/.local/lib/python3.8/site-packages/airflow/example_dags/example_python_decorator.py took 0.031 seconds
[2024-03-14T11:08:34.697+0000] {processor.py:161} INFO - Started process (PID=1423) to work on /home/airflow/.local/lib/python3.8/site-packages/airflow/example_dags/example_python_decorator.py
[2024-03-14T11:08:34.697+0000] {processor.py:830} INFO - Processing file /home/airflow/.local/lib/python3.8/site-packages/airflow/example_dags/example_python_decorator.py for tasks to queue
[2024-03-14T11:08:34.698+0000] {logging_mixin.py:188} INFO - [2024-03-14T11:08:34.698+0000] {dagbag.py:540} INFO - Filling up the DagBag from /home/airflow/.local/lib/python3.8/site-packages/airflow/example_dags/example_python_decorator.py
[2024-03-14T11:08:34.704+0000] {processor.py:840} INFO - DAG(s) 'example_python_decorator' retrieved from /home/airflow/.local/lib/python3.8/site-packages/airflow/example_dags/example_python_decorator.py
[2024-03-14T11:08:34.713+0000] {logging_mixin.py:188} INFO - [2024-03-14T11:08:34.713+0000] {dag.py:3047} INFO - Sync 1 DAGs
[2024-03-14T11:08:34.718+0000] {logging_mixin.py:188} INFO - [2024-03-14T11:08:34.718+0000] {dag.py:3834} INFO - Setting next_dagrun for example_python_decorator to None, run_after=None
[2024-03-14T11:08:34.725+0000] {processor.py:183} INFO - Processing /home/airflow/.local/lib/python3.8/site-packages/airflow/example_dags/example_python_decorator.py took 0.029 seconds
[2024-03-14T11:09:05.028+0000] {processor.py:161} INFO - Started process (PID=1478) to work on /home/airflow/.local/lib/python3.8/site-packages/airflow/example_dags/example_python_decorator.py
[2024-03-14T11:09:05.028+0000] {processor.py:830} INFO - Processing file /home/airflow/.local/lib/python3.8/site-packages/airflow/example_dags/example_python_decorator.py for tasks to queue
[2024-03-14T11:09:05.029+0000] {logging_mixin.py:188} INFO - [2024-03-14T11:09:05.029+0000] {dagbag.py:540} INFO - Filling up the DagBag from /home/airflow/.local/lib/python3.8/site-packages/airflow/example_dags/example_python_decorator.py
[2024-03-14T11:09:05.035+0000] {processor.py:840} INFO - DAG(s) 'example_python_decorator' retrieved from /home/airflow/.local/lib/python3.8/site-packages/airflow/example_dags/example_python_decorator.py
[2024-03-14T11:09:05.045+0000] {logging_mixin.py:188} INFO - [2024-03-14T11:09:05.045+0000] {dag.py:3047} INFO - Sync 1 DAGs
[2024-03-14T11:09:05.053+0000] {logging_mixin.py:188} INFO - [2024-03-14T11:09:05.053+0000] {dag.py:3834} INFO - Setting next_dagrun for example_python_decorator to None, run_after=None
[2024-03-14T11:09:05.060+0000] {processor.py:183} INFO - Processing /home/airflow/.local/lib/python3.8/site-packages/airflow/example_dags/example_python_decorator.py took 0.034 seconds
[2024-03-14T11:09:35.424+0000] {processor.py:161} INFO - Started process (PID=1533) to work on /home/airflow/.local/lib/python3.8/site-packages/airflow/example_dags/example_python_decorator.py
[2024-03-14T11:09:35.425+0000] {processor.py:830} INFO - Processing file /home/airflow/.local/lib/python3.8/site-packages/airflow/example_dags/example_python_decorator.py for tasks to queue
[2024-03-14T11:09:35.426+0000] {logging_mixin.py:188} INFO - [2024-03-14T11:09:35.425+0000] {dagbag.py:540} INFO - Filling up the DagBag from /home/airflow/.local/lib/python3.8/site-packages/airflow/example_dags/example_python_decorator.py
[2024-03-14T11:09:35.432+0000] {processor.py:840} INFO - DAG(s) 'example_python_decorator' retrieved from /home/airflow/.local/lib/python3.8/site-packages/airflow/example_dags/example_python_decorator.py
[2024-03-14T11:09:35.443+0000] {logging_mixin.py:188} INFO - [2024-03-14T11:09:35.442+0000] {dag.py:3047} INFO - Sync 1 DAGs
[2024-03-14T11:09:35.448+0000] {logging_mixin.py:188} INFO - [2024-03-14T11:09:35.448+0000] {dag.py:3834} INFO - Setting next_dagrun for example_python_decorator to None, run_after=None
[2024-03-14T11:09:35.455+0000] {processor.py:183} INFO - Processing /home/airflow/.local/lib/python3.8/site-packages/airflow/example_dags/example_python_decorator.py took 0.033 seconds
[2024-03-14T11:10:05.809+0000] {processor.py:161} INFO - Started process (PID=1587) to work on /home/airflow/.local/lib/python3.8/site-packages/airflow/example_dags/example_python_decorator.py
[2024-03-14T11:10:05.810+0000] {processor.py:830} INFO - Processing file /home/airflow/.local/lib/python3.8/site-packages/airflow/example_dags/example_python_decorator.py for tasks to queue
[2024-03-14T11:10:05.811+0000] {logging_mixin.py:188} INFO - [2024-03-14T11:10:05.810+0000] {dagbag.py:540} INFO - Filling up the DagBag from /home/airflow/.local/lib/python3.8/site-packages/airflow/example_dags/example_python_decorator.py
[2024-03-14T11:10:05.817+0000] {processor.py:840} INFO - DAG(s) 'example_python_decorator' retrieved from /home/airflow/.local/lib/python3.8/site-packages/airflow/example_dags/example_python_decorator.py
[2024-03-14T11:10:05.826+0000] {logging_mixin.py:188} INFO - [2024-03-14T11:10:05.826+0000] {dag.py:3047} INFO - Sync 1 DAGs
[2024-03-14T11:10:05.831+0000] {logging_mixin.py:188} INFO - [2024-03-14T11:10:05.831+0000] {dag.py:3834} INFO - Setting next_dagrun for example_python_decorator to None, run_after=None
[2024-03-14T11:10:05.838+0000] {processor.py:183} INFO - Processing /home/airflow/.local/lib/python3.8/site-packages/airflow/example_dags/example_python_decorator.py took 0.031 seconds
[2024-03-14T11:10:36.233+0000] {processor.py:161} INFO - Started process (PID=1642) to work on /home/airflow/.local/lib/python3.8/site-packages/airflow/example_dags/example_python_decorator.py
[2024-03-14T11:10:36.235+0000] {processor.py:830} INFO - Processing file /home/airflow/.local/lib/python3.8/site-packages/airflow/example_dags/example_python_decorator.py for tasks to queue
[2024-03-14T11:10:36.236+0000] {logging_mixin.py:188} INFO - [2024-03-14T11:10:36.236+0000] {dagbag.py:540} INFO - Filling up the DagBag from /home/airflow/.local/lib/python3.8/site-packages/airflow/example_dags/example_python_decorator.py
[2024-03-14T11:10:36.242+0000] {processor.py:840} INFO - DAG(s) 'example_python_decorator' retrieved from /home/airflow/.local/lib/python3.8/site-packages/airflow/example_dags/example_python_decorator.py
[2024-03-14T11:10:36.251+0000] {logging_mixin.py:188} INFO - [2024-03-14T11:10:36.251+0000] {dag.py:3047} INFO - Sync 1 DAGs
[2024-03-14T11:10:36.256+0000] {logging_mixin.py:188} INFO - [2024-03-14T11:10:36.256+0000] {dag.py:3834} INFO - Setting next_dagrun for example_python_decorator to None, run_after=None
[2024-03-14T11:10:36.263+0000] {processor.py:183} INFO - Processing /home/airflow/.local/lib/python3.8/site-packages/airflow/example_dags/example_python_decorator.py took 0.032 seconds
[2024-03-14T11:11:06.619+0000] {processor.py:161} INFO - Started process (PID=1697) to work on /home/airflow/.local/lib/python3.8/site-packages/airflow/example_dags/example_python_decorator.py
[2024-03-14T11:11:06.620+0000] {processor.py:830} INFO - Processing file /home/airflow/.local/lib/python3.8/site-packages/airflow/example_dags/example_python_decorator.py for tasks to queue
[2024-03-14T11:11:06.621+0000] {logging_mixin.py:188} INFO - [2024-03-14T11:11:06.621+0000] {dagbag.py:540} INFO - Filling up the DagBag from /home/airflow/.local/lib/python3.8/site-packages/airflow/example_dags/example_python_decorator.py
[2024-03-14T11:11:06.627+0000] {processor.py:840} INFO - DAG(s) 'example_python_decorator' retrieved from /home/airflow/.local/lib/python3.8/site-packages/airflow/example_dags/example_python_decorator.py
[2024-03-14T11:11:06.636+0000] {logging_mixin.py:188} INFO - [2024-03-14T11:11:06.636+0000] {dag.py:3047} INFO - Sync 1 DAGs
[2024-03-14T11:11:06.641+0000] {logging_mixin.py:188} INFO - [2024-03-14T11:11:06.641+0000] {dag.py:3834} INFO - Setting next_dagrun for example_python_decorator to None, run_after=None
[2024-03-14T11:11:06.649+0000] {processor.py:183} INFO - Processing /home/airflow/.local/lib/python3.8/site-packages/airflow/example_dags/example_python_decorator.py took 0.031 seconds
[2024-03-14T11:11:37.033+0000] {processor.py:161} INFO - Started process (PID=1751) to work on /home/airflow/.local/lib/python3.8/site-packages/airflow/example_dags/example_python_decorator.py
[2024-03-14T11:11:37.033+0000] {processor.py:830} INFO - Processing file /home/airflow/.local/lib/python3.8/site-packages/airflow/example_dags/example_python_decorator.py for tasks to queue
[2024-03-14T11:11:37.034+0000] {logging_mixin.py:188} INFO - [2024-03-14T11:11:37.034+0000] {dagbag.py:540} INFO - Filling up the DagBag from /home/airflow/.local/lib/python3.8/site-packages/airflow/example_dags/example_python_decorator.py
[2024-03-14T11:11:37.041+0000] {processor.py:840} INFO - DAG(s) 'example_python_decorator' retrieved from /home/airflow/.local/lib/python3.8/site-packages/airflow/example_dags/example_python_decorator.py
[2024-03-14T11:11:37.050+0000] {logging_mixin.py:188} INFO - [2024-03-14T11:11:37.050+0000] {dag.py:3047} INFO - Sync 1 DAGs
[2024-03-14T11:11:37.055+0000] {logging_mixin.py:188} INFO - [2024-03-14T11:11:37.055+0000] {dag.py:3834} INFO - Setting next_dagrun for example_python_decorator to None, run_after=None
[2024-03-14T11:11:37.063+0000] {processor.py:183} INFO - Processing /home/airflow/.local/lib/python3.8/site-packages/airflow/example_dags/example_python_decorator.py took 0.032 seconds
[2024-03-14T11:12:07.521+0000] {processor.py:161} INFO - Started process (PID=1806) to work on /home/airflow/.local/lib/python3.8/site-packages/airflow/example_dags/example_python_decorator.py
[2024-03-14T11:12:07.522+0000] {processor.py:830} INFO - Processing file /home/airflow/.local/lib/python3.8/site-packages/airflow/example_dags/example_python_decorator.py for tasks to queue
[2024-03-14T11:12:07.523+0000] {logging_mixin.py:188} INFO - [2024-03-14T11:12:07.522+0000] {dagbag.py:540} INFO - Filling up the DagBag from /home/airflow/.local/lib/python3.8/site-packages/airflow/example_dags/example_python_decorator.py
[2024-03-14T11:12:07.528+0000] {processor.py:840} INFO - DAG(s) 'example_python_decorator' retrieved from /home/airflow/.local/lib/python3.8/site-packages/airflow/example_dags/example_python_decorator.py
[2024-03-14T11:12:07.537+0000] {logging_mixin.py:188} INFO - [2024-03-14T11:12:07.537+0000] {dag.py:3047} INFO - Sync 1 DAGs
[2024-03-14T11:12:07.543+0000] {logging_mixin.py:188} INFO - [2024-03-14T11:12:07.542+0000] {dag.py:3834} INFO - Setting next_dagrun for example_python_decorator to None, run_after=None
[2024-03-14T11:12:07.550+0000] {processor.py:183} INFO - Processing /home/airflow/.local/lib/python3.8/site-packages/airflow/example_dags/example_python_decorator.py took 0.030 seconds
[2024-03-14T11:12:37.974+0000] {processor.py:161} INFO - Started process (PID=1861) to work on /home/airflow/.local/lib/python3.8/site-packages/airflow/example_dags/example_python_decorator.py
[2024-03-14T11:12:37.974+0000] {processor.py:830} INFO - Processing file /home/airflow/.local/lib/python3.8/site-packages/airflow/example_dags/example_python_decorator.py for tasks to queue
[2024-03-14T11:12:37.975+0000] {logging_mixin.py:188} INFO - [2024-03-14T11:12:37.975+0000] {dagbag.py:540} INFO - Filling up the DagBag from /home/airflow/.local/lib/python3.8/site-packages/airflow/example_dags/example_python_decorator.py
[2024-03-14T11:12:37.981+0000] {processor.py:840} INFO - DAG(s) 'example_python_decorator' retrieved from /home/airflow/.local/lib/python3.8/site-packages/airflow/example_dags/example_python_decorator.py
[2024-03-14T11:12:37.990+0000] {logging_mixin.py:188} INFO - [2024-03-14T11:12:37.990+0000] {dag.py:3047} INFO - Sync 1 DAGs
[2024-03-14T11:12:37.995+0000] {logging_mixin.py:188} INFO - [2024-03-14T11:12:37.995+0000] {dag.py:3834} INFO - Setting next_dagrun for example_python_decorator to None, run_after=None
[2024-03-14T11:12:38.002+0000] {processor.py:183} INFO - Processing /home/airflow/.local/lib/python3.8/site-packages/airflow/example_dags/example_python_decorator.py took 0.030 seconds
[2024-03-14T11:13:08.301+0000] {processor.py:161} INFO - Started process (PID=1915) to work on /home/airflow/.local/lib/python3.8/site-packages/airflow/example_dags/example_python_decorator.py
[2024-03-14T11:13:08.301+0000] {processor.py:830} INFO - Processing file /home/airflow/.local/lib/python3.8/site-packages/airflow/example_dags/example_python_decorator.py for tasks to queue
[2024-03-14T11:13:08.302+0000] {logging_mixin.py:188} INFO - [2024-03-14T11:13:08.302+0000] {dagbag.py:540} INFO - Filling up the DagBag from /home/airflow/.local/lib/python3.8/site-packages/airflow/example_dags/example_python_decorator.py
[2024-03-14T11:13:08.308+0000] {processor.py:840} INFO - DAG(s) 'example_python_decorator' retrieved from /home/airflow/.local/lib/python3.8/site-packages/airflow/example_dags/example_python_decorator.py
[2024-03-14T11:13:08.317+0000] {logging_mixin.py:188} INFO - [2024-03-14T11:13:08.317+0000] {dag.py:3047} INFO - Sync 1 DAGs
[2024-03-14T11:13:08.322+0000] {logging_mixin.py:188} INFO - [2024-03-14T11:13:08.322+0000] {dag.py:3834} INFO - Setting next_dagrun for example_python_decorator to None, run_after=None
[2024-03-14T11:13:08.329+0000] {processor.py:183} INFO - Processing /home/airflow/.local/lib/python3.8/site-packages/airflow/example_dags/example_python_decorator.py took 0.029 seconds
[2024-03-14T11:13:38.636+0000] {processor.py:161} INFO - Started process (PID=1970) to work on /home/airflow/.local/lib/python3.8/site-packages/airflow/example_dags/example_python_decorator.py
[2024-03-14T11:13:38.637+0000] {processor.py:830} INFO - Processing file /home/airflow/.local/lib/python3.8/site-packages/airflow/example_dags/example_python_decorator.py for tasks to queue
[2024-03-14T11:13:38.637+0000] {logging_mixin.py:188} INFO - [2024-03-14T11:13:38.637+0000] {dagbag.py:540} INFO - Filling up the DagBag from /home/airflow/.local/lib/python3.8/site-packages/airflow/example_dags/example_python_decorator.py
[2024-03-14T11:13:38.643+0000] {processor.py:840} INFO - DAG(s) 'example_python_decorator' retrieved from /home/airflow/.local/lib/python3.8/site-packages/airflow/example_dags/example_python_decorator.py
[2024-03-14T11:13:38.652+0000] {logging_mixin.py:188} INFO - [2024-03-14T11:13:38.652+0000] {dag.py:3047} INFO - Sync 1 DAGs
[2024-03-14T11:13:38.657+0000] {logging_mixin.py:188} INFO - [2024-03-14T11:13:38.657+0000] {dag.py:3834} INFO - Setting next_dagrun for example_python_decorator to None, run_after=None
[2024-03-14T11:13:38.664+0000] {processor.py:183} INFO - Processing /home/airflow/.local/lib/python3.8/site-packages/airflow/example_dags/example_python_decorator.py took 0.029 seconds
[2024-03-14T11:14:09.063+0000] {processor.py:161} INFO - Started process (PID=2025) to work on /home/airflow/.local/lib/python3.8/site-packages/airflow/example_dags/example_python_decorator.py
[2024-03-14T11:14:09.064+0000] {processor.py:830} INFO - Processing file /home/airflow/.local/lib/python3.8/site-packages/airflow/example_dags/example_python_decorator.py for tasks to queue
[2024-03-14T11:14:09.065+0000] {logging_mixin.py:188} INFO - [2024-03-14T11:14:09.065+0000] {dagbag.py:540} INFO - Filling up the DagBag from /home/airflow/.local/lib/python3.8/site-packages/airflow/example_dags/example_python_decorator.py
[2024-03-14T11:14:09.071+0000] {processor.py:840} INFO - DAG(s) 'example_python_decorator' retrieved from /home/airflow/.local/lib/python3.8/site-packages/airflow/example_dags/example_python_decorator.py
[2024-03-14T11:14:09.080+0000] {logging_mixin.py:188} INFO - [2024-03-14T11:14:09.080+0000] {dag.py:3047} INFO - Sync 1 DAGs
[2024-03-14T11:14:09.086+0000] {logging_mixin.py:188} INFO - [2024-03-14T11:14:09.086+0000] {dag.py:3834} INFO - Setting next_dagrun for example_python_decorator to None, run_after=None
[2024-03-14T11:14:09.093+0000] {processor.py:183} INFO - Processing /home/airflow/.local/lib/python3.8/site-packages/airflow/example_dags/example_python_decorator.py took 0.031 seconds
[2024-03-14T11:14:39.393+0000] {processor.py:161} INFO - Started process (PID=2080) to work on /home/airflow/.local/lib/python3.8/site-packages/airflow/example_dags/example_python_decorator.py
[2024-03-14T11:14:39.394+0000] {processor.py:830} INFO - Processing file /home/airflow/.local/lib/python3.8/site-packages/airflow/example_dags/example_python_decorator.py for tasks to queue
[2024-03-14T11:14:39.395+0000] {logging_mixin.py:188} INFO - [2024-03-14T11:14:39.394+0000] {dagbag.py:540} INFO - Filling up the DagBag from /home/airflow/.local/lib/python3.8/site-packages/airflow/example_dags/example_python_decorator.py
[2024-03-14T11:14:39.401+0000] {processor.py:840} INFO - DAG(s) 'example_python_decorator' retrieved from /home/airflow/.local/lib/python3.8/site-packages/airflow/example_dags/example_python_decorator.py
[2024-03-14T11:14:39.410+0000] {logging_mixin.py:188} INFO - [2024-03-14T11:14:39.410+0000] {dag.py:3047} INFO - Sync 1 DAGs
[2024-03-14T11:14:39.415+0000] {logging_mixin.py:188} INFO - [2024-03-14T11:14:39.415+0000] {dag.py:3834} INFO - Setting next_dagrun for example_python_decorator to None, run_after=None
[2024-03-14T11:14:39.422+0000] {processor.py:183} INFO - Processing /home/airflow/.local/lib/python3.8/site-packages/airflow/example_dags/example_python_decorator.py took 0.031 seconds
[2024-03-14T11:15:09.788+0000] {processor.py:161} INFO - Started process (PID=2135) to work on /home/airflow/.local/lib/python3.8/site-packages/airflow/example_dags/example_python_decorator.py
[2024-03-14T11:15:09.788+0000] {processor.py:830} INFO - Processing file /home/airflow/.local/lib/python3.8/site-packages/airflow/example_dags/example_python_decorator.py for tasks to queue
[2024-03-14T11:15:09.789+0000] {logging_mixin.py:188} INFO - [2024-03-14T11:15:09.789+0000] {dagbag.py:540} INFO - Filling up the DagBag from /home/airflow/.local/lib/python3.8/site-packages/airflow/example_dags/example_python_decorator.py
[2024-03-14T11:15:09.795+0000] {processor.py:840} INFO - DAG(s) 'example_python_decorator' retrieved from /home/airflow/.local/lib/python3.8/site-packages/airflow/example_dags/example_python_decorator.py
[2024-03-14T11:15:09.805+0000] {logging_mixin.py:188} INFO - [2024-03-14T11:15:09.805+0000] {dag.py:3047} INFO - Sync 1 DAGs
[2024-03-14T11:15:09.810+0000] {logging_mixin.py:188} INFO - [2024-03-14T11:15:09.810+0000] {dag.py:3834} INFO - Setting next_dagrun for example_python_decorator to None, run_after=None
[2024-03-14T11:15:09.817+0000] {processor.py:183} INFO - Processing /home/airflow/.local/lib/python3.8/site-packages/airflow/example_dags/example_python_decorator.py took 0.031 seconds
[2024-03-14T11:15:40.165+0000] {processor.py:161} INFO - Started process (PID=2190) to work on /home/airflow/.local/lib/python3.8/site-packages/airflow/example_dags/example_python_decorator.py
[2024-03-14T11:15:40.165+0000] {processor.py:830} INFO - Processing file /home/airflow/.local/lib/python3.8/site-packages/airflow/example_dags/example_python_decorator.py for tasks to queue
[2024-03-14T11:15:40.166+0000] {logging_mixin.py:188} INFO - [2024-03-14T11:15:40.166+0000] {dagbag.py:540} INFO - Filling up the DagBag from /home/airflow/.local/lib/python3.8/site-packages/airflow/example_dags/example_python_decorator.py
[2024-03-14T11:15:40.172+0000] {processor.py:840} INFO - DAG(s) 'example_python_decorator' retrieved from /home/airflow/.local/lib/python3.8/site-packages/airflow/example_dags/example_python_decorator.py
[2024-03-14T11:15:40.181+0000] {logging_mixin.py:188} INFO - [2024-03-14T11:15:40.181+0000] {dag.py:3047} INFO - Sync 1 DAGs
[2024-03-14T11:15:40.186+0000] {logging_mixin.py:188} INFO - [2024-03-14T11:15:40.186+0000] {dag.py:3834} INFO - Setting next_dagrun for example_python_decorator to None, run_after=None
[2024-03-14T11:15:40.193+0000] {processor.py:183} INFO - Processing /home/airflow/.local/lib/python3.8/site-packages/airflow/example_dags/example_python_decorator.py took 0.030 seconds
[2024-03-14T11:16:10.612+0000] {processor.py:161} INFO - Started process (PID=2244) to work on /home/airflow/.local/lib/python3.8/site-packages/airflow/example_dags/example_python_decorator.py
[2024-03-14T11:16:10.613+0000] {processor.py:830} INFO - Processing file /home/airflow/.local/lib/python3.8/site-packages/airflow/example_dags/example_python_decorator.py for tasks to queue
[2024-03-14T11:16:10.614+0000] {logging_mixin.py:188} INFO - [2024-03-14T11:16:10.614+0000] {dagbag.py:540} INFO - Filling up the DagBag from /home/airflow/.local/lib/python3.8/site-packages/airflow/example_dags/example_python_decorator.py
[2024-03-14T11:16:10.620+0000] {processor.py:840} INFO - DAG(s) 'example_python_decorator' retrieved from /home/airflow/.local/lib/python3.8/site-packages/airflow/example_dags/example_python_decorator.py
[2024-03-14T11:16:10.629+0000] {logging_mixin.py:188} INFO - [2024-03-14T11:16:10.628+0000] {dag.py:3047} INFO - Sync 1 DAGs
[2024-03-14T11:16:10.633+0000] {logging_mixin.py:188} INFO - [2024-03-14T11:16:10.633+0000] {dag.py:3834} INFO - Setting next_dagrun for example_python_decorator to None, run_after=None
[2024-03-14T11:16:10.640+0000] {processor.py:183} INFO - Processing /home/airflow/.local/lib/python3.8/site-packages/airflow/example_dags/example_python_decorator.py took 0.030 seconds
[2024-03-14T11:16:41.060+0000] {processor.py:161} INFO - Started process (PID=2299) to work on /home/airflow/.local/lib/python3.8/site-packages/airflow/example_dags/example_python_decorator.py
[2024-03-14T11:16:41.060+0000] {processor.py:830} INFO - Processing file /home/airflow/.local/lib/python3.8/site-packages/airflow/example_dags/example_python_decorator.py for tasks to queue
[2024-03-14T11:16:41.061+0000] {logging_mixin.py:188} INFO - [2024-03-14T11:16:41.061+0000] {dagbag.py:540} INFO - Filling up the DagBag from /home/airflow/.local/lib/python3.8/site-packages/airflow/example_dags/example_python_decorator.py
[2024-03-14T11:16:41.067+0000] {processor.py:840} INFO - DAG(s) 'example_python_decorator' retrieved from /home/airflow/.local/lib/python3.8/site-packages/airflow/example_dags/example_python_decorator.py
[2024-03-14T11:16:41.076+0000] {logging_mixin.py:188} INFO - [2024-03-14T11:16:41.076+0000] {dag.py:3047} INFO - Sync 1 DAGs
[2024-03-14T11:16:41.082+0000] {logging_mixin.py:188} INFO - [2024-03-14T11:16:41.081+0000] {dag.py:3834} INFO - Setting next_dagrun for example_python_decorator to None, run_after=None
[2024-03-14T11:16:41.089+0000] {processor.py:183} INFO - Processing /home/airflow/.local/lib/python3.8/site-packages/airflow/example_dags/example_python_decorator.py took 0.031 seconds
[2024-03-14T11:17:11.511+0000] {processor.py:161} INFO - Started process (PID=2354) to work on /home/airflow/.local/lib/python3.8/site-packages/airflow/example_dags/example_python_decorator.py
[2024-03-14T11:17:11.512+0000] {processor.py:830} INFO - Processing file /home/airflow/.local/lib/python3.8/site-packages/airflow/example_dags/example_python_decorator.py for tasks to queue
[2024-03-14T11:17:11.513+0000] {logging_mixin.py:188} INFO - [2024-03-14T11:17:11.513+0000] {dagbag.py:540} INFO - Filling up the DagBag from /home/airflow/.local/lib/python3.8/site-packages/airflow/example_dags/example_python_decorator.py
[2024-03-14T11:17:11.519+0000] {processor.py:840} INFO - DAG(s) 'example_python_decorator' retrieved from /home/airflow/.local/lib/python3.8/site-packages/airflow/example_dags/example_python_decorator.py
[2024-03-14T11:17:11.529+0000] {logging_mixin.py:188} INFO - [2024-03-14T11:17:11.529+0000] {dag.py:3047} INFO - Sync 1 DAGs
[2024-03-14T11:17:11.534+0000] {logging_mixin.py:188} INFO - [2024-03-14T11:17:11.534+0000] {dag.py:3834} INFO - Setting next_dagrun for example_python_decorator to None, run_after=None
[2024-03-14T11:17:11.542+0000] {processor.py:183} INFO - Processing /home/airflow/.local/lib/python3.8/site-packages/airflow/example_dags/example_python_decorator.py took 0.032 seconds
[2024-03-14T11:17:41.966+0000] {processor.py:161} INFO - Started process (PID=2409) to work on /home/airflow/.local/lib/python3.8/site-packages/airflow/example_dags/example_python_decorator.py
[2024-03-14T11:17:41.967+0000] {processor.py:830} INFO - Processing file /home/airflow/.local/lib/python3.8/site-packages/airflow/example_dags/example_python_decorator.py for tasks to queue
[2024-03-14T11:17:41.968+0000] {logging_mixin.py:188} INFO - [2024-03-14T11:17:41.968+0000] {dagbag.py:540} INFO - Filling up the DagBag from /home/airflow/.local/lib/python3.8/site-packages/airflow/example_dags/example_python_decorator.py
[2024-03-14T11:17:41.974+0000] {processor.py:840} INFO - DAG(s) 'example_python_decorator' retrieved from /home/airflow/.local/lib/python3.8/site-packages/airflow/example_dags/example_python_decorator.py
[2024-03-14T11:17:41.984+0000] {logging_mixin.py:188} INFO - [2024-03-14T11:17:41.984+0000] {dag.py:3047} INFO - Sync 1 DAGs
[2024-03-14T11:17:41.990+0000] {logging_mixin.py:188} INFO - [2024-03-14T11:17:41.990+0000] {dag.py:3834} INFO - Setting next_dagrun for example_python_decorator to None, run_after=None
[2024-03-14T11:17:41.998+0000] {processor.py:183} INFO - Processing /home/airflow/.local/lib/python3.8/site-packages/airflow/example_dags/example_python_decorator.py took 0.033 seconds
[2024-03-14T11:18:12.484+0000] {processor.py:161} INFO - Started process (PID=2463) to work on /home/airflow/.local/lib/python3.8/site-packages/airflow/example_dags/example_python_decorator.py
[2024-03-14T11:18:12.485+0000] {processor.py:830} INFO - Processing file /home/airflow/.local/lib/python3.8/site-packages/airflow/example_dags/example_python_decorator.py for tasks to queue
[2024-03-14T11:18:12.486+0000] {logging_mixin.py:188} INFO - [2024-03-14T11:18:12.486+0000] {dagbag.py:540} INFO - Filling up the DagBag from /home/airflow/.local/lib/python3.8/site-packages/airflow/example_dags/example_python_decorator.py
[2024-03-14T11:18:12.492+0000] {processor.py:840} INFO - DAG(s) 'example_python_decorator' retrieved from /home/airflow/.local/lib/python3.8/site-packages/airflow/example_dags/example_python_decorator.py
[2024-03-14T11:18:12.501+0000] {logging_mixin.py:188} INFO - [2024-03-14T11:18:12.500+0000] {dag.py:3047} INFO - Sync 1 DAGs
[2024-03-14T11:18:12.505+0000] {logging_mixin.py:188} INFO - [2024-03-14T11:18:12.505+0000] {dag.py:3834} INFO - Setting next_dagrun for example_python_decorator to None, run_after=None
[2024-03-14T11:18:12.512+0000] {processor.py:183} INFO - Processing /home/airflow/.local/lib/python3.8/site-packages/airflow/example_dags/example_python_decorator.py took 0.030 seconds
[2024-03-14T11:18:42.878+0000] {processor.py:161} INFO - Started process (PID=2518) to work on /home/airflow/.local/lib/python3.8/site-packages/airflow/example_dags/example_python_decorator.py
[2024-03-14T11:18:42.879+0000] {processor.py:830} INFO - Processing file /home/airflow/.local/lib/python3.8/site-packages/airflow/example_dags/example_python_decorator.py for tasks to queue
[2024-03-14T11:18:42.879+0000] {logging_mixin.py:188} INFO - [2024-03-14T11:18:42.879+0000] {dagbag.py:540} INFO - Filling up the DagBag from /home/airflow/.local/lib/python3.8/site-packages/airflow/example_dags/example_python_decorator.py
[2024-03-14T11:18:42.886+0000] {processor.py:840} INFO - DAG(s) 'example_python_decorator' retrieved from /home/airflow/.local/lib/python3.8/site-packages/airflow/example_dags/example_python_decorator.py
[2024-03-14T11:18:42.895+0000] {logging_mixin.py:188} INFO - [2024-03-14T11:18:42.895+0000] {dag.py:3047} INFO - Sync 1 DAGs
[2024-03-14T11:18:42.901+0000] {logging_mixin.py:188} INFO - [2024-03-14T11:18:42.901+0000] {dag.py:3834} INFO - Setting next_dagrun for example_python_decorator to None, run_after=None
[2024-03-14T11:18:42.908+0000] {processor.py:183} INFO - Processing /home/airflow/.local/lib/python3.8/site-packages/airflow/example_dags/example_python_decorator.py took 0.031 seconds
[2024-03-14T11:19:13.282+0000] {processor.py:161} INFO - Started process (PID=2573) to work on /home/airflow/.local/lib/python3.8/site-packages/airflow/example_dags/example_python_decorator.py
[2024-03-14T11:19:13.282+0000] {processor.py:830} INFO - Processing file /home/airflow/.local/lib/python3.8/site-packages/airflow/example_dags/example_python_decorator.py for tasks to queue
[2024-03-14T11:19:13.283+0000] {logging_mixin.py:188} INFO - [2024-03-14T11:19:13.283+0000] {dagbag.py:540} INFO - Filling up the DagBag from /home/airflow/.local/lib/python3.8/site-packages/airflow/example_dags/example_python_decorator.py
[2024-03-14T11:19:13.289+0000] {processor.py:840} INFO - DAG(s) 'example_python_decorator' retrieved from /home/airflow/.local/lib/python3.8/site-packages/airflow/example_dags/example_python_decorator.py
[2024-03-14T11:19:13.299+0000] {logging_mixin.py:188} INFO - [2024-03-14T11:19:13.299+0000] {dag.py:3047} INFO - Sync 1 DAGs
[2024-03-14T11:19:13.304+0000] {logging_mixin.py:188} INFO - [2024-03-14T11:19:13.304+0000] {dag.py:3834} INFO - Setting next_dagrun for example_python_decorator to None, run_after=None
[2024-03-14T11:19:13.311+0000] {processor.py:183} INFO - Processing /home/airflow/.local/lib/python3.8/site-packages/airflow/example_dags/example_python_decorator.py took 0.031 seconds
[2024-03-14T11:19:43.707+0000] {processor.py:161} INFO - Started process (PID=2628) to work on /home/airflow/.local/lib/python3.8/site-packages/airflow/example_dags/example_python_decorator.py
[2024-03-14T11:19:43.708+0000] {processor.py:830} INFO - Processing file /home/airflow/.local/lib/python3.8/site-packages/airflow/example_dags/example_python_decorator.py for tasks to queue
[2024-03-14T11:19:43.709+0000] {logging_mixin.py:188} INFO - [2024-03-14T11:19:43.708+0000] {dagbag.py:540} INFO - Filling up the DagBag from /home/airflow/.local/lib/python3.8/site-packages/airflow/example_dags/example_python_decorator.py
[2024-03-14T11:19:43.715+0000] {processor.py:840} INFO - DAG(s) 'example_python_decorator' retrieved from /home/airflow/.local/lib/python3.8/site-packages/airflow/example_dags/example_python_decorator.py
[2024-03-14T11:19:43.725+0000] {logging_mixin.py:188} INFO - [2024-03-14T11:19:43.725+0000] {dag.py:3047} INFO - Sync 1 DAGs
[2024-03-14T11:19:43.731+0000] {logging_mixin.py:188} INFO - [2024-03-14T11:19:43.731+0000] {dag.py:3834} INFO - Setting next_dagrun for example_python_decorator to None, run_after=None
[2024-03-14T11:19:43.739+0000] {processor.py:183} INFO - Processing /home/airflow/.local/lib/python3.8/site-packages/airflow/example_dags/example_python_decorator.py took 0.034 seconds
[2024-03-14T11:20:14.118+0000] {processor.py:161} INFO - Started process (PID=2683) to work on /home/airflow/.local/lib/python3.8/site-packages/airflow/example_dags/example_python_decorator.py
[2024-03-14T11:20:14.119+0000] {processor.py:830} INFO - Processing file /home/airflow/.local/lib/python3.8/site-packages/airflow/example_dags/example_python_decorator.py for tasks to queue
[2024-03-14T11:20:14.120+0000] {logging_mixin.py:188} INFO - [2024-03-14T11:20:14.120+0000] {dagbag.py:540} INFO - Filling up the DagBag from /home/airflow/.local/lib/python3.8/site-packages/airflow/example_dags/example_python_decorator.py
[2024-03-14T11:20:14.126+0000] {processor.py:840} INFO - DAG(s) 'example_python_decorator' retrieved from /home/airflow/.local/lib/python3.8/site-packages/airflow/example_dags/example_python_decorator.py
[2024-03-14T11:20:14.136+0000] {logging_mixin.py:188} INFO - [2024-03-14T11:20:14.136+0000] {dag.py:3047} INFO - Sync 1 DAGs
[2024-03-14T11:20:14.141+0000] {logging_mixin.py:188} INFO - [2024-03-14T11:20:14.141+0000] {dag.py:3834} INFO - Setting next_dagrun for example_python_decorator to None, run_after=None
[2024-03-14T11:20:14.148+0000] {processor.py:183} INFO - Processing /home/airflow/.local/lib/python3.8/site-packages/airflow/example_dags/example_python_decorator.py took 0.032 seconds
[2024-03-14T11:20:44.561+0000] {processor.py:161} INFO - Started process (PID=2738) to work on /home/airflow/.local/lib/python3.8/site-packages/airflow/example_dags/example_python_decorator.py
[2024-03-14T11:20:44.561+0000] {processor.py:830} INFO - Processing file /home/airflow/.local/lib/python3.8/site-packages/airflow/example_dags/example_python_decorator.py for tasks to queue
[2024-03-14T11:20:44.562+0000] {logging_mixin.py:188} INFO - [2024-03-14T11:20:44.562+0000] {dagbag.py:540} INFO - Filling up the DagBag from /home/airflow/.local/lib/python3.8/site-packages/airflow/example_dags/example_python_decorator.py
[2024-03-14T11:20:44.568+0000] {processor.py:840} INFO - DAG(s) 'example_python_decorator' retrieved from /home/airflow/.local/lib/python3.8/site-packages/airflow/example_dags/example_python_decorator.py
[2024-03-14T11:20:44.578+0000] {logging_mixin.py:188} INFO - [2024-03-14T11:20:44.578+0000] {dag.py:3047} INFO - Sync 1 DAGs
[2024-03-14T11:20:44.583+0000] {logging_mixin.py:188} INFO - [2024-03-14T11:20:44.583+0000] {dag.py:3834} INFO - Setting next_dagrun for example_python_decorator to None, run_after=None
[2024-03-14T11:20:44.590+0000] {processor.py:183} INFO - Processing /home/airflow/.local/lib/python3.8/site-packages/airflow/example_dags/example_python_decorator.py took 0.031 seconds
[2024-03-14T11:21:15.120+0000] {processor.py:161} INFO - Started process (PID=2793) to work on /home/airflow/.local/lib/python3.8/site-packages/airflow/example_dags/example_python_decorator.py
[2024-03-14T11:21:15.121+0000] {processor.py:830} INFO - Processing file /home/airflow/.local/lib/python3.8/site-packages/airflow/example_dags/example_python_decorator.py for tasks to queue
[2024-03-14T11:21:15.122+0000] {logging_mixin.py:188} INFO - [2024-03-14T11:21:15.122+0000] {dagbag.py:540} INFO - Filling up the DagBag from /home/airflow/.local/lib/python3.8/site-packages/airflow/example_dags/example_python_decorator.py
[2024-03-14T11:21:15.128+0000] {processor.py:840} INFO - DAG(s) 'example_python_decorator' retrieved from /home/airflow/.local/lib/python3.8/site-packages/airflow/example_dags/example_python_decorator.py
[2024-03-14T11:21:15.136+0000] {logging_mixin.py:188} INFO - [2024-03-14T11:21:15.136+0000] {dag.py:3047} INFO - Sync 1 DAGs
[2024-03-14T11:21:15.141+0000] {logging_mixin.py:188} INFO - [2024-03-14T11:21:15.141+0000] {dag.py:3834} INFO - Setting next_dagrun for example_python_decorator to None, run_after=None
[2024-03-14T11:21:15.148+0000] {processor.py:183} INFO - Processing /home/airflow/.local/lib/python3.8/site-packages/airflow/example_dags/example_python_decorator.py took 0.030 seconds
[2024-03-14T11:21:45.551+0000] {processor.py:161} INFO - Started process (PID=2848) to work on /home/airflow/.local/lib/python3.8/site-packages/airflow/example_dags/example_python_decorator.py
[2024-03-14T11:21:45.551+0000] {processor.py:830} INFO - Processing file /home/airflow/.local/lib/python3.8/site-packages/airflow/example_dags/example_python_decorator.py for tasks to queue
[2024-03-14T11:21:45.552+0000] {logging_mixin.py:188} INFO - [2024-03-14T11:21:45.552+0000] {dagbag.py:540} INFO - Filling up the DagBag from /home/airflow/.local/lib/python3.8/site-packages/airflow/example_dags/example_python_decorator.py
[2024-03-14T11:21:45.558+0000] {processor.py:840} INFO - DAG(s) 'example_python_decorator' retrieved from /home/airflow/.local/lib/python3.8/site-packages/airflow/example_dags/example_python_decorator.py
[2024-03-14T11:21:45.567+0000] {logging_mixin.py:188} INFO - [2024-03-14T11:21:45.567+0000] {dag.py:3047} INFO - Sync 1 DAGs
[2024-03-14T11:21:45.572+0000] {logging_mixin.py:188} INFO - [2024-03-14T11:21:45.572+0000] {dag.py:3834} INFO - Setting next_dagrun for example_python_decorator to None, run_after=None
[2024-03-14T11:21:45.580+0000] {processor.py:183} INFO - Processing /home/airflow/.local/lib/python3.8/site-packages/airflow/example_dags/example_python_decorator.py took 0.031 seconds
[2024-03-14T11:22:16.020+0000] {processor.py:161} INFO - Started process (PID=2903) to work on /home/airflow/.local/lib/python3.8/site-packages/airflow/example_dags/example_python_decorator.py
[2024-03-14T11:22:16.020+0000] {processor.py:830} INFO - Processing file /home/airflow/.local/lib/python3.8/site-packages/airflow/example_dags/example_python_decorator.py for tasks to queue
[2024-03-14T11:22:16.021+0000] {logging_mixin.py:188} INFO - [2024-03-14T11:22:16.021+0000] {dagbag.py:540} INFO - Filling up the DagBag from /home/airflow/.local/lib/python3.8/site-packages/airflow/example_dags/example_python_decorator.py
[2024-03-14T11:22:16.027+0000] {processor.py:840} INFO - DAG(s) 'example_python_decorator' retrieved from /home/airflow/.local/lib/python3.8/site-packages/airflow/example_dags/example_python_decorator.py
[2024-03-14T11:22:16.036+0000] {logging_mixin.py:188} INFO - [2024-03-14T11:22:16.036+0000] {dag.py:3047} INFO - Sync 1 DAGs
[2024-03-14T11:22:16.041+0000] {logging_mixin.py:188} INFO - [2024-03-14T11:22:16.041+0000] {dag.py:3834} INFO - Setting next_dagrun for example_python_decorator to None, run_after=None
[2024-03-14T11:22:16.049+0000] {processor.py:183} INFO - Processing /home/airflow/.local/lib/python3.8/site-packages/airflow/example_dags/example_python_decorator.py took 0.030 seconds
[2024-03-14T11:22:46.544+0000] {processor.py:161} INFO - Started process (PID=2958) to work on /home/airflow/.local/lib/python3.8/site-packages/airflow/example_dags/example_python_decorator.py
[2024-03-14T11:22:46.545+0000] {processor.py:830} INFO - Processing file /home/airflow/.local/lib/python3.8/site-packages/airflow/example_dags/example_python_decorator.py for tasks to queue
[2024-03-14T11:22:46.545+0000] {logging_mixin.py:188} INFO - [2024-03-14T11:22:46.545+0000] {dagbag.py:540} INFO - Filling up the DagBag from /home/airflow/.local/lib/python3.8/site-packages/airflow/example_dags/example_python_decorator.py
[2024-03-14T11:22:46.552+0000] {processor.py:840} INFO - DAG(s) 'example_python_decorator' retrieved from /home/airflow/.local/lib/python3.8/site-packages/airflow/example_dags/example_python_decorator.py
[2024-03-14T11:22:46.562+0000] {logging_mixin.py:188} INFO - [2024-03-14T11:22:46.562+0000] {dag.py:3047} INFO - Sync 1 DAGs
[2024-03-14T11:22:46.567+0000] {logging_mixin.py:188} INFO - [2024-03-14T11:22:46.567+0000] {dag.py:3834} INFO - Setting next_dagrun for example_python_decorator to None, run_after=None
[2024-03-14T11:22:46.574+0000] {processor.py:183} INFO - Processing /home/airflow/.local/lib/python3.8/site-packages/airflow/example_dags/example_python_decorator.py took 0.032 seconds
[2024-03-14T11:23:16.919+0000] {processor.py:161} INFO - Started process (PID=3013) to work on /home/airflow/.local/lib/python3.8/site-packages/airflow/example_dags/example_python_decorator.py
[2024-03-14T11:23:16.919+0000] {processor.py:830} INFO - Processing file /home/airflow/.local/lib/python3.8/site-packages/airflow/example_dags/example_python_decorator.py for tasks to queue
[2024-03-14T11:23:16.920+0000] {logging_mixin.py:188} INFO - [2024-03-14T11:23:16.920+0000] {dagbag.py:540} INFO - Filling up the DagBag from /home/airflow/.local/lib/python3.8/site-packages/airflow/example_dags/example_python_decorator.py
[2024-03-14T11:23:16.926+0000] {processor.py:840} INFO - DAG(s) 'example_python_decorator' retrieved from /home/airflow/.local/lib/python3.8/site-packages/airflow/example_dags/example_python_decorator.py
[2024-03-14T11:23:16.935+0000] {logging_mixin.py:188} INFO - [2024-03-14T11:23:16.935+0000] {dag.py:3047} INFO - Sync 1 DAGs
[2024-03-14T11:23:16.940+0000] {logging_mixin.py:188} INFO - [2024-03-14T11:23:16.940+0000] {dag.py:3834} INFO - Setting next_dagrun for example_python_decorator to None, run_after=None
[2024-03-14T11:23:16.947+0000] {processor.py:183} INFO - Processing /home/airflow/.local/lib/python3.8/site-packages/airflow/example_dags/example_python_decorator.py took 0.030 seconds
[2024-03-14T11:23:47.391+0000] {processor.py:161} INFO - Started process (PID=3068) to work on /home/airflow/.local/lib/python3.8/site-packages/airflow/example_dags/example_python_decorator.py
[2024-03-14T11:23:47.391+0000] {processor.py:830} INFO - Processing file /home/airflow/.local/lib/python3.8/site-packages/airflow/example_dags/example_python_decorator.py for tasks to queue
[2024-03-14T11:23:47.392+0000] {logging_mixin.py:188} INFO - [2024-03-14T11:23:47.392+0000] {dagbag.py:540} INFO - Filling up the DagBag from /home/airflow/.local/lib/python3.8/site-packages/airflow/example_dags/example_python_decorator.py
[2024-03-14T11:23:47.398+0000] {processor.py:840} INFO - DAG(s) 'example_python_decorator' retrieved from /home/airflow/.local/lib/python3.8/site-packages/airflow/example_dags/example_python_decorator.py
[2024-03-14T11:23:47.407+0000] {logging_mixin.py:188} INFO - [2024-03-14T11:23:47.407+0000] {dag.py:3047} INFO - Sync 1 DAGs
[2024-03-14T11:23:47.413+0000] {logging_mixin.py:188} INFO - [2024-03-14T11:23:47.413+0000] {dag.py:3834} INFO - Setting next_dagrun for example_python_decorator to None, run_after=None
[2024-03-14T11:23:47.420+0000] {processor.py:183} INFO - Processing /home/airflow/.local/lib/python3.8/site-packages/airflow/example_dags/example_python_decorator.py took 0.031 seconds
[2024-03-14T11:24:17.763+0000] {processor.py:161} INFO - Started process (PID=3123) to work on /home/airflow/.local/lib/python3.8/site-packages/airflow/example_dags/example_python_decorator.py
[2024-03-14T11:24:17.764+0000] {processor.py:830} INFO - Processing file /home/airflow/.local/lib/python3.8/site-packages/airflow/example_dags/example_python_decorator.py for tasks to queue
[2024-03-14T11:24:17.764+0000] {logging_mixin.py:188} INFO - [2024-03-14T11:24:17.764+0000] {dagbag.py:540} INFO - Filling up the DagBag from /home/airflow/.local/lib/python3.8/site-packages/airflow/example_dags/example_python_decorator.py
[2024-03-14T11:24:17.770+0000] {processor.py:840} INFO - DAG(s) 'example_python_decorator' retrieved from /home/airflow/.local/lib/python3.8/site-packages/airflow/example_dags/example_python_decorator.py
[2024-03-14T11:24:17.780+0000] {logging_mixin.py:188} INFO - [2024-03-14T11:24:17.780+0000] {dag.py:3047} INFO - Sync 1 DAGs
[2024-03-14T11:24:17.786+0000] {logging_mixin.py:188} INFO - [2024-03-14T11:24:17.786+0000] {dag.py:3834} INFO - Setting next_dagrun for example_python_decorator to None, run_after=None
[2024-03-14T11:24:17.793+0000] {processor.py:183} INFO - Processing /home/airflow/.local/lib/python3.8/site-packages/airflow/example_dags/example_python_decorator.py took 0.031 seconds
[2024-03-14T11:24:48.114+0000] {processor.py:161} INFO - Started process (PID=3178) to work on /home/airflow/.local/lib/python3.8/site-packages/airflow/example_dags/example_python_decorator.py
[2024-03-14T11:24:48.114+0000] {processor.py:830} INFO - Processing file /home/airflow/.local/lib/python3.8/site-packages/airflow/example_dags/example_python_decorator.py for tasks to queue
[2024-03-14T11:24:48.115+0000] {logging_mixin.py:188} INFO - [2024-03-14T11:24:48.115+0000] {dagbag.py:540} INFO - Filling up the DagBag from /home/airflow/.local/lib/python3.8/site-packages/airflow/example_dags/example_python_decorator.py
[2024-03-14T11:24:48.121+0000] {processor.py:840} INFO - DAG(s) 'example_python_decorator' retrieved from /home/airflow/.local/lib/python3.8/site-packages/airflow/example_dags/example_python_decorator.py
[2024-03-14T11:24:48.130+0000] {logging_mixin.py:188} INFO - [2024-03-14T11:24:48.130+0000] {dag.py:3047} INFO - Sync 1 DAGs
[2024-03-14T11:24:48.135+0000] {logging_mixin.py:188} INFO - [2024-03-14T11:24:48.135+0000] {dag.py:3834} INFO - Setting next_dagrun for example_python_decorator to None, run_after=None
[2024-03-14T11:24:48.143+0000] {processor.py:183} INFO - Processing /home/airflow/.local/lib/python3.8/site-packages/airflow/example_dags/example_python_decorator.py took 0.031 seconds
[2024-03-14T11:25:18.545+0000] {processor.py:161} INFO - Started process (PID=3233) to work on /home/airflow/.local/lib/python3.8/site-packages/airflow/example_dags/example_python_decorator.py
[2024-03-14T11:25:18.545+0000] {processor.py:830} INFO - Processing file /home/airflow/.local/lib/python3.8/site-packages/airflow/example_dags/example_python_decorator.py for tasks to queue
[2024-03-14T11:25:18.546+0000] {logging_mixin.py:188} INFO - [2024-03-14T11:25:18.546+0000] {dagbag.py:540} INFO - Filling up the DagBag from /home/airflow/.local/lib/python3.8/site-packages/airflow/example_dags/example_python_decorator.py
[2024-03-14T11:25:18.552+0000] {processor.py:840} INFO - DAG(s) 'example_python_decorator' retrieved from /home/airflow/.local/lib/python3.8/site-packages/airflow/example_dags/example_python_decorator.py
[2024-03-14T11:25:18.561+0000] {logging_mixin.py:188} INFO - [2024-03-14T11:25:18.561+0000] {dag.py:3047} INFO - Sync 1 DAGs
[2024-03-14T11:25:18.567+0000] {logging_mixin.py:188} INFO - [2024-03-14T11:25:18.567+0000] {dag.py:3834} INFO - Setting next_dagrun for example_python_decorator to None, run_after=None
[2024-03-14T11:25:18.574+0000] {processor.py:183} INFO - Processing /home/airflow/.local/lib/python3.8/site-packages/airflow/example_dags/example_python_decorator.py took 0.031 seconds
[2024-03-14T11:25:48.990+0000] {processor.py:161} INFO - Started process (PID=3288) to work on /home/airflow/.local/lib/python3.8/site-packages/airflow/example_dags/example_python_decorator.py
[2024-03-14T11:25:48.991+0000] {processor.py:830} INFO - Processing file /home/airflow/.local/lib/python3.8/site-packages/airflow/example_dags/example_python_decorator.py for tasks to queue
[2024-03-14T11:25:48.992+0000] {logging_mixin.py:188} INFO - [2024-03-14T11:25:48.992+0000] {dagbag.py:540} INFO - Filling up the DagBag from /home/airflow/.local/lib/python3.8/site-packages/airflow/example_dags/example_python_decorator.py
[2024-03-14T11:25:48.999+0000] {processor.py:840} INFO - DAG(s) 'example_python_decorator' retrieved from /home/airflow/.local/lib/python3.8/site-packages/airflow/example_dags/example_python_decorator.py
[2024-03-14T11:25:49.009+0000] {logging_mixin.py:188} INFO - [2024-03-14T11:25:49.009+0000] {dag.py:3047} INFO - Sync 1 DAGs
[2024-03-14T11:25:49.014+0000] {logging_mixin.py:188} INFO - [2024-03-14T11:25:49.014+0000] {dag.py:3834} INFO - Setting next_dagrun for example_python_decorator to None, run_after=None
[2024-03-14T11:25:49.021+0000] {processor.py:183} INFO - Processing /home/airflow/.local/lib/python3.8/site-packages/airflow/example_dags/example_python_decorator.py took 0.033 seconds
[2024-03-14T11:26:19.511+0000] {processor.py:161} INFO - Started process (PID=3343) to work on /home/airflow/.local/lib/python3.8/site-packages/airflow/example_dags/example_python_decorator.py
[2024-03-14T11:26:19.512+0000] {processor.py:830} INFO - Processing file /home/airflow/.local/lib/python3.8/site-packages/airflow/example_dags/example_python_decorator.py for tasks to queue
[2024-03-14T11:26:19.512+0000] {logging_mixin.py:188} INFO - [2024-03-14T11:26:19.512+0000] {dagbag.py:540} INFO - Filling up the DagBag from /home/airflow/.local/lib/python3.8/site-packages/airflow/example_dags/example_python_decorator.py
[2024-03-14T11:26:19.518+0000] {processor.py:840} INFO - DAG(s) 'example_python_decorator' retrieved from /home/airflow/.local/lib/python3.8/site-packages/airflow/example_dags/example_python_decorator.py
[2024-03-14T11:26:19.528+0000] {logging_mixin.py:188} INFO - [2024-03-14T11:26:19.528+0000] {dag.py:3047} INFO - Sync 1 DAGs
[2024-03-14T11:26:19.533+0000] {logging_mixin.py:188} INFO - [2024-03-14T11:26:19.533+0000] {dag.py:3834} INFO - Setting next_dagrun for example_python_decorator to None, run_after=None
[2024-03-14T11:26:19.540+0000] {processor.py:183} INFO - Processing /home/airflow/.local/lib/python3.8/site-packages/airflow/example_dags/example_python_decorator.py took 0.030 seconds
[2024-03-14T11:26:49.941+0000] {processor.py:161} INFO - Started process (PID=3398) to work on /home/airflow/.local/lib/python3.8/site-packages/airflow/example_dags/example_python_decorator.py
[2024-03-14T11:26:49.941+0000] {processor.py:830} INFO - Processing file /home/airflow/.local/lib/python3.8/site-packages/airflow/example_dags/example_python_decorator.py for tasks to queue
[2024-03-14T11:26:49.942+0000] {logging_mixin.py:188} INFO - [2024-03-14T11:26:49.942+0000] {dagbag.py:540} INFO - Filling up the DagBag from /home/airflow/.local/lib/python3.8/site-packages/airflow/example_dags/example_python_decorator.py
[2024-03-14T11:26:49.948+0000] {processor.py:840} INFO - DAG(s) 'example_python_decorator' retrieved from /home/airflow/.local/lib/python3.8/site-packages/airflow/example_dags/example_python_decorator.py
[2024-03-14T11:26:49.957+0000] {logging_mixin.py:188} INFO - [2024-03-14T11:26:49.957+0000] {dag.py:3047} INFO - Sync 1 DAGs
[2024-03-14T11:26:49.962+0000] {logging_mixin.py:188} INFO - [2024-03-14T11:26:49.962+0000] {dag.py:3834} INFO - Setting next_dagrun for example_python_decorator to None, run_after=None
[2024-03-14T11:26:49.969+0000] {processor.py:183} INFO - Processing /home/airflow/.local/lib/python3.8/site-packages/airflow/example_dags/example_python_decorator.py took 0.030 seconds
[2024-03-14T11:27:20.470+0000] {processor.py:161} INFO - Started process (PID=3458) to work on /home/airflow/.local/lib/python3.8/site-packages/airflow/example_dags/example_python_decorator.py
[2024-03-14T11:27:20.471+0000] {processor.py:830} INFO - Processing file /home/airflow/.local/lib/python3.8/site-packages/airflow/example_dags/example_python_decorator.py for tasks to queue
[2024-03-14T11:27:20.472+0000] {logging_mixin.py:188} INFO - [2024-03-14T11:27:20.471+0000] {dagbag.py:540} INFO - Filling up the DagBag from /home/airflow/.local/lib/python3.8/site-packages/airflow/example_dags/example_python_decorator.py
[2024-03-14T11:27:20.477+0000] {processor.py:840} INFO - DAG(s) 'example_python_decorator' retrieved from /home/airflow/.local/lib/python3.8/site-packages/airflow/example_dags/example_python_decorator.py
[2024-03-14T11:27:20.486+0000] {logging_mixin.py:188} INFO - [2024-03-14T11:27:20.486+0000] {dag.py:3047} INFO - Sync 1 DAGs
[2024-03-14T11:27:20.491+0000] {logging_mixin.py:188} INFO - [2024-03-14T11:27:20.491+0000] {dag.py:3834} INFO - Setting next_dagrun for example_python_decorator to None, run_after=None
[2024-03-14T11:27:20.498+0000] {processor.py:183} INFO - Processing /home/airflow/.local/lib/python3.8/site-packages/airflow/example_dags/example_python_decorator.py took 0.030 seconds
[2024-03-14T11:27:51.134+0000] {processor.py:161} INFO - Started process (PID=3513) to work on /home/airflow/.local/lib/python3.8/site-packages/airflow/example_dags/example_python_decorator.py
[2024-03-14T11:27:51.134+0000] {processor.py:830} INFO - Processing file /home/airflow/.local/lib/python3.8/site-packages/airflow/example_dags/example_python_decorator.py for tasks to queue
[2024-03-14T11:27:51.135+0000] {logging_mixin.py:188} INFO - [2024-03-14T11:27:51.135+0000] {dagbag.py:540} INFO - Filling up the DagBag from /home/airflow/.local/lib/python3.8/site-packages/airflow/example_dags/example_python_decorator.py
[2024-03-14T11:27:51.141+0000] {processor.py:840} INFO - DAG(s) 'example_python_decorator' retrieved from /home/airflow/.local/lib/python3.8/site-packages/airflow/example_dags/example_python_decorator.py
[2024-03-14T11:27:51.150+0000] {logging_mixin.py:188} INFO - [2024-03-14T11:27:51.150+0000] {dag.py:3047} INFO - Sync 1 DAGs
[2024-03-14T11:27:51.155+0000] {logging_mixin.py:188} INFO - [2024-03-14T11:27:51.155+0000] {dag.py:3834} INFO - Setting next_dagrun for example_python_decorator to None, run_after=None
[2024-03-14T11:27:51.162+0000] {processor.py:183} INFO - Processing /home/airflow/.local/lib/python3.8/site-packages/airflow/example_dags/example_python_decorator.py took 0.030 seconds
[2024-03-14T11:28:21.832+0000] {processor.py:161} INFO - Started process (PID=3568) to work on /home/airflow/.local/lib/python3.8/site-packages/airflow/example_dags/example_python_decorator.py
[2024-03-14T11:28:21.833+0000] {processor.py:830} INFO - Processing file /home/airflow/.local/lib/python3.8/site-packages/airflow/example_dags/example_python_decorator.py for tasks to queue
[2024-03-14T11:28:21.834+0000] {logging_mixin.py:188} INFO - [2024-03-14T11:28:21.834+0000] {dagbag.py:540} INFO - Filling up the DagBag from /home/airflow/.local/lib/python3.8/site-packages/airflow/example_dags/example_python_decorator.py
[2024-03-14T11:28:21.840+0000] {processor.py:840} INFO - DAG(s) 'example_python_decorator' retrieved from /home/airflow/.local/lib/python3.8/site-packages/airflow/example_dags/example_python_decorator.py
[2024-03-14T11:28:21.849+0000] {logging_mixin.py:188} INFO - [2024-03-14T11:28:21.849+0000] {dag.py:3047} INFO - Sync 1 DAGs
[2024-03-14T11:28:21.854+0000] {logging_mixin.py:188} INFO - [2024-03-14T11:28:21.854+0000] {dag.py:3834} INFO - Setting next_dagrun for example_python_decorator to None, run_after=None
[2024-03-14T11:28:21.938+0000] {processor.py:183} INFO - Processing /home/airflow/.local/lib/python3.8/site-packages/airflow/example_dags/example_python_decorator.py took 0.107 seconds
[2024-03-14T11:28:52.183+0000] {processor.py:161} INFO - Started process (PID=3623) to work on /home/airflow/.local/lib/python3.8/site-packages/airflow/example_dags/example_python_decorator.py
[2024-03-14T11:28:52.184+0000] {processor.py:830} INFO - Processing file /home/airflow/.local/lib/python3.8/site-packages/airflow/example_dags/example_python_decorator.py for tasks to queue
[2024-03-14T11:28:52.185+0000] {logging_mixin.py:188} INFO - [2024-03-14T11:28:52.184+0000] {dagbag.py:540} INFO - Filling up the DagBag from /home/airflow/.local/lib/python3.8/site-packages/airflow/example_dags/example_python_decorator.py
[2024-03-14T11:28:52.192+0000] {processor.py:840} INFO - DAG(s) 'example_python_decorator' retrieved from /home/airflow/.local/lib/python3.8/site-packages/airflow/example_dags/example_python_decorator.py
[2024-03-14T11:28:52.205+0000] {logging_mixin.py:188} INFO - [2024-03-14T11:28:52.205+0000] {dag.py:3047} INFO - Sync 1 DAGs
[2024-03-14T11:28:52.211+0000] {logging_mixin.py:188} INFO - [2024-03-14T11:28:52.211+0000] {dag.py:3834} INFO - Setting next_dagrun for example_python_decorator to None, run_after=None
[2024-03-14T11:28:52.221+0000] {processor.py:183} INFO - Processing /home/airflow/.local/lib/python3.8/site-packages/airflow/example_dags/example_python_decorator.py took 0.039 seconds
