[2024-03-14T10:55:54.297+0000] {processor.py:161} INFO - Started process (PID=44) to work on /home/airflow/.local/lib/python3.8/site-packages/airflow/example_dags/example_trigger_controller_dag.py
[2024-03-14T10:55:54.298+0000] {processor.py:830} INFO - Processing file /home/airflow/.local/lib/python3.8/site-packages/airflow/example_dags/example_trigger_controller_dag.py for tasks to queue
[2024-03-14T10:55:54.300+0000] {logging_mixin.py:188} INFO - [2024-03-14T10:55:54.299+0000] {dagbag.py:540} INFO - Filling up the DagBag from /home/airflow/.local/lib/python3.8/site-packages/airflow/example_dags/example_trigger_controller_dag.py
[2024-03-14T10:55:54.304+0000] {processor.py:840} INFO - DAG(s) 'example_trigger_controller_dag' retrieved from /home/airflow/.local/lib/python3.8/site-packages/airflow/example_dags/example_trigger_controller_dag.py
[2024-03-14T10:55:54.311+0000] {logging_mixin.py:188} INFO - [2024-03-14T10:55:54.311+0000] {dag.py:3047} INFO - Sync 1 DAGs
[2024-03-14T10:55:54.324+0000] {logging_mixin.py:188} INFO - [2024-03-14T10:55:54.324+0000] {dag.py:3834} INFO - Setting next_dagrun for example_trigger_controller_dag to 2021-01-01 00:00:00+00:00, run_after=2021-01-01 00:00:00+00:00
[2024-03-14T10:55:54.334+0000] {processor.py:183} INFO - Processing /home/airflow/.local/lib/python3.8/site-packages/airflow/example_dags/example_trigger_controller_dag.py took 0.039 seconds
[2024-03-14T10:56:24.410+0000] {processor.py:161} INFO - Started process (PID=99) to work on /home/airflow/.local/lib/python3.8/site-packages/airflow/example_dags/example_trigger_controller_dag.py
[2024-03-14T10:56:24.410+0000] {processor.py:830} INFO - Processing file /home/airflow/.local/lib/python3.8/site-packages/airflow/example_dags/example_trigger_controller_dag.py for tasks to queue
[2024-03-14T10:56:24.411+0000] {logging_mixin.py:188} INFO - [2024-03-14T10:56:24.411+0000] {dagbag.py:540} INFO - Filling up the DagBag from /home/airflow/.local/lib/python3.8/site-packages/airflow/example_dags/example_trigger_controller_dag.py
[2024-03-14T10:56:24.414+0000] {processor.py:840} INFO - DAG(s) 'example_trigger_controller_dag' retrieved from /home/airflow/.local/lib/python3.8/site-packages/airflow/example_dags/example_trigger_controller_dag.py
[2024-03-14T10:56:24.456+0000] {logging_mixin.py:188} INFO - [2024-03-14T10:56:24.456+0000] {dag.py:3047} INFO - Sync 1 DAGs
[2024-03-14T10:56:24.464+0000] {logging_mixin.py:188} INFO - [2024-03-14T10:56:24.464+0000] {dag.py:3834} INFO - Setting next_dagrun for example_trigger_controller_dag to 2021-01-01 00:00:00+00:00, run_after=2021-01-01 00:00:00+00:00
[2024-03-14T10:56:24.471+0000] {processor.py:183} INFO - Processing /home/airflow/.local/lib/python3.8/site-packages/airflow/example_dags/example_trigger_controller_dag.py took 0.063 seconds
[2024-03-14T10:56:54.581+0000] {processor.py:161} INFO - Started process (PID=154) to work on /home/airflow/.local/lib/python3.8/site-packages/airflow/example_dags/example_trigger_controller_dag.py
[2024-03-14T10:56:54.581+0000] {processor.py:830} INFO - Processing file /home/airflow/.local/lib/python3.8/site-packages/airflow/example_dags/example_trigger_controller_dag.py for tasks to queue
[2024-03-14T10:56:54.582+0000] {logging_mixin.py:188} INFO - [2024-03-14T10:56:54.582+0000] {dagbag.py:540} INFO - Filling up the DagBag from /home/airflow/.local/lib/python3.8/site-packages/airflow/example_dags/example_trigger_controller_dag.py
[2024-03-14T10:56:54.585+0000] {processor.py:840} INFO - DAG(s) 'example_trigger_controller_dag' retrieved from /home/airflow/.local/lib/python3.8/site-packages/airflow/example_dags/example_trigger_controller_dag.py
[2024-03-14T10:56:54.596+0000] {logging_mixin.py:188} INFO - [2024-03-14T10:56:54.595+0000] {dag.py:3047} INFO - Sync 1 DAGs
[2024-03-14T10:56:54.606+0000] {logging_mixin.py:188} INFO - [2024-03-14T10:56:54.606+0000] {dag.py:3834} INFO - Setting next_dagrun for example_trigger_controller_dag to 2021-01-01 00:00:00+00:00, run_after=2021-01-01 00:00:00+00:00
[2024-03-14T10:56:54.619+0000] {processor.py:183} INFO - Processing /home/airflow/.local/lib/python3.8/site-packages/airflow/example_dags/example_trigger_controller_dag.py took 0.041 seconds
[2024-03-14T10:57:25.217+0000] {processor.py:161} INFO - Started process (PID=208) to work on /home/airflow/.local/lib/python3.8/site-packages/airflow/example_dags/example_trigger_controller_dag.py
[2024-03-14T10:57:25.217+0000] {processor.py:830} INFO - Processing file /home/airflow/.local/lib/python3.8/site-packages/airflow/example_dags/example_trigger_controller_dag.py for tasks to queue
[2024-03-14T10:57:25.218+0000] {logging_mixin.py:188} INFO - [2024-03-14T10:57:25.218+0000] {dagbag.py:540} INFO - Filling up the DagBag from /home/airflow/.local/lib/python3.8/site-packages/airflow/example_dags/example_trigger_controller_dag.py
[2024-03-14T10:57:25.220+0000] {processor.py:840} INFO - DAG(s) 'example_trigger_controller_dag' retrieved from /home/airflow/.local/lib/python3.8/site-packages/airflow/example_dags/example_trigger_controller_dag.py
[2024-03-14T10:57:25.229+0000] {logging_mixin.py:188} INFO - [2024-03-14T10:57:25.229+0000] {dag.py:3047} INFO - Sync 1 DAGs
[2024-03-14T10:57:25.238+0000] {logging_mixin.py:188} INFO - [2024-03-14T10:57:25.238+0000] {dag.py:3834} INFO - Setting next_dagrun for example_trigger_controller_dag to 2021-01-01 00:00:00+00:00, run_after=2021-01-01 00:00:00+00:00
[2024-03-14T10:57:25.245+0000] {processor.py:183} INFO - Processing /home/airflow/.local/lib/python3.8/site-packages/airflow/example_dags/example_trigger_controller_dag.py took 0.030 seconds
[2024-03-14T10:57:55.642+0000] {processor.py:161} INFO - Started process (PID=263) to work on /home/airflow/.local/lib/python3.8/site-packages/airflow/example_dags/example_trigger_controller_dag.py
[2024-03-14T10:57:55.642+0000] {processor.py:830} INFO - Processing file /home/airflow/.local/lib/python3.8/site-packages/airflow/example_dags/example_trigger_controller_dag.py for tasks to queue
[2024-03-14T10:57:55.643+0000] {logging_mixin.py:188} INFO - [2024-03-14T10:57:55.643+0000] {dagbag.py:540} INFO - Filling up the DagBag from /home/airflow/.local/lib/python3.8/site-packages/airflow/example_dags/example_trigger_controller_dag.py
[2024-03-14T10:57:55.645+0000] {processor.py:840} INFO - DAG(s) 'example_trigger_controller_dag' retrieved from /home/airflow/.local/lib/python3.8/site-packages/airflow/example_dags/example_trigger_controller_dag.py
[2024-03-14T10:57:55.654+0000] {logging_mixin.py:188} INFO - [2024-03-14T10:57:55.654+0000] {dag.py:3047} INFO - Sync 1 DAGs
[2024-03-14T10:57:55.663+0000] {logging_mixin.py:188} INFO - [2024-03-14T10:57:55.662+0000] {dag.py:3834} INFO - Setting next_dagrun for example_trigger_controller_dag to 2021-01-01 00:00:00+00:00, run_after=2021-01-01 00:00:00+00:00
[2024-03-14T10:57:55.670+0000] {processor.py:183} INFO - Processing /home/airflow/.local/lib/python3.8/site-packages/airflow/example_dags/example_trigger_controller_dag.py took 0.029 seconds
[2024-03-14T10:58:25.967+0000] {processor.py:161} INFO - Started process (PID=318) to work on /home/airflow/.local/lib/python3.8/site-packages/airflow/example_dags/example_trigger_controller_dag.py
[2024-03-14T10:58:25.968+0000] {processor.py:830} INFO - Processing file /home/airflow/.local/lib/python3.8/site-packages/airflow/example_dags/example_trigger_controller_dag.py for tasks to queue
[2024-03-14T10:58:25.968+0000] {logging_mixin.py:188} INFO - [2024-03-14T10:58:25.968+0000] {dagbag.py:540} INFO - Filling up the DagBag from /home/airflow/.local/lib/python3.8/site-packages/airflow/example_dags/example_trigger_controller_dag.py
[2024-03-14T10:58:25.971+0000] {processor.py:840} INFO - DAG(s) 'example_trigger_controller_dag' retrieved from /home/airflow/.local/lib/python3.8/site-packages/airflow/example_dags/example_trigger_controller_dag.py
[2024-03-14T10:58:25.979+0000] {logging_mixin.py:188} INFO - [2024-03-14T10:58:25.979+0000] {dag.py:3047} INFO - Sync 1 DAGs
[2024-03-14T10:58:25.988+0000] {logging_mixin.py:188} INFO - [2024-03-14T10:58:25.988+0000] {dag.py:3834} INFO - Setting next_dagrun for example_trigger_controller_dag to 2021-01-01 00:00:00+00:00, run_after=2021-01-01 00:00:00+00:00
[2024-03-14T10:58:25.995+0000] {processor.py:183} INFO - Processing /home/airflow/.local/lib/python3.8/site-packages/airflow/example_dags/example_trigger_controller_dag.py took 0.029 seconds
[2024-03-14T10:58:56.303+0000] {processor.py:161} INFO - Started process (PID=373) to work on /home/airflow/.local/lib/python3.8/site-packages/airflow/example_dags/example_trigger_controller_dag.py
[2024-03-14T10:58:56.303+0000] {processor.py:830} INFO - Processing file /home/airflow/.local/lib/python3.8/site-packages/airflow/example_dags/example_trigger_controller_dag.py for tasks to queue
[2024-03-14T10:58:56.304+0000] {logging_mixin.py:188} INFO - [2024-03-14T10:58:56.304+0000] {dagbag.py:540} INFO - Filling up the DagBag from /home/airflow/.local/lib/python3.8/site-packages/airflow/example_dags/example_trigger_controller_dag.py
[2024-03-14T10:58:56.306+0000] {processor.py:840} INFO - DAG(s) 'example_trigger_controller_dag' retrieved from /home/airflow/.local/lib/python3.8/site-packages/airflow/example_dags/example_trigger_controller_dag.py
[2024-03-14T10:58:56.314+0000] {logging_mixin.py:188} INFO - [2024-03-14T10:58:56.314+0000] {dag.py:3047} INFO - Sync 1 DAGs
[2024-03-14T10:58:56.324+0000] {logging_mixin.py:188} INFO - [2024-03-14T10:58:56.324+0000] {dag.py:3834} INFO - Setting next_dagrun for example_trigger_controller_dag to 2021-01-01 00:00:00+00:00, run_after=2021-01-01 00:00:00+00:00
[2024-03-14T10:58:56.330+0000] {processor.py:183} INFO - Processing /home/airflow/.local/lib/python3.8/site-packages/airflow/example_dags/example_trigger_controller_dag.py took 0.029 seconds
[2024-03-14T10:59:26.717+0000] {processor.py:161} INFO - Started process (PID=428) to work on /home/airflow/.local/lib/python3.8/site-packages/airflow/example_dags/example_trigger_controller_dag.py
[2024-03-14T10:59:26.718+0000] {processor.py:830} INFO - Processing file /home/airflow/.local/lib/python3.8/site-packages/airflow/example_dags/example_trigger_controller_dag.py for tasks to queue
[2024-03-14T10:59:26.719+0000] {logging_mixin.py:188} INFO - [2024-03-14T10:59:26.719+0000] {dagbag.py:540} INFO - Filling up the DagBag from /home/airflow/.local/lib/python3.8/site-packages/airflow/example_dags/example_trigger_controller_dag.py
[2024-03-14T10:59:26.721+0000] {processor.py:840} INFO - DAG(s) 'example_trigger_controller_dag' retrieved from /home/airflow/.local/lib/python3.8/site-packages/airflow/example_dags/example_trigger_controller_dag.py
[2024-03-14T10:59:26.730+0000] {logging_mixin.py:188} INFO - [2024-03-14T10:59:26.730+0000] {dag.py:3047} INFO - Sync 1 DAGs
[2024-03-14T10:59:26.739+0000] {logging_mixin.py:188} INFO - [2024-03-14T10:59:26.739+0000] {dag.py:3834} INFO - Setting next_dagrun for example_trigger_controller_dag to 2021-01-01 00:00:00+00:00, run_after=2021-01-01 00:00:00+00:00
[2024-03-14T10:59:26.748+0000] {processor.py:183} INFO - Processing /home/airflow/.local/lib/python3.8/site-packages/airflow/example_dags/example_trigger_controller_dag.py took 0.032 seconds
[2024-03-14T10:59:57.109+0000] {processor.py:161} INFO - Started process (PID=483) to work on /home/airflow/.local/lib/python3.8/site-packages/airflow/example_dags/example_trigger_controller_dag.py
[2024-03-14T10:59:57.110+0000] {processor.py:830} INFO - Processing file /home/airflow/.local/lib/python3.8/site-packages/airflow/example_dags/example_trigger_controller_dag.py for tasks to queue
[2024-03-14T10:59:57.111+0000] {logging_mixin.py:188} INFO - [2024-03-14T10:59:57.111+0000] {dagbag.py:540} INFO - Filling up the DagBag from /home/airflow/.local/lib/python3.8/site-packages/airflow/example_dags/example_trigger_controller_dag.py
[2024-03-14T10:59:57.113+0000] {processor.py:840} INFO - DAG(s) 'example_trigger_controller_dag' retrieved from /home/airflow/.local/lib/python3.8/site-packages/airflow/example_dags/example_trigger_controller_dag.py
[2024-03-14T10:59:57.122+0000] {logging_mixin.py:188} INFO - [2024-03-14T10:59:57.122+0000] {dag.py:3047} INFO - Sync 1 DAGs
[2024-03-14T10:59:57.130+0000] {logging_mixin.py:188} INFO - [2024-03-14T10:59:57.130+0000] {dag.py:3834} INFO - Setting next_dagrun for example_trigger_controller_dag to 2021-01-01 00:00:00+00:00, run_after=2021-01-01 00:00:00+00:00
[2024-03-14T10:59:57.138+0000] {processor.py:183} INFO - Processing /home/airflow/.local/lib/python3.8/site-packages/airflow/example_dags/example_trigger_controller_dag.py took 0.030 seconds
[2024-03-14T11:00:27.506+0000] {processor.py:161} INFO - Started process (PID=537) to work on /home/airflow/.local/lib/python3.8/site-packages/airflow/example_dags/example_trigger_controller_dag.py
[2024-03-14T11:00:27.507+0000] {processor.py:830} INFO - Processing file /home/airflow/.local/lib/python3.8/site-packages/airflow/example_dags/example_trigger_controller_dag.py for tasks to queue
[2024-03-14T11:00:27.508+0000] {logging_mixin.py:188} INFO - [2024-03-14T11:00:27.508+0000] {dagbag.py:540} INFO - Filling up the DagBag from /home/airflow/.local/lib/python3.8/site-packages/airflow/example_dags/example_trigger_controller_dag.py
[2024-03-14T11:00:27.510+0000] {processor.py:840} INFO - DAG(s) 'example_trigger_controller_dag' retrieved from /home/airflow/.local/lib/python3.8/site-packages/airflow/example_dags/example_trigger_controller_dag.py
[2024-03-14T11:00:27.519+0000] {logging_mixin.py:188} INFO - [2024-03-14T11:00:27.519+0000] {dag.py:3047} INFO - Sync 1 DAGs
[2024-03-14T11:00:27.527+0000] {logging_mixin.py:188} INFO - [2024-03-14T11:00:27.527+0000] {dag.py:3834} INFO - Setting next_dagrun for example_trigger_controller_dag to 2021-01-01 00:00:00+00:00, run_after=2021-01-01 00:00:00+00:00
[2024-03-14T11:00:27.535+0000] {processor.py:183} INFO - Processing /home/airflow/.local/lib/python3.8/site-packages/airflow/example_dags/example_trigger_controller_dag.py took 0.030 seconds
[2024-03-14T11:00:57.937+0000] {processor.py:161} INFO - Started process (PID=592) to work on /home/airflow/.local/lib/python3.8/site-packages/airflow/example_dags/example_trigger_controller_dag.py
[2024-03-14T11:00:57.938+0000] {processor.py:830} INFO - Processing file /home/airflow/.local/lib/python3.8/site-packages/airflow/example_dags/example_trigger_controller_dag.py for tasks to queue
[2024-03-14T11:00:57.939+0000] {logging_mixin.py:188} INFO - [2024-03-14T11:00:57.939+0000] {dagbag.py:540} INFO - Filling up the DagBag from /home/airflow/.local/lib/python3.8/site-packages/airflow/example_dags/example_trigger_controller_dag.py
[2024-03-14T11:00:57.941+0000] {processor.py:840} INFO - DAG(s) 'example_trigger_controller_dag' retrieved from /home/airflow/.local/lib/python3.8/site-packages/airflow/example_dags/example_trigger_controller_dag.py
[2024-03-14T11:00:57.950+0000] {logging_mixin.py:188} INFO - [2024-03-14T11:00:57.950+0000] {dag.py:3047} INFO - Sync 1 DAGs
[2024-03-14T11:00:57.959+0000] {logging_mixin.py:188} INFO - [2024-03-14T11:00:57.959+0000] {dag.py:3834} INFO - Setting next_dagrun for example_trigger_controller_dag to 2021-01-01 00:00:00+00:00, run_after=2021-01-01 00:00:00+00:00
[2024-03-14T11:00:57.966+0000] {processor.py:183} INFO - Processing /home/airflow/.local/lib/python3.8/site-packages/airflow/example_dags/example_trigger_controller_dag.py took 0.031 seconds
[2024-03-14T11:01:28.441+0000] {processor.py:161} INFO - Started process (PID=646) to work on /home/airflow/.local/lib/python3.8/site-packages/airflow/example_dags/example_trigger_controller_dag.py
[2024-03-14T11:01:28.442+0000] {processor.py:830} INFO - Processing file /home/airflow/.local/lib/python3.8/site-packages/airflow/example_dags/example_trigger_controller_dag.py for tasks to queue
[2024-03-14T11:01:28.443+0000] {logging_mixin.py:188} INFO - [2024-03-14T11:01:28.443+0000] {dagbag.py:540} INFO - Filling up the DagBag from /home/airflow/.local/lib/python3.8/site-packages/airflow/example_dags/example_trigger_controller_dag.py
[2024-03-14T11:01:28.448+0000] {processor.py:840} INFO - DAG(s) 'example_trigger_controller_dag' retrieved from /home/airflow/.local/lib/python3.8/site-packages/airflow/example_dags/example_trigger_controller_dag.py
[2024-03-14T11:01:28.461+0000] {logging_mixin.py:188} INFO - [2024-03-14T11:01:28.461+0000] {dag.py:3047} INFO - Sync 1 DAGs
[2024-03-14T11:01:28.479+0000] {logging_mixin.py:188} INFO - [2024-03-14T11:01:28.479+0000] {dag.py:3834} INFO - Setting next_dagrun for example_trigger_controller_dag to 2021-01-01 00:00:00+00:00, run_after=2021-01-01 00:00:00+00:00
[2024-03-14T11:01:28.490+0000] {processor.py:183} INFO - Processing /home/airflow/.local/lib/python3.8/site-packages/airflow/example_dags/example_trigger_controller_dag.py took 0.052 seconds
[2024-03-14T11:01:58.929+0000] {processor.py:161} INFO - Started process (PID=701) to work on /home/airflow/.local/lib/python3.8/site-packages/airflow/example_dags/example_trigger_controller_dag.py
[2024-03-14T11:01:58.929+0000] {processor.py:830} INFO - Processing file /home/airflow/.local/lib/python3.8/site-packages/airflow/example_dags/example_trigger_controller_dag.py for tasks to queue
[2024-03-14T11:01:58.930+0000] {logging_mixin.py:188} INFO - [2024-03-14T11:01:58.930+0000] {dagbag.py:540} INFO - Filling up the DagBag from /home/airflow/.local/lib/python3.8/site-packages/airflow/example_dags/example_trigger_controller_dag.py
[2024-03-14T11:01:58.933+0000] {processor.py:840} INFO - DAG(s) 'example_trigger_controller_dag' retrieved from /home/airflow/.local/lib/python3.8/site-packages/airflow/example_dags/example_trigger_controller_dag.py
[2024-03-14T11:01:58.942+0000] {logging_mixin.py:188} INFO - [2024-03-14T11:01:58.942+0000] {dag.py:3047} INFO - Sync 1 DAGs
[2024-03-14T11:01:58.951+0000] {logging_mixin.py:188} INFO - [2024-03-14T11:01:58.951+0000] {dag.py:3834} INFO - Setting next_dagrun for example_trigger_controller_dag to 2021-01-01 00:00:00+00:00, run_after=2021-01-01 00:00:00+00:00
[2024-03-14T11:01:58.960+0000] {processor.py:183} INFO - Processing /home/airflow/.local/lib/python3.8/site-packages/airflow/example_dags/example_trigger_controller_dag.py took 0.033 seconds
[2024-03-14T11:02:29.397+0000] {processor.py:161} INFO - Started process (PID=757) to work on /home/airflow/.local/lib/python3.8/site-packages/airflow/example_dags/example_trigger_controller_dag.py
[2024-03-14T11:02:29.397+0000] {processor.py:830} INFO - Processing file /home/airflow/.local/lib/python3.8/site-packages/airflow/example_dags/example_trigger_controller_dag.py for tasks to queue
[2024-03-14T11:02:29.400+0000] {logging_mixin.py:188} INFO - [2024-03-14T11:02:29.400+0000] {dagbag.py:540} INFO - Filling up the DagBag from /home/airflow/.local/lib/python3.8/site-packages/airflow/example_dags/example_trigger_controller_dag.py
[2024-03-14T11:02:29.403+0000] {processor.py:840} INFO - DAG(s) 'example_trigger_controller_dag' retrieved from /home/airflow/.local/lib/python3.8/site-packages/airflow/example_dags/example_trigger_controller_dag.py
[2024-03-14T11:02:29.412+0000] {logging_mixin.py:188} INFO - [2024-03-14T11:02:29.412+0000] {dag.py:3047} INFO - Sync 1 DAGs
[2024-03-14T11:02:29.421+0000] {logging_mixin.py:188} INFO - [2024-03-14T11:02:29.421+0000] {dag.py:3834} INFO - Setting next_dagrun for example_trigger_controller_dag to 2021-01-01 00:00:00+00:00, run_after=2021-01-01 00:00:00+00:00
[2024-03-14T11:02:29.429+0000] {processor.py:183} INFO - Processing /home/airflow/.local/lib/python3.8/site-packages/airflow/example_dags/example_trigger_controller_dag.py took 0.034 seconds
[2024-03-14T11:03:00.010+0000] {processor.py:161} INFO - Started process (PID=812) to work on /home/airflow/.local/lib/python3.8/site-packages/airflow/example_dags/example_trigger_controller_dag.py
[2024-03-14T11:03:00.011+0000] {processor.py:830} INFO - Processing file /home/airflow/.local/lib/python3.8/site-packages/airflow/example_dags/example_trigger_controller_dag.py for tasks to queue
[2024-03-14T11:03:00.012+0000] {logging_mixin.py:188} INFO - [2024-03-14T11:03:00.012+0000] {dagbag.py:540} INFO - Filling up the DagBag from /home/airflow/.local/lib/python3.8/site-packages/airflow/example_dags/example_trigger_controller_dag.py
[2024-03-14T11:03:00.014+0000] {processor.py:840} INFO - DAG(s) 'example_trigger_controller_dag' retrieved from /home/airflow/.local/lib/python3.8/site-packages/airflow/example_dags/example_trigger_controller_dag.py
[2024-03-14T11:03:00.023+0000] {logging_mixin.py:188} INFO - [2024-03-14T11:03:00.023+0000] {dag.py:3047} INFO - Sync 1 DAGs
[2024-03-14T11:03:00.032+0000] {logging_mixin.py:188} INFO - [2024-03-14T11:03:00.032+0000] {dag.py:3834} INFO - Setting next_dagrun for example_trigger_controller_dag to 2021-01-01 00:00:00+00:00, run_after=2021-01-01 00:00:00+00:00
[2024-03-14T11:03:00.039+0000] {processor.py:183} INFO - Processing /home/airflow/.local/lib/python3.8/site-packages/airflow/example_dags/example_trigger_controller_dag.py took 0.030 seconds
[2024-03-14T11:03:30.452+0000] {processor.py:161} INFO - Started process (PID=867) to work on /home/airflow/.local/lib/python3.8/site-packages/airflow/example_dags/example_trigger_controller_dag.py
[2024-03-14T11:03:30.452+0000] {processor.py:830} INFO - Processing file /home/airflow/.local/lib/python3.8/site-packages/airflow/example_dags/example_trigger_controller_dag.py for tasks to queue
[2024-03-14T11:03:30.453+0000] {logging_mixin.py:188} INFO - [2024-03-14T11:03:30.453+0000] {dagbag.py:540} INFO - Filling up the DagBag from /home/airflow/.local/lib/python3.8/site-packages/airflow/example_dags/example_trigger_controller_dag.py
[2024-03-14T11:03:30.455+0000] {processor.py:840} INFO - DAG(s) 'example_trigger_controller_dag' retrieved from /home/airflow/.local/lib/python3.8/site-packages/airflow/example_dags/example_trigger_controller_dag.py
[2024-03-14T11:03:30.466+0000] {logging_mixin.py:188} INFO - [2024-03-14T11:03:30.465+0000] {dag.py:3047} INFO - Sync 1 DAGs
[2024-03-14T11:03:30.474+0000] {logging_mixin.py:188} INFO - [2024-03-14T11:03:30.474+0000] {dag.py:3834} INFO - Setting next_dagrun for example_trigger_controller_dag to 2021-01-01 00:00:00+00:00, run_after=2021-01-01 00:00:00+00:00
[2024-03-14T11:03:30.481+0000] {processor.py:183} INFO - Processing /home/airflow/.local/lib/python3.8/site-packages/airflow/example_dags/example_trigger_controller_dag.py took 0.031 seconds
[2024-03-14T11:04:00.853+0000] {processor.py:161} INFO - Started process (PID=922) to work on /home/airflow/.local/lib/python3.8/site-packages/airflow/example_dags/example_trigger_controller_dag.py
[2024-03-14T11:04:00.854+0000] {processor.py:830} INFO - Processing file /home/airflow/.local/lib/python3.8/site-packages/airflow/example_dags/example_trigger_controller_dag.py for tasks to queue
[2024-03-14T11:04:00.855+0000] {logging_mixin.py:188} INFO - [2024-03-14T11:04:00.855+0000] {dagbag.py:540} INFO - Filling up the DagBag from /home/airflow/.local/lib/python3.8/site-packages/airflow/example_dags/example_trigger_controller_dag.py
[2024-03-14T11:04:00.857+0000] {processor.py:840} INFO - DAG(s) 'example_trigger_controller_dag' retrieved from /home/airflow/.local/lib/python3.8/site-packages/airflow/example_dags/example_trigger_controller_dag.py
[2024-03-14T11:04:00.866+0000] {logging_mixin.py:188} INFO - [2024-03-14T11:04:00.866+0000] {dag.py:3047} INFO - Sync 1 DAGs
[2024-03-14T11:04:00.875+0000] {logging_mixin.py:188} INFO - [2024-03-14T11:04:00.875+0000] {dag.py:3834} INFO - Setting next_dagrun for example_trigger_controller_dag to 2021-01-01 00:00:00+00:00, run_after=2021-01-01 00:00:00+00:00
[2024-03-14T11:04:00.883+0000] {processor.py:183} INFO - Processing /home/airflow/.local/lib/python3.8/site-packages/airflow/example_dags/example_trigger_controller_dag.py took 0.031 seconds
[2024-03-14T11:04:31.258+0000] {processor.py:161} INFO - Started process (PID=977) to work on /home/airflow/.local/lib/python3.8/site-packages/airflow/example_dags/example_trigger_controller_dag.py
[2024-03-14T11:04:31.259+0000] {processor.py:830} INFO - Processing file /home/airflow/.local/lib/python3.8/site-packages/airflow/example_dags/example_trigger_controller_dag.py for tasks to queue
[2024-03-14T11:04:31.260+0000] {logging_mixin.py:188} INFO - [2024-03-14T11:04:31.260+0000] {dagbag.py:540} INFO - Filling up the DagBag from /home/airflow/.local/lib/python3.8/site-packages/airflow/example_dags/example_trigger_controller_dag.py
[2024-03-14T11:04:31.263+0000] {processor.py:840} INFO - DAG(s) 'example_trigger_controller_dag' retrieved from /home/airflow/.local/lib/python3.8/site-packages/airflow/example_dags/example_trigger_controller_dag.py
[2024-03-14T11:04:31.273+0000] {logging_mixin.py:188} INFO - [2024-03-14T11:04:31.273+0000] {dag.py:3047} INFO - Sync 1 DAGs
[2024-03-14T11:04:31.283+0000] {logging_mixin.py:188} INFO - [2024-03-14T11:04:31.283+0000] {dag.py:3834} INFO - Setting next_dagrun for example_trigger_controller_dag to 2021-01-01 00:00:00+00:00, run_after=2021-01-01 00:00:00+00:00
[2024-03-14T11:04:31.291+0000] {processor.py:183} INFO - Processing /home/airflow/.local/lib/python3.8/site-packages/airflow/example_dags/example_trigger_controller_dag.py took 0.034 seconds
[2024-03-14T11:05:01.679+0000] {processor.py:161} INFO - Started process (PID=1032) to work on /home/airflow/.local/lib/python3.8/site-packages/airflow/example_dags/example_trigger_controller_dag.py
[2024-03-14T11:05:01.680+0000] {processor.py:830} INFO - Processing file /home/airflow/.local/lib/python3.8/site-packages/airflow/example_dags/example_trigger_controller_dag.py for tasks to queue
[2024-03-14T11:05:01.680+0000] {logging_mixin.py:188} INFO - [2024-03-14T11:05:01.680+0000] {dagbag.py:540} INFO - Filling up the DagBag from /home/airflow/.local/lib/python3.8/site-packages/airflow/example_dags/example_trigger_controller_dag.py
[2024-03-14T11:05:01.683+0000] {processor.py:840} INFO - DAG(s) 'example_trigger_controller_dag' retrieved from /home/airflow/.local/lib/python3.8/site-packages/airflow/example_dags/example_trigger_controller_dag.py
[2024-03-14T11:05:01.692+0000] {logging_mixin.py:188} INFO - [2024-03-14T11:05:01.692+0000] {dag.py:3047} INFO - Sync 1 DAGs
[2024-03-14T11:05:01.701+0000] {logging_mixin.py:188} INFO - [2024-03-14T11:05:01.701+0000] {dag.py:3834} INFO - Setting next_dagrun for example_trigger_controller_dag to 2021-01-01 00:00:00+00:00, run_after=2021-01-01 00:00:00+00:00
[2024-03-14T11:05:01.709+0000] {processor.py:183} INFO - Processing /home/airflow/.local/lib/python3.8/site-packages/airflow/example_dags/example_trigger_controller_dag.py took 0.032 seconds
[2024-03-14T11:05:32.177+0000] {processor.py:161} INFO - Started process (PID=1087) to work on /home/airflow/.local/lib/python3.8/site-packages/airflow/example_dags/example_trigger_controller_dag.py
[2024-03-14T11:05:32.177+0000] {processor.py:830} INFO - Processing file /home/airflow/.local/lib/python3.8/site-packages/airflow/example_dags/example_trigger_controller_dag.py for tasks to queue
[2024-03-14T11:05:32.178+0000] {logging_mixin.py:188} INFO - [2024-03-14T11:05:32.178+0000] {dagbag.py:540} INFO - Filling up the DagBag from /home/airflow/.local/lib/python3.8/site-packages/airflow/example_dags/example_trigger_controller_dag.py
[2024-03-14T11:05:32.180+0000] {processor.py:840} INFO - DAG(s) 'example_trigger_controller_dag' retrieved from /home/airflow/.local/lib/python3.8/site-packages/airflow/example_dags/example_trigger_controller_dag.py
[2024-03-14T11:05:32.189+0000] {logging_mixin.py:188} INFO - [2024-03-14T11:05:32.189+0000] {dag.py:3047} INFO - Sync 1 DAGs
[2024-03-14T11:05:32.198+0000] {logging_mixin.py:188} INFO - [2024-03-14T11:05:32.198+0000] {dag.py:3834} INFO - Setting next_dagrun for example_trigger_controller_dag to 2021-01-01 00:00:00+00:00, run_after=2021-01-01 00:00:00+00:00
[2024-03-14T11:05:32.205+0000] {processor.py:183} INFO - Processing /home/airflow/.local/lib/python3.8/site-packages/airflow/example_dags/example_trigger_controller_dag.py took 0.030 seconds
[2024-03-14T11:06:02.597+0000] {processor.py:161} INFO - Started process (PID=1142) to work on /home/airflow/.local/lib/python3.8/site-packages/airflow/example_dags/example_trigger_controller_dag.py
[2024-03-14T11:06:02.598+0000] {processor.py:830} INFO - Processing file /home/airflow/.local/lib/python3.8/site-packages/airflow/example_dags/example_trigger_controller_dag.py for tasks to queue
[2024-03-14T11:06:02.599+0000] {logging_mixin.py:188} INFO - [2024-03-14T11:06:02.599+0000] {dagbag.py:540} INFO - Filling up the DagBag from /home/airflow/.local/lib/python3.8/site-packages/airflow/example_dags/example_trigger_controller_dag.py
[2024-03-14T11:06:02.601+0000] {processor.py:840} INFO - DAG(s) 'example_trigger_controller_dag' retrieved from /home/airflow/.local/lib/python3.8/site-packages/airflow/example_dags/example_trigger_controller_dag.py
[2024-03-14T11:06:02.610+0000] {logging_mixin.py:188} INFO - [2024-03-14T11:06:02.610+0000] {dag.py:3047} INFO - Sync 1 DAGs
[2024-03-14T11:06:02.619+0000] {logging_mixin.py:188} INFO - [2024-03-14T11:06:02.618+0000] {dag.py:3834} INFO - Setting next_dagrun for example_trigger_controller_dag to 2021-01-01 00:00:00+00:00, run_after=2021-01-01 00:00:00+00:00
[2024-03-14T11:06:02.626+0000] {processor.py:183} INFO - Processing /home/airflow/.local/lib/python3.8/site-packages/airflow/example_dags/example_trigger_controller_dag.py took 0.030 seconds
[2024-03-14T11:06:33.065+0000] {processor.py:161} INFO - Started process (PID=1197) to work on /home/airflow/.local/lib/python3.8/site-packages/airflow/example_dags/example_trigger_controller_dag.py
[2024-03-14T11:06:33.066+0000] {processor.py:830} INFO - Processing file /home/airflow/.local/lib/python3.8/site-packages/airflow/example_dags/example_trigger_controller_dag.py for tasks to queue
[2024-03-14T11:06:33.066+0000] {logging_mixin.py:188} INFO - [2024-03-14T11:06:33.066+0000] {dagbag.py:540} INFO - Filling up the DagBag from /home/airflow/.local/lib/python3.8/site-packages/airflow/example_dags/example_trigger_controller_dag.py
[2024-03-14T11:06:33.069+0000] {processor.py:840} INFO - DAG(s) 'example_trigger_controller_dag' retrieved from /home/airflow/.local/lib/python3.8/site-packages/airflow/example_dags/example_trigger_controller_dag.py
[2024-03-14T11:06:33.077+0000] {logging_mixin.py:188} INFO - [2024-03-14T11:06:33.077+0000] {dag.py:3047} INFO - Sync 1 DAGs
[2024-03-14T11:06:33.086+0000] {logging_mixin.py:188} INFO - [2024-03-14T11:06:33.086+0000] {dag.py:3834} INFO - Setting next_dagrun for example_trigger_controller_dag to 2021-01-01 00:00:00+00:00, run_after=2021-01-01 00:00:00+00:00
[2024-03-14T11:06:33.093+0000] {processor.py:183} INFO - Processing /home/airflow/.local/lib/python3.8/site-packages/airflow/example_dags/example_trigger_controller_dag.py took 0.030 seconds
[2024-03-14T11:07:03.440+0000] {processor.py:161} INFO - Started process (PID=1251) to work on /home/airflow/.local/lib/python3.8/site-packages/airflow/example_dags/example_trigger_controller_dag.py
[2024-03-14T11:07:03.440+0000] {processor.py:830} INFO - Processing file /home/airflow/.local/lib/python3.8/site-packages/airflow/example_dags/example_trigger_controller_dag.py for tasks to queue
[2024-03-14T11:07:03.441+0000] {logging_mixin.py:188} INFO - [2024-03-14T11:07:03.441+0000] {dagbag.py:540} INFO - Filling up the DagBag from /home/airflow/.local/lib/python3.8/site-packages/airflow/example_dags/example_trigger_controller_dag.py
[2024-03-14T11:07:03.444+0000] {processor.py:840} INFO - DAG(s) 'example_trigger_controller_dag' retrieved from /home/airflow/.local/lib/python3.8/site-packages/airflow/example_dags/example_trigger_controller_dag.py
[2024-03-14T11:07:03.452+0000] {logging_mixin.py:188} INFO - [2024-03-14T11:07:03.452+0000] {dag.py:3047} INFO - Sync 1 DAGs
[2024-03-14T11:07:03.461+0000] {logging_mixin.py:188} INFO - [2024-03-14T11:07:03.461+0000] {dag.py:3834} INFO - Setting next_dagrun for example_trigger_controller_dag to 2021-01-01 00:00:00+00:00, run_after=2021-01-01 00:00:00+00:00
[2024-03-14T11:07:03.469+0000] {processor.py:183} INFO - Processing /home/airflow/.local/lib/python3.8/site-packages/airflow/example_dags/example_trigger_controller_dag.py took 0.031 seconds
[2024-03-14T11:07:33.923+0000] {processor.py:161} INFO - Started process (PID=1306) to work on /home/airflow/.local/lib/python3.8/site-packages/airflow/example_dags/example_trigger_controller_dag.py
[2024-03-14T11:07:33.923+0000] {processor.py:830} INFO - Processing file /home/airflow/.local/lib/python3.8/site-packages/airflow/example_dags/example_trigger_controller_dag.py for tasks to queue
[2024-03-14T11:07:33.924+0000] {logging_mixin.py:188} INFO - [2024-03-14T11:07:33.924+0000] {dagbag.py:540} INFO - Filling up the DagBag from /home/airflow/.local/lib/python3.8/site-packages/airflow/example_dags/example_trigger_controller_dag.py
[2024-03-14T11:07:33.926+0000] {processor.py:840} INFO - DAG(s) 'example_trigger_controller_dag' retrieved from /home/airflow/.local/lib/python3.8/site-packages/airflow/example_dags/example_trigger_controller_dag.py
[2024-03-14T11:07:33.935+0000] {logging_mixin.py:188} INFO - [2024-03-14T11:07:33.935+0000] {dag.py:3047} INFO - Sync 1 DAGs
[2024-03-14T11:07:33.944+0000] {logging_mixin.py:188} INFO - [2024-03-14T11:07:33.944+0000] {dag.py:3834} INFO - Setting next_dagrun for example_trigger_controller_dag to 2021-01-01 00:00:00+00:00, run_after=2021-01-01 00:00:00+00:00
[2024-03-14T11:07:33.951+0000] {processor.py:183} INFO - Processing /home/airflow/.local/lib/python3.8/site-packages/airflow/example_dags/example_trigger_controller_dag.py took 0.030 seconds
[2024-03-14T11:08:04.254+0000] {processor.py:161} INFO - Started process (PID=1361) to work on /home/airflow/.local/lib/python3.8/site-packages/airflow/example_dags/example_trigger_controller_dag.py
[2024-03-14T11:08:04.255+0000] {processor.py:830} INFO - Processing file /home/airflow/.local/lib/python3.8/site-packages/airflow/example_dags/example_trigger_controller_dag.py for tasks to queue
[2024-03-14T11:08:04.256+0000] {logging_mixin.py:188} INFO - [2024-03-14T11:08:04.256+0000] {dagbag.py:540} INFO - Filling up the DagBag from /home/airflow/.local/lib/python3.8/site-packages/airflow/example_dags/example_trigger_controller_dag.py
[2024-03-14T11:08:04.258+0000] {processor.py:840} INFO - DAG(s) 'example_trigger_controller_dag' retrieved from /home/airflow/.local/lib/python3.8/site-packages/airflow/example_dags/example_trigger_controller_dag.py
[2024-03-14T11:08:04.266+0000] {logging_mixin.py:188} INFO - [2024-03-14T11:08:04.266+0000] {dag.py:3047} INFO - Sync 1 DAGs
[2024-03-14T11:08:04.275+0000] {logging_mixin.py:188} INFO - [2024-03-14T11:08:04.275+0000] {dag.py:3834} INFO - Setting next_dagrun for example_trigger_controller_dag to 2021-01-01 00:00:00+00:00, run_after=2021-01-01 00:00:00+00:00
[2024-03-14T11:08:04.282+0000] {processor.py:183} INFO - Processing /home/airflow/.local/lib/python3.8/site-packages/airflow/example_dags/example_trigger_controller_dag.py took 0.029 seconds
[2024-03-14T11:08:34.544+0000] {processor.py:161} INFO - Started process (PID=1416) to work on /home/airflow/.local/lib/python3.8/site-packages/airflow/example_dags/example_trigger_controller_dag.py
[2024-03-14T11:08:34.544+0000] {processor.py:830} INFO - Processing file /home/airflow/.local/lib/python3.8/site-packages/airflow/example_dags/example_trigger_controller_dag.py for tasks to queue
[2024-03-14T11:08:34.545+0000] {logging_mixin.py:188} INFO - [2024-03-14T11:08:34.545+0000] {dagbag.py:540} INFO - Filling up the DagBag from /home/airflow/.local/lib/python3.8/site-packages/airflow/example_dags/example_trigger_controller_dag.py
[2024-03-14T11:08:34.547+0000] {processor.py:840} INFO - DAG(s) 'example_trigger_controller_dag' retrieved from /home/airflow/.local/lib/python3.8/site-packages/airflow/example_dags/example_trigger_controller_dag.py
[2024-03-14T11:08:34.556+0000] {logging_mixin.py:188} INFO - [2024-03-14T11:08:34.556+0000] {dag.py:3047} INFO - Sync 1 DAGs
[2024-03-14T11:08:34.565+0000] {logging_mixin.py:188} INFO - [2024-03-14T11:08:34.565+0000] {dag.py:3834} INFO - Setting next_dagrun for example_trigger_controller_dag to 2021-01-01 00:00:00+00:00, run_after=2021-01-01 00:00:00+00:00
[2024-03-14T11:08:34.572+0000] {processor.py:183} INFO - Processing /home/airflow/.local/lib/python3.8/site-packages/airflow/example_dags/example_trigger_controller_dag.py took 0.030 seconds
[2024-03-14T11:09:04.874+0000] {processor.py:161} INFO - Started process (PID=1471) to work on /home/airflow/.local/lib/python3.8/site-packages/airflow/example_dags/example_trigger_controller_dag.py
[2024-03-14T11:09:04.874+0000] {processor.py:830} INFO - Processing file /home/airflow/.local/lib/python3.8/site-packages/airflow/example_dags/example_trigger_controller_dag.py for tasks to queue
[2024-03-14T11:09:04.875+0000] {logging_mixin.py:188} INFO - [2024-03-14T11:09:04.875+0000] {dagbag.py:540} INFO - Filling up the DagBag from /home/airflow/.local/lib/python3.8/site-packages/airflow/example_dags/example_trigger_controller_dag.py
[2024-03-14T11:09:04.877+0000] {processor.py:840} INFO - DAG(s) 'example_trigger_controller_dag' retrieved from /home/airflow/.local/lib/python3.8/site-packages/airflow/example_dags/example_trigger_controller_dag.py
[2024-03-14T11:09:04.886+0000] {logging_mixin.py:188} INFO - [2024-03-14T11:09:04.886+0000] {dag.py:3047} INFO - Sync 1 DAGs
[2024-03-14T11:09:04.895+0000] {logging_mixin.py:188} INFO - [2024-03-14T11:09:04.895+0000] {dag.py:3834} INFO - Setting next_dagrun for example_trigger_controller_dag to 2021-01-01 00:00:00+00:00, run_after=2021-01-01 00:00:00+00:00
[2024-03-14T11:09:04.902+0000] {processor.py:183} INFO - Processing /home/airflow/.local/lib/python3.8/site-packages/airflow/example_dags/example_trigger_controller_dag.py took 0.030 seconds
[2024-03-14T11:09:35.267+0000] {processor.py:161} INFO - Started process (PID=1526) to work on /home/airflow/.local/lib/python3.8/site-packages/airflow/example_dags/example_trigger_controller_dag.py
[2024-03-14T11:09:35.268+0000] {processor.py:830} INFO - Processing file /home/airflow/.local/lib/python3.8/site-packages/airflow/example_dags/example_trigger_controller_dag.py for tasks to queue
[2024-03-14T11:09:35.269+0000] {logging_mixin.py:188} INFO - [2024-03-14T11:09:35.269+0000] {dagbag.py:540} INFO - Filling up the DagBag from /home/airflow/.local/lib/python3.8/site-packages/airflow/example_dags/example_trigger_controller_dag.py
[2024-03-14T11:09:35.271+0000] {processor.py:840} INFO - DAG(s) 'example_trigger_controller_dag' retrieved from /home/airflow/.local/lib/python3.8/site-packages/airflow/example_dags/example_trigger_controller_dag.py
[2024-03-14T11:09:35.280+0000] {logging_mixin.py:188} INFO - [2024-03-14T11:09:35.280+0000] {dag.py:3047} INFO - Sync 1 DAGs
[2024-03-14T11:09:35.289+0000] {logging_mixin.py:188} INFO - [2024-03-14T11:09:35.288+0000] {dag.py:3834} INFO - Setting next_dagrun for example_trigger_controller_dag to 2021-01-01 00:00:00+00:00, run_after=2021-01-01 00:00:00+00:00
[2024-03-14T11:09:35.295+0000] {processor.py:183} INFO - Processing /home/airflow/.local/lib/python3.8/site-packages/airflow/example_dags/example_trigger_controller_dag.py took 0.029 seconds
[2024-03-14T11:10:05.609+0000] {processor.py:161} INFO - Started process (PID=1580) to work on /home/airflow/.local/lib/python3.8/site-packages/airflow/example_dags/example_trigger_controller_dag.py
[2024-03-14T11:10:05.609+0000] {processor.py:830} INFO - Processing file /home/airflow/.local/lib/python3.8/site-packages/airflow/example_dags/example_trigger_controller_dag.py for tasks to queue
[2024-03-14T11:10:05.610+0000] {logging_mixin.py:188} INFO - [2024-03-14T11:10:05.610+0000] {dagbag.py:540} INFO - Filling up the DagBag from /home/airflow/.local/lib/python3.8/site-packages/airflow/example_dags/example_trigger_controller_dag.py
[2024-03-14T11:10:05.612+0000] {processor.py:840} INFO - DAG(s) 'example_trigger_controller_dag' retrieved from /home/airflow/.local/lib/python3.8/site-packages/airflow/example_dags/example_trigger_controller_dag.py
[2024-03-14T11:10:05.621+0000] {logging_mixin.py:188} INFO - [2024-03-14T11:10:05.621+0000] {dag.py:3047} INFO - Sync 1 DAGs
[2024-03-14T11:10:05.630+0000] {logging_mixin.py:188} INFO - [2024-03-14T11:10:05.629+0000] {dag.py:3834} INFO - Setting next_dagrun for example_trigger_controller_dag to 2021-01-01 00:00:00+00:00, run_after=2021-01-01 00:00:00+00:00
[2024-03-14T11:10:05.637+0000] {processor.py:183} INFO - Processing /home/airflow/.local/lib/python3.8/site-packages/airflow/example_dags/example_trigger_controller_dag.py took 0.030 seconds
[2024-03-14T11:10:36.030+0000] {processor.py:161} INFO - Started process (PID=1635) to work on /home/airflow/.local/lib/python3.8/site-packages/airflow/example_dags/example_trigger_controller_dag.py
[2024-03-14T11:10:36.031+0000] {processor.py:830} INFO - Processing file /home/airflow/.local/lib/python3.8/site-packages/airflow/example_dags/example_trigger_controller_dag.py for tasks to queue
[2024-03-14T11:10:36.032+0000] {logging_mixin.py:188} INFO - [2024-03-14T11:10:36.031+0000] {dagbag.py:540} INFO - Filling up the DagBag from /home/airflow/.local/lib/python3.8/site-packages/airflow/example_dags/example_trigger_controller_dag.py
[2024-03-14T11:10:36.034+0000] {processor.py:840} INFO - DAG(s) 'example_trigger_controller_dag' retrieved from /home/airflow/.local/lib/python3.8/site-packages/airflow/example_dags/example_trigger_controller_dag.py
[2024-03-14T11:10:36.042+0000] {logging_mixin.py:188} INFO - [2024-03-14T11:10:36.042+0000] {dag.py:3047} INFO - Sync 1 DAGs
[2024-03-14T11:10:36.051+0000] {logging_mixin.py:188} INFO - [2024-03-14T11:10:36.051+0000] {dag.py:3834} INFO - Setting next_dagrun for example_trigger_controller_dag to 2021-01-01 00:00:00+00:00, run_after=2021-01-01 00:00:00+00:00
[2024-03-14T11:10:36.058+0000] {processor.py:183} INFO - Processing /home/airflow/.local/lib/python3.8/site-packages/airflow/example_dags/example_trigger_controller_dag.py took 0.029 seconds
[2024-03-14T11:11:06.465+0000] {processor.py:161} INFO - Started process (PID=1690) to work on /home/airflow/.local/lib/python3.8/site-packages/airflow/example_dags/example_trigger_controller_dag.py
[2024-03-14T11:11:06.465+0000] {processor.py:830} INFO - Processing file /home/airflow/.local/lib/python3.8/site-packages/airflow/example_dags/example_trigger_controller_dag.py for tasks to queue
[2024-03-14T11:11:06.466+0000] {logging_mixin.py:188} INFO - [2024-03-14T11:11:06.466+0000] {dagbag.py:540} INFO - Filling up the DagBag from /home/airflow/.local/lib/python3.8/site-packages/airflow/example_dags/example_trigger_controller_dag.py
[2024-03-14T11:11:06.469+0000] {processor.py:840} INFO - DAG(s) 'example_trigger_controller_dag' retrieved from /home/airflow/.local/lib/python3.8/site-packages/airflow/example_dags/example_trigger_controller_dag.py
[2024-03-14T11:11:06.477+0000] {logging_mixin.py:188} INFO - [2024-03-14T11:11:06.477+0000] {dag.py:3047} INFO - Sync 1 DAGs
[2024-03-14T11:11:06.485+0000] {logging_mixin.py:188} INFO - [2024-03-14T11:11:06.485+0000] {dag.py:3834} INFO - Setting next_dagrun for example_trigger_controller_dag to 2021-01-01 00:00:00+00:00, run_after=2021-01-01 00:00:00+00:00
[2024-03-14T11:11:06.495+0000] {processor.py:183} INFO - Processing /home/airflow/.local/lib/python3.8/site-packages/airflow/example_dags/example_trigger_controller_dag.py took 0.032 seconds
[2024-03-14T11:11:36.868+0000] {processor.py:161} INFO - Started process (PID=1744) to work on /home/airflow/.local/lib/python3.8/site-packages/airflow/example_dags/example_trigger_controller_dag.py
[2024-03-14T11:11:36.869+0000] {processor.py:830} INFO - Processing file /home/airflow/.local/lib/python3.8/site-packages/airflow/example_dags/example_trigger_controller_dag.py for tasks to queue
[2024-03-14T11:11:36.870+0000] {logging_mixin.py:188} INFO - [2024-03-14T11:11:36.870+0000] {dagbag.py:540} INFO - Filling up the DagBag from /home/airflow/.local/lib/python3.8/site-packages/airflow/example_dags/example_trigger_controller_dag.py
[2024-03-14T11:11:36.872+0000] {processor.py:840} INFO - DAG(s) 'example_trigger_controller_dag' retrieved from /home/airflow/.local/lib/python3.8/site-packages/airflow/example_dags/example_trigger_controller_dag.py
[2024-03-14T11:11:36.881+0000] {logging_mixin.py:188} INFO - [2024-03-14T11:11:36.881+0000] {dag.py:3047} INFO - Sync 1 DAGs
[2024-03-14T11:11:36.890+0000] {logging_mixin.py:188} INFO - [2024-03-14T11:11:36.890+0000] {dag.py:3834} INFO - Setting next_dagrun for example_trigger_controller_dag to 2021-01-01 00:00:00+00:00, run_after=2021-01-01 00:00:00+00:00
[2024-03-14T11:11:36.897+0000] {processor.py:183} INFO - Processing /home/airflow/.local/lib/python3.8/site-packages/airflow/example_dags/example_trigger_controller_dag.py took 0.030 seconds
[2024-03-14T11:12:07.323+0000] {processor.py:161} INFO - Started process (PID=1799) to work on /home/airflow/.local/lib/python3.8/site-packages/airflow/example_dags/example_trigger_controller_dag.py
[2024-03-14T11:12:07.324+0000] {processor.py:830} INFO - Processing file /home/airflow/.local/lib/python3.8/site-packages/airflow/example_dags/example_trigger_controller_dag.py for tasks to queue
[2024-03-14T11:12:07.325+0000] {logging_mixin.py:188} INFO - [2024-03-14T11:12:07.325+0000] {dagbag.py:540} INFO - Filling up the DagBag from /home/airflow/.local/lib/python3.8/site-packages/airflow/example_dags/example_trigger_controller_dag.py
[2024-03-14T11:12:07.327+0000] {processor.py:840} INFO - DAG(s) 'example_trigger_controller_dag' retrieved from /home/airflow/.local/lib/python3.8/site-packages/airflow/example_dags/example_trigger_controller_dag.py
[2024-03-14T11:12:07.336+0000] {logging_mixin.py:188} INFO - [2024-03-14T11:12:07.336+0000] {dag.py:3047} INFO - Sync 1 DAGs
[2024-03-14T11:12:07.345+0000] {logging_mixin.py:188} INFO - [2024-03-14T11:12:07.345+0000] {dag.py:3834} INFO - Setting next_dagrun for example_trigger_controller_dag to 2021-01-01 00:00:00+00:00, run_after=2021-01-01 00:00:00+00:00
[2024-03-14T11:12:07.352+0000] {processor.py:183} INFO - Processing /home/airflow/.local/lib/python3.8/site-packages/airflow/example_dags/example_trigger_controller_dag.py took 0.031 seconds
[2024-03-14T11:12:37.773+0000] {processor.py:161} INFO - Started process (PID=1854) to work on /home/airflow/.local/lib/python3.8/site-packages/airflow/example_dags/example_trigger_controller_dag.py
[2024-03-14T11:12:37.774+0000] {processor.py:830} INFO - Processing file /home/airflow/.local/lib/python3.8/site-packages/airflow/example_dags/example_trigger_controller_dag.py for tasks to queue
[2024-03-14T11:12:37.774+0000] {logging_mixin.py:188} INFO - [2024-03-14T11:12:37.774+0000] {dagbag.py:540} INFO - Filling up the DagBag from /home/airflow/.local/lib/python3.8/site-packages/airflow/example_dags/example_trigger_controller_dag.py
[2024-03-14T11:12:37.777+0000] {processor.py:840} INFO - DAG(s) 'example_trigger_controller_dag' retrieved from /home/airflow/.local/lib/python3.8/site-packages/airflow/example_dags/example_trigger_controller_dag.py
[2024-03-14T11:12:37.785+0000] {logging_mixin.py:188} INFO - [2024-03-14T11:12:37.785+0000] {dag.py:3047} INFO - Sync 1 DAGs
[2024-03-14T11:12:37.794+0000] {logging_mixin.py:188} INFO - [2024-03-14T11:12:37.794+0000] {dag.py:3834} INFO - Setting next_dagrun for example_trigger_controller_dag to 2021-01-01 00:00:00+00:00, run_after=2021-01-01 00:00:00+00:00
[2024-03-14T11:12:37.801+0000] {processor.py:183} INFO - Processing /home/airflow/.local/lib/python3.8/site-packages/airflow/example_dags/example_trigger_controller_dag.py took 0.030 seconds
[2024-03-14T11:13:08.148+0000] {processor.py:161} INFO - Started process (PID=1908) to work on /home/airflow/.local/lib/python3.8/site-packages/airflow/example_dags/example_trigger_controller_dag.py
[2024-03-14T11:13:08.149+0000] {processor.py:830} INFO - Processing file /home/airflow/.local/lib/python3.8/site-packages/airflow/example_dags/example_trigger_controller_dag.py for tasks to queue
[2024-03-14T11:13:08.149+0000] {logging_mixin.py:188} INFO - [2024-03-14T11:13:08.149+0000] {dagbag.py:540} INFO - Filling up the DagBag from /home/airflow/.local/lib/python3.8/site-packages/airflow/example_dags/example_trigger_controller_dag.py
[2024-03-14T11:13:08.152+0000] {processor.py:840} INFO - DAG(s) 'example_trigger_controller_dag' retrieved from /home/airflow/.local/lib/python3.8/site-packages/airflow/example_dags/example_trigger_controller_dag.py
[2024-03-14T11:13:08.161+0000] {logging_mixin.py:188} INFO - [2024-03-14T11:13:08.161+0000] {dag.py:3047} INFO - Sync 1 DAGs
[2024-03-14T11:13:08.169+0000] {logging_mixin.py:188} INFO - [2024-03-14T11:13:08.169+0000] {dag.py:3834} INFO - Setting next_dagrun for example_trigger_controller_dag to 2021-01-01 00:00:00+00:00, run_after=2021-01-01 00:00:00+00:00
[2024-03-14T11:13:08.177+0000] {processor.py:183} INFO - Processing /home/airflow/.local/lib/python3.8/site-packages/airflow/example_dags/example_trigger_controller_dag.py took 0.030 seconds
[2024-03-14T11:13:38.481+0000] {processor.py:161} INFO - Started process (PID=1963) to work on /home/airflow/.local/lib/python3.8/site-packages/airflow/example_dags/example_trigger_controller_dag.py
[2024-03-14T11:13:38.482+0000] {processor.py:830} INFO - Processing file /home/airflow/.local/lib/python3.8/site-packages/airflow/example_dags/example_trigger_controller_dag.py for tasks to queue
[2024-03-14T11:13:38.482+0000] {logging_mixin.py:188} INFO - [2024-03-14T11:13:38.482+0000] {dagbag.py:540} INFO - Filling up the DagBag from /home/airflow/.local/lib/python3.8/site-packages/airflow/example_dags/example_trigger_controller_dag.py
[2024-03-14T11:13:38.485+0000] {processor.py:840} INFO - DAG(s) 'example_trigger_controller_dag' retrieved from /home/airflow/.local/lib/python3.8/site-packages/airflow/example_dags/example_trigger_controller_dag.py
[2024-03-14T11:13:38.493+0000] {logging_mixin.py:188} INFO - [2024-03-14T11:13:38.493+0000] {dag.py:3047} INFO - Sync 1 DAGs
[2024-03-14T11:13:38.502+0000] {logging_mixin.py:188} INFO - [2024-03-14T11:13:38.502+0000] {dag.py:3834} INFO - Setting next_dagrun for example_trigger_controller_dag to 2021-01-01 00:00:00+00:00, run_after=2021-01-01 00:00:00+00:00
[2024-03-14T11:13:38.509+0000] {processor.py:183} INFO - Processing /home/airflow/.local/lib/python3.8/site-packages/airflow/example_dags/example_trigger_controller_dag.py took 0.030 seconds
[2024-03-14T11:14:08.878+0000] {processor.py:161} INFO - Started process (PID=2018) to work on /home/airflow/.local/lib/python3.8/site-packages/airflow/example_dags/example_trigger_controller_dag.py
[2024-03-14T11:14:08.879+0000] {processor.py:830} INFO - Processing file /home/airflow/.local/lib/python3.8/site-packages/airflow/example_dags/example_trigger_controller_dag.py for tasks to queue
[2024-03-14T11:14:08.880+0000] {logging_mixin.py:188} INFO - [2024-03-14T11:14:08.879+0000] {dagbag.py:540} INFO - Filling up the DagBag from /home/airflow/.local/lib/python3.8/site-packages/airflow/example_dags/example_trigger_controller_dag.py
[2024-03-14T11:14:08.882+0000] {processor.py:840} INFO - DAG(s) 'example_trigger_controller_dag' retrieved from /home/airflow/.local/lib/python3.8/site-packages/airflow/example_dags/example_trigger_controller_dag.py
[2024-03-14T11:14:08.890+0000] {logging_mixin.py:188} INFO - [2024-03-14T11:14:08.890+0000] {dag.py:3047} INFO - Sync 1 DAGs
[2024-03-14T11:14:08.899+0000] {logging_mixin.py:188} INFO - [2024-03-14T11:14:08.899+0000] {dag.py:3834} INFO - Setting next_dagrun for example_trigger_controller_dag to 2021-01-01 00:00:00+00:00, run_after=2021-01-01 00:00:00+00:00
[2024-03-14T11:14:08.906+0000] {processor.py:183} INFO - Processing /home/airflow/.local/lib/python3.8/site-packages/airflow/example_dags/example_trigger_controller_dag.py took 0.029 seconds
[2024-03-14T11:14:39.228+0000] {processor.py:161} INFO - Started process (PID=2073) to work on /home/airflow/.local/lib/python3.8/site-packages/airflow/example_dags/example_trigger_controller_dag.py
[2024-03-14T11:14:39.228+0000] {processor.py:830} INFO - Processing file /home/airflow/.local/lib/python3.8/site-packages/airflow/example_dags/example_trigger_controller_dag.py for tasks to queue
[2024-03-14T11:14:39.229+0000] {logging_mixin.py:188} INFO - [2024-03-14T11:14:39.229+0000] {dagbag.py:540} INFO - Filling up the DagBag from /home/airflow/.local/lib/python3.8/site-packages/airflow/example_dags/example_trigger_controller_dag.py
[2024-03-14T11:14:39.232+0000] {processor.py:840} INFO - DAG(s) 'example_trigger_controller_dag' retrieved from /home/airflow/.local/lib/python3.8/site-packages/airflow/example_dags/example_trigger_controller_dag.py
[2024-03-14T11:14:39.241+0000] {logging_mixin.py:188} INFO - [2024-03-14T11:14:39.241+0000] {dag.py:3047} INFO - Sync 1 DAGs
[2024-03-14T11:14:39.251+0000] {logging_mixin.py:188} INFO - [2024-03-14T11:14:39.251+0000] {dag.py:3834} INFO - Setting next_dagrun for example_trigger_controller_dag to 2021-01-01 00:00:00+00:00, run_after=2021-01-01 00:00:00+00:00
[2024-03-14T11:14:39.259+0000] {processor.py:183} INFO - Processing /home/airflow/.local/lib/python3.8/site-packages/airflow/example_dags/example_trigger_controller_dag.py took 0.033 seconds
[2024-03-14T11:15:09.630+0000] {processor.py:161} INFO - Started process (PID=2128) to work on /home/airflow/.local/lib/python3.8/site-packages/airflow/example_dags/example_trigger_controller_dag.py
[2024-03-14T11:15:09.631+0000] {processor.py:830} INFO - Processing file /home/airflow/.local/lib/python3.8/site-packages/airflow/example_dags/example_trigger_controller_dag.py for tasks to queue
[2024-03-14T11:15:09.631+0000] {logging_mixin.py:188} INFO - [2024-03-14T11:15:09.631+0000] {dagbag.py:540} INFO - Filling up the DagBag from /home/airflow/.local/lib/python3.8/site-packages/airflow/example_dags/example_trigger_controller_dag.py
[2024-03-14T11:15:09.634+0000] {processor.py:840} INFO - DAG(s) 'example_trigger_controller_dag' retrieved from /home/airflow/.local/lib/python3.8/site-packages/airflow/example_dags/example_trigger_controller_dag.py
[2024-03-14T11:15:09.642+0000] {logging_mixin.py:188} INFO - [2024-03-14T11:15:09.642+0000] {dag.py:3047} INFO - Sync 1 DAGs
[2024-03-14T11:15:09.651+0000] {logging_mixin.py:188} INFO - [2024-03-14T11:15:09.651+0000] {dag.py:3834} INFO - Setting next_dagrun for example_trigger_controller_dag to 2021-01-01 00:00:00+00:00, run_after=2021-01-01 00:00:00+00:00
[2024-03-14T11:15:09.658+0000] {processor.py:183} INFO - Processing /home/airflow/.local/lib/python3.8/site-packages/airflow/example_dags/example_trigger_controller_dag.py took 0.030 seconds
[2024-03-14T11:15:39.970+0000] {processor.py:161} INFO - Started process (PID=2183) to work on /home/airflow/.local/lib/python3.8/site-packages/airflow/example_dags/example_trigger_controller_dag.py
[2024-03-14T11:15:39.970+0000] {processor.py:830} INFO - Processing file /home/airflow/.local/lib/python3.8/site-packages/airflow/example_dags/example_trigger_controller_dag.py for tasks to queue
[2024-03-14T11:15:39.971+0000] {logging_mixin.py:188} INFO - [2024-03-14T11:15:39.971+0000] {dagbag.py:540} INFO - Filling up the DagBag from /home/airflow/.local/lib/python3.8/site-packages/airflow/example_dags/example_trigger_controller_dag.py
[2024-03-14T11:15:39.973+0000] {processor.py:840} INFO - DAG(s) 'example_trigger_controller_dag' retrieved from /home/airflow/.local/lib/python3.8/site-packages/airflow/example_dags/example_trigger_controller_dag.py
[2024-03-14T11:15:39.982+0000] {logging_mixin.py:188} INFO - [2024-03-14T11:15:39.982+0000] {dag.py:3047} INFO - Sync 1 DAGs
[2024-03-14T11:15:39.991+0000] {logging_mixin.py:188} INFO - [2024-03-14T11:15:39.991+0000] {dag.py:3834} INFO - Setting next_dagrun for example_trigger_controller_dag to 2021-01-01 00:00:00+00:00, run_after=2021-01-01 00:00:00+00:00
[2024-03-14T11:15:39.998+0000] {processor.py:183} INFO - Processing /home/airflow/.local/lib/python3.8/site-packages/airflow/example_dags/example_trigger_controller_dag.py took 0.029 seconds
[2024-03-14T11:16:10.456+0000] {processor.py:161} INFO - Started process (PID=2237) to work on /home/airflow/.local/lib/python3.8/site-packages/airflow/example_dags/example_trigger_controller_dag.py
[2024-03-14T11:16:10.456+0000] {processor.py:830} INFO - Processing file /home/airflow/.local/lib/python3.8/site-packages/airflow/example_dags/example_trigger_controller_dag.py for tasks to queue
[2024-03-14T11:16:10.457+0000] {logging_mixin.py:188} INFO - [2024-03-14T11:16:10.457+0000] {dagbag.py:540} INFO - Filling up the DagBag from /home/airflow/.local/lib/python3.8/site-packages/airflow/example_dags/example_trigger_controller_dag.py
[2024-03-14T11:16:10.459+0000] {processor.py:840} INFO - DAG(s) 'example_trigger_controller_dag' retrieved from /home/airflow/.local/lib/python3.8/site-packages/airflow/example_dags/example_trigger_controller_dag.py
[2024-03-14T11:16:10.468+0000] {logging_mixin.py:188} INFO - [2024-03-14T11:16:10.468+0000] {dag.py:3047} INFO - Sync 1 DAGs
[2024-03-14T11:16:10.477+0000] {logging_mixin.py:188} INFO - [2024-03-14T11:16:10.477+0000] {dag.py:3834} INFO - Setting next_dagrun for example_trigger_controller_dag to 2021-01-01 00:00:00+00:00, run_after=2021-01-01 00:00:00+00:00
[2024-03-14T11:16:10.485+0000] {processor.py:183} INFO - Processing /home/airflow/.local/lib/python3.8/site-packages/airflow/example_dags/example_trigger_controller_dag.py took 0.031 seconds
[2024-03-14T11:16:40.897+0000] {processor.py:161} INFO - Started process (PID=2292) to work on /home/airflow/.local/lib/python3.8/site-packages/airflow/example_dags/example_trigger_controller_dag.py
[2024-03-14T11:16:40.898+0000] {processor.py:830} INFO - Processing file /home/airflow/.local/lib/python3.8/site-packages/airflow/example_dags/example_trigger_controller_dag.py for tasks to queue
[2024-03-14T11:16:40.900+0000] {logging_mixin.py:188} INFO - [2024-03-14T11:16:40.899+0000] {dagbag.py:540} INFO - Filling up the DagBag from /home/airflow/.local/lib/python3.8/site-packages/airflow/example_dags/example_trigger_controller_dag.py
[2024-03-14T11:16:40.904+0000] {processor.py:840} INFO - DAG(s) 'example_trigger_controller_dag' retrieved from /home/airflow/.local/lib/python3.8/site-packages/airflow/example_dags/example_trigger_controller_dag.py
[2024-03-14T11:16:40.914+0000] {logging_mixin.py:188} INFO - [2024-03-14T11:16:40.914+0000] {dag.py:3047} INFO - Sync 1 DAGs
[2024-03-14T11:16:40.923+0000] {logging_mixin.py:188} INFO - [2024-03-14T11:16:40.922+0000] {dag.py:3834} INFO - Setting next_dagrun for example_trigger_controller_dag to 2021-01-01 00:00:00+00:00, run_after=2021-01-01 00:00:00+00:00
[2024-03-14T11:16:40.929+0000] {processor.py:183} INFO - Processing /home/airflow/.local/lib/python3.8/site-packages/airflow/example_dags/example_trigger_controller_dag.py took 0.036 seconds
[2024-03-14T11:17:11.314+0000] {processor.py:161} INFO - Started process (PID=2347) to work on /home/airflow/.local/lib/python3.8/site-packages/airflow/example_dags/example_trigger_controller_dag.py
[2024-03-14T11:17:11.315+0000] {processor.py:830} INFO - Processing file /home/airflow/.local/lib/python3.8/site-packages/airflow/example_dags/example_trigger_controller_dag.py for tasks to queue
[2024-03-14T11:17:11.316+0000] {logging_mixin.py:188} INFO - [2024-03-14T11:17:11.316+0000] {dagbag.py:540} INFO - Filling up the DagBag from /home/airflow/.local/lib/python3.8/site-packages/airflow/example_dags/example_trigger_controller_dag.py
[2024-03-14T11:17:11.319+0000] {processor.py:840} INFO - DAG(s) 'example_trigger_controller_dag' retrieved from /home/airflow/.local/lib/python3.8/site-packages/airflow/example_dags/example_trigger_controller_dag.py
[2024-03-14T11:17:11.329+0000] {logging_mixin.py:188} INFO - [2024-03-14T11:17:11.329+0000] {dag.py:3047} INFO - Sync 1 DAGs
[2024-03-14T11:17:11.339+0000] {logging_mixin.py:188} INFO - [2024-03-14T11:17:11.339+0000] {dag.py:3834} INFO - Setting next_dagrun for example_trigger_controller_dag to 2021-01-01 00:00:00+00:00, run_after=2021-01-01 00:00:00+00:00
[2024-03-14T11:17:11.347+0000] {processor.py:183} INFO - Processing /home/airflow/.local/lib/python3.8/site-packages/airflow/example_dags/example_trigger_controller_dag.py took 0.035 seconds
[2024-03-14T11:17:41.811+0000] {processor.py:161} INFO - Started process (PID=2402) to work on /home/airflow/.local/lib/python3.8/site-packages/airflow/example_dags/example_trigger_controller_dag.py
[2024-03-14T11:17:41.812+0000] {processor.py:830} INFO - Processing file /home/airflow/.local/lib/python3.8/site-packages/airflow/example_dags/example_trigger_controller_dag.py for tasks to queue
[2024-03-14T11:17:41.813+0000] {logging_mixin.py:188} INFO - [2024-03-14T11:17:41.813+0000] {dagbag.py:540} INFO - Filling up the DagBag from /home/airflow/.local/lib/python3.8/site-packages/airflow/example_dags/example_trigger_controller_dag.py
[2024-03-14T11:17:41.815+0000] {processor.py:840} INFO - DAG(s) 'example_trigger_controller_dag' retrieved from /home/airflow/.local/lib/python3.8/site-packages/airflow/example_dags/example_trigger_controller_dag.py
[2024-03-14T11:17:41.823+0000] {logging_mixin.py:188} INFO - [2024-03-14T11:17:41.823+0000] {dag.py:3047} INFO - Sync 1 DAGs
[2024-03-14T11:17:41.832+0000] {logging_mixin.py:188} INFO - [2024-03-14T11:17:41.832+0000] {dag.py:3834} INFO - Setting next_dagrun for example_trigger_controller_dag to 2021-01-01 00:00:00+00:00, run_after=2021-01-01 00:00:00+00:00
[2024-03-14T11:17:41.839+0000] {processor.py:183} INFO - Processing /home/airflow/.local/lib/python3.8/site-packages/airflow/example_dags/example_trigger_controller_dag.py took 0.029 seconds
[2024-03-14T11:18:12.291+0000] {processor.py:161} INFO - Started process (PID=2456) to work on /home/airflow/.local/lib/python3.8/site-packages/airflow/example_dags/example_trigger_controller_dag.py
[2024-03-14T11:18:12.291+0000] {processor.py:830} INFO - Processing file /home/airflow/.local/lib/python3.8/site-packages/airflow/example_dags/example_trigger_controller_dag.py for tasks to queue
[2024-03-14T11:18:12.292+0000] {logging_mixin.py:188} INFO - [2024-03-14T11:18:12.292+0000] {dagbag.py:540} INFO - Filling up the DagBag from /home/airflow/.local/lib/python3.8/site-packages/airflow/example_dags/example_trigger_controller_dag.py
[2024-03-14T11:18:12.294+0000] {processor.py:840} INFO - DAG(s) 'example_trigger_controller_dag' retrieved from /home/airflow/.local/lib/python3.8/site-packages/airflow/example_dags/example_trigger_controller_dag.py
[2024-03-14T11:18:12.304+0000] {logging_mixin.py:188} INFO - [2024-03-14T11:18:12.304+0000] {dag.py:3047} INFO - Sync 1 DAGs
[2024-03-14T11:18:12.314+0000] {logging_mixin.py:188} INFO - [2024-03-14T11:18:12.314+0000] {dag.py:3834} INFO - Setting next_dagrun for example_trigger_controller_dag to 2021-01-01 00:00:00+00:00, run_after=2021-01-01 00:00:00+00:00
[2024-03-14T11:18:12.322+0000] {processor.py:183} INFO - Processing /home/airflow/.local/lib/python3.8/site-packages/airflow/example_dags/example_trigger_controller_dag.py took 0.033 seconds
[2024-03-14T11:18:42.711+0000] {processor.py:161} INFO - Started process (PID=2511) to work on /home/airflow/.local/lib/python3.8/site-packages/airflow/example_dags/example_trigger_controller_dag.py
[2024-03-14T11:18:42.712+0000] {processor.py:830} INFO - Processing file /home/airflow/.local/lib/python3.8/site-packages/airflow/example_dags/example_trigger_controller_dag.py for tasks to queue
[2024-03-14T11:18:42.712+0000] {logging_mixin.py:188} INFO - [2024-03-14T11:18:42.712+0000] {dagbag.py:540} INFO - Filling up the DagBag from /home/airflow/.local/lib/python3.8/site-packages/airflow/example_dags/example_trigger_controller_dag.py
[2024-03-14T11:18:42.715+0000] {processor.py:840} INFO - DAG(s) 'example_trigger_controller_dag' retrieved from /home/airflow/.local/lib/python3.8/site-packages/airflow/example_dags/example_trigger_controller_dag.py
[2024-03-14T11:18:42.726+0000] {logging_mixin.py:188} INFO - [2024-03-14T11:18:42.725+0000] {dag.py:3047} INFO - Sync 1 DAGs
[2024-03-14T11:18:42.736+0000] {logging_mixin.py:188} INFO - [2024-03-14T11:18:42.736+0000] {dag.py:3834} INFO - Setting next_dagrun for example_trigger_controller_dag to 2021-01-01 00:00:00+00:00, run_after=2021-01-01 00:00:00+00:00
[2024-03-14T11:18:42.744+0000] {processor.py:183} INFO - Processing /home/airflow/.local/lib/python3.8/site-packages/airflow/example_dags/example_trigger_controller_dag.py took 0.035 seconds
[2024-03-14T11:19:13.130+0000] {processor.py:161} INFO - Started process (PID=2566) to work on /home/airflow/.local/lib/python3.8/site-packages/airflow/example_dags/example_trigger_controller_dag.py
[2024-03-14T11:19:13.131+0000] {processor.py:830} INFO - Processing file /home/airflow/.local/lib/python3.8/site-packages/airflow/example_dags/example_trigger_controller_dag.py for tasks to queue
[2024-03-14T11:19:13.131+0000] {logging_mixin.py:188} INFO - [2024-03-14T11:19:13.131+0000] {dagbag.py:540} INFO - Filling up the DagBag from /home/airflow/.local/lib/python3.8/site-packages/airflow/example_dags/example_trigger_controller_dag.py
[2024-03-14T11:19:13.134+0000] {processor.py:840} INFO - DAG(s) 'example_trigger_controller_dag' retrieved from /home/airflow/.local/lib/python3.8/site-packages/airflow/example_dags/example_trigger_controller_dag.py
[2024-03-14T11:19:13.142+0000] {logging_mixin.py:188} INFO - [2024-03-14T11:19:13.142+0000] {dag.py:3047} INFO - Sync 1 DAGs
[2024-03-14T11:19:13.151+0000] {logging_mixin.py:188} INFO - [2024-03-14T11:19:13.151+0000] {dag.py:3834} INFO - Setting next_dagrun for example_trigger_controller_dag to 2021-01-01 00:00:00+00:00, run_after=2021-01-01 00:00:00+00:00
[2024-03-14T11:19:13.158+0000] {processor.py:183} INFO - Processing /home/airflow/.local/lib/python3.8/site-packages/airflow/example_dags/example_trigger_controller_dag.py took 0.030 seconds
[2024-03-14T11:19:43.551+0000] {processor.py:161} INFO - Started process (PID=2621) to work on /home/airflow/.local/lib/python3.8/site-packages/airflow/example_dags/example_trigger_controller_dag.py
[2024-03-14T11:19:43.552+0000] {processor.py:830} INFO - Processing file /home/airflow/.local/lib/python3.8/site-packages/airflow/example_dags/example_trigger_controller_dag.py for tasks to queue
[2024-03-14T11:19:43.552+0000] {logging_mixin.py:188} INFO - [2024-03-14T11:19:43.552+0000] {dagbag.py:540} INFO - Filling up the DagBag from /home/airflow/.local/lib/python3.8/site-packages/airflow/example_dags/example_trigger_controller_dag.py
[2024-03-14T11:19:43.555+0000] {processor.py:840} INFO - DAG(s) 'example_trigger_controller_dag' retrieved from /home/airflow/.local/lib/python3.8/site-packages/airflow/example_dags/example_trigger_controller_dag.py
[2024-03-14T11:19:43.563+0000] {logging_mixin.py:188} INFO - [2024-03-14T11:19:43.563+0000] {dag.py:3047} INFO - Sync 1 DAGs
[2024-03-14T11:19:43.572+0000] {logging_mixin.py:188} INFO - [2024-03-14T11:19:43.571+0000] {dag.py:3834} INFO - Setting next_dagrun for example_trigger_controller_dag to 2021-01-01 00:00:00+00:00, run_after=2021-01-01 00:00:00+00:00
[2024-03-14T11:19:43.579+0000] {processor.py:183} INFO - Processing /home/airflow/.local/lib/python3.8/site-packages/airflow/example_dags/example_trigger_controller_dag.py took 0.029 seconds
[2024-03-14T11:20:13.949+0000] {processor.py:161} INFO - Started process (PID=2676) to work on /home/airflow/.local/lib/python3.8/site-packages/airflow/example_dags/example_trigger_controller_dag.py
[2024-03-14T11:20:13.950+0000] {processor.py:830} INFO - Processing file /home/airflow/.local/lib/python3.8/site-packages/airflow/example_dags/example_trigger_controller_dag.py for tasks to queue
[2024-03-14T11:20:13.951+0000] {logging_mixin.py:188} INFO - [2024-03-14T11:20:13.951+0000] {dagbag.py:540} INFO - Filling up the DagBag from /home/airflow/.local/lib/python3.8/site-packages/airflow/example_dags/example_trigger_controller_dag.py
[2024-03-14T11:20:13.953+0000] {processor.py:840} INFO - DAG(s) 'example_trigger_controller_dag' retrieved from /home/airflow/.local/lib/python3.8/site-packages/airflow/example_dags/example_trigger_controller_dag.py
[2024-03-14T11:20:13.966+0000] {logging_mixin.py:188} INFO - [2024-03-14T11:20:13.966+0000] {dag.py:3047} INFO - Sync 1 DAGs
[2024-03-14T11:20:13.974+0000] {logging_mixin.py:188} INFO - [2024-03-14T11:20:13.974+0000] {dag.py:3834} INFO - Setting next_dagrun for example_trigger_controller_dag to 2021-01-01 00:00:00+00:00, run_after=2021-01-01 00:00:00+00:00
[2024-03-14T11:20:13.981+0000] {processor.py:183} INFO - Processing /home/airflow/.local/lib/python3.8/site-packages/airflow/example_dags/example_trigger_controller_dag.py took 0.034 seconds
[2024-03-14T11:20:44.385+0000] {processor.py:161} INFO - Started process (PID=2731) to work on /home/airflow/.local/lib/python3.8/site-packages/airflow/example_dags/example_trigger_controller_dag.py
[2024-03-14T11:20:44.386+0000] {processor.py:830} INFO - Processing file /home/airflow/.local/lib/python3.8/site-packages/airflow/example_dags/example_trigger_controller_dag.py for tasks to queue
[2024-03-14T11:20:44.387+0000] {logging_mixin.py:188} INFO - [2024-03-14T11:20:44.387+0000] {dagbag.py:540} INFO - Filling up the DagBag from /home/airflow/.local/lib/python3.8/site-packages/airflow/example_dags/example_trigger_controller_dag.py
[2024-03-14T11:20:44.390+0000] {processor.py:840} INFO - DAG(s) 'example_trigger_controller_dag' retrieved from /home/airflow/.local/lib/python3.8/site-packages/airflow/example_dags/example_trigger_controller_dag.py
[2024-03-14T11:20:44.400+0000] {logging_mixin.py:188} INFO - [2024-03-14T11:20:44.400+0000] {dag.py:3047} INFO - Sync 1 DAGs
[2024-03-14T11:20:44.411+0000] {logging_mixin.py:188} INFO - [2024-03-14T11:20:44.411+0000] {dag.py:3834} INFO - Setting next_dagrun for example_trigger_controller_dag to 2021-01-01 00:00:00+00:00, run_after=2021-01-01 00:00:00+00:00
[2024-03-14T11:20:44.418+0000] {processor.py:183} INFO - Processing /home/airflow/.local/lib/python3.8/site-packages/airflow/example_dags/example_trigger_controller_dag.py took 0.035 seconds
[2024-03-14T11:21:14.899+0000] {processor.py:161} INFO - Started process (PID=2786) to work on /home/airflow/.local/lib/python3.8/site-packages/airflow/example_dags/example_trigger_controller_dag.py
[2024-03-14T11:21:14.899+0000] {processor.py:830} INFO - Processing file /home/airflow/.local/lib/python3.8/site-packages/airflow/example_dags/example_trigger_controller_dag.py for tasks to queue
[2024-03-14T11:21:14.900+0000] {logging_mixin.py:188} INFO - [2024-03-14T11:21:14.900+0000] {dagbag.py:540} INFO - Filling up the DagBag from /home/airflow/.local/lib/python3.8/site-packages/airflow/example_dags/example_trigger_controller_dag.py
[2024-03-14T11:21:14.903+0000] {processor.py:840} INFO - DAG(s) 'example_trigger_controller_dag' retrieved from /home/airflow/.local/lib/python3.8/site-packages/airflow/example_dags/example_trigger_controller_dag.py
[2024-03-14T11:21:14.912+0000] {logging_mixin.py:188} INFO - [2024-03-14T11:21:14.912+0000] {dag.py:3047} INFO - Sync 1 DAGs
[2024-03-14T11:21:14.921+0000] {logging_mixin.py:188} INFO - [2024-03-14T11:21:14.921+0000] {dag.py:3834} INFO - Setting next_dagrun for example_trigger_controller_dag to 2021-01-01 00:00:00+00:00, run_after=2021-01-01 00:00:00+00:00
[2024-03-14T11:21:14.928+0000] {processor.py:183} INFO - Processing /home/airflow/.local/lib/python3.8/site-packages/airflow/example_dags/example_trigger_controller_dag.py took 0.033 seconds
[2024-03-14T11:21:45.364+0000] {processor.py:161} INFO - Started process (PID=2841) to work on /home/airflow/.local/lib/python3.8/site-packages/airflow/example_dags/example_trigger_controller_dag.py
[2024-03-14T11:21:45.365+0000] {processor.py:830} INFO - Processing file /home/airflow/.local/lib/python3.8/site-packages/airflow/example_dags/example_trigger_controller_dag.py for tasks to queue
[2024-03-14T11:21:45.366+0000] {logging_mixin.py:188} INFO - [2024-03-14T11:21:45.366+0000] {dagbag.py:540} INFO - Filling up the DagBag from /home/airflow/.local/lib/python3.8/site-packages/airflow/example_dags/example_trigger_controller_dag.py
[2024-03-14T11:21:45.368+0000] {processor.py:840} INFO - DAG(s) 'example_trigger_controller_dag' retrieved from /home/airflow/.local/lib/python3.8/site-packages/airflow/example_dags/example_trigger_controller_dag.py
[2024-03-14T11:21:45.377+0000] {logging_mixin.py:188} INFO - [2024-03-14T11:21:45.377+0000] {dag.py:3047} INFO - Sync 1 DAGs
[2024-03-14T11:21:45.386+0000] {logging_mixin.py:188} INFO - [2024-03-14T11:21:45.386+0000] {dag.py:3834} INFO - Setting next_dagrun for example_trigger_controller_dag to 2021-01-01 00:00:00+00:00, run_after=2021-01-01 00:00:00+00:00
[2024-03-14T11:21:45.393+0000] {processor.py:183} INFO - Processing /home/airflow/.local/lib/python3.8/site-packages/airflow/example_dags/example_trigger_controller_dag.py took 0.031 seconds
[2024-03-14T11:22:15.827+0000] {processor.py:161} INFO - Started process (PID=2896) to work on /home/airflow/.local/lib/python3.8/site-packages/airflow/example_dags/example_trigger_controller_dag.py
[2024-03-14T11:22:15.827+0000] {processor.py:830} INFO - Processing file /home/airflow/.local/lib/python3.8/site-packages/airflow/example_dags/example_trigger_controller_dag.py for tasks to queue
[2024-03-14T11:22:15.828+0000] {logging_mixin.py:188} INFO - [2024-03-14T11:22:15.828+0000] {dagbag.py:540} INFO - Filling up the DagBag from /home/airflow/.local/lib/python3.8/site-packages/airflow/example_dags/example_trigger_controller_dag.py
[2024-03-14T11:22:15.831+0000] {processor.py:840} INFO - DAG(s) 'example_trigger_controller_dag' retrieved from /home/airflow/.local/lib/python3.8/site-packages/airflow/example_dags/example_trigger_controller_dag.py
[2024-03-14T11:22:15.839+0000] {logging_mixin.py:188} INFO - [2024-03-14T11:22:15.839+0000] {dag.py:3047} INFO - Sync 1 DAGs
[2024-03-14T11:22:15.848+0000] {logging_mixin.py:188} INFO - [2024-03-14T11:22:15.848+0000] {dag.py:3834} INFO - Setting next_dagrun for example_trigger_controller_dag to 2021-01-01 00:00:00+00:00, run_after=2021-01-01 00:00:00+00:00
[2024-03-14T11:22:15.855+0000] {processor.py:183} INFO - Processing /home/airflow/.local/lib/python3.8/site-packages/airflow/example_dags/example_trigger_controller_dag.py took 0.030 seconds
[2024-03-14T11:22:46.376+0000] {processor.py:161} INFO - Started process (PID=2951) to work on /home/airflow/.local/lib/python3.8/site-packages/airflow/example_dags/example_trigger_controller_dag.py
[2024-03-14T11:22:46.377+0000] {processor.py:830} INFO - Processing file /home/airflow/.local/lib/python3.8/site-packages/airflow/example_dags/example_trigger_controller_dag.py for tasks to queue
[2024-03-14T11:22:46.378+0000] {logging_mixin.py:188} INFO - [2024-03-14T11:22:46.378+0000] {dagbag.py:540} INFO - Filling up the DagBag from /home/airflow/.local/lib/python3.8/site-packages/airflow/example_dags/example_trigger_controller_dag.py
[2024-03-14T11:22:46.380+0000] {processor.py:840} INFO - DAG(s) 'example_trigger_controller_dag' retrieved from /home/airflow/.local/lib/python3.8/site-packages/airflow/example_dags/example_trigger_controller_dag.py
[2024-03-14T11:22:46.389+0000] {logging_mixin.py:188} INFO - [2024-03-14T11:22:46.389+0000] {dag.py:3047} INFO - Sync 1 DAGs
[2024-03-14T11:22:46.398+0000] {logging_mixin.py:188} INFO - [2024-03-14T11:22:46.398+0000] {dag.py:3834} INFO - Setting next_dagrun for example_trigger_controller_dag to 2021-01-01 00:00:00+00:00, run_after=2021-01-01 00:00:00+00:00
[2024-03-14T11:22:46.405+0000] {processor.py:183} INFO - Processing /home/airflow/.local/lib/python3.8/site-packages/airflow/example_dags/example_trigger_controller_dag.py took 0.030 seconds
[2024-03-14T11:23:16.757+0000] {processor.py:161} INFO - Started process (PID=3006) to work on /home/airflow/.local/lib/python3.8/site-packages/airflow/example_dags/example_trigger_controller_dag.py
[2024-03-14T11:23:16.758+0000] {processor.py:830} INFO - Processing file /home/airflow/.local/lib/python3.8/site-packages/airflow/example_dags/example_trigger_controller_dag.py for tasks to queue
[2024-03-14T11:23:16.759+0000] {logging_mixin.py:188} INFO - [2024-03-14T11:23:16.759+0000] {dagbag.py:540} INFO - Filling up the DagBag from /home/airflow/.local/lib/python3.8/site-packages/airflow/example_dags/example_trigger_controller_dag.py
[2024-03-14T11:23:16.761+0000] {processor.py:840} INFO - DAG(s) 'example_trigger_controller_dag' retrieved from /home/airflow/.local/lib/python3.8/site-packages/airflow/example_dags/example_trigger_controller_dag.py
[2024-03-14T11:23:16.774+0000] {logging_mixin.py:188} INFO - [2024-03-14T11:23:16.774+0000] {dag.py:3047} INFO - Sync 1 DAGs
[2024-03-14T11:23:16.782+0000] {logging_mixin.py:188} INFO - [2024-03-14T11:23:16.782+0000] {dag.py:3834} INFO - Setting next_dagrun for example_trigger_controller_dag to 2021-01-01 00:00:00+00:00, run_after=2021-01-01 00:00:00+00:00
[2024-03-14T11:23:16.789+0000] {processor.py:183} INFO - Processing /home/airflow/.local/lib/python3.8/site-packages/airflow/example_dags/example_trigger_controller_dag.py took 0.034 seconds
[2024-03-14T11:23:47.220+0000] {processor.py:161} INFO - Started process (PID=3061) to work on /home/airflow/.local/lib/python3.8/site-packages/airflow/example_dags/example_trigger_controller_dag.py
[2024-03-14T11:23:47.221+0000] {processor.py:830} INFO - Processing file /home/airflow/.local/lib/python3.8/site-packages/airflow/example_dags/example_trigger_controller_dag.py for tasks to queue
[2024-03-14T11:23:47.222+0000] {logging_mixin.py:188} INFO - [2024-03-14T11:23:47.222+0000] {dagbag.py:540} INFO - Filling up the DagBag from /home/airflow/.local/lib/python3.8/site-packages/airflow/example_dags/example_trigger_controller_dag.py
[2024-03-14T11:23:47.225+0000] {processor.py:840} INFO - DAG(s) 'example_trigger_controller_dag' retrieved from /home/airflow/.local/lib/python3.8/site-packages/airflow/example_dags/example_trigger_controller_dag.py
[2024-03-14T11:23:47.235+0000] {logging_mixin.py:188} INFO - [2024-03-14T11:23:47.235+0000] {dag.py:3047} INFO - Sync 1 DAGs
[2024-03-14T11:23:47.245+0000] {logging_mixin.py:188} INFO - [2024-03-14T11:23:47.245+0000] {dag.py:3834} INFO - Setting next_dagrun for example_trigger_controller_dag to 2021-01-01 00:00:00+00:00, run_after=2021-01-01 00:00:00+00:00
[2024-03-14T11:23:47.253+0000] {processor.py:183} INFO - Processing /home/airflow/.local/lib/python3.8/site-packages/airflow/example_dags/example_trigger_controller_dag.py took 0.034 seconds
[2024-03-14T11:24:17.599+0000] {processor.py:161} INFO - Started process (PID=3116) to work on /home/airflow/.local/lib/python3.8/site-packages/airflow/example_dags/example_trigger_controller_dag.py
[2024-03-14T11:24:17.599+0000] {processor.py:830} INFO - Processing file /home/airflow/.local/lib/python3.8/site-packages/airflow/example_dags/example_trigger_controller_dag.py for tasks to queue
[2024-03-14T11:24:17.600+0000] {logging_mixin.py:188} INFO - [2024-03-14T11:24:17.600+0000] {dagbag.py:540} INFO - Filling up the DagBag from /home/airflow/.local/lib/python3.8/site-packages/airflow/example_dags/example_trigger_controller_dag.py
[2024-03-14T11:24:17.602+0000] {processor.py:840} INFO - DAG(s) 'example_trigger_controller_dag' retrieved from /home/airflow/.local/lib/python3.8/site-packages/airflow/example_dags/example_trigger_controller_dag.py
[2024-03-14T11:24:17.611+0000] {logging_mixin.py:188} INFO - [2024-03-14T11:24:17.611+0000] {dag.py:3047} INFO - Sync 1 DAGs
[2024-03-14T11:24:17.620+0000] {logging_mixin.py:188} INFO - [2024-03-14T11:24:17.619+0000] {dag.py:3834} INFO - Setting next_dagrun for example_trigger_controller_dag to 2021-01-01 00:00:00+00:00, run_after=2021-01-01 00:00:00+00:00
[2024-03-14T11:24:17.627+0000] {processor.py:183} INFO - Processing /home/airflow/.local/lib/python3.8/site-packages/airflow/example_dags/example_trigger_controller_dag.py took 0.030 seconds
[2024-03-14T11:24:47.944+0000] {processor.py:161} INFO - Started process (PID=3171) to work on /home/airflow/.local/lib/python3.8/site-packages/airflow/example_dags/example_trigger_controller_dag.py
[2024-03-14T11:24:47.945+0000] {processor.py:830} INFO - Processing file /home/airflow/.local/lib/python3.8/site-packages/airflow/example_dags/example_trigger_controller_dag.py for tasks to queue
[2024-03-14T11:24:47.946+0000] {logging_mixin.py:188} INFO - [2024-03-14T11:24:47.945+0000] {dagbag.py:540} INFO - Filling up the DagBag from /home/airflow/.local/lib/python3.8/site-packages/airflow/example_dags/example_trigger_controller_dag.py
[2024-03-14T11:24:47.948+0000] {processor.py:840} INFO - DAG(s) 'example_trigger_controller_dag' retrieved from /home/airflow/.local/lib/python3.8/site-packages/airflow/example_dags/example_trigger_controller_dag.py
[2024-03-14T11:24:47.956+0000] {logging_mixin.py:188} INFO - [2024-03-14T11:24:47.956+0000] {dag.py:3047} INFO - Sync 1 DAGs
[2024-03-14T11:24:47.966+0000] {logging_mixin.py:188} INFO - [2024-03-14T11:24:47.965+0000] {dag.py:3834} INFO - Setting next_dagrun for example_trigger_controller_dag to 2021-01-01 00:00:00+00:00, run_after=2021-01-01 00:00:00+00:00
[2024-03-14T11:24:47.973+0000] {processor.py:183} INFO - Processing /home/airflow/.local/lib/python3.8/site-packages/airflow/example_dags/example_trigger_controller_dag.py took 0.030 seconds
[2024-03-14T11:25:18.379+0000] {processor.py:161} INFO - Started process (PID=3226) to work on /home/airflow/.local/lib/python3.8/site-packages/airflow/example_dags/example_trigger_controller_dag.py
[2024-03-14T11:25:18.380+0000] {processor.py:830} INFO - Processing file /home/airflow/.local/lib/python3.8/site-packages/airflow/example_dags/example_trigger_controller_dag.py for tasks to queue
[2024-03-14T11:25:18.381+0000] {logging_mixin.py:188} INFO - [2024-03-14T11:25:18.381+0000] {dagbag.py:540} INFO - Filling up the DagBag from /home/airflow/.local/lib/python3.8/site-packages/airflow/example_dags/example_trigger_controller_dag.py
[2024-03-14T11:25:18.385+0000] {processor.py:840} INFO - DAG(s) 'example_trigger_controller_dag' retrieved from /home/airflow/.local/lib/python3.8/site-packages/airflow/example_dags/example_trigger_controller_dag.py
[2024-03-14T11:25:18.396+0000] {logging_mixin.py:188} INFO - [2024-03-14T11:25:18.396+0000] {dag.py:3047} INFO - Sync 1 DAGs
[2024-03-14T11:25:18.404+0000] {logging_mixin.py:188} INFO - [2024-03-14T11:25:18.404+0000] {dag.py:3834} INFO - Setting next_dagrun for example_trigger_controller_dag to 2021-01-01 00:00:00+00:00, run_after=2021-01-01 00:00:00+00:00
[2024-03-14T11:25:18.411+0000] {processor.py:183} INFO - Processing /home/airflow/.local/lib/python3.8/site-packages/airflow/example_dags/example_trigger_controller_dag.py took 0.034 seconds
[2024-03-14T11:25:48.824+0000] {processor.py:161} INFO - Started process (PID=3281) to work on /home/airflow/.local/lib/python3.8/site-packages/airflow/example_dags/example_trigger_controller_dag.py
[2024-03-14T11:25:48.825+0000] {processor.py:830} INFO - Processing file /home/airflow/.local/lib/python3.8/site-packages/airflow/example_dags/example_trigger_controller_dag.py for tasks to queue
[2024-03-14T11:25:48.826+0000] {logging_mixin.py:188} INFO - [2024-03-14T11:25:48.826+0000] {dagbag.py:540} INFO - Filling up the DagBag from /home/airflow/.local/lib/python3.8/site-packages/airflow/example_dags/example_trigger_controller_dag.py
[2024-03-14T11:25:48.828+0000] {processor.py:840} INFO - DAG(s) 'example_trigger_controller_dag' retrieved from /home/airflow/.local/lib/python3.8/site-packages/airflow/example_dags/example_trigger_controller_dag.py
[2024-03-14T11:25:48.836+0000] {logging_mixin.py:188} INFO - [2024-03-14T11:25:48.836+0000] {dag.py:3047} INFO - Sync 1 DAGs
[2024-03-14T11:25:48.844+0000] {logging_mixin.py:188} INFO - [2024-03-14T11:25:48.844+0000] {dag.py:3834} INFO - Setting next_dagrun for example_trigger_controller_dag to 2021-01-01 00:00:00+00:00, run_after=2021-01-01 00:00:00+00:00
[2024-03-14T11:25:48.852+0000] {processor.py:183} INFO - Processing /home/airflow/.local/lib/python3.8/site-packages/airflow/example_dags/example_trigger_controller_dag.py took 0.029 seconds
[2024-03-14T11:26:19.354+0000] {processor.py:161} INFO - Started process (PID=3336) to work on /home/airflow/.local/lib/python3.8/site-packages/airflow/example_dags/example_trigger_controller_dag.py
[2024-03-14T11:26:19.355+0000] {processor.py:830} INFO - Processing file /home/airflow/.local/lib/python3.8/site-packages/airflow/example_dags/example_trigger_controller_dag.py for tasks to queue
[2024-03-14T11:26:19.356+0000] {logging_mixin.py:188} INFO - [2024-03-14T11:26:19.356+0000] {dagbag.py:540} INFO - Filling up the DagBag from /home/airflow/.local/lib/python3.8/site-packages/airflow/example_dags/example_trigger_controller_dag.py
[2024-03-14T11:26:19.358+0000] {processor.py:840} INFO - DAG(s) 'example_trigger_controller_dag' retrieved from /home/airflow/.local/lib/python3.8/site-packages/airflow/example_dags/example_trigger_controller_dag.py
[2024-03-14T11:26:19.367+0000] {logging_mixin.py:188} INFO - [2024-03-14T11:26:19.366+0000] {dag.py:3047} INFO - Sync 1 DAGs
[2024-03-14T11:26:19.375+0000] {logging_mixin.py:188} INFO - [2024-03-14T11:26:19.375+0000] {dag.py:3834} INFO - Setting next_dagrun for example_trigger_controller_dag to 2021-01-01 00:00:00+00:00, run_after=2021-01-01 00:00:00+00:00
[2024-03-14T11:26:19.382+0000] {processor.py:183} INFO - Processing /home/airflow/.local/lib/python3.8/site-packages/airflow/example_dags/example_trigger_controller_dag.py took 0.029 seconds
[2024-03-14T11:26:49.778+0000] {processor.py:161} INFO - Started process (PID=3391) to work on /home/airflow/.local/lib/python3.8/site-packages/airflow/example_dags/example_trigger_controller_dag.py
[2024-03-14T11:26:49.779+0000] {processor.py:830} INFO - Processing file /home/airflow/.local/lib/python3.8/site-packages/airflow/example_dags/example_trigger_controller_dag.py for tasks to queue
[2024-03-14T11:26:49.779+0000] {logging_mixin.py:188} INFO - [2024-03-14T11:26:49.779+0000] {dagbag.py:540} INFO - Filling up the DagBag from /home/airflow/.local/lib/python3.8/site-packages/airflow/example_dags/example_trigger_controller_dag.py
[2024-03-14T11:26:49.782+0000] {processor.py:840} INFO - DAG(s) 'example_trigger_controller_dag' retrieved from /home/airflow/.local/lib/python3.8/site-packages/airflow/example_dags/example_trigger_controller_dag.py
[2024-03-14T11:26:49.790+0000] {logging_mixin.py:188} INFO - [2024-03-14T11:26:49.790+0000] {dag.py:3047} INFO - Sync 1 DAGs
[2024-03-14T11:26:49.799+0000] {logging_mixin.py:188} INFO - [2024-03-14T11:26:49.798+0000] {dag.py:3834} INFO - Setting next_dagrun for example_trigger_controller_dag to 2021-01-01 00:00:00+00:00, run_after=2021-01-01 00:00:00+00:00
[2024-03-14T11:26:49.806+0000] {processor.py:183} INFO - Processing /home/airflow/.local/lib/python3.8/site-packages/airflow/example_dags/example_trigger_controller_dag.py took 0.029 seconds
[2024-03-14T11:27:20.273+0000] {processor.py:161} INFO - Started process (PID=3451) to work on /home/airflow/.local/lib/python3.8/site-packages/airflow/example_dags/example_trigger_controller_dag.py
[2024-03-14T11:27:20.274+0000] {processor.py:830} INFO - Processing file /home/airflow/.local/lib/python3.8/site-packages/airflow/example_dags/example_trigger_controller_dag.py for tasks to queue
[2024-03-14T11:27:20.275+0000] {logging_mixin.py:188} INFO - [2024-03-14T11:27:20.275+0000] {dagbag.py:540} INFO - Filling up the DagBag from /home/airflow/.local/lib/python3.8/site-packages/airflow/example_dags/example_trigger_controller_dag.py
[2024-03-14T11:27:20.277+0000] {processor.py:840} INFO - DAG(s) 'example_trigger_controller_dag' retrieved from /home/airflow/.local/lib/python3.8/site-packages/airflow/example_dags/example_trigger_controller_dag.py
[2024-03-14T11:27:20.286+0000] {logging_mixin.py:188} INFO - [2024-03-14T11:27:20.286+0000] {dag.py:3047} INFO - Sync 1 DAGs
[2024-03-14T11:27:20.295+0000] {logging_mixin.py:188} INFO - [2024-03-14T11:27:20.295+0000] {dag.py:3834} INFO - Setting next_dagrun for example_trigger_controller_dag to 2021-01-01 00:00:00+00:00, run_after=2021-01-01 00:00:00+00:00
[2024-03-14T11:27:20.302+0000] {processor.py:183} INFO - Processing /home/airflow/.local/lib/python3.8/site-packages/airflow/example_dags/example_trigger_controller_dag.py took 0.030 seconds
[2024-03-14T11:27:50.942+0000] {processor.py:161} INFO - Started process (PID=3506) to work on /home/airflow/.local/lib/python3.8/site-packages/airflow/example_dags/example_trigger_controller_dag.py
[2024-03-14T11:27:50.943+0000] {processor.py:830} INFO - Processing file /home/airflow/.local/lib/python3.8/site-packages/airflow/example_dags/example_trigger_controller_dag.py for tasks to queue
[2024-03-14T11:27:50.944+0000] {logging_mixin.py:188} INFO - [2024-03-14T11:27:50.944+0000] {dagbag.py:540} INFO - Filling up the DagBag from /home/airflow/.local/lib/python3.8/site-packages/airflow/example_dags/example_trigger_controller_dag.py
[2024-03-14T11:27:50.947+0000] {processor.py:840} INFO - DAG(s) 'example_trigger_controller_dag' retrieved from /home/airflow/.local/lib/python3.8/site-packages/airflow/example_dags/example_trigger_controller_dag.py
[2024-03-14T11:27:50.956+0000] {logging_mixin.py:188} INFO - [2024-03-14T11:27:50.956+0000] {dag.py:3047} INFO - Sync 1 DAGs
[2024-03-14T11:27:50.965+0000] {logging_mixin.py:188} INFO - [2024-03-14T11:27:50.965+0000] {dag.py:3834} INFO - Setting next_dagrun for example_trigger_controller_dag to 2021-01-01 00:00:00+00:00, run_after=2021-01-01 00:00:00+00:00
[2024-03-14T11:27:51.045+0000] {processor.py:183} INFO - Processing /home/airflow/.local/lib/python3.8/site-packages/airflow/example_dags/example_trigger_controller_dag.py took 0.107 seconds
[2024-03-14T11:28:21.501+0000] {processor.py:161} INFO - Started process (PID=3561) to work on /home/airflow/.local/lib/python3.8/site-packages/airflow/example_dags/example_trigger_controller_dag.py
[2024-03-14T11:28:21.502+0000] {processor.py:830} INFO - Processing file /home/airflow/.local/lib/python3.8/site-packages/airflow/example_dags/example_trigger_controller_dag.py for tasks to queue
[2024-03-14T11:28:21.503+0000] {logging_mixin.py:188} INFO - [2024-03-14T11:28:21.503+0000] {dagbag.py:540} INFO - Filling up the DagBag from /home/airflow/.local/lib/python3.8/site-packages/airflow/example_dags/example_trigger_controller_dag.py
[2024-03-14T11:28:21.505+0000] {processor.py:840} INFO - DAG(s) 'example_trigger_controller_dag' retrieved from /home/airflow/.local/lib/python3.8/site-packages/airflow/example_dags/example_trigger_controller_dag.py
[2024-03-14T11:28:21.514+0000] {logging_mixin.py:188} INFO - [2024-03-14T11:28:21.514+0000] {dag.py:3047} INFO - Sync 1 DAGs
[2024-03-14T11:28:21.523+0000] {logging_mixin.py:188} INFO - [2024-03-14T11:28:21.523+0000] {dag.py:3834} INFO - Setting next_dagrun for example_trigger_controller_dag to 2021-01-01 00:00:00+00:00, run_after=2021-01-01 00:00:00+00:00
[2024-03-14T11:28:21.531+0000] {processor.py:183} INFO - Processing /home/airflow/.local/lib/python3.8/site-packages/airflow/example_dags/example_trigger_controller_dag.py took 0.032 seconds
[2024-03-14T11:28:51.925+0000] {processor.py:161} INFO - Started process (PID=3616) to work on /home/airflow/.local/lib/python3.8/site-packages/airflow/example_dags/example_trigger_controller_dag.py
[2024-03-14T11:28:51.925+0000] {processor.py:830} INFO - Processing file /home/airflow/.local/lib/python3.8/site-packages/airflow/example_dags/example_trigger_controller_dag.py for tasks to queue
[2024-03-14T11:28:51.926+0000] {logging_mixin.py:188} INFO - [2024-03-14T11:28:51.926+0000] {dagbag.py:540} INFO - Filling up the DagBag from /home/airflow/.local/lib/python3.8/site-packages/airflow/example_dags/example_trigger_controller_dag.py
[2024-03-14T11:28:51.929+0000] {processor.py:840} INFO - DAG(s) 'example_trigger_controller_dag' retrieved from /home/airflow/.local/lib/python3.8/site-packages/airflow/example_dags/example_trigger_controller_dag.py
[2024-03-14T11:28:51.940+0000] {logging_mixin.py:188} INFO - [2024-03-14T11:28:51.940+0000] {dag.py:3047} INFO - Sync 1 DAGs
[2024-03-14T11:28:51.950+0000] {logging_mixin.py:188} INFO - [2024-03-14T11:28:51.950+0000] {dag.py:3834} INFO - Setting next_dagrun for example_trigger_controller_dag to 2021-01-01 00:00:00+00:00, run_after=2021-01-01 00:00:00+00:00
[2024-03-14T11:28:51.959+0000] {processor.py:183} INFO - Processing /home/airflow/.local/lib/python3.8/site-packages/airflow/example_dags/example_trigger_controller_dag.py took 0.036 seconds
