[2024-03-14T10:55:53.853+0000] {processor.py:161} INFO - Started process (PID=34) to work on /home/airflow/.local/lib/python3.8/site-packages/airflow/example_dags/example_branch_python_dop_operator_3.py
[2024-03-14T10:55:53.855+0000] {processor.py:830} INFO - Processing file /home/airflow/.local/lib/python3.8/site-packages/airflow/example_dags/example_branch_python_dop_operator_3.py for tasks to queue
[2024-03-14T10:55:53.857+0000] {logging_mixin.py:188} INFO - [2024-03-14T10:55:53.857+0000] {dagbag.py:540} INFO - Filling up the DagBag from /home/airflow/.local/lib/python3.8/site-packages/airflow/example_dags/example_branch_python_dop_operator_3.py
[2024-03-14T10:55:53.867+0000] {processor.py:840} INFO - DAG(s) 'example_branch_dop_operator_v3' retrieved from /home/airflow/.local/lib/python3.8/site-packages/airflow/example_dags/example_branch_python_dop_operator_3.py
[2024-03-14T10:55:53.882+0000] {logging_mixin.py:188} INFO - [2024-03-14T10:55:53.882+0000] {dag.py:3047} INFO - Sync 1 DAGs
[2024-03-14T10:55:53.899+0000] {logging_mixin.py:188} INFO - [2024-03-14T10:55:53.899+0000] {dag.py:3834} INFO - Setting next_dagrun for example_branch_dop_operator_v3 to 2024-03-14 10:54:00+00:00, run_after=2024-03-14 10:55:00+00:00
[2024-03-14T10:55:53.908+0000] {processor.py:183} INFO - Processing /home/airflow/.local/lib/python3.8/site-packages/airflow/example_dags/example_branch_python_dop_operator_3.py took 0.058 seconds
[2024-03-14T10:56:24.060+0000] {processor.py:161} INFO - Started process (PID=90) to work on /home/airflow/.local/lib/python3.8/site-packages/airflow/example_dags/example_branch_python_dop_operator_3.py
[2024-03-14T10:56:24.060+0000] {processor.py:830} INFO - Processing file /home/airflow/.local/lib/python3.8/site-packages/airflow/example_dags/example_branch_python_dop_operator_3.py for tasks to queue
[2024-03-14T10:56:24.061+0000] {logging_mixin.py:188} INFO - [2024-03-14T10:56:24.061+0000] {dagbag.py:540} INFO - Filling up the DagBag from /home/airflow/.local/lib/python3.8/site-packages/airflow/example_dags/example_branch_python_dop_operator_3.py
[2024-03-14T10:56:24.065+0000] {processor.py:840} INFO - DAG(s) 'example_branch_dop_operator_v3' retrieved from /home/airflow/.local/lib/python3.8/site-packages/airflow/example_dags/example_branch_python_dop_operator_3.py
[2024-03-14T10:56:24.106+0000] {logging_mixin.py:188} INFO - [2024-03-14T10:56:24.106+0000] {dag.py:3047} INFO - Sync 1 DAGs
[2024-03-14T10:56:24.117+0000] {logging_mixin.py:188} INFO - [2024-03-14T10:56:24.117+0000] {dag.py:3834} INFO - Setting next_dagrun for example_branch_dop_operator_v3 to 2024-03-14 10:55:00+00:00, run_after=2024-03-14 10:56:00+00:00
[2024-03-14T10:56:24.124+0000] {processor.py:183} INFO - Processing /home/airflow/.local/lib/python3.8/site-packages/airflow/example_dags/example_branch_python_dop_operator_3.py took 0.066 seconds
[2024-03-14T10:56:54.170+0000] {processor.py:161} INFO - Started process (PID=145) to work on /home/airflow/.local/lib/python3.8/site-packages/airflow/example_dags/example_branch_python_dop_operator_3.py
[2024-03-14T10:56:54.171+0000] {processor.py:830} INFO - Processing file /home/airflow/.local/lib/python3.8/site-packages/airflow/example_dags/example_branch_python_dop_operator_3.py for tasks to queue
[2024-03-14T10:56:54.173+0000] {logging_mixin.py:188} INFO - [2024-03-14T10:56:54.173+0000] {dagbag.py:540} INFO - Filling up the DagBag from /home/airflow/.local/lib/python3.8/site-packages/airflow/example_dags/example_branch_python_dop_operator_3.py
[2024-03-14T10:56:54.180+0000] {processor.py:840} INFO - DAG(s) 'example_branch_dop_operator_v3' retrieved from /home/airflow/.local/lib/python3.8/site-packages/airflow/example_dags/example_branch_python_dop_operator_3.py
[2024-03-14T10:56:54.199+0000] {logging_mixin.py:188} INFO - [2024-03-14T10:56:54.199+0000] {dag.py:3047} INFO - Sync 1 DAGs
[2024-03-14T10:56:54.213+0000] {logging_mixin.py:188} INFO - [2024-03-14T10:56:54.213+0000] {dag.py:3834} INFO - Setting next_dagrun for example_branch_dop_operator_v3 to 2024-03-14 10:55:00+00:00, run_after=2024-03-14 10:56:00+00:00
[2024-03-14T10:56:54.224+0000] {processor.py:183} INFO - Processing /home/airflow/.local/lib/python3.8/site-packages/airflow/example_dags/example_branch_python_dop_operator_3.py took 0.056 seconds
[2024-03-14T10:57:24.980+0000] {processor.py:161} INFO - Started process (PID=198) to work on /home/airflow/.local/lib/python3.8/site-packages/airflow/example_dags/example_branch_python_dop_operator_3.py
[2024-03-14T10:57:24.981+0000] {processor.py:830} INFO - Processing file /home/airflow/.local/lib/python3.8/site-packages/airflow/example_dags/example_branch_python_dop_operator_3.py for tasks to queue
[2024-03-14T10:57:24.983+0000] {logging_mixin.py:188} INFO - [2024-03-14T10:57:24.983+0000] {dagbag.py:540} INFO - Filling up the DagBag from /home/airflow/.local/lib/python3.8/site-packages/airflow/example_dags/example_branch_python_dop_operator_3.py
[2024-03-14T10:57:24.993+0000] {processor.py:840} INFO - DAG(s) 'example_branch_dop_operator_v3' retrieved from /home/airflow/.local/lib/python3.8/site-packages/airflow/example_dags/example_branch_python_dop_operator_3.py
[2024-03-14T10:57:25.005+0000] {logging_mixin.py:188} INFO - [2024-03-14T10:57:25.004+0000] {dag.py:3047} INFO - Sync 1 DAGs
[2024-03-14T10:57:25.018+0000] {logging_mixin.py:188} INFO - [2024-03-14T10:57:25.018+0000] {dag.py:3834} INFO - Setting next_dagrun for example_branch_dop_operator_v3 to 2024-03-14 10:56:00+00:00, run_after=2024-03-14 10:57:00+00:00
[2024-03-14T10:57:25.026+0000] {processor.py:183} INFO - Processing /home/airflow/.local/lib/python3.8/site-packages/airflow/example_dags/example_branch_python_dop_operator_3.py took 0.049 seconds
[2024-03-14T10:57:55.398+0000] {processor.py:161} INFO - Started process (PID=253) to work on /home/airflow/.local/lib/python3.8/site-packages/airflow/example_dags/example_branch_python_dop_operator_3.py
[2024-03-14T10:57:55.400+0000] {processor.py:830} INFO - Processing file /home/airflow/.local/lib/python3.8/site-packages/airflow/example_dags/example_branch_python_dop_operator_3.py for tasks to queue
[2024-03-14T10:57:55.403+0000] {logging_mixin.py:188} INFO - [2024-03-14T10:57:55.402+0000] {dagbag.py:540} INFO - Filling up the DagBag from /home/airflow/.local/lib/python3.8/site-packages/airflow/example_dags/example_branch_python_dop_operator_3.py
[2024-03-14T10:57:55.415+0000] {processor.py:840} INFO - DAG(s) 'example_branch_dop_operator_v3' retrieved from /home/airflow/.local/lib/python3.8/site-packages/airflow/example_dags/example_branch_python_dop_operator_3.py
[2024-03-14T10:57:55.430+0000] {logging_mixin.py:188} INFO - [2024-03-14T10:57:55.430+0000] {dag.py:3047} INFO - Sync 1 DAGs
[2024-03-14T10:57:55.445+0000] {logging_mixin.py:188} INFO - [2024-03-14T10:57:55.445+0000] {dag.py:3834} INFO - Setting next_dagrun for example_branch_dop_operator_v3 to 2024-03-14 10:56:00+00:00, run_after=2024-03-14 10:57:00+00:00
[2024-03-14T10:57:55.453+0000] {processor.py:183} INFO - Processing /home/airflow/.local/lib/python3.8/site-packages/airflow/example_dags/example_branch_python_dop_operator_3.py took 0.062 seconds
[2024-03-14T10:58:25.757+0000] {processor.py:161} INFO - Started process (PID=308) to work on /home/airflow/.local/lib/python3.8/site-packages/airflow/example_dags/example_branch_python_dop_operator_3.py
[2024-03-14T10:58:25.758+0000] {processor.py:830} INFO - Processing file /home/airflow/.local/lib/python3.8/site-packages/airflow/example_dags/example_branch_python_dop_operator_3.py for tasks to queue
[2024-03-14T10:58:25.760+0000] {logging_mixin.py:188} INFO - [2024-03-14T10:58:25.760+0000] {dagbag.py:540} INFO - Filling up the DagBag from /home/airflow/.local/lib/python3.8/site-packages/airflow/example_dags/example_branch_python_dop_operator_3.py
[2024-03-14T10:58:25.768+0000] {processor.py:840} INFO - DAG(s) 'example_branch_dop_operator_v3' retrieved from /home/airflow/.local/lib/python3.8/site-packages/airflow/example_dags/example_branch_python_dop_operator_3.py
[2024-03-14T10:58:25.780+0000] {logging_mixin.py:188} INFO - [2024-03-14T10:58:25.780+0000] {dag.py:3047} INFO - Sync 1 DAGs
[2024-03-14T10:58:25.794+0000] {logging_mixin.py:188} INFO - [2024-03-14T10:58:25.794+0000] {dag.py:3834} INFO - Setting next_dagrun for example_branch_dop_operator_v3 to 2024-03-14 10:57:00+00:00, run_after=2024-03-14 10:58:00+00:00
[2024-03-14T10:58:25.802+0000] {processor.py:183} INFO - Processing /home/airflow/.local/lib/python3.8/site-packages/airflow/example_dags/example_branch_python_dop_operator_3.py took 0.050 seconds
[2024-03-14T10:58:56.072+0000] {processor.py:161} INFO - Started process (PID=363) to work on /home/airflow/.local/lib/python3.8/site-packages/airflow/example_dags/example_branch_python_dop_operator_3.py
[2024-03-14T10:58:56.073+0000] {processor.py:830} INFO - Processing file /home/airflow/.local/lib/python3.8/site-packages/airflow/example_dags/example_branch_python_dop_operator_3.py for tasks to queue
[2024-03-14T10:58:56.075+0000] {logging_mixin.py:188} INFO - [2024-03-14T10:58:56.075+0000] {dagbag.py:540} INFO - Filling up the DagBag from /home/airflow/.local/lib/python3.8/site-packages/airflow/example_dags/example_branch_python_dop_operator_3.py
[2024-03-14T10:58:56.083+0000] {processor.py:840} INFO - DAG(s) 'example_branch_dop_operator_v3' retrieved from /home/airflow/.local/lib/python3.8/site-packages/airflow/example_dags/example_branch_python_dop_operator_3.py
[2024-03-14T10:58:56.096+0000] {logging_mixin.py:188} INFO - [2024-03-14T10:58:56.096+0000] {dag.py:3047} INFO - Sync 1 DAGs
[2024-03-14T10:58:56.111+0000] {logging_mixin.py:188} INFO - [2024-03-14T10:58:56.111+0000] {dag.py:3834} INFO - Setting next_dagrun for example_branch_dop_operator_v3 to 2024-03-14 10:57:00+00:00, run_after=2024-03-14 10:58:00+00:00
[2024-03-14T10:58:56.119+0000] {processor.py:183} INFO - Processing /home/airflow/.local/lib/python3.8/site-packages/airflow/example_dags/example_branch_python_dop_operator_3.py took 0.053 seconds
[2024-03-14T10:59:26.473+0000] {processor.py:161} INFO - Started process (PID=418) to work on /home/airflow/.local/lib/python3.8/site-packages/airflow/example_dags/example_branch_python_dop_operator_3.py
[2024-03-14T10:59:26.474+0000] {processor.py:830} INFO - Processing file /home/airflow/.local/lib/python3.8/site-packages/airflow/example_dags/example_branch_python_dop_operator_3.py for tasks to queue
[2024-03-14T10:59:26.476+0000] {logging_mixin.py:188} INFO - [2024-03-14T10:59:26.476+0000] {dagbag.py:540} INFO - Filling up the DagBag from /home/airflow/.local/lib/python3.8/site-packages/airflow/example_dags/example_branch_python_dop_operator_3.py
[2024-03-14T10:59:26.485+0000] {processor.py:840} INFO - DAG(s) 'example_branch_dop_operator_v3' retrieved from /home/airflow/.local/lib/python3.8/site-packages/airflow/example_dags/example_branch_python_dop_operator_3.py
[2024-03-14T10:59:26.499+0000] {logging_mixin.py:188} INFO - [2024-03-14T10:59:26.499+0000] {dag.py:3047} INFO - Sync 1 DAGs
[2024-03-14T10:59:26.513+0000] {logging_mixin.py:188} INFO - [2024-03-14T10:59:26.513+0000] {dag.py:3834} INFO - Setting next_dagrun for example_branch_dop_operator_v3 to 2024-03-14 10:58:00+00:00, run_after=2024-03-14 10:59:00+00:00
[2024-03-14T10:59:26.521+0000] {processor.py:183} INFO - Processing /home/airflow/.local/lib/python3.8/site-packages/airflow/example_dags/example_branch_python_dop_operator_3.py took 0.054 seconds
[2024-03-14T10:59:56.844+0000] {processor.py:161} INFO - Started process (PID=473) to work on /home/airflow/.local/lib/python3.8/site-packages/airflow/example_dags/example_branch_python_dop_operator_3.py
[2024-03-14T10:59:56.846+0000] {processor.py:830} INFO - Processing file /home/airflow/.local/lib/python3.8/site-packages/airflow/example_dags/example_branch_python_dop_operator_3.py for tasks to queue
[2024-03-14T10:59:56.848+0000] {logging_mixin.py:188} INFO - [2024-03-14T10:59:56.848+0000] {dagbag.py:540} INFO - Filling up the DagBag from /home/airflow/.local/lib/python3.8/site-packages/airflow/example_dags/example_branch_python_dop_operator_3.py
[2024-03-14T10:59:56.856+0000] {processor.py:840} INFO - DAG(s) 'example_branch_dop_operator_v3' retrieved from /home/airflow/.local/lib/python3.8/site-packages/airflow/example_dags/example_branch_python_dop_operator_3.py
[2024-03-14T10:59:56.869+0000] {logging_mixin.py:188} INFO - [2024-03-14T10:59:56.869+0000] {dag.py:3047} INFO - Sync 1 DAGs
[2024-03-14T10:59:56.883+0000] {logging_mixin.py:188} INFO - [2024-03-14T10:59:56.883+0000] {dag.py:3834} INFO - Setting next_dagrun for example_branch_dop_operator_v3 to 2024-03-14 10:58:00+00:00, run_after=2024-03-14 10:59:00+00:00
[2024-03-14T10:59:56.891+0000] {processor.py:183} INFO - Processing /home/airflow/.local/lib/python3.8/site-packages/airflow/example_dags/example_branch_python_dop_operator_3.py took 0.051 seconds
[2024-03-14T11:00:27.276+0000] {processor.py:161} INFO - Started process (PID=527) to work on /home/airflow/.local/lib/python3.8/site-packages/airflow/example_dags/example_branch_python_dop_operator_3.py
[2024-03-14T11:00:27.277+0000] {processor.py:830} INFO - Processing file /home/airflow/.local/lib/python3.8/site-packages/airflow/example_dags/example_branch_python_dop_operator_3.py for tasks to queue
[2024-03-14T11:00:27.279+0000] {logging_mixin.py:188} INFO - [2024-03-14T11:00:27.279+0000] {dagbag.py:540} INFO - Filling up the DagBag from /home/airflow/.local/lib/python3.8/site-packages/airflow/example_dags/example_branch_python_dop_operator_3.py
[2024-03-14T11:00:27.287+0000] {processor.py:840} INFO - DAG(s) 'example_branch_dop_operator_v3' retrieved from /home/airflow/.local/lib/python3.8/site-packages/airflow/example_dags/example_branch_python_dop_operator_3.py
[2024-03-14T11:00:27.301+0000] {logging_mixin.py:188} INFO - [2024-03-14T11:00:27.300+0000] {dag.py:3047} INFO - Sync 1 DAGs
[2024-03-14T11:00:27.315+0000] {logging_mixin.py:188} INFO - [2024-03-14T11:00:27.315+0000] {dag.py:3834} INFO - Setting next_dagrun for example_branch_dop_operator_v3 to 2024-03-14 10:59:00+00:00, run_after=2024-03-14 11:00:00+00:00
[2024-03-14T11:00:27.324+0000] {processor.py:183} INFO - Processing /home/airflow/.local/lib/python3.8/site-packages/airflow/example_dags/example_branch_python_dop_operator_3.py took 0.053 seconds
[2024-03-14T11:00:57.697+0000] {processor.py:161} INFO - Started process (PID=582) to work on /home/airflow/.local/lib/python3.8/site-packages/airflow/example_dags/example_branch_python_dop_operator_3.py
[2024-03-14T11:00:57.698+0000] {processor.py:830} INFO - Processing file /home/airflow/.local/lib/python3.8/site-packages/airflow/example_dags/example_branch_python_dop_operator_3.py for tasks to queue
[2024-03-14T11:00:57.700+0000] {logging_mixin.py:188} INFO - [2024-03-14T11:00:57.700+0000] {dagbag.py:540} INFO - Filling up the DagBag from /home/airflow/.local/lib/python3.8/site-packages/airflow/example_dags/example_branch_python_dop_operator_3.py
[2024-03-14T11:00:57.708+0000] {processor.py:840} INFO - DAG(s) 'example_branch_dop_operator_v3' retrieved from /home/airflow/.local/lib/python3.8/site-packages/airflow/example_dags/example_branch_python_dop_operator_3.py
[2024-03-14T11:00:57.722+0000] {logging_mixin.py:188} INFO - [2024-03-14T11:00:57.721+0000] {dag.py:3047} INFO - Sync 1 DAGs
[2024-03-14T11:00:57.736+0000] {logging_mixin.py:188} INFO - [2024-03-14T11:00:57.736+0000] {dag.py:3834} INFO - Setting next_dagrun for example_branch_dop_operator_v3 to 2024-03-14 10:59:00+00:00, run_after=2024-03-14 11:00:00+00:00
[2024-03-14T11:00:57.744+0000] {processor.py:183} INFO - Processing /home/airflow/.local/lib/python3.8/site-packages/airflow/example_dags/example_branch_python_dop_operator_3.py took 0.052 seconds
[2024-03-14T11:01:28.123+0000] {processor.py:161} INFO - Started process (PID=636) to work on /home/airflow/.local/lib/python3.8/site-packages/airflow/example_dags/example_branch_python_dop_operator_3.py
[2024-03-14T11:01:28.124+0000] {processor.py:830} INFO - Processing file /home/airflow/.local/lib/python3.8/site-packages/airflow/example_dags/example_branch_python_dop_operator_3.py for tasks to queue
[2024-03-14T11:01:28.125+0000] {logging_mixin.py:188} INFO - [2024-03-14T11:01:28.125+0000] {dagbag.py:540} INFO - Filling up the DagBag from /home/airflow/.local/lib/python3.8/site-packages/airflow/example_dags/example_branch_python_dop_operator_3.py
[2024-03-14T11:01:28.131+0000] {processor.py:840} INFO - DAG(s) 'example_branch_dop_operator_v3' retrieved from /home/airflow/.local/lib/python3.8/site-packages/airflow/example_dags/example_branch_python_dop_operator_3.py
[2024-03-14T11:01:28.143+0000] {logging_mixin.py:188} INFO - [2024-03-14T11:01:28.143+0000] {dag.py:3047} INFO - Sync 1 DAGs
[2024-03-14T11:01:28.156+0000] {logging_mixin.py:188} INFO - [2024-03-14T11:01:28.156+0000] {dag.py:3834} INFO - Setting next_dagrun for example_branch_dop_operator_v3 to 2024-03-14 11:00:00+00:00, run_after=2024-03-14 11:01:00+00:00
[2024-03-14T11:01:28.166+0000] {processor.py:183} INFO - Processing /home/airflow/.local/lib/python3.8/site-packages/airflow/example_dags/example_branch_python_dop_operator_3.py took 0.045 seconds
[2024-03-14T11:01:58.663+0000] {processor.py:161} INFO - Started process (PID=691) to work on /home/airflow/.local/lib/python3.8/site-packages/airflow/example_dags/example_branch_python_dop_operator_3.py
[2024-03-14T11:01:58.664+0000] {processor.py:830} INFO - Processing file /home/airflow/.local/lib/python3.8/site-packages/airflow/example_dags/example_branch_python_dop_operator_3.py for tasks to queue
[2024-03-14T11:01:58.665+0000] {logging_mixin.py:188} INFO - [2024-03-14T11:01:58.665+0000] {dagbag.py:540} INFO - Filling up the DagBag from /home/airflow/.local/lib/python3.8/site-packages/airflow/example_dags/example_branch_python_dop_operator_3.py
[2024-03-14T11:01:58.671+0000] {processor.py:840} INFO - DAG(s) 'example_branch_dop_operator_v3' retrieved from /home/airflow/.local/lib/python3.8/site-packages/airflow/example_dags/example_branch_python_dop_operator_3.py
[2024-03-14T11:01:58.682+0000] {logging_mixin.py:188} INFO - [2024-03-14T11:01:58.682+0000] {dag.py:3047} INFO - Sync 1 DAGs
[2024-03-14T11:01:58.698+0000] {logging_mixin.py:188} INFO - [2024-03-14T11:01:58.697+0000] {dag.py:3834} INFO - Setting next_dagrun for example_branch_dop_operator_v3 to 2024-03-14 11:00:00+00:00, run_after=2024-03-14 11:01:00+00:00
[2024-03-14T11:01:58.708+0000] {processor.py:183} INFO - Processing /home/airflow/.local/lib/python3.8/site-packages/airflow/example_dags/example_branch_python_dop_operator_3.py took 0.047 seconds
[2024-03-14T11:02:29.157+0000] {processor.py:161} INFO - Started process (PID=747) to work on /home/airflow/.local/lib/python3.8/site-packages/airflow/example_dags/example_branch_python_dop_operator_3.py
[2024-03-14T11:02:29.159+0000] {processor.py:830} INFO - Processing file /home/airflow/.local/lib/python3.8/site-packages/airflow/example_dags/example_branch_python_dop_operator_3.py for tasks to queue
[2024-03-14T11:02:29.161+0000] {logging_mixin.py:188} INFO - [2024-03-14T11:02:29.160+0000] {dagbag.py:540} INFO - Filling up the DagBag from /home/airflow/.local/lib/python3.8/site-packages/airflow/example_dags/example_branch_python_dop_operator_3.py
[2024-03-14T11:02:29.169+0000] {processor.py:840} INFO - DAG(s) 'example_branch_dop_operator_v3' retrieved from /home/airflow/.local/lib/python3.8/site-packages/airflow/example_dags/example_branch_python_dop_operator_3.py
[2024-03-14T11:02:29.183+0000] {logging_mixin.py:188} INFO - [2024-03-14T11:02:29.183+0000] {dag.py:3047} INFO - Sync 1 DAGs
[2024-03-14T11:02:29.197+0000] {logging_mixin.py:188} INFO - [2024-03-14T11:02:29.197+0000] {dag.py:3834} INFO - Setting next_dagrun for example_branch_dop_operator_v3 to 2024-03-14 11:01:00+00:00, run_after=2024-03-14 11:02:00+00:00
[2024-03-14T11:02:29.205+0000] {processor.py:183} INFO - Processing /home/airflow/.local/lib/python3.8/site-packages/airflow/example_dags/example_branch_python_dop_operator_3.py took 0.053 seconds
[2024-03-14T11:02:59.759+0000] {processor.py:161} INFO - Started process (PID=802) to work on /home/airflow/.local/lib/python3.8/site-packages/airflow/example_dags/example_branch_python_dop_operator_3.py
[2024-03-14T11:02:59.761+0000] {processor.py:830} INFO - Processing file /home/airflow/.local/lib/python3.8/site-packages/airflow/example_dags/example_branch_python_dop_operator_3.py for tasks to queue
[2024-03-14T11:02:59.764+0000] {logging_mixin.py:188} INFO - [2024-03-14T11:02:59.763+0000] {dagbag.py:540} INFO - Filling up the DagBag from /home/airflow/.local/lib/python3.8/site-packages/airflow/example_dags/example_branch_python_dop_operator_3.py
[2024-03-14T11:02:59.774+0000] {processor.py:840} INFO - DAG(s) 'example_branch_dop_operator_v3' retrieved from /home/airflow/.local/lib/python3.8/site-packages/airflow/example_dags/example_branch_python_dop_operator_3.py
[2024-03-14T11:02:59.790+0000] {logging_mixin.py:188} INFO - [2024-03-14T11:02:59.790+0000] {dag.py:3047} INFO - Sync 1 DAGs
[2024-03-14T11:02:59.806+0000] {logging_mixin.py:188} INFO - [2024-03-14T11:02:59.806+0000] {dag.py:3834} INFO - Setting next_dagrun for example_branch_dop_operator_v3 to 2024-03-14 11:01:00+00:00, run_after=2024-03-14 11:02:00+00:00
[2024-03-14T11:02:59.816+0000] {processor.py:183} INFO - Processing /home/airflow/.local/lib/python3.8/site-packages/airflow/example_dags/example_branch_python_dop_operator_3.py took 0.063 seconds
[2024-03-14T11:03:30.216+0000] {processor.py:161} INFO - Started process (PID=857) to work on /home/airflow/.local/lib/python3.8/site-packages/airflow/example_dags/example_branch_python_dop_operator_3.py
[2024-03-14T11:03:30.218+0000] {processor.py:830} INFO - Processing file /home/airflow/.local/lib/python3.8/site-packages/airflow/example_dags/example_branch_python_dop_operator_3.py for tasks to queue
[2024-03-14T11:03:30.221+0000] {logging_mixin.py:188} INFO - [2024-03-14T11:03:30.220+0000] {dagbag.py:540} INFO - Filling up the DagBag from /home/airflow/.local/lib/python3.8/site-packages/airflow/example_dags/example_branch_python_dop_operator_3.py
[2024-03-14T11:03:30.231+0000] {processor.py:840} INFO - DAG(s) 'example_branch_dop_operator_v3' retrieved from /home/airflow/.local/lib/python3.8/site-packages/airflow/example_dags/example_branch_python_dop_operator_3.py
[2024-03-14T11:03:30.246+0000] {logging_mixin.py:188} INFO - [2024-03-14T11:03:30.246+0000] {dag.py:3047} INFO - Sync 1 DAGs
[2024-03-14T11:03:30.261+0000] {logging_mixin.py:188} INFO - [2024-03-14T11:03:30.261+0000] {dag.py:3834} INFO - Setting next_dagrun for example_branch_dop_operator_v3 to 2024-03-14 11:02:00+00:00, run_after=2024-03-14 11:03:00+00:00
[2024-03-14T11:03:30.269+0000] {processor.py:183} INFO - Processing /home/airflow/.local/lib/python3.8/site-packages/airflow/example_dags/example_branch_python_dop_operator_3.py took 0.059 seconds
[2024-03-14T11:04:00.602+0000] {processor.py:161} INFO - Started process (PID=912) to work on /home/airflow/.local/lib/python3.8/site-packages/airflow/example_dags/example_branch_python_dop_operator_3.py
[2024-03-14T11:04:00.603+0000] {processor.py:830} INFO - Processing file /home/airflow/.local/lib/python3.8/site-packages/airflow/example_dags/example_branch_python_dop_operator_3.py for tasks to queue
[2024-03-14T11:04:00.605+0000] {logging_mixin.py:188} INFO - [2024-03-14T11:04:00.604+0000] {dagbag.py:540} INFO - Filling up the DagBag from /home/airflow/.local/lib/python3.8/site-packages/airflow/example_dags/example_branch_python_dop_operator_3.py
[2024-03-14T11:04:00.612+0000] {processor.py:840} INFO - DAG(s) 'example_branch_dop_operator_v3' retrieved from /home/airflow/.local/lib/python3.8/site-packages/airflow/example_dags/example_branch_python_dop_operator_3.py
[2024-03-14T11:04:00.627+0000] {logging_mixin.py:188} INFO - [2024-03-14T11:04:00.627+0000] {dag.py:3047} INFO - Sync 1 DAGs
[2024-03-14T11:04:00.643+0000] {logging_mixin.py:188} INFO - [2024-03-14T11:04:00.642+0000] {dag.py:3834} INFO - Setting next_dagrun for example_branch_dop_operator_v3 to 2024-03-14 11:03:00+00:00, run_after=2024-03-14 11:04:00+00:00
[2024-03-14T11:04:00.652+0000] {processor.py:183} INFO - Processing /home/airflow/.local/lib/python3.8/site-packages/airflow/example_dags/example_branch_python_dop_operator_3.py took 0.054 seconds
[2024-03-14T11:04:31.012+0000] {processor.py:161} INFO - Started process (PID=967) to work on /home/airflow/.local/lib/python3.8/site-packages/airflow/example_dags/example_branch_python_dop_operator_3.py
[2024-03-14T11:04:31.014+0000] {processor.py:830} INFO - Processing file /home/airflow/.local/lib/python3.8/site-packages/airflow/example_dags/example_branch_python_dop_operator_3.py for tasks to queue
[2024-03-14T11:04:31.016+0000] {logging_mixin.py:188} INFO - [2024-03-14T11:04:31.016+0000] {dagbag.py:540} INFO - Filling up the DagBag from /home/airflow/.local/lib/python3.8/site-packages/airflow/example_dags/example_branch_python_dop_operator_3.py
[2024-03-14T11:04:31.027+0000] {processor.py:840} INFO - DAG(s) 'example_branch_dop_operator_v3' retrieved from /home/airflow/.local/lib/python3.8/site-packages/airflow/example_dags/example_branch_python_dop_operator_3.py
[2024-03-14T11:04:31.041+0000] {logging_mixin.py:188} INFO - [2024-03-14T11:04:31.041+0000] {dag.py:3047} INFO - Sync 1 DAGs
[2024-03-14T11:04:31.056+0000] {logging_mixin.py:188} INFO - [2024-03-14T11:04:31.056+0000] {dag.py:3834} INFO - Setting next_dagrun for example_branch_dop_operator_v3 to 2024-03-14 11:03:00+00:00, run_after=2024-03-14 11:04:00+00:00
[2024-03-14T11:04:31.064+0000] {processor.py:183} INFO - Processing /home/airflow/.local/lib/python3.8/site-packages/airflow/example_dags/example_branch_python_dop_operator_3.py took 0.058 seconds
[2024-03-14T11:05:01.441+0000] {processor.py:161} INFO - Started process (PID=1022) to work on /home/airflow/.local/lib/python3.8/site-packages/airflow/example_dags/example_branch_python_dop_operator_3.py
[2024-03-14T11:05:01.443+0000] {processor.py:830} INFO - Processing file /home/airflow/.local/lib/python3.8/site-packages/airflow/example_dags/example_branch_python_dop_operator_3.py for tasks to queue
[2024-03-14T11:05:01.445+0000] {logging_mixin.py:188} INFO - [2024-03-14T11:05:01.445+0000] {dagbag.py:540} INFO - Filling up the DagBag from /home/airflow/.local/lib/python3.8/site-packages/airflow/example_dags/example_branch_python_dop_operator_3.py
[2024-03-14T11:05:01.456+0000] {processor.py:840} INFO - DAG(s) 'example_branch_dop_operator_v3' retrieved from /home/airflow/.local/lib/python3.8/site-packages/airflow/example_dags/example_branch_python_dop_operator_3.py
[2024-03-14T11:05:01.471+0000] {logging_mixin.py:188} INFO - [2024-03-14T11:05:01.470+0000] {dag.py:3047} INFO - Sync 1 DAGs
[2024-03-14T11:05:01.486+0000] {logging_mixin.py:188} INFO - [2024-03-14T11:05:01.485+0000] {dag.py:3834} INFO - Setting next_dagrun for example_branch_dop_operator_v3 to 2024-03-14 11:04:00+00:00, run_after=2024-03-14 11:05:00+00:00
[2024-03-14T11:05:01.496+0000] {processor.py:183} INFO - Processing /home/airflow/.local/lib/python3.8/site-packages/airflow/example_dags/example_branch_python_dop_operator_3.py took 0.059 seconds
[2024-03-14T11:05:31.906+0000] {processor.py:161} INFO - Started process (PID=1077) to work on /home/airflow/.local/lib/python3.8/site-packages/airflow/example_dags/example_branch_python_dop_operator_3.py
[2024-03-14T11:05:31.908+0000] {processor.py:830} INFO - Processing file /home/airflow/.local/lib/python3.8/site-packages/airflow/example_dags/example_branch_python_dop_operator_3.py for tasks to queue
[2024-03-14T11:05:31.909+0000] {logging_mixin.py:188} INFO - [2024-03-14T11:05:31.909+0000] {dagbag.py:540} INFO - Filling up the DagBag from /home/airflow/.local/lib/python3.8/site-packages/airflow/example_dags/example_branch_python_dop_operator_3.py
[2024-03-14T11:05:31.918+0000] {processor.py:840} INFO - DAG(s) 'example_branch_dop_operator_v3' retrieved from /home/airflow/.local/lib/python3.8/site-packages/airflow/example_dags/example_branch_python_dop_operator_3.py
[2024-03-14T11:05:31.934+0000] {logging_mixin.py:188} INFO - [2024-03-14T11:05:31.934+0000] {dag.py:3047} INFO - Sync 1 DAGs
[2024-03-14T11:05:31.948+0000] {logging_mixin.py:188} INFO - [2024-03-14T11:05:31.948+0000] {dag.py:3834} INFO - Setting next_dagrun for example_branch_dop_operator_v3 to 2024-03-14 11:04:00+00:00, run_after=2024-03-14 11:05:00+00:00
[2024-03-14T11:05:31.956+0000] {processor.py:183} INFO - Processing /home/airflow/.local/lib/python3.8/site-packages/airflow/example_dags/example_branch_python_dop_operator_3.py took 0.054 seconds
[2024-03-14T11:06:02.365+0000] {processor.py:161} INFO - Started process (PID=1132) to work on /home/airflow/.local/lib/python3.8/site-packages/airflow/example_dags/example_branch_python_dop_operator_3.py
[2024-03-14T11:06:02.366+0000] {processor.py:830} INFO - Processing file /home/airflow/.local/lib/python3.8/site-packages/airflow/example_dags/example_branch_python_dop_operator_3.py for tasks to queue
[2024-03-14T11:06:02.370+0000] {logging_mixin.py:188} INFO - [2024-03-14T11:06:02.369+0000] {dagbag.py:540} INFO - Filling up the DagBag from /home/airflow/.local/lib/python3.8/site-packages/airflow/example_dags/example_branch_python_dop_operator_3.py
[2024-03-14T11:06:02.379+0000] {processor.py:840} INFO - DAG(s) 'example_branch_dop_operator_v3' retrieved from /home/airflow/.local/lib/python3.8/site-packages/airflow/example_dags/example_branch_python_dop_operator_3.py
[2024-03-14T11:06:02.393+0000] {logging_mixin.py:188} INFO - [2024-03-14T11:06:02.393+0000] {dag.py:3047} INFO - Sync 1 DAGs
[2024-03-14T11:06:02.408+0000] {logging_mixin.py:188} INFO - [2024-03-14T11:06:02.408+0000] {dag.py:3834} INFO - Setting next_dagrun for example_branch_dop_operator_v3 to 2024-03-14 11:05:00+00:00, run_after=2024-03-14 11:06:00+00:00
[2024-03-14T11:06:02.416+0000] {processor.py:183} INFO - Processing /home/airflow/.local/lib/python3.8/site-packages/airflow/example_dags/example_branch_python_dop_operator_3.py took 0.057 seconds
[2024-03-14T11:06:32.791+0000] {processor.py:161} INFO - Started process (PID=1187) to work on /home/airflow/.local/lib/python3.8/site-packages/airflow/example_dags/example_branch_python_dop_operator_3.py
[2024-03-14T11:06:32.793+0000] {processor.py:830} INFO - Processing file /home/airflow/.local/lib/python3.8/site-packages/airflow/example_dags/example_branch_python_dop_operator_3.py for tasks to queue
[2024-03-14T11:06:32.796+0000] {logging_mixin.py:188} INFO - [2024-03-14T11:06:32.795+0000] {dagbag.py:540} INFO - Filling up the DagBag from /home/airflow/.local/lib/python3.8/site-packages/airflow/example_dags/example_branch_python_dop_operator_3.py
[2024-03-14T11:06:32.806+0000] {processor.py:840} INFO - DAG(s) 'example_branch_dop_operator_v3' retrieved from /home/airflow/.local/lib/python3.8/site-packages/airflow/example_dags/example_branch_python_dop_operator_3.py
[2024-03-14T11:06:32.820+0000] {logging_mixin.py:188} INFO - [2024-03-14T11:06:32.820+0000] {dag.py:3047} INFO - Sync 1 DAGs
[2024-03-14T11:06:32.835+0000] {logging_mixin.py:188} INFO - [2024-03-14T11:06:32.835+0000] {dag.py:3834} INFO - Setting next_dagrun for example_branch_dop_operator_v3 to 2024-03-14 11:05:00+00:00, run_after=2024-03-14 11:06:00+00:00
[2024-03-14T11:06:32.843+0000] {processor.py:183} INFO - Processing /home/airflow/.local/lib/python3.8/site-packages/airflow/example_dags/example_branch_python_dop_operator_3.py took 0.058 seconds
[2024-03-14T11:07:03.205+0000] {processor.py:161} INFO - Started process (PID=1241) to work on /home/airflow/.local/lib/python3.8/site-packages/airflow/example_dags/example_branch_python_dop_operator_3.py
[2024-03-14T11:07:03.206+0000] {processor.py:830} INFO - Processing file /home/airflow/.local/lib/python3.8/site-packages/airflow/example_dags/example_branch_python_dop_operator_3.py for tasks to queue
[2024-03-14T11:07:03.209+0000] {logging_mixin.py:188} INFO - [2024-03-14T11:07:03.208+0000] {dagbag.py:540} INFO - Filling up the DagBag from /home/airflow/.local/lib/python3.8/site-packages/airflow/example_dags/example_branch_python_dop_operator_3.py
[2024-03-14T11:07:03.217+0000] {processor.py:840} INFO - DAG(s) 'example_branch_dop_operator_v3' retrieved from /home/airflow/.local/lib/python3.8/site-packages/airflow/example_dags/example_branch_python_dop_operator_3.py
[2024-03-14T11:07:03.231+0000] {logging_mixin.py:188} INFO - [2024-03-14T11:07:03.231+0000] {dag.py:3047} INFO - Sync 1 DAGs
[2024-03-14T11:07:03.246+0000] {logging_mixin.py:188} INFO - [2024-03-14T11:07:03.246+0000] {dag.py:3834} INFO - Setting next_dagrun for example_branch_dop_operator_v3 to 2024-03-14 11:06:00+00:00, run_after=2024-03-14 11:07:00+00:00
[2024-03-14T11:07:03.254+0000] {processor.py:183} INFO - Processing /home/airflow/.local/lib/python3.8/site-packages/airflow/example_dags/example_branch_python_dop_operator_3.py took 0.055 seconds
[2024-03-14T11:07:33.642+0000] {processor.py:161} INFO - Started process (PID=1296) to work on /home/airflow/.local/lib/python3.8/site-packages/airflow/example_dags/example_branch_python_dop_operator_3.py
[2024-03-14T11:07:33.644+0000] {processor.py:830} INFO - Processing file /home/airflow/.local/lib/python3.8/site-packages/airflow/example_dags/example_branch_python_dop_operator_3.py for tasks to queue
[2024-03-14T11:07:33.646+0000] {logging_mixin.py:188} INFO - [2024-03-14T11:07:33.646+0000] {dagbag.py:540} INFO - Filling up the DagBag from /home/airflow/.local/lib/python3.8/site-packages/airflow/example_dags/example_branch_python_dop_operator_3.py
[2024-03-14T11:07:33.657+0000] {processor.py:840} INFO - DAG(s) 'example_branch_dop_operator_v3' retrieved from /home/airflow/.local/lib/python3.8/site-packages/airflow/example_dags/example_branch_python_dop_operator_3.py
[2024-03-14T11:07:33.672+0000] {logging_mixin.py:188} INFO - [2024-03-14T11:07:33.671+0000] {dag.py:3047} INFO - Sync 1 DAGs
[2024-03-14T11:07:33.686+0000] {logging_mixin.py:188} INFO - [2024-03-14T11:07:33.686+0000] {dag.py:3834} INFO - Setting next_dagrun for example_branch_dop_operator_v3 to 2024-03-14 11:06:00+00:00, run_after=2024-03-14 11:07:00+00:00
[2024-03-14T11:07:33.695+0000] {processor.py:183} INFO - Processing /home/airflow/.local/lib/python3.8/site-packages/airflow/example_dags/example_branch_python_dop_operator_3.py took 0.059 seconds
[2024-03-14T11:08:04.039+0000] {processor.py:161} INFO - Started process (PID=1351) to work on /home/airflow/.local/lib/python3.8/site-packages/airflow/example_dags/example_branch_python_dop_operator_3.py
[2024-03-14T11:08:04.040+0000] {processor.py:830} INFO - Processing file /home/airflow/.local/lib/python3.8/site-packages/airflow/example_dags/example_branch_python_dop_operator_3.py for tasks to queue
[2024-03-14T11:08:04.041+0000] {logging_mixin.py:188} INFO - [2024-03-14T11:08:04.041+0000] {dagbag.py:540} INFO - Filling up the DagBag from /home/airflow/.local/lib/python3.8/site-packages/airflow/example_dags/example_branch_python_dop_operator_3.py
[2024-03-14T11:08:04.046+0000] {processor.py:840} INFO - DAG(s) 'example_branch_dop_operator_v3' retrieved from /home/airflow/.local/lib/python3.8/site-packages/airflow/example_dags/example_branch_python_dop_operator_3.py
[2024-03-14T11:08:04.056+0000] {logging_mixin.py:188} INFO - [2024-03-14T11:08:04.056+0000] {dag.py:3047} INFO - Sync 1 DAGs
[2024-03-14T11:08:04.067+0000] {logging_mixin.py:188} INFO - [2024-03-14T11:08:04.067+0000] {dag.py:3834} INFO - Setting next_dagrun for example_branch_dop_operator_v3 to 2024-03-14 11:07:00+00:00, run_after=2024-03-14 11:08:00+00:00
[2024-03-14T11:08:04.074+0000] {processor.py:183} INFO - Processing /home/airflow/.local/lib/python3.8/site-packages/airflow/example_dags/example_branch_python_dop_operator_3.py took 0.038 seconds
[2024-03-14T11:08:34.320+0000] {processor.py:161} INFO - Started process (PID=1406) to work on /home/airflow/.local/lib/python3.8/site-packages/airflow/example_dags/example_branch_python_dop_operator_3.py
[2024-03-14T11:08:34.322+0000] {processor.py:830} INFO - Processing file /home/airflow/.local/lib/python3.8/site-packages/airflow/example_dags/example_branch_python_dop_operator_3.py for tasks to queue
[2024-03-14T11:08:34.323+0000] {logging_mixin.py:188} INFO - [2024-03-14T11:08:34.323+0000] {dagbag.py:540} INFO - Filling up the DagBag from /home/airflow/.local/lib/python3.8/site-packages/airflow/example_dags/example_branch_python_dop_operator_3.py
[2024-03-14T11:08:34.330+0000] {processor.py:840} INFO - DAG(s) 'example_branch_dop_operator_v3' retrieved from /home/airflow/.local/lib/python3.8/site-packages/airflow/example_dags/example_branch_python_dop_operator_3.py
[2024-03-14T11:08:34.342+0000] {logging_mixin.py:188} INFO - [2024-03-14T11:08:34.341+0000] {dag.py:3047} INFO - Sync 1 DAGs
[2024-03-14T11:08:34.355+0000] {logging_mixin.py:188} INFO - [2024-03-14T11:08:34.355+0000] {dag.py:3834} INFO - Setting next_dagrun for example_branch_dop_operator_v3 to 2024-03-14 11:07:00+00:00, run_after=2024-03-14 11:08:00+00:00
[2024-03-14T11:08:34.362+0000] {processor.py:183} INFO - Processing /home/airflow/.local/lib/python3.8/site-packages/airflow/example_dags/example_branch_python_dop_operator_3.py took 0.045 seconds
[2024-03-14T11:09:04.653+0000] {processor.py:161} INFO - Started process (PID=1461) to work on /home/airflow/.local/lib/python3.8/site-packages/airflow/example_dags/example_branch_python_dop_operator_3.py
[2024-03-14T11:09:04.655+0000] {processor.py:830} INFO - Processing file /home/airflow/.local/lib/python3.8/site-packages/airflow/example_dags/example_branch_python_dop_operator_3.py for tasks to queue
[2024-03-14T11:09:04.657+0000] {logging_mixin.py:188} INFO - [2024-03-14T11:09:04.657+0000] {dagbag.py:540} INFO - Filling up the DagBag from /home/airflow/.local/lib/python3.8/site-packages/airflow/example_dags/example_branch_python_dop_operator_3.py
[2024-03-14T11:09:04.667+0000] {processor.py:840} INFO - DAG(s) 'example_branch_dop_operator_v3' retrieved from /home/airflow/.local/lib/python3.8/site-packages/airflow/example_dags/example_branch_python_dop_operator_3.py
[2024-03-14T11:09:04.682+0000] {logging_mixin.py:188} INFO - [2024-03-14T11:09:04.682+0000] {dag.py:3047} INFO - Sync 1 DAGs
[2024-03-14T11:09:04.697+0000] {logging_mixin.py:188} INFO - [2024-03-14T11:09:04.697+0000] {dag.py:3834} INFO - Setting next_dagrun for example_branch_dop_operator_v3 to 2024-03-14 11:08:00+00:00, run_after=2024-03-14 11:09:00+00:00
[2024-03-14T11:09:04.706+0000] {processor.py:183} INFO - Processing /home/airflow/.local/lib/python3.8/site-packages/airflow/example_dags/example_branch_python_dop_operator_3.py took 0.058 seconds
[2024-03-14T11:09:35.051+0000] {processor.py:161} INFO - Started process (PID=1516) to work on /home/airflow/.local/lib/python3.8/site-packages/airflow/example_dags/example_branch_python_dop_operator_3.py
[2024-03-14T11:09:35.053+0000] {processor.py:830} INFO - Processing file /home/airflow/.local/lib/python3.8/site-packages/airflow/example_dags/example_branch_python_dop_operator_3.py for tasks to queue
[2024-03-14T11:09:35.055+0000] {logging_mixin.py:188} INFO - [2024-03-14T11:09:35.054+0000] {dagbag.py:540} INFO - Filling up the DagBag from /home/airflow/.local/lib/python3.8/site-packages/airflow/example_dags/example_branch_python_dop_operator_3.py
[2024-03-14T11:09:35.063+0000] {processor.py:840} INFO - DAG(s) 'example_branch_dop_operator_v3' retrieved from /home/airflow/.local/lib/python3.8/site-packages/airflow/example_dags/example_branch_python_dop_operator_3.py
[2024-03-14T11:09:35.078+0000] {logging_mixin.py:188} INFO - [2024-03-14T11:09:35.077+0000] {dag.py:3047} INFO - Sync 1 DAGs
[2024-03-14T11:09:35.093+0000] {logging_mixin.py:188} INFO - [2024-03-14T11:09:35.092+0000] {dag.py:3834} INFO - Setting next_dagrun for example_branch_dop_operator_v3 to 2024-03-14 11:08:00+00:00, run_after=2024-03-14 11:09:00+00:00
[2024-03-14T11:09:35.101+0000] {processor.py:183} INFO - Processing /home/airflow/.local/lib/python3.8/site-packages/airflow/example_dags/example_branch_python_dop_operator_3.py took 0.055 seconds
[2024-03-14T11:10:05.376+0000] {processor.py:161} INFO - Started process (PID=1570) to work on /home/airflow/.local/lib/python3.8/site-packages/airflow/example_dags/example_branch_python_dop_operator_3.py
[2024-03-14T11:10:05.377+0000] {processor.py:830} INFO - Processing file /home/airflow/.local/lib/python3.8/site-packages/airflow/example_dags/example_branch_python_dop_operator_3.py for tasks to queue
[2024-03-14T11:10:05.380+0000] {logging_mixin.py:188} INFO - [2024-03-14T11:10:05.379+0000] {dagbag.py:540} INFO - Filling up the DagBag from /home/airflow/.local/lib/python3.8/site-packages/airflow/example_dags/example_branch_python_dop_operator_3.py
[2024-03-14T11:10:05.388+0000] {processor.py:840} INFO - DAG(s) 'example_branch_dop_operator_v3' retrieved from /home/airflow/.local/lib/python3.8/site-packages/airflow/example_dags/example_branch_python_dop_operator_3.py
[2024-03-14T11:10:05.402+0000] {logging_mixin.py:188} INFO - [2024-03-14T11:10:05.402+0000] {dag.py:3047} INFO - Sync 1 DAGs
[2024-03-14T11:10:05.417+0000] {logging_mixin.py:188} INFO - [2024-03-14T11:10:05.417+0000] {dag.py:3834} INFO - Setting next_dagrun for example_branch_dop_operator_v3 to 2024-03-14 11:09:00+00:00, run_after=2024-03-14 11:10:00+00:00
[2024-03-14T11:10:05.426+0000] {processor.py:183} INFO - Processing /home/airflow/.local/lib/python3.8/site-packages/airflow/example_dags/example_branch_python_dop_operator_3.py took 0.054 seconds
[2024-03-14T11:10:35.788+0000] {processor.py:161} INFO - Started process (PID=1625) to work on /home/airflow/.local/lib/python3.8/site-packages/airflow/example_dags/example_branch_python_dop_operator_3.py
[2024-03-14T11:10:35.790+0000] {processor.py:830} INFO - Processing file /home/airflow/.local/lib/python3.8/site-packages/airflow/example_dags/example_branch_python_dop_operator_3.py for tasks to queue
[2024-03-14T11:10:35.793+0000] {logging_mixin.py:188} INFO - [2024-03-14T11:10:35.792+0000] {dagbag.py:540} INFO - Filling up the DagBag from /home/airflow/.local/lib/python3.8/site-packages/airflow/example_dags/example_branch_python_dop_operator_3.py
[2024-03-14T11:10:35.803+0000] {processor.py:840} INFO - DAG(s) 'example_branch_dop_operator_v3' retrieved from /home/airflow/.local/lib/python3.8/site-packages/airflow/example_dags/example_branch_python_dop_operator_3.py
[2024-03-14T11:10:35.818+0000] {logging_mixin.py:188} INFO - [2024-03-14T11:10:35.818+0000] {dag.py:3047} INFO - Sync 1 DAGs
[2024-03-14T11:10:35.834+0000] {logging_mixin.py:188} INFO - [2024-03-14T11:10:35.834+0000] {dag.py:3834} INFO - Setting next_dagrun for example_branch_dop_operator_v3 to 2024-03-14 11:09:00+00:00, run_after=2024-03-14 11:10:00+00:00
[2024-03-14T11:10:35.842+0000] {processor.py:183} INFO - Processing /home/airflow/.local/lib/python3.8/site-packages/airflow/example_dags/example_branch_python_dop_operator_3.py took 0.059 seconds
[2024-03-14T11:11:06.222+0000] {processor.py:161} INFO - Started process (PID=1680) to work on /home/airflow/.local/lib/python3.8/site-packages/airflow/example_dags/example_branch_python_dop_operator_3.py
[2024-03-14T11:11:06.224+0000] {processor.py:830} INFO - Processing file /home/airflow/.local/lib/python3.8/site-packages/airflow/example_dags/example_branch_python_dop_operator_3.py for tasks to queue
[2024-03-14T11:11:06.226+0000] {logging_mixin.py:188} INFO - [2024-03-14T11:11:06.226+0000] {dagbag.py:540} INFO - Filling up the DagBag from /home/airflow/.local/lib/python3.8/site-packages/airflow/example_dags/example_branch_python_dop_operator_3.py
[2024-03-14T11:11:06.235+0000] {processor.py:840} INFO - DAG(s) 'example_branch_dop_operator_v3' retrieved from /home/airflow/.local/lib/python3.8/site-packages/airflow/example_dags/example_branch_python_dop_operator_3.py
[2024-03-14T11:11:06.249+0000] {logging_mixin.py:188} INFO - [2024-03-14T11:11:06.249+0000] {dag.py:3047} INFO - Sync 1 DAGs
[2024-03-14T11:11:06.264+0000] {logging_mixin.py:188} INFO - [2024-03-14T11:11:06.264+0000] {dag.py:3834} INFO - Setting next_dagrun for example_branch_dop_operator_v3 to 2024-03-14 11:10:00+00:00, run_after=2024-03-14 11:11:00+00:00
[2024-03-14T11:11:06.272+0000] {processor.py:183} INFO - Processing /home/airflow/.local/lib/python3.8/site-packages/airflow/example_dags/example_branch_python_dop_operator_3.py took 0.055 seconds
[2024-03-14T11:11:36.635+0000] {processor.py:161} INFO - Started process (PID=1734) to work on /home/airflow/.local/lib/python3.8/site-packages/airflow/example_dags/example_branch_python_dop_operator_3.py
[2024-03-14T11:11:36.637+0000] {processor.py:830} INFO - Processing file /home/airflow/.local/lib/python3.8/site-packages/airflow/example_dags/example_branch_python_dop_operator_3.py for tasks to queue
[2024-03-14T11:11:36.640+0000] {logging_mixin.py:188} INFO - [2024-03-14T11:11:36.640+0000] {dagbag.py:540} INFO - Filling up the DagBag from /home/airflow/.local/lib/python3.8/site-packages/airflow/example_dags/example_branch_python_dop_operator_3.py
[2024-03-14T11:11:36.650+0000] {processor.py:840} INFO - DAG(s) 'example_branch_dop_operator_v3' retrieved from /home/airflow/.local/lib/python3.8/site-packages/airflow/example_dags/example_branch_python_dop_operator_3.py
[2024-03-14T11:11:36.667+0000] {logging_mixin.py:188} INFO - [2024-03-14T11:11:36.667+0000] {dag.py:3047} INFO - Sync 1 DAGs
[2024-03-14T11:11:36.684+0000] {logging_mixin.py:188} INFO - [2024-03-14T11:11:36.683+0000] {dag.py:3834} INFO - Setting next_dagrun for example_branch_dop_operator_v3 to 2024-03-14 11:10:00+00:00, run_after=2024-03-14 11:11:00+00:00
[2024-03-14T11:11:36.693+0000] {processor.py:183} INFO - Processing /home/airflow/.local/lib/python3.8/site-packages/airflow/example_dags/example_branch_python_dop_operator_3.py took 0.063 seconds
[2024-03-14T11:12:07.080+0000] {processor.py:161} INFO - Started process (PID=1789) to work on /home/airflow/.local/lib/python3.8/site-packages/airflow/example_dags/example_branch_python_dop_operator_3.py
[2024-03-14T11:12:07.082+0000] {processor.py:830} INFO - Processing file /home/airflow/.local/lib/python3.8/site-packages/airflow/example_dags/example_branch_python_dop_operator_3.py for tasks to queue
[2024-03-14T11:12:07.084+0000] {logging_mixin.py:188} INFO - [2024-03-14T11:12:07.084+0000] {dagbag.py:540} INFO - Filling up the DagBag from /home/airflow/.local/lib/python3.8/site-packages/airflow/example_dags/example_branch_python_dop_operator_3.py
[2024-03-14T11:12:07.094+0000] {processor.py:840} INFO - DAG(s) 'example_branch_dop_operator_v3' retrieved from /home/airflow/.local/lib/python3.8/site-packages/airflow/example_dags/example_branch_python_dop_operator_3.py
[2024-03-14T11:12:07.109+0000] {logging_mixin.py:188} INFO - [2024-03-14T11:12:07.109+0000] {dag.py:3047} INFO - Sync 1 DAGs
[2024-03-14T11:12:07.124+0000] {logging_mixin.py:188} INFO - [2024-03-14T11:12:07.124+0000] {dag.py:3834} INFO - Setting next_dagrun for example_branch_dop_operator_v3 to 2024-03-14 11:11:00+00:00, run_after=2024-03-14 11:12:00+00:00
[2024-03-14T11:12:07.133+0000] {processor.py:183} INFO - Processing /home/airflow/.local/lib/python3.8/site-packages/airflow/example_dags/example_branch_python_dop_operator_3.py took 0.058 seconds
[2024-03-14T11:12:37.554+0000] {processor.py:161} INFO - Started process (PID=1844) to work on /home/airflow/.local/lib/python3.8/site-packages/airflow/example_dags/example_branch_python_dop_operator_3.py
[2024-03-14T11:12:37.556+0000] {processor.py:830} INFO - Processing file /home/airflow/.local/lib/python3.8/site-packages/airflow/example_dags/example_branch_python_dop_operator_3.py for tasks to queue
[2024-03-14T11:12:37.559+0000] {logging_mixin.py:188} INFO - [2024-03-14T11:12:37.558+0000] {dagbag.py:540} INFO - Filling up the DagBag from /home/airflow/.local/lib/python3.8/site-packages/airflow/example_dags/example_branch_python_dop_operator_3.py
[2024-03-14T11:12:37.569+0000] {processor.py:840} INFO - DAG(s) 'example_branch_dop_operator_v3' retrieved from /home/airflow/.local/lib/python3.8/site-packages/airflow/example_dags/example_branch_python_dop_operator_3.py
[2024-03-14T11:12:37.583+0000] {logging_mixin.py:188} INFO - [2024-03-14T11:12:37.583+0000] {dag.py:3047} INFO - Sync 1 DAGs
[2024-03-14T11:12:37.598+0000] {logging_mixin.py:188} INFO - [2024-03-14T11:12:37.598+0000] {dag.py:3834} INFO - Setting next_dagrun for example_branch_dop_operator_v3 to 2024-03-14 11:11:00+00:00, run_after=2024-03-14 11:12:00+00:00
[2024-03-14T11:12:37.606+0000] {processor.py:183} INFO - Processing /home/airflow/.local/lib/python3.8/site-packages/airflow/example_dags/example_branch_python_dop_operator_3.py took 0.058 seconds
[2024-03-14T11:13:07.919+0000] {processor.py:161} INFO - Started process (PID=1898) to work on /home/airflow/.local/lib/python3.8/site-packages/airflow/example_dags/example_branch_python_dop_operator_3.py
[2024-03-14T11:13:07.921+0000] {processor.py:830} INFO - Processing file /home/airflow/.local/lib/python3.8/site-packages/airflow/example_dags/example_branch_python_dop_operator_3.py for tasks to queue
[2024-03-14T11:13:07.923+0000] {logging_mixin.py:188} INFO - [2024-03-14T11:13:07.923+0000] {dagbag.py:540} INFO - Filling up the DagBag from /home/airflow/.local/lib/python3.8/site-packages/airflow/example_dags/example_branch_python_dop_operator_3.py
[2024-03-14T11:13:07.931+0000] {processor.py:840} INFO - DAG(s) 'example_branch_dop_operator_v3' retrieved from /home/airflow/.local/lib/python3.8/site-packages/airflow/example_dags/example_branch_python_dop_operator_3.py
[2024-03-14T11:13:07.945+0000] {logging_mixin.py:188} INFO - [2024-03-14T11:13:07.945+0000] {dag.py:3047} INFO - Sync 1 DAGs
[2024-03-14T11:13:07.959+0000] {logging_mixin.py:188} INFO - [2024-03-14T11:13:07.959+0000] {dag.py:3834} INFO - Setting next_dagrun for example_branch_dop_operator_v3 to 2024-03-14 11:12:00+00:00, run_after=2024-03-14 11:13:00+00:00
[2024-03-14T11:13:07.968+0000] {processor.py:183} INFO - Processing /home/airflow/.local/lib/python3.8/site-packages/airflow/example_dags/example_branch_python_dop_operator_3.py took 0.054 seconds
[2024-03-14T11:13:38.255+0000] {processor.py:161} INFO - Started process (PID=1953) to work on /home/airflow/.local/lib/python3.8/site-packages/airflow/example_dags/example_branch_python_dop_operator_3.py
[2024-03-14T11:13:38.256+0000] {processor.py:830} INFO - Processing file /home/airflow/.local/lib/python3.8/site-packages/airflow/example_dags/example_branch_python_dop_operator_3.py for tasks to queue
[2024-03-14T11:13:38.258+0000] {logging_mixin.py:188} INFO - [2024-03-14T11:13:38.258+0000] {dagbag.py:540} INFO - Filling up the DagBag from /home/airflow/.local/lib/python3.8/site-packages/airflow/example_dags/example_branch_python_dop_operator_3.py
[2024-03-14T11:13:38.266+0000] {processor.py:840} INFO - DAG(s) 'example_branch_dop_operator_v3' retrieved from /home/airflow/.local/lib/python3.8/site-packages/airflow/example_dags/example_branch_python_dop_operator_3.py
[2024-03-14T11:13:38.278+0000] {logging_mixin.py:188} INFO - [2024-03-14T11:13:38.278+0000] {dag.py:3047} INFO - Sync 1 DAGs
[2024-03-14T11:13:38.292+0000] {logging_mixin.py:188} INFO - [2024-03-14T11:13:38.292+0000] {dag.py:3834} INFO - Setting next_dagrun for example_branch_dop_operator_v3 to 2024-03-14 11:12:00+00:00, run_after=2024-03-14 11:13:00+00:00
[2024-03-14T11:13:38.300+0000] {processor.py:183} INFO - Processing /home/airflow/.local/lib/python3.8/site-packages/airflow/example_dags/example_branch_python_dop_operator_3.py took 0.049 seconds
[2024-03-14T11:14:08.641+0000] {processor.py:161} INFO - Started process (PID=2008) to work on /home/airflow/.local/lib/python3.8/site-packages/airflow/example_dags/example_branch_python_dop_operator_3.py
[2024-03-14T11:14:08.642+0000] {processor.py:830} INFO - Processing file /home/airflow/.local/lib/python3.8/site-packages/airflow/example_dags/example_branch_python_dop_operator_3.py for tasks to queue
[2024-03-14T11:14:08.645+0000] {logging_mixin.py:188} INFO - [2024-03-14T11:14:08.645+0000] {dagbag.py:540} INFO - Filling up the DagBag from /home/airflow/.local/lib/python3.8/site-packages/airflow/example_dags/example_branch_python_dop_operator_3.py
[2024-03-14T11:14:08.655+0000] {processor.py:840} INFO - DAG(s) 'example_branch_dop_operator_v3' retrieved from /home/airflow/.local/lib/python3.8/site-packages/airflow/example_dags/example_branch_python_dop_operator_3.py
[2024-03-14T11:14:08.669+0000] {logging_mixin.py:188} INFO - [2024-03-14T11:14:08.669+0000] {dag.py:3047} INFO - Sync 1 DAGs
[2024-03-14T11:14:08.684+0000] {logging_mixin.py:188} INFO - [2024-03-14T11:14:08.684+0000] {dag.py:3834} INFO - Setting next_dagrun for example_branch_dop_operator_v3 to 2024-03-14 11:13:00+00:00, run_after=2024-03-14 11:14:00+00:00
[2024-03-14T11:14:08.695+0000] {processor.py:183} INFO - Processing /home/airflow/.local/lib/python3.8/site-packages/airflow/example_dags/example_branch_python_dop_operator_3.py took 0.060 seconds
[2024-03-14T11:14:38.969+0000] {processor.py:161} INFO - Started process (PID=2063) to work on /home/airflow/.local/lib/python3.8/site-packages/airflow/example_dags/example_branch_python_dop_operator_3.py
[2024-03-14T11:14:38.971+0000] {processor.py:830} INFO - Processing file /home/airflow/.local/lib/python3.8/site-packages/airflow/example_dags/example_branch_python_dop_operator_3.py for tasks to queue
[2024-03-14T11:14:38.974+0000] {logging_mixin.py:188} INFO - [2024-03-14T11:14:38.973+0000] {dagbag.py:540} INFO - Filling up the DagBag from /home/airflow/.local/lib/python3.8/site-packages/airflow/example_dags/example_branch_python_dop_operator_3.py
[2024-03-14T11:14:38.983+0000] {processor.py:840} INFO - DAG(s) 'example_branch_dop_operator_v3' retrieved from /home/airflow/.local/lib/python3.8/site-packages/airflow/example_dags/example_branch_python_dop_operator_3.py
[2024-03-14T11:14:38.998+0000] {logging_mixin.py:188} INFO - [2024-03-14T11:14:38.997+0000] {dag.py:3047} INFO - Sync 1 DAGs
[2024-03-14T11:14:39.012+0000] {logging_mixin.py:188} INFO - [2024-03-14T11:14:39.012+0000] {dag.py:3834} INFO - Setting next_dagrun for example_branch_dop_operator_v3 to 2024-03-14 11:13:00+00:00, run_after=2024-03-14 11:14:00+00:00
[2024-03-14T11:14:39.021+0000] {processor.py:183} INFO - Processing /home/airflow/.local/lib/python3.8/site-packages/airflow/example_dags/example_branch_python_dop_operator_3.py took 0.057 seconds
[2024-03-14T11:15:09.396+0000] {processor.py:161} INFO - Started process (PID=2118) to work on /home/airflow/.local/lib/python3.8/site-packages/airflow/example_dags/example_branch_python_dop_operator_3.py
[2024-03-14T11:15:09.398+0000] {processor.py:830} INFO - Processing file /home/airflow/.local/lib/python3.8/site-packages/airflow/example_dags/example_branch_python_dop_operator_3.py for tasks to queue
[2024-03-14T11:15:09.400+0000] {logging_mixin.py:188} INFO - [2024-03-14T11:15:09.400+0000] {dagbag.py:540} INFO - Filling up the DagBag from /home/airflow/.local/lib/python3.8/site-packages/airflow/example_dags/example_branch_python_dop_operator_3.py
[2024-03-14T11:15:09.410+0000] {processor.py:840} INFO - DAG(s) 'example_branch_dop_operator_v3' retrieved from /home/airflow/.local/lib/python3.8/site-packages/airflow/example_dags/example_branch_python_dop_operator_3.py
[2024-03-14T11:15:09.425+0000] {logging_mixin.py:188} INFO - [2024-03-14T11:15:09.425+0000] {dag.py:3047} INFO - Sync 1 DAGs
[2024-03-14T11:15:09.440+0000] {logging_mixin.py:188} INFO - [2024-03-14T11:15:09.440+0000] {dag.py:3834} INFO - Setting next_dagrun for example_branch_dop_operator_v3 to 2024-03-14 11:14:00+00:00, run_after=2024-03-14 11:15:00+00:00
[2024-03-14T11:15:09.449+0000] {processor.py:183} INFO - Processing /home/airflow/.local/lib/python3.8/site-packages/airflow/example_dags/example_branch_python_dop_operator_3.py took 0.058 seconds
[2024-03-14T11:15:39.737+0000] {processor.py:161} INFO - Started process (PID=2173) to work on /home/airflow/.local/lib/python3.8/site-packages/airflow/example_dags/example_branch_python_dop_operator_3.py
[2024-03-14T11:15:39.739+0000] {processor.py:830} INFO - Processing file /home/airflow/.local/lib/python3.8/site-packages/airflow/example_dags/example_branch_python_dop_operator_3.py for tasks to queue
[2024-03-14T11:15:39.743+0000] {logging_mixin.py:188} INFO - [2024-03-14T11:15:39.742+0000] {dagbag.py:540} INFO - Filling up the DagBag from /home/airflow/.local/lib/python3.8/site-packages/airflow/example_dags/example_branch_python_dop_operator_3.py
[2024-03-14T11:15:39.752+0000] {processor.py:840} INFO - DAG(s) 'example_branch_dop_operator_v3' retrieved from /home/airflow/.local/lib/python3.8/site-packages/airflow/example_dags/example_branch_python_dop_operator_3.py
[2024-03-14T11:15:39.767+0000] {logging_mixin.py:188} INFO - [2024-03-14T11:15:39.767+0000] {dag.py:3047} INFO - Sync 1 DAGs
[2024-03-14T11:15:39.781+0000] {logging_mixin.py:188} INFO - [2024-03-14T11:15:39.781+0000] {dag.py:3834} INFO - Setting next_dagrun for example_branch_dop_operator_v3 to 2024-03-14 11:14:00+00:00, run_after=2024-03-14 11:15:00+00:00
[2024-03-14T11:15:39.789+0000] {processor.py:183} INFO - Processing /home/airflow/.local/lib/python3.8/site-packages/airflow/example_dags/example_branch_python_dop_operator_3.py took 0.058 seconds
[2024-03-14T11:16:10.224+0000] {processor.py:161} INFO - Started process (PID=2227) to work on /home/airflow/.local/lib/python3.8/site-packages/airflow/example_dags/example_branch_python_dop_operator_3.py
[2024-03-14T11:16:10.225+0000] {processor.py:830} INFO - Processing file /home/airflow/.local/lib/python3.8/site-packages/airflow/example_dags/example_branch_python_dop_operator_3.py for tasks to queue
[2024-03-14T11:16:10.228+0000] {logging_mixin.py:188} INFO - [2024-03-14T11:16:10.227+0000] {dagbag.py:540} INFO - Filling up the DagBag from /home/airflow/.local/lib/python3.8/site-packages/airflow/example_dags/example_branch_python_dop_operator_3.py
[2024-03-14T11:16:10.236+0000] {processor.py:840} INFO - DAG(s) 'example_branch_dop_operator_v3' retrieved from /home/airflow/.local/lib/python3.8/site-packages/airflow/example_dags/example_branch_python_dop_operator_3.py
[2024-03-14T11:16:10.250+0000] {logging_mixin.py:188} INFO - [2024-03-14T11:16:10.250+0000] {dag.py:3047} INFO - Sync 1 DAGs
[2024-03-14T11:16:10.264+0000] {logging_mixin.py:188} INFO - [2024-03-14T11:16:10.264+0000] {dag.py:3834} INFO - Setting next_dagrun for example_branch_dop_operator_v3 to 2024-03-14 11:15:00+00:00, run_after=2024-03-14 11:16:00+00:00
[2024-03-14T11:16:10.273+0000] {processor.py:183} INFO - Processing /home/airflow/.local/lib/python3.8/site-packages/airflow/example_dags/example_branch_python_dop_operator_3.py took 0.055 seconds
[2024-03-14T11:16:40.613+0000] {processor.py:161} INFO - Started process (PID=2282) to work on /home/airflow/.local/lib/python3.8/site-packages/airflow/example_dags/example_branch_python_dop_operator_3.py
[2024-03-14T11:16:40.618+0000] {processor.py:830} INFO - Processing file /home/airflow/.local/lib/python3.8/site-packages/airflow/example_dags/example_branch_python_dop_operator_3.py for tasks to queue
[2024-03-14T11:16:40.620+0000] {logging_mixin.py:188} INFO - [2024-03-14T11:16:40.620+0000] {dagbag.py:540} INFO - Filling up the DagBag from /home/airflow/.local/lib/python3.8/site-packages/airflow/example_dags/example_branch_python_dop_operator_3.py
[2024-03-14T11:16:40.630+0000] {processor.py:840} INFO - DAG(s) 'example_branch_dop_operator_v3' retrieved from /home/airflow/.local/lib/python3.8/site-packages/airflow/example_dags/example_branch_python_dop_operator_3.py
[2024-03-14T11:16:40.643+0000] {logging_mixin.py:188} INFO - [2024-03-14T11:16:40.643+0000] {dag.py:3047} INFO - Sync 1 DAGs
[2024-03-14T11:16:40.661+0000] {logging_mixin.py:188} INFO - [2024-03-14T11:16:40.661+0000] {dag.py:3834} INFO - Setting next_dagrun for example_branch_dop_operator_v3 to 2024-03-14 11:15:00+00:00, run_after=2024-03-14 11:16:00+00:00
[2024-03-14T11:16:40.670+0000] {processor.py:183} INFO - Processing /home/airflow/.local/lib/python3.8/site-packages/airflow/example_dags/example_branch_python_dop_operator_3.py took 0.062 seconds
[2024-03-14T11:17:11.036+0000] {processor.py:161} INFO - Started process (PID=2337) to work on /home/airflow/.local/lib/python3.8/site-packages/airflow/example_dags/example_branch_python_dop_operator_3.py
[2024-03-14T11:17:11.039+0000] {processor.py:830} INFO - Processing file /home/airflow/.local/lib/python3.8/site-packages/airflow/example_dags/example_branch_python_dop_operator_3.py for tasks to queue
[2024-03-14T11:17:11.045+0000] {logging_mixin.py:188} INFO - [2024-03-14T11:17:11.045+0000] {dagbag.py:540} INFO - Filling up the DagBag from /home/airflow/.local/lib/python3.8/site-packages/airflow/example_dags/example_branch_python_dop_operator_3.py
[2024-03-14T11:17:11.057+0000] {processor.py:840} INFO - DAG(s) 'example_branch_dop_operator_v3' retrieved from /home/airflow/.local/lib/python3.8/site-packages/airflow/example_dags/example_branch_python_dop_operator_3.py
[2024-03-14T11:17:11.071+0000] {logging_mixin.py:188} INFO - [2024-03-14T11:17:11.071+0000] {dag.py:3047} INFO - Sync 1 DAGs
[2024-03-14T11:17:11.084+0000] {logging_mixin.py:188} INFO - [2024-03-14T11:17:11.084+0000] {dag.py:3834} INFO - Setting next_dagrun for example_branch_dop_operator_v3 to 2024-03-14 11:16:00+00:00, run_after=2024-03-14 11:17:00+00:00
[2024-03-14T11:17:11.092+0000] {processor.py:183} INFO - Processing /home/airflow/.local/lib/python3.8/site-packages/airflow/example_dags/example_branch_python_dop_operator_3.py took 0.066 seconds
[2024-03-14T11:17:41.585+0000] {processor.py:161} INFO - Started process (PID=2392) to work on /home/airflow/.local/lib/python3.8/site-packages/airflow/example_dags/example_branch_python_dop_operator_3.py
[2024-03-14T11:17:41.587+0000] {processor.py:830} INFO - Processing file /home/airflow/.local/lib/python3.8/site-packages/airflow/example_dags/example_branch_python_dop_operator_3.py for tasks to queue
[2024-03-14T11:17:41.589+0000] {logging_mixin.py:188} INFO - [2024-03-14T11:17:41.588+0000] {dagbag.py:540} INFO - Filling up the DagBag from /home/airflow/.local/lib/python3.8/site-packages/airflow/example_dags/example_branch_python_dop_operator_3.py
[2024-03-14T11:17:41.596+0000] {processor.py:840} INFO - DAG(s) 'example_branch_dop_operator_v3' retrieved from /home/airflow/.local/lib/python3.8/site-packages/airflow/example_dags/example_branch_python_dop_operator_3.py
[2024-03-14T11:17:41.610+0000] {logging_mixin.py:188} INFO - [2024-03-14T11:17:41.610+0000] {dag.py:3047} INFO - Sync 1 DAGs
[2024-03-14T11:17:41.624+0000] {logging_mixin.py:188} INFO - [2024-03-14T11:17:41.623+0000] {dag.py:3834} INFO - Setting next_dagrun for example_branch_dop_operator_v3 to 2024-03-14 11:16:00+00:00, run_after=2024-03-14 11:17:00+00:00
[2024-03-14T11:17:41.631+0000] {processor.py:183} INFO - Processing /home/airflow/.local/lib/python3.8/site-packages/airflow/example_dags/example_branch_python_dop_operator_3.py took 0.050 seconds
[2024-03-14T11:18:12.034+0000] {processor.py:161} INFO - Started process (PID=2446) to work on /home/airflow/.local/lib/python3.8/site-packages/airflow/example_dags/example_branch_python_dop_operator_3.py
[2024-03-14T11:18:12.036+0000] {processor.py:830} INFO - Processing file /home/airflow/.local/lib/python3.8/site-packages/airflow/example_dags/example_branch_python_dop_operator_3.py for tasks to queue
[2024-03-14T11:18:12.039+0000] {logging_mixin.py:188} INFO - [2024-03-14T11:18:12.038+0000] {dagbag.py:540} INFO - Filling up the DagBag from /home/airflow/.local/lib/python3.8/site-packages/airflow/example_dags/example_branch_python_dop_operator_3.py
[2024-03-14T11:18:12.048+0000] {processor.py:840} INFO - DAG(s) 'example_branch_dop_operator_v3' retrieved from /home/airflow/.local/lib/python3.8/site-packages/airflow/example_dags/example_branch_python_dop_operator_3.py
[2024-03-14T11:18:12.062+0000] {logging_mixin.py:188} INFO - [2024-03-14T11:18:12.062+0000] {dag.py:3047} INFO - Sync 1 DAGs
[2024-03-14T11:18:12.077+0000] {logging_mixin.py:188} INFO - [2024-03-14T11:18:12.077+0000] {dag.py:3834} INFO - Setting next_dagrun for example_branch_dop_operator_v3 to 2024-03-14 11:17:00+00:00, run_after=2024-03-14 11:18:00+00:00
[2024-03-14T11:18:12.086+0000] {processor.py:183} INFO - Processing /home/airflow/.local/lib/python3.8/site-packages/airflow/example_dags/example_branch_python_dop_operator_3.py took 0.056 seconds
[2024-03-14T11:18:42.446+0000] {processor.py:161} INFO - Started process (PID=2501) to work on /home/airflow/.local/lib/python3.8/site-packages/airflow/example_dags/example_branch_python_dop_operator_3.py
[2024-03-14T11:18:42.448+0000] {processor.py:830} INFO - Processing file /home/airflow/.local/lib/python3.8/site-packages/airflow/example_dags/example_branch_python_dop_operator_3.py for tasks to queue
[2024-03-14T11:18:42.449+0000] {logging_mixin.py:188} INFO - [2024-03-14T11:18:42.449+0000] {dagbag.py:540} INFO - Filling up the DagBag from /home/airflow/.local/lib/python3.8/site-packages/airflow/example_dags/example_branch_python_dop_operator_3.py
[2024-03-14T11:18:42.457+0000] {processor.py:840} INFO - DAG(s) 'example_branch_dop_operator_v3' retrieved from /home/airflow/.local/lib/python3.8/site-packages/airflow/example_dags/example_branch_python_dop_operator_3.py
[2024-03-14T11:18:42.470+0000] {logging_mixin.py:188} INFO - [2024-03-14T11:18:42.470+0000] {dag.py:3047} INFO - Sync 1 DAGs
[2024-03-14T11:18:42.484+0000] {logging_mixin.py:188} INFO - [2024-03-14T11:18:42.484+0000] {dag.py:3834} INFO - Setting next_dagrun for example_branch_dop_operator_v3 to 2024-03-14 11:17:00+00:00, run_after=2024-03-14 11:18:00+00:00
[2024-03-14T11:18:42.493+0000] {processor.py:183} INFO - Processing /home/airflow/.local/lib/python3.8/site-packages/airflow/example_dags/example_branch_python_dop_operator_3.py took 0.052 seconds
[2024-03-14T11:19:12.912+0000] {processor.py:161} INFO - Started process (PID=2556) to work on /home/airflow/.local/lib/python3.8/site-packages/airflow/example_dags/example_branch_python_dop_operator_3.py
[2024-03-14T11:19:12.914+0000] {processor.py:830} INFO - Processing file /home/airflow/.local/lib/python3.8/site-packages/airflow/example_dags/example_branch_python_dop_operator_3.py for tasks to queue
[2024-03-14T11:19:12.916+0000] {logging_mixin.py:188} INFO - [2024-03-14T11:19:12.916+0000] {dagbag.py:540} INFO - Filling up the DagBag from /home/airflow/.local/lib/python3.8/site-packages/airflow/example_dags/example_branch_python_dop_operator_3.py
[2024-03-14T11:19:12.925+0000] {processor.py:840} INFO - DAG(s) 'example_branch_dop_operator_v3' retrieved from /home/airflow/.local/lib/python3.8/site-packages/airflow/example_dags/example_branch_python_dop_operator_3.py
[2024-03-14T11:19:12.940+0000] {logging_mixin.py:188} INFO - [2024-03-14T11:19:12.940+0000] {dag.py:3047} INFO - Sync 1 DAGs
[2024-03-14T11:19:12.955+0000] {logging_mixin.py:188} INFO - [2024-03-14T11:19:12.955+0000] {dag.py:3834} INFO - Setting next_dagrun for example_branch_dop_operator_v3 to 2024-03-14 11:18:00+00:00, run_after=2024-03-14 11:19:00+00:00
[2024-03-14T11:19:12.964+0000] {processor.py:183} INFO - Processing /home/airflow/.local/lib/python3.8/site-packages/airflow/example_dags/example_branch_python_dop_operator_3.py took 0.057 seconds
[2024-03-14T11:19:43.318+0000] {processor.py:161} INFO - Started process (PID=2611) to work on /home/airflow/.local/lib/python3.8/site-packages/airflow/example_dags/example_branch_python_dop_operator_3.py
[2024-03-14T11:19:43.320+0000] {processor.py:830} INFO - Processing file /home/airflow/.local/lib/python3.8/site-packages/airflow/example_dags/example_branch_python_dop_operator_3.py for tasks to queue
[2024-03-14T11:19:43.322+0000] {logging_mixin.py:188} INFO - [2024-03-14T11:19:43.321+0000] {dagbag.py:540} INFO - Filling up the DagBag from /home/airflow/.local/lib/python3.8/site-packages/airflow/example_dags/example_branch_python_dop_operator_3.py
[2024-03-14T11:19:43.332+0000] {processor.py:840} INFO - DAG(s) 'example_branch_dop_operator_v3' retrieved from /home/airflow/.local/lib/python3.8/site-packages/airflow/example_dags/example_branch_python_dop_operator_3.py
[2024-03-14T11:19:43.347+0000] {logging_mixin.py:188} INFO - [2024-03-14T11:19:43.347+0000] {dag.py:3047} INFO - Sync 1 DAGs
[2024-03-14T11:19:43.361+0000] {logging_mixin.py:188} INFO - [2024-03-14T11:19:43.361+0000] {dag.py:3834} INFO - Setting next_dagrun for example_branch_dop_operator_v3 to 2024-03-14 11:18:00+00:00, run_after=2024-03-14 11:19:00+00:00
[2024-03-14T11:19:43.369+0000] {processor.py:183} INFO - Processing /home/airflow/.local/lib/python3.8/site-packages/airflow/example_dags/example_branch_python_dop_operator_3.py took 0.057 seconds
[2024-03-14T11:20:13.692+0000] {processor.py:161} INFO - Started process (PID=2666) to work on /home/airflow/.local/lib/python3.8/site-packages/airflow/example_dags/example_branch_python_dop_operator_3.py
[2024-03-14T11:20:13.694+0000] {processor.py:830} INFO - Processing file /home/airflow/.local/lib/python3.8/site-packages/airflow/example_dags/example_branch_python_dop_operator_3.py for tasks to queue
[2024-03-14T11:20:13.696+0000] {logging_mixin.py:188} INFO - [2024-03-14T11:20:13.696+0000] {dagbag.py:540} INFO - Filling up the DagBag from /home/airflow/.local/lib/python3.8/site-packages/airflow/example_dags/example_branch_python_dop_operator_3.py
[2024-03-14T11:20:13.706+0000] {processor.py:840} INFO - DAG(s) 'example_branch_dop_operator_v3' retrieved from /home/airflow/.local/lib/python3.8/site-packages/airflow/example_dags/example_branch_python_dop_operator_3.py
[2024-03-14T11:20:13.720+0000] {logging_mixin.py:188} INFO - [2024-03-14T11:20:13.719+0000] {dag.py:3047} INFO - Sync 1 DAGs
[2024-03-14T11:20:13.734+0000] {logging_mixin.py:188} INFO - [2024-03-14T11:20:13.734+0000] {dag.py:3834} INFO - Setting next_dagrun for example_branch_dop_operator_v3 to 2024-03-14 11:19:00+00:00, run_after=2024-03-14 11:20:00+00:00
[2024-03-14T11:20:13.743+0000] {processor.py:183} INFO - Processing /home/airflow/.local/lib/python3.8/site-packages/airflow/example_dags/example_branch_python_dop_operator_3.py took 0.056 seconds
[2024-03-14T11:20:44.123+0000] {processor.py:161} INFO - Started process (PID=2721) to work on /home/airflow/.local/lib/python3.8/site-packages/airflow/example_dags/example_branch_python_dop_operator_3.py
[2024-03-14T11:20:44.125+0000] {processor.py:830} INFO - Processing file /home/airflow/.local/lib/python3.8/site-packages/airflow/example_dags/example_branch_python_dop_operator_3.py for tasks to queue
[2024-03-14T11:20:44.128+0000] {logging_mixin.py:188} INFO - [2024-03-14T11:20:44.128+0000] {dagbag.py:540} INFO - Filling up the DagBag from /home/airflow/.local/lib/python3.8/site-packages/airflow/example_dags/example_branch_python_dop_operator_3.py
[2024-03-14T11:20:44.136+0000] {processor.py:840} INFO - DAG(s) 'example_branch_dop_operator_v3' retrieved from /home/airflow/.local/lib/python3.8/site-packages/airflow/example_dags/example_branch_python_dop_operator_3.py
[2024-03-14T11:20:44.151+0000] {logging_mixin.py:188} INFO - [2024-03-14T11:20:44.151+0000] {dag.py:3047} INFO - Sync 1 DAGs
[2024-03-14T11:20:44.166+0000] {logging_mixin.py:188} INFO - [2024-03-14T11:20:44.165+0000] {dag.py:3834} INFO - Setting next_dagrun for example_branch_dop_operator_v3 to 2024-03-14 11:19:00+00:00, run_after=2024-03-14 11:20:00+00:00
[2024-03-14T11:20:44.174+0000] {processor.py:183} INFO - Processing /home/airflow/.local/lib/python3.8/site-packages/airflow/example_dags/example_branch_python_dop_operator_3.py took 0.056 seconds
[2024-03-14T11:21:14.599+0000] {processor.py:161} INFO - Started process (PID=2776) to work on /home/airflow/.local/lib/python3.8/site-packages/airflow/example_dags/example_branch_python_dop_operator_3.py
[2024-03-14T11:21:14.602+0000] {processor.py:830} INFO - Processing file /home/airflow/.local/lib/python3.8/site-packages/airflow/example_dags/example_branch_python_dop_operator_3.py for tasks to queue
[2024-03-14T11:21:14.604+0000] {logging_mixin.py:188} INFO - [2024-03-14T11:21:14.604+0000] {dagbag.py:540} INFO - Filling up the DagBag from /home/airflow/.local/lib/python3.8/site-packages/airflow/example_dags/example_branch_python_dop_operator_3.py
[2024-03-14T11:21:14.614+0000] {processor.py:840} INFO - DAG(s) 'example_branch_dop_operator_v3' retrieved from /home/airflow/.local/lib/python3.8/site-packages/airflow/example_dags/example_branch_python_dop_operator_3.py
[2024-03-14T11:21:14.631+0000] {logging_mixin.py:188} INFO - [2024-03-14T11:21:14.630+0000] {dag.py:3047} INFO - Sync 1 DAGs
[2024-03-14T11:21:14.645+0000] {logging_mixin.py:188} INFO - [2024-03-14T11:21:14.645+0000] {dag.py:3834} INFO - Setting next_dagrun for example_branch_dop_operator_v3 to 2024-03-14 11:20:00+00:00, run_after=2024-03-14 11:21:00+00:00
[2024-03-14T11:21:14.653+0000] {processor.py:183} INFO - Processing /home/airflow/.local/lib/python3.8/site-packages/airflow/example_dags/example_branch_python_dop_operator_3.py took 0.059 seconds
[2024-03-14T11:21:45.081+0000] {processor.py:161} INFO - Started process (PID=2831) to work on /home/airflow/.local/lib/python3.8/site-packages/airflow/example_dags/example_branch_python_dop_operator_3.py
[2024-03-14T11:21:45.084+0000] {processor.py:830} INFO - Processing file /home/airflow/.local/lib/python3.8/site-packages/airflow/example_dags/example_branch_python_dop_operator_3.py for tasks to queue
[2024-03-14T11:21:45.086+0000] {logging_mixin.py:188} INFO - [2024-03-14T11:21:45.086+0000] {dagbag.py:540} INFO - Filling up the DagBag from /home/airflow/.local/lib/python3.8/site-packages/airflow/example_dags/example_branch_python_dop_operator_3.py
[2024-03-14T11:21:45.096+0000] {processor.py:840} INFO - DAG(s) 'example_branch_dop_operator_v3' retrieved from /home/airflow/.local/lib/python3.8/site-packages/airflow/example_dags/example_branch_python_dop_operator_3.py
[2024-03-14T11:21:45.111+0000] {logging_mixin.py:188} INFO - [2024-03-14T11:21:45.110+0000] {dag.py:3047} INFO - Sync 1 DAGs
[2024-03-14T11:21:45.126+0000] {logging_mixin.py:188} INFO - [2024-03-14T11:21:45.126+0000] {dag.py:3834} INFO - Setting next_dagrun for example_branch_dop_operator_v3 to 2024-03-14 11:20:00+00:00, run_after=2024-03-14 11:21:00+00:00
[2024-03-14T11:21:45.134+0000] {processor.py:183} INFO - Processing /home/airflow/.local/lib/python3.8/site-packages/airflow/example_dags/example_branch_python_dop_operator_3.py took 0.058 seconds
[2024-03-14T11:22:15.562+0000] {processor.py:161} INFO - Started process (PID=2886) to work on /home/airflow/.local/lib/python3.8/site-packages/airflow/example_dags/example_branch_python_dop_operator_3.py
[2024-03-14T11:22:15.564+0000] {processor.py:830} INFO - Processing file /home/airflow/.local/lib/python3.8/site-packages/airflow/example_dags/example_branch_python_dop_operator_3.py for tasks to queue
[2024-03-14T11:22:15.567+0000] {logging_mixin.py:188} INFO - [2024-03-14T11:22:15.566+0000] {dagbag.py:540} INFO - Filling up the DagBag from /home/airflow/.local/lib/python3.8/site-packages/airflow/example_dags/example_branch_python_dop_operator_3.py
[2024-03-14T11:22:15.575+0000] {processor.py:840} INFO - DAG(s) 'example_branch_dop_operator_v3' retrieved from /home/airflow/.local/lib/python3.8/site-packages/airflow/example_dags/example_branch_python_dop_operator_3.py
[2024-03-14T11:22:15.589+0000] {logging_mixin.py:188} INFO - [2024-03-14T11:22:15.589+0000] {dag.py:3047} INFO - Sync 1 DAGs
[2024-03-14T11:22:15.604+0000] {logging_mixin.py:188} INFO - [2024-03-14T11:22:15.604+0000] {dag.py:3834} INFO - Setting next_dagrun for example_branch_dop_operator_v3 to 2024-03-14 11:21:00+00:00, run_after=2024-03-14 11:22:00+00:00
[2024-03-14T11:22:15.612+0000] {processor.py:183} INFO - Processing /home/airflow/.local/lib/python3.8/site-packages/airflow/example_dags/example_branch_python_dop_operator_3.py took 0.055 seconds
[2024-03-14T11:22:46.090+0000] {processor.py:161} INFO - Started process (PID=2941) to work on /home/airflow/.local/lib/python3.8/site-packages/airflow/example_dags/example_branch_python_dop_operator_3.py
[2024-03-14T11:22:46.092+0000] {processor.py:830} INFO - Processing file /home/airflow/.local/lib/python3.8/site-packages/airflow/example_dags/example_branch_python_dop_operator_3.py for tasks to queue
[2024-03-14T11:22:46.095+0000] {logging_mixin.py:188} INFO - [2024-03-14T11:22:46.094+0000] {dagbag.py:540} INFO - Filling up the DagBag from /home/airflow/.local/lib/python3.8/site-packages/airflow/example_dags/example_branch_python_dop_operator_3.py
[2024-03-14T11:22:46.105+0000] {processor.py:840} INFO - DAG(s) 'example_branch_dop_operator_v3' retrieved from /home/airflow/.local/lib/python3.8/site-packages/airflow/example_dags/example_branch_python_dop_operator_3.py
[2024-03-14T11:22:46.119+0000] {logging_mixin.py:188} INFO - [2024-03-14T11:22:46.119+0000] {dag.py:3047} INFO - Sync 1 DAGs
[2024-03-14T11:22:46.133+0000] {logging_mixin.py:188} INFO - [2024-03-14T11:22:46.133+0000] {dag.py:3834} INFO - Setting next_dagrun for example_branch_dop_operator_v3 to 2024-03-14 11:21:00+00:00, run_after=2024-03-14 11:22:00+00:00
[2024-03-14T11:22:46.141+0000] {processor.py:183} INFO - Processing /home/airflow/.local/lib/python3.8/site-packages/airflow/example_dags/example_branch_python_dop_operator_3.py took 0.056 seconds
[2024-03-14T11:23:16.490+0000] {processor.py:161} INFO - Started process (PID=2996) to work on /home/airflow/.local/lib/python3.8/site-packages/airflow/example_dags/example_branch_python_dop_operator_3.py
[2024-03-14T11:23:16.492+0000] {processor.py:830} INFO - Processing file /home/airflow/.local/lib/python3.8/site-packages/airflow/example_dags/example_branch_python_dop_operator_3.py for tasks to queue
[2024-03-14T11:23:16.495+0000] {logging_mixin.py:188} INFO - [2024-03-14T11:23:16.495+0000] {dagbag.py:540} INFO - Filling up the DagBag from /home/airflow/.local/lib/python3.8/site-packages/airflow/example_dags/example_branch_python_dop_operator_3.py
[2024-03-14T11:23:16.504+0000] {processor.py:840} INFO - DAG(s) 'example_branch_dop_operator_v3' retrieved from /home/airflow/.local/lib/python3.8/site-packages/airflow/example_dags/example_branch_python_dop_operator_3.py
[2024-03-14T11:23:16.518+0000] {logging_mixin.py:188} INFO - [2024-03-14T11:23:16.518+0000] {dag.py:3047} INFO - Sync 1 DAGs
[2024-03-14T11:23:16.533+0000] {logging_mixin.py:188} INFO - [2024-03-14T11:23:16.533+0000] {dag.py:3834} INFO - Setting next_dagrun for example_branch_dop_operator_v3 to 2024-03-14 11:22:00+00:00, run_after=2024-03-14 11:23:00+00:00
[2024-03-14T11:23:16.547+0000] {processor.py:183} INFO - Processing /home/airflow/.local/lib/python3.8/site-packages/airflow/example_dags/example_branch_python_dop_operator_3.py took 0.062 seconds
[2024-03-14T11:23:46.961+0000] {processor.py:161} INFO - Started process (PID=3051) to work on /home/airflow/.local/lib/python3.8/site-packages/airflow/example_dags/example_branch_python_dop_operator_3.py
[2024-03-14T11:23:46.963+0000] {processor.py:830} INFO - Processing file /home/airflow/.local/lib/python3.8/site-packages/airflow/example_dags/example_branch_python_dop_operator_3.py for tasks to queue
[2024-03-14T11:23:46.966+0000] {logging_mixin.py:188} INFO - [2024-03-14T11:23:46.965+0000] {dagbag.py:540} INFO - Filling up the DagBag from /home/airflow/.local/lib/python3.8/site-packages/airflow/example_dags/example_branch_python_dop_operator_3.py
[2024-03-14T11:23:46.975+0000] {processor.py:840} INFO - DAG(s) 'example_branch_dop_operator_v3' retrieved from /home/airflow/.local/lib/python3.8/site-packages/airflow/example_dags/example_branch_python_dop_operator_3.py
[2024-03-14T11:23:46.990+0000] {logging_mixin.py:188} INFO - [2024-03-14T11:23:46.990+0000] {dag.py:3047} INFO - Sync 1 DAGs
[2024-03-14T11:23:47.005+0000] {logging_mixin.py:188} INFO - [2024-03-14T11:23:47.005+0000] {dag.py:3834} INFO - Setting next_dagrun for example_branch_dop_operator_v3 to 2024-03-14 11:22:00+00:00, run_after=2024-03-14 11:23:00+00:00
[2024-03-14T11:23:47.013+0000] {processor.py:183} INFO - Processing /home/airflow/.local/lib/python3.8/site-packages/airflow/example_dags/example_branch_python_dop_operator_3.py took 0.058 seconds
[2024-03-14T11:24:17.338+0000] {processor.py:161} INFO - Started process (PID=3106) to work on /home/airflow/.local/lib/python3.8/site-packages/airflow/example_dags/example_branch_python_dop_operator_3.py
[2024-03-14T11:24:17.340+0000] {processor.py:830} INFO - Processing file /home/airflow/.local/lib/python3.8/site-packages/airflow/example_dags/example_branch_python_dop_operator_3.py for tasks to queue
[2024-03-14T11:24:17.342+0000] {logging_mixin.py:188} INFO - [2024-03-14T11:24:17.342+0000] {dagbag.py:540} INFO - Filling up the DagBag from /home/airflow/.local/lib/python3.8/site-packages/airflow/example_dags/example_branch_python_dop_operator_3.py
[2024-03-14T11:24:17.351+0000] {processor.py:840} INFO - DAG(s) 'example_branch_dop_operator_v3' retrieved from /home/airflow/.local/lib/python3.8/site-packages/airflow/example_dags/example_branch_python_dop_operator_3.py
[2024-03-14T11:24:17.365+0000] {logging_mixin.py:188} INFO - [2024-03-14T11:24:17.365+0000] {dag.py:3047} INFO - Sync 1 DAGs
[2024-03-14T11:24:17.380+0000] {logging_mixin.py:188} INFO - [2024-03-14T11:24:17.380+0000] {dag.py:3834} INFO - Setting next_dagrun for example_branch_dop_operator_v3 to 2024-03-14 11:23:00+00:00, run_after=2024-03-14 11:24:00+00:00
[2024-03-14T11:24:17.389+0000] {processor.py:183} INFO - Processing /home/airflow/.local/lib/python3.8/site-packages/airflow/example_dags/example_branch_python_dop_operator_3.py took 0.056 seconds
[2024-03-14T11:24:47.689+0000] {processor.py:161} INFO - Started process (PID=3161) to work on /home/airflow/.local/lib/python3.8/site-packages/airflow/example_dags/example_branch_python_dop_operator_3.py
[2024-03-14T11:24:47.690+0000] {processor.py:830} INFO - Processing file /home/airflow/.local/lib/python3.8/site-packages/airflow/example_dags/example_branch_python_dop_operator_3.py for tasks to queue
[2024-03-14T11:24:47.692+0000] {logging_mixin.py:188} INFO - [2024-03-14T11:24:47.691+0000] {dagbag.py:540} INFO - Filling up the DagBag from /home/airflow/.local/lib/python3.8/site-packages/airflow/example_dags/example_branch_python_dop_operator_3.py
[2024-03-14T11:24:47.699+0000] {processor.py:840} INFO - DAG(s) 'example_branch_dop_operator_v3' retrieved from /home/airflow/.local/lib/python3.8/site-packages/airflow/example_dags/example_branch_python_dop_operator_3.py
[2024-03-14T11:24:47.711+0000] {logging_mixin.py:188} INFO - [2024-03-14T11:24:47.711+0000] {dag.py:3047} INFO - Sync 1 DAGs
[2024-03-14T11:24:47.724+0000] {logging_mixin.py:188} INFO - [2024-03-14T11:24:47.724+0000] {dag.py:3834} INFO - Setting next_dagrun for example_branch_dop_operator_v3 to 2024-03-14 11:23:00+00:00, run_after=2024-03-14 11:24:00+00:00
[2024-03-14T11:24:47.732+0000] {processor.py:183} INFO - Processing /home/airflow/.local/lib/python3.8/site-packages/airflow/example_dags/example_branch_python_dop_operator_3.py took 0.046 seconds
[2024-03-14T11:25:18.121+0000] {processor.py:161} INFO - Started process (PID=3216) to work on /home/airflow/.local/lib/python3.8/site-packages/airflow/example_dags/example_branch_python_dop_operator_3.py
[2024-03-14T11:25:18.123+0000] {processor.py:830} INFO - Processing file /home/airflow/.local/lib/python3.8/site-packages/airflow/example_dags/example_branch_python_dop_operator_3.py for tasks to queue
[2024-03-14T11:25:18.126+0000] {logging_mixin.py:188} INFO - [2024-03-14T11:25:18.125+0000] {dagbag.py:540} INFO - Filling up the DagBag from /home/airflow/.local/lib/python3.8/site-packages/airflow/example_dags/example_branch_python_dop_operator_3.py
[2024-03-14T11:25:18.135+0000] {processor.py:840} INFO - DAG(s) 'example_branch_dop_operator_v3' retrieved from /home/airflow/.local/lib/python3.8/site-packages/airflow/example_dags/example_branch_python_dop_operator_3.py
[2024-03-14T11:25:18.149+0000] {logging_mixin.py:188} INFO - [2024-03-14T11:25:18.149+0000] {dag.py:3047} INFO - Sync 1 DAGs
[2024-03-14T11:25:18.164+0000] {logging_mixin.py:188} INFO - [2024-03-14T11:25:18.164+0000] {dag.py:3834} INFO - Setting next_dagrun for example_branch_dop_operator_v3 to 2024-03-14 11:24:00+00:00, run_after=2024-03-14 11:25:00+00:00
[2024-03-14T11:25:18.172+0000] {processor.py:183} INFO - Processing /home/airflow/.local/lib/python3.8/site-packages/airflow/example_dags/example_branch_python_dop_operator_3.py took 0.057 seconds
[2024-03-14T11:25:48.553+0000] {processor.py:161} INFO - Started process (PID=3271) to work on /home/airflow/.local/lib/python3.8/site-packages/airflow/example_dags/example_branch_python_dop_operator_3.py
[2024-03-14T11:25:48.555+0000] {processor.py:830} INFO - Processing file /home/airflow/.local/lib/python3.8/site-packages/airflow/example_dags/example_branch_python_dop_operator_3.py for tasks to queue
[2024-03-14T11:25:48.558+0000] {logging_mixin.py:188} INFO - [2024-03-14T11:25:48.558+0000] {dagbag.py:540} INFO - Filling up the DagBag from /home/airflow/.local/lib/python3.8/site-packages/airflow/example_dags/example_branch_python_dop_operator_3.py
[2024-03-14T11:25:48.568+0000] {processor.py:840} INFO - DAG(s) 'example_branch_dop_operator_v3' retrieved from /home/airflow/.local/lib/python3.8/site-packages/airflow/example_dags/example_branch_python_dop_operator_3.py
[2024-03-14T11:25:48.586+0000] {logging_mixin.py:188} INFO - [2024-03-14T11:25:48.586+0000] {dag.py:3047} INFO - Sync 1 DAGs
[2024-03-14T11:25:48.602+0000] {logging_mixin.py:188} INFO - [2024-03-14T11:25:48.601+0000] {dag.py:3834} INFO - Setting next_dagrun for example_branch_dop_operator_v3 to 2024-03-14 11:24:00+00:00, run_after=2024-03-14 11:25:00+00:00
[2024-03-14T11:25:48.611+0000] {processor.py:183} INFO - Processing /home/airflow/.local/lib/python3.8/site-packages/airflow/example_dags/example_branch_python_dop_operator_3.py took 0.064 seconds
[2024-03-14T11:26:19.094+0000] {processor.py:161} INFO - Started process (PID=3326) to work on /home/airflow/.local/lib/python3.8/site-packages/airflow/example_dags/example_branch_python_dop_operator_3.py
[2024-03-14T11:26:19.096+0000] {processor.py:830} INFO - Processing file /home/airflow/.local/lib/python3.8/site-packages/airflow/example_dags/example_branch_python_dop_operator_3.py for tasks to queue
[2024-03-14T11:26:19.099+0000] {logging_mixin.py:188} INFO - [2024-03-14T11:26:19.099+0000] {dagbag.py:540} INFO - Filling up the DagBag from /home/airflow/.local/lib/python3.8/site-packages/airflow/example_dags/example_branch_python_dop_operator_3.py
[2024-03-14T11:26:19.108+0000] {processor.py:840} INFO - DAG(s) 'example_branch_dop_operator_v3' retrieved from /home/airflow/.local/lib/python3.8/site-packages/airflow/example_dags/example_branch_python_dop_operator_3.py
[2024-03-14T11:26:19.122+0000] {logging_mixin.py:188} INFO - [2024-03-14T11:26:19.122+0000] {dag.py:3047} INFO - Sync 1 DAGs
[2024-03-14T11:26:19.137+0000] {logging_mixin.py:188} INFO - [2024-03-14T11:26:19.137+0000] {dag.py:3834} INFO - Setting next_dagrun for example_branch_dop_operator_v3 to 2024-03-14 11:25:00+00:00, run_after=2024-03-14 11:26:00+00:00
[2024-03-14T11:26:19.145+0000] {processor.py:183} INFO - Processing /home/airflow/.local/lib/python3.8/site-packages/airflow/example_dags/example_branch_python_dop_operator_3.py took 0.057 seconds
[2024-03-14T11:26:49.515+0000] {processor.py:161} INFO - Started process (PID=3381) to work on /home/airflow/.local/lib/python3.8/site-packages/airflow/example_dags/example_branch_python_dop_operator_3.py
[2024-03-14T11:26:49.518+0000] {processor.py:830} INFO - Processing file /home/airflow/.local/lib/python3.8/site-packages/airflow/example_dags/example_branch_python_dop_operator_3.py for tasks to queue
[2024-03-14T11:26:49.520+0000] {logging_mixin.py:188} INFO - [2024-03-14T11:26:49.520+0000] {dagbag.py:540} INFO - Filling up the DagBag from /home/airflow/.local/lib/python3.8/site-packages/airflow/example_dags/example_branch_python_dop_operator_3.py
[2024-03-14T11:26:49.529+0000] {processor.py:840} INFO - DAG(s) 'example_branch_dop_operator_v3' retrieved from /home/airflow/.local/lib/python3.8/site-packages/airflow/example_dags/example_branch_python_dop_operator_3.py
[2024-03-14T11:26:49.544+0000] {logging_mixin.py:188} INFO - [2024-03-14T11:26:49.544+0000] {dag.py:3047} INFO - Sync 1 DAGs
[2024-03-14T11:26:49.559+0000] {logging_mixin.py:188} INFO - [2024-03-14T11:26:49.559+0000] {dag.py:3834} INFO - Setting next_dagrun for example_branch_dop_operator_v3 to 2024-03-14 11:25:00+00:00, run_after=2024-03-14 11:26:00+00:00
[2024-03-14T11:26:49.568+0000] {processor.py:183} INFO - Processing /home/airflow/.local/lib/python3.8/site-packages/airflow/example_dags/example_branch_python_dop_operator_3.py took 0.057 seconds
[2024-03-14T11:27:19.987+0000] {processor.py:161} INFO - Started process (PID=3436) to work on /home/airflow/.local/lib/python3.8/site-packages/airflow/example_dags/example_branch_python_dop_operator_3.py
[2024-03-14T11:27:19.989+0000] {processor.py:830} INFO - Processing file /home/airflow/.local/lib/python3.8/site-packages/airflow/example_dags/example_branch_python_dop_operator_3.py for tasks to queue
[2024-03-14T11:27:19.992+0000] {logging_mixin.py:188} INFO - [2024-03-14T11:27:19.991+0000] {dagbag.py:540} INFO - Filling up the DagBag from /home/airflow/.local/lib/python3.8/site-packages/airflow/example_dags/example_branch_python_dop_operator_3.py
[2024-03-14T11:27:20.001+0000] {processor.py:840} INFO - DAG(s) 'example_branch_dop_operator_v3' retrieved from /home/airflow/.local/lib/python3.8/site-packages/airflow/example_dags/example_branch_python_dop_operator_3.py
[2024-03-14T11:27:20.015+0000] {logging_mixin.py:188} INFO - [2024-03-14T11:27:20.015+0000] {dag.py:3047} INFO - Sync 1 DAGs
[2024-03-14T11:27:20.031+0000] {logging_mixin.py:188} INFO - [2024-03-14T11:27:20.031+0000] {dag.py:3834} INFO - Setting next_dagrun for example_branch_dop_operator_v3 to 2024-03-14 11:26:00+00:00, run_after=2024-03-14 11:27:00+00:00
[2024-03-14T11:27:20.041+0000] {processor.py:183} INFO - Processing /home/airflow/.local/lib/python3.8/site-packages/airflow/example_dags/example_branch_python_dop_operator_3.py took 0.059 seconds
[2024-03-14T11:27:50.434+0000] {processor.py:161} INFO - Started process (PID=3496) to work on /home/airflow/.local/lib/python3.8/site-packages/airflow/example_dags/example_branch_python_dop_operator_3.py
[2024-03-14T11:27:50.435+0000] {processor.py:830} INFO - Processing file /home/airflow/.local/lib/python3.8/site-packages/airflow/example_dags/example_branch_python_dop_operator_3.py for tasks to queue
[2024-03-14T11:27:50.436+0000] {logging_mixin.py:188} INFO - [2024-03-14T11:27:50.436+0000] {dagbag.py:540} INFO - Filling up the DagBag from /home/airflow/.local/lib/python3.8/site-packages/airflow/example_dags/example_branch_python_dop_operator_3.py
[2024-03-14T11:27:50.442+0000] {processor.py:840} INFO - DAG(s) 'example_branch_dop_operator_v3' retrieved from /home/airflow/.local/lib/python3.8/site-packages/airflow/example_dags/example_branch_python_dop_operator_3.py
[2024-03-14T11:27:50.452+0000] {logging_mixin.py:188} INFO - [2024-03-14T11:27:50.451+0000] {dag.py:3047} INFO - Sync 1 DAGs
[2024-03-14T11:27:50.463+0000] {logging_mixin.py:188} INFO - [2024-03-14T11:27:50.462+0000] {dag.py:3834} INFO - Setting next_dagrun for example_branch_dop_operator_v3 to 2024-03-14 11:26:00+00:00, run_after=2024-03-14 11:27:00+00:00
[2024-03-14T11:27:50.544+0000] {processor.py:183} INFO - Processing /home/airflow/.local/lib/python3.8/site-packages/airflow/example_dags/example_branch_python_dop_operator_3.py took 0.112 seconds
[2024-03-14T11:28:21.160+0000] {processor.py:161} INFO - Started process (PID=3551) to work on /home/airflow/.local/lib/python3.8/site-packages/airflow/example_dags/example_branch_python_dop_operator_3.py
[2024-03-14T11:28:21.162+0000] {processor.py:830} INFO - Processing file /home/airflow/.local/lib/python3.8/site-packages/airflow/example_dags/example_branch_python_dop_operator_3.py for tasks to queue
[2024-03-14T11:28:21.163+0000] {logging_mixin.py:188} INFO - [2024-03-14T11:28:21.163+0000] {dagbag.py:540} INFO - Filling up the DagBag from /home/airflow/.local/lib/python3.8/site-packages/airflow/example_dags/example_branch_python_dop_operator_3.py
[2024-03-14T11:28:21.169+0000] {processor.py:840} INFO - DAG(s) 'example_branch_dop_operator_v3' retrieved from /home/airflow/.local/lib/python3.8/site-packages/airflow/example_dags/example_branch_python_dop_operator_3.py
[2024-03-14T11:28:21.181+0000] {logging_mixin.py:188} INFO - [2024-03-14T11:28:21.181+0000] {dag.py:3047} INFO - Sync 1 DAGs
[2024-03-14T11:28:21.200+0000] {logging_mixin.py:188} INFO - [2024-03-14T11:28:21.200+0000] {dag.py:3834} INFO - Setting next_dagrun for example_branch_dop_operator_v3 to 2024-03-14 11:27:00+00:00, run_after=2024-03-14 11:28:00+00:00
[2024-03-14T11:28:21.212+0000] {processor.py:183} INFO - Processing /home/airflow/.local/lib/python3.8/site-packages/airflow/example_dags/example_branch_python_dop_operator_3.py took 0.053 seconds
[2024-03-14T11:28:51.604+0000] {processor.py:161} INFO - Started process (PID=3606) to work on /home/airflow/.local/lib/python3.8/site-packages/airflow/example_dags/example_branch_python_dop_operator_3.py
[2024-03-14T11:28:51.605+0000] {processor.py:830} INFO - Processing file /home/airflow/.local/lib/python3.8/site-packages/airflow/example_dags/example_branch_python_dop_operator_3.py for tasks to queue
[2024-03-14T11:28:51.606+0000] {logging_mixin.py:188} INFO - [2024-03-14T11:28:51.606+0000] {dagbag.py:540} INFO - Filling up the DagBag from /home/airflow/.local/lib/python3.8/site-packages/airflow/example_dags/example_branch_python_dop_operator_3.py
[2024-03-14T11:28:51.610+0000] {processor.py:840} INFO - DAG(s) 'example_branch_dop_operator_v3' retrieved from /home/airflow/.local/lib/python3.8/site-packages/airflow/example_dags/example_branch_python_dop_operator_3.py
[2024-03-14T11:28:51.620+0000] {logging_mixin.py:188} INFO - [2024-03-14T11:28:51.619+0000] {dag.py:3047} INFO - Sync 1 DAGs
[2024-03-14T11:28:51.631+0000] {logging_mixin.py:188} INFO - [2024-03-14T11:28:51.631+0000] {dag.py:3834} INFO - Setting next_dagrun for example_branch_dop_operator_v3 to 2024-03-14 11:27:00+00:00, run_after=2024-03-14 11:28:00+00:00
[2024-03-14T11:28:51.639+0000] {processor.py:183} INFO - Processing /home/airflow/.local/lib/python3.8/site-packages/airflow/example_dags/example_branch_python_dop_operator_3.py took 0.037 seconds
