[2024-03-14T10:55:54.051+0000] {processor.py:161} INFO - Started process (PID=39) to work on /home/airflow/.local/lib/python3.8/site-packages/airflow/example_dags/example_sensors.py
[2024-03-14T10:55:54.051+0000] {processor.py:830} INFO - Processing file /home/airflow/.local/lib/python3.8/site-packages/airflow/example_dags/example_sensors.py for tasks to queue
[2024-03-14T10:55:54.052+0000] {logging_mixin.py:188} INFO - [2024-03-14T10:55:54.052+0000] {dagbag.py:540} INFO - Filling up the DagBag from /home/airflow/.local/lib/python3.8/site-packages/airflow/example_dags/example_sensors.py
[2024-03-14T10:55:54.058+0000] {processor.py:840} INFO - DAG(s) 'example_sensors' retrieved from /home/airflow/.local/lib/python3.8/site-packages/airflow/example_dags/example_sensors.py
[2024-03-14T10:55:54.075+0000] {logging_mixin.py:188} INFO - [2024-03-14T10:55:54.075+0000] {dag.py:3047} INFO - Sync 1 DAGs
[2024-03-14T10:55:54.094+0000] {logging_mixin.py:188} INFO - [2024-03-14T10:55:54.094+0000] {dag.py:3834} INFO - Setting next_dagrun for example_sensors to None, run_after=None
[2024-03-14T10:55:54.124+0000] {processor.py:183} INFO - Processing /home/airflow/.local/lib/python3.8/site-packages/airflow/example_dags/example_sensors.py took 0.075 seconds
[2024-03-14T10:56:24.202+0000] {processor.py:161} INFO - Started process (PID=94) to work on /home/airflow/.local/lib/python3.8/site-packages/airflow/example_dags/example_sensors.py
[2024-03-14T10:56:24.203+0000] {processor.py:830} INFO - Processing file /home/airflow/.local/lib/python3.8/site-packages/airflow/example_dags/example_sensors.py for tasks to queue
[2024-03-14T10:56:24.204+0000] {logging_mixin.py:188} INFO - [2024-03-14T10:56:24.204+0000] {dagbag.py:540} INFO - Filling up the DagBag from /home/airflow/.local/lib/python3.8/site-packages/airflow/example_dags/example_sensors.py
[2024-03-14T10:56:24.209+0000] {processor.py:840} INFO - DAG(s) 'example_sensors' retrieved from /home/airflow/.local/lib/python3.8/site-packages/airflow/example_dags/example_sensors.py
[2024-03-14T10:56:24.250+0000] {logging_mixin.py:188} INFO - [2024-03-14T10:56:24.250+0000] {dag.py:3047} INFO - Sync 1 DAGs
[2024-03-14T10:56:24.255+0000] {logging_mixin.py:188} INFO - [2024-03-14T10:56:24.255+0000] {dag.py:3834} INFO - Setting next_dagrun for example_sensors to None, run_after=None
[2024-03-14T10:56:24.263+0000] {processor.py:183} INFO - Processing /home/airflow/.local/lib/python3.8/site-packages/airflow/example_dags/example_sensors.py took 0.062 seconds
[2024-03-14T10:56:54.295+0000] {processor.py:161} INFO - Started process (PID=149) to work on /home/airflow/.local/lib/python3.8/site-packages/airflow/example_dags/example_sensors.py
[2024-03-14T10:56:54.296+0000] {processor.py:830} INFO - Processing file /home/airflow/.local/lib/python3.8/site-packages/airflow/example_dags/example_sensors.py for tasks to queue
[2024-03-14T10:56:54.297+0000] {logging_mixin.py:188} INFO - [2024-03-14T10:56:54.296+0000] {dagbag.py:540} INFO - Filling up the DagBag from /home/airflow/.local/lib/python3.8/site-packages/airflow/example_dags/example_sensors.py
[2024-03-14T10:56:54.301+0000] {processor.py:840} INFO - DAG(s) 'example_sensors' retrieved from /home/airflow/.local/lib/python3.8/site-packages/airflow/example_dags/example_sensors.py
[2024-03-14T10:56:54.312+0000] {logging_mixin.py:188} INFO - [2024-03-14T10:56:54.312+0000] {dag.py:3047} INFO - Sync 1 DAGs
[2024-03-14T10:56:54.318+0000] {logging_mixin.py:188} INFO - [2024-03-14T10:56:54.318+0000] {dag.py:3834} INFO - Setting next_dagrun for example_sensors to None, run_after=None
[2024-03-14T10:56:54.325+0000] {processor.py:183} INFO - Processing /home/airflow/.local/lib/python3.8/site-packages/airflow/example_dags/example_sensors.py took 0.032 seconds
[2024-03-14T10:57:25.087+0000] {processor.py:161} INFO - Started process (PID=203) to work on /home/airflow/.local/lib/python3.8/site-packages/airflow/example_dags/example_sensors.py
[2024-03-14T10:57:25.087+0000] {processor.py:830} INFO - Processing file /home/airflow/.local/lib/python3.8/site-packages/airflow/example_dags/example_sensors.py for tasks to queue
[2024-03-14T10:57:25.088+0000] {logging_mixin.py:188} INFO - [2024-03-14T10:57:25.088+0000] {dagbag.py:540} INFO - Filling up the DagBag from /home/airflow/.local/lib/python3.8/site-packages/airflow/example_dags/example_sensors.py
[2024-03-14T10:57:25.092+0000] {processor.py:840} INFO - DAG(s) 'example_sensors' retrieved from /home/airflow/.local/lib/python3.8/site-packages/airflow/example_dags/example_sensors.py
[2024-03-14T10:57:25.104+0000] {logging_mixin.py:188} INFO - [2024-03-14T10:57:25.104+0000] {dag.py:3047} INFO - Sync 1 DAGs
[2024-03-14T10:57:25.109+0000] {logging_mixin.py:188} INFO - [2024-03-14T10:57:25.109+0000] {dag.py:3834} INFO - Setting next_dagrun for example_sensors to None, run_after=None
[2024-03-14T10:57:25.116+0000] {processor.py:183} INFO - Processing /home/airflow/.local/lib/python3.8/site-packages/airflow/example_dags/example_sensors.py took 0.031 seconds
[2024-03-14T10:57:55.508+0000] {processor.py:161} INFO - Started process (PID=258) to work on /home/airflow/.local/lib/python3.8/site-packages/airflow/example_dags/example_sensors.py
[2024-03-14T10:57:55.508+0000] {processor.py:830} INFO - Processing file /home/airflow/.local/lib/python3.8/site-packages/airflow/example_dags/example_sensors.py for tasks to queue
[2024-03-14T10:57:55.509+0000] {logging_mixin.py:188} INFO - [2024-03-14T10:57:55.509+0000] {dagbag.py:540} INFO - Filling up the DagBag from /home/airflow/.local/lib/python3.8/site-packages/airflow/example_dags/example_sensors.py
[2024-03-14T10:57:55.513+0000] {processor.py:840} INFO - DAG(s) 'example_sensors' retrieved from /home/airflow/.local/lib/python3.8/site-packages/airflow/example_dags/example_sensors.py
[2024-03-14T10:57:55.524+0000] {logging_mixin.py:188} INFO - [2024-03-14T10:57:55.524+0000] {dag.py:3047} INFO - Sync 1 DAGs
[2024-03-14T10:57:55.529+0000] {logging_mixin.py:188} INFO - [2024-03-14T10:57:55.529+0000] {dag.py:3834} INFO - Setting next_dagrun for example_sensors to None, run_after=None
[2024-03-14T10:57:55.536+0000] {processor.py:183} INFO - Processing /home/airflow/.local/lib/python3.8/site-packages/airflow/example_dags/example_sensors.py took 0.030 seconds
[2024-03-14T10:58:25.858+0000] {processor.py:161} INFO - Started process (PID=313) to work on /home/airflow/.local/lib/python3.8/site-packages/airflow/example_dags/example_sensors.py
[2024-03-14T10:58:25.858+0000] {processor.py:830} INFO - Processing file /home/airflow/.local/lib/python3.8/site-packages/airflow/example_dags/example_sensors.py for tasks to queue
[2024-03-14T10:58:25.859+0000] {logging_mixin.py:188} INFO - [2024-03-14T10:58:25.859+0000] {dagbag.py:540} INFO - Filling up the DagBag from /home/airflow/.local/lib/python3.8/site-packages/airflow/example_dags/example_sensors.py
[2024-03-14T10:58:25.863+0000] {processor.py:840} INFO - DAG(s) 'example_sensors' retrieved from /home/airflow/.local/lib/python3.8/site-packages/airflow/example_dags/example_sensors.py
[2024-03-14T10:58:25.874+0000] {logging_mixin.py:188} INFO - [2024-03-14T10:58:25.874+0000] {dag.py:3047} INFO - Sync 1 DAGs
[2024-03-14T10:58:25.879+0000] {logging_mixin.py:188} INFO - [2024-03-14T10:58:25.879+0000] {dag.py:3834} INFO - Setting next_dagrun for example_sensors to None, run_after=None
[2024-03-14T10:58:25.886+0000] {processor.py:183} INFO - Processing /home/airflow/.local/lib/python3.8/site-packages/airflow/example_dags/example_sensors.py took 0.030 seconds
[2024-03-14T10:58:56.174+0000] {processor.py:161} INFO - Started process (PID=368) to work on /home/airflow/.local/lib/python3.8/site-packages/airflow/example_dags/example_sensors.py
[2024-03-14T10:58:56.175+0000] {processor.py:830} INFO - Processing file /home/airflow/.local/lib/python3.8/site-packages/airflow/example_dags/example_sensors.py for tasks to queue
[2024-03-14T10:58:56.176+0000] {logging_mixin.py:188} INFO - [2024-03-14T10:58:56.176+0000] {dagbag.py:540} INFO - Filling up the DagBag from /home/airflow/.local/lib/python3.8/site-packages/airflow/example_dags/example_sensors.py
[2024-03-14T10:58:56.180+0000] {processor.py:840} INFO - DAG(s) 'example_sensors' retrieved from /home/airflow/.local/lib/python3.8/site-packages/airflow/example_dags/example_sensors.py
[2024-03-14T10:58:56.190+0000] {logging_mixin.py:188} INFO - [2024-03-14T10:58:56.190+0000] {dag.py:3047} INFO - Sync 1 DAGs
[2024-03-14T10:58:56.196+0000] {logging_mixin.py:188} INFO - [2024-03-14T10:58:56.196+0000] {dag.py:3834} INFO - Setting next_dagrun for example_sensors to None, run_after=None
[2024-03-14T10:58:56.203+0000] {processor.py:183} INFO - Processing /home/airflow/.local/lib/python3.8/site-packages/airflow/example_dags/example_sensors.py took 0.030 seconds
[2024-03-14T10:59:26.577+0000] {processor.py:161} INFO - Started process (PID=423) to work on /home/airflow/.local/lib/python3.8/site-packages/airflow/example_dags/example_sensors.py
[2024-03-14T10:59:26.578+0000] {processor.py:830} INFO - Processing file /home/airflow/.local/lib/python3.8/site-packages/airflow/example_dags/example_sensors.py for tasks to queue
[2024-03-14T10:59:26.579+0000] {logging_mixin.py:188} INFO - [2024-03-14T10:59:26.579+0000] {dagbag.py:540} INFO - Filling up the DagBag from /home/airflow/.local/lib/python3.8/site-packages/airflow/example_dags/example_sensors.py
[2024-03-14T10:59:26.583+0000] {processor.py:840} INFO - DAG(s) 'example_sensors' retrieved from /home/airflow/.local/lib/python3.8/site-packages/airflow/example_dags/example_sensors.py
[2024-03-14T10:59:26.593+0000] {logging_mixin.py:188} INFO - [2024-03-14T10:59:26.593+0000] {dag.py:3047} INFO - Sync 1 DAGs
[2024-03-14T10:59:26.598+0000] {logging_mixin.py:188} INFO - [2024-03-14T10:59:26.598+0000] {dag.py:3834} INFO - Setting next_dagrun for example_sensors to None, run_after=None
[2024-03-14T10:59:26.605+0000] {processor.py:183} INFO - Processing /home/airflow/.local/lib/python3.8/site-packages/airflow/example_dags/example_sensors.py took 0.029 seconds
[2024-03-14T10:59:56.970+0000] {processor.py:161} INFO - Started process (PID=478) to work on /home/airflow/.local/lib/python3.8/site-packages/airflow/example_dags/example_sensors.py
[2024-03-14T10:59:56.970+0000] {processor.py:830} INFO - Processing file /home/airflow/.local/lib/python3.8/site-packages/airflow/example_dags/example_sensors.py for tasks to queue
[2024-03-14T10:59:56.971+0000] {logging_mixin.py:188} INFO - [2024-03-14T10:59:56.971+0000] {dagbag.py:540} INFO - Filling up the DagBag from /home/airflow/.local/lib/python3.8/site-packages/airflow/example_dags/example_sensors.py
[2024-03-14T10:59:56.975+0000] {processor.py:840} INFO - DAG(s) 'example_sensors' retrieved from /home/airflow/.local/lib/python3.8/site-packages/airflow/example_dags/example_sensors.py
[2024-03-14T10:59:56.986+0000] {logging_mixin.py:188} INFO - [2024-03-14T10:59:56.986+0000] {dag.py:3047} INFO - Sync 1 DAGs
[2024-03-14T10:59:56.991+0000] {logging_mixin.py:188} INFO - [2024-03-14T10:59:56.991+0000] {dag.py:3834} INFO - Setting next_dagrun for example_sensors to None, run_after=None
[2024-03-14T10:59:56.997+0000] {processor.py:183} INFO - Processing /home/airflow/.local/lib/python3.8/site-packages/airflow/example_dags/example_sensors.py took 0.029 seconds
[2024-03-14T11:00:27.378+0000] {processor.py:161} INFO - Started process (PID=532) to work on /home/airflow/.local/lib/python3.8/site-packages/airflow/example_dags/example_sensors.py
[2024-03-14T11:00:27.379+0000] {processor.py:830} INFO - Processing file /home/airflow/.local/lib/python3.8/site-packages/airflow/example_dags/example_sensors.py for tasks to queue
[2024-03-14T11:00:27.380+0000] {logging_mixin.py:188} INFO - [2024-03-14T11:00:27.380+0000] {dagbag.py:540} INFO - Filling up the DagBag from /home/airflow/.local/lib/python3.8/site-packages/airflow/example_dags/example_sensors.py
[2024-03-14T11:00:27.384+0000] {processor.py:840} INFO - DAG(s) 'example_sensors' retrieved from /home/airflow/.local/lib/python3.8/site-packages/airflow/example_dags/example_sensors.py
[2024-03-14T11:00:27.395+0000] {logging_mixin.py:188} INFO - [2024-03-14T11:00:27.394+0000] {dag.py:3047} INFO - Sync 1 DAGs
[2024-03-14T11:00:27.400+0000] {logging_mixin.py:188} INFO - [2024-03-14T11:00:27.399+0000] {dag.py:3834} INFO - Setting next_dagrun for example_sensors to None, run_after=None
[2024-03-14T11:00:27.407+0000] {processor.py:183} INFO - Processing /home/airflow/.local/lib/python3.8/site-packages/airflow/example_dags/example_sensors.py took 0.030 seconds
[2024-03-14T11:00:57.802+0000] {processor.py:161} INFO - Started process (PID=587) to work on /home/airflow/.local/lib/python3.8/site-packages/airflow/example_dags/example_sensors.py
[2024-03-14T11:00:57.803+0000] {processor.py:830} INFO - Processing file /home/airflow/.local/lib/python3.8/site-packages/airflow/example_dags/example_sensors.py for tasks to queue
[2024-03-14T11:00:57.804+0000] {logging_mixin.py:188} INFO - [2024-03-14T11:00:57.803+0000] {dagbag.py:540} INFO - Filling up the DagBag from /home/airflow/.local/lib/python3.8/site-packages/airflow/example_dags/example_sensors.py
[2024-03-14T11:00:57.808+0000] {processor.py:840} INFO - DAG(s) 'example_sensors' retrieved from /home/airflow/.local/lib/python3.8/site-packages/airflow/example_dags/example_sensors.py
[2024-03-14T11:00:57.819+0000] {logging_mixin.py:188} INFO - [2024-03-14T11:00:57.819+0000] {dag.py:3047} INFO - Sync 1 DAGs
[2024-03-14T11:00:57.825+0000] {logging_mixin.py:188} INFO - [2024-03-14T11:00:57.825+0000] {dag.py:3834} INFO - Setting next_dagrun for example_sensors to None, run_after=None
[2024-03-14T11:00:57.833+0000] {processor.py:183} INFO - Processing /home/airflow/.local/lib/python3.8/site-packages/airflow/example_dags/example_sensors.py took 0.032 seconds
[2024-03-14T11:01:28.236+0000] {processor.py:161} INFO - Started process (PID=641) to work on /home/airflow/.local/lib/python3.8/site-packages/airflow/example_dags/example_sensors.py
[2024-03-14T11:01:28.237+0000] {processor.py:830} INFO - Processing file /home/airflow/.local/lib/python3.8/site-packages/airflow/example_dags/example_sensors.py for tasks to queue
[2024-03-14T11:01:28.238+0000] {logging_mixin.py:188} INFO - [2024-03-14T11:01:28.238+0000] {dagbag.py:540} INFO - Filling up the DagBag from /home/airflow/.local/lib/python3.8/site-packages/airflow/example_dags/example_sensors.py
[2024-03-14T11:01:28.244+0000] {processor.py:840} INFO - DAG(s) 'example_sensors' retrieved from /home/airflow/.local/lib/python3.8/site-packages/airflow/example_dags/example_sensors.py
[2024-03-14T11:01:28.262+0000] {logging_mixin.py:188} INFO - [2024-03-14T11:01:28.261+0000] {dag.py:3047} INFO - Sync 1 DAGs
[2024-03-14T11:01:28.268+0000] {logging_mixin.py:188} INFO - [2024-03-14T11:01:28.268+0000] {dag.py:3834} INFO - Setting next_dagrun for example_sensors to None, run_after=None
[2024-03-14T11:01:28.278+0000] {processor.py:183} INFO - Processing /home/airflow/.local/lib/python3.8/site-packages/airflow/example_dags/example_sensors.py took 0.044 seconds
[2024-03-14T11:01:58.799+0000] {processor.py:161} INFO - Started process (PID=696) to work on /home/airflow/.local/lib/python3.8/site-packages/airflow/example_dags/example_sensors.py
[2024-03-14T11:01:58.799+0000] {processor.py:830} INFO - Processing file /home/airflow/.local/lib/python3.8/site-packages/airflow/example_dags/example_sensors.py for tasks to queue
[2024-03-14T11:01:58.801+0000] {logging_mixin.py:188} INFO - [2024-03-14T11:01:58.800+0000] {dagbag.py:540} INFO - Filling up the DagBag from /home/airflow/.local/lib/python3.8/site-packages/airflow/example_dags/example_sensors.py
[2024-03-14T11:01:58.805+0000] {processor.py:840} INFO - DAG(s) 'example_sensors' retrieved from /home/airflow/.local/lib/python3.8/site-packages/airflow/example_dags/example_sensors.py
[2024-03-14T11:01:58.817+0000] {logging_mixin.py:188} INFO - [2024-03-14T11:01:58.817+0000] {dag.py:3047} INFO - Sync 1 DAGs
[2024-03-14T11:01:58.822+0000] {logging_mixin.py:188} INFO - [2024-03-14T11:01:58.822+0000] {dag.py:3834} INFO - Setting next_dagrun for example_sensors to None, run_after=None
[2024-03-14T11:01:58.830+0000] {processor.py:183} INFO - Processing /home/airflow/.local/lib/python3.8/site-packages/airflow/example_dags/example_sensors.py took 0.032 seconds
[2024-03-14T11:02:29.262+0000] {processor.py:161} INFO - Started process (PID=752) to work on /home/airflow/.local/lib/python3.8/site-packages/airflow/example_dags/example_sensors.py
[2024-03-14T11:02:29.263+0000] {processor.py:830} INFO - Processing file /home/airflow/.local/lib/python3.8/site-packages/airflow/example_dags/example_sensors.py for tasks to queue
[2024-03-14T11:02:29.263+0000] {logging_mixin.py:188} INFO - [2024-03-14T11:02:29.263+0000] {dagbag.py:540} INFO - Filling up the DagBag from /home/airflow/.local/lib/python3.8/site-packages/airflow/example_dags/example_sensors.py
[2024-03-14T11:02:29.267+0000] {processor.py:840} INFO - DAG(s) 'example_sensors' retrieved from /home/airflow/.local/lib/python3.8/site-packages/airflow/example_dags/example_sensors.py
[2024-03-14T11:02:29.278+0000] {logging_mixin.py:188} INFO - [2024-03-14T11:02:29.278+0000] {dag.py:3047} INFO - Sync 1 DAGs
[2024-03-14T11:02:29.283+0000] {logging_mixin.py:188} INFO - [2024-03-14T11:02:29.283+0000] {dag.py:3834} INFO - Setting next_dagrun for example_sensors to None, run_after=None
[2024-03-14T11:02:29.291+0000] {processor.py:183} INFO - Processing /home/airflow/.local/lib/python3.8/site-packages/airflow/example_dags/example_sensors.py took 0.030 seconds
[2024-03-14T11:02:59.877+0000] {processor.py:161} INFO - Started process (PID=807) to work on /home/airflow/.local/lib/python3.8/site-packages/airflow/example_dags/example_sensors.py
[2024-03-14T11:02:59.878+0000] {processor.py:830} INFO - Processing file /home/airflow/.local/lib/python3.8/site-packages/airflow/example_dags/example_sensors.py for tasks to queue
[2024-03-14T11:02:59.879+0000] {logging_mixin.py:188} INFO - [2024-03-14T11:02:59.879+0000] {dagbag.py:540} INFO - Filling up the DagBag from /home/airflow/.local/lib/python3.8/site-packages/airflow/example_dags/example_sensors.py
[2024-03-14T11:02:59.883+0000] {processor.py:840} INFO - DAG(s) 'example_sensors' retrieved from /home/airflow/.local/lib/python3.8/site-packages/airflow/example_dags/example_sensors.py
[2024-03-14T11:02:59.895+0000] {logging_mixin.py:188} INFO - [2024-03-14T11:02:59.895+0000] {dag.py:3047} INFO - Sync 1 DAGs
[2024-03-14T11:02:59.900+0000] {logging_mixin.py:188} INFO - [2024-03-14T11:02:59.900+0000] {dag.py:3834} INFO - Setting next_dagrun for example_sensors to None, run_after=None
[2024-03-14T11:02:59.908+0000] {processor.py:183} INFO - Processing /home/airflow/.local/lib/python3.8/site-packages/airflow/example_dags/example_sensors.py took 0.032 seconds
[2024-03-14T11:03:30.326+0000] {processor.py:161} INFO - Started process (PID=862) to work on /home/airflow/.local/lib/python3.8/site-packages/airflow/example_dags/example_sensors.py
[2024-03-14T11:03:30.326+0000] {processor.py:830} INFO - Processing file /home/airflow/.local/lib/python3.8/site-packages/airflow/example_dags/example_sensors.py for tasks to queue
[2024-03-14T11:03:30.327+0000] {logging_mixin.py:188} INFO - [2024-03-14T11:03:30.327+0000] {dagbag.py:540} INFO - Filling up the DagBag from /home/airflow/.local/lib/python3.8/site-packages/airflow/example_dags/example_sensors.py
[2024-03-14T11:03:30.331+0000] {processor.py:840} INFO - DAG(s) 'example_sensors' retrieved from /home/airflow/.local/lib/python3.8/site-packages/airflow/example_dags/example_sensors.py
[2024-03-14T11:03:30.342+0000] {logging_mixin.py:188} INFO - [2024-03-14T11:03:30.342+0000] {dag.py:3047} INFO - Sync 1 DAGs
[2024-03-14T11:03:30.348+0000] {logging_mixin.py:188} INFO - [2024-03-14T11:03:30.348+0000] {dag.py:3834} INFO - Setting next_dagrun for example_sensors to None, run_after=None
[2024-03-14T11:03:30.355+0000] {processor.py:183} INFO - Processing /home/airflow/.local/lib/python3.8/site-packages/airflow/example_dags/example_sensors.py took 0.030 seconds
[2024-03-14T11:04:00.715+0000] {processor.py:161} INFO - Started process (PID=917) to work on /home/airflow/.local/lib/python3.8/site-packages/airflow/example_dags/example_sensors.py
[2024-03-14T11:04:00.715+0000] {processor.py:830} INFO - Processing file /home/airflow/.local/lib/python3.8/site-packages/airflow/example_dags/example_sensors.py for tasks to queue
[2024-03-14T11:04:00.716+0000] {logging_mixin.py:188} INFO - [2024-03-14T11:04:00.716+0000] {dagbag.py:540} INFO - Filling up the DagBag from /home/airflow/.local/lib/python3.8/site-packages/airflow/example_dags/example_sensors.py
[2024-03-14T11:04:00.721+0000] {processor.py:840} INFO - DAG(s) 'example_sensors' retrieved from /home/airflow/.local/lib/python3.8/site-packages/airflow/example_dags/example_sensors.py
[2024-03-14T11:04:00.733+0000] {logging_mixin.py:188} INFO - [2024-03-14T11:04:00.733+0000] {dag.py:3047} INFO - Sync 1 DAGs
[2024-03-14T11:04:00.738+0000] {logging_mixin.py:188} INFO - [2024-03-14T11:04:00.738+0000] {dag.py:3834} INFO - Setting next_dagrun for example_sensors to None, run_after=None
[2024-03-14T11:04:00.746+0000] {processor.py:183} INFO - Processing /home/airflow/.local/lib/python3.8/site-packages/airflow/example_dags/example_sensors.py took 0.033 seconds
[2024-03-14T11:04:31.120+0000] {processor.py:161} INFO - Started process (PID=972) to work on /home/airflow/.local/lib/python3.8/site-packages/airflow/example_dags/example_sensors.py
[2024-03-14T11:04:31.121+0000] {processor.py:830} INFO - Processing file /home/airflow/.local/lib/python3.8/site-packages/airflow/example_dags/example_sensors.py for tasks to queue
[2024-03-14T11:04:31.122+0000] {logging_mixin.py:188} INFO - [2024-03-14T11:04:31.121+0000] {dagbag.py:540} INFO - Filling up the DagBag from /home/airflow/.local/lib/python3.8/site-packages/airflow/example_dags/example_sensors.py
[2024-03-14T11:04:31.125+0000] {processor.py:840} INFO - DAG(s) 'example_sensors' retrieved from /home/airflow/.local/lib/python3.8/site-packages/airflow/example_dags/example_sensors.py
[2024-03-14T11:04:31.137+0000] {logging_mixin.py:188} INFO - [2024-03-14T11:04:31.137+0000] {dag.py:3047} INFO - Sync 1 DAGs
[2024-03-14T11:04:31.142+0000] {logging_mixin.py:188} INFO - [2024-03-14T11:04:31.142+0000] {dag.py:3834} INFO - Setting next_dagrun for example_sensors to None, run_after=None
[2024-03-14T11:04:31.149+0000] {processor.py:183} INFO - Processing /home/airflow/.local/lib/python3.8/site-packages/airflow/example_dags/example_sensors.py took 0.031 seconds
[2024-03-14T11:05:01.552+0000] {processor.py:161} INFO - Started process (PID=1027) to work on /home/airflow/.local/lib/python3.8/site-packages/airflow/example_dags/example_sensors.py
[2024-03-14T11:05:01.553+0000] {processor.py:830} INFO - Processing file /home/airflow/.local/lib/python3.8/site-packages/airflow/example_dags/example_sensors.py for tasks to queue
[2024-03-14T11:05:01.553+0000] {logging_mixin.py:188} INFO - [2024-03-14T11:05:01.553+0000] {dagbag.py:540} INFO - Filling up the DagBag from /home/airflow/.local/lib/python3.8/site-packages/airflow/example_dags/example_sensors.py
[2024-03-14T11:05:01.558+0000] {processor.py:840} INFO - DAG(s) 'example_sensors' retrieved from /home/airflow/.local/lib/python3.8/site-packages/airflow/example_dags/example_sensors.py
[2024-03-14T11:05:01.568+0000] {logging_mixin.py:188} INFO - [2024-03-14T11:05:01.568+0000] {dag.py:3047} INFO - Sync 1 DAGs
[2024-03-14T11:05:01.574+0000] {logging_mixin.py:188} INFO - [2024-03-14T11:05:01.573+0000] {dag.py:3834} INFO - Setting next_dagrun for example_sensors to None, run_after=None
[2024-03-14T11:05:01.581+0000] {processor.py:183} INFO - Processing /home/airflow/.local/lib/python3.8/site-packages/airflow/example_dags/example_sensors.py took 0.030 seconds
[2024-03-14T11:05:32.019+0000] {processor.py:161} INFO - Started process (PID=1082) to work on /home/airflow/.local/lib/python3.8/site-packages/airflow/example_dags/example_sensors.py
[2024-03-14T11:05:32.019+0000] {processor.py:830} INFO - Processing file /home/airflow/.local/lib/python3.8/site-packages/airflow/example_dags/example_sensors.py for tasks to queue
[2024-03-14T11:05:32.020+0000] {logging_mixin.py:188} INFO - [2024-03-14T11:05:32.020+0000] {dagbag.py:540} INFO - Filling up the DagBag from /home/airflow/.local/lib/python3.8/site-packages/airflow/example_dags/example_sensors.py
[2024-03-14T11:05:32.024+0000] {processor.py:840} INFO - DAG(s) 'example_sensors' retrieved from /home/airflow/.local/lib/python3.8/site-packages/airflow/example_dags/example_sensors.py
[2024-03-14T11:05:32.036+0000] {logging_mixin.py:188} INFO - [2024-03-14T11:05:32.036+0000] {dag.py:3047} INFO - Sync 1 DAGs
[2024-03-14T11:05:32.041+0000] {logging_mixin.py:188} INFO - [2024-03-14T11:05:32.041+0000] {dag.py:3834} INFO - Setting next_dagrun for example_sensors to None, run_after=None
[2024-03-14T11:05:32.049+0000] {processor.py:183} INFO - Processing /home/airflow/.local/lib/python3.8/site-packages/airflow/example_dags/example_sensors.py took 0.032 seconds
[2024-03-14T11:06:02.472+0000] {processor.py:161} INFO - Started process (PID=1137) to work on /home/airflow/.local/lib/python3.8/site-packages/airflow/example_dags/example_sensors.py
[2024-03-14T11:06:02.472+0000] {processor.py:830} INFO - Processing file /home/airflow/.local/lib/python3.8/site-packages/airflow/example_dags/example_sensors.py for tasks to queue
[2024-03-14T11:06:02.473+0000] {logging_mixin.py:188} INFO - [2024-03-14T11:06:02.473+0000] {dagbag.py:540} INFO - Filling up the DagBag from /home/airflow/.local/lib/python3.8/site-packages/airflow/example_dags/example_sensors.py
[2024-03-14T11:06:02.477+0000] {processor.py:840} INFO - DAG(s) 'example_sensors' retrieved from /home/airflow/.local/lib/python3.8/site-packages/airflow/example_dags/example_sensors.py
[2024-03-14T11:06:02.488+0000] {logging_mixin.py:188} INFO - [2024-03-14T11:06:02.488+0000] {dag.py:3047} INFO - Sync 1 DAGs
[2024-03-14T11:06:02.493+0000] {logging_mixin.py:188} INFO - [2024-03-14T11:06:02.493+0000] {dag.py:3834} INFO - Setting next_dagrun for example_sensors to None, run_after=None
[2024-03-14T11:06:02.500+0000] {processor.py:183} INFO - Processing /home/airflow/.local/lib/python3.8/site-packages/airflow/example_dags/example_sensors.py took 0.030 seconds
[2024-03-14T11:06:32.926+0000] {processor.py:161} INFO - Started process (PID=1192) to work on /home/airflow/.local/lib/python3.8/site-packages/airflow/example_dags/example_sensors.py
[2024-03-14T11:06:32.927+0000] {processor.py:830} INFO - Processing file /home/airflow/.local/lib/python3.8/site-packages/airflow/example_dags/example_sensors.py for tasks to queue
[2024-03-14T11:06:32.928+0000] {logging_mixin.py:188} INFO - [2024-03-14T11:06:32.928+0000] {dagbag.py:540} INFO - Filling up the DagBag from /home/airflow/.local/lib/python3.8/site-packages/airflow/example_dags/example_sensors.py
[2024-03-14T11:06:32.931+0000] {processor.py:840} INFO - DAG(s) 'example_sensors' retrieved from /home/airflow/.local/lib/python3.8/site-packages/airflow/example_dags/example_sensors.py
[2024-03-14T11:06:32.941+0000] {logging_mixin.py:188} INFO - [2024-03-14T11:06:32.941+0000] {dag.py:3047} INFO - Sync 1 DAGs
[2024-03-14T11:06:32.946+0000] {logging_mixin.py:188} INFO - [2024-03-14T11:06:32.946+0000] {dag.py:3834} INFO - Setting next_dagrun for example_sensors to None, run_after=None
[2024-03-14T11:06:32.953+0000] {processor.py:183} INFO - Processing /home/airflow/.local/lib/python3.8/site-packages/airflow/example_dags/example_sensors.py took 0.028 seconds
[2024-03-14T11:07:03.310+0000] {processor.py:161} INFO - Started process (PID=1246) to work on /home/airflow/.local/lib/python3.8/site-packages/airflow/example_dags/example_sensors.py
[2024-03-14T11:07:03.311+0000] {processor.py:830} INFO - Processing file /home/airflow/.local/lib/python3.8/site-packages/airflow/example_dags/example_sensors.py for tasks to queue
[2024-03-14T11:07:03.312+0000] {logging_mixin.py:188} INFO - [2024-03-14T11:07:03.311+0000] {dagbag.py:540} INFO - Filling up the DagBag from /home/airflow/.local/lib/python3.8/site-packages/airflow/example_dags/example_sensors.py
[2024-03-14T11:07:03.315+0000] {processor.py:840} INFO - DAG(s) 'example_sensors' retrieved from /home/airflow/.local/lib/python3.8/site-packages/airflow/example_dags/example_sensors.py
[2024-03-14T11:07:03.326+0000] {logging_mixin.py:188} INFO - [2024-03-14T11:07:03.326+0000] {dag.py:3047} INFO - Sync 1 DAGs
[2024-03-14T11:07:03.331+0000] {logging_mixin.py:188} INFO - [2024-03-14T11:07:03.331+0000] {dag.py:3834} INFO - Setting next_dagrun for example_sensors to None, run_after=None
[2024-03-14T11:07:03.338+0000] {processor.py:183} INFO - Processing /home/airflow/.local/lib/python3.8/site-packages/airflow/example_dags/example_sensors.py took 0.030 seconds
[2024-03-14T11:07:33.782+0000] {processor.py:161} INFO - Started process (PID=1301) to work on /home/airflow/.local/lib/python3.8/site-packages/airflow/example_dags/example_sensors.py
[2024-03-14T11:07:33.783+0000] {processor.py:830} INFO - Processing file /home/airflow/.local/lib/python3.8/site-packages/airflow/example_dags/example_sensors.py for tasks to queue
[2024-03-14T11:07:33.784+0000] {logging_mixin.py:188} INFO - [2024-03-14T11:07:33.783+0000] {dagbag.py:540} INFO - Filling up the DagBag from /home/airflow/.local/lib/python3.8/site-packages/airflow/example_dags/example_sensors.py
[2024-03-14T11:07:33.787+0000] {processor.py:840} INFO - DAG(s) 'example_sensors' retrieved from /home/airflow/.local/lib/python3.8/site-packages/airflow/example_dags/example_sensors.py
[2024-03-14T11:07:33.799+0000] {logging_mixin.py:188} INFO - [2024-03-14T11:07:33.799+0000] {dag.py:3047} INFO - Sync 1 DAGs
[2024-03-14T11:07:33.804+0000] {logging_mixin.py:188} INFO - [2024-03-14T11:07:33.804+0000] {dag.py:3834} INFO - Setting next_dagrun for example_sensors to None, run_after=None
[2024-03-14T11:07:33.811+0000] {processor.py:183} INFO - Processing /home/airflow/.local/lib/python3.8/site-packages/airflow/example_dags/example_sensors.py took 0.031 seconds
[2024-03-14T11:08:04.130+0000] {processor.py:161} INFO - Started process (PID=1356) to work on /home/airflow/.local/lib/python3.8/site-packages/airflow/example_dags/example_sensors.py
[2024-03-14T11:08:04.130+0000] {processor.py:830} INFO - Processing file /home/airflow/.local/lib/python3.8/site-packages/airflow/example_dags/example_sensors.py for tasks to queue
[2024-03-14T11:08:04.131+0000] {logging_mixin.py:188} INFO - [2024-03-14T11:08:04.131+0000] {dagbag.py:540} INFO - Filling up the DagBag from /home/airflow/.local/lib/python3.8/site-packages/airflow/example_dags/example_sensors.py
[2024-03-14T11:08:04.135+0000] {processor.py:840} INFO - DAG(s) 'example_sensors' retrieved from /home/airflow/.local/lib/python3.8/site-packages/airflow/example_dags/example_sensors.py
[2024-03-14T11:08:04.146+0000] {logging_mixin.py:188} INFO - [2024-03-14T11:08:04.146+0000] {dag.py:3047} INFO - Sync 1 DAGs
[2024-03-14T11:08:04.151+0000] {logging_mixin.py:188} INFO - [2024-03-14T11:08:04.151+0000] {dag.py:3834} INFO - Setting next_dagrun for example_sensors to None, run_after=None
[2024-03-14T11:08:04.158+0000] {processor.py:183} INFO - Processing /home/airflow/.local/lib/python3.8/site-packages/airflow/example_dags/example_sensors.py took 0.030 seconds
[2024-03-14T11:08:34.416+0000] {processor.py:161} INFO - Started process (PID=1411) to work on /home/airflow/.local/lib/python3.8/site-packages/airflow/example_dags/example_sensors.py
[2024-03-14T11:08:34.417+0000] {processor.py:830} INFO - Processing file /home/airflow/.local/lib/python3.8/site-packages/airflow/example_dags/example_sensors.py for tasks to queue
[2024-03-14T11:08:34.418+0000] {logging_mixin.py:188} INFO - [2024-03-14T11:08:34.418+0000] {dagbag.py:540} INFO - Filling up the DagBag from /home/airflow/.local/lib/python3.8/site-packages/airflow/example_dags/example_sensors.py
[2024-03-14T11:08:34.422+0000] {processor.py:840} INFO - DAG(s) 'example_sensors' retrieved from /home/airflow/.local/lib/python3.8/site-packages/airflow/example_dags/example_sensors.py
[2024-03-14T11:08:34.433+0000] {logging_mixin.py:188} INFO - [2024-03-14T11:08:34.433+0000] {dag.py:3047} INFO - Sync 1 DAGs
[2024-03-14T11:08:34.438+0000] {logging_mixin.py:188} INFO - [2024-03-14T11:08:34.438+0000] {dag.py:3834} INFO - Setting next_dagrun for example_sensors to None, run_after=None
[2024-03-14T11:08:34.445+0000] {processor.py:183} INFO - Processing /home/airflow/.local/lib/python3.8/site-packages/airflow/example_dags/example_sensors.py took 0.031 seconds
[2024-03-14T11:09:04.762+0000] {processor.py:161} INFO - Started process (PID=1466) to work on /home/airflow/.local/lib/python3.8/site-packages/airflow/example_dags/example_sensors.py
[2024-03-14T11:09:04.763+0000] {processor.py:830} INFO - Processing file /home/airflow/.local/lib/python3.8/site-packages/airflow/example_dags/example_sensors.py for tasks to queue
[2024-03-14T11:09:04.763+0000] {logging_mixin.py:188} INFO - [2024-03-14T11:09:04.763+0000] {dagbag.py:540} INFO - Filling up the DagBag from /home/airflow/.local/lib/python3.8/site-packages/airflow/example_dags/example_sensors.py
[2024-03-14T11:09:04.768+0000] {processor.py:840} INFO - DAG(s) 'example_sensors' retrieved from /home/airflow/.local/lib/python3.8/site-packages/airflow/example_dags/example_sensors.py
[2024-03-14T11:09:04.778+0000] {logging_mixin.py:188} INFO - [2024-03-14T11:09:04.778+0000] {dag.py:3047} INFO - Sync 1 DAGs
[2024-03-14T11:09:04.784+0000] {logging_mixin.py:188} INFO - [2024-03-14T11:09:04.784+0000] {dag.py:3834} INFO - Setting next_dagrun for example_sensors to None, run_after=None
[2024-03-14T11:09:04.791+0000] {processor.py:183} INFO - Processing /home/airflow/.local/lib/python3.8/site-packages/airflow/example_dags/example_sensors.py took 0.031 seconds
[2024-03-14T11:09:35.157+0000] {processor.py:161} INFO - Started process (PID=1521) to work on /home/airflow/.local/lib/python3.8/site-packages/airflow/example_dags/example_sensors.py
[2024-03-14T11:09:35.157+0000] {processor.py:830} INFO - Processing file /home/airflow/.local/lib/python3.8/site-packages/airflow/example_dags/example_sensors.py for tasks to queue
[2024-03-14T11:09:35.158+0000] {logging_mixin.py:188} INFO - [2024-03-14T11:09:35.158+0000] {dagbag.py:540} INFO - Filling up the DagBag from /home/airflow/.local/lib/python3.8/site-packages/airflow/example_dags/example_sensors.py
[2024-03-14T11:09:35.162+0000] {processor.py:840} INFO - DAG(s) 'example_sensors' retrieved from /home/airflow/.local/lib/python3.8/site-packages/airflow/example_dags/example_sensors.py
[2024-03-14T11:09:35.173+0000] {logging_mixin.py:188} INFO - [2024-03-14T11:09:35.173+0000] {dag.py:3047} INFO - Sync 1 DAGs
[2024-03-14T11:09:35.178+0000] {logging_mixin.py:188} INFO - [2024-03-14T11:09:35.178+0000] {dag.py:3834} INFO - Setting next_dagrun for example_sensors to None, run_after=None
[2024-03-14T11:09:35.186+0000] {processor.py:183} INFO - Processing /home/airflow/.local/lib/python3.8/site-packages/airflow/example_dags/example_sensors.py took 0.031 seconds
[2024-03-14T11:10:05.483+0000] {processor.py:161} INFO - Started process (PID=1575) to work on /home/airflow/.local/lib/python3.8/site-packages/airflow/example_dags/example_sensors.py
[2024-03-14T11:10:05.483+0000] {processor.py:830} INFO - Processing file /home/airflow/.local/lib/python3.8/site-packages/airflow/example_dags/example_sensors.py for tasks to queue
[2024-03-14T11:10:05.484+0000] {logging_mixin.py:188} INFO - [2024-03-14T11:10:05.484+0000] {dagbag.py:540} INFO - Filling up the DagBag from /home/airflow/.local/lib/python3.8/site-packages/airflow/example_dags/example_sensors.py
[2024-03-14T11:10:05.488+0000] {processor.py:840} INFO - DAG(s) 'example_sensors' retrieved from /home/airflow/.local/lib/python3.8/site-packages/airflow/example_dags/example_sensors.py
[2024-03-14T11:10:05.498+0000] {logging_mixin.py:188} INFO - [2024-03-14T11:10:05.498+0000] {dag.py:3047} INFO - Sync 1 DAGs
[2024-03-14T11:10:05.503+0000] {logging_mixin.py:188} INFO - [2024-03-14T11:10:05.503+0000] {dag.py:3834} INFO - Setting next_dagrun for example_sensors to None, run_after=None
[2024-03-14T11:10:05.511+0000] {processor.py:183} INFO - Processing /home/airflow/.local/lib/python3.8/site-packages/airflow/example_dags/example_sensors.py took 0.030 seconds
[2024-03-14T11:10:35.901+0000] {processor.py:161} INFO - Started process (PID=1630) to work on /home/airflow/.local/lib/python3.8/site-packages/airflow/example_dags/example_sensors.py
[2024-03-14T11:10:35.902+0000] {processor.py:830} INFO - Processing file /home/airflow/.local/lib/python3.8/site-packages/airflow/example_dags/example_sensors.py for tasks to queue
[2024-03-14T11:10:35.903+0000] {logging_mixin.py:188} INFO - [2024-03-14T11:10:35.903+0000] {dagbag.py:540} INFO - Filling up the DagBag from /home/airflow/.local/lib/python3.8/site-packages/airflow/example_dags/example_sensors.py
[2024-03-14T11:10:35.907+0000] {processor.py:840} INFO - DAG(s) 'example_sensors' retrieved from /home/airflow/.local/lib/python3.8/site-packages/airflow/example_dags/example_sensors.py
[2024-03-14T11:10:35.917+0000] {logging_mixin.py:188} INFO - [2024-03-14T11:10:35.917+0000] {dag.py:3047} INFO - Sync 1 DAGs
[2024-03-14T11:10:35.922+0000] {logging_mixin.py:188} INFO - [2024-03-14T11:10:35.922+0000] {dag.py:3834} INFO - Setting next_dagrun for example_sensors to None, run_after=None
[2024-03-14T11:10:35.929+0000] {processor.py:183} INFO - Processing /home/airflow/.local/lib/python3.8/site-packages/airflow/example_dags/example_sensors.py took 0.030 seconds
[2024-03-14T11:11:06.329+0000] {processor.py:161} INFO - Started process (PID=1685) to work on /home/airflow/.local/lib/python3.8/site-packages/airflow/example_dags/example_sensors.py
[2024-03-14T11:11:06.329+0000] {processor.py:830} INFO - Processing file /home/airflow/.local/lib/python3.8/site-packages/airflow/example_dags/example_sensors.py for tasks to queue
[2024-03-14T11:11:06.330+0000] {logging_mixin.py:188} INFO - [2024-03-14T11:11:06.330+0000] {dagbag.py:540} INFO - Filling up the DagBag from /home/airflow/.local/lib/python3.8/site-packages/airflow/example_dags/example_sensors.py
[2024-03-14T11:11:06.335+0000] {processor.py:840} INFO - DAG(s) 'example_sensors' retrieved from /home/airflow/.local/lib/python3.8/site-packages/airflow/example_dags/example_sensors.py
[2024-03-14T11:11:06.345+0000] {logging_mixin.py:188} INFO - [2024-03-14T11:11:06.345+0000] {dag.py:3047} INFO - Sync 1 DAGs
[2024-03-14T11:11:06.351+0000] {logging_mixin.py:188} INFO - [2024-03-14T11:11:06.351+0000] {dag.py:3834} INFO - Setting next_dagrun for example_sensors to None, run_after=None
[2024-03-14T11:11:06.358+0000] {processor.py:183} INFO - Processing /home/airflow/.local/lib/python3.8/site-packages/airflow/example_dags/example_sensors.py took 0.031 seconds
[2024-03-14T11:11:36.755+0000] {processor.py:161} INFO - Started process (PID=1739) to work on /home/airflow/.local/lib/python3.8/site-packages/airflow/example_dags/example_sensors.py
[2024-03-14T11:11:36.756+0000] {processor.py:830} INFO - Processing file /home/airflow/.local/lib/python3.8/site-packages/airflow/example_dags/example_sensors.py for tasks to queue
[2024-03-14T11:11:36.757+0000] {logging_mixin.py:188} INFO - [2024-03-14T11:11:36.756+0000] {dagbag.py:540} INFO - Filling up the DagBag from /home/airflow/.local/lib/python3.8/site-packages/airflow/example_dags/example_sensors.py
[2024-03-14T11:11:36.761+0000] {processor.py:840} INFO - DAG(s) 'example_sensors' retrieved from /home/airflow/.local/lib/python3.8/site-packages/airflow/example_dags/example_sensors.py
[2024-03-14T11:11:36.773+0000] {logging_mixin.py:188} INFO - [2024-03-14T11:11:36.773+0000] {dag.py:3047} INFO - Sync 1 DAGs
[2024-03-14T11:11:36.778+0000] {logging_mixin.py:188} INFO - [2024-03-14T11:11:36.778+0000] {dag.py:3834} INFO - Setting next_dagrun for example_sensors to None, run_after=None
[2024-03-14T11:11:36.785+0000] {processor.py:183} INFO - Processing /home/airflow/.local/lib/python3.8/site-packages/airflow/example_dags/example_sensors.py took 0.032 seconds
[2024-03-14T11:12:07.190+0000] {processor.py:161} INFO - Started process (PID=1794) to work on /home/airflow/.local/lib/python3.8/site-packages/airflow/example_dags/example_sensors.py
[2024-03-14T11:12:07.190+0000] {processor.py:830} INFO - Processing file /home/airflow/.local/lib/python3.8/site-packages/airflow/example_dags/example_sensors.py for tasks to queue
[2024-03-14T11:12:07.191+0000] {logging_mixin.py:188} INFO - [2024-03-14T11:12:07.191+0000] {dagbag.py:540} INFO - Filling up the DagBag from /home/airflow/.local/lib/python3.8/site-packages/airflow/example_dags/example_sensors.py
[2024-03-14T11:12:07.195+0000] {processor.py:840} INFO - DAG(s) 'example_sensors' retrieved from /home/airflow/.local/lib/python3.8/site-packages/airflow/example_dags/example_sensors.py
[2024-03-14T11:12:07.206+0000] {logging_mixin.py:188} INFO - [2024-03-14T11:12:07.206+0000] {dag.py:3047} INFO - Sync 1 DAGs
[2024-03-14T11:12:07.212+0000] {logging_mixin.py:188} INFO - [2024-03-14T11:12:07.212+0000] {dag.py:3834} INFO - Setting next_dagrun for example_sensors to None, run_after=None
[2024-03-14T11:12:07.219+0000] {processor.py:183} INFO - Processing /home/airflow/.local/lib/python3.8/site-packages/airflow/example_dags/example_sensors.py took 0.030 seconds
[2024-03-14T11:12:37.663+0000] {processor.py:161} INFO - Started process (PID=1849) to work on /home/airflow/.local/lib/python3.8/site-packages/airflow/example_dags/example_sensors.py
[2024-03-14T11:12:37.664+0000] {processor.py:830} INFO - Processing file /home/airflow/.local/lib/python3.8/site-packages/airflow/example_dags/example_sensors.py for tasks to queue
[2024-03-14T11:12:37.664+0000] {logging_mixin.py:188} INFO - [2024-03-14T11:12:37.664+0000] {dagbag.py:540} INFO - Filling up the DagBag from /home/airflow/.local/lib/python3.8/site-packages/airflow/example_dags/example_sensors.py
[2024-03-14T11:12:37.668+0000] {processor.py:840} INFO - DAG(s) 'example_sensors' retrieved from /home/airflow/.local/lib/python3.8/site-packages/airflow/example_dags/example_sensors.py
[2024-03-14T11:12:37.679+0000] {logging_mixin.py:188} INFO - [2024-03-14T11:12:37.679+0000] {dag.py:3047} INFO - Sync 1 DAGs
[2024-03-14T11:12:37.684+0000] {logging_mixin.py:188} INFO - [2024-03-14T11:12:37.684+0000] {dag.py:3834} INFO - Setting next_dagrun for example_sensors to None, run_after=None
[2024-03-14T11:12:37.691+0000] {processor.py:183} INFO - Processing /home/airflow/.local/lib/python3.8/site-packages/airflow/example_dags/example_sensors.py took 0.030 seconds
[2024-03-14T11:13:08.023+0000] {processor.py:161} INFO - Started process (PID=1903) to work on /home/airflow/.local/lib/python3.8/site-packages/airflow/example_dags/example_sensors.py
[2024-03-14T11:13:08.023+0000] {processor.py:830} INFO - Processing file /home/airflow/.local/lib/python3.8/site-packages/airflow/example_dags/example_sensors.py for tasks to queue
[2024-03-14T11:13:08.024+0000] {logging_mixin.py:188} INFO - [2024-03-14T11:13:08.024+0000] {dagbag.py:540} INFO - Filling up the DagBag from /home/airflow/.local/lib/python3.8/site-packages/airflow/example_dags/example_sensors.py
[2024-03-14T11:13:08.028+0000] {processor.py:840} INFO - DAG(s) 'example_sensors' retrieved from /home/airflow/.local/lib/python3.8/site-packages/airflow/example_dags/example_sensors.py
[2024-03-14T11:13:08.039+0000] {logging_mixin.py:188} INFO - [2024-03-14T11:13:08.039+0000] {dag.py:3047} INFO - Sync 1 DAGs
[2024-03-14T11:13:08.044+0000] {logging_mixin.py:188} INFO - [2024-03-14T11:13:08.044+0000] {dag.py:3834} INFO - Setting next_dagrun for example_sensors to None, run_after=None
[2024-03-14T11:13:08.051+0000] {processor.py:183} INFO - Processing /home/airflow/.local/lib/python3.8/site-packages/airflow/example_dags/example_sensors.py took 0.030 seconds
[2024-03-14T11:13:38.355+0000] {processor.py:161} INFO - Started process (PID=1958) to work on /home/airflow/.local/lib/python3.8/site-packages/airflow/example_dags/example_sensors.py
[2024-03-14T11:13:38.356+0000] {processor.py:830} INFO - Processing file /home/airflow/.local/lib/python3.8/site-packages/airflow/example_dags/example_sensors.py for tasks to queue
[2024-03-14T11:13:38.357+0000] {logging_mixin.py:188} INFO - [2024-03-14T11:13:38.357+0000] {dagbag.py:540} INFO - Filling up the DagBag from /home/airflow/.local/lib/python3.8/site-packages/airflow/example_dags/example_sensors.py
[2024-03-14T11:13:38.362+0000] {processor.py:840} INFO - DAG(s) 'example_sensors' retrieved from /home/airflow/.local/lib/python3.8/site-packages/airflow/example_dags/example_sensors.py
[2024-03-14T11:13:38.372+0000] {logging_mixin.py:188} INFO - [2024-03-14T11:13:38.372+0000] {dag.py:3047} INFO - Sync 1 DAGs
[2024-03-14T11:13:38.378+0000] {logging_mixin.py:188} INFO - [2024-03-14T11:13:38.377+0000] {dag.py:3834} INFO - Setting next_dagrun for example_sensors to None, run_after=None
[2024-03-14T11:13:38.384+0000] {processor.py:183} INFO - Processing /home/airflow/.local/lib/python3.8/site-packages/airflow/example_dags/example_sensors.py took 0.030 seconds
[2024-03-14T11:14:08.751+0000] {processor.py:161} INFO - Started process (PID=2013) to work on /home/airflow/.local/lib/python3.8/site-packages/airflow/example_dags/example_sensors.py
[2024-03-14T11:14:08.752+0000] {processor.py:830} INFO - Processing file /home/airflow/.local/lib/python3.8/site-packages/airflow/example_dags/example_sensors.py for tasks to queue
[2024-03-14T11:14:08.753+0000] {logging_mixin.py:188} INFO - [2024-03-14T11:14:08.753+0000] {dagbag.py:540} INFO - Filling up the DagBag from /home/airflow/.local/lib/python3.8/site-packages/airflow/example_dags/example_sensors.py
[2024-03-14T11:14:08.757+0000] {processor.py:840} INFO - DAG(s) 'example_sensors' retrieved from /home/airflow/.local/lib/python3.8/site-packages/airflow/example_dags/example_sensors.py
[2024-03-14T11:14:08.768+0000] {logging_mixin.py:188} INFO - [2024-03-14T11:14:08.768+0000] {dag.py:3047} INFO - Sync 1 DAGs
[2024-03-14T11:14:08.773+0000] {logging_mixin.py:188} INFO - [2024-03-14T11:14:08.773+0000] {dag.py:3834} INFO - Setting next_dagrun for example_sensors to None, run_after=None
[2024-03-14T11:14:08.780+0000] {processor.py:183} INFO - Processing /home/airflow/.local/lib/python3.8/site-packages/airflow/example_dags/example_sensors.py took 0.030 seconds
[2024-03-14T11:14:39.078+0000] {processor.py:161} INFO - Started process (PID=2068) to work on /home/airflow/.local/lib/python3.8/site-packages/airflow/example_dags/example_sensors.py
[2024-03-14T11:14:39.079+0000] {processor.py:830} INFO - Processing file /home/airflow/.local/lib/python3.8/site-packages/airflow/example_dags/example_sensors.py for tasks to queue
[2024-03-14T11:14:39.079+0000] {logging_mixin.py:188} INFO - [2024-03-14T11:14:39.079+0000] {dagbag.py:540} INFO - Filling up the DagBag from /home/airflow/.local/lib/python3.8/site-packages/airflow/example_dags/example_sensors.py
[2024-03-14T11:14:39.084+0000] {processor.py:840} INFO - DAG(s) 'example_sensors' retrieved from /home/airflow/.local/lib/python3.8/site-packages/airflow/example_dags/example_sensors.py
[2024-03-14T11:14:39.094+0000] {logging_mixin.py:188} INFO - [2024-03-14T11:14:39.094+0000] {dag.py:3047} INFO - Sync 1 DAGs
[2024-03-14T11:14:39.100+0000] {logging_mixin.py:188} INFO - [2024-03-14T11:14:39.100+0000] {dag.py:3834} INFO - Setting next_dagrun for example_sensors to None, run_after=None
[2024-03-14T11:14:39.107+0000] {processor.py:183} INFO - Processing /home/airflow/.local/lib/python3.8/site-packages/airflow/example_dags/example_sensors.py took 0.031 seconds
[2024-03-14T11:15:09.505+0000] {processor.py:161} INFO - Started process (PID=2123) to work on /home/airflow/.local/lib/python3.8/site-packages/airflow/example_dags/example_sensors.py
[2024-03-14T11:15:09.505+0000] {processor.py:830} INFO - Processing file /home/airflow/.local/lib/python3.8/site-packages/airflow/example_dags/example_sensors.py for tasks to queue
[2024-03-14T11:15:09.506+0000] {logging_mixin.py:188} INFO - [2024-03-14T11:15:09.506+0000] {dagbag.py:540} INFO - Filling up the DagBag from /home/airflow/.local/lib/python3.8/site-packages/airflow/example_dags/example_sensors.py
[2024-03-14T11:15:09.510+0000] {processor.py:840} INFO - DAG(s) 'example_sensors' retrieved from /home/airflow/.local/lib/python3.8/site-packages/airflow/example_dags/example_sensors.py
[2024-03-14T11:15:09.521+0000] {logging_mixin.py:188} INFO - [2024-03-14T11:15:09.521+0000] {dag.py:3047} INFO - Sync 1 DAGs
[2024-03-14T11:15:09.526+0000] {logging_mixin.py:188} INFO - [2024-03-14T11:15:09.526+0000] {dag.py:3834} INFO - Setting next_dagrun for example_sensors to None, run_after=None
[2024-03-14T11:15:09.533+0000] {processor.py:183} INFO - Processing /home/airflow/.local/lib/python3.8/site-packages/airflow/example_dags/example_sensors.py took 0.030 seconds
[2024-03-14T11:15:39.844+0000] {processor.py:161} INFO - Started process (PID=2178) to work on /home/airflow/.local/lib/python3.8/site-packages/airflow/example_dags/example_sensors.py
[2024-03-14T11:15:39.845+0000] {processor.py:830} INFO - Processing file /home/airflow/.local/lib/python3.8/site-packages/airflow/example_dags/example_sensors.py for tasks to queue
[2024-03-14T11:15:39.845+0000] {logging_mixin.py:188} INFO - [2024-03-14T11:15:39.845+0000] {dagbag.py:540} INFO - Filling up the DagBag from /home/airflow/.local/lib/python3.8/site-packages/airflow/example_dags/example_sensors.py
[2024-03-14T11:15:39.849+0000] {processor.py:840} INFO - DAG(s) 'example_sensors' retrieved from /home/airflow/.local/lib/python3.8/site-packages/airflow/example_dags/example_sensors.py
[2024-03-14T11:15:39.860+0000] {logging_mixin.py:188} INFO - [2024-03-14T11:15:39.860+0000] {dag.py:3047} INFO - Sync 1 DAGs
[2024-03-14T11:15:39.865+0000] {logging_mixin.py:188} INFO - [2024-03-14T11:15:39.865+0000] {dag.py:3834} INFO - Setting next_dagrun for example_sensors to None, run_after=None
[2024-03-14T11:15:39.873+0000] {processor.py:183} INFO - Processing /home/airflow/.local/lib/python3.8/site-packages/airflow/example_dags/example_sensors.py took 0.030 seconds
[2024-03-14T11:16:10.329+0000] {processor.py:161} INFO - Started process (PID=2232) to work on /home/airflow/.local/lib/python3.8/site-packages/airflow/example_dags/example_sensors.py
[2024-03-14T11:16:10.329+0000] {processor.py:830} INFO - Processing file /home/airflow/.local/lib/python3.8/site-packages/airflow/example_dags/example_sensors.py for tasks to queue
[2024-03-14T11:16:10.330+0000] {logging_mixin.py:188} INFO - [2024-03-14T11:16:10.330+0000] {dagbag.py:540} INFO - Filling up the DagBag from /home/airflow/.local/lib/python3.8/site-packages/airflow/example_dags/example_sensors.py
[2024-03-14T11:16:10.334+0000] {processor.py:840} INFO - DAG(s) 'example_sensors' retrieved from /home/airflow/.local/lib/python3.8/site-packages/airflow/example_dags/example_sensors.py
[2024-03-14T11:16:10.345+0000] {logging_mixin.py:188} INFO - [2024-03-14T11:16:10.345+0000] {dag.py:3047} INFO - Sync 1 DAGs
[2024-03-14T11:16:10.350+0000] {logging_mixin.py:188} INFO - [2024-03-14T11:16:10.350+0000] {dag.py:3834} INFO - Setting next_dagrun for example_sensors to None, run_after=None
[2024-03-14T11:16:10.357+0000] {processor.py:183} INFO - Processing /home/airflow/.local/lib/python3.8/site-packages/airflow/example_dags/example_sensors.py took 0.030 seconds
[2024-03-14T11:16:40.743+0000] {processor.py:161} INFO - Started process (PID=2287) to work on /home/airflow/.local/lib/python3.8/site-packages/airflow/example_dags/example_sensors.py
[2024-03-14T11:16:40.744+0000] {processor.py:830} INFO - Processing file /home/airflow/.local/lib/python3.8/site-packages/airflow/example_dags/example_sensors.py for tasks to queue
[2024-03-14T11:16:40.745+0000] {logging_mixin.py:188} INFO - [2024-03-14T11:16:40.744+0000] {dagbag.py:540} INFO - Filling up the DagBag from /home/airflow/.local/lib/python3.8/site-packages/airflow/example_dags/example_sensors.py
[2024-03-14T11:16:40.749+0000] {processor.py:840} INFO - DAG(s) 'example_sensors' retrieved from /home/airflow/.local/lib/python3.8/site-packages/airflow/example_dags/example_sensors.py
[2024-03-14T11:16:40.760+0000] {logging_mixin.py:188} INFO - [2024-03-14T11:16:40.760+0000] {dag.py:3047} INFO - Sync 1 DAGs
[2024-03-14T11:16:40.765+0000] {logging_mixin.py:188} INFO - [2024-03-14T11:16:40.765+0000] {dag.py:3834} INFO - Setting next_dagrun for example_sensors to None, run_after=None
[2024-03-14T11:16:40.772+0000] {processor.py:183} INFO - Processing /home/airflow/.local/lib/python3.8/site-packages/airflow/example_dags/example_sensors.py took 0.031 seconds
[2024-03-14T11:17:11.154+0000] {processor.py:161} INFO - Started process (PID=2342) to work on /home/airflow/.local/lib/python3.8/site-packages/airflow/example_dags/example_sensors.py
[2024-03-14T11:17:11.156+0000] {processor.py:830} INFO - Processing file /home/airflow/.local/lib/python3.8/site-packages/airflow/example_dags/example_sensors.py for tasks to queue
[2024-03-14T11:17:11.156+0000] {logging_mixin.py:188} INFO - [2024-03-14T11:17:11.156+0000] {dagbag.py:540} INFO - Filling up the DagBag from /home/airflow/.local/lib/python3.8/site-packages/airflow/example_dags/example_sensors.py
[2024-03-14T11:17:11.161+0000] {processor.py:840} INFO - DAG(s) 'example_sensors' retrieved from /home/airflow/.local/lib/python3.8/site-packages/airflow/example_dags/example_sensors.py
[2024-03-14T11:17:11.172+0000] {logging_mixin.py:188} INFO - [2024-03-14T11:17:11.172+0000] {dag.py:3047} INFO - Sync 1 DAGs
[2024-03-14T11:17:11.177+0000] {logging_mixin.py:188} INFO - [2024-03-14T11:17:11.177+0000] {dag.py:3834} INFO - Setting next_dagrun for example_sensors to None, run_after=None
[2024-03-14T11:17:11.185+0000] {processor.py:183} INFO - Processing /home/airflow/.local/lib/python3.8/site-packages/airflow/example_dags/example_sensors.py took 0.033 seconds
[2024-03-14T11:17:41.686+0000] {processor.py:161} INFO - Started process (PID=2397) to work on /home/airflow/.local/lib/python3.8/site-packages/airflow/example_dags/example_sensors.py
[2024-03-14T11:17:41.687+0000] {processor.py:830} INFO - Processing file /home/airflow/.local/lib/python3.8/site-packages/airflow/example_dags/example_sensors.py for tasks to queue
[2024-03-14T11:17:41.688+0000] {logging_mixin.py:188} INFO - [2024-03-14T11:17:41.688+0000] {dagbag.py:540} INFO - Filling up the DagBag from /home/airflow/.local/lib/python3.8/site-packages/airflow/example_dags/example_sensors.py
[2024-03-14T11:17:41.692+0000] {processor.py:840} INFO - DAG(s) 'example_sensors' retrieved from /home/airflow/.local/lib/python3.8/site-packages/airflow/example_dags/example_sensors.py
[2024-03-14T11:17:41.702+0000] {logging_mixin.py:188} INFO - [2024-03-14T11:17:41.702+0000] {dag.py:3047} INFO - Sync 1 DAGs
[2024-03-14T11:17:41.708+0000] {logging_mixin.py:188} INFO - [2024-03-14T11:17:41.708+0000] {dag.py:3834} INFO - Setting next_dagrun for example_sensors to None, run_after=None
[2024-03-14T11:17:41.715+0000] {processor.py:183} INFO - Processing /home/airflow/.local/lib/python3.8/site-packages/airflow/example_dags/example_sensors.py took 0.030 seconds
[2024-03-14T11:18:12.142+0000] {processor.py:161} INFO - Started process (PID=2451) to work on /home/airflow/.local/lib/python3.8/site-packages/airflow/example_dags/example_sensors.py
[2024-03-14T11:18:12.143+0000] {processor.py:830} INFO - Processing file /home/airflow/.local/lib/python3.8/site-packages/airflow/example_dags/example_sensors.py for tasks to queue
[2024-03-14T11:18:12.144+0000] {logging_mixin.py:188} INFO - [2024-03-14T11:18:12.144+0000] {dagbag.py:540} INFO - Filling up the DagBag from /home/airflow/.local/lib/python3.8/site-packages/airflow/example_dags/example_sensors.py
[2024-03-14T11:18:12.148+0000] {processor.py:840} INFO - DAG(s) 'example_sensors' retrieved from /home/airflow/.local/lib/python3.8/site-packages/airflow/example_dags/example_sensors.py
[2024-03-14T11:18:12.159+0000] {logging_mixin.py:188} INFO - [2024-03-14T11:18:12.159+0000] {dag.py:3047} INFO - Sync 1 DAGs
[2024-03-14T11:18:12.165+0000] {logging_mixin.py:188} INFO - [2024-03-14T11:18:12.164+0000] {dag.py:3834} INFO - Setting next_dagrun for example_sensors to None, run_after=None
[2024-03-14T11:18:12.172+0000] {processor.py:183} INFO - Processing /home/airflow/.local/lib/python3.8/site-packages/airflow/example_dags/example_sensors.py took 0.031 seconds
[2024-03-14T11:18:42.559+0000] {processor.py:161} INFO - Started process (PID=2506) to work on /home/airflow/.local/lib/python3.8/site-packages/airflow/example_dags/example_sensors.py
[2024-03-14T11:18:42.560+0000] {processor.py:830} INFO - Processing file /home/airflow/.local/lib/python3.8/site-packages/airflow/example_dags/example_sensors.py for tasks to queue
[2024-03-14T11:18:42.560+0000] {logging_mixin.py:188} INFO - [2024-03-14T11:18:42.560+0000] {dagbag.py:540} INFO - Filling up the DagBag from /home/airflow/.local/lib/python3.8/site-packages/airflow/example_dags/example_sensors.py
[2024-03-14T11:18:42.564+0000] {processor.py:840} INFO - DAG(s) 'example_sensors' retrieved from /home/airflow/.local/lib/python3.8/site-packages/airflow/example_dags/example_sensors.py
[2024-03-14T11:18:42.575+0000] {logging_mixin.py:188} INFO - [2024-03-14T11:18:42.575+0000] {dag.py:3047} INFO - Sync 1 DAGs
[2024-03-14T11:18:42.580+0000] {logging_mixin.py:188} INFO - [2024-03-14T11:18:42.580+0000] {dag.py:3834} INFO - Setting next_dagrun for example_sensors to None, run_after=None
[2024-03-14T11:18:42.587+0000] {processor.py:183} INFO - Processing /home/airflow/.local/lib/python3.8/site-packages/airflow/example_dags/example_sensors.py took 0.029 seconds
[2024-03-14T11:19:13.020+0000] {processor.py:161} INFO - Started process (PID=2561) to work on /home/airflow/.local/lib/python3.8/site-packages/airflow/example_dags/example_sensors.py
[2024-03-14T11:19:13.020+0000] {processor.py:830} INFO - Processing file /home/airflow/.local/lib/python3.8/site-packages/airflow/example_dags/example_sensors.py for tasks to queue
[2024-03-14T11:19:13.021+0000] {logging_mixin.py:188} INFO - [2024-03-14T11:19:13.021+0000] {dagbag.py:540} INFO - Filling up the DagBag from /home/airflow/.local/lib/python3.8/site-packages/airflow/example_dags/example_sensors.py
[2024-03-14T11:19:13.025+0000] {processor.py:840} INFO - DAG(s) 'example_sensors' retrieved from /home/airflow/.local/lib/python3.8/site-packages/airflow/example_dags/example_sensors.py
[2024-03-14T11:19:13.036+0000] {logging_mixin.py:188} INFO - [2024-03-14T11:19:13.036+0000] {dag.py:3047} INFO - Sync 1 DAGs
[2024-03-14T11:19:13.042+0000] {logging_mixin.py:188} INFO - [2024-03-14T11:19:13.041+0000] {dag.py:3834} INFO - Setting next_dagrun for example_sensors to None, run_after=None
[2024-03-14T11:19:13.048+0000] {processor.py:183} INFO - Processing /home/airflow/.local/lib/python3.8/site-packages/airflow/example_dags/example_sensors.py took 0.030 seconds
[2024-03-14T11:19:43.426+0000] {processor.py:161} INFO - Started process (PID=2616) to work on /home/airflow/.local/lib/python3.8/site-packages/airflow/example_dags/example_sensors.py
[2024-03-14T11:19:43.427+0000] {processor.py:830} INFO - Processing file /home/airflow/.local/lib/python3.8/site-packages/airflow/example_dags/example_sensors.py for tasks to queue
[2024-03-14T11:19:43.428+0000] {logging_mixin.py:188} INFO - [2024-03-14T11:19:43.428+0000] {dagbag.py:540} INFO - Filling up the DagBag from /home/airflow/.local/lib/python3.8/site-packages/airflow/example_dags/example_sensors.py
[2024-03-14T11:19:43.432+0000] {processor.py:840} INFO - DAG(s) 'example_sensors' retrieved from /home/airflow/.local/lib/python3.8/site-packages/airflow/example_dags/example_sensors.py
[2024-03-14T11:19:43.443+0000] {logging_mixin.py:188} INFO - [2024-03-14T11:19:43.443+0000] {dag.py:3047} INFO - Sync 1 DAGs
[2024-03-14T11:19:43.448+0000] {logging_mixin.py:188} INFO - [2024-03-14T11:19:43.448+0000] {dag.py:3834} INFO - Setting next_dagrun for example_sensors to None, run_after=None
[2024-03-14T11:19:43.455+0000] {processor.py:183} INFO - Processing /home/airflow/.local/lib/python3.8/site-packages/airflow/example_dags/example_sensors.py took 0.030 seconds
[2024-03-14T11:20:13.798+0000] {processor.py:161} INFO - Started process (PID=2671) to work on /home/airflow/.local/lib/python3.8/site-packages/airflow/example_dags/example_sensors.py
[2024-03-14T11:20:13.799+0000] {processor.py:830} INFO - Processing file /home/airflow/.local/lib/python3.8/site-packages/airflow/example_dags/example_sensors.py for tasks to queue
[2024-03-14T11:20:13.799+0000] {logging_mixin.py:188} INFO - [2024-03-14T11:20:13.799+0000] {dagbag.py:540} INFO - Filling up the DagBag from /home/airflow/.local/lib/python3.8/site-packages/airflow/example_dags/example_sensors.py
[2024-03-14T11:20:13.803+0000] {processor.py:840} INFO - DAG(s) 'example_sensors' retrieved from /home/airflow/.local/lib/python3.8/site-packages/airflow/example_dags/example_sensors.py
[2024-03-14T11:20:13.814+0000] {logging_mixin.py:188} INFO - [2024-03-14T11:20:13.814+0000] {dag.py:3047} INFO - Sync 1 DAGs
[2024-03-14T11:20:13.819+0000] {logging_mixin.py:188} INFO - [2024-03-14T11:20:13.819+0000] {dag.py:3834} INFO - Setting next_dagrun for example_sensors to None, run_after=None
[2024-03-14T11:20:13.826+0000] {processor.py:183} INFO - Processing /home/airflow/.local/lib/python3.8/site-packages/airflow/example_dags/example_sensors.py took 0.029 seconds
[2024-03-14T11:20:44.231+0000] {processor.py:161} INFO - Started process (PID=2726) to work on /home/airflow/.local/lib/python3.8/site-packages/airflow/example_dags/example_sensors.py
[2024-03-14T11:20:44.231+0000] {processor.py:830} INFO - Processing file /home/airflow/.local/lib/python3.8/site-packages/airflow/example_dags/example_sensors.py for tasks to queue
[2024-03-14T11:20:44.232+0000] {logging_mixin.py:188} INFO - [2024-03-14T11:20:44.232+0000] {dagbag.py:540} INFO - Filling up the DagBag from /home/airflow/.local/lib/python3.8/site-packages/airflow/example_dags/example_sensors.py
[2024-03-14T11:20:44.236+0000] {processor.py:840} INFO - DAG(s) 'example_sensors' retrieved from /home/airflow/.local/lib/python3.8/site-packages/airflow/example_dags/example_sensors.py
[2024-03-14T11:20:44.247+0000] {logging_mixin.py:188} INFO - [2024-03-14T11:20:44.247+0000] {dag.py:3047} INFO - Sync 1 DAGs
[2024-03-14T11:20:44.253+0000] {logging_mixin.py:188} INFO - [2024-03-14T11:20:44.252+0000] {dag.py:3834} INFO - Setting next_dagrun for example_sensors to None, run_after=None
[2024-03-14T11:20:44.260+0000] {processor.py:183} INFO - Processing /home/airflow/.local/lib/python3.8/site-packages/airflow/example_dags/example_sensors.py took 0.031 seconds
[2024-03-14T11:21:14.737+0000] {processor.py:161} INFO - Started process (PID=2781) to work on /home/airflow/.local/lib/python3.8/site-packages/airflow/example_dags/example_sensors.py
[2024-03-14T11:21:14.738+0000] {processor.py:830} INFO - Processing file /home/airflow/.local/lib/python3.8/site-packages/airflow/example_dags/example_sensors.py for tasks to queue
[2024-03-14T11:21:14.739+0000] {logging_mixin.py:188} INFO - [2024-03-14T11:21:14.739+0000] {dagbag.py:540} INFO - Filling up the DagBag from /home/airflow/.local/lib/python3.8/site-packages/airflow/example_dags/example_sensors.py
[2024-03-14T11:21:14.743+0000] {processor.py:840} INFO - DAG(s) 'example_sensors' retrieved from /home/airflow/.local/lib/python3.8/site-packages/airflow/example_dags/example_sensors.py
[2024-03-14T11:21:14.754+0000] {logging_mixin.py:188} INFO - [2024-03-14T11:21:14.754+0000] {dag.py:3047} INFO - Sync 1 DAGs
[2024-03-14T11:21:14.759+0000] {logging_mixin.py:188} INFO - [2024-03-14T11:21:14.759+0000] {dag.py:3834} INFO - Setting next_dagrun for example_sensors to None, run_after=None
[2024-03-14T11:21:14.767+0000] {processor.py:183} INFO - Processing /home/airflow/.local/lib/python3.8/site-packages/airflow/example_dags/example_sensors.py took 0.031 seconds
[2024-03-14T11:21:45.192+0000] {processor.py:161} INFO - Started process (PID=2836) to work on /home/airflow/.local/lib/python3.8/site-packages/airflow/example_dags/example_sensors.py
[2024-03-14T11:21:45.193+0000] {processor.py:830} INFO - Processing file /home/airflow/.local/lib/python3.8/site-packages/airflow/example_dags/example_sensors.py for tasks to queue
[2024-03-14T11:21:45.193+0000] {logging_mixin.py:188} INFO - [2024-03-14T11:21:45.193+0000] {dagbag.py:540} INFO - Filling up the DagBag from /home/airflow/.local/lib/python3.8/site-packages/airflow/example_dags/example_sensors.py
[2024-03-14T11:21:45.198+0000] {processor.py:840} INFO - DAG(s) 'example_sensors' retrieved from /home/airflow/.local/lib/python3.8/site-packages/airflow/example_dags/example_sensors.py
[2024-03-14T11:21:45.209+0000] {logging_mixin.py:188} INFO - [2024-03-14T11:21:45.209+0000] {dag.py:3047} INFO - Sync 1 DAGs
[2024-03-14T11:21:45.215+0000] {logging_mixin.py:188} INFO - [2024-03-14T11:21:45.215+0000] {dag.py:3834} INFO - Setting next_dagrun for example_sensors to None, run_after=None
[2024-03-14T11:21:45.223+0000] {processor.py:183} INFO - Processing /home/airflow/.local/lib/python3.8/site-packages/airflow/example_dags/example_sensors.py took 0.033 seconds
[2024-03-14T11:22:15.669+0000] {processor.py:161} INFO - Started process (PID=2891) to work on /home/airflow/.local/lib/python3.8/site-packages/airflow/example_dags/example_sensors.py
[2024-03-14T11:22:15.670+0000] {processor.py:830} INFO - Processing file /home/airflow/.local/lib/python3.8/site-packages/airflow/example_dags/example_sensors.py for tasks to queue
[2024-03-14T11:22:15.671+0000] {logging_mixin.py:188} INFO - [2024-03-14T11:22:15.670+0000] {dagbag.py:540} INFO - Filling up the DagBag from /home/airflow/.local/lib/python3.8/site-packages/airflow/example_dags/example_sensors.py
[2024-03-14T11:22:15.675+0000] {processor.py:840} INFO - DAG(s) 'example_sensors' retrieved from /home/airflow/.local/lib/python3.8/site-packages/airflow/example_dags/example_sensors.py
[2024-03-14T11:22:15.685+0000] {logging_mixin.py:188} INFO - [2024-03-14T11:22:15.685+0000] {dag.py:3047} INFO - Sync 1 DAGs
[2024-03-14T11:22:15.690+0000] {logging_mixin.py:188} INFO - [2024-03-14T11:22:15.690+0000] {dag.py:3834} INFO - Setting next_dagrun for example_sensors to None, run_after=None
[2024-03-14T11:22:15.697+0000] {processor.py:183} INFO - Processing /home/airflow/.local/lib/python3.8/site-packages/airflow/example_dags/example_sensors.py took 0.030 seconds
[2024-03-14T11:22:46.222+0000] {processor.py:161} INFO - Started process (PID=2946) to work on /home/airflow/.local/lib/python3.8/site-packages/airflow/example_dags/example_sensors.py
[2024-03-14T11:22:46.223+0000] {processor.py:830} INFO - Processing file /home/airflow/.local/lib/python3.8/site-packages/airflow/example_dags/example_sensors.py for tasks to queue
[2024-03-14T11:22:46.224+0000] {logging_mixin.py:188} INFO - [2024-03-14T11:22:46.224+0000] {dagbag.py:540} INFO - Filling up the DagBag from /home/airflow/.local/lib/python3.8/site-packages/airflow/example_dags/example_sensors.py
[2024-03-14T11:22:46.228+0000] {processor.py:840} INFO - DAG(s) 'example_sensors' retrieved from /home/airflow/.local/lib/python3.8/site-packages/airflow/example_dags/example_sensors.py
[2024-03-14T11:22:46.238+0000] {logging_mixin.py:188} INFO - [2024-03-14T11:22:46.238+0000] {dag.py:3047} INFO - Sync 1 DAGs
[2024-03-14T11:22:46.243+0000] {logging_mixin.py:188} INFO - [2024-03-14T11:22:46.243+0000] {dag.py:3834} INFO - Setting next_dagrun for example_sensors to None, run_after=None
[2024-03-14T11:22:46.250+0000] {processor.py:183} INFO - Processing /home/airflow/.local/lib/python3.8/site-packages/airflow/example_dags/example_sensors.py took 0.029 seconds
[2024-03-14T11:23:16.606+0000] {processor.py:161} INFO - Started process (PID=3001) to work on /home/airflow/.local/lib/python3.8/site-packages/airflow/example_dags/example_sensors.py
[2024-03-14T11:23:16.607+0000] {processor.py:830} INFO - Processing file /home/airflow/.local/lib/python3.8/site-packages/airflow/example_dags/example_sensors.py for tasks to queue
[2024-03-14T11:23:16.608+0000] {logging_mixin.py:188} INFO - [2024-03-14T11:23:16.607+0000] {dagbag.py:540} INFO - Filling up the DagBag from /home/airflow/.local/lib/python3.8/site-packages/airflow/example_dags/example_sensors.py
[2024-03-14T11:23:16.612+0000] {processor.py:840} INFO - DAG(s) 'example_sensors' retrieved from /home/airflow/.local/lib/python3.8/site-packages/airflow/example_dags/example_sensors.py
[2024-03-14T11:23:16.622+0000] {logging_mixin.py:188} INFO - [2024-03-14T11:23:16.622+0000] {dag.py:3047} INFO - Sync 1 DAGs
[2024-03-14T11:23:16.628+0000] {logging_mixin.py:188} INFO - [2024-03-14T11:23:16.627+0000] {dag.py:3834} INFO - Setting next_dagrun for example_sensors to None, run_after=None
[2024-03-14T11:23:16.635+0000] {processor.py:183} INFO - Processing /home/airflow/.local/lib/python3.8/site-packages/airflow/example_dags/example_sensors.py took 0.030 seconds
[2024-03-14T11:23:47.069+0000] {processor.py:161} INFO - Started process (PID=3056) to work on /home/airflow/.local/lib/python3.8/site-packages/airflow/example_dags/example_sensors.py
[2024-03-14T11:23:47.069+0000] {processor.py:830} INFO - Processing file /home/airflow/.local/lib/python3.8/site-packages/airflow/example_dags/example_sensors.py for tasks to queue
[2024-03-14T11:23:47.070+0000] {logging_mixin.py:188} INFO - [2024-03-14T11:23:47.070+0000] {dagbag.py:540} INFO - Filling up the DagBag from /home/airflow/.local/lib/python3.8/site-packages/airflow/example_dags/example_sensors.py
[2024-03-14T11:23:47.074+0000] {processor.py:840} INFO - DAG(s) 'example_sensors' retrieved from /home/airflow/.local/lib/python3.8/site-packages/airflow/example_dags/example_sensors.py
[2024-03-14T11:23:47.085+0000] {logging_mixin.py:188} INFO - [2024-03-14T11:23:47.085+0000] {dag.py:3047} INFO - Sync 1 DAGs
[2024-03-14T11:23:47.090+0000] {logging_mixin.py:188} INFO - [2024-03-14T11:23:47.090+0000] {dag.py:3834} INFO - Setting next_dagrun for example_sensors to None, run_after=None
[2024-03-14T11:23:47.097+0000] {processor.py:183} INFO - Processing /home/airflow/.local/lib/python3.8/site-packages/airflow/example_dags/example_sensors.py took 0.030 seconds
[2024-03-14T11:24:17.445+0000] {processor.py:161} INFO - Started process (PID=3111) to work on /home/airflow/.local/lib/python3.8/site-packages/airflow/example_dags/example_sensors.py
[2024-03-14T11:24:17.446+0000] {processor.py:830} INFO - Processing file /home/airflow/.local/lib/python3.8/site-packages/airflow/example_dags/example_sensors.py for tasks to queue
[2024-03-14T11:24:17.447+0000] {logging_mixin.py:188} INFO - [2024-03-14T11:24:17.446+0000] {dagbag.py:540} INFO - Filling up the DagBag from /home/airflow/.local/lib/python3.8/site-packages/airflow/example_dags/example_sensors.py
[2024-03-14T11:24:17.451+0000] {processor.py:840} INFO - DAG(s) 'example_sensors' retrieved from /home/airflow/.local/lib/python3.8/site-packages/airflow/example_dags/example_sensors.py
[2024-03-14T11:24:17.461+0000] {logging_mixin.py:188} INFO - [2024-03-14T11:24:17.461+0000] {dag.py:3047} INFO - Sync 1 DAGs
[2024-03-14T11:24:17.467+0000] {logging_mixin.py:188} INFO - [2024-03-14T11:24:17.467+0000] {dag.py:3834} INFO - Setting next_dagrun for example_sensors to None, run_after=None
[2024-03-14T11:24:17.474+0000] {processor.py:183} INFO - Processing /home/airflow/.local/lib/python3.8/site-packages/airflow/example_dags/example_sensors.py took 0.030 seconds
[2024-03-14T11:24:47.786+0000] {processor.py:161} INFO - Started process (PID=3166) to work on /home/airflow/.local/lib/python3.8/site-packages/airflow/example_dags/example_sensors.py
[2024-03-14T11:24:47.787+0000] {processor.py:830} INFO - Processing file /home/airflow/.local/lib/python3.8/site-packages/airflow/example_dags/example_sensors.py for tasks to queue
[2024-03-14T11:24:47.788+0000] {logging_mixin.py:188} INFO - [2024-03-14T11:24:47.788+0000] {dagbag.py:540} INFO - Filling up the DagBag from /home/airflow/.local/lib/python3.8/site-packages/airflow/example_dags/example_sensors.py
[2024-03-14T11:24:47.792+0000] {processor.py:840} INFO - DAG(s) 'example_sensors' retrieved from /home/airflow/.local/lib/python3.8/site-packages/airflow/example_dags/example_sensors.py
[2024-03-14T11:24:47.803+0000] {logging_mixin.py:188} INFO - [2024-03-14T11:24:47.802+0000] {dag.py:3047} INFO - Sync 1 DAGs
[2024-03-14T11:24:47.808+0000] {logging_mixin.py:188} INFO - [2024-03-14T11:24:47.808+0000] {dag.py:3834} INFO - Setting next_dagrun for example_sensors to None, run_after=None
[2024-03-14T11:24:47.815+0000] {processor.py:183} INFO - Processing /home/airflow/.local/lib/python3.8/site-packages/airflow/example_dags/example_sensors.py took 0.030 seconds
[2024-03-14T11:25:18.228+0000] {processor.py:161} INFO - Started process (PID=3221) to work on /home/airflow/.local/lib/python3.8/site-packages/airflow/example_dags/example_sensors.py
[2024-03-14T11:25:18.229+0000] {processor.py:830} INFO - Processing file /home/airflow/.local/lib/python3.8/site-packages/airflow/example_dags/example_sensors.py for tasks to queue
[2024-03-14T11:25:18.230+0000] {logging_mixin.py:188} INFO - [2024-03-14T11:25:18.229+0000] {dagbag.py:540} INFO - Filling up the DagBag from /home/airflow/.local/lib/python3.8/site-packages/airflow/example_dags/example_sensors.py
[2024-03-14T11:25:18.233+0000] {processor.py:840} INFO - DAG(s) 'example_sensors' retrieved from /home/airflow/.local/lib/python3.8/site-packages/airflow/example_dags/example_sensors.py
[2024-03-14T11:25:18.244+0000] {logging_mixin.py:188} INFO - [2024-03-14T11:25:18.244+0000] {dag.py:3047} INFO - Sync 1 DAGs
[2024-03-14T11:25:18.249+0000] {logging_mixin.py:188} INFO - [2024-03-14T11:25:18.249+0000] {dag.py:3834} INFO - Setting next_dagrun for example_sensors to None, run_after=None
[2024-03-14T11:25:18.256+0000] {processor.py:183} INFO - Processing /home/airflow/.local/lib/python3.8/site-packages/airflow/example_dags/example_sensors.py took 0.030 seconds
[2024-03-14T11:25:48.671+0000] {processor.py:161} INFO - Started process (PID=3276) to work on /home/airflow/.local/lib/python3.8/site-packages/airflow/example_dags/example_sensors.py
[2024-03-14T11:25:48.672+0000] {processor.py:830} INFO - Processing file /home/airflow/.local/lib/python3.8/site-packages/airflow/example_dags/example_sensors.py for tasks to queue
[2024-03-14T11:25:48.673+0000] {logging_mixin.py:188} INFO - [2024-03-14T11:25:48.672+0000] {dagbag.py:540} INFO - Filling up the DagBag from /home/airflow/.local/lib/python3.8/site-packages/airflow/example_dags/example_sensors.py
[2024-03-14T11:25:48.677+0000] {processor.py:840} INFO - DAG(s) 'example_sensors' retrieved from /home/airflow/.local/lib/python3.8/site-packages/airflow/example_dags/example_sensors.py
[2024-03-14T11:25:48.687+0000] {logging_mixin.py:188} INFO - [2024-03-14T11:25:48.687+0000] {dag.py:3047} INFO - Sync 1 DAGs
[2024-03-14T11:25:48.692+0000] {logging_mixin.py:188} INFO - [2024-03-14T11:25:48.692+0000] {dag.py:3834} INFO - Setting next_dagrun for example_sensors to None, run_after=None
[2024-03-14T11:25:48.699+0000] {processor.py:183} INFO - Processing /home/airflow/.local/lib/python3.8/site-packages/airflow/example_dags/example_sensors.py took 0.030 seconds
[2024-03-14T11:26:19.200+0000] {processor.py:161} INFO - Started process (PID=3331) to work on /home/airflow/.local/lib/python3.8/site-packages/airflow/example_dags/example_sensors.py
[2024-03-14T11:26:19.201+0000] {processor.py:830} INFO - Processing file /home/airflow/.local/lib/python3.8/site-packages/airflow/example_dags/example_sensors.py for tasks to queue
[2024-03-14T11:26:19.201+0000] {logging_mixin.py:188} INFO - [2024-03-14T11:26:19.201+0000] {dagbag.py:540} INFO - Filling up the DagBag from /home/airflow/.local/lib/python3.8/site-packages/airflow/example_dags/example_sensors.py
[2024-03-14T11:26:19.206+0000] {processor.py:840} INFO - DAG(s) 'example_sensors' retrieved from /home/airflow/.local/lib/python3.8/site-packages/airflow/example_dags/example_sensors.py
[2024-03-14T11:26:19.217+0000] {logging_mixin.py:188} INFO - [2024-03-14T11:26:19.216+0000] {dag.py:3047} INFO - Sync 1 DAGs
[2024-03-14T11:26:19.222+0000] {logging_mixin.py:188} INFO - [2024-03-14T11:26:19.222+0000] {dag.py:3834} INFO - Setting next_dagrun for example_sensors to None, run_after=None
[2024-03-14T11:26:19.229+0000] {processor.py:183} INFO - Processing /home/airflow/.local/lib/python3.8/site-packages/airflow/example_dags/example_sensors.py took 0.030 seconds
[2024-03-14T11:26:49.623+0000] {processor.py:161} INFO - Started process (PID=3386) to work on /home/airflow/.local/lib/python3.8/site-packages/airflow/example_dags/example_sensors.py
[2024-03-14T11:26:49.624+0000] {processor.py:830} INFO - Processing file /home/airflow/.local/lib/python3.8/site-packages/airflow/example_dags/example_sensors.py for tasks to queue
[2024-03-14T11:26:49.625+0000] {logging_mixin.py:188} INFO - [2024-03-14T11:26:49.625+0000] {dagbag.py:540} INFO - Filling up the DagBag from /home/airflow/.local/lib/python3.8/site-packages/airflow/example_dags/example_sensors.py
[2024-03-14T11:26:49.629+0000] {processor.py:840} INFO - DAG(s) 'example_sensors' retrieved from /home/airflow/.local/lib/python3.8/site-packages/airflow/example_dags/example_sensors.py
[2024-03-14T11:26:49.640+0000] {logging_mixin.py:188} INFO - [2024-03-14T11:26:49.640+0000] {dag.py:3047} INFO - Sync 1 DAGs
[2024-03-14T11:26:49.645+0000] {logging_mixin.py:188} INFO - [2024-03-14T11:26:49.645+0000] {dag.py:3834} INFO - Setting next_dagrun for example_sensors to None, run_after=None
[2024-03-14T11:26:49.652+0000] {processor.py:183} INFO - Processing /home/airflow/.local/lib/python3.8/site-packages/airflow/example_dags/example_sensors.py took 0.030 seconds
[2024-03-14T11:27:20.102+0000] {processor.py:161} INFO - Started process (PID=3441) to work on /home/airflow/.local/lib/python3.8/site-packages/airflow/example_dags/example_sensors.py
[2024-03-14T11:27:20.102+0000] {processor.py:830} INFO - Processing file /home/airflow/.local/lib/python3.8/site-packages/airflow/example_dags/example_sensors.py for tasks to queue
[2024-03-14T11:27:20.103+0000] {logging_mixin.py:188} INFO - [2024-03-14T11:27:20.103+0000] {dagbag.py:540} INFO - Filling up the DagBag from /home/airflow/.local/lib/python3.8/site-packages/airflow/example_dags/example_sensors.py
[2024-03-14T11:27:20.107+0000] {processor.py:840} INFO - DAG(s) 'example_sensors' retrieved from /home/airflow/.local/lib/python3.8/site-packages/airflow/example_dags/example_sensors.py
[2024-03-14T11:27:20.118+0000] {logging_mixin.py:188} INFO - [2024-03-14T11:27:20.118+0000] {dag.py:3047} INFO - Sync 1 DAGs
[2024-03-14T11:27:20.123+0000] {logging_mixin.py:188} INFO - [2024-03-14T11:27:20.123+0000] {dag.py:3834} INFO - Setting next_dagrun for example_sensors to None, run_after=None
[2024-03-14T11:27:20.131+0000] {processor.py:183} INFO - Processing /home/airflow/.local/lib/python3.8/site-packages/airflow/example_dags/example_sensors.py took 0.030 seconds
[2024-03-14T11:27:50.649+0000] {processor.py:161} INFO - Started process (PID=3501) to work on /home/airflow/.local/lib/python3.8/site-packages/airflow/example_dags/example_sensors.py
[2024-03-14T11:27:50.651+0000] {processor.py:830} INFO - Processing file /home/airflow/.local/lib/python3.8/site-packages/airflow/example_dags/example_sensors.py for tasks to queue
[2024-03-14T11:27:50.652+0000] {logging_mixin.py:188} INFO - [2024-03-14T11:27:50.652+0000] {dagbag.py:540} INFO - Filling up the DagBag from /home/airflow/.local/lib/python3.8/site-packages/airflow/example_dags/example_sensors.py
[2024-03-14T11:27:50.659+0000] {processor.py:840} INFO - DAG(s) 'example_sensors' retrieved from /home/airflow/.local/lib/python3.8/site-packages/airflow/example_dags/example_sensors.py
[2024-03-14T11:27:50.669+0000] {logging_mixin.py:188} INFO - [2024-03-14T11:27:50.669+0000] {dag.py:3047} INFO - Sync 1 DAGs
[2024-03-14T11:27:50.675+0000] {logging_mixin.py:188} INFO - [2024-03-14T11:27:50.675+0000] {dag.py:3834} INFO - Setting next_dagrun for example_sensors to None, run_after=None
[2024-03-14T11:27:50.762+0000] {processor.py:183} INFO - Processing /home/airflow/.local/lib/python3.8/site-packages/airflow/example_dags/example_sensors.py took 0.116 seconds
[2024-03-14T11:28:21.301+0000] {processor.py:161} INFO - Started process (PID=3556) to work on /home/airflow/.local/lib/python3.8/site-packages/airflow/example_dags/example_sensors.py
[2024-03-14T11:28:21.302+0000] {processor.py:830} INFO - Processing file /home/airflow/.local/lib/python3.8/site-packages/airflow/example_dags/example_sensors.py for tasks to queue
[2024-03-14T11:28:21.304+0000] {logging_mixin.py:188} INFO - [2024-03-14T11:28:21.304+0000] {dagbag.py:540} INFO - Filling up the DagBag from /home/airflow/.local/lib/python3.8/site-packages/airflow/example_dags/example_sensors.py
[2024-03-14T11:28:21.310+0000] {processor.py:840} INFO - DAG(s) 'example_sensors' retrieved from /home/airflow/.local/lib/python3.8/site-packages/airflow/example_dags/example_sensors.py
[2024-03-14T11:28:21.329+0000] {logging_mixin.py:188} INFO - [2024-03-14T11:28:21.328+0000] {dag.py:3047} INFO - Sync 1 DAGs
[2024-03-14T11:28:21.336+0000] {logging_mixin.py:188} INFO - [2024-03-14T11:28:21.336+0000] {dag.py:3834} INFO - Setting next_dagrun for example_sensors to None, run_after=None
[2024-03-14T11:28:21.347+0000] {processor.py:183} INFO - Processing /home/airflow/.local/lib/python3.8/site-packages/airflow/example_dags/example_sensors.py took 0.048 seconds
[2024-03-14T11:28:51.702+0000] {processor.py:161} INFO - Started process (PID=3611) to work on /home/airflow/.local/lib/python3.8/site-packages/airflow/example_dags/example_sensors.py
[2024-03-14T11:28:51.703+0000] {processor.py:830} INFO - Processing file /home/airflow/.local/lib/python3.8/site-packages/airflow/example_dags/example_sensors.py for tasks to queue
[2024-03-14T11:28:51.704+0000] {logging_mixin.py:188} INFO - [2024-03-14T11:28:51.704+0000] {dagbag.py:540} INFO - Filling up the DagBag from /home/airflow/.local/lib/python3.8/site-packages/airflow/example_dags/example_sensors.py
[2024-03-14T11:28:51.708+0000] {processor.py:840} INFO - DAG(s) 'example_sensors' retrieved from /home/airflow/.local/lib/python3.8/site-packages/airflow/example_dags/example_sensors.py
[2024-03-14T11:28:51.720+0000] {logging_mixin.py:188} INFO - [2024-03-14T11:28:51.720+0000] {dag.py:3047} INFO - Sync 1 DAGs
[2024-03-14T11:28:51.726+0000] {logging_mixin.py:188} INFO - [2024-03-14T11:28:51.726+0000] {dag.py:3834} INFO - Setting next_dagrun for example_sensors to None, run_after=None
[2024-03-14T11:28:51.741+0000] {processor.py:183} INFO - Processing /home/airflow/.local/lib/python3.8/site-packages/airflow/example_dags/example_sensors.py took 0.041 seconds
