[2024-03-14T10:55:54.151+0000] {processor.py:161} INFO - Started process (PID=40) to work on /home/airflow/.local/lib/python3.8/site-packages/airflow/example_dags/example_dag_decorator.py
[2024-03-14T10:55:54.152+0000] {processor.py:830} INFO - Processing file /home/airflow/.local/lib/python3.8/site-packages/airflow/example_dags/example_dag_decorator.py for tasks to queue
[2024-03-14T10:55:54.152+0000] {logging_mixin.py:188} INFO - [2024-03-14T10:55:54.152+0000] {dagbag.py:540} INFO - Filling up the DagBag from /home/airflow/.local/lib/python3.8/site-packages/airflow/example_dags/example_dag_decorator.py
[2024-03-14T10:55:54.257+0000] {processor.py:840} INFO - DAG(s) 'example_dag_decorator' retrieved from /home/airflow/.local/lib/python3.8/site-packages/airflow/example_dags/example_dag_decorator.py
[2024-03-14T10:55:54.265+0000] {logging_mixin.py:188} INFO - [2024-03-14T10:55:54.265+0000] {dag.py:3047} INFO - Sync 1 DAGs
[2024-03-14T10:55:54.273+0000] {logging_mixin.py:188} INFO - [2024-03-14T10:55:54.273+0000] {dag.py:3834} INFO - Setting next_dagrun for example_dag_decorator to None, run_after=None
[2024-03-14T10:55:54.283+0000] {processor.py:183} INFO - Processing /home/airflow/.local/lib/python3.8/site-packages/airflow/example_dags/example_dag_decorator.py took 0.134 seconds
[2024-03-14T10:56:24.335+0000] {processor.py:161} INFO - Started process (PID=97) to work on /home/airflow/.local/lib/python3.8/site-packages/airflow/example_dags/example_dag_decorator.py
[2024-03-14T10:56:24.336+0000] {processor.py:830} INFO - Processing file /home/airflow/.local/lib/python3.8/site-packages/airflow/example_dags/example_dag_decorator.py for tasks to queue
[2024-03-14T10:56:24.337+0000] {logging_mixin.py:188} INFO - [2024-03-14T10:56:24.337+0000] {dagbag.py:540} INFO - Filling up the DagBag from /home/airflow/.local/lib/python3.8/site-packages/airflow/example_dags/example_dag_decorator.py
[2024-03-14T10:56:24.373+0000] {processor.py:840} INFO - DAG(s) 'example_dag_decorator' retrieved from /home/airflow/.local/lib/python3.8/site-packages/airflow/example_dags/example_dag_decorator.py
[2024-03-14T10:56:24.417+0000] {logging_mixin.py:188} INFO - [2024-03-14T10:56:24.416+0000] {dag.py:3047} INFO - Sync 1 DAGs
[2024-03-14T10:56:24.421+0000] {logging_mixin.py:188} INFO - [2024-03-14T10:56:24.421+0000] {dag.py:3834} INFO - Setting next_dagrun for example_dag_decorator to None, run_after=None
[2024-03-14T10:56:24.429+0000] {processor.py:183} INFO - Processing /home/airflow/.local/lib/python3.8/site-packages/airflow/example_dags/example_dag_decorator.py took 0.095 seconds
[2024-03-14T10:56:54.458+0000] {processor.py:161} INFO - Started process (PID=153) to work on /home/airflow/.local/lib/python3.8/site-packages/airflow/example_dags/example_dag_decorator.py
[2024-03-14T10:56:54.459+0000] {processor.py:830} INFO - Processing file /home/airflow/.local/lib/python3.8/site-packages/airflow/example_dags/example_dag_decorator.py for tasks to queue
[2024-03-14T10:56:54.460+0000] {logging_mixin.py:188} INFO - [2024-03-14T10:56:54.460+0000] {dagbag.py:540} INFO - Filling up the DagBag from /home/airflow/.local/lib/python3.8/site-packages/airflow/example_dags/example_dag_decorator.py
[2024-03-14T10:56:54.507+0000] {processor.py:840} INFO - DAG(s) 'example_dag_decorator' retrieved from /home/airflow/.local/lib/python3.8/site-packages/airflow/example_dags/example_dag_decorator.py
[2024-03-14T10:56:54.555+0000] {logging_mixin.py:188} INFO - [2024-03-14T10:56:54.555+0000] {dag.py:3047} INFO - Sync 1 DAGs
[2024-03-14T10:56:54.560+0000] {logging_mixin.py:188} INFO - [2024-03-14T10:56:54.560+0000] {dag.py:3834} INFO - Setting next_dagrun for example_dag_decorator to None, run_after=None
[2024-03-14T10:56:54.569+0000] {processor.py:183} INFO - Processing /home/airflow/.local/lib/python3.8/site-packages/airflow/example_dags/example_dag_decorator.py took 0.113 seconds
[2024-03-14T10:57:25.110+0000] {processor.py:161} INFO - Started process (PID=204) to work on /home/airflow/.local/lib/python3.8/site-packages/airflow/example_dags/example_dag_decorator.py
[2024-03-14T10:57:25.111+0000] {processor.py:830} INFO - Processing file /home/airflow/.local/lib/python3.8/site-packages/airflow/example_dags/example_dag_decorator.py for tasks to queue
[2024-03-14T10:57:25.112+0000] {logging_mixin.py:188} INFO - [2024-03-14T10:57:25.112+0000] {dagbag.py:540} INFO - Filling up the DagBag from /home/airflow/.local/lib/python3.8/site-packages/airflow/example_dags/example_dag_decorator.py
[2024-03-14T10:57:25.150+0000] {processor.py:840} INFO - DAG(s) 'example_dag_decorator' retrieved from /home/airflow/.local/lib/python3.8/site-packages/airflow/example_dags/example_dag_decorator.py
[2024-03-14T10:57:25.195+0000] {logging_mixin.py:188} INFO - [2024-03-14T10:57:25.195+0000] {dag.py:3047} INFO - Sync 1 DAGs
[2024-03-14T10:57:25.200+0000] {logging_mixin.py:188} INFO - [2024-03-14T10:57:25.199+0000] {dag.py:3834} INFO - Setting next_dagrun for example_dag_decorator to None, run_after=None
[2024-03-14T10:57:25.207+0000] {processor.py:183} INFO - Processing /home/airflow/.local/lib/python3.8/site-packages/airflow/example_dags/example_dag_decorator.py took 0.098 seconds
[2024-03-14T10:57:55.532+0000] {processor.py:161} INFO - Started process (PID=259) to work on /home/airflow/.local/lib/python3.8/site-packages/airflow/example_dags/example_dag_decorator.py
[2024-03-14T10:57:55.532+0000] {processor.py:830} INFO - Processing file /home/airflow/.local/lib/python3.8/site-packages/airflow/example_dags/example_dag_decorator.py for tasks to queue
[2024-03-14T10:57:55.533+0000] {logging_mixin.py:188} INFO - [2024-03-14T10:57:55.533+0000] {dagbag.py:540} INFO - Filling up the DagBag from /home/airflow/.local/lib/python3.8/site-packages/airflow/example_dags/example_dag_decorator.py
[2024-03-14T10:57:55.576+0000] {processor.py:840} INFO - DAG(s) 'example_dag_decorator' retrieved from /home/airflow/.local/lib/python3.8/site-packages/airflow/example_dags/example_dag_decorator.py
[2024-03-14T10:57:55.621+0000] {logging_mixin.py:188} INFO - [2024-03-14T10:57:55.621+0000] {dag.py:3047} INFO - Sync 1 DAGs
[2024-03-14T10:57:55.625+0000] {logging_mixin.py:188} INFO - [2024-03-14T10:57:55.625+0000] {dag.py:3834} INFO - Setting next_dagrun for example_dag_decorator to None, run_after=None
[2024-03-14T10:57:55.633+0000] {processor.py:183} INFO - Processing /home/airflow/.local/lib/python3.8/site-packages/airflow/example_dags/example_dag_decorator.py took 0.102 seconds
[2024-03-14T10:58:25.880+0000] {processor.py:161} INFO - Started process (PID=314) to work on /home/airflow/.local/lib/python3.8/site-packages/airflow/example_dags/example_dag_decorator.py
[2024-03-14T10:58:25.881+0000] {processor.py:830} INFO - Processing file /home/airflow/.local/lib/python3.8/site-packages/airflow/example_dags/example_dag_decorator.py for tasks to queue
[2024-03-14T10:58:25.882+0000] {logging_mixin.py:188} INFO - [2024-03-14T10:58:25.881+0000] {dagbag.py:540} INFO - Filling up the DagBag from /home/airflow/.local/lib/python3.8/site-packages/airflow/example_dags/example_dag_decorator.py
[2024-03-14T10:58:25.920+0000] {processor.py:840} INFO - DAG(s) 'example_dag_decorator' retrieved from /home/airflow/.local/lib/python3.8/site-packages/airflow/example_dags/example_dag_decorator.py
[2024-03-14T10:58:25.930+0000] {logging_mixin.py:188} INFO - [2024-03-14T10:58:25.930+0000] {dag.py:3047} INFO - Sync 1 DAGs
[2024-03-14T10:58:25.936+0000] {logging_mixin.py:188} INFO - [2024-03-14T10:58:25.936+0000] {dag.py:3834} INFO - Setting next_dagrun for example_dag_decorator to None, run_after=None
[2024-03-14T10:58:25.943+0000] {processor.py:183} INFO - Processing /home/airflow/.local/lib/python3.8/site-packages/airflow/example_dags/example_dag_decorator.py took 0.064 seconds
[2024-03-14T10:58:56.197+0000] {processor.py:161} INFO - Started process (PID=369) to work on /home/airflow/.local/lib/python3.8/site-packages/airflow/example_dags/example_dag_decorator.py
[2024-03-14T10:58:56.198+0000] {processor.py:830} INFO - Processing file /home/airflow/.local/lib/python3.8/site-packages/airflow/example_dags/example_dag_decorator.py for tasks to queue
[2024-03-14T10:58:56.199+0000] {logging_mixin.py:188} INFO - [2024-03-14T10:58:56.199+0000] {dagbag.py:540} INFO - Filling up the DagBag from /home/airflow/.local/lib/python3.8/site-packages/airflow/example_dags/example_dag_decorator.py
[2024-03-14T10:58:56.237+0000] {processor.py:840} INFO - DAG(s) 'example_dag_decorator' retrieved from /home/airflow/.local/lib/python3.8/site-packages/airflow/example_dags/example_dag_decorator.py
[2024-03-14T10:58:56.280+0000] {logging_mixin.py:188} INFO - [2024-03-14T10:58:56.279+0000] {dag.py:3047} INFO - Sync 1 DAGs
[2024-03-14T10:58:56.285+0000] {logging_mixin.py:188} INFO - [2024-03-14T10:58:56.285+0000] {dag.py:3834} INFO - Setting next_dagrun for example_dag_decorator to None, run_after=None
[2024-03-14T10:58:56.292+0000] {processor.py:183} INFO - Processing /home/airflow/.local/lib/python3.8/site-packages/airflow/example_dags/example_dag_decorator.py took 0.096 seconds
[2024-03-14T10:59:26.614+0000] {processor.py:161} INFO - Started process (PID=424) to work on /home/airflow/.local/lib/python3.8/site-packages/airflow/example_dags/example_dag_decorator.py
[2024-03-14T10:59:26.614+0000] {processor.py:830} INFO - Processing file /home/airflow/.local/lib/python3.8/site-packages/airflow/example_dags/example_dag_decorator.py for tasks to queue
[2024-03-14T10:59:26.615+0000] {logging_mixin.py:188} INFO - [2024-03-14T10:59:26.615+0000] {dagbag.py:540} INFO - Filling up the DagBag from /home/airflow/.local/lib/python3.8/site-packages/airflow/example_dags/example_dag_decorator.py
[2024-03-14T10:59:26.653+0000] {processor.py:840} INFO - DAG(s) 'example_dag_decorator' retrieved from /home/airflow/.local/lib/python3.8/site-packages/airflow/example_dags/example_dag_decorator.py
[2024-03-14T10:59:26.695+0000] {logging_mixin.py:188} INFO - [2024-03-14T10:59:26.695+0000] {dag.py:3047} INFO - Sync 1 DAGs
[2024-03-14T10:59:26.700+0000] {logging_mixin.py:188} INFO - [2024-03-14T10:59:26.700+0000] {dag.py:3834} INFO - Setting next_dagrun for example_dag_decorator to None, run_after=None
[2024-03-14T10:59:26.708+0000] {processor.py:183} INFO - Processing /home/airflow/.local/lib/python3.8/site-packages/airflow/example_dags/example_dag_decorator.py took 0.096 seconds
[2024-03-14T10:59:56.973+0000] {processor.py:161} INFO - Started process (PID=479) to work on /home/airflow/.local/lib/python3.8/site-packages/airflow/example_dags/example_dag_decorator.py
[2024-03-14T10:59:56.974+0000] {processor.py:830} INFO - Processing file /home/airflow/.local/lib/python3.8/site-packages/airflow/example_dags/example_dag_decorator.py for tasks to queue
[2024-03-14T10:59:56.975+0000] {logging_mixin.py:188} INFO - [2024-03-14T10:59:56.975+0000] {dagbag.py:540} INFO - Filling up the DagBag from /home/airflow/.local/lib/python3.8/site-packages/airflow/example_dags/example_dag_decorator.py
[2024-03-14T10:59:57.013+0000] {processor.py:840} INFO - DAG(s) 'example_dag_decorator' retrieved from /home/airflow/.local/lib/python3.8/site-packages/airflow/example_dags/example_dag_decorator.py
[2024-03-14T10:59:57.055+0000] {logging_mixin.py:188} INFO - [2024-03-14T10:59:57.055+0000] {dag.py:3047} INFO - Sync 1 DAGs
[2024-03-14T10:59:57.059+0000] {logging_mixin.py:188} INFO - [2024-03-14T10:59:57.059+0000] {dag.py:3834} INFO - Setting next_dagrun for example_dag_decorator to None, run_after=None
[2024-03-14T10:59:57.066+0000] {processor.py:183} INFO - Processing /home/airflow/.local/lib/python3.8/site-packages/airflow/example_dags/example_dag_decorator.py took 0.094 seconds
[2024-03-14T11:00:27.403+0000] {processor.py:161} INFO - Started process (PID=533) to work on /home/airflow/.local/lib/python3.8/site-packages/airflow/example_dags/example_dag_decorator.py
[2024-03-14T11:00:27.404+0000] {processor.py:830} INFO - Processing file /home/airflow/.local/lib/python3.8/site-packages/airflow/example_dags/example_dag_decorator.py for tasks to queue
[2024-03-14T11:00:27.404+0000] {logging_mixin.py:188} INFO - [2024-03-14T11:00:27.404+0000] {dagbag.py:540} INFO - Filling up the DagBag from /home/airflow/.local/lib/python3.8/site-packages/airflow/example_dags/example_dag_decorator.py
[2024-03-14T11:00:27.441+0000] {processor.py:840} INFO - DAG(s) 'example_dag_decorator' retrieved from /home/airflow/.local/lib/python3.8/site-packages/airflow/example_dags/example_dag_decorator.py
[2024-03-14T11:00:27.484+0000] {logging_mixin.py:188} INFO - [2024-03-14T11:00:27.484+0000] {dag.py:3047} INFO - Sync 1 DAGs
[2024-03-14T11:00:27.490+0000] {logging_mixin.py:188} INFO - [2024-03-14T11:00:27.490+0000] {dag.py:3834} INFO - Setting next_dagrun for example_dag_decorator to None, run_after=None
[2024-03-14T11:00:27.497+0000] {processor.py:183} INFO - Processing /home/airflow/.local/lib/python3.8/site-packages/airflow/example_dags/example_dag_decorator.py took 0.096 seconds
[2024-03-14T11:00:57.829+0000] {processor.py:161} INFO - Started process (PID=588) to work on /home/airflow/.local/lib/python3.8/site-packages/airflow/example_dags/example_dag_decorator.py
[2024-03-14T11:00:57.830+0000] {processor.py:830} INFO - Processing file /home/airflow/.local/lib/python3.8/site-packages/airflow/example_dags/example_dag_decorator.py for tasks to queue
[2024-03-14T11:00:57.831+0000] {logging_mixin.py:188} INFO - [2024-03-14T11:00:57.831+0000] {dagbag.py:540} INFO - Filling up the DagBag from /home/airflow/.local/lib/python3.8/site-packages/airflow/example_dags/example_dag_decorator.py
[2024-03-14T11:00:57.869+0000] {processor.py:840} INFO - DAG(s) 'example_dag_decorator' retrieved from /home/airflow/.local/lib/python3.8/site-packages/airflow/example_dags/example_dag_decorator.py
[2024-03-14T11:00:57.912+0000] {logging_mixin.py:188} INFO - [2024-03-14T11:00:57.912+0000] {dag.py:3047} INFO - Sync 1 DAGs
[2024-03-14T11:00:57.917+0000] {logging_mixin.py:188} INFO - [2024-03-14T11:00:57.916+0000] {dag.py:3834} INFO - Setting next_dagrun for example_dag_decorator to None, run_after=None
[2024-03-14T11:00:57.924+0000] {processor.py:183} INFO - Processing /home/airflow/.local/lib/python3.8/site-packages/airflow/example_dags/example_dag_decorator.py took 0.097 seconds
[2024-03-14T11:01:28.269+0000] {processor.py:161} INFO - Started process (PID=642) to work on /home/airflow/.local/lib/python3.8/site-packages/airflow/example_dags/example_dag_decorator.py
[2024-03-14T11:01:28.270+0000] {processor.py:830} INFO - Processing file /home/airflow/.local/lib/python3.8/site-packages/airflow/example_dags/example_dag_decorator.py for tasks to queue
[2024-03-14T11:01:28.271+0000] {logging_mixin.py:188} INFO - [2024-03-14T11:01:28.271+0000] {dagbag.py:540} INFO - Filling up the DagBag from /home/airflow/.local/lib/python3.8/site-packages/airflow/example_dags/example_dag_decorator.py
[2024-03-14T11:01:28.323+0000] {processor.py:840} INFO - DAG(s) 'example_dag_decorator' retrieved from /home/airflow/.local/lib/python3.8/site-packages/airflow/example_dags/example_dag_decorator.py
[2024-03-14T11:01:28.383+0000] {logging_mixin.py:188} INFO - [2024-03-14T11:01:28.382+0000] {dag.py:3047} INFO - Sync 1 DAGs
[2024-03-14T11:01:28.393+0000] {logging_mixin.py:188} INFO - [2024-03-14T11:01:28.393+0000] {dag.py:3834} INFO - Setting next_dagrun for example_dag_decorator to None, run_after=None
[2024-03-14T11:01:28.407+0000] {processor.py:183} INFO - Processing /home/airflow/.local/lib/python3.8/site-packages/airflow/example_dags/example_dag_decorator.py took 0.139 seconds
[2024-03-14T11:01:58.804+0000] {processor.py:161} INFO - Started process (PID=697) to work on /home/airflow/.local/lib/python3.8/site-packages/airflow/example_dags/example_dag_decorator.py
[2024-03-14T11:01:58.804+0000] {processor.py:830} INFO - Processing file /home/airflow/.local/lib/python3.8/site-packages/airflow/example_dags/example_dag_decorator.py for tasks to queue
[2024-03-14T11:01:58.805+0000] {logging_mixin.py:188} INFO - [2024-03-14T11:01:58.805+0000] {dagbag.py:540} INFO - Filling up the DagBag from /home/airflow/.local/lib/python3.8/site-packages/airflow/example_dags/example_dag_decorator.py
[2024-03-14T11:01:58.846+0000] {processor.py:840} INFO - DAG(s) 'example_dag_decorator' retrieved from /home/airflow/.local/lib/python3.8/site-packages/airflow/example_dags/example_dag_decorator.py
[2024-03-14T11:01:58.893+0000] {logging_mixin.py:188} INFO - [2024-03-14T11:01:58.893+0000] {dag.py:3047} INFO - Sync 1 DAGs
[2024-03-14T11:01:58.897+0000] {logging_mixin.py:188} INFO - [2024-03-14T11:01:58.897+0000] {dag.py:3834} INFO - Setting next_dagrun for example_dag_decorator to None, run_after=None
[2024-03-14T11:01:58.907+0000] {processor.py:183} INFO - Processing /home/airflow/.local/lib/python3.8/site-packages/airflow/example_dags/example_dag_decorator.py took 0.105 seconds
[2024-03-14T11:02:29.287+0000] {processor.py:161} INFO - Started process (PID=753) to work on /home/airflow/.local/lib/python3.8/site-packages/airflow/example_dags/example_dag_decorator.py
[2024-03-14T11:02:29.288+0000] {processor.py:830} INFO - Processing file /home/airflow/.local/lib/python3.8/site-packages/airflow/example_dags/example_dag_decorator.py for tasks to queue
[2024-03-14T11:02:29.289+0000] {logging_mixin.py:188} INFO - [2024-03-14T11:02:29.288+0000] {dagbag.py:540} INFO - Filling up the DagBag from /home/airflow/.local/lib/python3.8/site-packages/airflow/example_dags/example_dag_decorator.py
[2024-03-14T11:02:29.327+0000] {processor.py:840} INFO - DAG(s) 'example_dag_decorator' retrieved from /home/airflow/.local/lib/python3.8/site-packages/airflow/example_dags/example_dag_decorator.py
[2024-03-14T11:02:29.369+0000] {logging_mixin.py:188} INFO - [2024-03-14T11:02:29.369+0000] {dag.py:3047} INFO - Sync 1 DAGs
[2024-03-14T11:02:29.374+0000] {logging_mixin.py:188} INFO - [2024-03-14T11:02:29.374+0000] {dag.py:3834} INFO - Setting next_dagrun for example_dag_decorator to None, run_after=None
[2024-03-14T11:02:29.383+0000] {processor.py:183} INFO - Processing /home/airflow/.local/lib/python3.8/site-packages/airflow/example_dags/example_dag_decorator.py took 0.098 seconds
[2024-03-14T11:02:59.903+0000] {processor.py:161} INFO - Started process (PID=808) to work on /home/airflow/.local/lib/python3.8/site-packages/airflow/example_dags/example_dag_decorator.py
[2024-03-14T11:02:59.904+0000] {processor.py:830} INFO - Processing file /home/airflow/.local/lib/python3.8/site-packages/airflow/example_dags/example_dag_decorator.py for tasks to queue
[2024-03-14T11:02:59.904+0000] {logging_mixin.py:188} INFO - [2024-03-14T11:02:59.904+0000] {dagbag.py:540} INFO - Filling up the DagBag from /home/airflow/.local/lib/python3.8/site-packages/airflow/example_dags/example_dag_decorator.py
[2024-03-14T11:02:59.943+0000] {processor.py:840} INFO - DAG(s) 'example_dag_decorator' retrieved from /home/airflow/.local/lib/python3.8/site-packages/airflow/example_dags/example_dag_decorator.py
[2024-03-14T11:02:59.989+0000] {logging_mixin.py:188} INFO - [2024-03-14T11:02:59.989+0000] {dag.py:3047} INFO - Sync 1 DAGs
[2024-03-14T11:02:59.994+0000] {logging_mixin.py:188} INFO - [2024-03-14T11:02:59.993+0000] {dag.py:3834} INFO - Setting next_dagrun for example_dag_decorator to None, run_after=None
[2024-03-14T11:03:00.001+0000] {processor.py:183} INFO - Processing /home/airflow/.local/lib/python3.8/site-packages/airflow/example_dags/example_dag_decorator.py took 0.099 seconds
[2024-03-14T11:03:30.350+0000] {processor.py:161} INFO - Started process (PID=863) to work on /home/airflow/.local/lib/python3.8/site-packages/airflow/example_dags/example_dag_decorator.py
[2024-03-14T11:03:30.350+0000] {processor.py:830} INFO - Processing file /home/airflow/.local/lib/python3.8/site-packages/airflow/example_dags/example_dag_decorator.py for tasks to queue
[2024-03-14T11:03:30.351+0000] {logging_mixin.py:188} INFO - [2024-03-14T11:03:30.351+0000] {dagbag.py:540} INFO - Filling up the DagBag from /home/airflow/.local/lib/python3.8/site-packages/airflow/example_dags/example_dag_decorator.py
[2024-03-14T11:03:30.388+0000] {processor.py:840} INFO - DAG(s) 'example_dag_decorator' retrieved from /home/airflow/.local/lib/python3.8/site-packages/airflow/example_dags/example_dag_decorator.py
[2024-03-14T11:03:30.430+0000] {logging_mixin.py:188} INFO - [2024-03-14T11:03:30.430+0000] {dag.py:3047} INFO - Sync 1 DAGs
[2024-03-14T11:03:30.435+0000] {logging_mixin.py:188} INFO - [2024-03-14T11:03:30.435+0000] {dag.py:3834} INFO - Setting next_dagrun for example_dag_decorator to None, run_after=None
[2024-03-14T11:03:30.443+0000] {processor.py:183} INFO - Processing /home/airflow/.local/lib/python3.8/site-packages/airflow/example_dags/example_dag_decorator.py took 0.094 seconds
[2024-03-14T11:04:00.746+0000] {processor.py:161} INFO - Started process (PID=918) to work on /home/airflow/.local/lib/python3.8/site-packages/airflow/example_dags/example_dag_decorator.py
[2024-03-14T11:04:00.746+0000] {processor.py:830} INFO - Processing file /home/airflow/.local/lib/python3.8/site-packages/airflow/example_dags/example_dag_decorator.py for tasks to queue
[2024-03-14T11:04:00.747+0000] {logging_mixin.py:188} INFO - [2024-03-14T11:04:00.747+0000] {dagbag.py:540} INFO - Filling up the DagBag from /home/airflow/.local/lib/python3.8/site-packages/airflow/example_dags/example_dag_decorator.py
[2024-03-14T11:04:00.788+0000] {processor.py:840} INFO - DAG(s) 'example_dag_decorator' retrieved from /home/airflow/.local/lib/python3.8/site-packages/airflow/example_dags/example_dag_decorator.py
[2024-03-14T11:04:00.831+0000] {logging_mixin.py:188} INFO - [2024-03-14T11:04:00.830+0000] {dag.py:3047} INFO - Sync 1 DAGs
[2024-03-14T11:04:00.835+0000] {logging_mixin.py:188} INFO - [2024-03-14T11:04:00.835+0000] {dag.py:3834} INFO - Setting next_dagrun for example_dag_decorator to None, run_after=None
[2024-03-14T11:04:00.844+0000] {processor.py:183} INFO - Processing /home/airflow/.local/lib/python3.8/site-packages/airflow/example_dags/example_dag_decorator.py took 0.100 seconds
[2024-03-14T11:04:31.144+0000] {processor.py:161} INFO - Started process (PID=973) to work on /home/airflow/.local/lib/python3.8/site-packages/airflow/example_dags/example_dag_decorator.py
[2024-03-14T11:04:31.145+0000] {processor.py:830} INFO - Processing file /home/airflow/.local/lib/python3.8/site-packages/airflow/example_dags/example_dag_decorator.py for tasks to queue
[2024-03-14T11:04:31.146+0000] {logging_mixin.py:188} INFO - [2024-03-14T11:04:31.146+0000] {dagbag.py:540} INFO - Filling up the DagBag from /home/airflow/.local/lib/python3.8/site-packages/airflow/example_dags/example_dag_decorator.py
[2024-03-14T11:04:31.184+0000] {processor.py:840} INFO - DAG(s) 'example_dag_decorator' retrieved from /home/airflow/.local/lib/python3.8/site-packages/airflow/example_dags/example_dag_decorator.py
[2024-03-14T11:04:31.229+0000] {logging_mixin.py:188} INFO - [2024-03-14T11:04:31.228+0000] {dag.py:3047} INFO - Sync 1 DAGs
[2024-03-14T11:04:31.233+0000] {logging_mixin.py:188} INFO - [2024-03-14T11:04:31.233+0000] {dag.py:3834} INFO - Setting next_dagrun for example_dag_decorator to None, run_after=None
[2024-03-14T11:04:31.241+0000] {processor.py:183} INFO - Processing /home/airflow/.local/lib/python3.8/site-packages/airflow/example_dags/example_dag_decorator.py took 0.098 seconds
[2024-03-14T11:05:01.575+0000] {processor.py:161} INFO - Started process (PID=1028) to work on /home/airflow/.local/lib/python3.8/site-packages/airflow/example_dags/example_dag_decorator.py
[2024-03-14T11:05:01.576+0000] {processor.py:830} INFO - Processing file /home/airflow/.local/lib/python3.8/site-packages/airflow/example_dags/example_dag_decorator.py for tasks to queue
[2024-03-14T11:05:01.577+0000] {logging_mixin.py:188} INFO - [2024-03-14T11:05:01.576+0000] {dagbag.py:540} INFO - Filling up the DagBag from /home/airflow/.local/lib/python3.8/site-packages/airflow/example_dags/example_dag_decorator.py
[2024-03-14T11:05:01.615+0000] {processor.py:840} INFO - DAG(s) 'example_dag_decorator' retrieved from /home/airflow/.local/lib/python3.8/site-packages/airflow/example_dags/example_dag_decorator.py
[2024-03-14T11:05:01.657+0000] {logging_mixin.py:188} INFO - [2024-03-14T11:05:01.657+0000] {dag.py:3047} INFO - Sync 1 DAGs
[2024-03-14T11:05:01.661+0000] {logging_mixin.py:188} INFO - [2024-03-14T11:05:01.661+0000] {dag.py:3834} INFO - Setting next_dagrun for example_dag_decorator to None, run_after=None
[2024-03-14T11:05:01.669+0000] {processor.py:183} INFO - Processing /home/airflow/.local/lib/python3.8/site-packages/airflow/example_dags/example_dag_decorator.py took 0.096 seconds
[2024-03-14T11:05:32.035+0000] {processor.py:161} INFO - Started process (PID=1083) to work on /home/airflow/.local/lib/python3.8/site-packages/airflow/example_dags/example_dag_decorator.py
[2024-03-14T11:05:32.035+0000] {processor.py:830} INFO - Processing file /home/airflow/.local/lib/python3.8/site-packages/airflow/example_dags/example_dag_decorator.py for tasks to queue
[2024-03-14T11:05:32.036+0000] {logging_mixin.py:188} INFO - [2024-03-14T11:05:32.036+0000] {dagbag.py:540} INFO - Filling up the DagBag from /home/airflow/.local/lib/python3.8/site-packages/airflow/example_dags/example_dag_decorator.py
[2024-03-14T11:05:32.076+0000] {processor.py:840} INFO - DAG(s) 'example_dag_decorator' retrieved from /home/airflow/.local/lib/python3.8/site-packages/airflow/example_dags/example_dag_decorator.py
[2024-03-14T11:05:32.122+0000] {logging_mixin.py:188} INFO - [2024-03-14T11:05:32.122+0000] {dag.py:3047} INFO - Sync 1 DAGs
[2024-03-14T11:05:32.126+0000] {logging_mixin.py:188} INFO - [2024-03-14T11:05:32.126+0000] {dag.py:3834} INFO - Setting next_dagrun for example_dag_decorator to None, run_after=None
[2024-03-14T11:05:32.134+0000] {processor.py:183} INFO - Processing /home/airflow/.local/lib/python3.8/site-packages/airflow/example_dags/example_dag_decorator.py took 0.101 seconds
[2024-03-14T11:06:02.496+0000] {processor.py:161} INFO - Started process (PID=1138) to work on /home/airflow/.local/lib/python3.8/site-packages/airflow/example_dags/example_dag_decorator.py
[2024-03-14T11:06:02.496+0000] {processor.py:830} INFO - Processing file /home/airflow/.local/lib/python3.8/site-packages/airflow/example_dags/example_dag_decorator.py for tasks to queue
[2024-03-14T11:06:02.497+0000] {logging_mixin.py:188} INFO - [2024-03-14T11:06:02.497+0000] {dagbag.py:540} INFO - Filling up the DagBag from /home/airflow/.local/lib/python3.8/site-packages/airflow/example_dags/example_dag_decorator.py
[2024-03-14T11:06:02.534+0000] {processor.py:840} INFO - DAG(s) 'example_dag_decorator' retrieved from /home/airflow/.local/lib/python3.8/site-packages/airflow/example_dags/example_dag_decorator.py
[2024-03-14T11:06:02.576+0000] {logging_mixin.py:188} INFO - [2024-03-14T11:06:02.576+0000] {dag.py:3047} INFO - Sync 1 DAGs
[2024-03-14T11:06:02.581+0000] {logging_mixin.py:188} INFO - [2024-03-14T11:06:02.581+0000] {dag.py:3834} INFO - Setting next_dagrun for example_dag_decorator to None, run_after=None
[2024-03-14T11:06:02.588+0000] {processor.py:183} INFO - Processing /home/airflow/.local/lib/python3.8/site-packages/airflow/example_dags/example_dag_decorator.py took 0.094 seconds
[2024-03-14T11:06:32.961+0000] {processor.py:161} INFO - Started process (PID=1193) to work on /home/airflow/.local/lib/python3.8/site-packages/airflow/example_dags/example_dag_decorator.py
[2024-03-14T11:06:32.961+0000] {processor.py:830} INFO - Processing file /home/airflow/.local/lib/python3.8/site-packages/airflow/example_dags/example_dag_decorator.py for tasks to queue
[2024-03-14T11:06:32.962+0000] {logging_mixin.py:188} INFO - [2024-03-14T11:06:32.962+0000] {dagbag.py:540} INFO - Filling up the DagBag from /home/airflow/.local/lib/python3.8/site-packages/airflow/example_dags/example_dag_decorator.py
[2024-03-14T11:06:33.000+0000] {processor.py:840} INFO - DAG(s) 'example_dag_decorator' retrieved from /home/airflow/.local/lib/python3.8/site-packages/airflow/example_dags/example_dag_decorator.py
[2024-03-14T11:06:33.042+0000] {logging_mixin.py:188} INFO - [2024-03-14T11:06:33.042+0000] {dag.py:3047} INFO - Sync 1 DAGs
[2024-03-14T11:06:33.047+0000] {logging_mixin.py:188} INFO - [2024-03-14T11:06:33.047+0000] {dag.py:3834} INFO - Setting next_dagrun for example_dag_decorator to None, run_after=None
[2024-03-14T11:06:33.055+0000] {processor.py:183} INFO - Processing /home/airflow/.local/lib/python3.8/site-packages/airflow/example_dags/example_dag_decorator.py took 0.096 seconds
[2024-03-14T11:07:03.337+0000] {processor.py:161} INFO - Started process (PID=1247) to work on /home/airflow/.local/lib/python3.8/site-packages/airflow/example_dags/example_dag_decorator.py
[2024-03-14T11:07:03.338+0000] {processor.py:830} INFO - Processing file /home/airflow/.local/lib/python3.8/site-packages/airflow/example_dags/example_dag_decorator.py for tasks to queue
[2024-03-14T11:07:03.338+0000] {logging_mixin.py:188} INFO - [2024-03-14T11:07:03.338+0000] {dagbag.py:540} INFO - Filling up the DagBag from /home/airflow/.local/lib/python3.8/site-packages/airflow/example_dags/example_dag_decorator.py
[2024-03-14T11:07:03.376+0000] {processor.py:840} INFO - DAG(s) 'example_dag_decorator' retrieved from /home/airflow/.local/lib/python3.8/site-packages/airflow/example_dags/example_dag_decorator.py
[2024-03-14T11:07:03.419+0000] {logging_mixin.py:188} INFO - [2024-03-14T11:07:03.418+0000] {dag.py:3047} INFO - Sync 1 DAGs
[2024-03-14T11:07:03.423+0000] {logging_mixin.py:188} INFO - [2024-03-14T11:07:03.423+0000] {dag.py:3834} INFO - Setting next_dagrun for example_dag_decorator to None, run_after=None
[2024-03-14T11:07:03.430+0000] {processor.py:183} INFO - Processing /home/airflow/.local/lib/python3.8/site-packages/airflow/example_dags/example_dag_decorator.py took 0.095 seconds
[2024-03-14T11:07:33.820+0000] {processor.py:161} INFO - Started process (PID=1302) to work on /home/airflow/.local/lib/python3.8/site-packages/airflow/example_dags/example_dag_decorator.py
[2024-03-14T11:07:33.820+0000] {processor.py:830} INFO - Processing file /home/airflow/.local/lib/python3.8/site-packages/airflow/example_dags/example_dag_decorator.py for tasks to queue
[2024-03-14T11:07:33.821+0000] {logging_mixin.py:188} INFO - [2024-03-14T11:07:33.821+0000] {dagbag.py:540} INFO - Filling up the DagBag from /home/airflow/.local/lib/python3.8/site-packages/airflow/example_dags/example_dag_decorator.py
[2024-03-14T11:07:33.859+0000] {processor.py:840} INFO - DAG(s) 'example_dag_decorator' retrieved from /home/airflow/.local/lib/python3.8/site-packages/airflow/example_dags/example_dag_decorator.py
[2024-03-14T11:07:33.901+0000] {logging_mixin.py:188} INFO - [2024-03-14T11:07:33.901+0000] {dag.py:3047} INFO - Sync 1 DAGs
[2024-03-14T11:07:33.906+0000] {logging_mixin.py:188} INFO - [2024-03-14T11:07:33.905+0000] {dag.py:3834} INFO - Setting next_dagrun for example_dag_decorator to None, run_after=None
[2024-03-14T11:07:33.913+0000] {processor.py:183} INFO - Processing /home/airflow/.local/lib/python3.8/site-packages/airflow/example_dags/example_dag_decorator.py took 0.095 seconds
[2024-03-14T11:08:04.153+0000] {processor.py:161} INFO - Started process (PID=1357) to work on /home/airflow/.local/lib/python3.8/site-packages/airflow/example_dags/example_dag_decorator.py
[2024-03-14T11:08:04.153+0000] {processor.py:830} INFO - Processing file /home/airflow/.local/lib/python3.8/site-packages/airflow/example_dags/example_dag_decorator.py for tasks to queue
[2024-03-14T11:08:04.154+0000] {logging_mixin.py:188} INFO - [2024-03-14T11:08:04.154+0000] {dagbag.py:540} INFO - Filling up the DagBag from /home/airflow/.local/lib/python3.8/site-packages/airflow/example_dags/example_dag_decorator.py
[2024-03-14T11:08:04.191+0000] {processor.py:840} INFO - DAG(s) 'example_dag_decorator' retrieved from /home/airflow/.local/lib/python3.8/site-packages/airflow/example_dags/example_dag_decorator.py
[2024-03-14T11:08:04.233+0000] {logging_mixin.py:188} INFO - [2024-03-14T11:08:04.233+0000] {dag.py:3047} INFO - Sync 1 DAGs
[2024-03-14T11:08:04.237+0000] {logging_mixin.py:188} INFO - [2024-03-14T11:08:04.237+0000] {dag.py:3834} INFO - Setting next_dagrun for example_dag_decorator to None, run_after=None
[2024-03-14T11:08:04.245+0000] {processor.py:183} INFO - Processing /home/airflow/.local/lib/python3.8/site-packages/airflow/example_dags/example_dag_decorator.py took 0.093 seconds
[2024-03-14T11:08:34.441+0000] {processor.py:161} INFO - Started process (PID=1412) to work on /home/airflow/.local/lib/python3.8/site-packages/airflow/example_dags/example_dag_decorator.py
[2024-03-14T11:08:34.441+0000] {processor.py:830} INFO - Processing file /home/airflow/.local/lib/python3.8/site-packages/airflow/example_dags/example_dag_decorator.py for tasks to queue
[2024-03-14T11:08:34.442+0000] {logging_mixin.py:188} INFO - [2024-03-14T11:08:34.442+0000] {dagbag.py:540} INFO - Filling up the DagBag from /home/airflow/.local/lib/python3.8/site-packages/airflow/example_dags/example_dag_decorator.py
[2024-03-14T11:08:34.480+0000] {processor.py:840} INFO - DAG(s) 'example_dag_decorator' retrieved from /home/airflow/.local/lib/python3.8/site-packages/airflow/example_dags/example_dag_decorator.py
[2024-03-14T11:08:34.522+0000] {logging_mixin.py:188} INFO - [2024-03-14T11:08:34.522+0000] {dag.py:3047} INFO - Sync 1 DAGs
[2024-03-14T11:08:34.527+0000] {logging_mixin.py:188} INFO - [2024-03-14T11:08:34.527+0000] {dag.py:3834} INFO - Setting next_dagrun for example_dag_decorator to None, run_after=None
[2024-03-14T11:08:34.534+0000] {processor.py:183} INFO - Processing /home/airflow/.local/lib/python3.8/site-packages/airflow/example_dags/example_dag_decorator.py took 0.095 seconds
[2024-03-14T11:09:04.785+0000] {processor.py:161} INFO - Started process (PID=1467) to work on /home/airflow/.local/lib/python3.8/site-packages/airflow/example_dags/example_dag_decorator.py
[2024-03-14T11:09:04.786+0000] {processor.py:830} INFO - Processing file /home/airflow/.local/lib/python3.8/site-packages/airflow/example_dags/example_dag_decorator.py for tasks to queue
[2024-03-14T11:09:04.787+0000] {logging_mixin.py:188} INFO - [2024-03-14T11:09:04.787+0000] {dagbag.py:540} INFO - Filling up the DagBag from /home/airflow/.local/lib/python3.8/site-packages/airflow/example_dags/example_dag_decorator.py
[2024-03-14T11:09:04.824+0000] {processor.py:840} INFO - DAG(s) 'example_dag_decorator' retrieved from /home/airflow/.local/lib/python3.8/site-packages/airflow/example_dags/example_dag_decorator.py
[2024-03-14T11:09:04.834+0000] {logging_mixin.py:188} INFO - [2024-03-14T11:09:04.834+0000] {dag.py:3047} INFO - Sync 1 DAGs
[2024-03-14T11:09:04.839+0000] {logging_mixin.py:188} INFO - [2024-03-14T11:09:04.839+0000] {dag.py:3834} INFO - Setting next_dagrun for example_dag_decorator to None, run_after=None
[2024-03-14T11:09:04.847+0000] {processor.py:183} INFO - Processing /home/airflow/.local/lib/python3.8/site-packages/airflow/example_dags/example_dag_decorator.py took 0.063 seconds
[2024-03-14T11:09:35.181+0000] {processor.py:161} INFO - Started process (PID=1522) to work on /home/airflow/.local/lib/python3.8/site-packages/airflow/example_dags/example_dag_decorator.py
[2024-03-14T11:09:35.181+0000] {processor.py:830} INFO - Processing file /home/airflow/.local/lib/python3.8/site-packages/airflow/example_dags/example_dag_decorator.py for tasks to queue
[2024-03-14T11:09:35.182+0000] {logging_mixin.py:188} INFO - [2024-03-14T11:09:35.182+0000] {dagbag.py:540} INFO - Filling up the DagBag from /home/airflow/.local/lib/python3.8/site-packages/airflow/example_dags/example_dag_decorator.py
[2024-03-14T11:09:35.221+0000] {processor.py:840} INFO - DAG(s) 'example_dag_decorator' retrieved from /home/airflow/.local/lib/python3.8/site-packages/airflow/example_dags/example_dag_decorator.py
[2024-03-14T11:09:35.231+0000] {logging_mixin.py:188} INFO - [2024-03-14T11:09:35.231+0000] {dag.py:3047} INFO - Sync 1 DAGs
[2024-03-14T11:09:35.236+0000] {logging_mixin.py:188} INFO - [2024-03-14T11:09:35.236+0000] {dag.py:3834} INFO - Setting next_dagrun for example_dag_decorator to None, run_after=None
[2024-03-14T11:09:35.243+0000] {processor.py:183} INFO - Processing /home/airflow/.local/lib/python3.8/site-packages/airflow/example_dags/example_dag_decorator.py took 0.064 seconds
[2024-03-14T11:10:05.507+0000] {processor.py:161} INFO - Started process (PID=1576) to work on /home/airflow/.local/lib/python3.8/site-packages/airflow/example_dags/example_dag_decorator.py
[2024-03-14T11:10:05.508+0000] {processor.py:830} INFO - Processing file /home/airflow/.local/lib/python3.8/site-packages/airflow/example_dags/example_dag_decorator.py for tasks to queue
[2024-03-14T11:10:05.509+0000] {logging_mixin.py:188} INFO - [2024-03-14T11:10:05.508+0000] {dagbag.py:540} INFO - Filling up the DagBag from /home/airflow/.local/lib/python3.8/site-packages/airflow/example_dags/example_dag_decorator.py
[2024-03-14T11:10:05.546+0000] {processor.py:840} INFO - DAG(s) 'example_dag_decorator' retrieved from /home/airflow/.local/lib/python3.8/site-packages/airflow/example_dags/example_dag_decorator.py
[2024-03-14T11:10:05.588+0000] {logging_mixin.py:188} INFO - [2024-03-14T11:10:05.588+0000] {dag.py:3047} INFO - Sync 1 DAGs
[2024-03-14T11:10:05.592+0000] {logging_mixin.py:188} INFO - [2024-03-14T11:10:05.592+0000] {dag.py:3834} INFO - Setting next_dagrun for example_dag_decorator to None, run_after=None
[2024-03-14T11:10:05.600+0000] {processor.py:183} INFO - Processing /home/airflow/.local/lib/python3.8/site-packages/airflow/example_dags/example_dag_decorator.py took 0.094 seconds
[2024-03-14T11:10:35.927+0000] {processor.py:161} INFO - Started process (PID=1631) to work on /home/airflow/.local/lib/python3.8/site-packages/airflow/example_dags/example_dag_decorator.py
[2024-03-14T11:10:35.928+0000] {processor.py:830} INFO - Processing file /home/airflow/.local/lib/python3.8/site-packages/airflow/example_dags/example_dag_decorator.py for tasks to queue
[2024-03-14T11:10:35.929+0000] {logging_mixin.py:188} INFO - [2024-03-14T11:10:35.929+0000] {dagbag.py:540} INFO - Filling up the DagBag from /home/airflow/.local/lib/python3.8/site-packages/airflow/example_dags/example_dag_decorator.py
[2024-03-14T11:10:35.967+0000] {processor.py:840} INFO - DAG(s) 'example_dag_decorator' retrieved from /home/airflow/.local/lib/python3.8/site-packages/airflow/example_dags/example_dag_decorator.py
[2024-03-14T11:10:36.010+0000] {logging_mixin.py:188} INFO - [2024-03-14T11:10:36.010+0000] {dag.py:3047} INFO - Sync 1 DAGs
[2024-03-14T11:10:36.014+0000] {logging_mixin.py:188} INFO - [2024-03-14T11:10:36.014+0000] {dag.py:3834} INFO - Setting next_dagrun for example_dag_decorator to None, run_after=None
[2024-03-14T11:10:36.021+0000] {processor.py:183} INFO - Processing /home/airflow/.local/lib/python3.8/site-packages/airflow/example_dags/example_dag_decorator.py took 0.095 seconds
[2024-03-14T11:11:06.352+0000] {processor.py:161} INFO - Started process (PID=1686) to work on /home/airflow/.local/lib/python3.8/site-packages/airflow/example_dags/example_dag_decorator.py
[2024-03-14T11:11:06.353+0000] {processor.py:830} INFO - Processing file /home/airflow/.local/lib/python3.8/site-packages/airflow/example_dags/example_dag_decorator.py for tasks to queue
[2024-03-14T11:11:06.354+0000] {logging_mixin.py:188} INFO - [2024-03-14T11:11:06.353+0000] {dagbag.py:540} INFO - Filling up the DagBag from /home/airflow/.local/lib/python3.8/site-packages/airflow/example_dags/example_dag_decorator.py
[2024-03-14T11:11:06.395+0000] {processor.py:840} INFO - DAG(s) 'example_dag_decorator' retrieved from /home/airflow/.local/lib/python3.8/site-packages/airflow/example_dags/example_dag_decorator.py
[2024-03-14T11:11:06.443+0000] {logging_mixin.py:188} INFO - [2024-03-14T11:11:06.442+0000] {dag.py:3047} INFO - Sync 1 DAGs
[2024-03-14T11:11:06.447+0000] {logging_mixin.py:188} INFO - [2024-03-14T11:11:06.447+0000] {dag.py:3834} INFO - Setting next_dagrun for example_dag_decorator to None, run_after=None
[2024-03-14T11:11:06.454+0000] {processor.py:183} INFO - Processing /home/airflow/.local/lib/python3.8/site-packages/airflow/example_dags/example_dag_decorator.py took 0.104 seconds
[2024-03-14T11:11:36.780+0000] {processor.py:161} INFO - Started process (PID=1740) to work on /home/airflow/.local/lib/python3.8/site-packages/airflow/example_dags/example_dag_decorator.py
[2024-03-14T11:11:36.780+0000] {processor.py:830} INFO - Processing file /home/airflow/.local/lib/python3.8/site-packages/airflow/example_dags/example_dag_decorator.py for tasks to queue
[2024-03-14T11:11:36.781+0000] {logging_mixin.py:188} INFO - [2024-03-14T11:11:36.781+0000] {dagbag.py:540} INFO - Filling up the DagBag from /home/airflow/.local/lib/python3.8/site-packages/airflow/example_dags/example_dag_decorator.py
[2024-03-14T11:11:36.819+0000] {processor.py:840} INFO - DAG(s) 'example_dag_decorator' retrieved from /home/airflow/.local/lib/python3.8/site-packages/airflow/example_dags/example_dag_decorator.py
[2024-03-14T11:11:36.830+0000] {logging_mixin.py:188} INFO - [2024-03-14T11:11:36.829+0000] {dag.py:3047} INFO - Sync 1 DAGs
[2024-03-14T11:11:36.835+0000] {logging_mixin.py:188} INFO - [2024-03-14T11:11:36.835+0000] {dag.py:3834} INFO - Setting next_dagrun for example_dag_decorator to None, run_after=None
[2024-03-14T11:11:36.842+0000] {processor.py:183} INFO - Processing /home/airflow/.local/lib/python3.8/site-packages/airflow/example_dags/example_dag_decorator.py took 0.064 seconds
[2024-03-14T11:12:07.218+0000] {processor.py:161} INFO - Started process (PID=1795) to work on /home/airflow/.local/lib/python3.8/site-packages/airflow/example_dags/example_dag_decorator.py
[2024-03-14T11:12:07.219+0000] {processor.py:830} INFO - Processing file /home/airflow/.local/lib/python3.8/site-packages/airflow/example_dags/example_dag_decorator.py for tasks to queue
[2024-03-14T11:12:07.221+0000] {logging_mixin.py:188} INFO - [2024-03-14T11:12:07.221+0000] {dagbag.py:540} INFO - Filling up the DagBag from /home/airflow/.local/lib/python3.8/site-packages/airflow/example_dags/example_dag_decorator.py
[2024-03-14T11:12:07.258+0000] {processor.py:840} INFO - DAG(s) 'example_dag_decorator' retrieved from /home/airflow/.local/lib/python3.8/site-packages/airflow/example_dags/example_dag_decorator.py
[2024-03-14T11:12:07.300+0000] {logging_mixin.py:188} INFO - [2024-03-14T11:12:07.300+0000] {dag.py:3047} INFO - Sync 1 DAGs
[2024-03-14T11:12:07.304+0000] {logging_mixin.py:188} INFO - [2024-03-14T11:12:07.304+0000] {dag.py:3834} INFO - Setting next_dagrun for example_dag_decorator to None, run_after=None
[2024-03-14T11:12:07.314+0000] {processor.py:183} INFO - Processing /home/airflow/.local/lib/python3.8/site-packages/airflow/example_dags/example_dag_decorator.py took 0.098 seconds
[2024-03-14T11:12:37.685+0000] {processor.py:161} INFO - Started process (PID=1850) to work on /home/airflow/.local/lib/python3.8/site-packages/airflow/example_dags/example_dag_decorator.py
[2024-03-14T11:12:37.686+0000] {processor.py:830} INFO - Processing file /home/airflow/.local/lib/python3.8/site-packages/airflow/example_dags/example_dag_decorator.py for tasks to queue
[2024-03-14T11:12:37.687+0000] {logging_mixin.py:188} INFO - [2024-03-14T11:12:37.687+0000] {dagbag.py:540} INFO - Filling up the DagBag from /home/airflow/.local/lib/python3.8/site-packages/airflow/example_dags/example_dag_decorator.py
[2024-03-14T11:12:37.724+0000] {processor.py:840} INFO - DAG(s) 'example_dag_decorator' retrieved from /home/airflow/.local/lib/python3.8/site-packages/airflow/example_dags/example_dag_decorator.py
[2024-03-14T11:12:37.734+0000] {logging_mixin.py:188} INFO - [2024-03-14T11:12:37.734+0000] {dag.py:3047} INFO - Sync 1 DAGs
[2024-03-14T11:12:37.739+0000] {logging_mixin.py:188} INFO - [2024-03-14T11:12:37.739+0000] {dag.py:3834} INFO - Setting next_dagrun for example_dag_decorator to None, run_after=None
[2024-03-14T11:12:37.746+0000] {processor.py:183} INFO - Processing /home/airflow/.local/lib/python3.8/site-packages/airflow/example_dags/example_dag_decorator.py took 0.063 seconds
[2024-03-14T11:13:08.046+0000] {processor.py:161} INFO - Started process (PID=1904) to work on /home/airflow/.local/lib/python3.8/site-packages/airflow/example_dags/example_dag_decorator.py
[2024-03-14T11:13:08.047+0000] {processor.py:830} INFO - Processing file /home/airflow/.local/lib/python3.8/site-packages/airflow/example_dags/example_dag_decorator.py for tasks to queue
[2024-03-14T11:13:08.048+0000] {logging_mixin.py:188} INFO - [2024-03-14T11:13:08.048+0000] {dagbag.py:540} INFO - Filling up the DagBag from /home/airflow/.local/lib/python3.8/site-packages/airflow/example_dags/example_dag_decorator.py
[2024-03-14T11:13:08.085+0000] {processor.py:840} INFO - DAG(s) 'example_dag_decorator' retrieved from /home/airflow/.local/lib/python3.8/site-packages/airflow/example_dags/example_dag_decorator.py
[2024-03-14T11:13:08.127+0000] {logging_mixin.py:188} INFO - [2024-03-14T11:13:08.127+0000] {dag.py:3047} INFO - Sync 1 DAGs
[2024-03-14T11:13:08.131+0000] {logging_mixin.py:188} INFO - [2024-03-14T11:13:08.131+0000] {dag.py:3834} INFO - Setting next_dagrun for example_dag_decorator to None, run_after=None
[2024-03-14T11:13:08.139+0000] {processor.py:183} INFO - Processing /home/airflow/.local/lib/python3.8/site-packages/airflow/example_dags/example_dag_decorator.py took 0.094 seconds
[2024-03-14T11:13:38.379+0000] {processor.py:161} INFO - Started process (PID=1959) to work on /home/airflow/.local/lib/python3.8/site-packages/airflow/example_dags/example_dag_decorator.py
[2024-03-14T11:13:38.380+0000] {processor.py:830} INFO - Processing file /home/airflow/.local/lib/python3.8/site-packages/airflow/example_dags/example_dag_decorator.py for tasks to queue
[2024-03-14T11:13:38.381+0000] {logging_mixin.py:188} INFO - [2024-03-14T11:13:38.381+0000] {dagbag.py:540} INFO - Filling up the DagBag from /home/airflow/.local/lib/python3.8/site-packages/airflow/example_dags/example_dag_decorator.py
[2024-03-14T11:13:38.418+0000] {processor.py:840} INFO - DAG(s) 'example_dag_decorator' retrieved from /home/airflow/.local/lib/python3.8/site-packages/airflow/example_dags/example_dag_decorator.py
[2024-03-14T11:13:38.460+0000] {logging_mixin.py:188} INFO - [2024-03-14T11:13:38.460+0000] {dag.py:3047} INFO - Sync 1 DAGs
[2024-03-14T11:13:38.464+0000] {logging_mixin.py:188} INFO - [2024-03-14T11:13:38.464+0000] {dag.py:3834} INFO - Setting next_dagrun for example_dag_decorator to None, run_after=None
[2024-03-14T11:13:38.471+0000] {processor.py:183} INFO - Processing /home/airflow/.local/lib/python3.8/site-packages/airflow/example_dags/example_dag_decorator.py took 0.094 seconds
[2024-03-14T11:14:08.776+0000] {processor.py:161} INFO - Started process (PID=2014) to work on /home/airflow/.local/lib/python3.8/site-packages/airflow/example_dags/example_dag_decorator.py
[2024-03-14T11:14:08.777+0000] {processor.py:830} INFO - Processing file /home/airflow/.local/lib/python3.8/site-packages/airflow/example_dags/example_dag_decorator.py for tasks to queue
[2024-03-14T11:14:08.777+0000] {logging_mixin.py:188} INFO - [2024-03-14T11:14:08.777+0000] {dagbag.py:540} INFO - Filling up the DagBag from /home/airflow/.local/lib/python3.8/site-packages/airflow/example_dags/example_dag_decorator.py
[2024-03-14T11:14:08.815+0000] {processor.py:840} INFO - DAG(s) 'example_dag_decorator' retrieved from /home/airflow/.local/lib/python3.8/site-packages/airflow/example_dags/example_dag_decorator.py
[2024-03-14T11:14:08.856+0000] {logging_mixin.py:188} INFO - [2024-03-14T11:14:08.856+0000] {dag.py:3047} INFO - Sync 1 DAGs
[2024-03-14T11:14:08.861+0000] {logging_mixin.py:188} INFO - [2024-03-14T11:14:08.861+0000] {dag.py:3834} INFO - Setting next_dagrun for example_dag_decorator to None, run_after=None
[2024-03-14T11:14:08.869+0000] {processor.py:183} INFO - Processing /home/airflow/.local/lib/python3.8/site-packages/airflow/example_dags/example_dag_decorator.py took 0.094 seconds
[2024-03-14T11:14:39.101+0000] {processor.py:161} INFO - Started process (PID=2069) to work on /home/airflow/.local/lib/python3.8/site-packages/airflow/example_dags/example_dag_decorator.py
[2024-03-14T11:14:39.102+0000] {processor.py:830} INFO - Processing file /home/airflow/.local/lib/python3.8/site-packages/airflow/example_dags/example_dag_decorator.py for tasks to queue
[2024-03-14T11:14:39.102+0000] {logging_mixin.py:188} INFO - [2024-03-14T11:14:39.102+0000] {dagbag.py:540} INFO - Filling up the DagBag from /home/airflow/.local/lib/python3.8/site-packages/airflow/example_dags/example_dag_decorator.py
[2024-03-14T11:14:39.140+0000] {processor.py:840} INFO - DAG(s) 'example_dag_decorator' retrieved from /home/airflow/.local/lib/python3.8/site-packages/airflow/example_dags/example_dag_decorator.py
[2024-03-14T11:14:39.181+0000] {logging_mixin.py:188} INFO - [2024-03-14T11:14:39.181+0000] {dag.py:3047} INFO - Sync 1 DAGs
[2024-03-14T11:14:39.186+0000] {logging_mixin.py:188} INFO - [2024-03-14T11:14:39.186+0000] {dag.py:3834} INFO - Setting next_dagrun for example_dag_decorator to None, run_after=None
[2024-03-14T11:14:39.267+0000] {processor.py:183} INFO - Processing /home/airflow/.local/lib/python3.8/site-packages/airflow/example_dags/example_dag_decorator.py took 0.167 seconds
[2024-03-14T11:15:09.528+0000] {processor.py:161} INFO - Started process (PID=2124) to work on /home/airflow/.local/lib/python3.8/site-packages/airflow/example_dags/example_dag_decorator.py
[2024-03-14T11:15:09.529+0000] {processor.py:830} INFO - Processing file /home/airflow/.local/lib/python3.8/site-packages/airflow/example_dags/example_dag_decorator.py for tasks to queue
[2024-03-14T11:15:09.530+0000] {logging_mixin.py:188} INFO - [2024-03-14T11:15:09.530+0000] {dagbag.py:540} INFO - Filling up the DagBag from /home/airflow/.local/lib/python3.8/site-packages/airflow/example_dags/example_dag_decorator.py
[2024-03-14T11:15:09.567+0000] {processor.py:840} INFO - DAG(s) 'example_dag_decorator' retrieved from /home/airflow/.local/lib/python3.8/site-packages/airflow/example_dags/example_dag_decorator.py
[2024-03-14T11:15:09.609+0000] {logging_mixin.py:188} INFO - [2024-03-14T11:15:09.608+0000] {dag.py:3047} INFO - Sync 1 DAGs
[2024-03-14T11:15:09.613+0000] {logging_mixin.py:188} INFO - [2024-03-14T11:15:09.613+0000] {dag.py:3834} INFO - Setting next_dagrun for example_dag_decorator to None, run_after=None
[2024-03-14T11:15:09.620+0000] {processor.py:183} INFO - Processing /home/airflow/.local/lib/python3.8/site-packages/airflow/example_dags/example_dag_decorator.py took 0.094 seconds
[2024-03-14T11:15:39.868+0000] {processor.py:161} INFO - Started process (PID=2179) to work on /home/airflow/.local/lib/python3.8/site-packages/airflow/example_dags/example_dag_decorator.py
[2024-03-14T11:15:39.868+0000] {processor.py:830} INFO - Processing file /home/airflow/.local/lib/python3.8/site-packages/airflow/example_dags/example_dag_decorator.py for tasks to queue
[2024-03-14T11:15:39.869+0000] {logging_mixin.py:188} INFO - [2024-03-14T11:15:39.869+0000] {dagbag.py:540} INFO - Filling up the DagBag from /home/airflow/.local/lib/python3.8/site-packages/airflow/example_dags/example_dag_decorator.py
[2024-03-14T11:15:39.907+0000] {processor.py:840} INFO - DAG(s) 'example_dag_decorator' retrieved from /home/airflow/.local/lib/python3.8/site-packages/airflow/example_dags/example_dag_decorator.py
[2024-03-14T11:15:39.947+0000] {logging_mixin.py:188} INFO - [2024-03-14T11:15:39.947+0000] {dag.py:3047} INFO - Sync 1 DAGs
[2024-03-14T11:15:39.953+0000] {logging_mixin.py:188} INFO - [2024-03-14T11:15:39.953+0000] {dag.py:3834} INFO - Setting next_dagrun for example_dag_decorator to None, run_after=None
[2024-03-14T11:15:39.961+0000] {processor.py:183} INFO - Processing /home/airflow/.local/lib/python3.8/site-packages/airflow/example_dags/example_dag_decorator.py took 0.095 seconds
[2024-03-14T11:16:10.352+0000] {processor.py:161} INFO - Started process (PID=2233) to work on /home/airflow/.local/lib/python3.8/site-packages/airflow/example_dags/example_dag_decorator.py
[2024-03-14T11:16:10.353+0000] {processor.py:830} INFO - Processing file /home/airflow/.local/lib/python3.8/site-packages/airflow/example_dags/example_dag_decorator.py for tasks to queue
[2024-03-14T11:16:10.354+0000] {logging_mixin.py:188} INFO - [2024-03-14T11:16:10.353+0000] {dagbag.py:540} INFO - Filling up the DagBag from /home/airflow/.local/lib/python3.8/site-packages/airflow/example_dags/example_dag_decorator.py
[2024-03-14T11:16:10.390+0000] {processor.py:840} INFO - DAG(s) 'example_dag_decorator' retrieved from /home/airflow/.local/lib/python3.8/site-packages/airflow/example_dags/example_dag_decorator.py
[2024-03-14T11:16:10.432+0000] {logging_mixin.py:188} INFO - [2024-03-14T11:16:10.432+0000] {dag.py:3047} INFO - Sync 1 DAGs
[2024-03-14T11:16:10.439+0000] {logging_mixin.py:188} INFO - [2024-03-14T11:16:10.439+0000] {dag.py:3834} INFO - Setting next_dagrun for example_dag_decorator to None, run_after=None
[2024-03-14T11:16:10.446+0000] {processor.py:183} INFO - Processing /home/airflow/.local/lib/python3.8/site-packages/airflow/example_dags/example_dag_decorator.py took 0.096 seconds
[2024-03-14T11:16:40.745+0000] {processor.py:161} INFO - Started process (PID=2288) to work on /home/airflow/.local/lib/python3.8/site-packages/airflow/example_dags/example_dag_decorator.py
[2024-03-14T11:16:40.745+0000] {processor.py:830} INFO - Processing file /home/airflow/.local/lib/python3.8/site-packages/airflow/example_dags/example_dag_decorator.py for tasks to queue
[2024-03-14T11:16:40.746+0000] {logging_mixin.py:188} INFO - [2024-03-14T11:16:40.746+0000] {dagbag.py:540} INFO - Filling up the DagBag from /home/airflow/.local/lib/python3.8/site-packages/airflow/example_dags/example_dag_decorator.py
[2024-03-14T11:16:40.784+0000] {processor.py:840} INFO - DAG(s) 'example_dag_decorator' retrieved from /home/airflow/.local/lib/python3.8/site-packages/airflow/example_dags/example_dag_decorator.py
[2024-03-14T11:16:40.826+0000] {logging_mixin.py:188} INFO - [2024-03-14T11:16:40.826+0000] {dag.py:3047} INFO - Sync 1 DAGs
[2024-03-14T11:16:40.908+0000] {logging_mixin.py:188} INFO - [2024-03-14T11:16:40.908+0000] {dag.py:3834} INFO - Setting next_dagrun for example_dag_decorator to None, run_after=None
[2024-03-14T11:16:40.915+0000] {processor.py:183} INFO - Processing /home/airflow/.local/lib/python3.8/site-packages/airflow/example_dags/example_dag_decorator.py took 0.172 seconds
[2024-03-14T11:17:11.177+0000] {processor.py:161} INFO - Started process (PID=2343) to work on /home/airflow/.local/lib/python3.8/site-packages/airflow/example_dags/example_dag_decorator.py
[2024-03-14T11:17:11.178+0000] {processor.py:830} INFO - Processing file /home/airflow/.local/lib/python3.8/site-packages/airflow/example_dags/example_dag_decorator.py for tasks to queue
[2024-03-14T11:17:11.179+0000] {logging_mixin.py:188} INFO - [2024-03-14T11:17:11.179+0000] {dagbag.py:540} INFO - Filling up the DagBag from /home/airflow/.local/lib/python3.8/site-packages/airflow/example_dags/example_dag_decorator.py
[2024-03-14T11:17:11.232+0000] {processor.py:840} INFO - DAG(s) 'example_dag_decorator' retrieved from /home/airflow/.local/lib/python3.8/site-packages/airflow/example_dags/example_dag_decorator.py
[2024-03-14T11:17:11.278+0000] {logging_mixin.py:188} INFO - [2024-03-14T11:17:11.278+0000] {dag.py:3047} INFO - Sync 1 DAGs
[2024-03-14T11:17:11.283+0000] {logging_mixin.py:188} INFO - [2024-03-14T11:17:11.283+0000] {dag.py:3834} INFO - Setting next_dagrun for example_dag_decorator to None, run_after=None
[2024-03-14T11:17:11.392+0000] {processor.py:183} INFO - Processing /home/airflow/.local/lib/python3.8/site-packages/airflow/example_dags/example_dag_decorator.py took 0.216 seconds
[2024-03-14T11:17:41.710+0000] {processor.py:161} INFO - Started process (PID=2398) to work on /home/airflow/.local/lib/python3.8/site-packages/airflow/example_dags/example_dag_decorator.py
[2024-03-14T11:17:41.711+0000] {processor.py:830} INFO - Processing file /home/airflow/.local/lib/python3.8/site-packages/airflow/example_dags/example_dag_decorator.py for tasks to queue
[2024-03-14T11:17:41.711+0000] {logging_mixin.py:188} INFO - [2024-03-14T11:17:41.711+0000] {dagbag.py:540} INFO - Filling up the DagBag from /home/airflow/.local/lib/python3.8/site-packages/airflow/example_dags/example_dag_decorator.py
[2024-03-14T11:17:41.749+0000] {processor.py:840} INFO - DAG(s) 'example_dag_decorator' retrieved from /home/airflow/.local/lib/python3.8/site-packages/airflow/example_dags/example_dag_decorator.py
[2024-03-14T11:17:41.791+0000] {logging_mixin.py:188} INFO - [2024-03-14T11:17:41.791+0000] {dag.py:3047} INFO - Sync 1 DAGs
[2024-03-14T11:17:41.795+0000] {logging_mixin.py:188} INFO - [2024-03-14T11:17:41.795+0000] {dag.py:3834} INFO - Setting next_dagrun for example_dag_decorator to None, run_after=None
[2024-03-14T11:17:41.802+0000] {processor.py:183} INFO - Processing /home/airflow/.local/lib/python3.8/site-packages/airflow/example_dags/example_dag_decorator.py took 0.094 seconds
[2024-03-14T11:18:12.169+0000] {processor.py:161} INFO - Started process (PID=2452) to work on /home/airflow/.local/lib/python3.8/site-packages/airflow/example_dags/example_dag_decorator.py
[2024-03-14T11:18:12.170+0000] {processor.py:830} INFO - Processing file /home/airflow/.local/lib/python3.8/site-packages/airflow/example_dags/example_dag_decorator.py for tasks to queue
[2024-03-14T11:18:12.171+0000] {logging_mixin.py:188} INFO - [2024-03-14T11:18:12.171+0000] {dagbag.py:540} INFO - Filling up the DagBag from /home/airflow/.local/lib/python3.8/site-packages/airflow/example_dags/example_dag_decorator.py
[2024-03-14T11:18:12.209+0000] {processor.py:840} INFO - DAG(s) 'example_dag_decorator' retrieved from /home/airflow/.local/lib/python3.8/site-packages/airflow/example_dags/example_dag_decorator.py
[2024-03-14T11:18:12.325+0000] {logging_mixin.py:188} INFO - [2024-03-14T11:18:12.325+0000] {dag.py:3047} INFO - Sync 1 DAGs
[2024-03-14T11:18:12.332+0000] {logging_mixin.py:188} INFO - [2024-03-14T11:18:12.332+0000] {dag.py:3834} INFO - Setting next_dagrun for example_dag_decorator to None, run_after=None
[2024-03-14T11:18:12.338+0000] {processor.py:183} INFO - Processing /home/airflow/.local/lib/python3.8/site-packages/airflow/example_dags/example_dag_decorator.py took 0.171 seconds
[2024-03-14T11:18:42.581+0000] {processor.py:161} INFO - Started process (PID=2507) to work on /home/airflow/.local/lib/python3.8/site-packages/airflow/example_dags/example_dag_decorator.py
[2024-03-14T11:18:42.581+0000] {processor.py:830} INFO - Processing file /home/airflow/.local/lib/python3.8/site-packages/airflow/example_dags/example_dag_decorator.py for tasks to queue
[2024-03-14T11:18:42.582+0000] {logging_mixin.py:188} INFO - [2024-03-14T11:18:42.582+0000] {dagbag.py:540} INFO - Filling up the DagBag from /home/airflow/.local/lib/python3.8/site-packages/airflow/example_dags/example_dag_decorator.py
[2024-03-14T11:18:42.619+0000] {processor.py:840} INFO - DAG(s) 'example_dag_decorator' retrieved from /home/airflow/.local/lib/python3.8/site-packages/airflow/example_dags/example_dag_decorator.py
[2024-03-14T11:18:42.737+0000] {logging_mixin.py:188} INFO - [2024-03-14T11:18:42.737+0000] {dag.py:3047} INFO - Sync 1 DAGs
[2024-03-14T11:18:42.741+0000] {logging_mixin.py:188} INFO - [2024-03-14T11:18:42.741+0000] {dag.py:3834} INFO - Setting next_dagrun for example_dag_decorator to None, run_after=None
[2024-03-14T11:18:42.748+0000] {processor.py:183} INFO - Processing /home/airflow/.local/lib/python3.8/site-packages/airflow/example_dags/example_dag_decorator.py took 0.169 seconds
[2024-03-14T11:19:13.044+0000] {processor.py:161} INFO - Started process (PID=2562) to work on /home/airflow/.local/lib/python3.8/site-packages/airflow/example_dags/example_dag_decorator.py
[2024-03-14T11:19:13.044+0000] {processor.py:830} INFO - Processing file /home/airflow/.local/lib/python3.8/site-packages/airflow/example_dags/example_dag_decorator.py for tasks to queue
[2024-03-14T11:19:13.045+0000] {logging_mixin.py:188} INFO - [2024-03-14T11:19:13.045+0000] {dagbag.py:540} INFO - Filling up the DagBag from /home/airflow/.local/lib/python3.8/site-packages/airflow/example_dags/example_dag_decorator.py
[2024-03-14T11:19:13.082+0000] {processor.py:840} INFO - DAG(s) 'example_dag_decorator' retrieved from /home/airflow/.local/lib/python3.8/site-packages/airflow/example_dags/example_dag_decorator.py
[2024-03-14T11:19:13.092+0000] {logging_mixin.py:188} INFO - [2024-03-14T11:19:13.092+0000] {dag.py:3047} INFO - Sync 1 DAGs
[2024-03-14T11:19:13.098+0000] {logging_mixin.py:188} INFO - [2024-03-14T11:19:13.098+0000] {dag.py:3834} INFO - Setting next_dagrun for example_dag_decorator to None, run_after=None
[2024-03-14T11:19:13.105+0000] {processor.py:183} INFO - Processing /home/airflow/.local/lib/python3.8/site-packages/airflow/example_dags/example_dag_decorator.py took 0.063 seconds
[2024-03-14T11:19:43.450+0000] {processor.py:161} INFO - Started process (PID=2617) to work on /home/airflow/.local/lib/python3.8/site-packages/airflow/example_dags/example_dag_decorator.py
[2024-03-14T11:19:43.450+0000] {processor.py:830} INFO - Processing file /home/airflow/.local/lib/python3.8/site-packages/airflow/example_dags/example_dag_decorator.py for tasks to queue
[2024-03-14T11:19:43.451+0000] {logging_mixin.py:188} INFO - [2024-03-14T11:19:43.451+0000] {dagbag.py:540} INFO - Filling up the DagBag from /home/airflow/.local/lib/python3.8/site-packages/airflow/example_dags/example_dag_decorator.py
[2024-03-14T11:19:43.489+0000] {processor.py:840} INFO - DAG(s) 'example_dag_decorator' retrieved from /home/airflow/.local/lib/python3.8/site-packages/airflow/example_dags/example_dag_decorator.py
[2024-03-14T11:19:43.530+0000] {logging_mixin.py:188} INFO - [2024-03-14T11:19:43.529+0000] {dag.py:3047} INFO - Sync 1 DAGs
[2024-03-14T11:19:43.534+0000] {logging_mixin.py:188} INFO - [2024-03-14T11:19:43.534+0000] {dag.py:3834} INFO - Setting next_dagrun for example_dag_decorator to None, run_after=None
[2024-03-14T11:19:43.542+0000] {processor.py:183} INFO - Processing /home/airflow/.local/lib/python3.8/site-packages/airflow/example_dags/example_dag_decorator.py took 0.093 seconds
[2024-03-14T11:20:13.821+0000] {processor.py:161} INFO - Started process (PID=2672) to work on /home/airflow/.local/lib/python3.8/site-packages/airflow/example_dags/example_dag_decorator.py
[2024-03-14T11:20:13.821+0000] {processor.py:830} INFO - Processing file /home/airflow/.local/lib/python3.8/site-packages/airflow/example_dags/example_dag_decorator.py for tasks to queue
[2024-03-14T11:20:13.822+0000] {logging_mixin.py:188} INFO - [2024-03-14T11:20:13.822+0000] {dagbag.py:540} INFO - Filling up the DagBag from /home/airflow/.local/lib/python3.8/site-packages/airflow/example_dags/example_dag_decorator.py
[2024-03-14T11:20:13.860+0000] {processor.py:840} INFO - DAG(s) 'example_dag_decorator' retrieved from /home/airflow/.local/lib/python3.8/site-packages/airflow/example_dags/example_dag_decorator.py
[2024-03-14T11:20:13.976+0000] {logging_mixin.py:188} INFO - [2024-03-14T11:20:13.976+0000] {dag.py:3047} INFO - Sync 1 DAGs
[2024-03-14T11:20:13.980+0000] {logging_mixin.py:188} INFO - [2024-03-14T11:20:13.980+0000] {dag.py:3834} INFO - Setting next_dagrun for example_dag_decorator to None, run_after=None
[2024-03-14T11:20:13.987+0000] {processor.py:183} INFO - Processing /home/airflow/.local/lib/python3.8/site-packages/airflow/example_dags/example_dag_decorator.py took 0.168 seconds
[2024-03-14T11:20:44.255+0000] {processor.py:161} INFO - Started process (PID=2727) to work on /home/airflow/.local/lib/python3.8/site-packages/airflow/example_dags/example_dag_decorator.py
[2024-03-14T11:20:44.256+0000] {processor.py:830} INFO - Processing file /home/airflow/.local/lib/python3.8/site-packages/airflow/example_dags/example_dag_decorator.py for tasks to queue
[2024-03-14T11:20:44.256+0000] {logging_mixin.py:188} INFO - [2024-03-14T11:20:44.256+0000] {dagbag.py:540} INFO - Filling up the DagBag from /home/airflow/.local/lib/python3.8/site-packages/airflow/example_dags/example_dag_decorator.py
[2024-03-14T11:20:44.295+0000] {processor.py:840} INFO - DAG(s) 'example_dag_decorator' retrieved from /home/airflow/.local/lib/python3.8/site-packages/airflow/example_dags/example_dag_decorator.py
[2024-03-14T11:20:44.419+0000] {logging_mixin.py:188} INFO - [2024-03-14T11:20:44.418+0000] {dag.py:3047} INFO - Sync 1 DAGs
[2024-03-14T11:20:44.423+0000] {logging_mixin.py:188} INFO - [2024-03-14T11:20:44.423+0000] {dag.py:3834} INFO - Setting next_dagrun for example_dag_decorator to None, run_after=None
[2024-03-14T11:20:44.430+0000] {processor.py:183} INFO - Processing /home/airflow/.local/lib/python3.8/site-packages/airflow/example_dags/example_dag_decorator.py took 0.177 seconds
[2024-03-14T11:21:14.741+0000] {processor.py:161} INFO - Started process (PID=2782) to work on /home/airflow/.local/lib/python3.8/site-packages/airflow/example_dags/example_dag_decorator.py
[2024-03-14T11:21:14.742+0000] {processor.py:830} INFO - Processing file /home/airflow/.local/lib/python3.8/site-packages/airflow/example_dags/example_dag_decorator.py for tasks to queue
[2024-03-14T11:21:14.743+0000] {logging_mixin.py:188} INFO - [2024-03-14T11:21:14.743+0000] {dagbag.py:540} INFO - Filling up the DagBag from /home/airflow/.local/lib/python3.8/site-packages/airflow/example_dags/example_dag_decorator.py
[2024-03-14T11:21:14.781+0000] {processor.py:840} INFO - DAG(s) 'example_dag_decorator' retrieved from /home/airflow/.local/lib/python3.8/site-packages/airflow/example_dags/example_dag_decorator.py
[2024-03-14T11:21:14.902+0000] {logging_mixin.py:188} INFO - [2024-03-14T11:21:14.902+0000] {dag.py:3047} INFO - Sync 1 DAGs
[2024-03-14T11:21:14.907+0000] {logging_mixin.py:188} INFO - [2024-03-14T11:21:14.907+0000] {dag.py:3834} INFO - Setting next_dagrun for example_dag_decorator to None, run_after=None
[2024-03-14T11:21:14.915+0000] {processor.py:183} INFO - Processing /home/airflow/.local/lib/python3.8/site-packages/airflow/example_dags/example_dag_decorator.py took 0.175 seconds
[2024-03-14T11:21:45.216+0000] {processor.py:161} INFO - Started process (PID=2837) to work on /home/airflow/.local/lib/python3.8/site-packages/airflow/example_dags/example_dag_decorator.py
[2024-03-14T11:21:45.217+0000] {processor.py:830} INFO - Processing file /home/airflow/.local/lib/python3.8/site-packages/airflow/example_dags/example_dag_decorator.py for tasks to queue
[2024-03-14T11:21:45.218+0000] {logging_mixin.py:188} INFO - [2024-03-14T11:21:45.217+0000] {dagbag.py:540} INFO - Filling up the DagBag from /home/airflow/.local/lib/python3.8/site-packages/airflow/example_dags/example_dag_decorator.py
[2024-03-14T11:21:45.260+0000] {processor.py:840} INFO - DAG(s) 'example_dag_decorator' retrieved from /home/airflow/.local/lib/python3.8/site-packages/airflow/example_dags/example_dag_decorator.py
[2024-03-14T11:21:45.382+0000] {logging_mixin.py:188} INFO - [2024-03-14T11:21:45.382+0000] {dag.py:3047} INFO - Sync 1 DAGs
[2024-03-14T11:21:45.386+0000] {logging_mixin.py:188} INFO - [2024-03-14T11:21:45.386+0000] {dag.py:3834} INFO - Setting next_dagrun for example_dag_decorator to None, run_after=None
[2024-03-14T11:21:45.393+0000] {processor.py:183} INFO - Processing /home/airflow/.local/lib/python3.8/site-packages/airflow/example_dags/example_dag_decorator.py took 0.179 seconds
[2024-03-14T11:22:15.691+0000] {processor.py:161} INFO - Started process (PID=2892) to work on /home/airflow/.local/lib/python3.8/site-packages/airflow/example_dags/example_dag_decorator.py
[2024-03-14T11:22:15.692+0000] {processor.py:830} INFO - Processing file /home/airflow/.local/lib/python3.8/site-packages/airflow/example_dags/example_dag_decorator.py for tasks to queue
[2024-03-14T11:22:15.692+0000] {logging_mixin.py:188} INFO - [2024-03-14T11:22:15.692+0000] {dagbag.py:540} INFO - Filling up the DagBag from /home/airflow/.local/lib/python3.8/site-packages/airflow/example_dags/example_dag_decorator.py
[2024-03-14T11:22:15.730+0000] {processor.py:840} INFO - DAG(s) 'example_dag_decorator' retrieved from /home/airflow/.local/lib/python3.8/site-packages/airflow/example_dags/example_dag_decorator.py
[2024-03-14T11:22:15.739+0000] {logging_mixin.py:188} INFO - [2024-03-14T11:22:15.739+0000] {dag.py:3047} INFO - Sync 1 DAGs
[2024-03-14T11:22:15.747+0000] {logging_mixin.py:188} INFO - [2024-03-14T11:22:15.747+0000] {dag.py:3834} INFO - Setting next_dagrun for example_dag_decorator to None, run_after=None
[2024-03-14T11:22:15.830+0000] {processor.py:183} INFO - Processing /home/airflow/.local/lib/python3.8/site-packages/airflow/example_dags/example_dag_decorator.py took 0.140 seconds
[2024-03-14T11:22:46.226+0000] {processor.py:161} INFO - Started process (PID=2947) to work on /home/airflow/.local/lib/python3.8/site-packages/airflow/example_dags/example_dag_decorator.py
[2024-03-14T11:22:46.227+0000] {processor.py:830} INFO - Processing file /home/airflow/.local/lib/python3.8/site-packages/airflow/example_dags/example_dag_decorator.py for tasks to queue
[2024-03-14T11:22:46.228+0000] {logging_mixin.py:188} INFO - [2024-03-14T11:22:46.228+0000] {dagbag.py:540} INFO - Filling up the DagBag from /home/airflow/.local/lib/python3.8/site-packages/airflow/example_dags/example_dag_decorator.py
[2024-03-14T11:22:46.265+0000] {processor.py:840} INFO - DAG(s) 'example_dag_decorator' retrieved from /home/airflow/.local/lib/python3.8/site-packages/airflow/example_dags/example_dag_decorator.py
[2024-03-14T11:22:46.379+0000] {logging_mixin.py:188} INFO - [2024-03-14T11:22:46.379+0000] {dag.py:3047} INFO - Sync 1 DAGs
[2024-03-14T11:22:46.383+0000] {logging_mixin.py:188} INFO - [2024-03-14T11:22:46.383+0000] {dag.py:3834} INFO - Setting next_dagrun for example_dag_decorator to None, run_after=None
[2024-03-14T11:22:46.390+0000] {processor.py:183} INFO - Processing /home/airflow/.local/lib/python3.8/site-packages/airflow/example_dags/example_dag_decorator.py took 0.166 seconds
[2024-03-14T11:23:16.627+0000] {processor.py:161} INFO - Started process (PID=3002) to work on /home/airflow/.local/lib/python3.8/site-packages/airflow/example_dags/example_dag_decorator.py
[2024-03-14T11:23:16.628+0000] {processor.py:830} INFO - Processing file /home/airflow/.local/lib/python3.8/site-packages/airflow/example_dags/example_dag_decorator.py for tasks to queue
[2024-03-14T11:23:16.629+0000] {logging_mixin.py:188} INFO - [2024-03-14T11:23:16.629+0000] {dagbag.py:540} INFO - Filling up the DagBag from /home/airflow/.local/lib/python3.8/site-packages/airflow/example_dags/example_dag_decorator.py
[2024-03-14T11:23:16.666+0000] {processor.py:840} INFO - DAG(s) 'example_dag_decorator' retrieved from /home/airflow/.local/lib/python3.8/site-packages/airflow/example_dags/example_dag_decorator.py
[2024-03-14T11:23:16.782+0000] {logging_mixin.py:188} INFO - [2024-03-14T11:23:16.782+0000] {dag.py:3047} INFO - Sync 1 DAGs
[2024-03-14T11:23:16.786+0000] {logging_mixin.py:188} INFO - [2024-03-14T11:23:16.786+0000] {dag.py:3834} INFO - Setting next_dagrun for example_dag_decorator to None, run_after=None
[2024-03-14T11:23:16.793+0000] {processor.py:183} INFO - Processing /home/airflow/.local/lib/python3.8/site-packages/airflow/example_dags/example_dag_decorator.py took 0.167 seconds
[2024-03-14T11:23:47.093+0000] {processor.py:161} INFO - Started process (PID=3057) to work on /home/airflow/.local/lib/python3.8/site-packages/airflow/example_dags/example_dag_decorator.py
[2024-03-14T11:23:47.093+0000] {processor.py:830} INFO - Processing file /home/airflow/.local/lib/python3.8/site-packages/airflow/example_dags/example_dag_decorator.py for tasks to queue
[2024-03-14T11:23:47.094+0000] {logging_mixin.py:188} INFO - [2024-03-14T11:23:47.094+0000] {dagbag.py:540} INFO - Filling up the DagBag from /home/airflow/.local/lib/python3.8/site-packages/airflow/example_dags/example_dag_decorator.py
[2024-03-14T11:23:47.131+0000] {processor.py:840} INFO - DAG(s) 'example_dag_decorator' retrieved from /home/airflow/.local/lib/python3.8/site-packages/airflow/example_dags/example_dag_decorator.py
[2024-03-14T11:23:47.249+0000] {logging_mixin.py:188} INFO - [2024-03-14T11:23:47.249+0000] {dag.py:3047} INFO - Sync 1 DAGs
[2024-03-14T11:23:47.253+0000] {logging_mixin.py:188} INFO - [2024-03-14T11:23:47.253+0000] {dag.py:3834} INFO - Setting next_dagrun for example_dag_decorator to None, run_after=None
[2024-03-14T11:23:47.260+0000] {processor.py:183} INFO - Processing /home/airflow/.local/lib/python3.8/site-packages/airflow/example_dags/example_dag_decorator.py took 0.169 seconds
[2024-03-14T11:24:17.469+0000] {processor.py:161} INFO - Started process (PID=3112) to work on /home/airflow/.local/lib/python3.8/site-packages/airflow/example_dags/example_dag_decorator.py
[2024-03-14T11:24:17.470+0000] {processor.py:830} INFO - Processing file /home/airflow/.local/lib/python3.8/site-packages/airflow/example_dags/example_dag_decorator.py for tasks to queue
[2024-03-14T11:24:17.471+0000] {logging_mixin.py:188} INFO - [2024-03-14T11:24:17.470+0000] {dagbag.py:540} INFO - Filling up the DagBag from /home/airflow/.local/lib/python3.8/site-packages/airflow/example_dags/example_dag_decorator.py
[2024-03-14T11:24:17.508+0000] {processor.py:840} INFO - DAG(s) 'example_dag_decorator' retrieved from /home/airflow/.local/lib/python3.8/site-packages/airflow/example_dags/example_dag_decorator.py
[2024-03-14T11:24:17.622+0000] {logging_mixin.py:188} INFO - [2024-03-14T11:24:17.622+0000] {dag.py:3047} INFO - Sync 1 DAGs
[2024-03-14T11:24:17.626+0000] {logging_mixin.py:188} INFO - [2024-03-14T11:24:17.626+0000] {dag.py:3834} INFO - Setting next_dagrun for example_dag_decorator to None, run_after=None
[2024-03-14T11:24:17.633+0000] {processor.py:183} INFO - Processing /home/airflow/.local/lib/python3.8/site-packages/airflow/example_dags/example_dag_decorator.py took 0.165 seconds
[2024-03-14T11:24:47.810+0000] {processor.py:161} INFO - Started process (PID=3167) to work on /home/airflow/.local/lib/python3.8/site-packages/airflow/example_dags/example_dag_decorator.py
[2024-03-14T11:24:47.811+0000] {processor.py:830} INFO - Processing file /home/airflow/.local/lib/python3.8/site-packages/airflow/example_dags/example_dag_decorator.py for tasks to queue
[2024-03-14T11:24:47.812+0000] {logging_mixin.py:188} INFO - [2024-03-14T11:24:47.812+0000] {dagbag.py:540} INFO - Filling up the DagBag from /home/airflow/.local/lib/python3.8/site-packages/airflow/example_dags/example_dag_decorator.py
[2024-03-14T11:24:47.849+0000] {processor.py:840} INFO - DAG(s) 'example_dag_decorator' retrieved from /home/airflow/.local/lib/python3.8/site-packages/airflow/example_dags/example_dag_decorator.py
[2024-03-14T11:24:47.859+0000] {logging_mixin.py:188} INFO - [2024-03-14T11:24:47.859+0000] {dag.py:3047} INFO - Sync 1 DAGs
[2024-03-14T11:24:47.865+0000] {logging_mixin.py:188} INFO - [2024-03-14T11:24:47.865+0000] {dag.py:3834} INFO - Setting next_dagrun for example_dag_decorator to None, run_after=None
[2024-03-14T11:24:47.947+0000] {processor.py:183} INFO - Processing /home/airflow/.local/lib/python3.8/site-packages/airflow/example_dags/example_dag_decorator.py took 0.138 seconds
[2024-03-14T11:25:18.252+0000] {processor.py:161} INFO - Started process (PID=3222) to work on /home/airflow/.local/lib/python3.8/site-packages/airflow/example_dags/example_dag_decorator.py
[2024-03-14T11:25:18.253+0000] {processor.py:830} INFO - Processing file /home/airflow/.local/lib/python3.8/site-packages/airflow/example_dags/example_dag_decorator.py for tasks to queue
[2024-03-14T11:25:18.254+0000] {logging_mixin.py:188} INFO - [2024-03-14T11:25:18.253+0000] {dagbag.py:540} INFO - Filling up the DagBag from /home/airflow/.local/lib/python3.8/site-packages/airflow/example_dags/example_dag_decorator.py
[2024-03-14T11:25:18.291+0000] {processor.py:840} INFO - DAG(s) 'example_dag_decorator' retrieved from /home/airflow/.local/lib/python3.8/site-packages/airflow/example_dags/example_dag_decorator.py
[2024-03-14T11:25:18.406+0000] {logging_mixin.py:188} INFO - [2024-03-14T11:25:18.406+0000] {dag.py:3047} INFO - Sync 1 DAGs
[2024-03-14T11:25:18.410+0000] {logging_mixin.py:188} INFO - [2024-03-14T11:25:18.410+0000] {dag.py:3834} INFO - Setting next_dagrun for example_dag_decorator to None, run_after=None
[2024-03-14T11:25:18.417+0000] {processor.py:183} INFO - Processing /home/airflow/.local/lib/python3.8/site-packages/airflow/example_dags/example_dag_decorator.py took 0.167 seconds
[2024-03-14T11:25:48.698+0000] {processor.py:161} INFO - Started process (PID=3277) to work on /home/airflow/.local/lib/python3.8/site-packages/airflow/example_dags/example_dag_decorator.py
[2024-03-14T11:25:48.699+0000] {processor.py:830} INFO - Processing file /home/airflow/.local/lib/python3.8/site-packages/airflow/example_dags/example_dag_decorator.py for tasks to queue
[2024-03-14T11:25:48.699+0000] {logging_mixin.py:188} INFO - [2024-03-14T11:25:48.699+0000] {dagbag.py:540} INFO - Filling up the DagBag from /home/airflow/.local/lib/python3.8/site-packages/airflow/example_dags/example_dag_decorator.py
[2024-03-14T11:25:48.810+0000] {processor.py:840} INFO - DAG(s) 'example_dag_decorator' retrieved from /home/airflow/.local/lib/python3.8/site-packages/airflow/example_dags/example_dag_decorator.py
[2024-03-14T11:25:48.849+0000] {logging_mixin.py:188} INFO - [2024-03-14T11:25:48.849+0000] {dag.py:3047} INFO - Sync 1 DAGs
[2024-03-14T11:25:48.853+0000] {logging_mixin.py:188} INFO - [2024-03-14T11:25:48.853+0000] {dag.py:3834} INFO - Setting next_dagrun for example_dag_decorator to None, run_after=None
[2024-03-14T11:25:48.860+0000] {processor.py:183} INFO - Processing /home/airflow/.local/lib/python3.8/site-packages/airflow/example_dags/example_dag_decorator.py took 0.164 seconds
[2024-03-14T11:26:19.223+0000] {processor.py:161} INFO - Started process (PID=3332) to work on /home/airflow/.local/lib/python3.8/site-packages/airflow/example_dags/example_dag_decorator.py
[2024-03-14T11:26:19.224+0000] {processor.py:830} INFO - Processing file /home/airflow/.local/lib/python3.8/site-packages/airflow/example_dags/example_dag_decorator.py for tasks to queue
[2024-03-14T11:26:19.224+0000] {logging_mixin.py:188} INFO - [2024-03-14T11:26:19.224+0000] {dagbag.py:540} INFO - Filling up the DagBag from /home/airflow/.local/lib/python3.8/site-packages/airflow/example_dags/example_dag_decorator.py
[2024-03-14T11:26:19.336+0000] {processor.py:840} INFO - DAG(s) 'example_dag_decorator' retrieved from /home/airflow/.local/lib/python3.8/site-packages/airflow/example_dags/example_dag_decorator.py
[2024-03-14T11:26:19.376+0000] {logging_mixin.py:188} INFO - [2024-03-14T11:26:19.376+0000] {dag.py:3047} INFO - Sync 1 DAGs
[2024-03-14T11:26:19.380+0000] {logging_mixin.py:188} INFO - [2024-03-14T11:26:19.380+0000] {dag.py:3834} INFO - Setting next_dagrun for example_dag_decorator to None, run_after=None
[2024-03-14T11:26:19.387+0000] {processor.py:183} INFO - Processing /home/airflow/.local/lib/python3.8/site-packages/airflow/example_dags/example_dag_decorator.py took 0.166 seconds
[2024-03-14T11:26:49.648+0000] {processor.py:161} INFO - Started process (PID=3387) to work on /home/airflow/.local/lib/python3.8/site-packages/airflow/example_dags/example_dag_decorator.py
[2024-03-14T11:26:49.648+0000] {processor.py:830} INFO - Processing file /home/airflow/.local/lib/python3.8/site-packages/airflow/example_dags/example_dag_decorator.py for tasks to queue
[2024-03-14T11:26:49.649+0000] {logging_mixin.py:188} INFO - [2024-03-14T11:26:49.649+0000] {dagbag.py:540} INFO - Filling up the DagBag from /home/airflow/.local/lib/python3.8/site-packages/airflow/example_dags/example_dag_decorator.py
[2024-03-14T11:26:49.687+0000] {processor.py:840} INFO - DAG(s) 'example_dag_decorator' retrieved from /home/airflow/.local/lib/python3.8/site-packages/airflow/example_dags/example_dag_decorator.py
[2024-03-14T11:26:49.800+0000] {logging_mixin.py:188} INFO - [2024-03-14T11:26:49.800+0000] {dag.py:3047} INFO - Sync 1 DAGs
[2024-03-14T11:26:49.804+0000] {logging_mixin.py:188} INFO - [2024-03-14T11:26:49.804+0000] {dag.py:3834} INFO - Setting next_dagrun for example_dag_decorator to None, run_after=None
[2024-03-14T11:26:49.810+0000] {processor.py:183} INFO - Processing /home/airflow/.local/lib/python3.8/site-packages/airflow/example_dags/example_dag_decorator.py took 0.164 seconds
[2024-03-14T11:27:20.127+0000] {processor.py:161} INFO - Started process (PID=3442) to work on /home/airflow/.local/lib/python3.8/site-packages/airflow/example_dags/example_dag_decorator.py
[2024-03-14T11:27:20.128+0000] {processor.py:830} INFO - Processing file /home/airflow/.local/lib/python3.8/site-packages/airflow/example_dags/example_dag_decorator.py for tasks to queue
[2024-03-14T11:27:20.129+0000] {logging_mixin.py:188} INFO - [2024-03-14T11:27:20.128+0000] {dagbag.py:540} INFO - Filling up the DagBag from /home/airflow/.local/lib/python3.8/site-packages/airflow/example_dags/example_dag_decorator.py
[2024-03-14T11:27:20.166+0000] {processor.py:840} INFO - DAG(s) 'example_dag_decorator' retrieved from /home/airflow/.local/lib/python3.8/site-packages/airflow/example_dags/example_dag_decorator.py
[2024-03-14T11:27:20.175+0000] {logging_mixin.py:188} INFO - [2024-03-14T11:27:20.175+0000] {dag.py:3047} INFO - Sync 1 DAGs
[2024-03-14T11:27:20.271+0000] {logging_mixin.py:188} INFO - [2024-03-14T11:27:20.271+0000] {dag.py:3834} INFO - Setting next_dagrun for example_dag_decorator to None, run_after=None
[2024-03-14T11:27:20.278+0000] {processor.py:183} INFO - Processing /home/airflow/.local/lib/python3.8/site-packages/airflow/example_dags/example_dag_decorator.py took 0.152 seconds
[2024-03-14T11:27:50.674+0000] {processor.py:161} INFO - Started process (PID=3502) to work on /home/airflow/.local/lib/python3.8/site-packages/airflow/example_dags/example_dag_decorator.py
[2024-03-14T11:27:50.675+0000] {processor.py:830} INFO - Processing file /home/airflow/.local/lib/python3.8/site-packages/airflow/example_dags/example_dag_decorator.py for tasks to queue
[2024-03-14T11:27:50.675+0000] {logging_mixin.py:188} INFO - [2024-03-14T11:27:50.675+0000] {dagbag.py:540} INFO - Filling up the DagBag from /home/airflow/.local/lib/python3.8/site-packages/airflow/example_dags/example_dag_decorator.py
[2024-03-14T11:27:50.713+0000] {processor.py:840} INFO - DAG(s) 'example_dag_decorator' retrieved from /home/airflow/.local/lib/python3.8/site-packages/airflow/example_dags/example_dag_decorator.py
[2024-03-14T11:27:50.724+0000] {logging_mixin.py:188} INFO - [2024-03-14T11:27:50.724+0000] {dag.py:3047} INFO - Sync 1 DAGs
[2024-03-14T11:27:50.730+0000] {logging_mixin.py:188} INFO - [2024-03-14T11:27:50.730+0000] {dag.py:3834} INFO - Setting next_dagrun for example_dag_decorator to None, run_after=None
[2024-03-14T11:27:50.827+0000] {processor.py:183} INFO - Processing /home/airflow/.local/lib/python3.8/site-packages/airflow/example_dags/example_dag_decorator.py took 0.155 seconds
[2024-03-14T11:28:21.333+0000] {processor.py:161} INFO - Started process (PID=3557) to work on /home/airflow/.local/lib/python3.8/site-packages/airflow/example_dags/example_dag_decorator.py
[2024-03-14T11:28:21.335+0000] {processor.py:830} INFO - Processing file /home/airflow/.local/lib/python3.8/site-packages/airflow/example_dags/example_dag_decorator.py for tasks to queue
[2024-03-14T11:28:21.336+0000] {logging_mixin.py:188} INFO - [2024-03-14T11:28:21.336+0000] {dagbag.py:540} INFO - Filling up the DagBag from /home/airflow/.local/lib/python3.8/site-packages/airflow/example_dags/example_dag_decorator.py
[2024-03-14T11:28:21.473+0000] {processor.py:840} INFO - DAG(s) 'example_dag_decorator' retrieved from /home/airflow/.local/lib/python3.8/site-packages/airflow/example_dags/example_dag_decorator.py
[2024-03-14T11:28:21.513+0000] {logging_mixin.py:188} INFO - [2024-03-14T11:28:21.513+0000] {dag.py:3047} INFO - Sync 1 DAGs
[2024-03-14T11:28:21.518+0000] {logging_mixin.py:188} INFO - [2024-03-14T11:28:21.518+0000] {dag.py:3834} INFO - Setting next_dagrun for example_dag_decorator to None, run_after=None
[2024-03-14T11:28:21.525+0000] {processor.py:183} INFO - Processing /home/airflow/.local/lib/python3.8/site-packages/airflow/example_dags/example_dag_decorator.py took 0.194 seconds
[2024-03-14T11:28:51.727+0000] {processor.py:161} INFO - Started process (PID=3612) to work on /home/airflow/.local/lib/python3.8/site-packages/airflow/example_dags/example_dag_decorator.py
[2024-03-14T11:28:51.728+0000] {processor.py:830} INFO - Processing file /home/airflow/.local/lib/python3.8/site-packages/airflow/example_dags/example_dag_decorator.py for tasks to queue
[2024-03-14T11:28:51.729+0000] {logging_mixin.py:188} INFO - [2024-03-14T11:28:51.729+0000] {dagbag.py:540} INFO - Filling up the DagBag from /home/airflow/.local/lib/python3.8/site-packages/airflow/example_dags/example_dag_decorator.py
[2024-03-14T11:28:51.858+0000] {processor.py:840} INFO - DAG(s) 'example_dag_decorator' retrieved from /home/airflow/.local/lib/python3.8/site-packages/airflow/example_dags/example_dag_decorator.py
[2024-03-14T11:28:51.901+0000] {logging_mixin.py:188} INFO - [2024-03-14T11:28:51.901+0000] {dag.py:3047} INFO - Sync 1 DAGs
[2024-03-14T11:28:51.905+0000] {logging_mixin.py:188} INFO - [2024-03-14T11:28:51.905+0000] {dag.py:3834} INFO - Setting next_dagrun for example_dag_decorator to None, run_after=None
[2024-03-14T11:28:51.914+0000] {processor.py:183} INFO - Processing /home/airflow/.local/lib/python3.8/site-packages/airflow/example_dags/example_dag_decorator.py took 0.188 seconds
