[2024-03-14T10:55:53.946+0000] {processor.py:161} INFO - Started process (PID=36) to work on /home/airflow/.local/lib/python3.8/site-packages/airflow/example_dags/tutorial_objectstorage.py
[2024-03-14T10:55:53.947+0000] {processor.py:830} INFO - Processing file /home/airflow/.local/lib/python3.8/site-packages/airflow/example_dags/tutorial_objectstorage.py for tasks to queue
[2024-03-14T10:55:53.948+0000] {logging_mixin.py:188} INFO - [2024-03-14T10:55:53.947+0000] {dagbag.py:540} INFO - Filling up the DagBag from /home/airflow/.local/lib/python3.8/site-packages/airflow/example_dags/tutorial_objectstorage.py
[2024-03-14T10:55:53.952+0000] {processor.py:840} INFO - DAG(s) 'tutorial_objectstorage' retrieved from /home/airflow/.local/lib/python3.8/site-packages/airflow/example_dags/tutorial_objectstorage.py
[2024-03-14T10:55:53.958+0000] {logging_mixin.py:188} INFO - [2024-03-14T10:55:53.958+0000] {dag.py:3047} INFO - Sync 1 DAGs
[2024-03-14T10:55:53.964+0000] {logging_mixin.py:188} INFO - [2024-03-14T10:55:53.964+0000] {dag.py:3834} INFO - Setting next_dagrun for tutorial_objectstorage to None, run_after=None
[2024-03-14T10:55:53.972+0000] {processor.py:183} INFO - Processing /home/airflow/.local/lib/python3.8/site-packages/airflow/example_dags/tutorial_objectstorage.py took 0.027 seconds
[2024-03-14T10:56:24.062+0000] {processor.py:161} INFO - Started process (PID=91) to work on /home/airflow/.local/lib/python3.8/site-packages/airflow/example_dags/tutorial_objectstorage.py
[2024-03-14T10:56:24.062+0000] {processor.py:830} INFO - Processing file /home/airflow/.local/lib/python3.8/site-packages/airflow/example_dags/tutorial_objectstorage.py for tasks to queue
[2024-03-14T10:56:24.063+0000] {logging_mixin.py:188} INFO - [2024-03-14T10:56:24.063+0000] {dagbag.py:540} INFO - Filling up the DagBag from /home/airflow/.local/lib/python3.8/site-packages/airflow/example_dags/tutorial_objectstorage.py
[2024-03-14T10:56:24.066+0000] {processor.py:840} INFO - DAG(s) 'tutorial_objectstorage' retrieved from /home/airflow/.local/lib/python3.8/site-packages/airflow/example_dags/tutorial_objectstorage.py
[2024-03-14T10:56:24.106+0000] {logging_mixin.py:188} INFO - [2024-03-14T10:56:24.106+0000] {dag.py:3047} INFO - Sync 1 DAGs
[2024-03-14T10:56:24.111+0000] {logging_mixin.py:188} INFO - [2024-03-14T10:56:24.111+0000] {dag.py:3834} INFO - Setting next_dagrun for tutorial_objectstorage to None, run_after=None
[2024-03-14T10:56:24.119+0000] {processor.py:183} INFO - Processing /home/airflow/.local/lib/python3.8/site-packages/airflow/example_dags/tutorial_objectstorage.py took 0.058 seconds
[2024-03-14T10:56:54.171+0000] {processor.py:161} INFO - Started process (PID=146) to work on /home/airflow/.local/lib/python3.8/site-packages/airflow/example_dags/tutorial_objectstorage.py
[2024-03-14T10:56:54.172+0000] {processor.py:830} INFO - Processing file /home/airflow/.local/lib/python3.8/site-packages/airflow/example_dags/tutorial_objectstorage.py for tasks to queue
[2024-03-14T10:56:54.174+0000] {logging_mixin.py:188} INFO - [2024-03-14T10:56:54.173+0000] {dagbag.py:540} INFO - Filling up the DagBag from /home/airflow/.local/lib/python3.8/site-packages/airflow/example_dags/tutorial_objectstorage.py
[2024-03-14T10:56:54.180+0000] {processor.py:840} INFO - DAG(s) 'tutorial_objectstorage' retrieved from /home/airflow/.local/lib/python3.8/site-packages/airflow/example_dags/tutorial_objectstorage.py
[2024-03-14T10:56:54.196+0000] {logging_mixin.py:188} INFO - [2024-03-14T10:56:54.196+0000] {dag.py:3047} INFO - Sync 1 DAGs
[2024-03-14T10:56:54.204+0000] {logging_mixin.py:188} INFO - [2024-03-14T10:56:54.204+0000] {dag.py:3834} INFO - Setting next_dagrun for tutorial_objectstorage to None, run_after=None
[2024-03-14T10:56:54.218+0000] {processor.py:183} INFO - Processing /home/airflow/.local/lib/python3.8/site-packages/airflow/example_dags/tutorial_objectstorage.py took 0.049 seconds
[2024-03-14T10:57:25.030+0000] {processor.py:161} INFO - Started process (PID=200) to work on /home/airflow/.local/lib/python3.8/site-packages/airflow/example_dags/tutorial_objectstorage.py
[2024-03-14T10:57:25.031+0000] {processor.py:830} INFO - Processing file /home/airflow/.local/lib/python3.8/site-packages/airflow/example_dags/tutorial_objectstorage.py for tasks to queue
[2024-03-14T10:57:25.032+0000] {logging_mixin.py:188} INFO - [2024-03-14T10:57:25.031+0000] {dagbag.py:540} INFO - Filling up the DagBag from /home/airflow/.local/lib/python3.8/site-packages/airflow/example_dags/tutorial_objectstorage.py
[2024-03-14T10:57:25.035+0000] {processor.py:840} INFO - DAG(s) 'tutorial_objectstorage' retrieved from /home/airflow/.local/lib/python3.8/site-packages/airflow/example_dags/tutorial_objectstorage.py
[2024-03-14T10:57:25.045+0000] {logging_mixin.py:188} INFO - [2024-03-14T10:57:25.045+0000] {dag.py:3047} INFO - Sync 1 DAGs
[2024-03-14T10:57:25.051+0000] {logging_mixin.py:188} INFO - [2024-03-14T10:57:25.051+0000] {dag.py:3834} INFO - Setting next_dagrun for tutorial_objectstorage to None, run_after=None
[2024-03-14T10:57:25.060+0000] {processor.py:183} INFO - Processing /home/airflow/.local/lib/python3.8/site-packages/airflow/example_dags/tutorial_objectstorage.py took 0.031 seconds
[2024-03-14T10:57:55.457+0000] {processor.py:161} INFO - Started process (PID=255) to work on /home/airflow/.local/lib/python3.8/site-packages/airflow/example_dags/tutorial_objectstorage.py
[2024-03-14T10:57:55.459+0000] {processor.py:830} INFO - Processing file /home/airflow/.local/lib/python3.8/site-packages/airflow/example_dags/tutorial_objectstorage.py for tasks to queue
[2024-03-14T10:57:55.460+0000] {logging_mixin.py:188} INFO - [2024-03-14T10:57:55.460+0000] {dagbag.py:540} INFO - Filling up the DagBag from /home/airflow/.local/lib/python3.8/site-packages/airflow/example_dags/tutorial_objectstorage.py
[2024-03-14T10:57:55.463+0000] {processor.py:840} INFO - DAG(s) 'tutorial_objectstorage' retrieved from /home/airflow/.local/lib/python3.8/site-packages/airflow/example_dags/tutorial_objectstorage.py
[2024-03-14T10:57:55.472+0000] {logging_mixin.py:188} INFO - [2024-03-14T10:57:55.472+0000] {dag.py:3047} INFO - Sync 1 DAGs
[2024-03-14T10:57:55.477+0000] {logging_mixin.py:188} INFO - [2024-03-14T10:57:55.477+0000] {dag.py:3834} INFO - Setting next_dagrun for tutorial_objectstorage to None, run_after=None
[2024-03-14T10:57:55.484+0000] {processor.py:183} INFO - Processing /home/airflow/.local/lib/python3.8/site-packages/airflow/example_dags/tutorial_objectstorage.py took 0.029 seconds
[2024-03-14T10:58:25.806+0000] {processor.py:161} INFO - Started process (PID=310) to work on /home/airflow/.local/lib/python3.8/site-packages/airflow/example_dags/tutorial_objectstorage.py
[2024-03-14T10:58:25.806+0000] {processor.py:830} INFO - Processing file /home/airflow/.local/lib/python3.8/site-packages/airflow/example_dags/tutorial_objectstorage.py for tasks to queue
[2024-03-14T10:58:25.807+0000] {logging_mixin.py:188} INFO - [2024-03-14T10:58:25.807+0000] {dagbag.py:540} INFO - Filling up the DagBag from /home/airflow/.local/lib/python3.8/site-packages/airflow/example_dags/tutorial_objectstorage.py
[2024-03-14T10:58:25.811+0000] {processor.py:840} INFO - DAG(s) 'tutorial_objectstorage' retrieved from /home/airflow/.local/lib/python3.8/site-packages/airflow/example_dags/tutorial_objectstorage.py
[2024-03-14T10:58:25.819+0000] {logging_mixin.py:188} INFO - [2024-03-14T10:58:25.819+0000] {dag.py:3047} INFO - Sync 1 DAGs
[2024-03-14T10:58:25.824+0000] {logging_mixin.py:188} INFO - [2024-03-14T10:58:25.824+0000] {dag.py:3834} INFO - Setting next_dagrun for tutorial_objectstorage to None, run_after=None
[2024-03-14T10:58:25.832+0000] {processor.py:183} INFO - Processing /home/airflow/.local/lib/python3.8/site-packages/airflow/example_dags/tutorial_objectstorage.py took 0.027 seconds
[2024-03-14T10:58:56.123+0000] {processor.py:161} INFO - Started process (PID=365) to work on /home/airflow/.local/lib/python3.8/site-packages/airflow/example_dags/tutorial_objectstorage.py
[2024-03-14T10:58:56.123+0000] {processor.py:830} INFO - Processing file /home/airflow/.local/lib/python3.8/site-packages/airflow/example_dags/tutorial_objectstorage.py for tasks to queue
[2024-03-14T10:58:56.124+0000] {logging_mixin.py:188} INFO - [2024-03-14T10:58:56.124+0000] {dagbag.py:540} INFO - Filling up the DagBag from /home/airflow/.local/lib/python3.8/site-packages/airflow/example_dags/tutorial_objectstorage.py
[2024-03-14T10:58:56.128+0000] {processor.py:840} INFO - DAG(s) 'tutorial_objectstorage' retrieved from /home/airflow/.local/lib/python3.8/site-packages/airflow/example_dags/tutorial_objectstorage.py
[2024-03-14T10:58:56.136+0000] {logging_mixin.py:188} INFO - [2024-03-14T10:58:56.136+0000] {dag.py:3047} INFO - Sync 1 DAGs
[2024-03-14T10:58:56.141+0000] {logging_mixin.py:188} INFO - [2024-03-14T10:58:56.141+0000] {dag.py:3834} INFO - Setting next_dagrun for tutorial_objectstorage to None, run_after=None
[2024-03-14T10:58:56.148+0000] {processor.py:183} INFO - Processing /home/airflow/.local/lib/python3.8/site-packages/airflow/example_dags/tutorial_objectstorage.py took 0.027 seconds
[2024-03-14T10:59:26.531+0000] {processor.py:161} INFO - Started process (PID=420) to work on /home/airflow/.local/lib/python3.8/site-packages/airflow/example_dags/tutorial_objectstorage.py
[2024-03-14T10:59:26.533+0000] {processor.py:830} INFO - Processing file /home/airflow/.local/lib/python3.8/site-packages/airflow/example_dags/tutorial_objectstorage.py for tasks to queue
[2024-03-14T10:59:26.534+0000] {logging_mixin.py:188} INFO - [2024-03-14T10:59:26.534+0000] {dagbag.py:540} INFO - Filling up the DagBag from /home/airflow/.local/lib/python3.8/site-packages/airflow/example_dags/tutorial_objectstorage.py
[2024-03-14T10:59:26.537+0000] {processor.py:840} INFO - DAG(s) 'tutorial_objectstorage' retrieved from /home/airflow/.local/lib/python3.8/site-packages/airflow/example_dags/tutorial_objectstorage.py
[2024-03-14T10:59:26.547+0000] {logging_mixin.py:188} INFO - [2024-03-14T10:59:26.547+0000] {dag.py:3047} INFO - Sync 1 DAGs
[2024-03-14T10:59:26.552+0000] {logging_mixin.py:188} INFO - [2024-03-14T10:59:26.552+0000] {dag.py:3834} INFO - Setting next_dagrun for tutorial_objectstorage to None, run_after=None
[2024-03-14T10:59:26.561+0000] {processor.py:183} INFO - Processing /home/airflow/.local/lib/python3.8/site-packages/airflow/example_dags/tutorial_objectstorage.py took 0.031 seconds
[2024-03-14T10:59:56.897+0000] {processor.py:161} INFO - Started process (PID=475) to work on /home/airflow/.local/lib/python3.8/site-packages/airflow/example_dags/tutorial_objectstorage.py
[2024-03-14T10:59:56.897+0000] {processor.py:830} INFO - Processing file /home/airflow/.local/lib/python3.8/site-packages/airflow/example_dags/tutorial_objectstorage.py for tasks to queue
[2024-03-14T10:59:56.898+0000] {logging_mixin.py:188} INFO - [2024-03-14T10:59:56.898+0000] {dagbag.py:540} INFO - Filling up the DagBag from /home/airflow/.local/lib/python3.8/site-packages/airflow/example_dags/tutorial_objectstorage.py
[2024-03-14T10:59:56.901+0000] {processor.py:840} INFO - DAG(s) 'tutorial_objectstorage' retrieved from /home/airflow/.local/lib/python3.8/site-packages/airflow/example_dags/tutorial_objectstorage.py
[2024-03-14T10:59:56.909+0000] {logging_mixin.py:188} INFO - [2024-03-14T10:59:56.909+0000] {dag.py:3047} INFO - Sync 1 DAGs
[2024-03-14T10:59:56.913+0000] {logging_mixin.py:188} INFO - [2024-03-14T10:59:56.913+0000] {dag.py:3834} INFO - Setting next_dagrun for tutorial_objectstorage to None, run_after=None
[2024-03-14T10:59:56.920+0000] {processor.py:183} INFO - Processing /home/airflow/.local/lib/python3.8/site-packages/airflow/example_dags/tutorial_objectstorage.py took 0.025 seconds
[2024-03-14T11:00:27.328+0000] {processor.py:161} INFO - Started process (PID=529) to work on /home/airflow/.local/lib/python3.8/site-packages/airflow/example_dags/tutorial_objectstorage.py
[2024-03-14T11:00:27.328+0000] {processor.py:830} INFO - Processing file /home/airflow/.local/lib/python3.8/site-packages/airflow/example_dags/tutorial_objectstorage.py for tasks to queue
[2024-03-14T11:00:27.329+0000] {logging_mixin.py:188} INFO - [2024-03-14T11:00:27.329+0000] {dagbag.py:540} INFO - Filling up the DagBag from /home/airflow/.local/lib/python3.8/site-packages/airflow/example_dags/tutorial_objectstorage.py
[2024-03-14T11:00:27.333+0000] {processor.py:840} INFO - DAG(s) 'tutorial_objectstorage' retrieved from /home/airflow/.local/lib/python3.8/site-packages/airflow/example_dags/tutorial_objectstorage.py
[2024-03-14T11:00:27.341+0000] {logging_mixin.py:188} INFO - [2024-03-14T11:00:27.341+0000] {dag.py:3047} INFO - Sync 1 DAGs
[2024-03-14T11:00:27.346+0000] {logging_mixin.py:188} INFO - [2024-03-14T11:00:27.346+0000] {dag.py:3834} INFO - Setting next_dagrun for tutorial_objectstorage to None, run_after=None
[2024-03-14T11:00:27.353+0000] {processor.py:183} INFO - Processing /home/airflow/.local/lib/python3.8/site-packages/airflow/example_dags/tutorial_objectstorage.py took 0.027 seconds
[2024-03-14T11:00:57.749+0000] {processor.py:161} INFO - Started process (PID=584) to work on /home/airflow/.local/lib/python3.8/site-packages/airflow/example_dags/tutorial_objectstorage.py
[2024-03-14T11:00:57.749+0000] {processor.py:830} INFO - Processing file /home/airflow/.local/lib/python3.8/site-packages/airflow/example_dags/tutorial_objectstorage.py for tasks to queue
[2024-03-14T11:00:57.750+0000] {logging_mixin.py:188} INFO - [2024-03-14T11:00:57.750+0000] {dagbag.py:540} INFO - Filling up the DagBag from /home/airflow/.local/lib/python3.8/site-packages/airflow/example_dags/tutorial_objectstorage.py
[2024-03-14T11:00:57.754+0000] {processor.py:840} INFO - DAG(s) 'tutorial_objectstorage' retrieved from /home/airflow/.local/lib/python3.8/site-packages/airflow/example_dags/tutorial_objectstorage.py
[2024-03-14T11:00:57.762+0000] {logging_mixin.py:188} INFO - [2024-03-14T11:00:57.762+0000] {dag.py:3047} INFO - Sync 1 DAGs
[2024-03-14T11:00:57.767+0000] {logging_mixin.py:188} INFO - [2024-03-14T11:00:57.767+0000] {dag.py:3834} INFO - Setting next_dagrun for tutorial_objectstorage to None, run_after=None
[2024-03-14T11:00:57.776+0000] {processor.py:183} INFO - Processing /home/airflow/.local/lib/python3.8/site-packages/airflow/example_dags/tutorial_objectstorage.py took 0.029 seconds
[2024-03-14T11:01:28.170+0000] {processor.py:161} INFO - Started process (PID=638) to work on /home/airflow/.local/lib/python3.8/site-packages/airflow/example_dags/tutorial_objectstorage.py
[2024-03-14T11:01:28.171+0000] {processor.py:830} INFO - Processing file /home/airflow/.local/lib/python3.8/site-packages/airflow/example_dags/tutorial_objectstorage.py for tasks to queue
[2024-03-14T11:01:28.172+0000] {logging_mixin.py:188} INFO - [2024-03-14T11:01:28.172+0000] {dagbag.py:540} INFO - Filling up the DagBag from /home/airflow/.local/lib/python3.8/site-packages/airflow/example_dags/tutorial_objectstorage.py
[2024-03-14T11:01:28.175+0000] {processor.py:840} INFO - DAG(s) 'tutorial_objectstorage' retrieved from /home/airflow/.local/lib/python3.8/site-packages/airflow/example_dags/tutorial_objectstorage.py
[2024-03-14T11:01:28.185+0000] {logging_mixin.py:188} INFO - [2024-03-14T11:01:28.185+0000] {dag.py:3047} INFO - Sync 1 DAGs
[2024-03-14T11:01:28.190+0000] {logging_mixin.py:188} INFO - [2024-03-14T11:01:28.190+0000] {dag.py:3834} INFO - Setting next_dagrun for tutorial_objectstorage to None, run_after=None
[2024-03-14T11:01:28.201+0000] {processor.py:183} INFO - Processing /home/airflow/.local/lib/python3.8/site-packages/airflow/example_dags/tutorial_objectstorage.py took 0.032 seconds
[2024-03-14T11:01:58.716+0000] {processor.py:161} INFO - Started process (PID=693) to work on /home/airflow/.local/lib/python3.8/site-packages/airflow/example_dags/tutorial_objectstorage.py
[2024-03-14T11:01:58.717+0000] {processor.py:830} INFO - Processing file /home/airflow/.local/lib/python3.8/site-packages/airflow/example_dags/tutorial_objectstorage.py for tasks to queue
[2024-03-14T11:01:58.718+0000] {logging_mixin.py:188} INFO - [2024-03-14T11:01:58.718+0000] {dagbag.py:540} INFO - Filling up the DagBag from /home/airflow/.local/lib/python3.8/site-packages/airflow/example_dags/tutorial_objectstorage.py
[2024-03-14T11:01:58.721+0000] {processor.py:840} INFO - DAG(s) 'tutorial_objectstorage' retrieved from /home/airflow/.local/lib/python3.8/site-packages/airflow/example_dags/tutorial_objectstorage.py
[2024-03-14T11:01:58.730+0000] {logging_mixin.py:188} INFO - [2024-03-14T11:01:58.730+0000] {dag.py:3047} INFO - Sync 1 DAGs
[2024-03-14T11:01:58.735+0000] {logging_mixin.py:188} INFO - [2024-03-14T11:01:58.735+0000] {dag.py:3834} INFO - Setting next_dagrun for tutorial_objectstorage to None, run_after=None
[2024-03-14T11:01:58.742+0000] {processor.py:183} INFO - Processing /home/airflow/.local/lib/python3.8/site-packages/airflow/example_dags/tutorial_objectstorage.py took 0.028 seconds
[2024-03-14T11:02:29.210+0000] {processor.py:161} INFO - Started process (PID=749) to work on /home/airflow/.local/lib/python3.8/site-packages/airflow/example_dags/tutorial_objectstorage.py
[2024-03-14T11:02:29.211+0000] {processor.py:830} INFO - Processing file /home/airflow/.local/lib/python3.8/site-packages/airflow/example_dags/tutorial_objectstorage.py for tasks to queue
[2024-03-14T11:02:29.212+0000] {logging_mixin.py:188} INFO - [2024-03-14T11:02:29.211+0000] {dagbag.py:540} INFO - Filling up the DagBag from /home/airflow/.local/lib/python3.8/site-packages/airflow/example_dags/tutorial_objectstorage.py
[2024-03-14T11:02:29.215+0000] {processor.py:840} INFO - DAG(s) 'tutorial_objectstorage' retrieved from /home/airflow/.local/lib/python3.8/site-packages/airflow/example_dags/tutorial_objectstorage.py
[2024-03-14T11:02:29.223+0000] {logging_mixin.py:188} INFO - [2024-03-14T11:02:29.223+0000] {dag.py:3047} INFO - Sync 1 DAGs
[2024-03-14T11:02:29.229+0000] {logging_mixin.py:188} INFO - [2024-03-14T11:02:29.229+0000] {dag.py:3834} INFO - Setting next_dagrun for tutorial_objectstorage to None, run_after=None
[2024-03-14T11:02:29.236+0000] {processor.py:183} INFO - Processing /home/airflow/.local/lib/python3.8/site-packages/airflow/example_dags/tutorial_objectstorage.py took 0.027 seconds
[2024-03-14T11:02:59.820+0000] {processor.py:161} INFO - Started process (PID=804) to work on /home/airflow/.local/lib/python3.8/site-packages/airflow/example_dags/tutorial_objectstorage.py
[2024-03-14T11:02:59.820+0000] {processor.py:830} INFO - Processing file /home/airflow/.local/lib/python3.8/site-packages/airflow/example_dags/tutorial_objectstorage.py for tasks to queue
[2024-03-14T11:02:59.821+0000] {logging_mixin.py:188} INFO - [2024-03-14T11:02:59.821+0000] {dagbag.py:540} INFO - Filling up the DagBag from /home/airflow/.local/lib/python3.8/site-packages/airflow/example_dags/tutorial_objectstorage.py
[2024-03-14T11:02:59.826+0000] {processor.py:840} INFO - DAG(s) 'tutorial_objectstorage' retrieved from /home/airflow/.local/lib/python3.8/site-packages/airflow/example_dags/tutorial_objectstorage.py
[2024-03-14T11:02:59.836+0000] {logging_mixin.py:188} INFO - [2024-03-14T11:02:59.836+0000] {dag.py:3047} INFO - Sync 1 DAGs
[2024-03-14T11:02:59.842+0000] {logging_mixin.py:188} INFO - [2024-03-14T11:02:59.841+0000] {dag.py:3834} INFO - Setting next_dagrun for tutorial_objectstorage to None, run_after=None
[2024-03-14T11:02:59.850+0000] {processor.py:183} INFO - Processing /home/airflow/.local/lib/python3.8/site-packages/airflow/example_dags/tutorial_objectstorage.py took 0.032 seconds
[2024-03-14T11:03:30.273+0000] {processor.py:161} INFO - Started process (PID=859) to work on /home/airflow/.local/lib/python3.8/site-packages/airflow/example_dags/tutorial_objectstorage.py
[2024-03-14T11:03:30.274+0000] {processor.py:830} INFO - Processing file /home/airflow/.local/lib/python3.8/site-packages/airflow/example_dags/tutorial_objectstorage.py for tasks to queue
[2024-03-14T11:03:30.275+0000] {logging_mixin.py:188} INFO - [2024-03-14T11:03:30.275+0000] {dagbag.py:540} INFO - Filling up the DagBag from /home/airflow/.local/lib/python3.8/site-packages/airflow/example_dags/tutorial_objectstorage.py
[2024-03-14T11:03:30.278+0000] {processor.py:840} INFO - DAG(s) 'tutorial_objectstorage' retrieved from /home/airflow/.local/lib/python3.8/site-packages/airflow/example_dags/tutorial_objectstorage.py
[2024-03-14T11:03:30.287+0000] {logging_mixin.py:188} INFO - [2024-03-14T11:03:30.287+0000] {dag.py:3047} INFO - Sync 1 DAGs
[2024-03-14T11:03:30.292+0000] {logging_mixin.py:188} INFO - [2024-03-14T11:03:30.292+0000] {dag.py:3834} INFO - Setting next_dagrun for tutorial_objectstorage to None, run_after=None
[2024-03-14T11:03:30.300+0000] {processor.py:183} INFO - Processing /home/airflow/.local/lib/python3.8/site-packages/airflow/example_dags/tutorial_objectstorage.py took 0.028 seconds
[2024-03-14T11:04:00.662+0000] {processor.py:161} INFO - Started process (PID=914) to work on /home/airflow/.local/lib/python3.8/site-packages/airflow/example_dags/tutorial_objectstorage.py
[2024-03-14T11:04:00.663+0000] {processor.py:830} INFO - Processing file /home/airflow/.local/lib/python3.8/site-packages/airflow/example_dags/tutorial_objectstorage.py for tasks to queue
[2024-03-14T11:04:00.664+0000] {logging_mixin.py:188} INFO - [2024-03-14T11:04:00.664+0000] {dagbag.py:540} INFO - Filling up the DagBag from /home/airflow/.local/lib/python3.8/site-packages/airflow/example_dags/tutorial_objectstorage.py
[2024-03-14T11:04:00.667+0000] {processor.py:840} INFO - DAG(s) 'tutorial_objectstorage' retrieved from /home/airflow/.local/lib/python3.8/site-packages/airflow/example_dags/tutorial_objectstorage.py
[2024-03-14T11:04:00.678+0000] {logging_mixin.py:188} INFO - [2024-03-14T11:04:00.678+0000] {dag.py:3047} INFO - Sync 1 DAGs
[2024-03-14T11:04:00.683+0000] {logging_mixin.py:188} INFO - [2024-03-14T11:04:00.683+0000] {dag.py:3834} INFO - Setting next_dagrun for tutorial_objectstorage to None, run_after=None
[2024-03-14T11:04:00.691+0000] {processor.py:183} INFO - Processing /home/airflow/.local/lib/python3.8/site-packages/airflow/example_dags/tutorial_objectstorage.py took 0.030 seconds
[2024-03-14T11:04:31.068+0000] {processor.py:161} INFO - Started process (PID=969) to work on /home/airflow/.local/lib/python3.8/site-packages/airflow/example_dags/tutorial_objectstorage.py
[2024-03-14T11:04:31.069+0000] {processor.py:830} INFO - Processing file /home/airflow/.local/lib/python3.8/site-packages/airflow/example_dags/tutorial_objectstorage.py for tasks to queue
[2024-03-14T11:04:31.069+0000] {logging_mixin.py:188} INFO - [2024-03-14T11:04:31.069+0000] {dagbag.py:540} INFO - Filling up the DagBag from /home/airflow/.local/lib/python3.8/site-packages/airflow/example_dags/tutorial_objectstorage.py
[2024-03-14T11:04:31.073+0000] {processor.py:840} INFO - DAG(s) 'tutorial_objectstorage' retrieved from /home/airflow/.local/lib/python3.8/site-packages/airflow/example_dags/tutorial_objectstorage.py
[2024-03-14T11:04:31.081+0000] {logging_mixin.py:188} INFO - [2024-03-14T11:04:31.081+0000] {dag.py:3047} INFO - Sync 1 DAGs
[2024-03-14T11:04:31.087+0000] {logging_mixin.py:188} INFO - [2024-03-14T11:04:31.087+0000] {dag.py:3834} INFO - Setting next_dagrun for tutorial_objectstorage to None, run_after=None
[2024-03-14T11:04:31.094+0000] {processor.py:183} INFO - Processing /home/airflow/.local/lib/python3.8/site-packages/airflow/example_dags/tutorial_objectstorage.py took 0.028 seconds
[2024-03-14T11:05:01.500+0000] {processor.py:161} INFO - Started process (PID=1024) to work on /home/airflow/.local/lib/python3.8/site-packages/airflow/example_dags/tutorial_objectstorage.py
[2024-03-14T11:05:01.501+0000] {processor.py:830} INFO - Processing file /home/airflow/.local/lib/python3.8/site-packages/airflow/example_dags/tutorial_objectstorage.py for tasks to queue
[2024-03-14T11:05:01.502+0000] {logging_mixin.py:188} INFO - [2024-03-14T11:05:01.501+0000] {dagbag.py:540} INFO - Filling up the DagBag from /home/airflow/.local/lib/python3.8/site-packages/airflow/example_dags/tutorial_objectstorage.py
[2024-03-14T11:05:01.505+0000] {processor.py:840} INFO - DAG(s) 'tutorial_objectstorage' retrieved from /home/airflow/.local/lib/python3.8/site-packages/airflow/example_dags/tutorial_objectstorage.py
[2024-03-14T11:05:01.513+0000] {logging_mixin.py:188} INFO - [2024-03-14T11:05:01.513+0000] {dag.py:3047} INFO - Sync 1 DAGs
[2024-03-14T11:05:01.519+0000] {logging_mixin.py:188} INFO - [2024-03-14T11:05:01.518+0000] {dag.py:3834} INFO - Setting next_dagrun for tutorial_objectstorage to None, run_after=None
[2024-03-14T11:05:01.526+0000] {processor.py:183} INFO - Processing /home/airflow/.local/lib/python3.8/site-packages/airflow/example_dags/tutorial_objectstorage.py took 0.028 seconds
[2024-03-14T11:05:31.959+0000] {processor.py:161} INFO - Started process (PID=1079) to work on /home/airflow/.local/lib/python3.8/site-packages/airflow/example_dags/tutorial_objectstorage.py
[2024-03-14T11:05:31.960+0000] {processor.py:830} INFO - Processing file /home/airflow/.local/lib/python3.8/site-packages/airflow/example_dags/tutorial_objectstorage.py for tasks to queue
[2024-03-14T11:05:31.961+0000] {logging_mixin.py:188} INFO - [2024-03-14T11:05:31.961+0000] {dagbag.py:540} INFO - Filling up the DagBag from /home/airflow/.local/lib/python3.8/site-packages/airflow/example_dags/tutorial_objectstorage.py
[2024-03-14T11:05:31.964+0000] {processor.py:840} INFO - DAG(s) 'tutorial_objectstorage' retrieved from /home/airflow/.local/lib/python3.8/site-packages/airflow/example_dags/tutorial_objectstorage.py
[2024-03-14T11:05:31.972+0000] {logging_mixin.py:188} INFO - [2024-03-14T11:05:31.972+0000] {dag.py:3047} INFO - Sync 1 DAGs
[2024-03-14T11:05:31.977+0000] {logging_mixin.py:188} INFO - [2024-03-14T11:05:31.977+0000] {dag.py:3834} INFO - Setting next_dagrun for tutorial_objectstorage to None, run_after=None
[2024-03-14T11:05:31.985+0000] {processor.py:183} INFO - Processing /home/airflow/.local/lib/python3.8/site-packages/airflow/example_dags/tutorial_objectstorage.py took 0.027 seconds
[2024-03-14T11:06:02.420+0000] {processor.py:161} INFO - Started process (PID=1134) to work on /home/airflow/.local/lib/python3.8/site-packages/airflow/example_dags/tutorial_objectstorage.py
[2024-03-14T11:06:02.421+0000] {processor.py:830} INFO - Processing file /home/airflow/.local/lib/python3.8/site-packages/airflow/example_dags/tutorial_objectstorage.py for tasks to queue
[2024-03-14T11:06:02.422+0000] {logging_mixin.py:188} INFO - [2024-03-14T11:06:02.422+0000] {dagbag.py:540} INFO - Filling up the DagBag from /home/airflow/.local/lib/python3.8/site-packages/airflow/example_dags/tutorial_objectstorage.py
[2024-03-14T11:06:02.425+0000] {processor.py:840} INFO - DAG(s) 'tutorial_objectstorage' retrieved from /home/airflow/.local/lib/python3.8/site-packages/airflow/example_dags/tutorial_objectstorage.py
[2024-03-14T11:06:02.434+0000] {logging_mixin.py:188} INFO - [2024-03-14T11:06:02.433+0000] {dag.py:3047} INFO - Sync 1 DAGs
[2024-03-14T11:06:02.439+0000] {logging_mixin.py:188} INFO - [2024-03-14T11:06:02.439+0000] {dag.py:3834} INFO - Setting next_dagrun for tutorial_objectstorage to None, run_after=None
[2024-03-14T11:06:02.446+0000] {processor.py:183} INFO - Processing /home/airflow/.local/lib/python3.8/site-packages/airflow/example_dags/tutorial_objectstorage.py took 0.028 seconds
[2024-03-14T11:06:32.850+0000] {processor.py:161} INFO - Started process (PID=1189) to work on /home/airflow/.local/lib/python3.8/site-packages/airflow/example_dags/tutorial_objectstorage.py
[2024-03-14T11:06:32.851+0000] {processor.py:830} INFO - Processing file /home/airflow/.local/lib/python3.8/site-packages/airflow/example_dags/tutorial_objectstorage.py for tasks to queue
[2024-03-14T11:06:32.852+0000] {logging_mixin.py:188} INFO - [2024-03-14T11:06:32.852+0000] {dagbag.py:540} INFO - Filling up the DagBag from /home/airflow/.local/lib/python3.8/site-packages/airflow/example_dags/tutorial_objectstorage.py
[2024-03-14T11:06:32.855+0000] {processor.py:840} INFO - DAG(s) 'tutorial_objectstorage' retrieved from /home/airflow/.local/lib/python3.8/site-packages/airflow/example_dags/tutorial_objectstorage.py
[2024-03-14T11:06:32.863+0000] {logging_mixin.py:188} INFO - [2024-03-14T11:06:32.863+0000] {dag.py:3047} INFO - Sync 1 DAGs
[2024-03-14T11:06:32.867+0000] {logging_mixin.py:188} INFO - [2024-03-14T11:06:32.867+0000] {dag.py:3834} INFO - Setting next_dagrun for tutorial_objectstorage to None, run_after=None
[2024-03-14T11:06:32.874+0000] {processor.py:183} INFO - Processing /home/airflow/.local/lib/python3.8/site-packages/airflow/example_dags/tutorial_objectstorage.py took 0.025 seconds
[2024-03-14T11:07:03.258+0000] {processor.py:161} INFO - Started process (PID=1243) to work on /home/airflow/.local/lib/python3.8/site-packages/airflow/example_dags/tutorial_objectstorage.py
[2024-03-14T11:07:03.259+0000] {processor.py:830} INFO - Processing file /home/airflow/.local/lib/python3.8/site-packages/airflow/example_dags/tutorial_objectstorage.py for tasks to queue
[2024-03-14T11:07:03.262+0000] {logging_mixin.py:188} INFO - [2024-03-14T11:07:03.262+0000] {dagbag.py:540} INFO - Filling up the DagBag from /home/airflow/.local/lib/python3.8/site-packages/airflow/example_dags/tutorial_objectstorage.py
[2024-03-14T11:07:03.265+0000] {processor.py:840} INFO - DAG(s) 'tutorial_objectstorage' retrieved from /home/airflow/.local/lib/python3.8/site-packages/airflow/example_dags/tutorial_objectstorage.py
[2024-03-14T11:07:03.273+0000] {logging_mixin.py:188} INFO - [2024-03-14T11:07:03.273+0000] {dag.py:3047} INFO - Sync 1 DAGs
[2024-03-14T11:07:03.278+0000] {logging_mixin.py:188} INFO - [2024-03-14T11:07:03.278+0000] {dag.py:3834} INFO - Setting next_dagrun for tutorial_objectstorage to None, run_after=None
[2024-03-14T11:07:03.285+0000] {processor.py:183} INFO - Processing /home/airflow/.local/lib/python3.8/site-packages/airflow/example_dags/tutorial_objectstorage.py took 0.029 seconds
[2024-03-14T11:07:33.702+0000] {processor.py:161} INFO - Started process (PID=1298) to work on /home/airflow/.local/lib/python3.8/site-packages/airflow/example_dags/tutorial_objectstorage.py
[2024-03-14T11:07:33.702+0000] {processor.py:830} INFO - Processing file /home/airflow/.local/lib/python3.8/site-packages/airflow/example_dags/tutorial_objectstorage.py for tasks to queue
[2024-03-14T11:07:33.703+0000] {logging_mixin.py:188} INFO - [2024-03-14T11:07:33.703+0000] {dagbag.py:540} INFO - Filling up the DagBag from /home/airflow/.local/lib/python3.8/site-packages/airflow/example_dags/tutorial_objectstorage.py
[2024-03-14T11:07:33.706+0000] {processor.py:840} INFO - DAG(s) 'tutorial_objectstorage' retrieved from /home/airflow/.local/lib/python3.8/site-packages/airflow/example_dags/tutorial_objectstorage.py
[2024-03-14T11:07:33.714+0000] {logging_mixin.py:188} INFO - [2024-03-14T11:07:33.714+0000] {dag.py:3047} INFO - Sync 1 DAGs
[2024-03-14T11:07:33.719+0000] {logging_mixin.py:188} INFO - [2024-03-14T11:07:33.719+0000] {dag.py:3834} INFO - Setting next_dagrun for tutorial_objectstorage to None, run_after=None
[2024-03-14T11:07:33.725+0000] {processor.py:183} INFO - Processing /home/airflow/.local/lib/python3.8/site-packages/airflow/example_dags/tutorial_objectstorage.py took 0.025 seconds
[2024-03-14T11:08:04.078+0000] {processor.py:161} INFO - Started process (PID=1353) to work on /home/airflow/.local/lib/python3.8/site-packages/airflow/example_dags/tutorial_objectstorage.py
[2024-03-14T11:08:04.078+0000] {processor.py:830} INFO - Processing file /home/airflow/.local/lib/python3.8/site-packages/airflow/example_dags/tutorial_objectstorage.py for tasks to queue
[2024-03-14T11:08:04.079+0000] {logging_mixin.py:188} INFO - [2024-03-14T11:08:04.079+0000] {dagbag.py:540} INFO - Filling up the DagBag from /home/airflow/.local/lib/python3.8/site-packages/airflow/example_dags/tutorial_objectstorage.py
[2024-03-14T11:08:04.082+0000] {processor.py:840} INFO - DAG(s) 'tutorial_objectstorage' retrieved from /home/airflow/.local/lib/python3.8/site-packages/airflow/example_dags/tutorial_objectstorage.py
[2024-03-14T11:08:04.091+0000] {logging_mixin.py:188} INFO - [2024-03-14T11:08:04.091+0000] {dag.py:3047} INFO - Sync 1 DAGs
[2024-03-14T11:08:04.096+0000] {logging_mixin.py:188} INFO - [2024-03-14T11:08:04.096+0000] {dag.py:3834} INFO - Setting next_dagrun for tutorial_objectstorage to None, run_after=None
[2024-03-14T11:08:04.103+0000] {processor.py:183} INFO - Processing /home/airflow/.local/lib/python3.8/site-packages/airflow/example_dags/tutorial_objectstorage.py took 0.027 seconds
[2024-03-14T11:08:34.366+0000] {processor.py:161} INFO - Started process (PID=1408) to work on /home/airflow/.local/lib/python3.8/site-packages/airflow/example_dags/tutorial_objectstorage.py
[2024-03-14T11:08:34.366+0000] {processor.py:830} INFO - Processing file /home/airflow/.local/lib/python3.8/site-packages/airflow/example_dags/tutorial_objectstorage.py for tasks to queue
[2024-03-14T11:08:34.367+0000] {logging_mixin.py:188} INFO - [2024-03-14T11:08:34.367+0000] {dagbag.py:540} INFO - Filling up the DagBag from /home/airflow/.local/lib/python3.8/site-packages/airflow/example_dags/tutorial_objectstorage.py
[2024-03-14T11:08:34.370+0000] {processor.py:840} INFO - DAG(s) 'tutorial_objectstorage' retrieved from /home/airflow/.local/lib/python3.8/site-packages/airflow/example_dags/tutorial_objectstorage.py
[2024-03-14T11:08:34.379+0000] {logging_mixin.py:188} INFO - [2024-03-14T11:08:34.378+0000] {dag.py:3047} INFO - Sync 1 DAGs
[2024-03-14T11:08:34.384+0000] {logging_mixin.py:188} INFO - [2024-03-14T11:08:34.384+0000] {dag.py:3834} INFO - Setting next_dagrun for tutorial_objectstorage to None, run_after=None
[2024-03-14T11:08:34.391+0000] {processor.py:183} INFO - Processing /home/airflow/.local/lib/python3.8/site-packages/airflow/example_dags/tutorial_objectstorage.py took 0.027 seconds
[2024-03-14T11:09:04.710+0000] {processor.py:161} INFO - Started process (PID=1463) to work on /home/airflow/.local/lib/python3.8/site-packages/airflow/example_dags/tutorial_objectstorage.py
[2024-03-14T11:09:04.710+0000] {processor.py:830} INFO - Processing file /home/airflow/.local/lib/python3.8/site-packages/airflow/example_dags/tutorial_objectstorage.py for tasks to queue
[2024-03-14T11:09:04.711+0000] {logging_mixin.py:188} INFO - [2024-03-14T11:09:04.711+0000] {dagbag.py:540} INFO - Filling up the DagBag from /home/airflow/.local/lib/python3.8/site-packages/airflow/example_dags/tutorial_objectstorage.py
[2024-03-14T11:09:04.715+0000] {processor.py:840} INFO - DAG(s) 'tutorial_objectstorage' retrieved from /home/airflow/.local/lib/python3.8/site-packages/airflow/example_dags/tutorial_objectstorage.py
[2024-03-14T11:09:04.723+0000] {logging_mixin.py:188} INFO - [2024-03-14T11:09:04.723+0000] {dag.py:3047} INFO - Sync 1 DAGs
[2024-03-14T11:09:04.728+0000] {logging_mixin.py:188} INFO - [2024-03-14T11:09:04.728+0000] {dag.py:3834} INFO - Setting next_dagrun for tutorial_objectstorage to None, run_after=None
[2024-03-14T11:09:04.735+0000] {processor.py:183} INFO - Processing /home/airflow/.local/lib/python3.8/site-packages/airflow/example_dags/tutorial_objectstorage.py took 0.027 seconds
[2024-03-14T11:09:35.105+0000] {processor.py:161} INFO - Started process (PID=1518) to work on /home/airflow/.local/lib/python3.8/site-packages/airflow/example_dags/tutorial_objectstorage.py
[2024-03-14T11:09:35.105+0000] {processor.py:830} INFO - Processing file /home/airflow/.local/lib/python3.8/site-packages/airflow/example_dags/tutorial_objectstorage.py for tasks to queue
[2024-03-14T11:09:35.106+0000] {logging_mixin.py:188} INFO - [2024-03-14T11:09:35.106+0000] {dagbag.py:540} INFO - Filling up the DagBag from /home/airflow/.local/lib/python3.8/site-packages/airflow/example_dags/tutorial_objectstorage.py
[2024-03-14T11:09:35.110+0000] {processor.py:840} INFO - DAG(s) 'tutorial_objectstorage' retrieved from /home/airflow/.local/lib/python3.8/site-packages/airflow/example_dags/tutorial_objectstorage.py
[2024-03-14T11:09:35.118+0000] {logging_mixin.py:188} INFO - [2024-03-14T11:09:35.118+0000] {dag.py:3047} INFO - Sync 1 DAGs
[2024-03-14T11:09:35.123+0000] {logging_mixin.py:188} INFO - [2024-03-14T11:09:35.123+0000] {dag.py:3834} INFO - Setting next_dagrun for tutorial_objectstorage to None, run_after=None
[2024-03-14T11:09:35.130+0000] {processor.py:183} INFO - Processing /home/airflow/.local/lib/python3.8/site-packages/airflow/example_dags/tutorial_objectstorage.py took 0.027 seconds
[2024-03-14T11:10:05.431+0000] {processor.py:161} INFO - Started process (PID=1572) to work on /home/airflow/.local/lib/python3.8/site-packages/airflow/example_dags/tutorial_objectstorage.py
[2024-03-14T11:10:05.431+0000] {processor.py:830} INFO - Processing file /home/airflow/.local/lib/python3.8/site-packages/airflow/example_dags/tutorial_objectstorage.py for tasks to queue
[2024-03-14T11:10:05.434+0000] {logging_mixin.py:188} INFO - [2024-03-14T11:10:05.434+0000] {dagbag.py:540} INFO - Filling up the DagBag from /home/airflow/.local/lib/python3.8/site-packages/airflow/example_dags/tutorial_objectstorage.py
[2024-03-14T11:10:05.437+0000] {processor.py:840} INFO - DAG(s) 'tutorial_objectstorage' retrieved from /home/airflow/.local/lib/python3.8/site-packages/airflow/example_dags/tutorial_objectstorage.py
[2024-03-14T11:10:05.445+0000] {logging_mixin.py:188} INFO - [2024-03-14T11:10:05.445+0000] {dag.py:3047} INFO - Sync 1 DAGs
[2024-03-14T11:10:05.450+0000] {logging_mixin.py:188} INFO - [2024-03-14T11:10:05.450+0000] {dag.py:3834} INFO - Setting next_dagrun for tutorial_objectstorage to None, run_after=None
[2024-03-14T11:10:05.458+0000] {processor.py:183} INFO - Processing /home/airflow/.local/lib/python3.8/site-packages/airflow/example_dags/tutorial_objectstorage.py took 0.029 seconds
[2024-03-14T11:10:35.852+0000] {processor.py:161} INFO - Started process (PID=1627) to work on /home/airflow/.local/lib/python3.8/site-packages/airflow/example_dags/tutorial_objectstorage.py
[2024-03-14T11:10:35.852+0000] {processor.py:830} INFO - Processing file /home/airflow/.local/lib/python3.8/site-packages/airflow/example_dags/tutorial_objectstorage.py for tasks to queue
[2024-03-14T11:10:35.853+0000] {logging_mixin.py:188} INFO - [2024-03-14T11:10:35.853+0000] {dagbag.py:540} INFO - Filling up the DagBag from /home/airflow/.local/lib/python3.8/site-packages/airflow/example_dags/tutorial_objectstorage.py
[2024-03-14T11:10:35.857+0000] {processor.py:840} INFO - DAG(s) 'tutorial_objectstorage' retrieved from /home/airflow/.local/lib/python3.8/site-packages/airflow/example_dags/tutorial_objectstorage.py
[2024-03-14T11:10:35.865+0000] {logging_mixin.py:188} INFO - [2024-03-14T11:10:35.865+0000] {dag.py:3047} INFO - Sync 1 DAGs
[2024-03-14T11:10:35.870+0000] {logging_mixin.py:188} INFO - [2024-03-14T11:10:35.870+0000] {dag.py:3834} INFO - Setting next_dagrun for tutorial_objectstorage to None, run_after=None
[2024-03-14T11:10:35.878+0000] {processor.py:183} INFO - Processing /home/airflow/.local/lib/python3.8/site-packages/airflow/example_dags/tutorial_objectstorage.py took 0.028 seconds
[2024-03-14T11:11:06.276+0000] {processor.py:161} INFO - Started process (PID=1682) to work on /home/airflow/.local/lib/python3.8/site-packages/airflow/example_dags/tutorial_objectstorage.py
[2024-03-14T11:11:06.277+0000] {processor.py:830} INFO - Processing file /home/airflow/.local/lib/python3.8/site-packages/airflow/example_dags/tutorial_objectstorage.py for tasks to queue
[2024-03-14T11:11:06.278+0000] {logging_mixin.py:188} INFO - [2024-03-14T11:11:06.278+0000] {dagbag.py:540} INFO - Filling up the DagBag from /home/airflow/.local/lib/python3.8/site-packages/airflow/example_dags/tutorial_objectstorage.py
[2024-03-14T11:11:06.281+0000] {processor.py:840} INFO - DAG(s) 'tutorial_objectstorage' retrieved from /home/airflow/.local/lib/python3.8/site-packages/airflow/example_dags/tutorial_objectstorage.py
[2024-03-14T11:11:06.290+0000] {logging_mixin.py:188} INFO - [2024-03-14T11:11:06.290+0000] {dag.py:3047} INFO - Sync 1 DAGs
[2024-03-14T11:11:06.295+0000] {logging_mixin.py:188} INFO - [2024-03-14T11:11:06.295+0000] {dag.py:3834} INFO - Setting next_dagrun for tutorial_objectstorage to None, run_after=None
[2024-03-14T11:11:06.303+0000] {processor.py:183} INFO - Processing /home/airflow/.local/lib/python3.8/site-packages/airflow/example_dags/tutorial_objectstorage.py took 0.028 seconds
[2024-03-14T11:11:36.697+0000] {processor.py:161} INFO - Started process (PID=1736) to work on /home/airflow/.local/lib/python3.8/site-packages/airflow/example_dags/tutorial_objectstorage.py
[2024-03-14T11:11:36.698+0000] {processor.py:830} INFO - Processing file /home/airflow/.local/lib/python3.8/site-packages/airflow/example_dags/tutorial_objectstorage.py for tasks to queue
[2024-03-14T11:11:36.699+0000] {logging_mixin.py:188} INFO - [2024-03-14T11:11:36.699+0000] {dagbag.py:540} INFO - Filling up the DagBag from /home/airflow/.local/lib/python3.8/site-packages/airflow/example_dags/tutorial_objectstorage.py
[2024-03-14T11:11:36.702+0000] {processor.py:840} INFO - DAG(s) 'tutorial_objectstorage' retrieved from /home/airflow/.local/lib/python3.8/site-packages/airflow/example_dags/tutorial_objectstorage.py
[2024-03-14T11:11:36.712+0000] {logging_mixin.py:188} INFO - [2024-03-14T11:11:36.712+0000] {dag.py:3047} INFO - Sync 1 DAGs
[2024-03-14T11:11:36.718+0000] {logging_mixin.py:188} INFO - [2024-03-14T11:11:36.718+0000] {dag.py:3834} INFO - Setting next_dagrun for tutorial_objectstorage to None, run_after=None
[2024-03-14T11:11:36.726+0000] {processor.py:183} INFO - Processing /home/airflow/.local/lib/python3.8/site-packages/airflow/example_dags/tutorial_objectstorage.py took 0.031 seconds
[2024-03-14T11:12:07.136+0000] {processor.py:161} INFO - Started process (PID=1791) to work on /home/airflow/.local/lib/python3.8/site-packages/airflow/example_dags/tutorial_objectstorage.py
[2024-03-14T11:12:07.137+0000] {processor.py:830} INFO - Processing file /home/airflow/.local/lib/python3.8/site-packages/airflow/example_dags/tutorial_objectstorage.py for tasks to queue
[2024-03-14T11:12:07.138+0000] {logging_mixin.py:188} INFO - [2024-03-14T11:12:07.138+0000] {dagbag.py:540} INFO - Filling up the DagBag from /home/airflow/.local/lib/python3.8/site-packages/airflow/example_dags/tutorial_objectstorage.py
[2024-03-14T11:12:07.141+0000] {processor.py:840} INFO - DAG(s) 'tutorial_objectstorage' retrieved from /home/airflow/.local/lib/python3.8/site-packages/airflow/example_dags/tutorial_objectstorage.py
[2024-03-14T11:12:07.150+0000] {logging_mixin.py:188} INFO - [2024-03-14T11:12:07.150+0000] {dag.py:3047} INFO - Sync 1 DAGs
[2024-03-14T11:12:07.155+0000] {logging_mixin.py:188} INFO - [2024-03-14T11:12:07.155+0000] {dag.py:3834} INFO - Setting next_dagrun for tutorial_objectstorage to None, run_after=None
[2024-03-14T11:12:07.163+0000] {processor.py:183} INFO - Processing /home/airflow/.local/lib/python3.8/site-packages/airflow/example_dags/tutorial_objectstorage.py took 0.028 seconds
[2024-03-14T11:12:37.610+0000] {processor.py:161} INFO - Started process (PID=1846) to work on /home/airflow/.local/lib/python3.8/site-packages/airflow/example_dags/tutorial_objectstorage.py
[2024-03-14T11:12:37.611+0000] {processor.py:830} INFO - Processing file /home/airflow/.local/lib/python3.8/site-packages/airflow/example_dags/tutorial_objectstorage.py for tasks to queue
[2024-03-14T11:12:37.612+0000] {logging_mixin.py:188} INFO - [2024-03-14T11:12:37.611+0000] {dagbag.py:540} INFO - Filling up the DagBag from /home/airflow/.local/lib/python3.8/site-packages/airflow/example_dags/tutorial_objectstorage.py
[2024-03-14T11:12:37.615+0000] {processor.py:840} INFO - DAG(s) 'tutorial_objectstorage' retrieved from /home/airflow/.local/lib/python3.8/site-packages/airflow/example_dags/tutorial_objectstorage.py
[2024-03-14T11:12:37.623+0000] {logging_mixin.py:188} INFO - [2024-03-14T11:12:37.623+0000] {dag.py:3047} INFO - Sync 1 DAGs
[2024-03-14T11:12:37.628+0000] {logging_mixin.py:188} INFO - [2024-03-14T11:12:37.628+0000] {dag.py:3834} INFO - Setting next_dagrun for tutorial_objectstorage to None, run_after=None
[2024-03-14T11:12:37.636+0000] {processor.py:183} INFO - Processing /home/airflow/.local/lib/python3.8/site-packages/airflow/example_dags/tutorial_objectstorage.py took 0.027 seconds
[2024-03-14T11:13:07.971+0000] {processor.py:161} INFO - Started process (PID=1900) to work on /home/airflow/.local/lib/python3.8/site-packages/airflow/example_dags/tutorial_objectstorage.py
[2024-03-14T11:13:07.972+0000] {processor.py:830} INFO - Processing file /home/airflow/.local/lib/python3.8/site-packages/airflow/example_dags/tutorial_objectstorage.py for tasks to queue
[2024-03-14T11:13:07.973+0000] {logging_mixin.py:188} INFO - [2024-03-14T11:13:07.973+0000] {dagbag.py:540} INFO - Filling up the DagBag from /home/airflow/.local/lib/python3.8/site-packages/airflow/example_dags/tutorial_objectstorage.py
[2024-03-14T11:13:07.976+0000] {processor.py:840} INFO - DAG(s) 'tutorial_objectstorage' retrieved from /home/airflow/.local/lib/python3.8/site-packages/airflow/example_dags/tutorial_objectstorage.py
[2024-03-14T11:13:07.985+0000] {logging_mixin.py:188} INFO - [2024-03-14T11:13:07.985+0000] {dag.py:3047} INFO - Sync 1 DAGs
[2024-03-14T11:13:07.990+0000] {logging_mixin.py:188} INFO - [2024-03-14T11:13:07.990+0000] {dag.py:3834} INFO - Setting next_dagrun for tutorial_objectstorage to None, run_after=None
[2024-03-14T11:13:07.997+0000] {processor.py:183} INFO - Processing /home/airflow/.local/lib/python3.8/site-packages/airflow/example_dags/tutorial_objectstorage.py took 0.027 seconds
[2024-03-14T11:13:38.304+0000] {processor.py:161} INFO - Started process (PID=1955) to work on /home/airflow/.local/lib/python3.8/site-packages/airflow/example_dags/tutorial_objectstorage.py
[2024-03-14T11:13:38.304+0000] {processor.py:830} INFO - Processing file /home/airflow/.local/lib/python3.8/site-packages/airflow/example_dags/tutorial_objectstorage.py for tasks to queue
[2024-03-14T11:13:38.305+0000] {logging_mixin.py:188} INFO - [2024-03-14T11:13:38.305+0000] {dagbag.py:540} INFO - Filling up the DagBag from /home/airflow/.local/lib/python3.8/site-packages/airflow/example_dags/tutorial_objectstorage.py
[2024-03-14T11:13:38.309+0000] {processor.py:840} INFO - DAG(s) 'tutorial_objectstorage' retrieved from /home/airflow/.local/lib/python3.8/site-packages/airflow/example_dags/tutorial_objectstorage.py
[2024-03-14T11:13:38.317+0000] {logging_mixin.py:188} INFO - [2024-03-14T11:13:38.317+0000] {dag.py:3047} INFO - Sync 1 DAGs
[2024-03-14T11:13:38.322+0000] {logging_mixin.py:188} INFO - [2024-03-14T11:13:38.322+0000] {dag.py:3834} INFO - Setting next_dagrun for tutorial_objectstorage to None, run_after=None
[2024-03-14T11:13:38.330+0000] {processor.py:183} INFO - Processing /home/airflow/.local/lib/python3.8/site-packages/airflow/example_dags/tutorial_objectstorage.py took 0.028 seconds
[2024-03-14T11:14:08.700+0000] {processor.py:161} INFO - Started process (PID=2010) to work on /home/airflow/.local/lib/python3.8/site-packages/airflow/example_dags/tutorial_objectstorage.py
[2024-03-14T11:14:08.700+0000] {processor.py:830} INFO - Processing file /home/airflow/.local/lib/python3.8/site-packages/airflow/example_dags/tutorial_objectstorage.py for tasks to queue
[2024-03-14T11:14:08.701+0000] {logging_mixin.py:188} INFO - [2024-03-14T11:14:08.701+0000] {dagbag.py:540} INFO - Filling up the DagBag from /home/airflow/.local/lib/python3.8/site-packages/airflow/example_dags/tutorial_objectstorage.py
[2024-03-14T11:14:08.705+0000] {processor.py:840} INFO - DAG(s) 'tutorial_objectstorage' retrieved from /home/airflow/.local/lib/python3.8/site-packages/airflow/example_dags/tutorial_objectstorage.py
[2024-03-14T11:14:08.713+0000] {logging_mixin.py:188} INFO - [2024-03-14T11:14:08.713+0000] {dag.py:3047} INFO - Sync 1 DAGs
[2024-03-14T11:14:08.719+0000] {logging_mixin.py:188} INFO - [2024-03-14T11:14:08.718+0000] {dag.py:3834} INFO - Setting next_dagrun for tutorial_objectstorage to None, run_after=None
[2024-03-14T11:14:08.726+0000] {processor.py:183} INFO - Processing /home/airflow/.local/lib/python3.8/site-packages/airflow/example_dags/tutorial_objectstorage.py took 0.028 seconds
[2024-03-14T11:14:39.025+0000] {processor.py:161} INFO - Started process (PID=2065) to work on /home/airflow/.local/lib/python3.8/site-packages/airflow/example_dags/tutorial_objectstorage.py
[2024-03-14T11:14:39.026+0000] {processor.py:830} INFO - Processing file /home/airflow/.local/lib/python3.8/site-packages/airflow/example_dags/tutorial_objectstorage.py for tasks to queue
[2024-03-14T11:14:39.027+0000] {logging_mixin.py:188} INFO - [2024-03-14T11:14:39.026+0000] {dagbag.py:540} INFO - Filling up the DagBag from /home/airflow/.local/lib/python3.8/site-packages/airflow/example_dags/tutorial_objectstorage.py
[2024-03-14T11:14:39.030+0000] {processor.py:840} INFO - DAG(s) 'tutorial_objectstorage' retrieved from /home/airflow/.local/lib/python3.8/site-packages/airflow/example_dags/tutorial_objectstorage.py
[2024-03-14T11:14:39.038+0000] {logging_mixin.py:188} INFO - [2024-03-14T11:14:39.038+0000] {dag.py:3047} INFO - Sync 1 DAGs
[2024-03-14T11:14:39.043+0000] {logging_mixin.py:188} INFO - [2024-03-14T11:14:39.043+0000] {dag.py:3834} INFO - Setting next_dagrun for tutorial_objectstorage to None, run_after=None
[2024-03-14T11:14:39.050+0000] {processor.py:183} INFO - Processing /home/airflow/.local/lib/python3.8/site-packages/airflow/example_dags/tutorial_objectstorage.py took 0.027 seconds
[2024-03-14T11:15:09.453+0000] {processor.py:161} INFO - Started process (PID=2120) to work on /home/airflow/.local/lib/python3.8/site-packages/airflow/example_dags/tutorial_objectstorage.py
[2024-03-14T11:15:09.453+0000] {processor.py:830} INFO - Processing file /home/airflow/.local/lib/python3.8/site-packages/airflow/example_dags/tutorial_objectstorage.py for tasks to queue
[2024-03-14T11:15:09.454+0000] {logging_mixin.py:188} INFO - [2024-03-14T11:15:09.454+0000] {dagbag.py:540} INFO - Filling up the DagBag from /home/airflow/.local/lib/python3.8/site-packages/airflow/example_dags/tutorial_objectstorage.py
[2024-03-14T11:15:09.458+0000] {processor.py:840} INFO - DAG(s) 'tutorial_objectstorage' retrieved from /home/airflow/.local/lib/python3.8/site-packages/airflow/example_dags/tutorial_objectstorage.py
[2024-03-14T11:15:09.466+0000] {logging_mixin.py:188} INFO - [2024-03-14T11:15:09.466+0000] {dag.py:3047} INFO - Sync 1 DAGs
[2024-03-14T11:15:09.471+0000] {logging_mixin.py:188} INFO - [2024-03-14T11:15:09.471+0000] {dag.py:3834} INFO - Setting next_dagrun for tutorial_objectstorage to None, run_after=None
[2024-03-14T11:15:09.479+0000] {processor.py:183} INFO - Processing /home/airflow/.local/lib/python3.8/site-packages/airflow/example_dags/tutorial_objectstorage.py took 0.028 seconds
[2024-03-14T11:15:39.793+0000] {processor.py:161} INFO - Started process (PID=2175) to work on /home/airflow/.local/lib/python3.8/site-packages/airflow/example_dags/tutorial_objectstorage.py
[2024-03-14T11:15:39.793+0000] {processor.py:830} INFO - Processing file /home/airflow/.local/lib/python3.8/site-packages/airflow/example_dags/tutorial_objectstorage.py for tasks to queue
[2024-03-14T11:15:39.794+0000] {logging_mixin.py:188} INFO - [2024-03-14T11:15:39.794+0000] {dagbag.py:540} INFO - Filling up the DagBag from /home/airflow/.local/lib/python3.8/site-packages/airflow/example_dags/tutorial_objectstorage.py
[2024-03-14T11:15:39.798+0000] {processor.py:840} INFO - DAG(s) 'tutorial_objectstorage' retrieved from /home/airflow/.local/lib/python3.8/site-packages/airflow/example_dags/tutorial_objectstorage.py
[2024-03-14T11:15:39.806+0000] {logging_mixin.py:188} INFO - [2024-03-14T11:15:39.806+0000] {dag.py:3047} INFO - Sync 1 DAGs
[2024-03-14T11:15:39.811+0000] {logging_mixin.py:188} INFO - [2024-03-14T11:15:39.811+0000] {dag.py:3834} INFO - Setting next_dagrun for tutorial_objectstorage to None, run_after=None
[2024-03-14T11:15:39.818+0000] {processor.py:183} INFO - Processing /home/airflow/.local/lib/python3.8/site-packages/airflow/example_dags/tutorial_objectstorage.py took 0.027 seconds
[2024-03-14T11:16:10.277+0000] {processor.py:161} INFO - Started process (PID=2229) to work on /home/airflow/.local/lib/python3.8/site-packages/airflow/example_dags/tutorial_objectstorage.py
[2024-03-14T11:16:10.278+0000] {processor.py:830} INFO - Processing file /home/airflow/.local/lib/python3.8/site-packages/airflow/example_dags/tutorial_objectstorage.py for tasks to queue
[2024-03-14T11:16:10.278+0000] {logging_mixin.py:188} INFO - [2024-03-14T11:16:10.278+0000] {dagbag.py:540} INFO - Filling up the DagBag from /home/airflow/.local/lib/python3.8/site-packages/airflow/example_dags/tutorial_objectstorage.py
[2024-03-14T11:16:10.282+0000] {processor.py:840} INFO - DAG(s) 'tutorial_objectstorage' retrieved from /home/airflow/.local/lib/python3.8/site-packages/airflow/example_dags/tutorial_objectstorage.py
[2024-03-14T11:16:10.290+0000] {logging_mixin.py:188} INFO - [2024-03-14T11:16:10.290+0000] {dag.py:3047} INFO - Sync 1 DAGs
[2024-03-14T11:16:10.295+0000] {logging_mixin.py:188} INFO - [2024-03-14T11:16:10.295+0000] {dag.py:3834} INFO - Setting next_dagrun for tutorial_objectstorage to None, run_after=None
[2024-03-14T11:16:10.303+0000] {processor.py:183} INFO - Processing /home/airflow/.local/lib/python3.8/site-packages/airflow/example_dags/tutorial_objectstorage.py took 0.028 seconds
[2024-03-14T11:16:40.669+0000] {processor.py:161} INFO - Started process (PID=2284) to work on /home/airflow/.local/lib/python3.8/site-packages/airflow/example_dags/tutorial_objectstorage.py
[2024-03-14T11:16:40.670+0000] {processor.py:830} INFO - Processing file /home/airflow/.local/lib/python3.8/site-packages/airflow/example_dags/tutorial_objectstorage.py for tasks to queue
[2024-03-14T11:16:40.671+0000] {logging_mixin.py:188} INFO - [2024-03-14T11:16:40.671+0000] {dagbag.py:540} INFO - Filling up the DagBag from /home/airflow/.local/lib/python3.8/site-packages/airflow/example_dags/tutorial_objectstorage.py
[2024-03-14T11:16:40.674+0000] {processor.py:840} INFO - DAG(s) 'tutorial_objectstorage' retrieved from /home/airflow/.local/lib/python3.8/site-packages/airflow/example_dags/tutorial_objectstorage.py
[2024-03-14T11:16:40.682+0000] {logging_mixin.py:188} INFO - [2024-03-14T11:16:40.682+0000] {dag.py:3047} INFO - Sync 1 DAGs
[2024-03-14T11:16:40.688+0000] {logging_mixin.py:188} INFO - [2024-03-14T11:16:40.688+0000] {dag.py:3834} INFO - Setting next_dagrun for tutorial_objectstorage to None, run_after=None
[2024-03-14T11:16:40.695+0000] {processor.py:183} INFO - Processing /home/airflow/.local/lib/python3.8/site-packages/airflow/example_dags/tutorial_objectstorage.py took 0.027 seconds
[2024-03-14T11:17:11.096+0000] {processor.py:161} INFO - Started process (PID=2339) to work on /home/airflow/.local/lib/python3.8/site-packages/airflow/example_dags/tutorial_objectstorage.py
[2024-03-14T11:17:11.097+0000] {processor.py:830} INFO - Processing file /home/airflow/.local/lib/python3.8/site-packages/airflow/example_dags/tutorial_objectstorage.py for tasks to queue
[2024-03-14T11:17:11.099+0000] {logging_mixin.py:188} INFO - [2024-03-14T11:17:11.099+0000] {dagbag.py:540} INFO - Filling up the DagBag from /home/airflow/.local/lib/python3.8/site-packages/airflow/example_dags/tutorial_objectstorage.py
[2024-03-14T11:17:11.103+0000] {processor.py:840} INFO - DAG(s) 'tutorial_objectstorage' retrieved from /home/airflow/.local/lib/python3.8/site-packages/airflow/example_dags/tutorial_objectstorage.py
[2024-03-14T11:17:11.113+0000] {logging_mixin.py:188} INFO - [2024-03-14T11:17:11.113+0000] {dag.py:3047} INFO - Sync 1 DAGs
[2024-03-14T11:17:11.118+0000] {logging_mixin.py:188} INFO - [2024-03-14T11:17:11.118+0000] {dag.py:3834} INFO - Setting next_dagrun for tutorial_objectstorage to None, run_after=None
[2024-03-14T11:17:11.126+0000] {processor.py:183} INFO - Processing /home/airflow/.local/lib/python3.8/site-packages/airflow/example_dags/tutorial_objectstorage.py took 0.031 seconds
[2024-03-14T11:17:41.635+0000] {processor.py:161} INFO - Started process (PID=2394) to work on /home/airflow/.local/lib/python3.8/site-packages/airflow/example_dags/tutorial_objectstorage.py
[2024-03-14T11:17:41.636+0000] {processor.py:830} INFO - Processing file /home/airflow/.local/lib/python3.8/site-packages/airflow/example_dags/tutorial_objectstorage.py for tasks to queue
[2024-03-14T11:17:41.637+0000] {logging_mixin.py:188} INFO - [2024-03-14T11:17:41.636+0000] {dagbag.py:540} INFO - Filling up the DagBag from /home/airflow/.local/lib/python3.8/site-packages/airflow/example_dags/tutorial_objectstorage.py
[2024-03-14T11:17:41.640+0000] {processor.py:840} INFO - DAG(s) 'tutorial_objectstorage' retrieved from /home/airflow/.local/lib/python3.8/site-packages/airflow/example_dags/tutorial_objectstorage.py
[2024-03-14T11:17:41.648+0000] {logging_mixin.py:188} INFO - [2024-03-14T11:17:41.648+0000] {dag.py:3047} INFO - Sync 1 DAGs
[2024-03-14T11:17:41.653+0000] {logging_mixin.py:188} INFO - [2024-03-14T11:17:41.653+0000] {dag.py:3834} INFO - Setting next_dagrun for tutorial_objectstorage to None, run_after=None
[2024-03-14T11:17:41.660+0000] {processor.py:183} INFO - Processing /home/airflow/.local/lib/python3.8/site-packages/airflow/example_dags/tutorial_objectstorage.py took 0.027 seconds
[2024-03-14T11:18:12.091+0000] {processor.py:161} INFO - Started process (PID=2448) to work on /home/airflow/.local/lib/python3.8/site-packages/airflow/example_dags/tutorial_objectstorage.py
[2024-03-14T11:18:12.092+0000] {processor.py:830} INFO - Processing file /home/airflow/.local/lib/python3.8/site-packages/airflow/example_dags/tutorial_objectstorage.py for tasks to queue
[2024-03-14T11:18:12.093+0000] {logging_mixin.py:188} INFO - [2024-03-14T11:18:12.093+0000] {dagbag.py:540} INFO - Filling up the DagBag from /home/airflow/.local/lib/python3.8/site-packages/airflow/example_dags/tutorial_objectstorage.py
[2024-03-14T11:18:12.096+0000] {processor.py:840} INFO - DAG(s) 'tutorial_objectstorage' retrieved from /home/airflow/.local/lib/python3.8/site-packages/airflow/example_dags/tutorial_objectstorage.py
[2024-03-14T11:18:12.105+0000] {logging_mixin.py:188} INFO - [2024-03-14T11:18:12.105+0000] {dag.py:3047} INFO - Sync 1 DAGs
[2024-03-14T11:18:12.110+0000] {logging_mixin.py:188} INFO - [2024-03-14T11:18:12.110+0000] {dag.py:3834} INFO - Setting next_dagrun for tutorial_objectstorage to None, run_after=None
[2024-03-14T11:18:12.118+0000] {processor.py:183} INFO - Processing /home/airflow/.local/lib/python3.8/site-packages/airflow/example_dags/tutorial_objectstorage.py took 0.028 seconds
[2024-03-14T11:18:42.497+0000] {processor.py:161} INFO - Started process (PID=2503) to work on /home/airflow/.local/lib/python3.8/site-packages/airflow/example_dags/tutorial_objectstorage.py
[2024-03-14T11:18:42.498+0000] {processor.py:830} INFO - Processing file /home/airflow/.local/lib/python3.8/site-packages/airflow/example_dags/tutorial_objectstorage.py for tasks to queue
[2024-03-14T11:18:42.499+0000] {logging_mixin.py:188} INFO - [2024-03-14T11:18:42.498+0000] {dagbag.py:540} INFO - Filling up the DagBag from /home/airflow/.local/lib/python3.8/site-packages/airflow/example_dags/tutorial_objectstorage.py
[2024-03-14T11:18:42.502+0000] {processor.py:840} INFO - DAG(s) 'tutorial_objectstorage' retrieved from /home/airflow/.local/lib/python3.8/site-packages/airflow/example_dags/tutorial_objectstorage.py
[2024-03-14T11:18:42.518+0000] {logging_mixin.py:188} INFO - [2024-03-14T11:18:42.518+0000] {dag.py:3047} INFO - Sync 1 DAGs
[2024-03-14T11:18:42.524+0000] {logging_mixin.py:188} INFO - [2024-03-14T11:18:42.523+0000] {dag.py:3834} INFO - Setting next_dagrun for tutorial_objectstorage to None, run_after=None
[2024-03-14T11:18:42.531+0000] {processor.py:183} INFO - Processing /home/airflow/.local/lib/python3.8/site-packages/airflow/example_dags/tutorial_objectstorage.py took 0.036 seconds
[2024-03-14T11:19:12.967+0000] {processor.py:161} INFO - Started process (PID=2558) to work on /home/airflow/.local/lib/python3.8/site-packages/airflow/example_dags/tutorial_objectstorage.py
[2024-03-14T11:19:12.968+0000] {processor.py:830} INFO - Processing file /home/airflow/.local/lib/python3.8/site-packages/airflow/example_dags/tutorial_objectstorage.py for tasks to queue
[2024-03-14T11:19:12.969+0000] {logging_mixin.py:188} INFO - [2024-03-14T11:19:12.969+0000] {dagbag.py:540} INFO - Filling up the DagBag from /home/airflow/.local/lib/python3.8/site-packages/airflow/example_dags/tutorial_objectstorage.py
[2024-03-14T11:19:12.972+0000] {processor.py:840} INFO - DAG(s) 'tutorial_objectstorage' retrieved from /home/airflow/.local/lib/python3.8/site-packages/airflow/example_dags/tutorial_objectstorage.py
[2024-03-14T11:19:12.981+0000] {logging_mixin.py:188} INFO - [2024-03-14T11:19:12.981+0000] {dag.py:3047} INFO - Sync 1 DAGs
[2024-03-14T11:19:12.987+0000] {logging_mixin.py:188} INFO - [2024-03-14T11:19:12.987+0000] {dag.py:3834} INFO - Setting next_dagrun for tutorial_objectstorage to None, run_after=None
[2024-03-14T11:19:12.994+0000] {processor.py:183} INFO - Processing /home/airflow/.local/lib/python3.8/site-packages/airflow/example_dags/tutorial_objectstorage.py took 0.028 seconds
[2024-03-14T11:19:43.374+0000] {processor.py:161} INFO - Started process (PID=2613) to work on /home/airflow/.local/lib/python3.8/site-packages/airflow/example_dags/tutorial_objectstorage.py
[2024-03-14T11:19:43.375+0000] {processor.py:830} INFO - Processing file /home/airflow/.local/lib/python3.8/site-packages/airflow/example_dags/tutorial_objectstorage.py for tasks to queue
[2024-03-14T11:19:43.376+0000] {logging_mixin.py:188} INFO - [2024-03-14T11:19:43.376+0000] {dagbag.py:540} INFO - Filling up the DagBag from /home/airflow/.local/lib/python3.8/site-packages/airflow/example_dags/tutorial_objectstorage.py
[2024-03-14T11:19:43.380+0000] {processor.py:840} INFO - DAG(s) 'tutorial_objectstorage' retrieved from /home/airflow/.local/lib/python3.8/site-packages/airflow/example_dags/tutorial_objectstorage.py
[2024-03-14T11:19:43.388+0000] {logging_mixin.py:188} INFO - [2024-03-14T11:19:43.388+0000] {dag.py:3047} INFO - Sync 1 DAGs
[2024-03-14T11:19:43.393+0000] {logging_mixin.py:188} INFO - [2024-03-14T11:19:43.393+0000] {dag.py:3834} INFO - Setting next_dagrun for tutorial_objectstorage to None, run_after=None
[2024-03-14T11:19:43.400+0000] {processor.py:183} INFO - Processing /home/airflow/.local/lib/python3.8/site-packages/airflow/example_dags/tutorial_objectstorage.py took 0.028 seconds
[2024-03-14T11:20:13.746+0000] {processor.py:161} INFO - Started process (PID=2668) to work on /home/airflow/.local/lib/python3.8/site-packages/airflow/example_dags/tutorial_objectstorage.py
[2024-03-14T11:20:13.747+0000] {processor.py:830} INFO - Processing file /home/airflow/.local/lib/python3.8/site-packages/airflow/example_dags/tutorial_objectstorage.py for tasks to queue
[2024-03-14T11:20:13.748+0000] {logging_mixin.py:188} INFO - [2024-03-14T11:20:13.748+0000] {dagbag.py:540} INFO - Filling up the DagBag from /home/airflow/.local/lib/python3.8/site-packages/airflow/example_dags/tutorial_objectstorage.py
[2024-03-14T11:20:13.751+0000] {processor.py:840} INFO - DAG(s) 'tutorial_objectstorage' retrieved from /home/airflow/.local/lib/python3.8/site-packages/airflow/example_dags/tutorial_objectstorage.py
[2024-03-14T11:20:13.759+0000] {logging_mixin.py:188} INFO - [2024-03-14T11:20:13.759+0000] {dag.py:3047} INFO - Sync 1 DAGs
[2024-03-14T11:20:13.764+0000] {logging_mixin.py:188} INFO - [2024-03-14T11:20:13.764+0000] {dag.py:3834} INFO - Setting next_dagrun for tutorial_objectstorage to None, run_after=None
[2024-03-14T11:20:13.772+0000] {processor.py:183} INFO - Processing /home/airflow/.local/lib/python3.8/site-packages/airflow/example_dags/tutorial_objectstorage.py took 0.027 seconds
[2024-03-14T11:20:44.178+0000] {processor.py:161} INFO - Started process (PID=2723) to work on /home/airflow/.local/lib/python3.8/site-packages/airflow/example_dags/tutorial_objectstorage.py
[2024-03-14T11:20:44.179+0000] {processor.py:830} INFO - Processing file /home/airflow/.local/lib/python3.8/site-packages/airflow/example_dags/tutorial_objectstorage.py for tasks to queue
[2024-03-14T11:20:44.180+0000] {logging_mixin.py:188} INFO - [2024-03-14T11:20:44.179+0000] {dagbag.py:540} INFO - Filling up the DagBag from /home/airflow/.local/lib/python3.8/site-packages/airflow/example_dags/tutorial_objectstorage.py
[2024-03-14T11:20:44.183+0000] {processor.py:840} INFO - DAG(s) 'tutorial_objectstorage' retrieved from /home/airflow/.local/lib/python3.8/site-packages/airflow/example_dags/tutorial_objectstorage.py
[2024-03-14T11:20:44.191+0000] {logging_mixin.py:188} INFO - [2024-03-14T11:20:44.191+0000] {dag.py:3047} INFO - Sync 1 DAGs
[2024-03-14T11:20:44.196+0000] {logging_mixin.py:188} INFO - [2024-03-14T11:20:44.196+0000] {dag.py:3834} INFO - Setting next_dagrun for tutorial_objectstorage to None, run_after=None
[2024-03-14T11:20:44.204+0000] {processor.py:183} INFO - Processing /home/airflow/.local/lib/python3.8/site-packages/airflow/example_dags/tutorial_objectstorage.py took 0.028 seconds
[2024-03-14T11:21:14.660+0000] {processor.py:161} INFO - Started process (PID=2778) to work on /home/airflow/.local/lib/python3.8/site-packages/airflow/example_dags/tutorial_objectstorage.py
[2024-03-14T11:21:14.661+0000] {processor.py:830} INFO - Processing file /home/airflow/.local/lib/python3.8/site-packages/airflow/example_dags/tutorial_objectstorage.py for tasks to queue
[2024-03-14T11:21:14.662+0000] {logging_mixin.py:188} INFO - [2024-03-14T11:21:14.662+0000] {dagbag.py:540} INFO - Filling up the DagBag from /home/airflow/.local/lib/python3.8/site-packages/airflow/example_dags/tutorial_objectstorage.py
[2024-03-14T11:21:14.665+0000] {processor.py:840} INFO - DAG(s) 'tutorial_objectstorage' retrieved from /home/airflow/.local/lib/python3.8/site-packages/airflow/example_dags/tutorial_objectstorage.py
[2024-03-14T11:21:14.673+0000] {logging_mixin.py:188} INFO - [2024-03-14T11:21:14.673+0000] {dag.py:3047} INFO - Sync 1 DAGs
[2024-03-14T11:21:14.678+0000] {logging_mixin.py:188} INFO - [2024-03-14T11:21:14.678+0000] {dag.py:3834} INFO - Setting next_dagrun for tutorial_objectstorage to None, run_after=None
[2024-03-14T11:21:14.685+0000] {processor.py:183} INFO - Processing /home/airflow/.local/lib/python3.8/site-packages/airflow/example_dags/tutorial_objectstorage.py took 0.027 seconds
[2024-03-14T11:21:45.138+0000] {processor.py:161} INFO - Started process (PID=2833) to work on /home/airflow/.local/lib/python3.8/site-packages/airflow/example_dags/tutorial_objectstorage.py
[2024-03-14T11:21:45.139+0000] {processor.py:830} INFO - Processing file /home/airflow/.local/lib/python3.8/site-packages/airflow/example_dags/tutorial_objectstorage.py for tasks to queue
[2024-03-14T11:21:45.139+0000] {logging_mixin.py:188} INFO - [2024-03-14T11:21:45.139+0000] {dagbag.py:540} INFO - Filling up the DagBag from /home/airflow/.local/lib/python3.8/site-packages/airflow/example_dags/tutorial_objectstorage.py
[2024-03-14T11:21:45.143+0000] {processor.py:840} INFO - DAG(s) 'tutorial_objectstorage' retrieved from /home/airflow/.local/lib/python3.8/site-packages/airflow/example_dags/tutorial_objectstorage.py
[2024-03-14T11:21:45.151+0000] {logging_mixin.py:188} INFO - [2024-03-14T11:21:45.151+0000] {dag.py:3047} INFO - Sync 1 DAGs
[2024-03-14T11:21:45.157+0000] {logging_mixin.py:188} INFO - [2024-03-14T11:21:45.156+0000] {dag.py:3834} INFO - Setting next_dagrun for tutorial_objectstorage to None, run_after=None
[2024-03-14T11:21:45.164+0000] {processor.py:183} INFO - Processing /home/airflow/.local/lib/python3.8/site-packages/airflow/example_dags/tutorial_objectstorage.py took 0.028 seconds
[2024-03-14T11:22:15.616+0000] {processor.py:161} INFO - Started process (PID=2888) to work on /home/airflow/.local/lib/python3.8/site-packages/airflow/example_dags/tutorial_objectstorage.py
[2024-03-14T11:22:15.617+0000] {processor.py:830} INFO - Processing file /home/airflow/.local/lib/python3.8/site-packages/airflow/example_dags/tutorial_objectstorage.py for tasks to queue
[2024-03-14T11:22:15.618+0000] {logging_mixin.py:188} INFO - [2024-03-14T11:22:15.617+0000] {dagbag.py:540} INFO - Filling up the DagBag from /home/airflow/.local/lib/python3.8/site-packages/airflow/example_dags/tutorial_objectstorage.py
[2024-03-14T11:22:15.621+0000] {processor.py:840} INFO - DAG(s) 'tutorial_objectstorage' retrieved from /home/airflow/.local/lib/python3.8/site-packages/airflow/example_dags/tutorial_objectstorage.py
[2024-03-14T11:22:15.629+0000] {logging_mixin.py:188} INFO - [2024-03-14T11:22:15.629+0000] {dag.py:3047} INFO - Sync 1 DAGs
[2024-03-14T11:22:15.634+0000] {logging_mixin.py:188} INFO - [2024-03-14T11:22:15.634+0000] {dag.py:3834} INFO - Setting next_dagrun for tutorial_objectstorage to None, run_after=None
[2024-03-14T11:22:15.642+0000] {processor.py:183} INFO - Processing /home/airflow/.local/lib/python3.8/site-packages/airflow/example_dags/tutorial_objectstorage.py took 0.028 seconds
[2024-03-14T11:22:46.148+0000] {processor.py:161} INFO - Started process (PID=2943) to work on /home/airflow/.local/lib/python3.8/site-packages/airflow/example_dags/tutorial_objectstorage.py
[2024-03-14T11:22:46.149+0000] {processor.py:830} INFO - Processing file /home/airflow/.local/lib/python3.8/site-packages/airflow/example_dags/tutorial_objectstorage.py for tasks to queue
[2024-03-14T11:22:46.150+0000] {logging_mixin.py:188} INFO - [2024-03-14T11:22:46.150+0000] {dagbag.py:540} INFO - Filling up the DagBag from /home/airflow/.local/lib/python3.8/site-packages/airflow/example_dags/tutorial_objectstorage.py
[2024-03-14T11:22:46.153+0000] {processor.py:840} INFO - DAG(s) 'tutorial_objectstorage' retrieved from /home/airflow/.local/lib/python3.8/site-packages/airflow/example_dags/tutorial_objectstorage.py
[2024-03-14T11:22:46.161+0000] {logging_mixin.py:188} INFO - [2024-03-14T11:22:46.161+0000] {dag.py:3047} INFO - Sync 1 DAGs
[2024-03-14T11:22:46.166+0000] {logging_mixin.py:188} INFO - [2024-03-14T11:22:46.166+0000] {dag.py:3834} INFO - Setting next_dagrun for tutorial_objectstorage to None, run_after=None
[2024-03-14T11:22:46.172+0000] {processor.py:183} INFO - Processing /home/airflow/.local/lib/python3.8/site-packages/airflow/example_dags/tutorial_objectstorage.py took 0.026 seconds
[2024-03-14T11:23:16.550+0000] {processor.py:161} INFO - Started process (PID=2998) to work on /home/airflow/.local/lib/python3.8/site-packages/airflow/example_dags/tutorial_objectstorage.py
[2024-03-14T11:23:16.551+0000] {processor.py:830} INFO - Processing file /home/airflow/.local/lib/python3.8/site-packages/airflow/example_dags/tutorial_objectstorage.py for tasks to queue
[2024-03-14T11:23:16.553+0000] {logging_mixin.py:188} INFO - [2024-03-14T11:23:16.552+0000] {dagbag.py:540} INFO - Filling up the DagBag from /home/airflow/.local/lib/python3.8/site-packages/airflow/example_dags/tutorial_objectstorage.py
[2024-03-14T11:23:16.556+0000] {processor.py:840} INFO - DAG(s) 'tutorial_objectstorage' retrieved from /home/airflow/.local/lib/python3.8/site-packages/airflow/example_dags/tutorial_objectstorage.py
[2024-03-14T11:23:16.564+0000] {logging_mixin.py:188} INFO - [2024-03-14T11:23:16.564+0000] {dag.py:3047} INFO - Sync 1 DAGs
[2024-03-14T11:23:16.571+0000] {logging_mixin.py:188} INFO - [2024-03-14T11:23:16.571+0000] {dag.py:3834} INFO - Setting next_dagrun for tutorial_objectstorage to None, run_after=None
[2024-03-14T11:23:16.578+0000] {processor.py:183} INFO - Processing /home/airflow/.local/lib/python3.8/site-packages/airflow/example_dags/tutorial_objectstorage.py took 0.030 seconds
[2024-03-14T11:23:47.018+0000] {processor.py:161} INFO - Started process (PID=3053) to work on /home/airflow/.local/lib/python3.8/site-packages/airflow/example_dags/tutorial_objectstorage.py
[2024-03-14T11:23:47.018+0000] {processor.py:830} INFO - Processing file /home/airflow/.local/lib/python3.8/site-packages/airflow/example_dags/tutorial_objectstorage.py for tasks to queue
[2024-03-14T11:23:47.019+0000] {logging_mixin.py:188} INFO - [2024-03-14T11:23:47.019+0000] {dagbag.py:540} INFO - Filling up the DagBag from /home/airflow/.local/lib/python3.8/site-packages/airflow/example_dags/tutorial_objectstorage.py
[2024-03-14T11:23:47.023+0000] {processor.py:840} INFO - DAG(s) 'tutorial_objectstorage' retrieved from /home/airflow/.local/lib/python3.8/site-packages/airflow/example_dags/tutorial_objectstorage.py
[2024-03-14T11:23:47.031+0000] {logging_mixin.py:188} INFO - [2024-03-14T11:23:47.031+0000] {dag.py:3047} INFO - Sync 1 DAGs
[2024-03-14T11:23:47.036+0000] {logging_mixin.py:188} INFO - [2024-03-14T11:23:47.036+0000] {dag.py:3834} INFO - Setting next_dagrun for tutorial_objectstorage to None, run_after=None
[2024-03-14T11:23:47.043+0000] {processor.py:183} INFO - Processing /home/airflow/.local/lib/python3.8/site-packages/airflow/example_dags/tutorial_objectstorage.py took 0.027 seconds
[2024-03-14T11:24:17.393+0000] {processor.py:161} INFO - Started process (PID=3108) to work on /home/airflow/.local/lib/python3.8/site-packages/airflow/example_dags/tutorial_objectstorage.py
[2024-03-14T11:24:17.393+0000] {processor.py:830} INFO - Processing file /home/airflow/.local/lib/python3.8/site-packages/airflow/example_dags/tutorial_objectstorage.py for tasks to queue
[2024-03-14T11:24:17.394+0000] {logging_mixin.py:188} INFO - [2024-03-14T11:24:17.394+0000] {dagbag.py:540} INFO - Filling up the DagBag from /home/airflow/.local/lib/python3.8/site-packages/airflow/example_dags/tutorial_objectstorage.py
[2024-03-14T11:24:17.398+0000] {processor.py:840} INFO - DAG(s) 'tutorial_objectstorage' retrieved from /home/airflow/.local/lib/python3.8/site-packages/airflow/example_dags/tutorial_objectstorage.py
[2024-03-14T11:24:17.406+0000] {logging_mixin.py:188} INFO - [2024-03-14T11:24:17.406+0000] {dag.py:3047} INFO - Sync 1 DAGs
[2024-03-14T11:24:17.412+0000] {logging_mixin.py:188} INFO - [2024-03-14T11:24:17.412+0000] {dag.py:3834} INFO - Setting next_dagrun for tutorial_objectstorage to None, run_after=None
[2024-03-14T11:24:17.419+0000] {processor.py:183} INFO - Processing /home/airflow/.local/lib/python3.8/site-packages/airflow/example_dags/tutorial_objectstorage.py took 0.028 seconds
[2024-03-14T11:24:47.735+0000] {processor.py:161} INFO - Started process (PID=3163) to work on /home/airflow/.local/lib/python3.8/site-packages/airflow/example_dags/tutorial_objectstorage.py
[2024-03-14T11:24:47.736+0000] {processor.py:830} INFO - Processing file /home/airflow/.local/lib/python3.8/site-packages/airflow/example_dags/tutorial_objectstorage.py for tasks to queue
[2024-03-14T11:24:47.737+0000] {logging_mixin.py:188} INFO - [2024-03-14T11:24:47.737+0000] {dagbag.py:540} INFO - Filling up the DagBag from /home/airflow/.local/lib/python3.8/site-packages/airflow/example_dags/tutorial_objectstorage.py
[2024-03-14T11:24:47.740+0000] {processor.py:840} INFO - DAG(s) 'tutorial_objectstorage' retrieved from /home/airflow/.local/lib/python3.8/site-packages/airflow/example_dags/tutorial_objectstorage.py
[2024-03-14T11:24:47.748+0000] {logging_mixin.py:188} INFO - [2024-03-14T11:24:47.748+0000] {dag.py:3047} INFO - Sync 1 DAGs
[2024-03-14T11:24:47.753+0000] {logging_mixin.py:188} INFO - [2024-03-14T11:24:47.753+0000] {dag.py:3834} INFO - Setting next_dagrun for tutorial_objectstorage to None, run_after=None
[2024-03-14T11:24:47.761+0000] {processor.py:183} INFO - Processing /home/airflow/.local/lib/python3.8/site-packages/airflow/example_dags/tutorial_objectstorage.py took 0.027 seconds
[2024-03-14T11:25:18.176+0000] {processor.py:161} INFO - Started process (PID=3218) to work on /home/airflow/.local/lib/python3.8/site-packages/airflow/example_dags/tutorial_objectstorage.py
[2024-03-14T11:25:18.177+0000] {processor.py:830} INFO - Processing file /home/airflow/.local/lib/python3.8/site-packages/airflow/example_dags/tutorial_objectstorage.py for tasks to queue
[2024-03-14T11:25:18.178+0000] {logging_mixin.py:188} INFO - [2024-03-14T11:25:18.178+0000] {dagbag.py:540} INFO - Filling up the DagBag from /home/airflow/.local/lib/python3.8/site-packages/airflow/example_dags/tutorial_objectstorage.py
[2024-03-14T11:25:18.181+0000] {processor.py:840} INFO - DAG(s) 'tutorial_objectstorage' retrieved from /home/airflow/.local/lib/python3.8/site-packages/airflow/example_dags/tutorial_objectstorage.py
[2024-03-14T11:25:18.190+0000] {logging_mixin.py:188} INFO - [2024-03-14T11:25:18.190+0000] {dag.py:3047} INFO - Sync 1 DAGs
[2024-03-14T11:25:18.195+0000] {logging_mixin.py:188} INFO - [2024-03-14T11:25:18.195+0000] {dag.py:3834} INFO - Setting next_dagrun for tutorial_objectstorage to None, run_after=None
[2024-03-14T11:25:18.203+0000] {processor.py:183} INFO - Processing /home/airflow/.local/lib/python3.8/site-packages/airflow/example_dags/tutorial_objectstorage.py took 0.028 seconds
[2024-03-14T11:25:48.615+0000] {processor.py:161} INFO - Started process (PID=3273) to work on /home/airflow/.local/lib/python3.8/site-packages/airflow/example_dags/tutorial_objectstorage.py
[2024-03-14T11:25:48.616+0000] {processor.py:830} INFO - Processing file /home/airflow/.local/lib/python3.8/site-packages/airflow/example_dags/tutorial_objectstorage.py for tasks to queue
[2024-03-14T11:25:48.617+0000] {logging_mixin.py:188} INFO - [2024-03-14T11:25:48.616+0000] {dagbag.py:540} INFO - Filling up the DagBag from /home/airflow/.local/lib/python3.8/site-packages/airflow/example_dags/tutorial_objectstorage.py
[2024-03-14T11:25:48.620+0000] {processor.py:840} INFO - DAG(s) 'tutorial_objectstorage' retrieved from /home/airflow/.local/lib/python3.8/site-packages/airflow/example_dags/tutorial_objectstorage.py
[2024-03-14T11:25:48.629+0000] {logging_mixin.py:188} INFO - [2024-03-14T11:25:48.629+0000] {dag.py:3047} INFO - Sync 1 DAGs
[2024-03-14T11:25:48.635+0000] {logging_mixin.py:188} INFO - [2024-03-14T11:25:48.635+0000] {dag.py:3834} INFO - Setting next_dagrun for tutorial_objectstorage to None, run_after=None
[2024-03-14T11:25:48.642+0000] {processor.py:183} INFO - Processing /home/airflow/.local/lib/python3.8/site-packages/airflow/example_dags/tutorial_objectstorage.py took 0.029 seconds
[2024-03-14T11:26:19.149+0000] {processor.py:161} INFO - Started process (PID=3328) to work on /home/airflow/.local/lib/python3.8/site-packages/airflow/example_dags/tutorial_objectstorage.py
[2024-03-14T11:26:19.150+0000] {processor.py:830} INFO - Processing file /home/airflow/.local/lib/python3.8/site-packages/airflow/example_dags/tutorial_objectstorage.py for tasks to queue
[2024-03-14T11:26:19.150+0000] {logging_mixin.py:188} INFO - [2024-03-14T11:26:19.150+0000] {dagbag.py:540} INFO - Filling up the DagBag from /home/airflow/.local/lib/python3.8/site-packages/airflow/example_dags/tutorial_objectstorage.py
[2024-03-14T11:26:19.154+0000] {processor.py:840} INFO - DAG(s) 'tutorial_objectstorage' retrieved from /home/airflow/.local/lib/python3.8/site-packages/airflow/example_dags/tutorial_objectstorage.py
[2024-03-14T11:26:19.162+0000] {logging_mixin.py:188} INFO - [2024-03-14T11:26:19.162+0000] {dag.py:3047} INFO - Sync 1 DAGs
[2024-03-14T11:26:19.167+0000] {logging_mixin.py:188} INFO - [2024-03-14T11:26:19.167+0000] {dag.py:3834} INFO - Setting next_dagrun for tutorial_objectstorage to None, run_after=None
[2024-03-14T11:26:19.174+0000] {processor.py:183} INFO - Processing /home/airflow/.local/lib/python3.8/site-packages/airflow/example_dags/tutorial_objectstorage.py took 0.027 seconds
[2024-03-14T11:26:49.572+0000] {processor.py:161} INFO - Started process (PID=3383) to work on /home/airflow/.local/lib/python3.8/site-packages/airflow/example_dags/tutorial_objectstorage.py
[2024-03-14T11:26:49.573+0000] {processor.py:830} INFO - Processing file /home/airflow/.local/lib/python3.8/site-packages/airflow/example_dags/tutorial_objectstorage.py for tasks to queue
[2024-03-14T11:26:49.574+0000] {logging_mixin.py:188} INFO - [2024-03-14T11:26:49.574+0000] {dagbag.py:540} INFO - Filling up the DagBag from /home/airflow/.local/lib/python3.8/site-packages/airflow/example_dags/tutorial_objectstorage.py
[2024-03-14T11:26:49.577+0000] {processor.py:840} INFO - DAG(s) 'tutorial_objectstorage' retrieved from /home/airflow/.local/lib/python3.8/site-packages/airflow/example_dags/tutorial_objectstorage.py
[2024-03-14T11:26:49.586+0000] {logging_mixin.py:188} INFO - [2024-03-14T11:26:49.585+0000] {dag.py:3047} INFO - Sync 1 DAGs
[2024-03-14T11:26:49.591+0000] {logging_mixin.py:188} INFO - [2024-03-14T11:26:49.591+0000] {dag.py:3834} INFO - Setting next_dagrun for tutorial_objectstorage to None, run_after=None
[2024-03-14T11:26:49.598+0000] {processor.py:183} INFO - Processing /home/airflow/.local/lib/python3.8/site-packages/airflow/example_dags/tutorial_objectstorage.py took 0.027 seconds
[2024-03-14T11:27:20.048+0000] {processor.py:161} INFO - Started process (PID=3438) to work on /home/airflow/.local/lib/python3.8/site-packages/airflow/example_dags/tutorial_objectstorage.py
[2024-03-14T11:27:20.049+0000] {processor.py:830} INFO - Processing file /home/airflow/.local/lib/python3.8/site-packages/airflow/example_dags/tutorial_objectstorage.py for tasks to queue
[2024-03-14T11:27:20.050+0000] {logging_mixin.py:188} INFO - [2024-03-14T11:27:20.050+0000] {dagbag.py:540} INFO - Filling up the DagBag from /home/airflow/.local/lib/python3.8/site-packages/airflow/example_dags/tutorial_objectstorage.py
[2024-03-14T11:27:20.054+0000] {processor.py:840} INFO - DAG(s) 'tutorial_objectstorage' retrieved from /home/airflow/.local/lib/python3.8/site-packages/airflow/example_dags/tutorial_objectstorage.py
[2024-03-14T11:27:20.065+0000] {logging_mixin.py:188} INFO - [2024-03-14T11:27:20.065+0000] {dag.py:3047} INFO - Sync 1 DAGs
[2024-03-14T11:27:20.070+0000] {logging_mixin.py:188} INFO - [2024-03-14T11:27:20.070+0000] {dag.py:3834} INFO - Setting next_dagrun for tutorial_objectstorage to None, run_after=None
[2024-03-14T11:27:20.077+0000] {processor.py:183} INFO - Processing /home/airflow/.local/lib/python3.8/site-packages/airflow/example_dags/tutorial_objectstorage.py took 0.031 seconds
[2024-03-14T11:27:50.481+0000] {processor.py:161} INFO - Started process (PID=3498) to work on /home/airflow/.local/lib/python3.8/site-packages/airflow/example_dags/tutorial_objectstorage.py
[2024-03-14T11:27:50.482+0000] {processor.py:830} INFO - Processing file /home/airflow/.local/lib/python3.8/site-packages/airflow/example_dags/tutorial_objectstorage.py for tasks to queue
[2024-03-14T11:27:50.482+0000] {logging_mixin.py:188} INFO - [2024-03-14T11:27:50.482+0000] {dagbag.py:540} INFO - Filling up the DagBag from /home/airflow/.local/lib/python3.8/site-packages/airflow/example_dags/tutorial_objectstorage.py
[2024-03-14T11:27:50.486+0000] {processor.py:840} INFO - DAG(s) 'tutorial_objectstorage' retrieved from /home/airflow/.local/lib/python3.8/site-packages/airflow/example_dags/tutorial_objectstorage.py
[2024-03-14T11:27:50.495+0000] {logging_mixin.py:188} INFO - [2024-03-14T11:27:50.495+0000] {dag.py:3047} INFO - Sync 1 DAGs
[2024-03-14T11:27:50.500+0000] {logging_mixin.py:188} INFO - [2024-03-14T11:27:50.500+0000] {dag.py:3834} INFO - Setting next_dagrun for tutorial_objectstorage to None, run_after=None
[2024-03-14T11:27:50.508+0000] {processor.py:183} INFO - Processing /home/airflow/.local/lib/python3.8/site-packages/airflow/example_dags/tutorial_objectstorage.py took 0.029 seconds
[2024-03-14T11:28:21.219+0000] {processor.py:161} INFO - Started process (PID=3553) to work on /home/airflow/.local/lib/python3.8/site-packages/airflow/example_dags/tutorial_objectstorage.py
[2024-03-14T11:28:21.220+0000] {processor.py:830} INFO - Processing file /home/airflow/.local/lib/python3.8/site-packages/airflow/example_dags/tutorial_objectstorage.py for tasks to queue
[2024-03-14T11:28:21.221+0000] {logging_mixin.py:188} INFO - [2024-03-14T11:28:21.221+0000] {dagbag.py:540} INFO - Filling up the DagBag from /home/airflow/.local/lib/python3.8/site-packages/airflow/example_dags/tutorial_objectstorage.py
[2024-03-14T11:28:21.225+0000] {processor.py:840} INFO - DAG(s) 'tutorial_objectstorage' retrieved from /home/airflow/.local/lib/python3.8/site-packages/airflow/example_dags/tutorial_objectstorage.py
[2024-03-14T11:28:21.240+0000] {logging_mixin.py:188} INFO - [2024-03-14T11:28:21.240+0000] {dag.py:3047} INFO - Sync 1 DAGs
[2024-03-14T11:28:21.247+0000] {logging_mixin.py:188} INFO - [2024-03-14T11:28:21.247+0000] {dag.py:3834} INFO - Setting next_dagrun for tutorial_objectstorage to None, run_after=None
[2024-03-14T11:28:21.259+0000] {processor.py:183} INFO - Processing /home/airflow/.local/lib/python3.8/site-packages/airflow/example_dags/tutorial_objectstorage.py took 0.043 seconds
[2024-03-14T11:28:51.643+0000] {processor.py:161} INFO - Started process (PID=3608) to work on /home/airflow/.local/lib/python3.8/site-packages/airflow/example_dags/tutorial_objectstorage.py
[2024-03-14T11:28:51.644+0000] {processor.py:830} INFO - Processing file /home/airflow/.local/lib/python3.8/site-packages/airflow/example_dags/tutorial_objectstorage.py for tasks to queue
[2024-03-14T11:28:51.645+0000] {logging_mixin.py:188} INFO - [2024-03-14T11:28:51.645+0000] {dagbag.py:540} INFO - Filling up the DagBag from /home/airflow/.local/lib/python3.8/site-packages/airflow/example_dags/tutorial_objectstorage.py
[2024-03-14T11:28:51.648+0000] {processor.py:840} INFO - DAG(s) 'tutorial_objectstorage' retrieved from /home/airflow/.local/lib/python3.8/site-packages/airflow/example_dags/tutorial_objectstorage.py
[2024-03-14T11:28:51.658+0000] {logging_mixin.py:188} INFO - [2024-03-14T11:28:51.658+0000] {dag.py:3047} INFO - Sync 1 DAGs
[2024-03-14T11:28:51.663+0000] {logging_mixin.py:188} INFO - [2024-03-14T11:28:51.663+0000] {dag.py:3834} INFO - Setting next_dagrun for tutorial_objectstorage to None, run_after=None
[2024-03-14T11:28:51.671+0000] {processor.py:183} INFO - Processing /home/airflow/.local/lib/python3.8/site-packages/airflow/example_dags/tutorial_objectstorage.py took 0.030 seconds
