[2024-03-14T10:55:55.472+0000] {processor.py:161} INFO - Started process (PID=73) to work on /home/airflow/.local/lib/python3.8/site-packages/airflow/example_dags/tutorial.py
[2024-03-14T10:55:55.473+0000] {processor.py:830} INFO - Processing file /home/airflow/.local/lib/python3.8/site-packages/airflow/example_dags/tutorial.py for tasks to queue
[2024-03-14T10:55:55.475+0000] {logging_mixin.py:188} INFO - [2024-03-14T10:55:55.475+0000] {dagbag.py:540} INFO - Filling up the DagBag from /home/airflow/.local/lib/python3.8/site-packages/airflow/example_dags/tutorial.py
[2024-03-14T10:55:55.479+0000] {processor.py:840} INFO - DAG(s) 'tutorial' retrieved from /home/airflow/.local/lib/python3.8/site-packages/airflow/example_dags/tutorial.py
[2024-03-14T10:55:55.493+0000] {logging_mixin.py:188} INFO - [2024-03-14T10:55:55.493+0000] {dag.py:3047} INFO - Sync 1 DAGs
[2024-03-14T10:55:55.513+0000] {logging_mixin.py:188} INFO - [2024-03-14T10:55:55.512+0000] {dag.py:3834} INFO - Setting next_dagrun for tutorial to 2024-03-13 00:00:00+00:00, run_after=2024-03-14 00:00:00+00:00
[2024-03-14T10:55:55.526+0000] {processor.py:183} INFO - Processing /home/airflow/.local/lib/python3.8/site-packages/airflow/example_dags/tutorial.py took 0.058 seconds
[2024-03-14T10:56:25.589+0000] {processor.py:161} INFO - Started process (PID=128) to work on /home/airflow/.local/lib/python3.8/site-packages/airflow/example_dags/tutorial.py
[2024-03-14T10:56:25.590+0000] {processor.py:830} INFO - Processing file /home/airflow/.local/lib/python3.8/site-packages/airflow/example_dags/tutorial.py for tasks to queue
[2024-03-14T10:56:25.591+0000] {logging_mixin.py:188} INFO - [2024-03-14T10:56:25.590+0000] {dagbag.py:540} INFO - Filling up the DagBag from /home/airflow/.local/lib/python3.8/site-packages/airflow/example_dags/tutorial.py
[2024-03-14T10:56:25.594+0000] {processor.py:840} INFO - DAG(s) 'tutorial' retrieved from /home/airflow/.local/lib/python3.8/site-packages/airflow/example_dags/tutorial.py
[2024-03-14T10:56:25.635+0000] {logging_mixin.py:188} INFO - [2024-03-14T10:56:25.635+0000] {dag.py:3047} INFO - Sync 1 DAGs
[2024-03-14T10:56:25.643+0000] {logging_mixin.py:188} INFO - [2024-03-14T10:56:25.642+0000] {dag.py:3834} INFO - Setting next_dagrun for tutorial to 2024-03-13 00:00:00+00:00, run_after=2024-03-14 00:00:00+00:00
[2024-03-14T10:56:25.649+0000] {processor.py:183} INFO - Processing /home/airflow/.local/lib/python3.8/site-packages/airflow/example_dags/tutorial.py took 0.062 seconds
[2024-03-14T10:56:56.547+0000] {processor.py:161} INFO - Started process (PID=183) to work on /home/airflow/.local/lib/python3.8/site-packages/airflow/example_dags/tutorial.py
[2024-03-14T10:56:56.547+0000] {processor.py:830} INFO - Processing file /home/airflow/.local/lib/python3.8/site-packages/airflow/example_dags/tutorial.py for tasks to queue
[2024-03-14T10:56:56.548+0000] {logging_mixin.py:188} INFO - [2024-03-14T10:56:56.548+0000] {dagbag.py:540} INFO - Filling up the DagBag from /home/airflow/.local/lib/python3.8/site-packages/airflow/example_dags/tutorial.py
[2024-03-14T10:56:56.551+0000] {processor.py:840} INFO - DAG(s) 'tutorial' retrieved from /home/airflow/.local/lib/python3.8/site-packages/airflow/example_dags/tutorial.py
[2024-03-14T10:56:56.559+0000] {logging_mixin.py:188} INFO - [2024-03-14T10:56:56.559+0000] {dag.py:3047} INFO - Sync 1 DAGs
[2024-03-14T10:56:56.568+0000] {logging_mixin.py:188} INFO - [2024-03-14T10:56:56.567+0000] {dag.py:3834} INFO - Setting next_dagrun for tutorial to 2024-03-13 00:00:00+00:00, run_after=2024-03-14 00:00:00+00:00
[2024-03-14T10:56:56.574+0000] {processor.py:183} INFO - Processing /home/airflow/.local/lib/python3.8/site-packages/airflow/example_dags/tutorial.py took 0.029 seconds
[2024-03-14T10:57:26.921+0000] {processor.py:161} INFO - Started process (PID=237) to work on /home/airflow/.local/lib/python3.8/site-packages/airflow/example_dags/tutorial.py
[2024-03-14T10:57:26.922+0000] {processor.py:830} INFO - Processing file /home/airflow/.local/lib/python3.8/site-packages/airflow/example_dags/tutorial.py for tasks to queue
[2024-03-14T10:57:26.923+0000] {logging_mixin.py:188} INFO - [2024-03-14T10:57:26.922+0000] {dagbag.py:540} INFO - Filling up the DagBag from /home/airflow/.local/lib/python3.8/site-packages/airflow/example_dags/tutorial.py
[2024-03-14T10:57:26.925+0000] {processor.py:840} INFO - DAG(s) 'tutorial' retrieved from /home/airflow/.local/lib/python3.8/site-packages/airflow/example_dags/tutorial.py
[2024-03-14T10:57:26.934+0000] {logging_mixin.py:188} INFO - [2024-03-14T10:57:26.934+0000] {dag.py:3047} INFO - Sync 1 DAGs
[2024-03-14T10:57:26.943+0000] {logging_mixin.py:188} INFO - [2024-03-14T10:57:26.943+0000] {dag.py:3834} INFO - Setting next_dagrun for tutorial to 2024-03-13 00:00:00+00:00, run_after=2024-03-14 00:00:00+00:00
[2024-03-14T10:57:26.950+0000] {processor.py:183} INFO - Processing /home/airflow/.local/lib/python3.8/site-packages/airflow/example_dags/tutorial.py took 0.030 seconds
[2024-03-14T10:57:57.311+0000] {processor.py:161} INFO - Started process (PID=292) to work on /home/airflow/.local/lib/python3.8/site-packages/airflow/example_dags/tutorial.py
[2024-03-14T10:57:57.311+0000] {processor.py:830} INFO - Processing file /home/airflow/.local/lib/python3.8/site-packages/airflow/example_dags/tutorial.py for tasks to queue
[2024-03-14T10:57:57.312+0000] {logging_mixin.py:188} INFO - [2024-03-14T10:57:57.312+0000] {dagbag.py:540} INFO - Filling up the DagBag from /home/airflow/.local/lib/python3.8/site-packages/airflow/example_dags/tutorial.py
[2024-03-14T10:57:57.315+0000] {processor.py:840} INFO - DAG(s) 'tutorial' retrieved from /home/airflow/.local/lib/python3.8/site-packages/airflow/example_dags/tutorial.py
[2024-03-14T10:57:57.323+0000] {logging_mixin.py:188} INFO - [2024-03-14T10:57:57.322+0000] {dag.py:3047} INFO - Sync 1 DAGs
[2024-03-14T10:57:57.331+0000] {logging_mixin.py:188} INFO - [2024-03-14T10:57:57.331+0000] {dag.py:3834} INFO - Setting next_dagrun for tutorial to 2024-03-13 00:00:00+00:00, run_after=2024-03-14 00:00:00+00:00
[2024-03-14T10:57:57.338+0000] {processor.py:183} INFO - Processing /home/airflow/.local/lib/python3.8/site-packages/airflow/example_dags/tutorial.py took 0.029 seconds
[2024-03-14T10:58:27.626+0000] {processor.py:161} INFO - Started process (PID=347) to work on /home/airflow/.local/lib/python3.8/site-packages/airflow/example_dags/tutorial.py
[2024-03-14T10:58:27.626+0000] {processor.py:830} INFO - Processing file /home/airflow/.local/lib/python3.8/site-packages/airflow/example_dags/tutorial.py for tasks to queue
[2024-03-14T10:58:27.627+0000] {logging_mixin.py:188} INFO - [2024-03-14T10:58:27.627+0000] {dagbag.py:540} INFO - Filling up the DagBag from /home/airflow/.local/lib/python3.8/site-packages/airflow/example_dags/tutorial.py
[2024-03-14T10:58:27.630+0000] {processor.py:840} INFO - DAG(s) 'tutorial' retrieved from /home/airflow/.local/lib/python3.8/site-packages/airflow/example_dags/tutorial.py
[2024-03-14T10:58:27.638+0000] {logging_mixin.py:188} INFO - [2024-03-14T10:58:27.638+0000] {dag.py:3047} INFO - Sync 1 DAGs
[2024-03-14T10:58:27.647+0000] {logging_mixin.py:188} INFO - [2024-03-14T10:58:27.647+0000] {dag.py:3834} INFO - Setting next_dagrun for tutorial to 2024-03-13 00:00:00+00:00, run_after=2024-03-14 00:00:00+00:00
[2024-03-14T10:58:27.654+0000] {processor.py:183} INFO - Processing /home/airflow/.local/lib/python3.8/site-packages/airflow/example_dags/tutorial.py took 0.030 seconds
[2024-03-14T10:58:58.031+0000] {processor.py:161} INFO - Started process (PID=402) to work on /home/airflow/.local/lib/python3.8/site-packages/airflow/example_dags/tutorial.py
[2024-03-14T10:58:58.032+0000] {processor.py:830} INFO - Processing file /home/airflow/.local/lib/python3.8/site-packages/airflow/example_dags/tutorial.py for tasks to queue
[2024-03-14T10:58:58.033+0000] {logging_mixin.py:188} INFO - [2024-03-14T10:58:58.033+0000] {dagbag.py:540} INFO - Filling up the DagBag from /home/airflow/.local/lib/python3.8/site-packages/airflow/example_dags/tutorial.py
[2024-03-14T10:58:58.035+0000] {processor.py:840} INFO - DAG(s) 'tutorial' retrieved from /home/airflow/.local/lib/python3.8/site-packages/airflow/example_dags/tutorial.py
[2024-03-14T10:58:58.043+0000] {logging_mixin.py:188} INFO - [2024-03-14T10:58:58.043+0000] {dag.py:3047} INFO - Sync 1 DAGs
[2024-03-14T10:58:58.051+0000] {logging_mixin.py:188} INFO - [2024-03-14T10:58:58.051+0000] {dag.py:3834} INFO - Setting next_dagrun for tutorial to 2024-03-13 00:00:00+00:00, run_after=2024-03-14 00:00:00+00:00
[2024-03-14T10:58:58.058+0000] {processor.py:183} INFO - Processing /home/airflow/.local/lib/python3.8/site-packages/airflow/example_dags/tutorial.py took 0.028 seconds
[2024-03-14T10:59:28.411+0000] {processor.py:161} INFO - Started process (PID=457) to work on /home/airflow/.local/lib/python3.8/site-packages/airflow/example_dags/tutorial.py
[2024-03-14T10:59:28.411+0000] {processor.py:830} INFO - Processing file /home/airflow/.local/lib/python3.8/site-packages/airflow/example_dags/tutorial.py for tasks to queue
[2024-03-14T10:59:28.412+0000] {logging_mixin.py:188} INFO - [2024-03-14T10:59:28.412+0000] {dagbag.py:540} INFO - Filling up the DagBag from /home/airflow/.local/lib/python3.8/site-packages/airflow/example_dags/tutorial.py
[2024-03-14T10:59:28.415+0000] {processor.py:840} INFO - DAG(s) 'tutorial' retrieved from /home/airflow/.local/lib/python3.8/site-packages/airflow/example_dags/tutorial.py
[2024-03-14T10:59:28.423+0000] {logging_mixin.py:188} INFO - [2024-03-14T10:59:28.423+0000] {dag.py:3047} INFO - Sync 1 DAGs
[2024-03-14T10:59:28.432+0000] {logging_mixin.py:188} INFO - [2024-03-14T10:59:28.432+0000] {dag.py:3834} INFO - Setting next_dagrun for tutorial to 2024-03-13 00:00:00+00:00, run_after=2024-03-14 00:00:00+00:00
[2024-03-14T10:59:28.439+0000] {processor.py:183} INFO - Processing /home/airflow/.local/lib/python3.8/site-packages/airflow/example_dags/tutorial.py took 0.030 seconds
[2024-03-14T10:59:58.791+0000] {processor.py:161} INFO - Started process (PID=512) to work on /home/airflow/.local/lib/python3.8/site-packages/airflow/example_dags/tutorial.py
[2024-03-14T10:59:58.792+0000] {processor.py:830} INFO - Processing file /home/airflow/.local/lib/python3.8/site-packages/airflow/example_dags/tutorial.py for tasks to queue
[2024-03-14T10:59:58.793+0000] {logging_mixin.py:188} INFO - [2024-03-14T10:59:58.793+0000] {dagbag.py:540} INFO - Filling up the DagBag from /home/airflow/.local/lib/python3.8/site-packages/airflow/example_dags/tutorial.py
[2024-03-14T10:59:58.796+0000] {processor.py:840} INFO - DAG(s) 'tutorial' retrieved from /home/airflow/.local/lib/python3.8/site-packages/airflow/example_dags/tutorial.py
[2024-03-14T10:59:58.804+0000] {logging_mixin.py:188} INFO - [2024-03-14T10:59:58.804+0000] {dag.py:3047} INFO - Sync 1 DAGs
[2024-03-14T10:59:58.813+0000] {logging_mixin.py:188} INFO - [2024-03-14T10:59:58.813+0000] {dag.py:3834} INFO - Setting next_dagrun for tutorial to 2024-03-13 00:00:00+00:00, run_after=2024-03-14 00:00:00+00:00
[2024-03-14T10:59:58.820+0000] {processor.py:183} INFO - Processing /home/airflow/.local/lib/python3.8/site-packages/airflow/example_dags/tutorial.py took 0.030 seconds
[2024-03-14T11:00:29.171+0000] {processor.py:161} INFO - Started process (PID=566) to work on /home/airflow/.local/lib/python3.8/site-packages/airflow/example_dags/tutorial.py
[2024-03-14T11:00:29.172+0000] {processor.py:830} INFO - Processing file /home/airflow/.local/lib/python3.8/site-packages/airflow/example_dags/tutorial.py for tasks to queue
[2024-03-14T11:00:29.173+0000] {logging_mixin.py:188} INFO - [2024-03-14T11:00:29.173+0000] {dagbag.py:540} INFO - Filling up the DagBag from /home/airflow/.local/lib/python3.8/site-packages/airflow/example_dags/tutorial.py
[2024-03-14T11:00:29.176+0000] {processor.py:840} INFO - DAG(s) 'tutorial' retrieved from /home/airflow/.local/lib/python3.8/site-packages/airflow/example_dags/tutorial.py
[2024-03-14T11:00:29.185+0000] {logging_mixin.py:188} INFO - [2024-03-14T11:00:29.185+0000] {dag.py:3047} INFO - Sync 1 DAGs
[2024-03-14T11:00:29.193+0000] {logging_mixin.py:188} INFO - [2024-03-14T11:00:29.193+0000] {dag.py:3834} INFO - Setting next_dagrun for tutorial to 2024-03-13 00:00:00+00:00, run_after=2024-03-14 00:00:00+00:00
[2024-03-14T11:00:29.200+0000] {processor.py:183} INFO - Processing /home/airflow/.local/lib/python3.8/site-packages/airflow/example_dags/tutorial.py took 0.031 seconds
[2024-03-14T11:00:59.645+0000] {processor.py:161} INFO - Started process (PID=621) to work on /home/airflow/.local/lib/python3.8/site-packages/airflow/example_dags/tutorial.py
[2024-03-14T11:00:59.645+0000] {processor.py:830} INFO - Processing file /home/airflow/.local/lib/python3.8/site-packages/airflow/example_dags/tutorial.py for tasks to queue
[2024-03-14T11:00:59.646+0000] {logging_mixin.py:188} INFO - [2024-03-14T11:00:59.646+0000] {dagbag.py:540} INFO - Filling up the DagBag from /home/airflow/.local/lib/python3.8/site-packages/airflow/example_dags/tutorial.py
[2024-03-14T11:00:59.649+0000] {processor.py:840} INFO - DAG(s) 'tutorial' retrieved from /home/airflow/.local/lib/python3.8/site-packages/airflow/example_dags/tutorial.py
[2024-03-14T11:00:59.658+0000] {logging_mixin.py:188} INFO - [2024-03-14T11:00:59.658+0000] {dag.py:3047} INFO - Sync 1 DAGs
[2024-03-14T11:00:59.667+0000] {logging_mixin.py:188} INFO - [2024-03-14T11:00:59.667+0000] {dag.py:3834} INFO - Setting next_dagrun for tutorial to 2024-03-13 00:00:00+00:00, run_after=2024-03-14 00:00:00+00:00
[2024-03-14T11:00:59.674+0000] {processor.py:183} INFO - Processing /home/airflow/.local/lib/python3.8/site-packages/airflow/example_dags/tutorial.py took 0.031 seconds
[2024-03-14T11:01:30.206+0000] {processor.py:161} INFO - Started process (PID=675) to work on /home/airflow/.local/lib/python3.8/site-packages/airflow/example_dags/tutorial.py
[2024-03-14T11:01:30.206+0000] {processor.py:830} INFO - Processing file /home/airflow/.local/lib/python3.8/site-packages/airflow/example_dags/tutorial.py for tasks to queue
[2024-03-14T11:01:30.207+0000] {logging_mixin.py:188} INFO - [2024-03-14T11:01:30.207+0000] {dagbag.py:540} INFO - Filling up the DagBag from /home/airflow/.local/lib/python3.8/site-packages/airflow/example_dags/tutorial.py
[2024-03-14T11:01:30.210+0000] {processor.py:840} INFO - DAG(s) 'tutorial' retrieved from /home/airflow/.local/lib/python3.8/site-packages/airflow/example_dags/tutorial.py
[2024-03-14T11:01:30.219+0000] {logging_mixin.py:188} INFO - [2024-03-14T11:01:30.219+0000] {dag.py:3047} INFO - Sync 1 DAGs
[2024-03-14T11:01:30.228+0000] {logging_mixin.py:188} INFO - [2024-03-14T11:01:30.228+0000] {dag.py:3834} INFO - Setting next_dagrun for tutorial to 2024-03-13 00:00:00+00:00, run_after=2024-03-14 00:00:00+00:00
[2024-03-14T11:01:30.235+0000] {processor.py:183} INFO - Processing /home/airflow/.local/lib/python3.8/site-packages/airflow/example_dags/tutorial.py took 0.032 seconds
[2024-03-14T11:02:00.716+0000] {processor.py:161} INFO - Started process (PID=730) to work on /home/airflow/.local/lib/python3.8/site-packages/airflow/example_dags/tutorial.py
[2024-03-14T11:02:00.717+0000] {processor.py:830} INFO - Processing file /home/airflow/.local/lib/python3.8/site-packages/airflow/example_dags/tutorial.py for tasks to queue
[2024-03-14T11:02:00.718+0000] {logging_mixin.py:188} INFO - [2024-03-14T11:02:00.718+0000] {dagbag.py:540} INFO - Filling up the DagBag from /home/airflow/.local/lib/python3.8/site-packages/airflow/example_dags/tutorial.py
[2024-03-14T11:02:00.720+0000] {processor.py:840} INFO - DAG(s) 'tutorial' retrieved from /home/airflow/.local/lib/python3.8/site-packages/airflow/example_dags/tutorial.py
[2024-03-14T11:02:00.729+0000] {logging_mixin.py:188} INFO - [2024-03-14T11:02:00.729+0000] {dag.py:3047} INFO - Sync 1 DAGs
[2024-03-14T11:02:00.737+0000] {logging_mixin.py:188} INFO - [2024-03-14T11:02:00.737+0000] {dag.py:3834} INFO - Setting next_dagrun for tutorial to 2024-03-13 00:00:00+00:00, run_after=2024-03-14 00:00:00+00:00
[2024-03-14T11:02:00.744+0000] {processor.py:183} INFO - Processing /home/airflow/.local/lib/python3.8/site-packages/airflow/example_dags/tutorial.py took 0.029 seconds
[2024-03-14T11:02:31.266+0000] {processor.py:161} INFO - Started process (PID=786) to work on /home/airflow/.local/lib/python3.8/site-packages/airflow/example_dags/tutorial.py
[2024-03-14T11:02:31.266+0000] {processor.py:830} INFO - Processing file /home/airflow/.local/lib/python3.8/site-packages/airflow/example_dags/tutorial.py for tasks to queue
[2024-03-14T11:02:31.267+0000] {logging_mixin.py:188} INFO - [2024-03-14T11:02:31.267+0000] {dagbag.py:540} INFO - Filling up the DagBag from /home/airflow/.local/lib/python3.8/site-packages/airflow/example_dags/tutorial.py
[2024-03-14T11:02:31.270+0000] {processor.py:840} INFO - DAG(s) 'tutorial' retrieved from /home/airflow/.local/lib/python3.8/site-packages/airflow/example_dags/tutorial.py
[2024-03-14T11:02:31.279+0000] {logging_mixin.py:188} INFO - [2024-03-14T11:02:31.278+0000] {dag.py:3047} INFO - Sync 1 DAGs
[2024-03-14T11:02:31.287+0000] {logging_mixin.py:188} INFO - [2024-03-14T11:02:31.287+0000] {dag.py:3834} INFO - Setting next_dagrun for tutorial to 2024-03-13 00:00:00+00:00, run_after=2024-03-14 00:00:00+00:00
[2024-03-14T11:02:31.295+0000] {processor.py:183} INFO - Processing /home/airflow/.local/lib/python3.8/site-packages/airflow/example_dags/tutorial.py took 0.031 seconds
[2024-03-14T11:03:01.666+0000] {processor.py:161} INFO - Started process (PID=841) to work on /home/airflow/.local/lib/python3.8/site-packages/airflow/example_dags/tutorial.py
[2024-03-14T11:03:01.668+0000] {processor.py:830} INFO - Processing file /home/airflow/.local/lib/python3.8/site-packages/airflow/example_dags/tutorial.py for tasks to queue
[2024-03-14T11:03:01.671+0000] {logging_mixin.py:188} INFO - [2024-03-14T11:03:01.671+0000] {dagbag.py:540} INFO - Filling up the DagBag from /home/airflow/.local/lib/python3.8/site-packages/airflow/example_dags/tutorial.py
[2024-03-14T11:03:01.674+0000] {processor.py:840} INFO - DAG(s) 'tutorial' retrieved from /home/airflow/.local/lib/python3.8/site-packages/airflow/example_dags/tutorial.py
[2024-03-14T11:03:01.686+0000] {logging_mixin.py:188} INFO - [2024-03-14T11:03:01.686+0000] {dag.py:3047} INFO - Sync 1 DAGs
[2024-03-14T11:03:01.696+0000] {logging_mixin.py:188} INFO - [2024-03-14T11:03:01.696+0000] {dag.py:3834} INFO - Setting next_dagrun for tutorial to 2024-03-13 00:00:00+00:00, run_after=2024-03-14 00:00:00+00:00
[2024-03-14T11:03:01.704+0000] {processor.py:183} INFO - Processing /home/airflow/.local/lib/python3.8/site-packages/airflow/example_dags/tutorial.py took 0.040 seconds
[2024-03-14T11:03:32.144+0000] {processor.py:161} INFO - Started process (PID=896) to work on /home/airflow/.local/lib/python3.8/site-packages/airflow/example_dags/tutorial.py
[2024-03-14T11:03:32.145+0000] {processor.py:830} INFO - Processing file /home/airflow/.local/lib/python3.8/site-packages/airflow/example_dags/tutorial.py for tasks to queue
[2024-03-14T11:03:32.147+0000] {logging_mixin.py:188} INFO - [2024-03-14T11:03:32.147+0000] {dagbag.py:540} INFO - Filling up the DagBag from /home/airflow/.local/lib/python3.8/site-packages/airflow/example_dags/tutorial.py
[2024-03-14T11:03:32.151+0000] {processor.py:840} INFO - DAG(s) 'tutorial' retrieved from /home/airflow/.local/lib/python3.8/site-packages/airflow/example_dags/tutorial.py
[2024-03-14T11:03:32.161+0000] {logging_mixin.py:188} INFO - [2024-03-14T11:03:32.161+0000] {dag.py:3047} INFO - Sync 1 DAGs
[2024-03-14T11:03:32.170+0000] {logging_mixin.py:188} INFO - [2024-03-14T11:03:32.170+0000] {dag.py:3834} INFO - Setting next_dagrun for tutorial to 2024-03-13 00:00:00+00:00, run_after=2024-03-14 00:00:00+00:00
[2024-03-14T11:03:32.178+0000] {processor.py:183} INFO - Processing /home/airflow/.local/lib/python3.8/site-packages/airflow/example_dags/tutorial.py took 0.036 seconds
[2024-03-14T11:04:02.494+0000] {processor.py:161} INFO - Started process (PID=951) to work on /home/airflow/.local/lib/python3.8/site-packages/airflow/example_dags/tutorial.py
[2024-03-14T11:04:02.494+0000] {processor.py:830} INFO - Processing file /home/airflow/.local/lib/python3.8/site-packages/airflow/example_dags/tutorial.py for tasks to queue
[2024-03-14T11:04:02.495+0000] {logging_mixin.py:188} INFO - [2024-03-14T11:04:02.495+0000] {dagbag.py:540} INFO - Filling up the DagBag from /home/airflow/.local/lib/python3.8/site-packages/airflow/example_dags/tutorial.py
[2024-03-14T11:04:02.498+0000] {processor.py:840} INFO - DAG(s) 'tutorial' retrieved from /home/airflow/.local/lib/python3.8/site-packages/airflow/example_dags/tutorial.py
[2024-03-14T11:04:02.506+0000] {logging_mixin.py:188} INFO - [2024-03-14T11:04:02.506+0000] {dag.py:3047} INFO - Sync 1 DAGs
[2024-03-14T11:04:02.515+0000] {logging_mixin.py:188} INFO - [2024-03-14T11:04:02.515+0000] {dag.py:3834} INFO - Setting next_dagrun for tutorial to 2024-03-13 00:00:00+00:00, run_after=2024-03-14 00:00:00+00:00
[2024-03-14T11:04:02.522+0000] {processor.py:183} INFO - Processing /home/airflow/.local/lib/python3.8/site-packages/airflow/example_dags/tutorial.py took 0.030 seconds
[2024-03-14T11:04:33.027+0000] {processor.py:161} INFO - Started process (PID=1006) to work on /home/airflow/.local/lib/python3.8/site-packages/airflow/example_dags/tutorial.py
[2024-03-14T11:04:33.027+0000] {processor.py:830} INFO - Processing file /home/airflow/.local/lib/python3.8/site-packages/airflow/example_dags/tutorial.py for tasks to queue
[2024-03-14T11:04:33.028+0000] {logging_mixin.py:188} INFO - [2024-03-14T11:04:33.028+0000] {dagbag.py:540} INFO - Filling up the DagBag from /home/airflow/.local/lib/python3.8/site-packages/airflow/example_dags/tutorial.py
[2024-03-14T11:04:33.031+0000] {processor.py:840} INFO - DAG(s) 'tutorial' retrieved from /home/airflow/.local/lib/python3.8/site-packages/airflow/example_dags/tutorial.py
[2024-03-14T11:04:33.039+0000] {logging_mixin.py:188} INFO - [2024-03-14T11:04:33.039+0000] {dag.py:3047} INFO - Sync 1 DAGs
[2024-03-14T11:04:33.047+0000] {logging_mixin.py:188} INFO - [2024-03-14T11:04:33.047+0000] {dag.py:3834} INFO - Setting next_dagrun for tutorial to 2024-03-13 00:00:00+00:00, run_after=2024-03-14 00:00:00+00:00
[2024-03-14T11:04:33.054+0000] {processor.py:183} INFO - Processing /home/airflow/.local/lib/python3.8/site-packages/airflow/example_dags/tutorial.py took 0.029 seconds
[2024-03-14T11:05:03.445+0000] {processor.py:161} INFO - Started process (PID=1061) to work on /home/airflow/.local/lib/python3.8/site-packages/airflow/example_dags/tutorial.py
[2024-03-14T11:05:03.445+0000] {processor.py:830} INFO - Processing file /home/airflow/.local/lib/python3.8/site-packages/airflow/example_dags/tutorial.py for tasks to queue
[2024-03-14T11:05:03.446+0000] {logging_mixin.py:188} INFO - [2024-03-14T11:05:03.446+0000] {dagbag.py:540} INFO - Filling up the DagBag from /home/airflow/.local/lib/python3.8/site-packages/airflow/example_dags/tutorial.py
[2024-03-14T11:05:03.449+0000] {processor.py:840} INFO - DAG(s) 'tutorial' retrieved from /home/airflow/.local/lib/python3.8/site-packages/airflow/example_dags/tutorial.py
[2024-03-14T11:05:03.457+0000] {logging_mixin.py:188} INFO - [2024-03-14T11:05:03.457+0000] {dag.py:3047} INFO - Sync 1 DAGs
[2024-03-14T11:05:03.465+0000] {logging_mixin.py:188} INFO - [2024-03-14T11:05:03.465+0000] {dag.py:3834} INFO - Setting next_dagrun for tutorial to 2024-03-13 00:00:00+00:00, run_after=2024-03-14 00:00:00+00:00
[2024-03-14T11:05:03.472+0000] {processor.py:183} INFO - Processing /home/airflow/.local/lib/python3.8/site-packages/airflow/example_dags/tutorial.py took 0.029 seconds
[2024-03-14T11:05:33.838+0000] {processor.py:161} INFO - Started process (PID=1116) to work on /home/airflow/.local/lib/python3.8/site-packages/airflow/example_dags/tutorial.py
[2024-03-14T11:05:33.839+0000] {processor.py:830} INFO - Processing file /home/airflow/.local/lib/python3.8/site-packages/airflow/example_dags/tutorial.py for tasks to queue
[2024-03-14T11:05:33.840+0000] {logging_mixin.py:188} INFO - [2024-03-14T11:05:33.840+0000] {dagbag.py:540} INFO - Filling up the DagBag from /home/airflow/.local/lib/python3.8/site-packages/airflow/example_dags/tutorial.py
[2024-03-14T11:05:33.843+0000] {processor.py:840} INFO - DAG(s) 'tutorial' retrieved from /home/airflow/.local/lib/python3.8/site-packages/airflow/example_dags/tutorial.py
[2024-03-14T11:05:33.851+0000] {logging_mixin.py:188} INFO - [2024-03-14T11:05:33.851+0000] {dag.py:3047} INFO - Sync 1 DAGs
[2024-03-14T11:05:33.859+0000] {logging_mixin.py:188} INFO - [2024-03-14T11:05:33.859+0000] {dag.py:3834} INFO - Setting next_dagrun for tutorial to 2024-03-13 00:00:00+00:00, run_after=2024-03-14 00:00:00+00:00
[2024-03-14T11:05:33.866+0000] {processor.py:183} INFO - Processing /home/airflow/.local/lib/python3.8/site-packages/airflow/example_dags/tutorial.py took 0.029 seconds
[2024-03-14T11:06:04.343+0000] {processor.py:161} INFO - Started process (PID=1171) to work on /home/airflow/.local/lib/python3.8/site-packages/airflow/example_dags/tutorial.py
[2024-03-14T11:06:04.344+0000] {processor.py:830} INFO - Processing file /home/airflow/.local/lib/python3.8/site-packages/airflow/example_dags/tutorial.py for tasks to queue
[2024-03-14T11:06:04.345+0000] {logging_mixin.py:188} INFO - [2024-03-14T11:06:04.345+0000] {dagbag.py:540} INFO - Filling up the DagBag from /home/airflow/.local/lib/python3.8/site-packages/airflow/example_dags/tutorial.py
[2024-03-14T11:06:04.348+0000] {processor.py:840} INFO - DAG(s) 'tutorial' retrieved from /home/airflow/.local/lib/python3.8/site-packages/airflow/example_dags/tutorial.py
[2024-03-14T11:06:04.355+0000] {logging_mixin.py:188} INFO - [2024-03-14T11:06:04.355+0000] {dag.py:3047} INFO - Sync 1 DAGs
[2024-03-14T11:06:04.364+0000] {logging_mixin.py:188} INFO - [2024-03-14T11:06:04.364+0000] {dag.py:3834} INFO - Setting next_dagrun for tutorial to 2024-03-13 00:00:00+00:00, run_after=2024-03-14 00:00:00+00:00
[2024-03-14T11:06:04.370+0000] {processor.py:183} INFO - Processing /home/airflow/.local/lib/python3.8/site-packages/airflow/example_dags/tutorial.py took 0.029 seconds
[2024-03-14T11:06:34.727+0000] {processor.py:161} INFO - Started process (PID=1226) to work on /home/airflow/.local/lib/python3.8/site-packages/airflow/example_dags/tutorial.py
[2024-03-14T11:06:34.728+0000] {processor.py:830} INFO - Processing file /home/airflow/.local/lib/python3.8/site-packages/airflow/example_dags/tutorial.py for tasks to queue
[2024-03-14T11:06:34.729+0000] {logging_mixin.py:188} INFO - [2024-03-14T11:06:34.729+0000] {dagbag.py:540} INFO - Filling up the DagBag from /home/airflow/.local/lib/python3.8/site-packages/airflow/example_dags/tutorial.py
[2024-03-14T11:06:34.731+0000] {processor.py:840} INFO - DAG(s) 'tutorial' retrieved from /home/airflow/.local/lib/python3.8/site-packages/airflow/example_dags/tutorial.py
[2024-03-14T11:06:34.739+0000] {logging_mixin.py:188} INFO - [2024-03-14T11:06:34.739+0000] {dag.py:3047} INFO - Sync 1 DAGs
[2024-03-14T11:06:34.748+0000] {logging_mixin.py:188} INFO - [2024-03-14T11:06:34.748+0000] {dag.py:3834} INFO - Setting next_dagrun for tutorial to 2024-03-13 00:00:00+00:00, run_after=2024-03-14 00:00:00+00:00
[2024-03-14T11:06:34.754+0000] {processor.py:183} INFO - Processing /home/airflow/.local/lib/python3.8/site-packages/airflow/example_dags/tutorial.py took 0.029 seconds
[2024-03-14T11:07:05.138+0000] {processor.py:161} INFO - Started process (PID=1280) to work on /home/airflow/.local/lib/python3.8/site-packages/airflow/example_dags/tutorial.py
[2024-03-14T11:07:05.138+0000] {processor.py:830} INFO - Processing file /home/airflow/.local/lib/python3.8/site-packages/airflow/example_dags/tutorial.py for tasks to queue
[2024-03-14T11:07:05.139+0000] {logging_mixin.py:188} INFO - [2024-03-14T11:07:05.139+0000] {dagbag.py:540} INFO - Filling up the DagBag from /home/airflow/.local/lib/python3.8/site-packages/airflow/example_dags/tutorial.py
[2024-03-14T11:07:05.142+0000] {processor.py:840} INFO - DAG(s) 'tutorial' retrieved from /home/airflow/.local/lib/python3.8/site-packages/airflow/example_dags/tutorial.py
[2024-03-14T11:07:05.150+0000] {logging_mixin.py:188} INFO - [2024-03-14T11:07:05.150+0000] {dag.py:3047} INFO - Sync 1 DAGs
[2024-03-14T11:07:05.158+0000] {logging_mixin.py:188} INFO - [2024-03-14T11:07:05.158+0000] {dag.py:3834} INFO - Setting next_dagrun for tutorial to 2024-03-13 00:00:00+00:00, run_after=2024-03-14 00:00:00+00:00
[2024-03-14T11:07:05.165+0000] {processor.py:183} INFO - Processing /home/airflow/.local/lib/python3.8/site-packages/airflow/example_dags/tutorial.py took 0.029 seconds
[2024-03-14T11:07:35.572+0000] {processor.py:161} INFO - Started process (PID=1335) to work on /home/airflow/.local/lib/python3.8/site-packages/airflow/example_dags/tutorial.py
[2024-03-14T11:07:35.573+0000] {processor.py:830} INFO - Processing file /home/airflow/.local/lib/python3.8/site-packages/airflow/example_dags/tutorial.py for tasks to queue
[2024-03-14T11:07:35.574+0000] {logging_mixin.py:188} INFO - [2024-03-14T11:07:35.573+0000] {dagbag.py:540} INFO - Filling up the DagBag from /home/airflow/.local/lib/python3.8/site-packages/airflow/example_dags/tutorial.py
[2024-03-14T11:07:35.576+0000] {processor.py:840} INFO - DAG(s) 'tutorial' retrieved from /home/airflow/.local/lib/python3.8/site-packages/airflow/example_dags/tutorial.py
[2024-03-14T11:07:35.584+0000] {logging_mixin.py:188} INFO - [2024-03-14T11:07:35.584+0000] {dag.py:3047} INFO - Sync 1 DAGs
[2024-03-14T11:07:35.593+0000] {logging_mixin.py:188} INFO - [2024-03-14T11:07:35.593+0000] {dag.py:3834} INFO - Setting next_dagrun for tutorial to 2024-03-13 00:00:00+00:00, run_after=2024-03-14 00:00:00+00:00
[2024-03-14T11:07:35.599+0000] {processor.py:183} INFO - Processing /home/airflow/.local/lib/python3.8/site-packages/airflow/example_dags/tutorial.py took 0.029 seconds
[2024-03-14T11:08:05.915+0000] {processor.py:161} INFO - Started process (PID=1390) to work on /home/airflow/.local/lib/python3.8/site-packages/airflow/example_dags/tutorial.py
[2024-03-14T11:08:05.916+0000] {processor.py:830} INFO - Processing file /home/airflow/.local/lib/python3.8/site-packages/airflow/example_dags/tutorial.py for tasks to queue
[2024-03-14T11:08:05.917+0000] {logging_mixin.py:188} INFO - [2024-03-14T11:08:05.917+0000] {dagbag.py:540} INFO - Filling up the DagBag from /home/airflow/.local/lib/python3.8/site-packages/airflow/example_dags/tutorial.py
[2024-03-14T11:08:05.919+0000] {processor.py:840} INFO - DAG(s) 'tutorial' retrieved from /home/airflow/.local/lib/python3.8/site-packages/airflow/example_dags/tutorial.py
[2024-03-14T11:08:05.928+0000] {logging_mixin.py:188} INFO - [2024-03-14T11:08:05.928+0000] {dag.py:3047} INFO - Sync 1 DAGs
[2024-03-14T11:08:05.937+0000] {logging_mixin.py:188} INFO - [2024-03-14T11:08:05.937+0000] {dag.py:3834} INFO - Setting next_dagrun for tutorial to 2024-03-13 00:00:00+00:00, run_after=2024-03-14 00:00:00+00:00
[2024-03-14T11:08:05.944+0000] {processor.py:183} INFO - Processing /home/airflow/.local/lib/python3.8/site-packages/airflow/example_dags/tutorial.py took 0.031 seconds
[2024-03-14T11:08:36.184+0000] {processor.py:161} INFO - Started process (PID=1445) to work on /home/airflow/.local/lib/python3.8/site-packages/airflow/example_dags/tutorial.py
[2024-03-14T11:08:36.184+0000] {processor.py:830} INFO - Processing file /home/airflow/.local/lib/python3.8/site-packages/airflow/example_dags/tutorial.py for tasks to queue
[2024-03-14T11:08:36.185+0000] {logging_mixin.py:188} INFO - [2024-03-14T11:08:36.185+0000] {dagbag.py:540} INFO - Filling up the DagBag from /home/airflow/.local/lib/python3.8/site-packages/airflow/example_dags/tutorial.py
[2024-03-14T11:08:36.188+0000] {processor.py:840} INFO - DAG(s) 'tutorial' retrieved from /home/airflow/.local/lib/python3.8/site-packages/airflow/example_dags/tutorial.py
[2024-03-14T11:08:36.196+0000] {logging_mixin.py:188} INFO - [2024-03-14T11:08:36.196+0000] {dag.py:3047} INFO - Sync 1 DAGs
[2024-03-14T11:08:36.205+0000] {logging_mixin.py:188} INFO - [2024-03-14T11:08:36.205+0000] {dag.py:3834} INFO - Setting next_dagrun for tutorial to 2024-03-13 00:00:00+00:00, run_after=2024-03-14 00:00:00+00:00
[2024-03-14T11:08:36.212+0000] {processor.py:183} INFO - Processing /home/airflow/.local/lib/python3.8/site-packages/airflow/example_dags/tutorial.py took 0.029 seconds
[2024-03-14T11:09:06.587+0000] {processor.py:161} INFO - Started process (PID=1500) to work on /home/airflow/.local/lib/python3.8/site-packages/airflow/example_dags/tutorial.py
[2024-03-14T11:09:06.587+0000] {processor.py:830} INFO - Processing file /home/airflow/.local/lib/python3.8/site-packages/airflow/example_dags/tutorial.py for tasks to queue
[2024-03-14T11:09:06.588+0000] {logging_mixin.py:188} INFO - [2024-03-14T11:09:06.588+0000] {dagbag.py:540} INFO - Filling up the DagBag from /home/airflow/.local/lib/python3.8/site-packages/airflow/example_dags/tutorial.py
[2024-03-14T11:09:06.591+0000] {processor.py:840} INFO - DAG(s) 'tutorial' retrieved from /home/airflow/.local/lib/python3.8/site-packages/airflow/example_dags/tutorial.py
[2024-03-14T11:09:06.599+0000] {logging_mixin.py:188} INFO - [2024-03-14T11:09:06.599+0000] {dag.py:3047} INFO - Sync 1 DAGs
[2024-03-14T11:09:06.608+0000] {logging_mixin.py:188} INFO - [2024-03-14T11:09:06.608+0000] {dag.py:3834} INFO - Setting next_dagrun for tutorial to 2024-03-13 00:00:00+00:00, run_after=2024-03-14 00:00:00+00:00
[2024-03-14T11:09:06.616+0000] {processor.py:183} INFO - Processing /home/airflow/.local/lib/python3.8/site-packages/airflow/example_dags/tutorial.py took 0.030 seconds
[2024-03-14T11:09:36.948+0000] {processor.py:161} INFO - Started process (PID=1555) to work on /home/airflow/.local/lib/python3.8/site-packages/airflow/example_dags/tutorial.py
[2024-03-14T11:09:36.949+0000] {processor.py:830} INFO - Processing file /home/airflow/.local/lib/python3.8/site-packages/airflow/example_dags/tutorial.py for tasks to queue
[2024-03-14T11:09:36.949+0000] {logging_mixin.py:188} INFO - [2024-03-14T11:09:36.949+0000] {dagbag.py:540} INFO - Filling up the DagBag from /home/airflow/.local/lib/python3.8/site-packages/airflow/example_dags/tutorial.py
[2024-03-14T11:09:36.952+0000] {processor.py:840} INFO - DAG(s) 'tutorial' retrieved from /home/airflow/.local/lib/python3.8/site-packages/airflow/example_dags/tutorial.py
[2024-03-14T11:09:36.961+0000] {logging_mixin.py:188} INFO - [2024-03-14T11:09:36.961+0000] {dag.py:3047} INFO - Sync 1 DAGs
[2024-03-14T11:09:36.970+0000] {logging_mixin.py:188} INFO - [2024-03-14T11:09:36.969+0000] {dag.py:3834} INFO - Setting next_dagrun for tutorial to 2024-03-13 00:00:00+00:00, run_after=2024-03-14 00:00:00+00:00
[2024-03-14T11:09:36.976+0000] {processor.py:183} INFO - Processing /home/airflow/.local/lib/python3.8/site-packages/airflow/example_dags/tutorial.py took 0.030 seconds
[2024-03-14T11:10:07.358+0000] {processor.py:161} INFO - Started process (PID=1609) to work on /home/airflow/.local/lib/python3.8/site-packages/airflow/example_dags/tutorial.py
[2024-03-14T11:10:07.358+0000] {processor.py:830} INFO - Processing file /home/airflow/.local/lib/python3.8/site-packages/airflow/example_dags/tutorial.py for tasks to queue
[2024-03-14T11:10:07.359+0000] {logging_mixin.py:188} INFO - [2024-03-14T11:10:07.359+0000] {dagbag.py:540} INFO - Filling up the DagBag from /home/airflow/.local/lib/python3.8/site-packages/airflow/example_dags/tutorial.py
[2024-03-14T11:10:07.362+0000] {processor.py:840} INFO - DAG(s) 'tutorial' retrieved from /home/airflow/.local/lib/python3.8/site-packages/airflow/example_dags/tutorial.py
[2024-03-14T11:10:07.370+0000] {logging_mixin.py:188} INFO - [2024-03-14T11:10:07.370+0000] {dag.py:3047} INFO - Sync 1 DAGs
[2024-03-14T11:10:07.379+0000] {logging_mixin.py:188} INFO - [2024-03-14T11:10:07.379+0000] {dag.py:3834} INFO - Setting next_dagrun for tutorial to 2024-03-13 00:00:00+00:00, run_after=2024-03-14 00:00:00+00:00
[2024-03-14T11:10:07.386+0000] {processor.py:183} INFO - Processing /home/airflow/.local/lib/python3.8/site-packages/airflow/example_dags/tutorial.py took 0.030 seconds
[2024-03-14T11:10:37.773+0000] {processor.py:161} INFO - Started process (PID=1664) to work on /home/airflow/.local/lib/python3.8/site-packages/airflow/example_dags/tutorial.py
[2024-03-14T11:10:37.774+0000] {processor.py:830} INFO - Processing file /home/airflow/.local/lib/python3.8/site-packages/airflow/example_dags/tutorial.py for tasks to queue
[2024-03-14T11:10:37.775+0000] {logging_mixin.py:188} INFO - [2024-03-14T11:10:37.775+0000] {dagbag.py:540} INFO - Filling up the DagBag from /home/airflow/.local/lib/python3.8/site-packages/airflow/example_dags/tutorial.py
[2024-03-14T11:10:37.778+0000] {processor.py:840} INFO - DAG(s) 'tutorial' retrieved from /home/airflow/.local/lib/python3.8/site-packages/airflow/example_dags/tutorial.py
[2024-03-14T11:10:37.786+0000] {logging_mixin.py:188} INFO - [2024-03-14T11:10:37.786+0000] {dag.py:3047} INFO - Sync 1 DAGs
[2024-03-14T11:10:37.794+0000] {logging_mixin.py:188} INFO - [2024-03-14T11:10:37.794+0000] {dag.py:3834} INFO - Setting next_dagrun for tutorial to 2024-03-13 00:00:00+00:00, run_after=2024-03-14 00:00:00+00:00
[2024-03-14T11:10:37.801+0000] {processor.py:183} INFO - Processing /home/airflow/.local/lib/python3.8/site-packages/airflow/example_dags/tutorial.py took 0.030 seconds
[2024-03-14T11:11:08.180+0000] {processor.py:161} INFO - Started process (PID=1719) to work on /home/airflow/.local/lib/python3.8/site-packages/airflow/example_dags/tutorial.py
[2024-03-14T11:11:08.181+0000] {processor.py:830} INFO - Processing file /home/airflow/.local/lib/python3.8/site-packages/airflow/example_dags/tutorial.py for tasks to queue
[2024-03-14T11:11:08.182+0000] {logging_mixin.py:188} INFO - [2024-03-14T11:11:08.182+0000] {dagbag.py:540} INFO - Filling up the DagBag from /home/airflow/.local/lib/python3.8/site-packages/airflow/example_dags/tutorial.py
[2024-03-14T11:11:08.185+0000] {processor.py:840} INFO - DAG(s) 'tutorial' retrieved from /home/airflow/.local/lib/python3.8/site-packages/airflow/example_dags/tutorial.py
[2024-03-14T11:11:08.193+0000] {logging_mixin.py:188} INFO - [2024-03-14T11:11:08.193+0000] {dag.py:3047} INFO - Sync 1 DAGs
[2024-03-14T11:11:08.201+0000] {logging_mixin.py:188} INFO - [2024-03-14T11:11:08.201+0000] {dag.py:3834} INFO - Setting next_dagrun for tutorial to 2024-03-13 00:00:00+00:00, run_after=2024-03-14 00:00:00+00:00
[2024-03-14T11:11:08.208+0000] {processor.py:183} INFO - Processing /home/airflow/.local/lib/python3.8/site-packages/airflow/example_dags/tutorial.py took 0.029 seconds
[2024-03-14T11:11:38.555+0000] {processor.py:161} INFO - Started process (PID=1773) to work on /home/airflow/.local/lib/python3.8/site-packages/airflow/example_dags/tutorial.py
[2024-03-14T11:11:38.556+0000] {processor.py:830} INFO - Processing file /home/airflow/.local/lib/python3.8/site-packages/airflow/example_dags/tutorial.py for tasks to queue
[2024-03-14T11:11:38.557+0000] {logging_mixin.py:188} INFO - [2024-03-14T11:11:38.557+0000] {dagbag.py:540} INFO - Filling up the DagBag from /home/airflow/.local/lib/python3.8/site-packages/airflow/example_dags/tutorial.py
[2024-03-14T11:11:38.560+0000] {processor.py:840} INFO - DAG(s) 'tutorial' retrieved from /home/airflow/.local/lib/python3.8/site-packages/airflow/example_dags/tutorial.py
[2024-03-14T11:11:38.569+0000] {logging_mixin.py:188} INFO - [2024-03-14T11:11:38.569+0000] {dag.py:3047} INFO - Sync 1 DAGs
[2024-03-14T11:11:38.578+0000] {logging_mixin.py:188} INFO - [2024-03-14T11:11:38.577+0000] {dag.py:3834} INFO - Setting next_dagrun for tutorial to 2024-03-13 00:00:00+00:00, run_after=2024-03-14 00:00:00+00:00
[2024-03-14T11:11:38.584+0000] {processor.py:183} INFO - Processing /home/airflow/.local/lib/python3.8/site-packages/airflow/example_dags/tutorial.py took 0.031 seconds
[2024-03-14T11:12:09.050+0000] {processor.py:161} INFO - Started process (PID=1828) to work on /home/airflow/.local/lib/python3.8/site-packages/airflow/example_dags/tutorial.py
[2024-03-14T11:12:09.050+0000] {processor.py:830} INFO - Processing file /home/airflow/.local/lib/python3.8/site-packages/airflow/example_dags/tutorial.py for tasks to queue
[2024-03-14T11:12:09.051+0000] {logging_mixin.py:188} INFO - [2024-03-14T11:12:09.051+0000] {dagbag.py:540} INFO - Filling up the DagBag from /home/airflow/.local/lib/python3.8/site-packages/airflow/example_dags/tutorial.py
[2024-03-14T11:12:09.054+0000] {processor.py:840} INFO - DAG(s) 'tutorial' retrieved from /home/airflow/.local/lib/python3.8/site-packages/airflow/example_dags/tutorial.py
[2024-03-14T11:12:09.063+0000] {logging_mixin.py:188} INFO - [2024-03-14T11:12:09.062+0000] {dag.py:3047} INFO - Sync 1 DAGs
[2024-03-14T11:12:09.071+0000] {logging_mixin.py:188} INFO - [2024-03-14T11:12:09.071+0000] {dag.py:3834} INFO - Setting next_dagrun for tutorial to 2024-03-13 00:00:00+00:00, run_after=2024-03-14 00:00:00+00:00
[2024-03-14T11:12:09.079+0000] {processor.py:183} INFO - Processing /home/airflow/.local/lib/python3.8/site-packages/airflow/example_dags/tutorial.py took 0.030 seconds
[2024-03-14T11:12:39.479+0000] {processor.py:161} INFO - Started process (PID=1883) to work on /home/airflow/.local/lib/python3.8/site-packages/airflow/example_dags/tutorial.py
[2024-03-14T11:12:39.480+0000] {processor.py:830} INFO - Processing file /home/airflow/.local/lib/python3.8/site-packages/airflow/example_dags/tutorial.py for tasks to queue
[2024-03-14T11:12:39.481+0000] {logging_mixin.py:188} INFO - [2024-03-14T11:12:39.480+0000] {dagbag.py:540} INFO - Filling up the DagBag from /home/airflow/.local/lib/python3.8/site-packages/airflow/example_dags/tutorial.py
[2024-03-14T11:12:39.483+0000] {processor.py:840} INFO - DAG(s) 'tutorial' retrieved from /home/airflow/.local/lib/python3.8/site-packages/airflow/example_dags/tutorial.py
[2024-03-14T11:12:39.494+0000] {logging_mixin.py:188} INFO - [2024-03-14T11:12:39.494+0000] {dag.py:3047} INFO - Sync 1 DAGs
[2024-03-14T11:12:39.503+0000] {logging_mixin.py:188} INFO - [2024-03-14T11:12:39.503+0000] {dag.py:3834} INFO - Setting next_dagrun for tutorial to 2024-03-13 00:00:00+00:00, run_after=2024-03-14 00:00:00+00:00
[2024-03-14T11:12:39.510+0000] {processor.py:183} INFO - Processing /home/airflow/.local/lib/python3.8/site-packages/airflow/example_dags/tutorial.py took 0.033 seconds
[2024-03-14T11:13:09.797+0000] {processor.py:161} INFO - Started process (PID=1937) to work on /home/airflow/.local/lib/python3.8/site-packages/airflow/example_dags/tutorial.py
[2024-03-14T11:13:09.797+0000] {processor.py:830} INFO - Processing file /home/airflow/.local/lib/python3.8/site-packages/airflow/example_dags/tutorial.py for tasks to queue
[2024-03-14T11:13:09.798+0000] {logging_mixin.py:188} INFO - [2024-03-14T11:13:09.798+0000] {dagbag.py:540} INFO - Filling up the DagBag from /home/airflow/.local/lib/python3.8/site-packages/airflow/example_dags/tutorial.py
[2024-03-14T11:13:09.801+0000] {processor.py:840} INFO - DAG(s) 'tutorial' retrieved from /home/airflow/.local/lib/python3.8/site-packages/airflow/example_dags/tutorial.py
[2024-03-14T11:13:09.809+0000] {logging_mixin.py:188} INFO - [2024-03-14T11:13:09.809+0000] {dag.py:3047} INFO - Sync 1 DAGs
[2024-03-14T11:13:09.818+0000] {logging_mixin.py:188} INFO - [2024-03-14T11:13:09.817+0000] {dag.py:3834} INFO - Setting next_dagrun for tutorial to 2024-03-13 00:00:00+00:00, run_after=2024-03-14 00:00:00+00:00
[2024-03-14T11:13:09.825+0000] {processor.py:183} INFO - Processing /home/airflow/.local/lib/python3.8/site-packages/airflow/example_dags/tutorial.py took 0.030 seconds
[2024-03-14T11:13:40.154+0000] {processor.py:161} INFO - Started process (PID=1992) to work on /home/airflow/.local/lib/python3.8/site-packages/airflow/example_dags/tutorial.py
[2024-03-14T11:13:40.155+0000] {processor.py:830} INFO - Processing file /home/airflow/.local/lib/python3.8/site-packages/airflow/example_dags/tutorial.py for tasks to queue
[2024-03-14T11:13:40.156+0000] {logging_mixin.py:188} INFO - [2024-03-14T11:13:40.155+0000] {dagbag.py:540} INFO - Filling up the DagBag from /home/airflow/.local/lib/python3.8/site-packages/airflow/example_dags/tutorial.py
[2024-03-14T11:13:40.158+0000] {processor.py:840} INFO - DAG(s) 'tutorial' retrieved from /home/airflow/.local/lib/python3.8/site-packages/airflow/example_dags/tutorial.py
[2024-03-14T11:13:40.167+0000] {logging_mixin.py:188} INFO - [2024-03-14T11:13:40.167+0000] {dag.py:3047} INFO - Sync 1 DAGs
[2024-03-14T11:13:40.175+0000] {logging_mixin.py:188} INFO - [2024-03-14T11:13:40.175+0000] {dag.py:3834} INFO - Setting next_dagrun for tutorial to 2024-03-13 00:00:00+00:00, run_after=2024-03-14 00:00:00+00:00
[2024-03-14T11:13:40.182+0000] {processor.py:183} INFO - Processing /home/airflow/.local/lib/python3.8/site-packages/airflow/example_dags/tutorial.py took 0.029 seconds
[2024-03-14T11:14:10.528+0000] {processor.py:161} INFO - Started process (PID=2047) to work on /home/airflow/.local/lib/python3.8/site-packages/airflow/example_dags/tutorial.py
[2024-03-14T11:14:10.528+0000] {processor.py:830} INFO - Processing file /home/airflow/.local/lib/python3.8/site-packages/airflow/example_dags/tutorial.py for tasks to queue
[2024-03-14T11:14:10.529+0000] {logging_mixin.py:188} INFO - [2024-03-14T11:14:10.529+0000] {dagbag.py:540} INFO - Filling up the DagBag from /home/airflow/.local/lib/python3.8/site-packages/airflow/example_dags/tutorial.py
[2024-03-14T11:14:10.532+0000] {processor.py:840} INFO - DAG(s) 'tutorial' retrieved from /home/airflow/.local/lib/python3.8/site-packages/airflow/example_dags/tutorial.py
[2024-03-14T11:14:10.540+0000] {logging_mixin.py:188} INFO - [2024-03-14T11:14:10.540+0000] {dag.py:3047} INFO - Sync 1 DAGs
[2024-03-14T11:14:10.548+0000] {logging_mixin.py:188} INFO - [2024-03-14T11:14:10.548+0000] {dag.py:3834} INFO - Setting next_dagrun for tutorial to 2024-03-13 00:00:00+00:00, run_after=2024-03-14 00:00:00+00:00
[2024-03-14T11:14:10.556+0000] {processor.py:183} INFO - Processing /home/airflow/.local/lib/python3.8/site-packages/airflow/example_dags/tutorial.py took 0.030 seconds
[2024-03-14T11:14:40.903+0000] {processor.py:161} INFO - Started process (PID=2102) to work on /home/airflow/.local/lib/python3.8/site-packages/airflow/example_dags/tutorial.py
[2024-03-14T11:14:40.904+0000] {processor.py:830} INFO - Processing file /home/airflow/.local/lib/python3.8/site-packages/airflow/example_dags/tutorial.py for tasks to queue
[2024-03-14T11:14:40.904+0000] {logging_mixin.py:188} INFO - [2024-03-14T11:14:40.904+0000] {dagbag.py:540} INFO - Filling up the DagBag from /home/airflow/.local/lib/python3.8/site-packages/airflow/example_dags/tutorial.py
[2024-03-14T11:14:40.907+0000] {processor.py:840} INFO - DAG(s) 'tutorial' retrieved from /home/airflow/.local/lib/python3.8/site-packages/airflow/example_dags/tutorial.py
[2024-03-14T11:14:40.915+0000] {logging_mixin.py:188} INFO - [2024-03-14T11:14:40.915+0000] {dag.py:3047} INFO - Sync 1 DAGs
[2024-03-14T11:14:40.924+0000] {logging_mixin.py:188} INFO - [2024-03-14T11:14:40.924+0000] {dag.py:3834} INFO - Setting next_dagrun for tutorial to 2024-03-13 00:00:00+00:00, run_after=2024-03-14 00:00:00+00:00
[2024-03-14T11:14:40.930+0000] {processor.py:183} INFO - Processing /home/airflow/.local/lib/python3.8/site-packages/airflow/example_dags/tutorial.py took 0.029 seconds
[2024-03-14T11:15:11.298+0000] {processor.py:161} INFO - Started process (PID=2157) to work on /home/airflow/.local/lib/python3.8/site-packages/airflow/example_dags/tutorial.py
[2024-03-14T11:15:11.299+0000] {processor.py:830} INFO - Processing file /home/airflow/.local/lib/python3.8/site-packages/airflow/example_dags/tutorial.py for tasks to queue
[2024-03-14T11:15:11.300+0000] {logging_mixin.py:188} INFO - [2024-03-14T11:15:11.300+0000] {dagbag.py:540} INFO - Filling up the DagBag from /home/airflow/.local/lib/python3.8/site-packages/airflow/example_dags/tutorial.py
[2024-03-14T11:15:11.303+0000] {processor.py:840} INFO - DAG(s) 'tutorial' retrieved from /home/airflow/.local/lib/python3.8/site-packages/airflow/example_dags/tutorial.py
[2024-03-14T11:15:11.314+0000] {logging_mixin.py:188} INFO - [2024-03-14T11:15:11.314+0000] {dag.py:3047} INFO - Sync 1 DAGs
[2024-03-14T11:15:11.323+0000] {logging_mixin.py:188} INFO - [2024-03-14T11:15:11.323+0000] {dag.py:3834} INFO - Setting next_dagrun for tutorial to 2024-03-13 00:00:00+00:00, run_after=2024-03-14 00:00:00+00:00
[2024-03-14T11:15:11.329+0000] {processor.py:183} INFO - Processing /home/airflow/.local/lib/python3.8/site-packages/airflow/example_dags/tutorial.py took 0.032 seconds
[2024-03-14T11:15:41.706+0000] {processor.py:161} INFO - Started process (PID=2212) to work on /home/airflow/.local/lib/python3.8/site-packages/airflow/example_dags/tutorial.py
[2024-03-14T11:15:41.706+0000] {processor.py:830} INFO - Processing file /home/airflow/.local/lib/python3.8/site-packages/airflow/example_dags/tutorial.py for tasks to queue
[2024-03-14T11:15:41.707+0000] {logging_mixin.py:188} INFO - [2024-03-14T11:15:41.707+0000] {dagbag.py:540} INFO - Filling up the DagBag from /home/airflow/.local/lib/python3.8/site-packages/airflow/example_dags/tutorial.py
[2024-03-14T11:15:41.710+0000] {processor.py:840} INFO - DAG(s) 'tutorial' retrieved from /home/airflow/.local/lib/python3.8/site-packages/airflow/example_dags/tutorial.py
[2024-03-14T11:15:41.718+0000] {logging_mixin.py:188} INFO - [2024-03-14T11:15:41.717+0000] {dag.py:3047} INFO - Sync 1 DAGs
[2024-03-14T11:15:41.726+0000] {logging_mixin.py:188} INFO - [2024-03-14T11:15:41.726+0000] {dag.py:3834} INFO - Setting next_dagrun for tutorial to 2024-03-13 00:00:00+00:00, run_after=2024-03-14 00:00:00+00:00
[2024-03-14T11:15:41.733+0000] {processor.py:183} INFO - Processing /home/airflow/.local/lib/python3.8/site-packages/airflow/example_dags/tutorial.py took 0.029 seconds
[2024-03-14T11:16:12.118+0000] {processor.py:161} INFO - Started process (PID=2266) to work on /home/airflow/.local/lib/python3.8/site-packages/airflow/example_dags/tutorial.py
[2024-03-14T11:16:12.119+0000] {processor.py:830} INFO - Processing file /home/airflow/.local/lib/python3.8/site-packages/airflow/example_dags/tutorial.py for tasks to queue
[2024-03-14T11:16:12.120+0000] {logging_mixin.py:188} INFO - [2024-03-14T11:16:12.120+0000] {dagbag.py:540} INFO - Filling up the DagBag from /home/airflow/.local/lib/python3.8/site-packages/airflow/example_dags/tutorial.py
[2024-03-14T11:16:12.122+0000] {processor.py:840} INFO - DAG(s) 'tutorial' retrieved from /home/airflow/.local/lib/python3.8/site-packages/airflow/example_dags/tutorial.py
[2024-03-14T11:16:12.131+0000] {logging_mixin.py:188} INFO - [2024-03-14T11:16:12.131+0000] {dag.py:3047} INFO - Sync 1 DAGs
[2024-03-14T11:16:12.139+0000] {logging_mixin.py:188} INFO - [2024-03-14T11:16:12.139+0000] {dag.py:3834} INFO - Setting next_dagrun for tutorial to 2024-03-13 00:00:00+00:00, run_after=2024-03-14 00:00:00+00:00
[2024-03-14T11:16:12.147+0000] {processor.py:183} INFO - Processing /home/airflow/.local/lib/python3.8/site-packages/airflow/example_dags/tutorial.py took 0.030 seconds
[2024-03-14T11:16:42.562+0000] {processor.py:161} INFO - Started process (PID=2321) to work on /home/airflow/.local/lib/python3.8/site-packages/airflow/example_dags/tutorial.py
[2024-03-14T11:16:42.563+0000] {processor.py:830} INFO - Processing file /home/airflow/.local/lib/python3.8/site-packages/airflow/example_dags/tutorial.py for tasks to queue
[2024-03-14T11:16:42.564+0000] {logging_mixin.py:188} INFO - [2024-03-14T11:16:42.563+0000] {dagbag.py:540} INFO - Filling up the DagBag from /home/airflow/.local/lib/python3.8/site-packages/airflow/example_dags/tutorial.py
[2024-03-14T11:16:42.566+0000] {processor.py:840} INFO - DAG(s) 'tutorial' retrieved from /home/airflow/.local/lib/python3.8/site-packages/airflow/example_dags/tutorial.py
[2024-03-14T11:16:42.575+0000] {logging_mixin.py:188} INFO - [2024-03-14T11:16:42.575+0000] {dag.py:3047} INFO - Sync 1 DAGs
[2024-03-14T11:16:42.584+0000] {logging_mixin.py:188} INFO - [2024-03-14T11:16:42.584+0000] {dag.py:3834} INFO - Setting next_dagrun for tutorial to 2024-03-13 00:00:00+00:00, run_after=2024-03-14 00:00:00+00:00
[2024-03-14T11:16:42.591+0000] {processor.py:183} INFO - Processing /home/airflow/.local/lib/python3.8/site-packages/airflow/example_dags/tutorial.py took 0.031 seconds
[2024-03-14T11:17:13.108+0000] {processor.py:161} INFO - Started process (PID=2376) to work on /home/airflow/.local/lib/python3.8/site-packages/airflow/example_dags/tutorial.py
[2024-03-14T11:17:13.108+0000] {processor.py:830} INFO - Processing file /home/airflow/.local/lib/python3.8/site-packages/airflow/example_dags/tutorial.py for tasks to queue
[2024-03-14T11:17:13.109+0000] {logging_mixin.py:188} INFO - [2024-03-14T11:17:13.109+0000] {dagbag.py:540} INFO - Filling up the DagBag from /home/airflow/.local/lib/python3.8/site-packages/airflow/example_dags/tutorial.py
[2024-03-14T11:17:13.112+0000] {processor.py:840} INFO - DAG(s) 'tutorial' retrieved from /home/airflow/.local/lib/python3.8/site-packages/airflow/example_dags/tutorial.py
[2024-03-14T11:17:13.120+0000] {logging_mixin.py:188} INFO - [2024-03-14T11:17:13.120+0000] {dag.py:3047} INFO - Sync 1 DAGs
[2024-03-14T11:17:13.129+0000] {logging_mixin.py:188} INFO - [2024-03-14T11:17:13.129+0000] {dag.py:3834} INFO - Setting next_dagrun for tutorial to 2024-03-13 00:00:00+00:00, run_after=2024-03-14 00:00:00+00:00
[2024-03-14T11:17:13.136+0000] {processor.py:183} INFO - Processing /home/airflow/.local/lib/python3.8/site-packages/airflow/example_dags/tutorial.py took 0.030 seconds
[2024-03-14T11:17:43.497+0000] {processor.py:161} INFO - Started process (PID=2431) to work on /home/airflow/.local/lib/python3.8/site-packages/airflow/example_dags/tutorial.py
[2024-03-14T11:17:43.498+0000] {processor.py:830} INFO - Processing file /home/airflow/.local/lib/python3.8/site-packages/airflow/example_dags/tutorial.py for tasks to queue
[2024-03-14T11:17:43.499+0000] {logging_mixin.py:188} INFO - [2024-03-14T11:17:43.499+0000] {dagbag.py:540} INFO - Filling up the DagBag from /home/airflow/.local/lib/python3.8/site-packages/airflow/example_dags/tutorial.py
[2024-03-14T11:17:43.502+0000] {processor.py:840} INFO - DAG(s) 'tutorial' retrieved from /home/airflow/.local/lib/python3.8/site-packages/airflow/example_dags/tutorial.py
[2024-03-14T11:17:43.510+0000] {logging_mixin.py:188} INFO - [2024-03-14T11:17:43.510+0000] {dag.py:3047} INFO - Sync 1 DAGs
[2024-03-14T11:17:43.519+0000] {logging_mixin.py:188} INFO - [2024-03-14T11:17:43.519+0000] {dag.py:3834} INFO - Setting next_dagrun for tutorial to 2024-03-13 00:00:00+00:00, run_after=2024-03-14 00:00:00+00:00
[2024-03-14T11:17:43.526+0000] {processor.py:183} INFO - Processing /home/airflow/.local/lib/python3.8/site-packages/airflow/example_dags/tutorial.py took 0.030 seconds
[2024-03-14T11:18:13.990+0000] {processor.py:161} INFO - Started process (PID=2485) to work on /home/airflow/.local/lib/python3.8/site-packages/airflow/example_dags/tutorial.py
[2024-03-14T11:18:13.991+0000] {processor.py:830} INFO - Processing file /home/airflow/.local/lib/python3.8/site-packages/airflow/example_dags/tutorial.py for tasks to queue
[2024-03-14T11:18:13.992+0000] {logging_mixin.py:188} INFO - [2024-03-14T11:18:13.992+0000] {dagbag.py:540} INFO - Filling up the DagBag from /home/airflow/.local/lib/python3.8/site-packages/airflow/example_dags/tutorial.py
[2024-03-14T11:18:13.995+0000] {processor.py:840} INFO - DAG(s) 'tutorial' retrieved from /home/airflow/.local/lib/python3.8/site-packages/airflow/example_dags/tutorial.py
[2024-03-14T11:18:14.003+0000] {logging_mixin.py:188} INFO - [2024-03-14T11:18:14.002+0000] {dag.py:3047} INFO - Sync 1 DAGs
[2024-03-14T11:18:14.011+0000] {logging_mixin.py:188} INFO - [2024-03-14T11:18:14.011+0000] {dag.py:3834} INFO - Setting next_dagrun for tutorial to 2024-03-13 00:00:00+00:00, run_after=2024-03-14 00:00:00+00:00
[2024-03-14T11:18:14.018+0000] {processor.py:183} INFO - Processing /home/airflow/.local/lib/python3.8/site-packages/airflow/example_dags/tutorial.py took 0.030 seconds
[2024-03-14T11:18:44.411+0000] {processor.py:161} INFO - Started process (PID=2540) to work on /home/airflow/.local/lib/python3.8/site-packages/airflow/example_dags/tutorial.py
[2024-03-14T11:18:44.411+0000] {processor.py:830} INFO - Processing file /home/airflow/.local/lib/python3.8/site-packages/airflow/example_dags/tutorial.py for tasks to queue
[2024-03-14T11:18:44.412+0000] {logging_mixin.py:188} INFO - [2024-03-14T11:18:44.412+0000] {dagbag.py:540} INFO - Filling up the DagBag from /home/airflow/.local/lib/python3.8/site-packages/airflow/example_dags/tutorial.py
[2024-03-14T11:18:44.415+0000] {processor.py:840} INFO - DAG(s) 'tutorial' retrieved from /home/airflow/.local/lib/python3.8/site-packages/airflow/example_dags/tutorial.py
[2024-03-14T11:18:44.423+0000] {logging_mixin.py:188} INFO - [2024-03-14T11:18:44.423+0000] {dag.py:3047} INFO - Sync 1 DAGs
[2024-03-14T11:18:44.432+0000] {logging_mixin.py:188} INFO - [2024-03-14T11:18:44.432+0000] {dag.py:3834} INFO - Setting next_dagrun for tutorial to 2024-03-13 00:00:00+00:00, run_after=2024-03-14 00:00:00+00:00
[2024-03-14T11:18:44.439+0000] {processor.py:183} INFO - Processing /home/airflow/.local/lib/python3.8/site-packages/airflow/example_dags/tutorial.py took 0.030 seconds
[2024-03-14T11:19:14.784+0000] {processor.py:161} INFO - Started process (PID=2595) to work on /home/airflow/.local/lib/python3.8/site-packages/airflow/example_dags/tutorial.py
[2024-03-14T11:19:14.785+0000] {processor.py:830} INFO - Processing file /home/airflow/.local/lib/python3.8/site-packages/airflow/example_dags/tutorial.py for tasks to queue
[2024-03-14T11:19:14.786+0000] {logging_mixin.py:188} INFO - [2024-03-14T11:19:14.785+0000] {dagbag.py:540} INFO - Filling up the DagBag from /home/airflow/.local/lib/python3.8/site-packages/airflow/example_dags/tutorial.py
[2024-03-14T11:19:14.788+0000] {processor.py:840} INFO - DAG(s) 'tutorial' retrieved from /home/airflow/.local/lib/python3.8/site-packages/airflow/example_dags/tutorial.py
[2024-03-14T11:19:14.796+0000] {logging_mixin.py:188} INFO - [2024-03-14T11:19:14.796+0000] {dag.py:3047} INFO - Sync 1 DAGs
[2024-03-14T11:19:14.805+0000] {logging_mixin.py:188} INFO - [2024-03-14T11:19:14.804+0000] {dag.py:3834} INFO - Setting next_dagrun for tutorial to 2024-03-13 00:00:00+00:00, run_after=2024-03-14 00:00:00+00:00
[2024-03-14T11:19:14.811+0000] {processor.py:183} INFO - Processing /home/airflow/.local/lib/python3.8/site-packages/airflow/example_dags/tutorial.py took 0.029 seconds
[2024-03-14T11:19:45.209+0000] {processor.py:161} INFO - Started process (PID=2650) to work on /home/airflow/.local/lib/python3.8/site-packages/airflow/example_dags/tutorial.py
[2024-03-14T11:19:45.209+0000] {processor.py:830} INFO - Processing file /home/airflow/.local/lib/python3.8/site-packages/airflow/example_dags/tutorial.py for tasks to queue
[2024-03-14T11:19:45.210+0000] {logging_mixin.py:188} INFO - [2024-03-14T11:19:45.210+0000] {dagbag.py:540} INFO - Filling up the DagBag from /home/airflow/.local/lib/python3.8/site-packages/airflow/example_dags/tutorial.py
[2024-03-14T11:19:45.213+0000] {processor.py:840} INFO - DAG(s) 'tutorial' retrieved from /home/airflow/.local/lib/python3.8/site-packages/airflow/example_dags/tutorial.py
[2024-03-14T11:19:45.221+0000] {logging_mixin.py:188} INFO - [2024-03-14T11:19:45.221+0000] {dag.py:3047} INFO - Sync 1 DAGs
[2024-03-14T11:19:45.229+0000] {logging_mixin.py:188} INFO - [2024-03-14T11:19:45.229+0000] {dag.py:3834} INFO - Setting next_dagrun for tutorial to 2024-03-13 00:00:00+00:00, run_after=2024-03-14 00:00:00+00:00
[2024-03-14T11:19:45.236+0000] {processor.py:183} INFO - Processing /home/airflow/.local/lib/python3.8/site-packages/airflow/example_dags/tutorial.py took 0.030 seconds
[2024-03-14T11:20:15.628+0000] {processor.py:161} INFO - Started process (PID=2705) to work on /home/airflow/.local/lib/python3.8/site-packages/airflow/example_dags/tutorial.py
[2024-03-14T11:20:15.629+0000] {processor.py:830} INFO - Processing file /home/airflow/.local/lib/python3.8/site-packages/airflow/example_dags/tutorial.py for tasks to queue
[2024-03-14T11:20:15.630+0000] {logging_mixin.py:188} INFO - [2024-03-14T11:20:15.630+0000] {dagbag.py:540} INFO - Filling up the DagBag from /home/airflow/.local/lib/python3.8/site-packages/airflow/example_dags/tutorial.py
[2024-03-14T11:20:15.633+0000] {processor.py:840} INFO - DAG(s) 'tutorial' retrieved from /home/airflow/.local/lib/python3.8/site-packages/airflow/example_dags/tutorial.py
[2024-03-14T11:20:15.641+0000] {logging_mixin.py:188} INFO - [2024-03-14T11:20:15.641+0000] {dag.py:3047} INFO - Sync 1 DAGs
[2024-03-14T11:20:15.649+0000] {logging_mixin.py:188} INFO - [2024-03-14T11:20:15.649+0000] {dag.py:3834} INFO - Setting next_dagrun for tutorial to 2024-03-13 00:00:00+00:00, run_after=2024-03-14 00:00:00+00:00
[2024-03-14T11:20:15.656+0000] {processor.py:183} INFO - Processing /home/airflow/.local/lib/python3.8/site-packages/airflow/example_dags/tutorial.py took 0.029 seconds
[2024-03-14T11:20:46.056+0000] {processor.py:161} INFO - Started process (PID=2760) to work on /home/airflow/.local/lib/python3.8/site-packages/airflow/example_dags/tutorial.py
[2024-03-14T11:20:46.057+0000] {processor.py:830} INFO - Processing file /home/airflow/.local/lib/python3.8/site-packages/airflow/example_dags/tutorial.py for tasks to queue
[2024-03-14T11:20:46.058+0000] {logging_mixin.py:188} INFO - [2024-03-14T11:20:46.058+0000] {dagbag.py:540} INFO - Filling up the DagBag from /home/airflow/.local/lib/python3.8/site-packages/airflow/example_dags/tutorial.py
[2024-03-14T11:20:46.061+0000] {processor.py:840} INFO - DAG(s) 'tutorial' retrieved from /home/airflow/.local/lib/python3.8/site-packages/airflow/example_dags/tutorial.py
[2024-03-14T11:20:46.069+0000] {logging_mixin.py:188} INFO - [2024-03-14T11:20:46.069+0000] {dag.py:3047} INFO - Sync 1 DAGs
[2024-03-14T11:20:46.079+0000] {logging_mixin.py:188} INFO - [2024-03-14T11:20:46.079+0000] {dag.py:3834} INFO - Setting next_dagrun for tutorial to 2024-03-13 00:00:00+00:00, run_after=2024-03-14 00:00:00+00:00
[2024-03-14T11:20:46.086+0000] {processor.py:183} INFO - Processing /home/airflow/.local/lib/python3.8/site-packages/airflow/example_dags/tutorial.py took 0.032 seconds
[2024-03-14T11:21:16.631+0000] {processor.py:161} INFO - Started process (PID=2815) to work on /home/airflow/.local/lib/python3.8/site-packages/airflow/example_dags/tutorial.py
[2024-03-14T11:21:16.632+0000] {processor.py:830} INFO - Processing file /home/airflow/.local/lib/python3.8/site-packages/airflow/example_dags/tutorial.py for tasks to queue
[2024-03-14T11:21:16.633+0000] {logging_mixin.py:188} INFO - [2024-03-14T11:21:16.633+0000] {dagbag.py:540} INFO - Filling up the DagBag from /home/airflow/.local/lib/python3.8/site-packages/airflow/example_dags/tutorial.py
[2024-03-14T11:21:16.636+0000] {processor.py:840} INFO - DAG(s) 'tutorial' retrieved from /home/airflow/.local/lib/python3.8/site-packages/airflow/example_dags/tutorial.py
[2024-03-14T11:21:16.645+0000] {logging_mixin.py:188} INFO - [2024-03-14T11:21:16.644+0000] {dag.py:3047} INFO - Sync 1 DAGs
[2024-03-14T11:21:16.654+0000] {logging_mixin.py:188} INFO - [2024-03-14T11:21:16.654+0000] {dag.py:3834} INFO - Setting next_dagrun for tutorial to 2024-03-13 00:00:00+00:00, run_after=2024-03-14 00:00:00+00:00
[2024-03-14T11:21:16.661+0000] {processor.py:183} INFO - Processing /home/airflow/.local/lib/python3.8/site-packages/airflow/example_dags/tutorial.py took 0.032 seconds
[2024-03-14T11:21:47.101+0000] {processor.py:161} INFO - Started process (PID=2870) to work on /home/airflow/.local/lib/python3.8/site-packages/airflow/example_dags/tutorial.py
[2024-03-14T11:21:47.101+0000] {processor.py:830} INFO - Processing file /home/airflow/.local/lib/python3.8/site-packages/airflow/example_dags/tutorial.py for tasks to queue
[2024-03-14T11:21:47.102+0000] {logging_mixin.py:188} INFO - [2024-03-14T11:21:47.102+0000] {dagbag.py:540} INFO - Filling up the DagBag from /home/airflow/.local/lib/python3.8/site-packages/airflow/example_dags/tutorial.py
[2024-03-14T11:21:47.105+0000] {processor.py:840} INFO - DAG(s) 'tutorial' retrieved from /home/airflow/.local/lib/python3.8/site-packages/airflow/example_dags/tutorial.py
[2024-03-14T11:21:47.114+0000] {logging_mixin.py:188} INFO - [2024-03-14T11:21:47.114+0000] {dag.py:3047} INFO - Sync 1 DAGs
[2024-03-14T11:21:47.124+0000] {logging_mixin.py:188} INFO - [2024-03-14T11:21:47.124+0000] {dag.py:3834} INFO - Setting next_dagrun for tutorial to 2024-03-13 00:00:00+00:00, run_after=2024-03-14 00:00:00+00:00
[2024-03-14T11:21:47.131+0000] {processor.py:183} INFO - Processing /home/airflow/.local/lib/python3.8/site-packages/airflow/example_dags/tutorial.py took 0.032 seconds
[2024-03-14T11:22:17.557+0000] {processor.py:161} INFO - Started process (PID=2925) to work on /home/airflow/.local/lib/python3.8/site-packages/airflow/example_dags/tutorial.py
[2024-03-14T11:22:17.558+0000] {processor.py:830} INFO - Processing file /home/airflow/.local/lib/python3.8/site-packages/airflow/example_dags/tutorial.py for tasks to queue
[2024-03-14T11:22:17.559+0000] {logging_mixin.py:188} INFO - [2024-03-14T11:22:17.559+0000] {dagbag.py:540} INFO - Filling up the DagBag from /home/airflow/.local/lib/python3.8/site-packages/airflow/example_dags/tutorial.py
[2024-03-14T11:22:17.562+0000] {processor.py:840} INFO - DAG(s) 'tutorial' retrieved from /home/airflow/.local/lib/python3.8/site-packages/airflow/example_dags/tutorial.py
[2024-03-14T11:22:17.570+0000] {logging_mixin.py:188} INFO - [2024-03-14T11:22:17.570+0000] {dag.py:3047} INFO - Sync 1 DAGs
[2024-03-14T11:22:17.579+0000] {logging_mixin.py:188} INFO - [2024-03-14T11:22:17.579+0000] {dag.py:3834} INFO - Setting next_dagrun for tutorial to 2024-03-13 00:00:00+00:00, run_after=2024-03-14 00:00:00+00:00
[2024-03-14T11:22:17.586+0000] {processor.py:183} INFO - Processing /home/airflow/.local/lib/python3.8/site-packages/airflow/example_dags/tutorial.py took 0.030 seconds
[2024-03-14T11:22:48.013+0000] {processor.py:161} INFO - Started process (PID=2980) to work on /home/airflow/.local/lib/python3.8/site-packages/airflow/example_dags/tutorial.py
[2024-03-14T11:22:48.013+0000] {processor.py:830} INFO - Processing file /home/airflow/.local/lib/python3.8/site-packages/airflow/example_dags/tutorial.py for tasks to queue
[2024-03-14T11:22:48.014+0000] {logging_mixin.py:188} INFO - [2024-03-14T11:22:48.014+0000] {dagbag.py:540} INFO - Filling up the DagBag from /home/airflow/.local/lib/python3.8/site-packages/airflow/example_dags/tutorial.py
[2024-03-14T11:22:48.017+0000] {processor.py:840} INFO - DAG(s) 'tutorial' retrieved from /home/airflow/.local/lib/python3.8/site-packages/airflow/example_dags/tutorial.py
[2024-03-14T11:22:48.025+0000] {logging_mixin.py:188} INFO - [2024-03-14T11:22:48.025+0000] {dag.py:3047} INFO - Sync 1 DAGs
[2024-03-14T11:22:48.034+0000] {logging_mixin.py:188} INFO - [2024-03-14T11:22:48.034+0000] {dag.py:3834} INFO - Setting next_dagrun for tutorial to 2024-03-13 00:00:00+00:00, run_after=2024-03-14 00:00:00+00:00
[2024-03-14T11:22:48.040+0000] {processor.py:183} INFO - Processing /home/airflow/.local/lib/python3.8/site-packages/airflow/example_dags/tutorial.py took 0.029 seconds
[2024-03-14T11:23:18.448+0000] {processor.py:161} INFO - Started process (PID=3035) to work on /home/airflow/.local/lib/python3.8/site-packages/airflow/example_dags/tutorial.py
[2024-03-14T11:23:18.449+0000] {processor.py:830} INFO - Processing file /home/airflow/.local/lib/python3.8/site-packages/airflow/example_dags/tutorial.py for tasks to queue
[2024-03-14T11:23:18.450+0000] {logging_mixin.py:188} INFO - [2024-03-14T11:23:18.449+0000] {dagbag.py:540} INFO - Filling up the DagBag from /home/airflow/.local/lib/python3.8/site-packages/airflow/example_dags/tutorial.py
[2024-03-14T11:23:18.452+0000] {processor.py:840} INFO - DAG(s) 'tutorial' retrieved from /home/airflow/.local/lib/python3.8/site-packages/airflow/example_dags/tutorial.py
[2024-03-14T11:23:18.461+0000] {logging_mixin.py:188} INFO - [2024-03-14T11:23:18.461+0000] {dag.py:3047} INFO - Sync 1 DAGs
[2024-03-14T11:23:18.470+0000] {logging_mixin.py:188} INFO - [2024-03-14T11:23:18.470+0000] {dag.py:3834} INFO - Setting next_dagrun for tutorial to 2024-03-13 00:00:00+00:00, run_after=2024-03-14 00:00:00+00:00
[2024-03-14T11:23:18.476+0000] {processor.py:183} INFO - Processing /home/airflow/.local/lib/python3.8/site-packages/airflow/example_dags/tutorial.py took 0.030 seconds
[2024-03-14T11:23:48.897+0000] {processor.py:161} INFO - Started process (PID=3090) to work on /home/airflow/.local/lib/python3.8/site-packages/airflow/example_dags/tutorial.py
[2024-03-14T11:23:48.897+0000] {processor.py:830} INFO - Processing file /home/airflow/.local/lib/python3.8/site-packages/airflow/example_dags/tutorial.py for tasks to queue
[2024-03-14T11:23:48.898+0000] {logging_mixin.py:188} INFO - [2024-03-14T11:23:48.898+0000] {dagbag.py:540} INFO - Filling up the DagBag from /home/airflow/.local/lib/python3.8/site-packages/airflow/example_dags/tutorial.py
[2024-03-14T11:23:48.901+0000] {processor.py:840} INFO - DAG(s) 'tutorial' retrieved from /home/airflow/.local/lib/python3.8/site-packages/airflow/example_dags/tutorial.py
[2024-03-14T11:23:48.909+0000] {logging_mixin.py:188} INFO - [2024-03-14T11:23:48.909+0000] {dag.py:3047} INFO - Sync 1 DAGs
[2024-03-14T11:23:48.918+0000] {logging_mixin.py:188} INFO - [2024-03-14T11:23:48.918+0000] {dag.py:3834} INFO - Setting next_dagrun for tutorial to 2024-03-13 00:00:00+00:00, run_after=2024-03-14 00:00:00+00:00
[2024-03-14T11:23:48.925+0000] {processor.py:183} INFO - Processing /home/airflow/.local/lib/python3.8/site-packages/airflow/example_dags/tutorial.py took 0.030 seconds
[2024-03-14T11:24:19.263+0000] {processor.py:161} INFO - Started process (PID=3145) to work on /home/airflow/.local/lib/python3.8/site-packages/airflow/example_dags/tutorial.py
[2024-03-14T11:24:19.263+0000] {processor.py:830} INFO - Processing file /home/airflow/.local/lib/python3.8/site-packages/airflow/example_dags/tutorial.py for tasks to queue
[2024-03-14T11:24:19.264+0000] {logging_mixin.py:188} INFO - [2024-03-14T11:24:19.264+0000] {dagbag.py:540} INFO - Filling up the DagBag from /home/airflow/.local/lib/python3.8/site-packages/airflow/example_dags/tutorial.py
[2024-03-14T11:24:19.267+0000] {processor.py:840} INFO - DAG(s) 'tutorial' retrieved from /home/airflow/.local/lib/python3.8/site-packages/airflow/example_dags/tutorial.py
[2024-03-14T11:24:19.275+0000] {logging_mixin.py:188} INFO - [2024-03-14T11:24:19.275+0000] {dag.py:3047} INFO - Sync 1 DAGs
[2024-03-14T11:24:19.284+0000] {logging_mixin.py:188} INFO - [2024-03-14T11:24:19.284+0000] {dag.py:3834} INFO - Setting next_dagrun for tutorial to 2024-03-13 00:00:00+00:00, run_after=2024-03-14 00:00:00+00:00
[2024-03-14T11:24:19.291+0000] {processor.py:183} INFO - Processing /home/airflow/.local/lib/python3.8/site-packages/airflow/example_dags/tutorial.py took 0.030 seconds
[2024-03-14T11:24:49.593+0000] {processor.py:161} INFO - Started process (PID=3200) to work on /home/airflow/.local/lib/python3.8/site-packages/airflow/example_dags/tutorial.py
[2024-03-14T11:24:49.594+0000] {processor.py:830} INFO - Processing file /home/airflow/.local/lib/python3.8/site-packages/airflow/example_dags/tutorial.py for tasks to queue
[2024-03-14T11:24:49.594+0000] {logging_mixin.py:188} INFO - [2024-03-14T11:24:49.594+0000] {dagbag.py:540} INFO - Filling up the DagBag from /home/airflow/.local/lib/python3.8/site-packages/airflow/example_dags/tutorial.py
[2024-03-14T11:24:49.598+0000] {processor.py:840} INFO - DAG(s) 'tutorial' retrieved from /home/airflow/.local/lib/python3.8/site-packages/airflow/example_dags/tutorial.py
[2024-03-14T11:24:49.606+0000] {logging_mixin.py:188} INFO - [2024-03-14T11:24:49.606+0000] {dag.py:3047} INFO - Sync 1 DAGs
[2024-03-14T11:24:49.615+0000] {logging_mixin.py:188} INFO - [2024-03-14T11:24:49.615+0000] {dag.py:3834} INFO - Setting next_dagrun for tutorial to 2024-03-13 00:00:00+00:00, run_after=2024-03-14 00:00:00+00:00
[2024-03-14T11:24:49.621+0000] {processor.py:183} INFO - Processing /home/airflow/.local/lib/python3.8/site-packages/airflow/example_dags/tutorial.py took 0.030 seconds
[2024-03-14T11:25:20.066+0000] {processor.py:161} INFO - Started process (PID=3255) to work on /home/airflow/.local/lib/python3.8/site-packages/airflow/example_dags/tutorial.py
[2024-03-14T11:25:20.067+0000] {processor.py:830} INFO - Processing file /home/airflow/.local/lib/python3.8/site-packages/airflow/example_dags/tutorial.py for tasks to queue
[2024-03-14T11:25:20.068+0000] {logging_mixin.py:188} INFO - [2024-03-14T11:25:20.068+0000] {dagbag.py:540} INFO - Filling up the DagBag from /home/airflow/.local/lib/python3.8/site-packages/airflow/example_dags/tutorial.py
[2024-03-14T11:25:20.071+0000] {processor.py:840} INFO - DAG(s) 'tutorial' retrieved from /home/airflow/.local/lib/python3.8/site-packages/airflow/example_dags/tutorial.py
[2024-03-14T11:25:20.085+0000] {logging_mixin.py:188} INFO - [2024-03-14T11:25:20.085+0000] {dag.py:3047} INFO - Sync 1 DAGs
[2024-03-14T11:25:20.098+0000] {logging_mixin.py:188} INFO - [2024-03-14T11:25:20.098+0000] {dag.py:3834} INFO - Setting next_dagrun for tutorial to 2024-03-13 00:00:00+00:00, run_after=2024-03-14 00:00:00+00:00
[2024-03-14T11:25:20.111+0000] {processor.py:183} INFO - Processing /home/airflow/.local/lib/python3.8/site-packages/airflow/example_dags/tutorial.py took 0.046 seconds
[2024-03-14T11:25:50.579+0000] {processor.py:161} INFO - Started process (PID=3316) to work on /home/airflow/.local/lib/python3.8/site-packages/airflow/example_dags/tutorial.py
[2024-03-14T11:25:50.580+0000] {processor.py:830} INFO - Processing file /home/airflow/.local/lib/python3.8/site-packages/airflow/example_dags/tutorial.py for tasks to queue
[2024-03-14T11:25:50.580+0000] {logging_mixin.py:188} INFO - [2024-03-14T11:25:50.580+0000] {dagbag.py:540} INFO - Filling up the DagBag from /home/airflow/.local/lib/python3.8/site-packages/airflow/example_dags/tutorial.py
[2024-03-14T11:25:50.583+0000] {processor.py:840} INFO - DAG(s) 'tutorial' retrieved from /home/airflow/.local/lib/python3.8/site-packages/airflow/example_dags/tutorial.py
[2024-03-14T11:25:50.592+0000] {logging_mixin.py:188} INFO - [2024-03-14T11:25:50.592+0000] {dag.py:3047} INFO - Sync 1 DAGs
[2024-03-14T11:25:50.601+0000] {logging_mixin.py:188} INFO - [2024-03-14T11:25:50.601+0000] {dag.py:3834} INFO - Setting next_dagrun for tutorial to 2024-03-13 00:00:00+00:00, run_after=2024-03-14 00:00:00+00:00
[2024-03-14T11:25:50.610+0000] {processor.py:183} INFO - Processing /home/airflow/.local/lib/python3.8/site-packages/airflow/example_dags/tutorial.py took 0.033 seconds
[2024-03-14T11:26:21.015+0000] {processor.py:161} INFO - Started process (PID=3371) to work on /home/airflow/.local/lib/python3.8/site-packages/airflow/example_dags/tutorial.py
[2024-03-14T11:26:21.015+0000] {processor.py:830} INFO - Processing file /home/airflow/.local/lib/python3.8/site-packages/airflow/example_dags/tutorial.py for tasks to queue
[2024-03-14T11:26:21.016+0000] {logging_mixin.py:188} INFO - [2024-03-14T11:26:21.016+0000] {dagbag.py:540} INFO - Filling up the DagBag from /home/airflow/.local/lib/python3.8/site-packages/airflow/example_dags/tutorial.py
[2024-03-14T11:26:21.019+0000] {processor.py:840} INFO - DAG(s) 'tutorial' retrieved from /home/airflow/.local/lib/python3.8/site-packages/airflow/example_dags/tutorial.py
[2024-03-14T11:26:21.026+0000] {logging_mixin.py:188} INFO - [2024-03-14T11:26:21.026+0000] {dag.py:3047} INFO - Sync 1 DAGs
[2024-03-14T11:26:21.037+0000] {logging_mixin.py:188} INFO - [2024-03-14T11:26:21.037+0000] {dag.py:3834} INFO - Setting next_dagrun for tutorial to 2024-03-13 00:00:00+00:00, run_after=2024-03-14 00:00:00+00:00
[2024-03-14T11:26:21.045+0000] {processor.py:183} INFO - Processing /home/airflow/.local/lib/python3.8/site-packages/airflow/example_dags/tutorial.py took 0.032 seconds
[2024-03-14T11:26:51.482+0000] {processor.py:161} INFO - Started process (PID=3426) to work on /home/airflow/.local/lib/python3.8/site-packages/airflow/example_dags/tutorial.py
[2024-03-14T11:26:51.482+0000] {processor.py:830} INFO - Processing file /home/airflow/.local/lib/python3.8/site-packages/airflow/example_dags/tutorial.py for tasks to queue
[2024-03-14T11:26:51.483+0000] {logging_mixin.py:188} INFO - [2024-03-14T11:26:51.483+0000] {dagbag.py:540} INFO - Filling up the DagBag from /home/airflow/.local/lib/python3.8/site-packages/airflow/example_dags/tutorial.py
[2024-03-14T11:26:51.486+0000] {processor.py:840} INFO - DAG(s) 'tutorial' retrieved from /home/airflow/.local/lib/python3.8/site-packages/airflow/example_dags/tutorial.py
[2024-03-14T11:26:51.495+0000] {logging_mixin.py:188} INFO - [2024-03-14T11:26:51.494+0000] {dag.py:3047} INFO - Sync 1 DAGs
[2024-03-14T11:26:51.504+0000] {logging_mixin.py:188} INFO - [2024-03-14T11:26:51.504+0000] {dag.py:3834} INFO - Setting next_dagrun for tutorial to 2024-03-13 00:00:00+00:00, run_after=2024-03-14 00:00:00+00:00
[2024-03-14T11:26:51.511+0000] {processor.py:183} INFO - Processing /home/airflow/.local/lib/python3.8/site-packages/airflow/example_dags/tutorial.py took 0.031 seconds
[2024-03-14T11:27:22.010+0000] {processor.py:161} INFO - Started process (PID=3480) to work on /home/airflow/.local/lib/python3.8/site-packages/airflow/example_dags/tutorial.py
[2024-03-14T11:27:22.010+0000] {processor.py:830} INFO - Processing file /home/airflow/.local/lib/python3.8/site-packages/airflow/example_dags/tutorial.py for tasks to queue
[2024-03-14T11:27:22.011+0000] {logging_mixin.py:188} INFO - [2024-03-14T11:27:22.011+0000] {dagbag.py:540} INFO - Filling up the DagBag from /home/airflow/.local/lib/python3.8/site-packages/airflow/example_dags/tutorial.py
[2024-03-14T11:27:22.014+0000] {processor.py:840} INFO - DAG(s) 'tutorial' retrieved from /home/airflow/.local/lib/python3.8/site-packages/airflow/example_dags/tutorial.py
[2024-03-14T11:27:22.022+0000] {logging_mixin.py:188} INFO - [2024-03-14T11:27:22.022+0000] {dag.py:3047} INFO - Sync 1 DAGs
[2024-03-14T11:27:22.032+0000] {logging_mixin.py:188} INFO - [2024-03-14T11:27:22.032+0000] {dag.py:3834} INFO - Setting next_dagrun for tutorial to 2024-03-13 00:00:00+00:00, run_after=2024-03-14 00:00:00+00:00
[2024-03-14T11:27:22.039+0000] {processor.py:183} INFO - Processing /home/airflow/.local/lib/python3.8/site-packages/airflow/example_dags/tutorial.py took 0.031 seconds
[2024-03-14T11:27:52.696+0000] {processor.py:161} INFO - Started process (PID=3535) to work on /home/airflow/.local/lib/python3.8/site-packages/airflow/example_dags/tutorial.py
[2024-03-14T11:27:52.697+0000] {processor.py:830} INFO - Processing file /home/airflow/.local/lib/python3.8/site-packages/airflow/example_dags/tutorial.py for tasks to queue
[2024-03-14T11:27:52.698+0000] {logging_mixin.py:188} INFO - [2024-03-14T11:27:52.698+0000] {dagbag.py:540} INFO - Filling up the DagBag from /home/airflow/.local/lib/python3.8/site-packages/airflow/example_dags/tutorial.py
[2024-03-14T11:27:52.702+0000] {processor.py:840} INFO - DAG(s) 'tutorial' retrieved from /home/airflow/.local/lib/python3.8/site-packages/airflow/example_dags/tutorial.py
[2024-03-14T11:27:52.714+0000] {logging_mixin.py:188} INFO - [2024-03-14T11:27:52.714+0000] {dag.py:3047} INFO - Sync 1 DAGs
[2024-03-14T11:27:52.724+0000] {logging_mixin.py:188} INFO - [2024-03-14T11:27:52.724+0000] {dag.py:3834} INFO - Setting next_dagrun for tutorial to 2024-03-13 00:00:00+00:00, run_after=2024-03-14 00:00:00+00:00
[2024-03-14T11:27:52.731+0000] {processor.py:183} INFO - Processing /home/airflow/.local/lib/python3.8/site-packages/airflow/example_dags/tutorial.py took 0.037 seconds
[2024-03-14T11:28:23.106+0000] {processor.py:161} INFO - Started process (PID=3590) to work on /home/airflow/.local/lib/python3.8/site-packages/airflow/example_dags/tutorial.py
[2024-03-14T11:28:23.107+0000] {processor.py:830} INFO - Processing file /home/airflow/.local/lib/python3.8/site-packages/airflow/example_dags/tutorial.py for tasks to queue
[2024-03-14T11:28:23.107+0000] {logging_mixin.py:188} INFO - [2024-03-14T11:28:23.107+0000] {dagbag.py:540} INFO - Filling up the DagBag from /home/airflow/.local/lib/python3.8/site-packages/airflow/example_dags/tutorial.py
[2024-03-14T11:28:23.110+0000] {processor.py:840} INFO - DAG(s) 'tutorial' retrieved from /home/airflow/.local/lib/python3.8/site-packages/airflow/example_dags/tutorial.py
[2024-03-14T11:28:23.119+0000] {logging_mixin.py:188} INFO - [2024-03-14T11:28:23.119+0000] {dag.py:3047} INFO - Sync 1 DAGs
[2024-03-14T11:28:23.128+0000] {logging_mixin.py:188} INFO - [2024-03-14T11:28:23.128+0000] {dag.py:3834} INFO - Setting next_dagrun for tutorial to 2024-03-13 00:00:00+00:00, run_after=2024-03-14 00:00:00+00:00
[2024-03-14T11:28:23.135+0000] {processor.py:183} INFO - Processing /home/airflow/.local/lib/python3.8/site-packages/airflow/example_dags/tutorial.py took 0.030 seconds
